#
# A fatal error has been detected by the Java Runtime Environment:
#
#  SIGFPE (0x8) at pc=0x00007f683c06bf80, pid=8758, tid=8759
#
# JRE version: Java(TM) SE Runtime Environment (12.0.1+12) (build 12.0.1+12)
# Java VM: Java HotSpot(TM) 64-Bit Server VM (12.0.1+12, mixed mode, sharing, tiered, compressed oops, g1 gc, linux-amd64)
# Problematic frame:
# C  [libOpenGLProject.so+0x42f80]  Java_jni_Camera_createCamera+0x47
#
# Core dump will be written. Default location: Core dumps may be processed with "/usr/lib/systemd/systemd-coredump %P %u %g %s %t %c %h %e" (or dumping to /home/joseph/Documents/Programming/Graphics/OpenGLProject/core.8758)
#
# If you would like to submit a bug report, please visit:
#   http://bugreport.java.com/bugreport/crash.jsp
# The crash happened outside the Java Virtual Machine in native code.
# See problematic frame for where to report the bug.
#

---------------  S U M M A R Y ------------

Command Line: -javaagent:/opt/intellij-idea-ultimate-edition/lib/idea_rt.jar=39113:/opt/intellij-idea-ultimate-edition/bin -Dfile.encoding=UTF-8 Main

Host: Intel(R) Core(TM) i3-4130 CPU @ 3.40GHz, 4 cores, 7G, Manjaro Linux
Time: Sun Jun 30 18:21:41 2019 BST elapsed time: 0 seconds (0d 0h 0m 0s)

---------------  T H R E A D  ---------------

Current thread (0x00007f6858013000):  JavaThread "main" [_thread_in_native, id=8759, stack(0x00007f685ddc3000,0x00007f685dec4000)]

Stack: [0x00007f685ddc3000,0x00007f685dec4000],  sp=0x00007f685dec1b00,  free space=1018k
Native frames: (J=compiled Java code, A=aot compiled Java code, j=interpreted, Vv=VM code, C=native code)
C  [libOpenGLProject.so+0x42f80]  Java_jni_Camera_createCamera+0x47
j  jni.Camera.createCamera()I+0
j  jni.Camera.<init>()V+6
j  src.Data$.<init>()V+17
j  src.Data$.<clinit>()V+3
v  ~StubRoutines::call_stub
V  [libjvm.so+0x86fc39]  JavaCalls::call_helper(JavaValue*, methodHandle const&, JavaCallArguments*, Thread*)+0x3c9
V  [libjvm.so+0x84116e]  InstanceKlass::call_class_initializer(Thread*)+0x22e
V  [libjvm.so+0x8417b5]  InstanceKlass::initialize_impl(Thread*)+0x4f5
V  [libjvm.so+0xa5f712]  LinkResolver::resolve_field(fieldDescriptor&, LinkInfo const&, Bytecodes::Code, bool, Thread*)+0x182
V  [libjvm.so+0xa602bc]  LinkResolver::resolve_field_access(fieldDescriptor&, constantPoolHandle const&, int, methodHandle const&, Bytecodes::Code, Thread*)+0xdc
V  [libjvm.so+0x864be9]  InterpreterRuntime::resolve_get_put(JavaThread*, Bytecodes::Code)+0x1b9
V  [libjvm.so+0x86715d]  InterpreterRuntime::resolve_from_cache(JavaThread*, Bytecodes::Code)+0x13d
j  Main$.delayedEndpoint$Main$1()V+45
j  Main$delayedInit$body.apply()Ljava/lang/Object;+4
j  scala.Function0.apply$mcV$sp()V+1
j  scala.Function0.apply$mcV$sp$(Lscala/Function0;)V+1
j  scala.runtime.AbstractFunction0.apply$mcV$sp()V+1
j  scala.App.$anonfun$main$1$adapted(Lscala/Function0;)Ljava/lang/Object;+1
j  scala.App$$Lambda$19.apply(Ljava/lang/Object;)Ljava/lang/Object;+4
j  scala.collection.immutable.List.foreach(Lscala/Function1;)V+14
j  scala.App.main([Ljava/lang/String;)V+33
j  scala.App.main$(Lscala/App;[Ljava/lang/String;)V+2
j  Main$.main([Ljava/lang/String;)V+2
j  Main.main([Ljava/lang/String;)V+4
v  ~StubRoutines::call_stub
V  [libjvm.so+0x86fc39]  JavaCalls::call_helper(JavaValue*, methodHandle const&, JavaCallArguments*, Thread*)+0x3c9
V  [libjvm.so+0x8f5b22]  jni_invoke_static(JNIEnv_*, JavaValue*, _jobject*, JNICallType, _jmethodID*, JNI_ArgumentPusher*, Thread*) [clone .isra.70] [clone .constprop.215]+0x302
V  [libjvm.so+0x8f84cd]  jni_CallStaticVoidMethod+0x15d
C  [libjli.so+0x581d]  JavaMain+0xe4d

Java frames: (J=compiled Java code, j=interpreted, Vv=VM code)
j  jni.Camera.createCamera()I+0
j  jni.Camera.<init>()V+6
j  src.Data$.<init>()V+17
j  src.Data$.<clinit>()V+3
v  ~StubRoutines::call_stub
j  Main$.delayedEndpoint$Main$1()V+45
j  Main$delayedInit$body.apply()Ljava/lang/Object;+4
j  scala.Function0.apply$mcV$sp()V+1
j  scala.Function0.apply$mcV$sp$(Lscala/Function0;)V+1
j  scala.runtime.AbstractFunction0.apply$mcV$sp()V+1
j  scala.App.$anonfun$main$1$adapted(Lscala/Function0;)Ljava/lang/Object;+1
j  scala.App$$Lambda$19.apply(Ljava/lang/Object;)Ljava/lang/Object;+4
j  scala.collection.immutable.List.foreach(Lscala/Function1;)V+14
j  scala.App.main([Ljava/lang/String;)V+33
j  scala.App.main$(Lscala/App;[Ljava/lang/String;)V+2
j  Main$.main([Ljava/lang/String;)V+2
j  Main.main([Ljava/lang/String;)V+4
v  ~StubRoutines::call_stub

siginfo: si_signo: 8 (SIGFPE), si_code: 1 (FPE_INTDIV), si_addr: 0x00007f683c06bf80

Register to memory mapping:

RAX=0x0 is NULL
RBX=0x00007f6858260030 points into unknown readable memory: 00 00 00 00 00 00 00 00
RCX=0x0 is NULL
RDX=0x0 is NULL
RSP=0x00007f685dec1b00 is pointing into the stack for thread: 0x00007f6858013000
RBP=0x00007f685dec1b30 is pointing into the stack for thread: 0x00007f6858013000
RSI=0x0 is NULL
RDI=0x0000000000000038 is an unknown value
R8 ={method} {0x00007f682debc2c0} 'createCamera' '()I' in 'jni/Camera'
R9 =0x0000000000000007 is an unknown value
R10=0xfffffffffffff88c is an unknown value
R11=0x00007f682c19e5e0: _Znwm+0x0000000000000000 in /usr/lib/libstdc++.so.6 at 0x00007f682c10e000
R12=0x0 is NULL
R13={method} {0x00007f682debc2c0} 'createCamera' '()I' in 'jni/Camera'
R14=0x00007f685dec1bb8 is pointing into the stack for thread: 0x00007f6858013000
R15=0x00007f6858013000 is a thread


Registers:
RAX=0x0000000000000000, RBX=0x00007f6858260030, RCX=0x0000000000000000, RDX=0x0000000000000000
RSP=0x00007f685dec1b00, RBP=0x00007f685dec1b30, RSI=0x0000000000000000, RDI=0x0000000000000038
R8 =0x00007f682debc2c0, R9 =0x0000000000000007, R10=0xfffffffffffff88c, R11=0x00007f682c19e5e0
R12=0x0000000000000000, R13=0x00007f682debc2c0, R14=0x00007f685dec1bb8, R15=0x00007f6858013000
RIP=0x00007f683c06bf80, EFLAGS=0x0000000000010206, CSGSFS=0x002b000000000033, ERR=0x0000000000000000
  TRAPNO=0x0000000000000000

Top of Stack: (sp=0x00007f685dec1b00)
0x00007f685dec1b00:   00007f685dec1bb8 00007f6858013330
0x00007f685dec1b10:   0000000000000000 0a94f6568e138c00
0x00007f685dec1b20:   00007f682debc2c0 0000000000000000
0x00007f685dec1b30:   00007f685dec1b98 00007f6840b87970 

Instructions: (pc=0x00007f683c06bf80)
0x00007f683c06bf60:   e8 4b 27 fe ff 48 89 c3 48 8b 05 11 9c 03 00 8b
0x00007f683c06bf70:   00 48 8b 15 08 9c 03 00 8b 4a 04 ba 00 00 00 00
0x00007f683c06bf80:   f7 f1 89 c0 48 85 c0 78 07 f3 48 0f 2a c0 eb 15
0x00007f683c06bf90:   48 89 c2 48 d1 ea 83 e0 01 48 09 c2 f3 48 0f 2a 

Stack slot to memory mapping:
stack at sp + 0 slots: 0x00007f685dec1bb8 is pointing into the stack for thread: 0x00007f6858013000
stack at sp + 1 slots: 0x00007f6858013330 points into unknown readable memory: 00 52 47 5f 68 7f 00 00
stack at sp + 2 slots: 0x0 is NULL
stack at sp + 3 slots: 0x0a94f6568e138c00 is an unknown value
stack at sp + 4 slots: {method} {0x00007f682debc2c0} 'createCamera' '()I' in 'jni/Camera'
stack at sp + 5 slots: 0x0 is NULL
stack at sp + 6 slots: 0x00007f685dec1b98 is pointing into the stack for thread: 0x00007f6858013000
stack at sp + 7 slots: 0x00007f6840b87970 is at code_begin+944 in an Interpreter codelet
method entry point (kind = native)  [0x00007f6840b875c0, 0x00007f6840b88000]  2624 bytes


---------------  P R O C E S S  ---------------

Threads class SMR info:
_java_thread_list=0x00007f68582217d0, length=10, elements={
0x00007f6858013000, 0x00007f685815d000, 0x00007f685815f000, 0x00007f6858164000,
0x00007f6858166000, 0x00007f6858168800, 0x00007f685816a800, 0x00007f6858178800,
0x00007f6858220000, 0x00007f6858221000
}

Java Threads: ( => current thread )
=>0x00007f6858013000 JavaThread "main" [_thread_in_native, id=8759, stack(0x00007f685ddc3000,0x00007f685dec4000)]
  0x00007f685815d000 JavaThread "Reference Handler" daemon [_thread_blocked, id=8766, stack(0x00007f683c2ad000,0x00007f683c3ae000)]
  0x00007f685815f000 JavaThread "Finalizer" daemon [_thread_blocked, id=8767, stack(0x00007f683c1ac000,0x00007f683c2ad000)]
  0x00007f6858164000 JavaThread "Signal Dispatcher" daemon [_thread_blocked, id=8768, stack(0x00007f683c0ab000,0x00007f683c1ac000)]
  0x00007f6858166000 JavaThread "C2 CompilerThread0" daemon [_thread_blocked, id=8769, stack(0x00007f682d419000,0x00007f682d51a000)]
  0x00007f6858168800 JavaThread "C1 CompilerThread0" daemon [_thread_blocked, id=8770, stack(0x00007f682d318000,0x00007f682d419000)]
  0x00007f685816a800 JavaThread "Sweeper thread" daemon [_thread_blocked, id=8771, stack(0x00007f682d217000,0x00007f682d318000)]
  0x00007f6858178800 JavaThread "Common-Cleaner" daemon [_thread_blocked, id=8772, stack(0x00007f682d116000,0x00007f682d217000)]
  0x00007f6858220000 JavaThread "Monitor Ctrl-Break" daemon [_thread_in_native, id=8782, stack(0x00007f682cbeb000,0x00007f682ccec000)]
  0x00007f6858221000 JavaThread "Service Thread" daemon [_thread_blocked, id=8784, stack(0x00007f682caea000,0x00007f682cbeb000)]

Other Threads:
  0x00007f685815a000 VMThread "VM Thread" [stack: 0x00007f683c3b0000,0x00007f683c4b0000] [id=8765]
  0x00007f6858223000 WatcherThread [stack: 0x00007f682c7e7000,0x00007f682c8e7000] [id=8790]
  0x00007f6858062000 GCTaskThread "GC Thread#0" [stack: 0x00007f685c09a000,0x00007f685c19a000] [id=8760]
  0x00007f685806f800 ConcurrentGCThread "G1 Main Marker" [stack: 0x00007f683cc98000,0x00007f683cd98000] [id=8761]
  0x00007f6858071800 ConcurrentGCThread "G1 Conc#0" [stack: 0x00007f683cb96000,0x00007f683cc96000] [id=8762]
  0x00007f68580e9000 ConcurrentGCThread "G1 Refine#0" [stack: 0x00007f683c690000,0x00007f683c790000] [id=8763]
  0x00007f68580eb000 ConcurrentGCThread "G1 Young RemSet Sampling" [stack: 0x00007f683c58e000,0x00007f683c68e000] [id=8764]

Threads with active compile tasks:

VM state:not at safepoint (normal execution)

VM Mutex/Monitor currently owned by a thread: None

Heap address: 0x0000000084400000, size: 1980 MB, Compressed Oops mode: 32-bit
Narrow klass base: 0x0000000800000000, Narrow klass shift: 3
Compressed class space size: 1073741824 Address: 0x0000000801129000

Heap:
 garbage-first heap   total 129024K, used 9956K [0x0000000084400000, 0x0000000100000000)
  region size 1024K, 11 young (11264K), 0 survivors (0K)
 Metaspace       used 4478K, capacity 7886K, committed 7936K, reserved 1056768K
  class space    used 631K, capacity 974K, committed 1024K, reserved 1048576K
Heap Regions: E=young(eden), S=young(survivor), O=old, HS=humongous(starts), HC=humongous(continues), CS=collection set, F=free, A=archive, TAMS=top-at-mark-start (previous, next)
|   0|0x0000000084400000, 0x0000000084400000, 0x0000000084500000|  0%| F|  |TAMS 0x0000000084400000, 0x0000000084400000| Untracked 
|   1|0x0000000084500000, 0x0000000084500000, 0x0000000084600000|  0%| F|  |TAMS 0x0000000084500000, 0x0000000084500000| Untracked 
|   2|0x0000000084600000, 0x0000000084600000, 0x0000000084700000|  0%| F|  |TAMS 0x0000000084600000, 0x0000000084600000| Untracked 
|   3|0x0000000084700000, 0x0000000084700000, 0x0000000084800000|  0%| F|  |TAMS 0x0000000084700000, 0x0000000084700000| Untracked 
|   4|0x0000000084800000, 0x0000000084800000, 0x0000000084900000|  0%| F|  |TAMS 0x0000000084800000, 0x0000000084800000| Untracked 
|   5|0x0000000084900000, 0x0000000084900000, 0x0000000084a00000|  0%| F|  |TAMS 0x0000000084900000, 0x0000000084900000| Untracked 
|   6|0x0000000084a00000, 0x0000000084a00000, 0x0000000084b00000|  0%| F|  |TAMS 0x0000000084a00000, 0x0000000084a00000| Untracked 
|   7|0x0000000084b00000, 0x0000000084b00000, 0x0000000084c00000|  0%| F|  |TAMS 0x0000000084b00000, 0x0000000084b00000| Untracked 
|   8|0x0000000084c00000, 0x0000000084c00000, 0x0000000084d00000|  0%| F|  |TAMS 0x0000000084c00000, 0x0000000084c00000| Untracked 
|   9|0x0000000084d00000, 0x0000000084d00000, 0x0000000084e00000|  0%| F|  |TAMS 0x0000000084d00000, 0x0000000084d00000| Untracked 
|  10|0x0000000084e00000, 0x0000000084e00000, 0x0000000084f00000|  0%| F|  |TAMS 0x0000000084e00000, 0x0000000084e00000| Untracked 
|  11|0x0000000084f00000, 0x0000000084f00000, 0x0000000085000000|  0%| F|  |TAMS 0x0000000084f00000, 0x0000000084f00000| Untracked 
|  12|0x0000000085000000, 0x0000000085000000, 0x0000000085100000|  0%| F|  |TAMS 0x0000000085000000, 0x0000000085000000| Untracked 
|  13|0x0000000085100000, 0x0000000085100000, 0x0000000085200000|  0%| F|  |TAMS 0x0000000085100000, 0x0000000085100000| Untracked 
|  14|0x0000000085200000, 0x0000000085200000, 0x0000000085300000|  0%| F|  |TAMS 0x0000000085200000, 0x0000000085200000| Untracked 
|  15|0x0000000085300000, 0x0000000085300000, 0x0000000085400000|  0%| F|  |TAMS 0x0000000085300000, 0x0000000085300000| Untracked 
|  16|0x0000000085400000, 0x0000000085400000, 0x0000000085500000|  0%| F|  |TAMS 0x0000000085400000, 0x0000000085400000| Untracked 
|  17|0x0000000085500000, 0x0000000085500000, 0x0000000085600000|  0%| F|  |TAMS 0x0000000085500000, 0x0000000085500000| Untracked 
|  18|0x0000000085600000, 0x0000000085600000, 0x0000000085700000|  0%| F|  |TAMS 0x0000000085600000, 0x0000000085600000| Untracked 
|  19|0x0000000085700000, 0x0000000085700000, 0x0000000085800000|  0%| F|  |TAMS 0x0000000085700000, 0x0000000085700000| Untracked 
|  20|0x0000000085800000, 0x0000000085800000, 0x0000000085900000|  0%| F|  |TAMS 0x0000000085800000, 0x0000000085800000| Untracked 
|  21|0x0000000085900000, 0x0000000085900000, 0x0000000085a00000|  0%| F|  |TAMS 0x0000000085900000, 0x0000000085900000| Untracked 
|  22|0x0000000085a00000, 0x0000000085a00000, 0x0000000085b00000|  0%| F|  |TAMS 0x0000000085a00000, 0x0000000085a00000| Untracked 
|  23|0x0000000085b00000, 0x0000000085b00000, 0x0000000085c00000|  0%| F|  |TAMS 0x0000000085b00000, 0x0000000085b00000| Untracked 
|  24|0x0000000085c00000, 0x0000000085c00000, 0x0000000085d00000|  0%| F|  |TAMS 0x0000000085c00000, 0x0000000085c00000| Untracked 
|  25|0x0000000085d00000, 0x0000000085d00000, 0x0000000085e00000|  0%| F|  |TAMS 0x0000000085d00000, 0x0000000085d00000| Untracked 
|  26|0x0000000085e00000, 0x0000000085e00000, 0x0000000085f00000|  0%| F|  |TAMS 0x0000000085e00000, 0x0000000085e00000| Untracked 
|  27|0x0000000085f00000, 0x0000000085f00000, 0x0000000086000000|  0%| F|  |TAMS 0x0000000085f00000, 0x0000000085f00000| Untracked 
|  28|0x0000000086000000, 0x0000000086000000, 0x0000000086100000|  0%| F|  |TAMS 0x0000000086000000, 0x0000000086000000| Untracked 
|  29|0x0000000086100000, 0x0000000086100000, 0x0000000086200000|  0%| F|  |TAMS 0x0000000086100000, 0x0000000086100000| Untracked 
|  30|0x0000000086200000, 0x0000000086200000, 0x0000000086300000|  0%| F|  |TAMS 0x0000000086200000, 0x0000000086200000| Untracked 
|  31|0x0000000086300000, 0x0000000086300000, 0x0000000086400000|  0%| F|  |TAMS 0x0000000086300000, 0x0000000086300000| Untracked 
|  32|0x0000000086400000, 0x0000000086400000, 0x0000000086500000|  0%| F|  |TAMS 0x0000000086400000, 0x0000000086400000| Untracked 
|  33|0x0000000086500000, 0x0000000086500000, 0x0000000086600000|  0%| F|  |TAMS 0x0000000086500000, 0x0000000086500000| Untracked 
|  34|0x0000000086600000, 0x0000000086600000, 0x0000000086700000|  0%| F|  |TAMS 0x0000000086600000, 0x0000000086600000| Untracked 
|  35|0x0000000086700000, 0x0000000086700000, 0x0000000086800000|  0%| F|  |TAMS 0x0000000086700000, 0x0000000086700000| Untracked 
|  36|0x0000000086800000, 0x0000000086800000, 0x0000000086900000|  0%| F|  |TAMS 0x0000000086800000, 0x0000000086800000| Untracked 
|  37|0x0000000086900000, 0x0000000086900000, 0x0000000086a00000|  0%| F|  |TAMS 0x0000000086900000, 0x0000000086900000| Untracked 
|  38|0x0000000086a00000, 0x0000000086a00000, 0x0000000086b00000|  0%| F|  |TAMS 0x0000000086a00000, 0x0000000086a00000| Untracked 
|  39|0x0000000086b00000, 0x0000000086b00000, 0x0000000086c00000|  0%| F|  |TAMS 0x0000000086b00000, 0x0000000086b00000| Untracked 
|  40|0x0000000086c00000, 0x0000000086c00000, 0x0000000086d00000|  0%| F|  |TAMS 0x0000000086c00000, 0x0000000086c00000| Untracked 
|  41|0x0000000086d00000, 0x0000000086d00000, 0x0000000086e00000|  0%| F|  |TAMS 0x0000000086d00000, 0x0000000086d00000| Untracked 
|  42|0x0000000086e00000, 0x0000000086e00000, 0x0000000086f00000|  0%| F|  |TAMS 0x0000000086e00000, 0x0000000086e00000| Untracked 
|  43|0x0000000086f00000, 0x0000000086f00000, 0x0000000087000000|  0%| F|  |TAMS 0x0000000086f00000, 0x0000000086f00000| Untracked 
|  44|0x0000000087000000, 0x0000000087000000, 0x0000000087100000|  0%| F|  |TAMS 0x0000000087000000, 0x0000000087000000| Untracked 
|  45|0x0000000087100000, 0x0000000087100000, 0x0000000087200000|  0%| F|  |TAMS 0x0000000087100000, 0x0000000087100000| Untracked 
|  46|0x0000000087200000, 0x0000000087200000, 0x0000000087300000|  0%| F|  |TAMS 0x0000000087200000, 0x0000000087200000| Untracked 
|  47|0x0000000087300000, 0x0000000087300000, 0x0000000087400000|  0%| F|  |TAMS 0x0000000087300000, 0x0000000087300000| Untracked 
|  48|0x0000000087400000, 0x0000000087400000, 0x0000000087500000|  0%| F|  |TAMS 0x0000000087400000, 0x0000000087400000| Untracked 
|  49|0x0000000087500000, 0x0000000087500000, 0x0000000087600000|  0%| F|  |TAMS 0x0000000087500000, 0x0000000087500000| Untracked 
|  50|0x0000000087600000, 0x0000000087600000, 0x0000000087700000|  0%| F|  |TAMS 0x0000000087600000, 0x0000000087600000| Untracked 
|  51|0x0000000087700000, 0x0000000087700000, 0x0000000087800000|  0%| F|  |TAMS 0x0000000087700000, 0x0000000087700000| Untracked 
|  52|0x0000000087800000, 0x0000000087800000, 0x0000000087900000|  0%| F|  |TAMS 0x0000000087800000, 0x0000000087800000| Untracked 
|  53|0x0000000087900000, 0x0000000087900000, 0x0000000087a00000|  0%| F|  |TAMS 0x0000000087900000, 0x0000000087900000| Untracked 
|  54|0x0000000087a00000, 0x0000000087a00000, 0x0000000087b00000|  0%| F|  |TAMS 0x0000000087a00000, 0x0000000087a00000| Untracked 
|  55|0x0000000087b00000, 0x0000000087b00000, 0x0000000087c00000|  0%| F|  |TAMS 0x0000000087b00000, 0x0000000087b00000| Untracked 
|  56|0x0000000087c00000, 0x0000000087c00000, 0x0000000087d00000|  0%| F|  |TAMS 0x0000000087c00000, 0x0000000087c00000| Untracked 
|  57|0x0000000087d00000, 0x0000000087d00000, 0x0000000087e00000|  0%| F|  |TAMS 0x0000000087d00000, 0x0000000087d00000| Untracked 
|  58|0x0000000087e00000, 0x0000000087e00000, 0x0000000087f00000|  0%| F|  |TAMS 0x0000000087e00000, 0x0000000087e00000| Untracked 
|  59|0x0000000087f00000, 0x0000000087f00000, 0x0000000088000000|  0%| F|  |TAMS 0x0000000087f00000, 0x0000000087f00000| Untracked 
|  60|0x0000000088000000, 0x0000000088000000, 0x0000000088100000|  0%| F|  |TAMS 0x0000000088000000, 0x0000000088000000| Untracked 
|  61|0x0000000088100000, 0x0000000088100000, 0x0000000088200000|  0%| F|  |TAMS 0x0000000088100000, 0x0000000088100000| Untracked 
|  62|0x0000000088200000, 0x0000000088200000, 0x0000000088300000|  0%| F|  |TAMS 0x0000000088200000, 0x0000000088200000| Untracked 
|  63|0x0000000088300000, 0x0000000088300000, 0x0000000088400000|  0%| F|  |TAMS 0x0000000088300000, 0x0000000088300000| Untracked 
|  64|0x0000000088400000, 0x0000000088400000, 0x0000000088500000|  0%| F|  |TAMS 0x0000000088400000, 0x0000000088400000| Untracked 
|  65|0x0000000088500000, 0x0000000088500000, 0x0000000088600000|  0%| F|  |TAMS 0x0000000088500000, 0x0000000088500000| Untracked 
|  66|0x0000000088600000, 0x0000000088600000, 0x0000000088700000|  0%| F|  |TAMS 0x0000000088600000, 0x0000000088600000| Untracked 
|  67|0x0000000088700000, 0x0000000088700000, 0x0000000088800000|  0%| F|  |TAMS 0x0000000088700000, 0x0000000088700000| Untracked 
|  68|0x0000000088800000, 0x0000000088800000, 0x0000000088900000|  0%| F|  |TAMS 0x0000000088800000, 0x0000000088800000| Untracked 
|  69|0x0000000088900000, 0x0000000088900000, 0x0000000088a00000|  0%| F|  |TAMS 0x0000000088900000, 0x0000000088900000| Untracked 
|  70|0x0000000088a00000, 0x0000000088a00000, 0x0000000088b00000|  0%| F|  |TAMS 0x0000000088a00000, 0x0000000088a00000| Untracked 
|  71|0x0000000088b00000, 0x0000000088b00000, 0x0000000088c00000|  0%| F|  |TAMS 0x0000000088b00000, 0x0000000088b00000| Untracked 
|  72|0x0000000088c00000, 0x0000000088c00000, 0x0000000088d00000|  0%| F|  |TAMS 0x0000000088c00000, 0x0000000088c00000| Untracked 
|  73|0x0000000088d00000, 0x0000000088d00000, 0x0000000088e00000|  0%| F|  |TAMS 0x0000000088d00000, 0x0000000088d00000| Untracked 
|  74|0x0000000088e00000, 0x0000000088e00000, 0x0000000088f00000|  0%| F|  |TAMS 0x0000000088e00000, 0x0000000088e00000| Untracked 
|  75|0x0000000088f00000, 0x0000000088f00000, 0x0000000089000000|  0%| F|  |TAMS 0x0000000088f00000, 0x0000000088f00000| Untracked 
|  76|0x0000000089000000, 0x0000000089000000, 0x0000000089100000|  0%| F|  |TAMS 0x0000000089000000, 0x0000000089000000| Untracked 
|  77|0x0000000089100000, 0x0000000089100000, 0x0000000089200000|  0%| F|  |TAMS 0x0000000089100000, 0x0000000089100000| Untracked 
|  78|0x0000000089200000, 0x0000000089200000, 0x0000000089300000|  0%| F|  |TAMS 0x0000000089200000, 0x0000000089200000| Untracked 
|  79|0x0000000089300000, 0x0000000089300000, 0x0000000089400000|  0%| F|  |TAMS 0x0000000089300000, 0x0000000089300000| Untracked 
|  80|0x0000000089400000, 0x0000000089400000, 0x0000000089500000|  0%| F|  |TAMS 0x0000000089400000, 0x0000000089400000| Untracked 
|  81|0x0000000089500000, 0x0000000089500000, 0x0000000089600000|  0%| F|  |TAMS 0x0000000089500000, 0x0000000089500000| Untracked 
|  82|0x0000000089600000, 0x0000000089600000, 0x0000000089700000|  0%| F|  |TAMS 0x0000000089600000, 0x0000000089600000| Untracked 
|  83|0x0000000089700000, 0x0000000089700000, 0x0000000089800000|  0%| F|  |TAMS 0x0000000089700000, 0x0000000089700000| Untracked 
|  84|0x0000000089800000, 0x0000000089800000, 0x0000000089900000|  0%| F|  |TAMS 0x0000000089800000, 0x0000000089800000| Untracked 
|  85|0x0000000089900000, 0x0000000089900000, 0x0000000089a00000|  0%| F|  |TAMS 0x0000000089900000, 0x0000000089900000| Untracked 
|  86|0x0000000089a00000, 0x0000000089a00000, 0x0000000089b00000|  0%| F|  |TAMS 0x0000000089a00000, 0x0000000089a00000| Untracked 
|  87|0x0000000089b00000, 0x0000000089b00000, 0x0000000089c00000|  0%| F|  |TAMS 0x0000000089b00000, 0x0000000089b00000| Untracked 
|  88|0x0000000089c00000, 0x0000000089c00000, 0x0000000089d00000|  0%| F|  |TAMS 0x0000000089c00000, 0x0000000089c00000| Untracked 
|  89|0x0000000089d00000, 0x0000000089d00000, 0x0000000089e00000|  0%| F|  |TAMS 0x0000000089d00000, 0x0000000089d00000| Untracked 
|  90|0x0000000089e00000, 0x0000000089e00000, 0x0000000089f00000|  0%| F|  |TAMS 0x0000000089e00000, 0x0000000089e00000| Untracked 
|  91|0x0000000089f00000, 0x0000000089f00000, 0x000000008a000000|  0%| F|  |TAMS 0x0000000089f00000, 0x0000000089f00000| Untracked 
|  92|0x000000008a000000, 0x000000008a000000, 0x000000008a100000|  0%| F|  |TAMS 0x000000008a000000, 0x000000008a000000| Untracked 
|  93|0x000000008a100000, 0x000000008a100000, 0x000000008a200000|  0%| F|  |TAMS 0x000000008a100000, 0x000000008a100000| Untracked 
|  94|0x000000008a200000, 0x000000008a200000, 0x000000008a300000|  0%| F|  |TAMS 0x000000008a200000, 0x000000008a200000| Untracked 
|  95|0x000000008a300000, 0x000000008a300000, 0x000000008a400000|  0%| F|  |TAMS 0x000000008a300000, 0x000000008a300000| Untracked 
|  96|0x000000008a400000, 0x000000008a400000, 0x000000008a500000|  0%| F|  |TAMS 0x000000008a400000, 0x000000008a400000| Untracked 
|  97|0x000000008a500000, 0x000000008a500000, 0x000000008a600000|  0%| F|  |TAMS 0x000000008a500000, 0x000000008a500000| Untracked 
|  98|0x000000008a600000, 0x000000008a600000, 0x000000008a700000|  0%| F|  |TAMS 0x000000008a600000, 0x000000008a600000| Untracked 
|  99|0x000000008a700000, 0x000000008a700000, 0x000000008a800000|  0%| F|  |TAMS 0x000000008a700000, 0x000000008a700000| Untracked 
| 100|0x000000008a800000, 0x000000008a800000, 0x000000008a900000|  0%| F|  |TAMS 0x000000008a800000, 0x000000008a800000| Untracked 
| 101|0x000000008a900000, 0x000000008a900000, 0x000000008aa00000|  0%| F|  |TAMS 0x000000008a900000, 0x000000008a900000| Untracked 
| 102|0x000000008aa00000, 0x000000008aa00000, 0x000000008ab00000|  0%| F|  |TAMS 0x000000008aa00000, 0x000000008aa00000| Untracked 
| 103|0x000000008ab00000, 0x000000008ab00000, 0x000000008ac00000|  0%| F|  |TAMS 0x000000008ab00000, 0x000000008ab00000| Untracked 
| 104|0x000000008ac00000, 0x000000008ac00000, 0x000000008ad00000|  0%| F|  |TAMS 0x000000008ac00000, 0x000000008ac00000| Untracked 
| 105|0x000000008ad00000, 0x000000008ad00000, 0x000000008ae00000|  0%| F|  |TAMS 0x000000008ad00000, 0x000000008ad00000| Untracked 
| 106|0x000000008ae00000, 0x000000008ae00000, 0x000000008af00000|  0%| F|  |TAMS 0x000000008ae00000, 0x000000008ae00000| Untracked 
| 107|0x000000008af00000, 0x000000008af00000, 0x000000008b000000|  0%| F|  |TAMS 0x000000008af00000, 0x000000008af00000| Untracked 
| 108|0x000000008b000000, 0x000000008b000000, 0x000000008b100000|  0%| F|  |TAMS 0x000000008b000000, 0x000000008b000000| Untracked 
| 109|0x000000008b100000, 0x000000008b100000, 0x000000008b200000|  0%| F|  |TAMS 0x000000008b100000, 0x000000008b100000| Untracked 
| 110|0x000000008b200000, 0x000000008b200000, 0x000000008b300000|  0%| F|  |TAMS 0x000000008b200000, 0x000000008b200000| Untracked 
| 111|0x000000008b300000, 0x000000008b300000, 0x000000008b400000|  0%| F|  |TAMS 0x000000008b300000, 0x000000008b300000| Untracked 
| 112|0x000000008b400000, 0x000000008b400000, 0x000000008b500000|  0%| F|  |TAMS 0x000000008b400000, 0x000000008b400000| Untracked 
| 113|0x000000008b500000, 0x000000008b600000, 0x000000008b600000|100%| E|  |TAMS 0x000000008b500000, 0x000000008b500000| Complete 
| 114|0x000000008b600000, 0x000000008b700000, 0x000000008b700000|100%| E|CS|TAMS 0x000000008b600000, 0x000000008b600000| Complete 
| 115|0x000000008b700000, 0x000000008b800000, 0x000000008b800000|100%| E|CS|TAMS 0x000000008b700000, 0x000000008b700000| Complete 
| 116|0x000000008b800000, 0x000000008b900000, 0x000000008b900000|100%| E|  |TAMS 0x000000008b800000, 0x000000008b800000| Complete 
| 117|0x000000008b900000, 0x000000008ba00000, 0x000000008ba00000|100%| E|CS|TAMS 0x000000008b900000, 0x000000008b900000| Complete 
| 118|0x000000008ba00000, 0x000000008bb00000, 0x000000008bb00000|100%| E|CS|TAMS 0x000000008ba00000, 0x000000008ba00000| Complete 
| 119|0x000000008bb00000, 0x000000008bc00000, 0x000000008bc00000|100%| E|CS|TAMS 0x000000008bb00000, 0x000000008bb00000| Complete 
| 120|0x000000008bc00000, 0x000000008bd00000, 0x000000008bd00000|100%| E|CS|TAMS 0x000000008bc00000, 0x000000008bc00000| Complete 
| 121|0x000000008bd00000, 0x000000008be00000, 0x000000008be00000|100%| E|CS|TAMS 0x000000008bd00000, 0x000000008bd00000| Complete 
| 122|0x000000008be00000, 0x000000008bf00000, 0x000000008bf00000|100%| E|CS|TAMS 0x000000008be00000, 0x000000008be00000| Complete 
| 123|0x000000008bf00000, 0x000000008c000000, 0x000000008c000000|100%| E|CS|TAMS 0x000000008bf00000, 0x000000008bf00000| Complete 
|1978|0x00000000ffe00000, 0x00000000ffe47000, 0x00000000fff00000| 27%|OA|  |TAMS 0x00000000ffe00000, 0x00000000ffe00000| Untracked 
|1979|0x00000000fff00000, 0x00000000fff72000, 0x0000000100000000| 44%|CA|  |TAMS 0x00000000fff00000, 0x00000000fff00000| Untracked 

Card table byte_map: [0x00007f685c5ba000,0x00007f685c998000] _byte_map_base: 0x00007f685c198000

Marking Bits (Prev, Next): (CMBitMap*) 0x00007f6858063258, (CMBitMap*) 0x00007f6858063298
 Prev Bits: [0x00007f683ec88000, 0x00007f6840b78000)
 Next Bits: [0x00007f683cd98000, 0x00007f683ec88000)

Polling page: 0x00007f685fb8e000

Metaspace:

Usage:
  Non-class:      6.75 MB capacity,     3.76 MB ( 56%) used,     2.99 MB ( 44%) free+waste,     6.00 KB ( <1%) overhead. 
      Class:    974.00 KB capacity,   631.83 KB ( 65%) used,   338.86 KB ( 35%) free+waste,     3.31 KB ( <1%) overhead. 
       Both:      7.70 MB capacity,     4.37 MB ( 57%) used,     3.32 MB ( 43%) free+waste,     9.31 KB ( <1%) overhead. 

Virtual space:
  Non-class space:        8.00 MB reserved,       6.75 MB ( 84%) committed 
      Class space:        1.00 GB reserved,       1.00 MB ( <1%) committed 
             Both:        1.01 GB reserved,       7.75 MB ( <1%) committed 

Chunk freelists:
   Non-Class:  0 bytes
       Class:  1.75 KB
        Both:  1.75 KB

CodeHeap 'non-profiled nmethods': size=120032Kb used=127Kb max_used=127Kb free=119904Kb
 bounds [0x00007f6848640000, 0x00007f68488b0000, 0x00007f684fb78000]
CodeHeap 'profiled nmethods': size=120032Kb used=870Kb max_used=870Kb free=119161Kb
 bounds [0x00007f6841108000, 0x00007f6841378000, 0x00007f6848640000]
CodeHeap 'non-nmethods': size=5696Kb used=1072Kb max_used=1084Kb free=4623Kb
 bounds [0x00007f6840b78000, 0x00007f6840de8000, 0x00007f6841108000]
 total_blobs=943 nmethods=459 adapters=280
 compilation: enabled
              stopped_count=0, restarted_count=0
 full_count=0

Compilation events (10 events):
Event: 0.717 Thread 0x00007f6858168800  455   !   3       jdk.internal.loader.URLClassPath$JarLoader::checkResource (78 bytes)
Event: 0.718 Thread 0x00007f6858168800 nmethod 455 0x00007f68411dc690 code [0x00007f68411dc8e0, 0x00007f68411dd348]
Event: 0.718 Thread 0x00007f6858168800  456       3       java.lang.ClassLoader::compareCerts (201 bytes)
Event: 0.719 Thread 0x00007f6858168800 nmethod 456 0x00007f68411dd810 code [0x00007f68411dda40, 0x00007f68411de358]
Event: 0.719 Thread 0x00007f6858168800  457       3       java.lang.ClassLoader::definePackage (84 bytes)
Event: 0.720 Thread 0x00007f6858168800 nmethod 457 0x00007f68411de610 code [0x00007f68411de920, 0x00007f68411dfb38]
Event: 0.720 Thread 0x00007f6858168800  458       3       java.lang.Package::isSealed (26 bytes)
Event: 0.720 Thread 0x00007f6858168800 nmethod 458 0x00007f68411e0090 code [0x00007f68411e0260, 0x00007f68411e05f0]
Event: 0.720 Thread 0x00007f6858168800  459       3       jdk.internal.loader.BuiltinClassLoader::isSealed (70 bytes)
Event: 0.721 Thread 0x00007f6858168800 nmethod 459 0x00007f68411e0710 code [0x00007f68411e09a0, 0x00007f68411e14e8]

GC Heap History (0 events):
No events

Deoptimization events (0 events):
No events

Classes redefined (0 events):
No events

Internal exceptions (0 events):
No events

Events (10 events):
Event: 0.723 loading class sun/nio/cs/UTF_8$Decoder
Event: 0.723 loading class sun/nio/cs/UTF_8$Decoder done
Event: 0.723 loading class src/Data$
Event: 0.723 loading class src/Data$ done
Event: 0.723 loading class jni/Player
Event: 0.723 loading class jni/Player done
Event: 0.724 loading class src/Collidable
Event: 0.724 loading class src/Collidable done
Event: 0.725 loading class jni/Camera
Event: 0.725 loading class jni/Camera done


Dynamic libraries:
00400000-00401000 r-xp 00000000 fe:00 4356718                            /opt/java/jdk-12.0.1/bin/java
00600000-00601000 r--p 00000000 fe:00 4356718                            /opt/java/jdk-12.0.1/bin/java
00601000-00602000 rw-p 00001000 fe:00 4356718                            /opt/java/jdk-12.0.1/bin/java
02126000-02147000 rw-p 00000000 00:00 0                                  [heap]
84400000-8c000000 rw-p 00000000 00:00 0 
8c000000-ffe00000 ---p 00000000 00:00 0 
ffe00000-ffe47000 rw-p 0119c000 fe:00 4357071                            /opt/java/jdk-12.0.1/lib/server/classes.jsa
ffe47000-fff00000 rw-p 00000000 00:00 0 
fff00000-fff72000 rw-p 0112a000 fe:00 4357071                            /opt/java/jdk-12.0.1/lib/server/classes.jsa
fff72000-100000000 rw-p 00000000 00:00 0 
800000000-800003000 rwxp 00001000 fe:00 4357071                          /opt/java/jdk-12.0.1/lib/server/classes.jsa
800003000-8003d9000 rw-p 00004000 fe:00 4357071                          /opt/java/jdk-12.0.1/lib/server/classes.jsa
8003d9000-800ae3000 r--p 003da000 fe:00 4357071                          /opt/java/jdk-12.0.1/lib/server/classes.jsa
800ae3000-800ae4000 rw-p 00ae4000 fe:00 4357071                          /opt/java/jdk-12.0.1/lib/server/classes.jsa
800ae4000-801129000 r--p 00ae5000 fe:00 4357071                          /opt/java/jdk-12.0.1/lib/server/classes.jsa
801129000-801229000 rw-p 00000000 00:00 0 
801229000-841129000 ---p 00000000 00:00 0 
7f67f7a6e000-7f67f7dfa000 rw-p 00000000 00:00 0 
7f67f7dfa000-7f67f7dff000 r-xp 00000000 fe:00 4069026                    /usr/lib/libXfixes.so.3.1.0
7f67f7dff000-7f67f7ffe000 ---p 00005000 fe:00 4069026                    /usr/lib/libXfixes.so.3.1.0
7f67f7ffe000-7f67f7fff000 r--p 00004000 fe:00 4069026                    /usr/lib/libXfixes.so.3.1.0
7f67f7fff000-7f67f8000000 rw-p 00005000 fe:00 4069026                    /usr/lib/libXfixes.so.3.1.0
7f67f8000000-7f67f8021000 rw-p 00000000 00:00 0 
7f67f8021000-7f67fc000000 ---p 00000000 00:00 0 
7f67fc000000-7f67fc021000 rw-p 00000000 00:00 0 
7f67fc021000-7f6800000000 ---p 00000000 00:00 0 
7f6800000000-7f6800021000 rw-p 00000000 00:00 0 
7f6800021000-7f6804000000 ---p 00000000 00:00 0 
7f6804000000-7f6804021000 rw-p 00000000 00:00 0 
7f6804021000-7f6808000000 ---p 00000000 00:00 0 
7f6808000000-7f6808168000 rw-p 00000000 00:00 0 
7f6808168000-7f680c000000 ---p 00000000 00:00 0 
7f680c000000-7f680c021000 rw-p 00000000 00:00 0 
7f680c021000-7f6810000000 ---p 00000000 00:00 0 
7f6810000000-7f6810021000 rw-p 00000000 00:00 0 
7f6810021000-7f6814000000 ---p 00000000 00:00 0 
7f6814000000-7f681418e000 rw-p 00000000 00:00 0 
7f681418e000-7f6818000000 ---p 00000000 00:00 0 
7f6818000000-7f6818021000 rw-p 00000000 00:00 0 
7f6818021000-7f681c000000 ---p 00000000 00:00 0 
7f681c000000-7f681c021000 rw-p 00000000 00:00 0 
7f681c021000-7f6820000000 ---p 00000000 00:00 0 
7f6820000000-7f6820021000 rw-p 00000000 00:00 0 
7f6820021000-7f6824000000 ---p 00000000 00:00 0 
7f6824000000-7f6824021000 rw-p 00000000 00:00 0 
7f6824021000-7f6828000000 ---p 00000000 00:00 0 
7f6828000000-7f6828021000 rw-p 00000000 00:00 0 
7f6828021000-7f682c000000 ---p 00000000 00:00 0 
7f682c0c7000-7f682c0c9000 r--p 00000000 fe:00 4073249                    /usr/lib/libXdmcp.so.6.0.0
7f682c0c9000-7f682c0cb000 r-xp 00002000 fe:00 4073249                    /usr/lib/libXdmcp.so.6.0.0
7f682c0cb000-7f682c0cd000 r--p 00004000 fe:00 4073249                    /usr/lib/libXdmcp.so.6.0.0
7f682c0cd000-7f682c0ce000 r--p 00005000 fe:00 4073249                    /usr/lib/libXdmcp.so.6.0.0
7f682c0ce000-7f682c0cf000 rw-p 00006000 fe:00 4073249                    /usr/lib/libXdmcp.so.6.0.0
7f682c0cf000-7f682c0d3000 r--p 00000000 fe:00 4073250                    /usr/lib/libXext.so.6.4.0
7f682c0d3000-7f682c0de000 r-xp 00004000 fe:00 4073250                    /usr/lib/libXext.so.6.4.0
7f682c0de000-7f682c0e2000 r--p 0000f000 fe:00 4073250                    /usr/lib/libXext.so.6.4.0
7f682c0e2000-7f682c0e3000 r--p 00012000 fe:00 4073250                    /usr/lib/libXext.so.6.4.0
7f682c0e3000-7f682c0e4000 rw-p 00013000 fe:00 4073250                    /usr/lib/libXext.so.6.4.0
7f682c0e4000-7f682c0f0000 r--p 00000000 fe:00 4073236                    /usr/lib/libxcb.so.1.1.0
7f682c0f0000-7f682c103000 r-xp 0000c000 fe:00 4073236                    /usr/lib/libxcb.so.1.1.0
7f682c103000-7f682c10c000 r--p 0001f000 fe:00 4073236                    /usr/lib/libxcb.so.1.1.0
7f682c10c000-7f682c10d000 r--p 00027000 fe:00 4073236                    /usr/lib/libxcb.so.1.1.0
7f682c10d000-7f682c10e000 rw-p 00028000 fe:00 4073236                    /usr/lib/libxcb.so.1.1.0
7f682c10e000-7f682c197000 r--p 00000000 fe:00 4069301                    /usr/lib/libstdc++.so.6.0.25
7f682c197000-7f682c24f000 r-xp 00089000 fe:00 4069301                    /usr/lib/libstdc++.so.6.0.25
7f682c24f000-7f682c28c000 r--p 00141000 fe:00 4069301                    /usr/lib/libstdc++.so.6.0.25
7f682c28c000-7f682c28d000 ---p 0017e000 fe:00 4069301                    /usr/lib/libstdc++.so.6.0.25
7f682c28d000-7f682c299000 r--p 0017e000 fe:00 4069301                    /usr/lib/libstdc++.so.6.0.25
7f682c299000-7f682c29a000 rw-p 0018a000 fe:00 4069301                    /usr/lib/libstdc++.so.6.0.25
7f682c29a000-7f682c29d000 rw-p 00000000 00:00 0 
7f682c29d000-7f682c2a1000 r-xp 00000000 fe:00 4069027                    /usr/lib/libXxf86vm.so.1.0.0
7f682c2a1000-7f682c4a1000 ---p 00004000 fe:00 4069027                    /usr/lib/libXxf86vm.so.1.0.0
7f682c4a1000-7f682c4a2000 r--p 00004000 fe:00 4069027                    /usr/lib/libXxf86vm.so.1.0.0
7f682c4a2000-7f682c4a3000 rw-p 00005000 fe:00 4069027                    /usr/lib/libXxf86vm.so.1.0.0
7f682c4a3000-7f682c4a5000 r-xp 00000000 fe:00 4077494                    /usr/lib/libXinerama.so.1.0.0
7f682c4a5000-7f682c6a4000 ---p 00002000 fe:00 4077494                    /usr/lib/libXinerama.so.1.0.0
7f682c6a4000-7f682c6a5000 r--p 00001000 fe:00 4077494                    /usr/lib/libXinerama.so.1.0.0
7f682c6a5000-7f682c6a6000 rw-p 00002000 fe:00 4077494                    /usr/lib/libXinerama.so.1.0.0
7f682c6a6000-7f682c6c2000 r--p 00000000 fe:00 4079815                    /usr/lib/libX11.so.6.3.0
7f682c6c2000-7f682c74a000 r-xp 0001c000 fe:00 4079815                    /usr/lib/libX11.so.6.3.0
7f682c74a000-7f682c7de000 r--p 000a4000 fe:00 4079815                    /usr/lib/libX11.so.6.3.0
7f682c7de000-7f682c7e1000 r--p 00137000 fe:00 4079815                    /usr/lib/libX11.so.6.3.0
7f682c7e1000-7f682c7e5000 rw-p 0013a000 fe:00 4079815                    /usr/lib/libX11.so.6.3.0
7f682c7e5000-7f682c7e6000 ---p 00000000 00:00 0 
7f682c7e6000-7f682c8e7000 rw-p 00000000 00:00 0 
7f682c8e7000-7f682c8e9000 r-xp 00000000 fe:00 4357032                    /opt/java/jdk-12.0.1/lib/libextnet.so
7f682c8e9000-7f682cae8000 ---p 00002000 fe:00 4357032                    /opt/java/jdk-12.0.1/lib/libextnet.so
7f682cae8000-7f682cae9000 r--p 00001000 fe:00 4357032                    /opt/java/jdk-12.0.1/lib/libextnet.so
7f682cae9000-7f682caea000 rw-p 00002000 fe:00 4357032                    /opt/java/jdk-12.0.1/lib/libextnet.so
7f682caea000-7f682caee000 ---p 00000000 00:00 0 
7f682caee000-7f682cbeb000 rw-p 00000000 00:00 0 
7f682cbeb000-7f682cbef000 ---p 00000000 00:00 0 
7f682cbef000-7f682ccec000 rw-p 00000000 00:00 0 
7f682ccec000-7f682cd02000 r-xp 00000000 fe:00 4357052                    /opt/java/jdk-12.0.1/lib/libnet.so
7f682cd02000-7f682cf02000 ---p 00016000 fe:00 4357052                    /opt/java/jdk-12.0.1/lib/libnet.so
7f682cf02000-7f682cf03000 r--p 00016000 fe:00 4357052                    /opt/java/jdk-12.0.1/lib/libnet.so
7f682cf03000-7f682cf04000 rw-p 00017000 fe:00 4357052                    /opt/java/jdk-12.0.1/lib/libnet.so
7f682cf04000-7f682cf15000 r-xp 00000000 fe:00 4357053                    /opt/java/jdk-12.0.1/lib/libnio.so
7f682cf15000-7f682d114000 ---p 00011000 fe:00 4357053                    /opt/java/jdk-12.0.1/lib/libnio.so
7f682d114000-7f682d115000 r--p 00010000 fe:00 4357053                    /opt/java/jdk-12.0.1/lib/libnio.so
7f682d115000-7f682d116000 rw-p 00011000 fe:00 4357053                    /opt/java/jdk-12.0.1/lib/libnio.so
7f682d116000-7f682d11a000 ---p 00000000 00:00 0 
7f682d11a000-7f682d217000 rw-p 00000000 00:00 0 
7f682d217000-7f682d21b000 ---p 00000000 00:00 0 
7f682d21b000-7f682d318000 rw-p 00000000 00:00 0 
7f682d318000-7f682d31c000 ---p 00000000 00:00 0 
7f682d31c000-7f682d419000 rw-p 00000000 00:00 0 
7f682d419000-7f682d41d000 ---p 00000000 00:00 0 
7f682d41d000-7f682d51a000 rw-p 00000000 00:00 0 
7f682d51a000-7f682d800000 r--p 00000000 fe:00 4078801                    /usr/lib/locale/locale-archive
7f682d800000-7f682dec0000 rw-p 00000000 00:00 0 
7f682dec0000-7f682e000000 ---p 00000000 00:00 0 
7f682e000000-7f6830000000 rw-p 00000000 00:00 0 
7f6830000000-7f6830021000 rw-p 00000000 00:00 0 
7f6830021000-7f6834000000 ---p 00000000 00:00 0 
7f6834000000-7f6834021000 rw-p 00000000 00:00 0 
7f6834021000-7f6838000000 ---p 00000000 00:00 0 
7f6838000000-7f6838021000 rw-p 00000000 00:00 0 
7f6838021000-7f683c000000 ---p 00000000 00:00 0 
7f683c002000-7f683c004000 r--p 00000000 fe:00 4078939                    /usr/lib/libXrender.so.1.3.0
7f683c004000-7f683c00b000 r-xp 00002000 fe:00 4078939                    /usr/lib/libXrender.so.1.3.0
7f683c00b000-7f683c00d000 r--p 00009000 fe:00 4078939                    /usr/lib/libXrender.so.1.3.0
7f683c00d000-7f683c00e000 r--p 0000a000 fe:00 4078939                    /usr/lib/libXrender.so.1.3.0
7f683c00e000-7f683c00f000 rw-p 0000b000 fe:00 4078939                    /usr/lib/libXrender.so.1.3.0
7f683c00f000-7f683c012000 r--p 00000000 fe:00 4067439                    /usr/lib/libgcc_s.so.1
7f683c012000-7f683c023000 r-xp 00003000 fe:00 4067439                    /usr/lib/libgcc_s.so.1
7f683c023000-7f683c026000 r--p 00014000 fe:00 4067439                    /usr/lib/libgcc_s.so.1
7f683c026000-7f683c027000 ---p 00017000 fe:00 4067439                    /usr/lib/libgcc_s.so.1
7f683c027000-7f683c028000 r--p 00017000 fe:00 4067439                    /usr/lib/libgcc_s.so.1
7f683c028000-7f683c029000 rw-p 00018000 fe:00 4067439                    /usr/lib/libgcc_s.so.1
7f683c029000-7f683c04d000 r--p 00000000 fe:00 394391                     /home/joseph/Documents/Programming/Graphics/OpenGLProject/cmake-build-debug/libOpenGLProject.so
7f683c04d000-7f683c090000 r-xp 00024000 fe:00 394391                     /home/joseph/Documents/Programming/Graphics/OpenGLProject/cmake-build-debug/libOpenGLProject.so
7f683c090000-7f683c0a4000 r--p 00067000 fe:00 394391                     /home/joseph/Documents/Programming/Graphics/OpenGLProject/cmake-build-debug/libOpenGLProject.so
7f683c0a4000-7f683c0a5000 ---p 0007b000 fe:00 394391                     /home/joseph/Documents/Programming/Graphics/OpenGLProject/cmake-build-debug/libOpenGLProject.so
7f683c0a5000-7f683c0a7000 r--p 0007b000 fe:00 394391                     /home/joseph/Documents/Programming/Graphics/OpenGLProject/cmake-build-debug/libOpenGLProject.so
7f683c0a7000-7f683c0a9000 rw-p 0007d000 fe:00 394391                     /home/joseph/Documents/Programming/Graphics/OpenGLProject/cmake-build-debug/libOpenGLProject.so
7f683c0a9000-7f683c0ab000 rw-p 00000000 00:00 0 
7f683c0ab000-7f683c0af000 ---p 00000000 00:00 0 
7f683c0af000-7f683c1ac000 rw-p 00000000 00:00 0 
7f683c1ac000-7f683c1b0000 ---p 00000000 00:00 0 
7f683c1b0000-7f683c2ad000 rw-p 00000000 00:00 0 
7f683c2ad000-7f683c2b1000 ---p 00000000 00:00 0 
7f683c2b1000-7f683c3ae000 rw-p 00000000 00:00 0 
7f683c3ae000-7f683c3af000 ---p 00000000 00:00 0 
7f683c3af000-7f683c58c000 rw-p 00000000 00:00 0 
7f683c58c000-7f683c58d000 ---p 00000000 00:00 0 
7f683c58d000-7f683c68e000 rw-p 00000000 00:00 0 
7f683c68e000-7f683c68f000 ---p 00000000 00:00 0 
7f683c68f000-7f683cb94000 rw-p 00000000 00:00 0 
7f683cb94000-7f683cb95000 ---p 00000000 00:00 0 
7f683cb95000-7f683cc96000 rw-p 00000000 00:00 0 
7f683cc96000-7f683cc97000 ---p 00000000 00:00 0 
7f683cc97000-7f683cf88000 rw-p 00000000 00:00 0 
7f683cf88000-7f683ec80000 ---p 00000000 00:00 0 
7f683ec80000-7f683ee78000 rw-p 00000000 00:00 0 
7f683ee78000-7f6840b70000 ---p 00000000 00:00 0 
7f6840b70000-7f6840b78000 rw-p 00000000 00:00 0 
7f6840b78000-7f6840de8000 rwxp 00000000 00:00 0 
7f6840de8000-7f6841108000 ---p 00000000 00:00 0 
7f6841108000-7f6841378000 rwxp 00000000 00:00 0 
7f6841378000-7f6848640000 ---p 00000000 00:00 0 
7f6848640000-7f68488b0000 rwxp 00000000 00:00 0 
7f68488b0000-7f684fb78000 ---p 00000000 00:00 0 
7f684fb78000-7f6858000000 r--s 00000000 fe:00 4357063                    /opt/java/jdk-12.0.1/lib/modules
7f6858000000-7f6858e19000 rw-p 00000000 00:00 0 
7f6858e19000-7f685c000000 ---p 00000000 00:00 0 
7f685c057000-7f685c098000 rw-p 00000000 00:00 0 
7f685c098000-7f685c099000 ---p 00000000 00:00 0 
7f685c099000-7f685c21a000 rw-p 00000000 00:00 0 
7f685c21a000-7f685c5b9000 ---p 00000000 00:00 0 
7f685c5b9000-7f685c5f8000 rw-p 00000000 00:00 0 
7f685c5f8000-7f685c997000 ---p 00000000 00:00 0 
7f685c997000-7f685c9d6000 rw-p 00000000 00:00 0 
7f685c9d6000-7f685cd75000 ---p 00000000 00:00 0 
7f685cd75000-7f685d17f000 rw-p 00000000 00:00 0 
7f685d17f000-7f685d265000 ---p 00000000 00:00 0 
7f685d265000-7f685d26a000 rw-p 00000000 00:00 0 
7f685d26a000-7f685d350000 ---p 00000000 00:00 0 
7f685d350000-7f685d36b000 r-xp 00000000 fe:00 4357043                    /opt/java/jdk-12.0.1/lib/libjimage.so
7f685d36b000-7f685d56a000 ---p 0001b000 fe:00 4357043                    /opt/java/jdk-12.0.1/lib/libjimage.so
7f685d56a000-7f685d56c000 r--p 0001a000 fe:00 4357043                    /opt/java/jdk-12.0.1/lib/libjimage.so
7f685d56c000-7f685d56d000 rw-p 0001c000 fe:00 4357043                    /opt/java/jdk-12.0.1/lib/libjimage.so
7f685d56d000-7f685d574000 r-xp 00000000 fe:00 4357062                    /opt/java/jdk-12.0.1/lib/libzip.so
7f685d574000-7f685d773000 ---p 00007000 fe:00 4357062                    /opt/java/jdk-12.0.1/lib/libzip.so
7f685d773000-7f685d774000 r--p 00006000 fe:00 4357062                    /opt/java/jdk-12.0.1/lib/libzip.so
7f685d774000-7f685d775000 rw-p 00007000 fe:00 4357062                    /opt/java/jdk-12.0.1/lib/libzip.so
7f685d775000-7f685d77f000 r-xp 00000000 fe:00 4357034                    /opt/java/jdk-12.0.1/lib/libinstrument.so
7f685d77f000-7f685d97e000 ---p 0000a000 fe:00 4357034                    /opt/java/jdk-12.0.1/lib/libinstrument.so
7f685d97e000-7f685d97f000 r--p 00009000 fe:00 4357034                    /opt/java/jdk-12.0.1/lib/libinstrument.so
7f685d97f000-7f685d980000 rw-p 0000a000 fe:00 4357034                    /opt/java/jdk-12.0.1/lib/libinstrument.so
7f685d980000-7f685d9a8000 r-xp 00000000 fe:00 4357039                    /opt/java/jdk-12.0.1/lib/libjava.so
7f685d9a8000-7f685dba7000 ---p 00028000 fe:00 4357039                    /opt/java/jdk-12.0.1/lib/libjava.so
7f685dba7000-7f685dba8000 r--p 00027000 fe:00 4357039                    /opt/java/jdk-12.0.1/lib/libjava.so
7f685dba8000-7f685dbaa000 rw-p 00028000 fe:00 4357039                    /opt/java/jdk-12.0.1/lib/libjava.so
7f685dbaa000-7f685dbb7000 r-xp 00000000 fe:00 4357061                    /opt/java/jdk-12.0.1/lib/libverify.so
7f685dbb7000-7f685ddb6000 ---p 0000d000 fe:00 4357061                    /opt/java/jdk-12.0.1/lib/libverify.so
7f685ddb6000-7f685ddb8000 r--p 0000c000 fe:00 4357061                    /opt/java/jdk-12.0.1/lib/libverify.so
7f685ddb8000-7f685ddb9000 rw-p 0000e000 fe:00 4357061                    /opt/java/jdk-12.0.1/lib/libverify.so
7f685ddb9000-7f685ddbb000 r--p 00000000 fe:00 4078347                    /usr/lib/librt-2.28.so
7f685ddbb000-7f685ddbf000 r-xp 00002000 fe:00 4078347                    /usr/lib/librt-2.28.so
7f685ddbf000-7f685ddc1000 r--p 00006000 fe:00 4078347                    /usr/lib/librt-2.28.so
7f685ddc1000-7f685ddc2000 r--p 00007000 fe:00 4078347                    /usr/lib/librt-2.28.so
7f685ddc2000-7f685ddc3000 rw-p 00008000 fe:00 4078347                    /usr/lib/librt-2.28.so
7f685ddc3000-7f685ddc7000 ---p 00000000 00:00 0 
7f685ddc7000-7f685dec4000 rw-p 00000000 00:00 0 
7f685dec4000-7f685ded1000 r--p 00000000 fe:00 4071870                    /usr/lib/libm-2.28.so
7f685ded1000-7f685df72000 r-xp 0000d000 fe:00 4071870                    /usr/lib/libm-2.28.so
7f685df72000-7f685e047000 r--p 000ae000 fe:00 4071870                    /usr/lib/libm-2.28.so
7f685e047000-7f685e048000 r--p 00182000 fe:00 4071870                    /usr/lib/libm-2.28.so
7f685e048000-7f685e049000 rw-p 00183000 fe:00 4071870                    /usr/lib/libm-2.28.so
7f685e049000-7f685f1ad000 r-xp 00000000 fe:00 4357073                    /opt/java/jdk-12.0.1/lib/server/libjvm.so
7f685f1ad000-7f685f3ad000 ---p 01164000 fe:00 4357073                    /opt/java/jdk-12.0.1/lib/server/libjvm.so
7f685f3ad000-7f685f46e000 r--p 01164000 fe:00 4357073                    /opt/java/jdk-12.0.1/lib/server/libjvm.so
7f685f46e000-7f685f4a7000 rw-p 01225000 fe:00 4357073                    /opt/java/jdk-12.0.1/lib/server/libjvm.so
7f685f4a7000-7f685f52c000 rw-p 00000000 00:00 0 
7f685f52c000-7f685f54e000 r--p 00000000 fe:00 4071855                    /usr/lib/libc-2.28.so
7f685f54e000-7f685f699000 r-xp 00022000 fe:00 4071855                    /usr/lib/libc-2.28.so
7f685f699000-7f685f6e5000 r--p 0016d000 fe:00 4071855                    /usr/lib/libc-2.28.so
7f685f6e5000-7f685f6e6000 ---p 001b9000 fe:00 4071855                    /usr/lib/libc-2.28.so
7f685f6e6000-7f685f6ea000 r--p 001b9000 fe:00 4071855                    /usr/lib/libc-2.28.so
7f685f6ea000-7f685f6ec000 rw-p 001bd000 fe:00 4071855                    /usr/lib/libc-2.28.so
7f685f6ec000-7f685f6f0000 rw-p 00000000 00:00 0 
7f685f6f0000-7f685f6f1000 r--p 00000000 fe:00 4071864                    /usr/lib/libdl-2.28.so
7f685f6f1000-7f685f6f2000 r-xp 00001000 fe:00 4071864                    /usr/lib/libdl-2.28.so
7f685f6f2000-7f685f6f3000 r--p 00002000 fe:00 4071864                    /usr/lib/libdl-2.28.so
7f685f6f3000-7f685f6f4000 r--p 00002000 fe:00 4071864                    /usr/lib/libdl-2.28.so
7f685f6f4000-7f685f6f5000 rw-p 00003000 fe:00 4071864                    /usr/lib/libdl-2.28.so
7f685f6f5000-7f685f6fb000 r--p 00000000 fe:00 4071899                    /usr/lib/libpthread-2.28.so
7f685f6fb000-7f685f70a000 r-xp 00006000 fe:00 4071899                    /usr/lib/libpthread-2.28.so
7f685f70a000-7f685f710000 r--p 00015000 fe:00 4071899                    /usr/lib/libpthread-2.28.so
7f685f710000-7f685f711000 r--p 0001a000 fe:00 4071899                    /usr/lib/libpthread-2.28.so
7f685f711000-7f685f712000 rw-p 0001b000 fe:00 4071899                    /usr/lib/libpthread-2.28.so
7f685f712000-7f685f716000 rw-p 00000000 00:00 0 
7f685f716000-7f685f726000 r-xp 00000000 fe:00 4357044                    /opt/java/jdk-12.0.1/lib/libjli.so
7f685f726000-7f685f925000 ---p 00010000 fe:00 4357044                    /opt/java/jdk-12.0.1/lib/libjli.so
7f685f925000-7f685f926000 r--p 0000f000 fe:00 4357044                    /opt/java/jdk-12.0.1/lib/libjli.so
7f685f926000-7f685f927000 rw-p 00010000 fe:00 4357044                    /opt/java/jdk-12.0.1/lib/libjli.so
7f685f927000-7f685f93d000 r-xp 00000000 fe:00 4069349                    /usr/lib/libz.so.1.2.11
7f685f93d000-7f685fb3c000 ---p 00016000 fe:00 4069349                    /usr/lib/libz.so.1.2.11
7f685fb3c000-7f685fb3d000 r--p 00015000 fe:00 4069349                    /usr/lib/libz.so.1.2.11
7f685fb3d000-7f685fb3e000 rw-p 00016000 fe:00 4069349                    /usr/lib/libz.so.1.2.11
7f685fb3e000-7f685fb40000 rw-p 00000000 00:00 0 
7f685fb47000-7f685fb48000 r--p 00000000 fe:00 4073222                    /usr/lib/libXau.so.6.0.0
7f685fb48000-7f685fb49000 r-xp 00001000 fe:00 4073222                    /usr/lib/libXau.so.6.0.0
7f685fb49000-7f685fb4a000 r--p 00002000 fe:00 4073222                    /usr/lib/libXau.so.6.0.0
7f685fb4a000-7f685fb4b000 r--p 00002000 fe:00 4073222                    /usr/lib/libXau.so.6.0.0
7f685fb4b000-7f685fb4c000 rw-p 00003000 fe:00 4073222                    /usr/lib/libXau.so.6.0.0
7f685fb4c000-7f685fb4f000 r--p 00000000 fe:00 4078917                    /usr/lib/libXcursor.so.1.0.2
7f685fb4f000-7f685fb54000 r-xp 00003000 fe:00 4078917                    /usr/lib/libXcursor.so.1.0.2
7f685fb54000-7f685fb56000 r--p 00008000 fe:00 4078917                    /usr/lib/libXcursor.so.1.0.2
7f685fb56000-7f685fb57000 r--p 00009000 fe:00 4078917                    /usr/lib/libXcursor.so.1.0.2
7f685fb57000-7f685fb58000 rw-p 0000a000 fe:00 4078917                    /usr/lib/libXcursor.so.1.0.2
7f685fb58000-7f685fb5a000 r--p 00000000 fe:00 4078938                    /usr/lib/libXrandr.so.2.2.0
7f685fb5a000-7f685fb61000 r-xp 00002000 fe:00 4078938                    /usr/lib/libXrandr.so.2.2.0
7f685fb61000-7f685fb63000 r--p 00009000 fe:00 4078938                    /usr/lib/libXrandr.so.2.2.0
7f685fb63000-7f685fb64000 r--p 0000a000 fe:00 4078938                    /usr/lib/libXrandr.so.2.2.0
7f685fb64000-7f685fb65000 rw-p 0000b000 fe:00 4078938                    /usr/lib/libXrandr.so.2.2.0
7f685fb65000-7f685fb6a000 rw-p 00000000 00:00 0 
7f685fb6a000-7f685fb71000 ---p 00000000 00:00 0 
7f685fb71000-7f685fb79000 rw-s 00000000 00:2c 45                         /tmp/hsperfdata_joseph/8758
7f685fb79000-7f685fb7c000 r--p 00000000 fe:00 4071892                    /usr/lib/libnss_files-2.28.so
7f685fb7c000-7f685fb83000 r-xp 00003000 fe:00 4071892                    /usr/lib/libnss_files-2.28.so
7f685fb83000-7f685fb86000 r--p 0000a000 fe:00 4071892                    /usr/lib/libnss_files-2.28.so
7f685fb86000-7f685fb87000 r--p 0000c000 fe:00 4071892                    /usr/lib/libnss_files-2.28.so
7f685fb87000-7f685fb88000 rw-p 0000d000 fe:00 4071892                    /usr/lib/libnss_files-2.28.so
7f685fb88000-7f685fb8e000 rw-p 00000000 00:00 0 
7f685fb8e000-7f685fb8f000 ---p 00000000 00:00 0 
7f685fb8f000-7f685fb90000 r--p 00000000 00:00 0 
7f685fb90000-7f685fb91000 ---p 00000000 00:00 0 
7f685fb91000-7f685fb93000 r--p 00000000 fe:00 4071843                    /usr/lib/ld-2.28.so
7f685fb93000-7f685fbb2000 r-xp 00002000 fe:00 4071843                    /usr/lib/ld-2.28.so
7f685fbb2000-7f685fbba000 r--p 00021000 fe:00 4071843                    /usr/lib/ld-2.28.so
7f685fbba000-7f685fbbb000 r--p 00028000 fe:00 4071843                    /usr/lib/ld-2.28.so
7f685fbbb000-7f685fbbc000 rw-p 00029000 fe:00 4071843                    /usr/lib/ld-2.28.so
7f685fbbc000-7f685fbbd000 rw-p 00000000 00:00 0 
7ffc664c7000-7ffc664e8000 rw-p 00000000 00:00 0                          [stack]
7ffc6658d000-7ffc66590000 r--p 00000000 00:00 0                          [vvar]
7ffc66590000-7ffc66592000 r-xp 00000000 00:00 0                          [vdso]
ffffffffff600000-ffffffffff601000 r-xp 00000000 00:00 0                  [vsyscall]


VM Arguments:
jvm_args: -javaagent:/opt/intellij-idea-ultimate-edition/lib/idea_rt.jar=39113:/opt/intellij-idea-ultimate-edition/bin -Dfile.encoding=UTF-8 
java_command: Main
java_class_path (initial): /home/joseph/Documents/Programming/Graphics/OpenGLProject/out/production/OpenGLProject:/home/joseph/.ivy2/cache/org.scala-lang/scala-reflect/jars/scala-reflect-2.12.8.jar:/home/joseph/.ivy2/cache/org.scala-lang/scala-library/jars/scala-library-2.12.8.jar:/home/joseph/.ivy2/cache/org.scala-lang/scala-reflect/srcs/scala-reflect-2.12.8-sources.jar:/home/joseph/.ivy2/cache/org.scala-lang/scala-library/srcs/scala-library-2.12.8-sources.jar
Launcher Type: SUN_STANDARD

[Global flags]
     intx CICompilerCount                          = 3                                         {product} {ergonomic}
     uint ConcGCThreads                            = 1                                         {product} {ergonomic}
     uint G1ConcRefinementThreads                  = 4                                         {product} {ergonomic}
   size_t G1HeapRegionSize                         = 1048576                                   {product} {ergonomic}
    uintx GCDrainStackTargetSize                   = 64                                        {product} {ergonomic}
   size_t InitialHeapSize                          = 130023424                                 {product} {ergonomic}
   size_t MarkStackSize                            = 4194304                                   {product} {ergonomic}
   size_t MaxHeapSize                              = 2076180480                                {product} {ergonomic}
   size_t MaxNewSize                               = 1245708288                                {product} {ergonomic}
   size_t MinHeapDeltaBytes                        = 1048576                                   {product} {ergonomic}
    uintx NonNMethodCodeHeapSize                   = 5830732                                {pd product} {ergonomic}
    uintx NonProfiledCodeHeapSize                  = 122913754                              {pd product} {ergonomic}
    uintx ProfiledCodeHeapSize                     = 122913754                              {pd product} {ergonomic}
    uintx ReservedCodeCacheSize                    = 251658240                              {pd product} {ergonomic}
     bool SegmentedCodeCache                       = true                                      {product} {ergonomic}
     bool UseCompressedClassPointers               = true                                 {lp64_product} {ergonomic}
     bool UseCompressedOops                        = true                                 {lp64_product} {ergonomic}
     bool UseG1GC                                  = true                                      {product} {ergonomic}

Logging:
Log output configuration:
 #0: stdout all=warning uptime,level,tags
 #1: stderr all=off uptime,level,tags

Environment Variables:
PATH=/opt/java/jdk-11.0.2/bin:/usr/local/sbin:/usr/local/bin:/usr/bin:/opt/android-sdk/platform-tools:/opt/android-sdk/tools:/opt/android-sdk/tools/bin:/var/lib/flatpak/exports/bin:/usr/lib/jvm/default/bin:/usr/bin/site_perl:/usr/bin/vendor_perl:/usr/bin/core_perl
SHELL=/usr/bin/fish
DISPLAY=:0

Signal Handlers:
SIGSEGV: [libjvm.so+0xe45640], sa_mask[0]=11111111011111111101111111111110, sa_flags=SA_RESTART|SA_SIGINFO
SIGBUS: [libjvm.so+0xe45640], sa_mask[0]=11111111011111111101111111111110, sa_flags=SA_RESTART|SA_SIGINFO
SIGFPE: [libjvm.so+0xe45640], sa_mask[0]=11111111011111111101111111111110, sa_flags=SA_RESTART|SA_SIGINFO
SIGPIPE: [libjvm.so+0xbf4b50], sa_mask[0]=11111111011111111101111111111110, sa_flags=SA_RESTART|SA_SIGINFO
SIGXFSZ: [libjvm.so+0xbf4b50], sa_mask[0]=11111111011111111101111111111110, sa_flags=SA_RESTART|SA_SIGINFO
SIGILL: [libjvm.so+0xe45640], sa_mask[0]=11111111011111111101111111111110, sa_flags=SA_RESTART|SA_SIGINFO
SIGUSR2: [libjvm.so+0xbf49f0], sa_mask[0]=00100000000000000000000000000000, sa_flags=SA_RESTART|SA_SIGINFO
SIGHUP: [libjvm.so+0xbf4d50], sa_mask[0]=11111111011111111101111111111110, sa_flags=SA_RESTART|SA_SIGINFO
SIGINT: [libjvm.so+0xbf4d50], sa_mask[0]=11111111011111111101111111111110, sa_flags=SA_RESTART|SA_SIGINFO
SIGTERM: [libjvm.so+0xbf4d50], sa_mask[0]=11111111011111111101111111111110, sa_flags=SA_RESTART|SA_SIGINFO
SIGQUIT: [libjvm.so+0xbf4d50], sa_mask[0]=11111111011111111101111111111110, sa_flags=SA_RESTART|SA_SIGINFO


---------------  S Y S T E M  ---------------

OS:DISTRIB_ID=ManjaroLinux
DISTRIB_RELEASE=18.0.4
DISTRIB_CODENAME=Illyria
DISTRIB_DESCRIPTION="Manjaro Linux"
uname:Linux 4.14.109-1-MANJARO #1 SMP PREEMPT Wed Mar 27 18:51:38 UTC 2019 x86_64
libc:glibc 2.28 NPTL 2.28 
rlimit: STACK 8192k, CORE infinity, NPROC 30719, NOFILE 1048576, AS infinity, DATA infinity, FSIZE infinity
load average:1.41 1.37 1.35

/proc/meminfo:
MemTotal:        8109564 kB
MemFree:          279712 kB
MemAvailable:     624216 kB
Buffers:           18316 kB
Cached:           666320 kB
SwapCached:         3968 kB
Active:          6149072 kB
Inactive:        1150076 kB
Active(anon):    5899052 kB
Inactive(anon):   879564 kB
Active(file):     250020 kB
Inactive(file):   270512 kB
Unevictable:          48 kB
Mlocked:              48 kB
SwapTotal:       8290300 kB
SwapFree:        8199164 kB
Dirty:              2716 kB
Writeback:             0 kB
AnonPages:       6528500 kB
Mapped:           596256 kB
Shmem:            164080 kB
Slab:             189280 kB
SReclaimable:      86268 kB
SUnreclaim:       103012 kB
KernelStack:       16544 kB
PageTables:        44948 kB
NFS_Unstable:          0 kB
Bounce:                0 kB
WritebackTmp:          0 kB
CommitLimit:    12345080 kB
Committed_AS:   10845868 kB
VmallocTotal:   34359738367 kB
VmallocUsed:           0 kB
VmallocChunk:          0 kB
HardwareCorrupted:     0 kB
AnonHugePages:   1259520 kB
ShmemHugePages:        0 kB
ShmemPmdMapped:        0 kB
HugePages_Total:       0
HugePages_Free:        0
HugePages_Rsvd:        0
HugePages_Surp:        0
Hugepagesize:       2048 kB
DirectMap4k:      492452 kB
DirectMap2M:     7833600 kB
DirectMap1G:     1048576 kB


/proc/sys/kernel/threads-max (system-wide limit on the number of threads):
61439


/proc/sys/vm/max_map_count (maximum number of memory map areas a process may have):
65530


/proc/sys/kernel/pid_max (system-wide limit on number of process identifiers):
32768



container (cgroup) information:
container_type: cgroupv1
cpu_cpuset_cpus: 0-3
cpu_memory_nodes: 0
active_processor_count: 4
cpu_quota: -1
cpu_period: 100000
cpu_shares: -1
memory_limit_in_bytes: -1
memory_and_swap_limit_in_bytes: -1
memory_soft_limit_in_bytes: -1
memory_usage_in_bytes: 7073054720
memory_max_usage_in_bytes: 7412670464


CPU:total 4 (initial active 4) (2 cores per cpu, 2 threads per core) family 6 model 60 stepping 3, cmov, cx8, fxsr, mmx, sse, sse2, sse3, ssse3, sse4.1, sse4.2, popcnt, avx, avx2, aes, clmul, erms, lzcnt, ht, tsc, tscinvbit, bmi1, bmi2, fma
CPU Model and flags from /proc/cpuinfo:
model name	: Intel(R) Core(TM) i3-4130 CPU @ 3.40GHz
flags		: fpu vme de pse tsc msr pae mce cx8 apic sep mtrr pge mca cmov pat pse36 clflush dts acpi mmx fxsr sse sse2 ss ht tm pbe syscall nx pdpe1gb rdtscp lm constant_tsc arch_perfmon pebs bts rep_good nopl xtopology nonstop_tsc cpuid aperfmperf pni pclmulqdq dtes64 monitor ds_cpl vmx est tm2 ssse3 sdbg fma cx16 xtpr pdcm pcid sse4_1 sse4_2 movbe popcnt tsc_deadline_timer aes xsave avx f16c rdrand lahf_lm abm cpuid_fault epb invpcid_single pti ssbd ibrs ibpb stibp tpr_shadow vnmi flexpriority ept vpid fsgsbase tsc_adjust bmi1 avx2 smep bmi2 erms invpcid xsaveopt dtherm arat pln pts flush_l1d

Memory: 4k page, physical 8109564k(279712k free), swap 8290300k(8199164k free)

vm_info: Java HotSpot(TM) 64-Bit Server VM (12.0.1+12) for linux-amd64 JRE (12.0.1+12), built on Apr  1 2019 23:46:14 by "mach5one" with gcc 7.3.0

END.
