#
# A fatal error has been detected by the Java Runtime Environment:
#
#  SIGSEGV (0xb) at pc=0x0000000000000000, pid=30550, tid=0x00007f54af5d5700
#
# JRE version: OpenJDK Runtime Environment (8.0_212-b01) (build 1.8.0_212-b01)
# Java VM: OpenJDK 64-Bit Server VM (25.212-b01 mixed mode linux-amd64 compressed oops)
# Problematic frame:
# C  0x0000000000000000
#
# Core dump written. Default location: /home/joseph/Documents/Programming/Graphics/OpenGLProject/out/production/OpenGLProject/core or core.30550
#
# If you would like to submit a bug report, please visit:
#   http://bugreport.java.com/bugreport/crash.jsp
# The crash happened outside the Java Virtual Machine in native code.
# See problematic frame for where to report the bug.
#

---------------  T H R E A D  ---------------

Current thread (0x00007f54a800b800):  JavaThread "main" [_thread_in_native, id=30551, stack(0x00007f54af4d6000,0x00007f54af5d6000)]

siginfo: si_signo: 11 (SIGSEGV), si_code: 1 (SEGV_MAPERR), si_addr: 0x0000000000000000

Registers:
RAX=0x0000000000000000, RBX=0x0000000000000001, RCX=0x00007f54af5d3470, RDX=0x00007f54af5d3464
RSP=0x00007f54af5d33a8, RBP=0x00007f54af5d3430, RSI=0x00007f54af5d3464, RDI=0x0000000000000001
R8 =0x00007f54b084c720, R9 =0x00007f54af5d5700, R10=0x0000000000000000, R11=0x00007f5498763dac
R12=0x0000000000000000, R13=0x00007f54988fb438, R14=0x00007f54af5d3540, R15=0x00007f54a800b800
RIP=0x0000000000000000, EFLAGS=0x0000000000010246, CSGSFS=0x002b000000000033, ERR=0x0000000000000014
  TRAPNO=0x000000000000000e

Top of Stack: (sp=0x00007f54af5d33a8)
0x00007f54af5d33a8:   00007f5498763de9 0000000000000000
0x00007f54af5d33b8:   0000000100000000 00007f54af5d3470
0x00007f54af5d33c8:   00007f54af5d3464 0000000000000000
0x00007f54af5d33d8:   0000000000000000 0000000000000000
0x00007f54af5d33e8:   0000000000000000 0000000000000000
0x00007f54af5d33f8:   0000000000000000 00007f54988fb438
0x00007f54af5d3408:   00007f54af5d3463 00007f54a94fc3f0
0x00007f54af5d3418:   f643b44887980300 0000000000000001
0x00007f54af5d3428:   0000000000000001 00007f54af5d34b0
0x00007f54af5d3438:   00007f549876560d 00007f01af5d34a0
0x00007f54af5d3448:   00007f54af5d3540 00007f54af5d3528
0x00007f54af5d3458:   00007f54a800b9e0 00007f54988fb438
0x00007f54af5d3468:   00007f54a94fc3f0 00007f54af5d3480
0x00007f54af5d3478:   000000000000000f 66656d6f73657761
0x00007f54af5d3488:   00676e702e656361 00007f54988fb438
0x00007f54af5d3498:   f643b44887980300 00007f54af5d3518
0x00007f54af5d34a8:   00007f54988fb438 00007f54af5d3518
0x00007f54af5d34b8:   00007f5499018407 00007f54af5d3518
0x00007f54af5d34c8:   00007f5499018167 00007f5499018122
0x00007f54af5d34d8:   00007f54af5d34d8 00007f54988fb438
0x00007f54af5d34e8:   00007f54af5d3540 00007f54988fb688
0x00007f54af5d34f8:   0000000000000000 00007f54988fb438
0x00007f54af5d3508:   0000000000000000 00007f54af5d3538
0x00007f54af5d3518:   00007f54af5d3590 00007f5499007a40
0x00007f54af5d3528:   00000000fab1c4b0 00007f5499011a56
0x00007f54af5d3538:   0000000000000001 00000000fab194c0
0x00007f54af5d3548:   00000000fab0ede0 00007f54af5d3550
0x00007f54af5d3558:   00007f54988f7e42 00007f54af5d35a8
0x00007f54af5d3568:   00007f54988f8428 0000000000000000
0x00007f54af5d3578:   00007f54988f7ed0 00007f54af5d3538
0x00007f54af5d3588:   00007f54af5d35a8 00007f54af5d35f0
0x00007f54af5d3598:   00007f5499007ffd 0000000000000000 

Instructions: (pc=0x0000000000000000)
0xffffffffffffffe0:   

Register to memory mapping:

RAX=0x0000000000000000 is an unknown value
RBX=0x0000000000000001 is an unknown value
RCX=0x00007f54af5d3470 is pointing into the stack for thread: 0x00007f54a800b800
RDX=0x00007f54af5d3464 is pointing into the stack for thread: 0x00007f54a800b800
RSP=0x00007f54af5d33a8 is pointing into the stack for thread: 0x00007f54a800b800
RBP=0x00007f54af5d3430 is pointing into the stack for thread: 0x00007f54a800b800
RSI=0x00007f54af5d3464 is pointing into the stack for thread: 0x00007f54a800b800
RDI=0x0000000000000001 is an unknown value
R8 =0x00007f54b084c720: <offset 0x1c0720> in /usr/lib/libc.so.6 at 0x00007f54b068c000
R9 =0x00007f54af5d5700 is pointing into the stack for thread: 0x00007f54a800b800
R10=0x0000000000000000 is an unknown value
R11=0x00007f5498763dac: _ZN4core15generateTextureEPjNSt7__cxx1112basic_stringIcSt11char_traitsIcESaIcEEEb+0 in /home/joseph/Documents/Programming/Graphics/OpenGLProject/cmake-build-debug/libOpenGLProject.so at 0x00007f5498728000
R12=0x0000000000000000 is an unknown value
R13={method} {0x00007f54988fb438} 'generateTexture' '(Ljava/lang/String;Z)I' in 'jni/GLWrapper'
R14=0x00007f54af5d3540 is pointing into the stack for thread: 0x00007f54a800b800
R15=0x00007f54a800b800 is a thread


Stack: [0x00007f54af4d6000,0x00007f54af5d6000],  sp=0x00007f54af5d33a8,  free space=1012k
Java frames: (J=compiled Java code, j=interpreted, Vv=VM code)
j  jni.GLWrapper.generateTexture(Ljava/lang/String;Z)I+0
j  Main$.delayedEndpoint$Main$1()V+50
j  Main$delayedInit$body.apply()Ljava/lang/Object;+4
j  scala.Function0.apply$mcV$sp()V+1
j  scala.Function0.apply$mcV$sp$(Lscala/Function0;)V+1
j  scala.runtime.AbstractFunction0.apply$mcV$sp()V+1
j  scala.App.$anonfun$main$1(Lscala/Function0;)V+1
j  scala.App.$anonfun$main$1$adapted(Lscala/Function0;)Ljava/lang/Object;+1
j  scala.App$$Lambda$128.apply(Ljava/lang/Object;)Ljava/lang/Object;+4
j  scala.collection.immutable.List.foreach(Lscala/Function1;)V+14
j  scala.collection.generic.TraversableForwarder.foreach(Lscala/Function1;)V+7
j  scala.collection.generic.TraversableForwarder.foreach$(Lscala/collection/generic/TraversableForwarder;Lscala/Function1;)V+2
j  scala.collection.mutable.ListBuffer.foreach(Lscala/Function1;)V+2
j  scala.App.main([Ljava/lang/String;)V+18
j  scala.App.main$(Lscala/App;[Ljava/lang/String;)V+2
j  Main$.main([Ljava/lang/String;)V+2
j  Main.main([Ljava/lang/String;)V+4
v  ~StubRoutines::call_stub
j  sun.reflect.NativeMethodAccessorImpl.invoke0(Ljava/lang/reflect/Method;Ljava/lang/Object;[Ljava/lang/Object;)Ljava/lang/Object;+0
j  sun.reflect.NativeMethodAccessorImpl.invoke(Ljava/lang/Object;[Ljava/lang/Object;)Ljava/lang/Object;+100
j  sun.reflect.DelegatingMethodAccessorImpl.invoke(Ljava/lang/Object;[Ljava/lang/Object;)Ljava/lang/Object;+6
j  java.lang.reflect.Method.invoke(Ljava/lang/Object;[Ljava/lang/Object;)Ljava/lang/Object;+56
j  scala.reflect.internal.util.ScalaClassLoader.$anonfun$run$2(Lscala/collection/Seq;Ljava/lang/reflect/Method;)Ljava/lang/Object;+27
j  scala.reflect.internal.util.ScalaClassLoader$$Lambda$127.apply()Ljava/lang/Object;+8
j  scala.reflect.internal.util.ScalaClassLoader.asContext(Lscala/Function0;)Ljava/lang/Object;+18
j  scala.reflect.internal.util.ScalaClassLoader.asContext$(Lscala/reflect/internal/util/ScalaClassLoader;Lscala/Function0;)Ljava/lang/Object;+2
j  scala.reflect.internal.util.ScalaClassLoader$URLClassLoader.asContext(Lscala/Function0;)Ljava/lang/Object;+2
j  scala.reflect.internal.util.ScalaClassLoader.run(Ljava/lang/String;Lscala/collection/Seq;)V+90
j  scala.reflect.internal.util.ScalaClassLoader.run$(Lscala/reflect/internal/util/ScalaClassLoader;Ljava/lang/String;Lscala/collection/Seq;)V+3
j  scala.reflect.internal.util.ScalaClassLoader$URLClassLoader.run(Ljava/lang/String;Lscala/collection/Seq;)V+3
j  scala.tools.nsc.CommonRunner.run(Lscala/collection/Seq;Ljava/lang/String;Lscala/collection/Seq;)V+15
j  scala.tools.nsc.CommonRunner.run$(Lscala/tools/nsc/CommonRunner;Lscala/collection/Seq;Ljava/lang/String;Lscala/collection/Seq;)V+4
j  scala.tools.nsc.ObjectRunner$.run(Lscala/collection/Seq;Ljava/lang/String;Lscala/collection/Seq;)V+4
j  scala.tools.nsc.CommonRunner.runAndCatch(Lscala/collection/Seq;Ljava/lang/String;Lscala/collection/Seq;)Lscala/util/Either;+4
j  scala.tools.nsc.CommonRunner.runAndCatch$(Lscala/tools/nsc/CommonRunner;Lscala/collection/Seq;Ljava/lang/String;Lscala/collection/Seq;)Lscala/util/Either;+4
j  scala.tools.nsc.ObjectRunner$.runAndCatch(Lscala/collection/Seq;Ljava/lang/String;Lscala/collection/Seq;)Lscala/util/Either;+4
j  scala.tools.nsc.MainGenericRunner.runTarget$1(Lscala/tools/nsc/GenericRunnerCommand;)Lscala/util/Either;+39
j  scala.tools.nsc.MainGenericRunner.run$1(Lscala/tools/nsc/GenericRunnerCommand;)Z+1
j  scala.tools.nsc.MainGenericRunner.process([Ljava/lang/String;)Z+128
j  scala.tools.nsc.MainGenericRunner$.main([Ljava/lang/String;)V+2
j  scala.tools.nsc.MainGenericRunner.main([Ljava/lang/String;)V+4
v  ~StubRoutines::call_stub

---------------  P R O C E S S  ---------------

Java Threads: ( => current thread )
  0x00007f54a80c9800 JavaThread "Service Thread" daemon [_thread_blocked, id=30563, stack(0x00007f5498cfd000,0x00007f5498dfe000)]
  0x00007f54a80be800 JavaThread "C1 CompilerThread2" daemon [_thread_blocked, id=30562, stack(0x00007f5498dff000,0x00007f5498eff000)]
  0x00007f54a80bd000 JavaThread "C2 CompilerThread1" daemon [_thread_blocked, id=30561, stack(0x00007f5498f00000,0x00007f5499000000)]
  0x00007f54a80ba000 JavaThread "C2 CompilerThread0" daemon [_thread_blocked, id=30560, stack(0x00007f54ac0bd000,0x00007f54ac1bd000)]
  0x00007f54a80b8800 JavaThread "Signal Dispatcher" daemon [_thread_blocked, id=30559, stack(0x00007f54ac1bd000,0x00007f54ac2be000)]
  0x00007f54a8085800 JavaThread "Finalizer" daemon [_thread_blocked, id=30558, stack(0x00007f54ac5a4000,0x00007f54ac6a5000)]
  0x00007f54a8083000 JavaThread "Reference Handler" daemon [_thread_blocked, id=30557, stack(0x00007f54ac6a5000,0x00007f54ac7a6000)]
=>0x00007f54a800b800 JavaThread "main" [_thread_in_native, id=30551, stack(0x00007f54af4d6000,0x00007f54af5d6000)]

Other Threads:
  0x00007f54a8079000 VMThread [stack: 0x00007f54ac7a7000,0x00007f54ac8a7000] [id=30556]
  0x00007f54a80f6800 WatcherThread [stack: 0x00007f5498bfd000,0x00007f5498cfd000] [id=30564]

VM state:not at safepoint (normal execution)

VM Mutex/Monitor currently owned by a thread: None

heap address: 0x00000000f0000000, size: 256 MB, Compressed Oops mode: 32-bit
Narrow klass base: 0x0000000000000000, Narrow klass shift: 3
Compressed class space size: 1073741824 Address: 0x0000000100000000

Heap:
 PSYoungGen      total 9728K, used 1242K [0x00000000fab00000, 0x00000000fbe00000, 0x0000000100000000)
  eden space 8704K, 2% used [0x00000000fab00000,0x00000000fab39630,0x00000000fb380000)
  from space 1024K, 98% used [0x00000000fb480000,0x00000000fb57d218,0x00000000fb580000)
  to   space 1024K, 0% used [0x00000000fb380000,0x00000000fb380000,0x00000000fb480000)
 ParOldGen       total 22016K, used 603K [0x00000000f0000000, 0x00000000f1580000, 0x00000000fab00000)
  object space 22016K, 2% used [0x00000000f0000000,0x00000000f0096c18,0x00000000f1580000)
 Metaspace       used 12728K, capacity 13350K, committed 13440K, reserved 1060864K
  class space    used 1578K, capacity 1660K, committed 1664K, reserved 1048576K

Card table byte_map: [0x00007f54af024000,0x00007f54af0a5000] byte_map_base: 0x00007f54ae8a4000

Marking Bits: (ParMarkBitMap*) 0x00007f54b0430c80
 Begin Bits: [0x00007f54ae3ca000, 0x00007f54ae7ca000)
 End Bits:   [0x00007f54ae7ca000, 0x00007f54aebca000)

Polling page: 0x00007f54b085f000

CodeCache: size=245760Kb used=2516Kb max_used=2528Kb free=243243Kb
 bounds [0x00007f5499000000, 0x00007f5499280000, 0x00007f54a8000000]
 total_blobs=1009 nmethods=697 adapters=227
 compilation: enabled

Compilation events (10 events):
Event: 0.790 Thread 0x00007f54a80be800 nmethod 694 0x00007f5499270dd0 code [0x00007f5499270f40, 0x00007f5499271148]
Event: 0.790 Thread 0x00007f54a80be800  695       3       java.util.ArrayList::get (11 bytes)
Event: 0.790 Thread 0x00007f54a80be800 nmethod 695 0x00007f5499273790 code [0x00007f5499273920, 0x00007f5499273c78]
Event: 0.790 Thread 0x00007f54a80be800  696   !   3       sun.misc.URLClassPath$JarLoader::getResource (85 bytes)
Event: 0.791 Thread 0x00007f54a80be800 nmethod 696 0x00007f5499273e90 code [0x00007f54992740c0, 0x00007f5499274b78]
Event: 0.791 Thread 0x00007f54a80be800  690       1       java.lang.invoke.MethodHandles$Lookup::lookupClass (5 bytes)
Event: 0.791 Thread 0x00007f54a80be800 nmethod 690 0x00007f5499270890 code [0x00007f54992709e0, 0x00007f5499270af0]
Event: 0.791 Thread 0x00007f54a80be800  697       1       java.nio.Buffer::position (5 bytes)
Event: 0.791 Thread 0x00007f54a80be800 nmethod 697 0x00007f54992750d0 code [0x00007f5499275220, 0x00007f5499275330]
Event: 0.792 Thread 0x00007f54a80ba000 nmethod 691 0x00007f5499278250 code [0x00007f54992783a0, 0x00007f5499278678]

GC Heap History (4 events):
Event: 0.725 GC heap before
{Heap before GC invocations=1 (full 0):
 PSYoungGen      total 9728K, used 8704K [0x00000000fab00000, 0x00000000fb580000, 0x0000000100000000)
  eden space 8704K, 100% used [0x00000000fab00000,0x00000000fb380000,0x00000000fb380000)
  from space 1024K, 0% used [0x00000000fb480000,0x00000000fb480000,0x00000000fb580000)
  to   space 1024K, 0% used [0x00000000fb380000,0x00000000fb380000,0x00000000fb480000)
 ParOldGen       total 22016K, used 0K [0x00000000f0000000, 0x00000000f1580000, 0x00000000fab00000)
  object space 22016K, 0% used [0x00000000f0000000,0x00000000f0000000,0x00000000f1580000)
 Metaspace       used 12072K, capacity 12498K, committed 12672K, reserved 1060864K
  class space    used 1489K, capacity 1548K, committed 1664K, reserved 1048576K
Event: 0.727 GC heap after
Heap after GC invocations=1 (full 0):
 PSYoungGen      total 9728K, used 1001K [0x00000000fab00000, 0x00000000fb580000, 0x0000000100000000)
  eden space 8704K, 0% used [0x00000000fab00000,0x00000000fab00000,0x00000000fb380000)
  from space 1024K, 97% used [0x00000000fb380000,0x00000000fb47a570,0x00000000fb480000)
  to   space 1024K, 0% used [0x00000000fb480000,0x00000000fb480000,0x00000000fb580000)
 ParOldGen       total 22016K, used 187K [0x00000000f0000000, 0x00000000f1580000, 0x00000000fab00000)
  object space 22016K, 0% used [0x00000000f0000000,0x00000000f002ee80,0x00000000f1580000)
 Metaspace       used 12072K, capacity 12498K, committed 12672K, reserved 1060864K
  class space    used 1489K, capacity 1548K, committed 1664K, reserved 1048576K
}
Event: 0.783 GC heap before
{Heap before GC invocations=2 (full 0):
 PSYoungGen      total 9728K, used 9705K [0x00000000fab00000, 0x00000000fb580000, 0x0000000100000000)
  eden space 8704K, 100% used [0x00000000fab00000,0x00000000fb380000,0x00000000fb380000)
  from space 1024K, 97% used [0x00000000fb380000,0x00000000fb47a570,0x00000000fb480000)
  to   space 1024K, 0% used [0x00000000fb480000,0x00000000fb480000,0x00000000fb580000)
 ParOldGen       total 22016K, used 187K [0x00000000f0000000, 0x00000000f1580000, 0x00000000fab00000)
  object space 22016K, 0% used [0x00000000f0000000,0x00000000f002ee80,0x00000000f1580000)
 Metaspace       used 12653K, capacity 13194K, committed 13440K, reserved 1060864K
  class space    used 1568K, capacity 1654K, committed 1664K, reserved 1048576K
Event: 0.785 GC heap after
Heap after GC invocations=2 (full 0):
 PSYoungGen      total 9728K, used 1012K [0x00000000fab00000, 0x00000000fbe00000, 0x0000000100000000)
  eden space 8704K, 0% used [0x00000000fab00000,0x00000000fab00000,0x00000000fb380000)
  from space 1024K, 98% used [0x00000000fb480000,0x00000000fb57d218,0x00000000fb580000)
  to   space 1024K, 0% used [0x00000000fb380000,0x00000000fb380000,0x00000000fb480000)
 ParOldGen       total 22016K, used 603K [0x00000000f0000000, 0x00000000f1580000, 0x00000000fab00000)
  object space 22016K, 2% used [0x00000000f0000000,0x00000000f0096c18,0x00000000f1580000)
 Metaspace       used 12653K, capacity 13194K, committed 13440K, reserved 1060864K
  class space    used 1568K, capacity 1654K, committed 1664K, reserved 1048576K
}

Deoptimization events (2 events):
Event: 0.418 Thread 0x00007f54a800b800 Uncommon trap: reason=unstable_if action=reinterpret pc=0x00007f549913c9bc method=java.lang.String.indexOf(II)I @ 17
Event: 0.427 Thread 0x00007f54a800b800 Uncommon trap: reason=null_check action=make_not_entrant pc=0x00007f549915cea0 method=java.lang.String.equals(Ljava/lang/Object;)Z @ 8

Classes redefined (0 events):
No events

Internal exceptions (10 events):
Event: 0.753 Thread 0x00007f54a800b800 Exception <a 'java/lang/NoSuchMethodError': java.lang.Object.$anonfun$envOrElse$1(Ljava/lang/String;)Ljava/lang/String;> (0x00000000fab87ef0) thrown at [/build/java8-openjdk/src/jdk8u-jdk8u212-b01/hotspot/src/share/vm/interpreter/linkResolver.cpp, line 62
Event: 0.753 Thread 0x00007f54a800b800 Exception <a 'java/lang/NoSuchMethodError': java.lang.Object.$anonfun$envOrElse$2(Ljava/lang/String;)Ljava/lang/String;> (0x00000000fab8c228) thrown at [/build/java8-openjdk/src/jdk8u-jdk8u212-b01/hotspot/src/share/vm/interpreter/linkResolver.cpp, line 62
Event: 0.754 Thread 0x00007f54a800b800 Exception <a 'java/lang/NoSuchMethodError': java.lang.Object.$anonfun$flatten$1(Lscala/Function1;Lscala/collection/mutable/Builder;Ljava/lang/Object;)Lscala/collection/mutable/Builder;> (0x00000000fab950a0) thrown at [/build/java8-openjdk/src/jdk8u-jdk8u2
Event: 0.756 Thread 0x00007f54a800b800 Exception <a 'java/lang/NoSuchMethodError': java.lang.Object.$anonfun$flatMap$1(Lscala/Function1;Lscala/collection/mutable/Builder;Ljava/lang/Object;)Lscala/collection/mutable/Builder;> (0x00000000faba0090) thrown at [/build/java8-openjdk/src/jdk8u-jdk8u2
Event: 0.763 Thread 0x00007f54a800b800 Exception <a 'java/lang/NoSuchMethodError': java.lang.Object.$anonfun$tryClass$1(Lscala/reflect/internal/util/ScalaClassLoader;Ljava/lang/String;Z)Ljava/lang/Class;> (0x00000000fabc3e88) thrown at [/build/java8-openjdk/src/jdk8u-jdk8u212-b01/hotspot/src/s
Event: 0.774 Thread 0x00007f54a800b800 Exception <a 'java/lang/NoSuchMethodError': java.lang.Object.$anonfun$isInfo$1$adapted(Lscala/tools/nsc/settings/MutableSettings$Setting;)Ljava/lang/Object;> (0x00000000fafaa818) thrown at [/build/java8-openjdk/src/jdk8u-jdk8u212-b01/hotspot/src/share/vm/
Event: 0.775 Thread 0x00007f54a800b800 Exception <a 'java/lang/NoSuchMethodError': java.lang.Object.$anonfun$isInfo$2$adapted(Lscala/tools/nsc/settings/MutableSettings$Setting;)Ljava/lang/Object;> (0x00000000fafae8c0) thrown at [/build/java8-openjdk/src/jdk8u-jdk8u212-b01/hotspot/src/share/vm/
Event: 0.783 Thread 0x00007f54a800b800 Exception <a 'java/lang/NoSuchMethodError': java.lang.Object.$anonfun$run$1(Ljava/lang/String;)Lscala/runtime/Nothing$;> (0x00000000fb37b9c0) thrown at [/build/java8-openjdk/src/jdk8u-jdk8u212-b01/hotspot/src/share/vm/interpreter/linkResolver.cpp, line 62
Event: 0.787 Thread 0x00007f54a800b800 Exception <a 'java/lang/NoSuchMethodError': java.lang.Object.$anonfun$run$2(Lscala/collection/Seq;Ljava/lang/reflect/Method;)Ljava/lang/Object;> (0x00000000fab05e08) thrown at [/build/java8-openjdk/src/jdk8u-jdk8u212-b01/hotspot/src/share/vm/interpreter/l
Event: 0.789 Thread 0x00007f54a800b800 Exception <a 'java/lang/NoSuchMethodError': java.lang.Object.$anonfun$main$1$adapted(Lscala/Function0;)Ljava/lang/Object;> (0x00000000fab12578) thrown at [/build/java8-openjdk/src/jdk8u-jdk8u212-b01/hotspot/src/share/vm/interpreter/linkResolver.cpp, line 

Events (10 events):
Event: 0.788 loading class scala/compat/Platform$
Event: 0.789 loading class scala/compat/Platform$ done
Event: 0.789 loading class Main$delayedInit$body
Event: 0.789 loading class Main$delayedInit$body done
Event: 0.789 loading class scala/runtime/AbstractFunction0
Event: 0.789 loading class scala/runtime/AbstractFunction0 done
Event: 0.790 loading class jni/Vector3
Event: 0.790 loading class jni/Vector3 done
Event: 0.790 loading class jni/GLWrapper
Event: 0.790 loading class jni/GLWrapper done


Dynamic libraries:
f0000000-f1580000 rw-p 00000000 00:00 0 
f1580000-fab00000 ---p 00000000 00:00 0 
fab00000-fbe00000 rw-p 00000000 00:00 0 
fbe00000-100000000 ---p 00000000 00:00 0 
100000000-1001a0000 rw-p 00000000 00:00 0 
1001a0000-140000000 ---p 00000000 00:00 0 
5588a2b9b000-5588a2b9c000 r--p 00000000 fe:00 4982129                    /usr/lib/jvm/java-8-openjdk/jre/bin/java
5588a2b9c000-5588a2b9d000 r-xp 00001000 fe:00 4982129                    /usr/lib/jvm/java-8-openjdk/jre/bin/java
5588a2b9d000-5588a2b9e000 r--p 00002000 fe:00 4982129                    /usr/lib/jvm/java-8-openjdk/jre/bin/java
5588a2b9e000-5588a2b9f000 r--p 00002000 fe:00 4982129                    /usr/lib/jvm/java-8-openjdk/jre/bin/java
5588a2b9f000-5588a2ba0000 rw-p 00003000 fe:00 4982129                    /usr/lib/jvm/java-8-openjdk/jre/bin/java
5588a457f000-5588a45a0000 rw-p 00000000 00:00 0                          [heap]
7f545c000000-7f545c021000 rw-p 00000000 00:00 0 
7f545c021000-7f5460000000 ---p 00000000 00:00 0 
7f5464000000-7f546406e000 rw-p 00000000 00:00 0 
7f546406e000-7f5468000000 ---p 00000000 00:00 0 
7f5468000000-7f5468021000 rw-p 00000000 00:00 0 
7f5468021000-7f546c000000 ---p 00000000 00:00 0 
7f546c000000-7f546c087000 rw-p 00000000 00:00 0 
7f546c087000-7f5470000000 ---p 00000000 00:00 0 
7f5470000000-7f5470082000 rw-p 00000000 00:00 0 
7f5470082000-7f5474000000 ---p 00000000 00:00 0 
7f5474000000-7f5474021000 rw-p 00000000 00:00 0 
7f5474021000-7f5478000000 ---p 00000000 00:00 0 
7f5478000000-7f5478021000 rw-p 00000000 00:00 0 
7f5478021000-7f547c000000 ---p 00000000 00:00 0 
7f547c000000-7f547c021000 rw-p 00000000 00:00 0 
7f547c021000-7f5480000000 ---p 00000000 00:00 0 
7f5480000000-7f5480021000 rw-p 00000000 00:00 0 
7f5480021000-7f5484000000 ---p 00000000 00:00 0 
7f5484000000-7f5484021000 rw-p 00000000 00:00 0 
7f5484021000-7f5488000000 ---p 00000000 00:00 0 
7f5488000000-7f5488021000 rw-p 00000000 00:00 0 
7f5488021000-7f548c000000 ---p 00000000 00:00 0 
7f548c000000-7f548c021000 rw-p 00000000 00:00 0 
7f548c021000-7f5490000000 ---p 00000000 00:00 0 
7f5490d98000-7f5490d9a000 r--p 00000000 fe:00 4073249                    /usr/lib/libXdmcp.so.6.0.0
7f5490d9a000-7f5490d9c000 r-xp 00002000 fe:00 4073249                    /usr/lib/libXdmcp.so.6.0.0
7f5490d9c000-7f5490d9e000 r--p 00004000 fe:00 4073249                    /usr/lib/libXdmcp.so.6.0.0
7f5490d9e000-7f5490d9f000 r--p 00005000 fe:00 4073249                    /usr/lib/libXdmcp.so.6.0.0
7f5490d9f000-7f5490da0000 rw-p 00006000 fe:00 4073249                    /usr/lib/libXdmcp.so.6.0.0
7f5490da0000-7f5490da5000 r-xp 00000000 fe:00 4069026                    /usr/lib/libXfixes.so.3.1.0
7f5490da5000-7f5490fa4000 ---p 00005000 fe:00 4069026                    /usr/lib/libXfixes.so.3.1.0
7f5490fa4000-7f5490fa5000 r--p 00004000 fe:00 4069026                    /usr/lib/libXfixes.so.3.1.0
7f5490fa5000-7f5490fa6000 rw-p 00005000 fe:00 4069026                    /usr/lib/libXfixes.so.3.1.0
7f5490fa6000-7f5490faa000 r--p 00000000 fe:00 4073250                    /usr/lib/libXext.so.6.4.0
7f5490faa000-7f5490fb5000 r-xp 00004000 fe:00 4073250                    /usr/lib/libXext.so.6.4.0
7f5490fb5000-7f5490fb9000 r--p 0000f000 fe:00 4073250                    /usr/lib/libXext.so.6.4.0
7f5490fb9000-7f5490fba000 r--p 00012000 fe:00 4073250                    /usr/lib/libXext.so.6.4.0
7f5490fba000-7f5490fbb000 rw-p 00013000 fe:00 4073250                    /usr/lib/libXext.so.6.4.0
7f5490fbb000-7f5490fc7000 r--p 00000000 fe:00 4073236                    /usr/lib/libxcb.so.1.1.0
7f5490fc7000-7f5490fda000 r-xp 0000c000 fe:00 4073236                    /usr/lib/libxcb.so.1.1.0
7f5490fda000-7f5490fe3000 r--p 0001f000 fe:00 4073236                    /usr/lib/libxcb.so.1.1.0
7f5490fe3000-7f5490fe4000 r--p 00027000 fe:00 4073236                    /usr/lib/libxcb.so.1.1.0
7f5490fe4000-7f5490fe5000 rw-p 00028000 fe:00 4073236                    /usr/lib/libxcb.so.1.1.0
7f5490fe5000-7f5490fe8000 r--p 00000000 fe:00 4067439                    /usr/lib/libgcc_s.so.1
7f5490fe8000-7f5490ff9000 r-xp 00003000 fe:00 4067439                    /usr/lib/libgcc_s.so.1
7f5490ff9000-7f5490ffc000 r--p 00014000 fe:00 4067439                    /usr/lib/libgcc_s.so.1
7f5490ffc000-7f5490ffd000 ---p 00017000 fe:00 4067439                    /usr/lib/libgcc_s.so.1
7f5490ffd000-7f5490ffe000 r--p 00017000 fe:00 4067439                    /usr/lib/libgcc_s.so.1
7f5490ffe000-7f5490fff000 rw-p 00018000 fe:00 4067439                    /usr/lib/libgcc_s.so.1
7f5490fff000-7f5494000000 rw-p 00000000 00:00 0 
7f5494000000-7f5494021000 rw-p 00000000 00:00 0 
7f5494021000-7f5498000000 ---p 00000000 00:00 0 
7f5498000000-7f5498089000 r--p 00000000 fe:00 4069301                    /usr/lib/libstdc++.so.6.0.25
7f5498089000-7f5498141000 r-xp 00089000 fe:00 4069301                    /usr/lib/libstdc++.so.6.0.25
7f5498141000-7f549817e000 r--p 00141000 fe:00 4069301                    /usr/lib/libstdc++.so.6.0.25
7f549817e000-7f549817f000 ---p 0017e000 fe:00 4069301                    /usr/lib/libstdc++.so.6.0.25
7f549817f000-7f549818b000 r--p 0017e000 fe:00 4069301                    /usr/lib/libstdc++.so.6.0.25
7f549818b000-7f549818c000 rw-p 0018a000 fe:00 4069301                    /usr/lib/libstdc++.so.6.0.25
7f549818c000-7f549818f000 rw-p 00000000 00:00 0 
7f549818f000-7f5498193000 r-xp 00000000 fe:00 4069027                    /usr/lib/libXxf86vm.so.1.0.0
7f5498193000-7f5498393000 ---p 00004000 fe:00 4069027                    /usr/lib/libXxf86vm.so.1.0.0
7f5498393000-7f5498394000 r--p 00004000 fe:00 4069027                    /usr/lib/libXxf86vm.so.1.0.0
7f5498394000-7f5498395000 rw-p 00005000 fe:00 4069027                    /usr/lib/libXxf86vm.so.1.0.0
7f5498395000-7f5498397000 r-xp 00000000 fe:00 4077494                    /usr/lib/libXinerama.so.1.0.0
7f5498397000-7f5498596000 ---p 00002000 fe:00 4077494                    /usr/lib/libXinerama.so.1.0.0
7f5498596000-7f5498597000 r--p 00001000 fe:00 4077494                    /usr/lib/libXinerama.so.1.0.0
7f5498597000-7f5498598000 rw-p 00002000 fe:00 4077494                    /usr/lib/libXinerama.so.1.0.0
7f5498598000-7f54985b4000 r--p 00000000 fe:00 4079815                    /usr/lib/libX11.so.6.3.0
7f54985b4000-7f549863c000 r-xp 0001c000 fe:00 4079815                    /usr/lib/libX11.so.6.3.0
7f549863c000-7f54986d0000 r--p 000a4000 fe:00 4079815                    /usr/lib/libX11.so.6.3.0
7f54986d0000-7f54986d3000 r--p 00137000 fe:00 4079815                    /usr/lib/libX11.so.6.3.0
7f54986d3000-7f54986d7000 rw-p 0013a000 fe:00 4079815                    /usr/lib/libX11.so.6.3.0
7f5498728000-7f5498747000 r--p 00000000 fe:00 414966                     /home/joseph/Documents/Programming/Graphics/OpenGLProject/cmake-build-debug/libOpenGLProject.so
7f5498747000-7f5498787000 r-xp 0001f000 fe:00 414966                     /home/joseph/Documents/Programming/Graphics/OpenGLProject/cmake-build-debug/libOpenGLProject.so
7f5498787000-7f5498799000 r--p 0005f000 fe:00 414966                     /home/joseph/Documents/Programming/Graphics/OpenGLProject/cmake-build-debug/libOpenGLProject.so
7f5498799000-7f549879a000 ---p 00071000 fe:00 414966                     /home/joseph/Documents/Programming/Graphics/OpenGLProject/cmake-build-debug/libOpenGLProject.so
7f549879a000-7f549879c000 r--p 00071000 fe:00 414966                     /home/joseph/Documents/Programming/Graphics/OpenGLProject/cmake-build-debug/libOpenGLProject.so
7f549879c000-7f549879e000 rw-p 00073000 fe:00 414966                     /home/joseph/Documents/Programming/Graphics/OpenGLProject/cmake-build-debug/libOpenGLProject.so
7f549879e000-7f5498920000 rw-p 00000000 00:00 0 
7f5498920000-7f54989a0000 ---p 00000000 00:00 0 
7f54989a0000-7f5498ba0000 rw-p 00000000 00:00 0 
7f5498ba2000-7f5498ba3000 r--p 00000000 fe:00 4073222                    /usr/lib/libXau.so.6.0.0
7f5498ba3000-7f5498ba4000 r-xp 00001000 fe:00 4073222                    /usr/lib/libXau.so.6.0.0
7f5498ba4000-7f5498ba5000 r--p 00002000 fe:00 4073222                    /usr/lib/libXau.so.6.0.0
7f5498ba5000-7f5498ba6000 r--p 00002000 fe:00 4073222                    /usr/lib/libXau.so.6.0.0
7f5498ba6000-7f5498ba7000 rw-p 00003000 fe:00 4073222                    /usr/lib/libXau.so.6.0.0
7f5498ba7000-7f5498ba9000 r--p 00000000 fe:00 4078939                    /usr/lib/libXrender.so.1.3.0
7f5498ba9000-7f5498bb0000 r-xp 00002000 fe:00 4078939                    /usr/lib/libXrender.so.1.3.0
7f5498bb0000-7f5498bb2000 r--p 00009000 fe:00 4078939                    /usr/lib/libXrender.so.1.3.0
7f5498bb2000-7f5498bb3000 r--p 0000a000 fe:00 4078939                    /usr/lib/libXrender.so.1.3.0
7f5498bb3000-7f5498bb4000 rw-p 0000b000 fe:00 4078939                    /usr/lib/libXrender.so.1.3.0
7f5498bb4000-7f5498bb7000 r--p 00000000 fe:00 4078917                    /usr/lib/libXcursor.so.1.0.2
7f5498bb7000-7f5498bbc000 r-xp 00003000 fe:00 4078917                    /usr/lib/libXcursor.so.1.0.2
7f5498bbc000-7f5498bbe000 r--p 00008000 fe:00 4078917                    /usr/lib/libXcursor.so.1.0.2
7f5498bbe000-7f5498bbf000 r--p 00009000 fe:00 4078917                    /usr/lib/libXcursor.so.1.0.2
7f5498bbf000-7f5498bc0000 rw-p 0000a000 fe:00 4078917                    /usr/lib/libXcursor.so.1.0.2
7f5498bc0000-7f5498bc2000 r--p 00000000 fe:00 4078938                    /usr/lib/libXrandr.so.2.2.0
7f5498bc2000-7f5498bc9000 r-xp 00002000 fe:00 4078938                    /usr/lib/libXrandr.so.2.2.0
7f5498bc9000-7f5498bcb000 r--p 00009000 fe:00 4078938                    /usr/lib/libXrandr.so.2.2.0
7f5498bcb000-7f5498bcc000 r--p 0000a000 fe:00 4078938                    /usr/lib/libXrandr.so.2.2.0
7f5498bcc000-7f5498bcd000 rw-p 0000b000 fe:00 4078938                    /usr/lib/libXrandr.so.2.2.0
7f5498bcd000-7f5498bd2000 r--p 00000000 fe:00 4983049                    /usr/lib/jvm/java-8-openjdk/jre/lib/amd64/libnet.so
7f5498bd2000-7f5498be1000 r-xp 00005000 fe:00 4983049                    /usr/lib/jvm/java-8-openjdk/jre/lib/amd64/libnet.so
7f5498be1000-7f5498be5000 r--p 00014000 fe:00 4983049                    /usr/lib/jvm/java-8-openjdk/jre/lib/amd64/libnet.so
7f5498be5000-7f5498be6000 r--p 00017000 fe:00 4983049                    /usr/lib/jvm/java-8-openjdk/jre/lib/amd64/libnet.so
7f5498be6000-7f5498be7000 rw-p 00018000 fe:00 4983049                    /usr/lib/jvm/java-8-openjdk/jre/lib/amd64/libnet.so
7f5498be7000-7f5498bee000 r--p 00000000 fe:00 4983050                    /usr/lib/jvm/java-8-openjdk/jre/lib/amd64/libnio.so
7f5498bee000-7f5498bf6000 r-xp 00007000 fe:00 4983050                    /usr/lib/jvm/java-8-openjdk/jre/lib/amd64/libnio.so
7f5498bf6000-7f5498bf9000 r--p 0000f000 fe:00 4983050                    /usr/lib/jvm/java-8-openjdk/jre/lib/amd64/libnio.so
7f5498bf9000-7f5498bfa000 ---p 00012000 fe:00 4983050                    /usr/lib/jvm/java-8-openjdk/jre/lib/amd64/libnio.so
7f5498bfa000-7f5498bfb000 r--p 00012000 fe:00 4983050                    /usr/lib/jvm/java-8-openjdk/jre/lib/amd64/libnio.so
7f5498bfb000-7f5498bfc000 rw-p 00013000 fe:00 4983050                    /usr/lib/jvm/java-8-openjdk/jre/lib/amd64/libnio.so
7f5498bfc000-7f5498bfd000 ---p 00000000 00:00 0 
7f5498bfd000-7f5498cfd000 rw-p 00000000 00:00 0 
7f5498cfd000-7f5498d00000 ---p 00000000 00:00 0 
7f5498d00000-7f5498dfe000 rw-p 00000000 00:00 0 
7f5498dfe000-7f5498dff000 ---p 00000000 00:00 0 
7f5498dff000-7f5498e02000 ---p 00000000 00:00 0 
7f5498e02000-7f5498eff000 rw-p 00000000 00:00 0 
7f5498eff000-7f5498f00000 ---p 00000000 00:00 0 
7f5498f00000-7f5498f03000 ---p 00000000 00:00 0 
7f5498f03000-7f5499000000 rw-p 00000000 00:00 0 
7f5499000000-7f5499280000 rwxp 00000000 00:00 0 
7f5499280000-7f54a8000000 ---p 00000000 00:00 0 
7f54a8000000-7f54a9525000 rw-p 00000000 00:00 0 
7f54a9525000-7f54ac000000 ---p 00000000 00:00 0 
7f54ac003000-7f54ac009000 r--s 00080000 fe:00 4072599                    /usr/share/scala/lib/scala-xml_2.12-1.0.6.jar
7f54ac009000-7f54ac012000 r--s 000ab000 fe:00 4072582                    /usr/share/scala/lib/scala-swing_2.12-2.0.3.jar
7f54ac012000-7f54ac035000 r--s 00347000 fe:00 4071644                    /usr/share/scala/lib/scala-reflect.jar
7f54ac035000-7f54ac06d000 r--s 004bf000 fe:00 4069441                    /usr/share/scala/lib/scala-library.jar
7f54ac06d000-7f54ac0bc000 r--s 00967000 fe:00 4069435                    /usr/share/scala/lib/scala-compiler.jar
7f54ac0bc000-7f54ac0bd000 ---p 00000000 00:00 0 
7f54ac0bd000-7f54ac0c0000 ---p 00000000 00:00 0 
7f54ac0c0000-7f54ac1bd000 rw-p 00000000 00:00 0 
7f54ac1bd000-7f54ac1c0000 ---p 00000000 00:00 0 
7f54ac1c0000-7f54ac2be000 rw-p 00000000 00:00 0 
7f54ac2be000-7f54ac5a4000 r--p 00000000 fe:00 4078801                    /usr/lib/locale/locale-archive
7f54ac5a4000-7f54ac5a7000 ---p 00000000 00:00 0 
7f54ac5a7000-7f54ac6a5000 rw-p 00000000 00:00 0 
7f54ac6a5000-7f54ac6a8000 ---p 00000000 00:00 0 
7f54ac6a8000-7f54ac7a6000 rw-p 00000000 00:00 0 
7f54ac7a6000-7f54ac7a7000 ---p 00000000 00:00 0 
7f54ac7a7000-7f54ad8a9000 rw-p 00000000 00:00 0 
7f54ad8a9000-7f54ada79000 r--s 03c3a000 fe:00 4983165                    /usr/lib/jvm/java-8-openjdk/jre/lib/rt.jar
7f54ada79000-7f54aebca000 rw-p 00000000 00:00 0 
7f54aebca000-7f54aebcb000 ---p 00000000 00:00 0 
7f54aebcb000-7f54aeccb000 rw-p 00000000 00:00 0 
7f54aeccb000-7f54aeccc000 ---p 00000000 00:00 0 
7f54aeccc000-7f54aedcc000 rw-p 00000000 00:00 0 
7f54aedcc000-7f54aedcd000 ---p 00000000 00:00 0 
7f54aedcd000-7f54aeecd000 rw-p 00000000 00:00 0 
7f54aeecd000-7f54aeece000 ---p 00000000 00:00 0 
7f54aeece000-7f54aefd9000 rw-p 00000000 00:00 0 
7f54aefd9000-7f54af024000 ---p 00000000 00:00 0 
7f54af024000-7f54af02f000 rw-p 00000000 00:00 0 
7f54af02f000-7f54af079000 ---p 00000000 00:00 0 
7f54af079000-7f54af083000 rw-p 00000000 00:00 0 
7f54af083000-7f54af0a4000 ---p 00000000 00:00 0 
7f54af0a4000-7f54af0af000 rw-p 00000000 00:00 0 
7f54af0af000-7f54af465000 ---p 00000000 00:00 0 
7f54af465000-7f54af468000 r--p 00000000 fe:00 4071892                    /usr/lib/libnss_files-2.28.so
7f54af468000-7f54af46f000 r-xp 00003000 fe:00 4071892                    /usr/lib/libnss_files-2.28.so
7f54af46f000-7f54af472000 r--p 0000a000 fe:00 4071892                    /usr/lib/libnss_files-2.28.so
7f54af472000-7f54af473000 r--p 0000c000 fe:00 4071892                    /usr/lib/libnss_files-2.28.so
7f54af473000-7f54af474000 rw-p 0000d000 fe:00 4071892                    /usr/lib/libnss_files-2.28.so
7f54af474000-7f54af47a000 rw-p 00000000 00:00 0 
7f54af47c000-7f54af47e000 r--s 00006000 fe:00 4072524                    /usr/share/scala/lib/scala-repl-jline.jar
7f54af47e000-7f54af483000 r--s 00041000 fe:00 4071912                    /usr/share/scala/lib/scala-repl-jline-embedded.jar
7f54af483000-7f54af489000 r--s 00077000 fe:00 4072603                    /usr/share/scala/lib/scalap.jar
7f54af489000-7f54af494000 r--s 001d6000 fe:00 4069275                    /usr/share/scala/lib/scala-compiler-doc.jar
7f54af494000-7f54af498000 r--s 0003e000 fe:00 4069189                    /usr/share/scala/lib/jline.jar
7f54af498000-7f54af4c0000 rw-p 00000000 00:00 0 
7f54af4c0000-7f54af4c3000 r--p 00000000 fe:00 4983099                    /usr/lib/jvm/java-8-openjdk/jre/lib/amd64/libzip.so
7f54af4c3000-7f54af4c7000 r-xp 00003000 fe:00 4983099                    /usr/lib/jvm/java-8-openjdk/jre/lib/amd64/libzip.so
7f54af4c7000-7f54af4c9000 r--p 00007000 fe:00 4983099                    /usr/lib/jvm/java-8-openjdk/jre/lib/amd64/libzip.so
7f54af4c9000-7f54af4ca000 r--p 00008000 fe:00 4983099                    /usr/lib/jvm/java-8-openjdk/jre/lib/amd64/libzip.so
7f54af4ca000-7f54af4cb000 rw-p 00009000 fe:00 4983099                    /usr/lib/jvm/java-8-openjdk/jre/lib/amd64/libzip.so
7f54af4cb000-7f54af4cd000 r--p 00000000 fe:00 4078347                    /usr/lib/librt-2.28.so
7f54af4cd000-7f54af4d1000 r-xp 00002000 fe:00 4078347                    /usr/lib/librt-2.28.so
7f54af4d1000-7f54af4d3000 r--p 00006000 fe:00 4078347                    /usr/lib/librt-2.28.so
7f54af4d3000-7f54af4d4000 r--p 00007000 fe:00 4078347                    /usr/lib/librt-2.28.so
7f54af4d4000-7f54af4d5000 rw-p 00008000 fe:00 4078347                    /usr/lib/librt-2.28.so
7f54af4d5000-7f54af4d6000 ---p 00000000 00:00 0 
7f54af4d6000-7f54af4d9000 ---p 00000000 00:00 0 
7f54af4d9000-7f54af5d6000 rw-p 00000000 00:00 0 
7f54af5d6000-7f54af5e3000 r--p 00000000 fe:00 4071870                    /usr/lib/libm-2.28.so
7f54af5e3000-7f54af684000 r-xp 0000d000 fe:00 4071870                    /usr/lib/libm-2.28.so
7f54af684000-7f54af759000 r--p 000ae000 fe:00 4071870                    /usr/lib/libm-2.28.so
7f54af759000-7f54af75a000 r--p 00182000 fe:00 4071870                    /usr/lib/libm-2.28.so
7f54af75a000-7f54af75b000 rw-p 00183000 fe:00 4071870                    /usr/lib/libm-2.28.so
7f54af75b000-7f54af94c000 r--p 00000000 fe:00 4983102                    /usr/lib/jvm/java-8-openjdk/jre/lib/amd64/server/libjvm.so
7f54af94c000-7f54b01bf000 r-xp 001f1000 fe:00 4983102                    /usr/lib/jvm/java-8-openjdk/jre/lib/amd64/server/libjvm.so
7f54b01bf000-7f54b035f000 r--p 00a64000 fe:00 4983102                    /usr/lib/jvm/java-8-openjdk/jre/lib/amd64/server/libjvm.so
7f54b035f000-7f54b0360000 ---p 00c04000 fe:00 4983102                    /usr/lib/jvm/java-8-openjdk/jre/lib/amd64/server/libjvm.so
7f54b0360000-7f54b03f5000 r--p 00c04000 fe:00 4983102                    /usr/lib/jvm/java-8-openjdk/jre/lib/amd64/server/libjvm.so
7f54b03f5000-7f54b041d000 rw-p 00c99000 fe:00 4983102                    /usr/lib/jvm/java-8-openjdk/jre/lib/amd64/server/libjvm.so
7f54b041d000-7f54b044f000 rw-p 00000000 00:00 0 
7f54b044f000-7f54b0455000 r--p 00000000 fe:00 4071899                    /usr/lib/libpthread-2.28.so
7f54b0455000-7f54b0464000 r-xp 00006000 fe:00 4071899                    /usr/lib/libpthread-2.28.so
7f54b0464000-7f54b046a000 r--p 00015000 fe:00 4071899                    /usr/lib/libpthread-2.28.so
7f54b046a000-7f54b046b000 r--p 0001a000 fe:00 4071899                    /usr/lib/libpthread-2.28.so
7f54b046b000-7f54b046c000 rw-p 0001b000 fe:00 4071899                    /usr/lib/libpthread-2.28.so
7f54b046c000-7f54b0470000 rw-p 00000000 00:00 0 
7f54b0470000-7f54b0471000 r--p 00000000 fe:00 4071864                    /usr/lib/libdl-2.28.so
7f54b0471000-7f54b0472000 r-xp 00001000 fe:00 4071864                    /usr/lib/libdl-2.28.so
7f54b0472000-7f54b0473000 r--p 00002000 fe:00 4071864                    /usr/lib/libdl-2.28.so
7f54b0473000-7f54b0474000 r--p 00002000 fe:00 4071864                    /usr/lib/libdl-2.28.so
7f54b0474000-7f54b0475000 rw-p 00003000 fe:00 4071864                    /usr/lib/libdl-2.28.so
7f54b0475000-7f54b048b000 r-xp 00000000 fe:00 4069349                    /usr/lib/libz.so.1.2.11
7f54b048b000-7f54b068a000 ---p 00016000 fe:00 4069349                    /usr/lib/libz.so.1.2.11
7f54b068a000-7f54b068b000 r--p 00015000 fe:00 4069349                    /usr/lib/libz.so.1.2.11
7f54b068b000-7f54b068c000 rw-p 00016000 fe:00 4069349                    /usr/lib/libz.so.1.2.11
7f54b068c000-7f54b06ae000 r--p 00000000 fe:00 4071855                    /usr/lib/libc-2.28.so
7f54b06ae000-7f54b07f9000 r-xp 00022000 fe:00 4071855                    /usr/lib/libc-2.28.so
7f54b07f9000-7f54b0845000 r--p 0016d000 fe:00 4071855                    /usr/lib/libc-2.28.so
7f54b0845000-7f54b0846000 ---p 001b9000 fe:00 4071855                    /usr/lib/libc-2.28.so
7f54b0846000-7f54b084a000 r--p 001b9000 fe:00 4071855                    /usr/lib/libc-2.28.so
7f54b084a000-7f54b084c000 rw-p 001bd000 fe:00 4071855                    /usr/lib/libc-2.28.so
7f54b084c000-7f54b0850000 rw-p 00000000 00:00 0 
7f54b0851000-7f54b0856000 rw-p 00000000 00:00 0 
7f54b0856000-7f54b085e000 rw-s 00000000 00:2c 45                         /tmp/hsperfdata_joseph/30550
7f54b085e000-7f54b085f000 rw-p 00000000 00:00 0 
7f54b085f000-7f54b0860000 r--p 00000000 00:00 0 
7f54b0860000-7f54b086d000 r--p 00000000 fe:00 4983038                    /usr/lib/jvm/java-8-openjdk/jre/lib/amd64/libjava.so
7f54b086d000-7f54b0885000 r-xp 0000d000 fe:00 4983038                    /usr/lib/jvm/java-8-openjdk/jre/lib/amd64/libjava.so
7f54b0885000-7f54b088c000 r--p 00025000 fe:00 4983038                    /usr/lib/jvm/java-8-openjdk/jre/lib/amd64/libjava.so
7f54b088c000-7f54b088d000 ---p 0002c000 fe:00 4983038                    /usr/lib/jvm/java-8-openjdk/jre/lib/amd64/libjava.so
7f54b088d000-7f54b088e000 r--p 0002c000 fe:00 4983038                    /usr/lib/jvm/java-8-openjdk/jre/lib/amd64/libjava.so
7f54b088e000-7f54b088f000 rw-p 0002d000 fe:00 4983038                    /usr/lib/jvm/java-8-openjdk/jre/lib/amd64/libjava.so
7f54b088f000-7f54b0890000 rw-p 00000000 00:00 0 
7f54b0890000-7f54b0895000 r--p 00000000 fe:00 4983098                    /usr/lib/jvm/java-8-openjdk/jre/lib/amd64/libverify.so
7f54b0895000-7f54b089c000 r-xp 00005000 fe:00 4983098                    /usr/lib/jvm/java-8-openjdk/jre/lib/amd64/libverify.so
7f54b089c000-7f54b089e000 r--p 0000c000 fe:00 4983098                    /usr/lib/jvm/java-8-openjdk/jre/lib/amd64/libverify.so
7f54b089e000-7f54b08a0000 r--p 0000d000 fe:00 4983098                    /usr/lib/jvm/java-8-openjdk/jre/lib/amd64/libverify.so
7f54b08a0000-7f54b08a1000 rw-p 0000f000 fe:00 4983098                    /usr/lib/jvm/java-8-openjdk/jre/lib/amd64/libverify.so
7f54b08a1000-7f54b08a3000 r--p 00000000 fe:00 4982149                    /usr/lib/jvm/java-8-openjdk/jre/lib/amd64/jli/libjli.so
7f54b08a3000-7f54b08ac000 r-xp 00002000 fe:00 4982149                    /usr/lib/jvm/java-8-openjdk/jre/lib/amd64/jli/libjli.so
7f54b08ac000-7f54b08af000 r--p 0000b000 fe:00 4982149                    /usr/lib/jvm/java-8-openjdk/jre/lib/amd64/jli/libjli.so
7f54b08af000-7f54b08b0000 r--p 0000d000 fe:00 4982149                    /usr/lib/jvm/java-8-openjdk/jre/lib/amd64/jli/libjli.so
7f54b08b0000-7f54b08b1000 rw-p 0000e000 fe:00 4982149                    /usr/lib/jvm/java-8-openjdk/jre/lib/amd64/jli/libjli.so
7f54b08b1000-7f54b08b3000 rw-p 00000000 00:00 0 
7f54b08b3000-7f54b08b5000 r--p 00000000 fe:00 4071843                    /usr/lib/ld-2.28.so
7f54b08b5000-7f54b08d4000 r-xp 00002000 fe:00 4071843                    /usr/lib/ld-2.28.so
7f54b08d4000-7f54b08dc000 r--p 00021000 fe:00 4071843                    /usr/lib/ld-2.28.so
7f54b08dc000-7f54b08dd000 r--p 00028000 fe:00 4071843                    /usr/lib/ld-2.28.so
7f54b08dd000-7f54b08de000 rw-p 00029000 fe:00 4071843                    /usr/lib/ld-2.28.so
7f54b08de000-7f54b08df000 rw-p 00000000 00:00 0 
7ffe49abd000-7ffe49ade000 rw-p 00000000 00:00 0                          [stack]
7ffe49af7000-7ffe49afa000 r--p 00000000 00:00 0                          [vvar]
7ffe49afa000-7ffe49afc000 r-xp 00000000 00:00 0                          [vdso]
ffffffffff600000-ffffffffff601000 r-xp 00000000 00:00 0                  [vsyscall]

VM Arguments:
jvm_args: -Xmx256M -Xms32M -Xbootclasspath/a:/usr/share/scala/lib/jline.jar:/usr/share/scala/lib/scala-compiler-doc.jar:/usr/share/scala/lib/scala-compiler.jar:/usr/share/scala/lib/scala-library.jar:/usr/share/scala/lib/scalap.jar:/usr/share/scala/lib/scala-reflect.jar:/usr/share/scala/lib/scala-repl-jline-embedded.jar:/usr/share/scala/lib/scala-repl-jline.jar:/usr/share/scala/lib/scala-swing_2.12-2.0.3.jar:/usr/share/scala/lib/scala-xml_2.12-1.0.6.jar -Dscala.boot.class.path=/usr/share/scala/lib/jline.jar:/usr/share/scala/lib/scala-compiler-doc.jar:/usr/share/scala/lib/scala-compiler.jar:/usr/share/scala/lib/scala-library.jar:/usr/share/scala/lib/scalap.jar:/usr/share/scala/lib/scala-reflect.jar:/usr/share/scala/lib/scala-repl-jline-embedded.jar:/usr/share/scala/lib/scala-repl-jline.jar:/usr/share/scala/lib/scala-swing_2.12-2.0.3.jar:/usr/share/scala/lib/scala-xml_2.12-1.0.6.jar -Dscala.home=/usr/share/scala -Dscala.usejavacp=true 
java_command: scala.tools.nsc.MainGenericRunner Main
java_class_path (initial): ""
Launcher Type: SUN_STANDARD

Environment Variables:
PATH=/opt/java/jdk-11.0.2/bin:/usr/local/sbin:/usr/local/bin:/usr/bin:/opt/android-sdk/platform-tools:/opt/android-sdk/tools:/opt/android-sdk/tools/bin:/var/lib/flatpak/exports/bin:/usr/lib/jvm/default/bin:/usr/bin/site_perl:/usr/bin/vendor_perl:/usr/bin/core_perl
SHELL=/usr/bin/fish
DISPLAY=:0

Signal Handlers:
SIGSEGV: [libjvm.so+0xa32bd0], sa_mask[0]=11111111011111111101111111111110, sa_flags=SA_RESTART|SA_SIGINFO
SIGBUS: [libjvm.so+0xa32bd0], sa_mask[0]=11111111011111111101111111111110, sa_flags=SA_RESTART|SA_SIGINFO
SIGFPE: [libjvm.so+0x88ebd0], sa_mask[0]=11111111011111111101111111111110, sa_flags=SA_RESTART|SA_SIGINFO
SIGPIPE: [libjvm.so+0x88ebd0], sa_mask[0]=11111111011111111101111111111110, sa_flags=SA_RESTART|SA_SIGINFO
SIGXFSZ: [libjvm.so+0x88ebd0], sa_mask[0]=11111111011111111101111111111110, sa_flags=SA_RESTART|SA_SIGINFO
SIGILL: [libjvm.so+0x88ebd0], sa_mask[0]=11111111011111111101111111111110, sa_flags=SA_RESTART|SA_SIGINFO
SIGUSR1: SIG_DFL, sa_mask[0]=00000000000000000000000000000000, sa_flags=none
SIGUSR2: [libjvm.so+0x88ea60], sa_mask[0]=00100000000000000000000000000000, sa_flags=SA_RESTART|SA_SIGINFO
SIGHUP: [libjvm.so+0x88ee70], sa_mask[0]=11111111011111111101111111111110, sa_flags=SA_RESTART|SA_SIGINFO
SIGINT: [libjvm.so+0x88ee70], sa_mask[0]=11111111011111111101111111111110, sa_flags=SA_RESTART|SA_SIGINFO
SIGTERM: [libjvm.so+0x88ee70], sa_mask[0]=11111111011111111101111111111110, sa_flags=SA_RESTART|SA_SIGINFO
SIGQUIT: [libjvm.so+0x88ee70], sa_mask[0]=11111111011111111101111111111110, sa_flags=SA_RESTART|SA_SIGINFO


---------------  S Y S T E M  ---------------

OS:DISTRIB_ID=ManjaroLinux
DISTRIB_RELEASE=18.0.4
DISTRIB_CODENAME=Illyria
DISTRIB_DESCRIPTION="Manjaro Linux"

uname:Linux 4.14.109-1-MANJARO #1 SMP PREEMPT Wed Mar 27 18:51:38 UTC 2019 x86_64
libc:glibc 2.28 NPTL 2.28 
rlimit: STACK 8192k, CORE infinity, NPROC 30719, NOFILE 1048576, AS infinity
load average:4.69 3.54 2.44

/proc/meminfo:
MemTotal:        8109572 kB
MemFree:          158092 kB
MemAvailable:     357264 kB
Buffers:           22816 kB
Cached:           660056 kB
SwapCached:       209700 kB
Active:          6240256 kB
Inactive:        1152852 kB
Active(anon):    6077936 kB
Inactive(anon):   930204 kB
Active(file):     162320 kB
Inactive(file):   222648 kB
Unevictable:          48 kB
Mlocked:              48 kB
SwapTotal:       8290300 kB
SwapFree:        5982460 kB
Dirty:              6576 kB
Writeback:             0 kB
AnonPages:       6704656 kB
Mapped:           673532 kB
Shmem:            297872 kB
Slab:             173944 kB
SReclaimable:      66796 kB
SUnreclaim:       107148 kB
KernelStack:       16672 kB
PageTables:        54836 kB
NFS_Unstable:          0 kB
Bounce:                0 kB
WritebackTmp:          0 kB
CommitLimit:    12345084 kB
Committed_AS:   14401880 kB
VmallocTotal:   34359738367 kB
VmallocUsed:           0 kB
VmallocChunk:          0 kB
HardwareCorrupted:     0 kB
AnonHugePages:   2355200 kB
ShmemHugePages:        0 kB
ShmemPmdMapped:        0 kB
HugePages_Total:       0
HugePages_Free:        0
HugePages_Rsvd:        0
HugePages_Surp:        0
Hugepagesize:       2048 kB
DirectMap4k:      674724 kB
DirectMap2M:     7651328 kB
DirectMap1G:     1048576 kB

container (cgroup) information:
container_type: cgroupv1
cpu_cpuset_cpus: 0-3
cpu_memory_nodes: 0
active_processor_count: 4
cpu_quota: -1
cpu_period: 100000
cpu_shares: -1
memory_limit_in_bytes: -1
memory_and_swap_limit_in_bytes: -1
memory_soft_limit_in_bytes: -1
memory_usage_in_bytes: 7488737280
memory_max_usage_in_bytes: 7636320256


CPU:total 4 (initial active 4) (2 cores per cpu, 2 threads per core) family 6 model 60 stepping 3, cmov, cx8, fxsr, mmx, sse, sse2, sse3, ssse3, sse4.1, sse4.2, popcnt, avx, avx2, aes, clmul, erms, lzcnt, ht, tsc, tscinvbit, bmi1, bmi2

/proc/cpuinfo:
processor	: 0
vendor_id	: GenuineIntel
cpu family	: 6
model		: 60
model name	: Intel(R) Core(TM) i3-4130 CPU @ 3.40GHz
stepping	: 3
microcode	: 0x25
cpu MHz		: 2286.623
cache size	: 3072 KB
physical id	: 0
siblings	: 4
core id		: 0
cpu cores	: 2
apicid		: 0
initial apicid	: 0
fpu		: yes
fpu_exception	: yes
cpuid level	: 13
wp		: yes
flags		: fpu vme de pse tsc msr pae mce cx8 apic sep mtrr pge mca cmov pat pse36 clflush dts acpi mmx fxsr sse sse2 ss ht tm pbe syscall nx pdpe1gb rdtscp lm constant_tsc arch_perfmon pebs bts rep_good nopl xtopology nonstop_tsc cpuid aperfmperf pni pclmulqdq dtes64 monitor ds_cpl vmx est tm2 ssse3 sdbg fma cx16 xtpr pdcm pcid sse4_1 sse4_2 movbe popcnt tsc_deadline_timer aes xsave avx f16c rdrand lahf_lm abm cpuid_fault epb invpcid_single pti ssbd ibrs ibpb stibp tpr_shadow vnmi flexpriority ept vpid fsgsbase tsc_adjust bmi1 avx2 smep bmi2 erms invpcid xsaveopt dtherm arat pln pts flush_l1d
bugs		: cpu_meltdown spectre_v1 spectre_v2 spec_store_bypass l1tf
bogomips	: 6787.40
clflush size	: 64
cache_alignment	: 64
address sizes	: 39 bits physical, 48 bits virtual
power management:

processor	: 1
vendor_id	: GenuineIntel
cpu family	: 6
model		: 60
model name	: Intel(R) Core(TM) i3-4130 CPU @ 3.40GHz
stepping	: 3
microcode	: 0x25
cpu MHz		: 2447.124
cache size	: 3072 KB
physical id	: 0
siblings	: 4
core id		: 1
cpu cores	: 2
apicid		: 2
initial apicid	: 2
fpu		: yes
fpu_exception	: yes
cpuid level	: 13
wp		: yes
flags		: fpu vme de pse tsc msr pae mce cx8 apic sep mtrr pge mca cmov pat pse36 clflush dts acpi mmx fxsr sse sse2 ss ht tm pbe syscall nx pdpe1gb rdtscp lm constant_tsc arch_perfmon pebs bts rep_good nopl xtopology nonstop_tsc cpuid aperfmperf pni pclmulqdq dtes64 monitor ds_cpl vmx est tm2 ssse3 sdbg fma cx16 xtpr pdcm pcid sse4_1 sse4_2 movbe popcnt tsc_deadline_timer aes xsave avx f16c rdrand lahf_lm abm cpuid_fault epb invpcid_single pti ssbd ibrs ibpb stibp tpr_shadow vnmi flexpriority ept vpid fsgsbase tsc_adjust bmi1 avx2 smep bmi2 erms invpcid xsaveopt dtherm arat pln pts flush_l1d
bugs		: cpu_meltdown spectre_v1 spectre_v2 spec_store_bypass l1tf
bogomips	: 6787.40
clflush size	: 64
cache_alignment	: 64
address sizes	: 39 bits physical, 48 bits virtual
power management:

processor	: 2
vendor_id	: GenuineIntel
cpu family	: 6
model		: 60
model name	: Intel(R) Core(TM) i3-4130 CPU @ 3.40GHz
stepping	: 3
microcode	: 0x25
cpu MHz		: 2421.724
cache size	: 3072 KB
physical id	: 0
siblings	: 4
core id		: 0
cpu cores	: 2
apicid		: 1
initial apicid	: 1
fpu		: yes
fpu_exception	: yes
cpuid level	: 13
wp		: yes
flags		: fpu vme de pse tsc msr pae mce cx8 apic sep mtrr pge mca cmov pat pse36 clflush dts acpi mmx fxsr sse sse2 ss ht tm pbe syscall nx pdpe1gb rdtscp lm constant_tsc arch_perfmon pebs bts rep_good nopl xtopology nonstop_tsc cpuid aperfmperf pni pclmulqdq dtes64 monitor ds_cpl vmx est tm2 ssse3 sdbg fma cx16 xtpr pdcm pcid sse4_1 sse4_2 movbe popcnt tsc_deadline_timer aes xsave avx f16c rdrand lahf_lm abm cpuid_fault epb invpcid_single pti ssbd ibrs ibpb stibp tpr_shadow vnmi flexpriority ept vpid fsgsbase tsc_adjust bmi1 avx2 smep bmi2 erms invpcid xsaveopt dtherm arat pln pts flush_l1d
bugs		: cpu_meltdown spectre_v1 spectre_v2 spec_store_bypass l1tf
bogomips	: 6787.40
clflush size	: 64
cache_alignment	: 64
address sizes	: 39 bits physical, 48 bits virtual
power management:

processor	: 3
vendor_id	: GenuineIntel
cpu family	: 6
model		: 60
model name	: Intel(R) Core(TM) i3-4130 CPU @ 3.40GHz
stepping	: 3
microcode	: 0x25
cpu MHz		: 2337.953
cache size	: 3072 KB
physical id	: 0
siblings	: 4
core id		: 1
cpu cores	: 2
apicid		: 3
initial apicid	: 3
fpu		: yes
fpu_exception	: yes
cpuid level	: 13
wp		: yes
flags		: fpu vme de pse tsc msr pae mce cx8 apic sep mtrr pge mca cmov pat pse36 clflush dts acpi mmx fxsr sse sse2 ss ht tm pbe syscall nx pdpe1gb rdtscp lm constant_tsc arch_perfmon pebs bts rep_good nopl xtopology nonstop_tsc cpuid aperfmperf pni pclmulqdq dtes64 monitor ds_cpl vmx est tm2 ssse3 sdbg fma cx16 xtpr pdcm pcid sse4_1 sse4_2 movbe popcnt tsc_deadline_timer aes xsave avx f16c rdrand lahf_lm abm cpuid_fault epb invpcid_single pti ssbd ibrs ibpb stibp tpr_shadow vnmi flexpriority ept vpid fsgsbase tsc_adjust bmi1 avx2 smep bmi2 erms invpcid xsaveopt dtherm arat pln pts flush_l1d
bugs		: cpu_meltdown spectre_v1 spectre_v2 spec_store_bypass l1tf
bogomips	: 6787.40
clflush size	: 64
cache_alignment	: 64
address sizes	: 39 bits physical, 48 bits virtual
power management:



Memory: 4k page, physical 8109572k(157100k free), swap 8290300k(5982460k free)

vm_info: OpenJDK 64-Bit Server VM (25.212-b01) for linux-amd64 JRE (1.8.0_212-b01), built on Mar 21 2019 23:20:35 by "builduser" with gcc 8.2.1 20181127

time: Mon Apr  8 22:02:20 2019
timezone: BST
elapsed time: 0 seconds (0d 0h 0m 0s)

