#
# A fatal error has been detected by the Java Runtime Environment:
#
#  SIGSEGV (0xb) at pc=0x0000000000000000, pid=29505, tid=0x00007fd9d316a700
#
# JRE version: OpenJDK Runtime Environment (8.0_212-b01) (build 1.8.0_212-b01)
# Java VM: OpenJDK 64-Bit Server VM (25.212-b01 mixed mode linux-amd64 compressed oops)
# Problematic frame:
# C  0x0000000000000000
#
# Core dump written. Default location: /home/joseph/Documents/Programming/Graphics/OpenGLProject/out/production/OpenGLProject/core or core.29505
#
# If you would like to submit a bug report, please visit:
#   http://bugreport.java.com/bugreport/crash.jsp
# The crash happened outside the Java Virtual Machine in native code.
# See problematic frame for where to report the bug.
#

---------------  T H R E A D  ---------------

Current thread (0x00007fd9cc00b800):  JavaThread "main" [_thread_in_native, id=29506, stack(0x00007fd9d306b000,0x00007fd9d316b000)]

siginfo: si_signo: 11 (SIGSEGV), si_code: 1 (SEGV_MAPERR), si_addr: 0x0000000000000000

Registers:
RAX=0x0000000000000000, RBX=0x0000000000000001, RCX=0x00007fd9d3168470, RDX=0x00007fd9cc00b800
RSP=0x00007fd9d3168398, RBP=0x00007fd9d3168420, RSI=0x00007fd9cc00b800, RDI=0x0000000000000001
R8 =0x00007fd9d43e1720, R9 =0x00007fd9d316a700, R10=0x0000000000000000, R11=0x00007fd9bc2fbdbc
R12=0x0000000000000000, R13=0x00007fd9bc492438, R14=0x00007fd9d3168540, R15=0x00007fd9cc00b800
RIP=0x0000000000000000, EFLAGS=0x0000000000010246, CSGSFS=0x002b000000000033, ERR=0x0000000000000014
  TRAPNO=0x000000000000000e

Top of Stack: (sp=0x00007fd9d3168398)
0x00007fd9d3168398:   00007fd9bc2fbdf9 0000000000000000
0x00007fd9d31683a8:   0000000100000000 00007fd9d3168470
0x00007fd9d31683b8:   00007fd9cc00b800 0000000000000000
0x00007fd9d31683c8:   0000000000000000 0000000000000000
0x00007fd9d31683d8:   0000000000000000 0000000000000000
0x00007fd9d31683e8:   0000000000000000 0000000000000000
0x00007fd9d31683f8:   0000000000000000 00007fd9cd4e4c70
0x00007fd9d3168408:   832a4d130f4b6d00 0000000000000001
0x00007fd9d3168418:   0000000000000001 00007fd9d31684b0
0x00007fd9d3168428:   00007fd9bc2fd61d 00007f01bc492438
0x00007fd9d3168438:   00007fd9d3168540 00007fd9d3168528
0x00007fd9d3168448:   00007fd9cc00b9e0 00007fd9bc492438
0x00007fd9d3168458:   00007fd9cc00b800 00007fd9cd4e4c70
0x00007fd9d3168468:   00007fd9cc00b800 00007fd9d3168480
0x00007fd9d3168478:   000000000000000f 66656d6f73657761
0x00007fd9d3168488:   00676e702e656361 00007fd9bc492438
0x00007fd9d3168498:   832a4d130f4b6d00 00007fd9d3168518
0x00007fd9d31684a8:   00007fd9bc492438 00007fd9d3168518
0x00007fd9d31684b8:   00007fd9bd018407 00007fd9d3168518
0x00007fd9d31684c8:   00007fd9bd018167 00007fd9bd018122
0x00007fd9d31684d8:   00007fd9d31684d8 00007fd9bc492438
0x00007fd9d31684e8:   00007fd9d3168540 00007fd9bc492688
0x00007fd9d31684f8:   0000000000000000 00007fd9bc492438
0x00007fd9d3168508:   0000000000000000 00007fd9d3168538
0x00007fd9d3168518:   00007fd9d3168590 00007fd9bd007a40
0x00007fd9d3168528:   00000000fab1bff8 00007fd9bd011a56
0x00007fd9d3168538:   0000000000000001 00000000fab19008
0x00007fd9d3168548:   00000000fab0ec00 00007fd9d3168550
0x00007fd9d3168558:   00007fd9bc48ee42 00007fd9d31685a8
0x00007fd9d3168568:   00007fd9bc48f428 0000000000000000
0x00007fd9d3168578:   00007fd9bc48eed0 00007fd9d3168538
0x00007fd9d3168588:   00007fd9d31685a8 00007fd9d31685f0 

Instructions: (pc=0x0000000000000000)
0xffffffffffffffe0:   

Register to memory mapping:

RAX=0x0000000000000000 is an unknown value
RBX=0x0000000000000001 is an unknown value
RCX=0x00007fd9d3168470 is pointing into the stack for thread: 0x00007fd9cc00b800
RDX=0x00007fd9cc00b800 is a thread
RSP=0x00007fd9d3168398 is pointing into the stack for thread: 0x00007fd9cc00b800
RBP=0x00007fd9d3168420 is pointing into the stack for thread: 0x00007fd9cc00b800
RSI=0x00007fd9cc00b800 is a thread
RDI=0x0000000000000001 is an unknown value
R8 =0x00007fd9d43e1720: <offset 0x1c0720> in /usr/lib/libc.so.6 at 0x00007fd9d4221000
R9 =0x00007fd9d316a700 is pointing into the stack for thread: 0x00007fd9cc00b800
R10=0x0000000000000000 is an unknown value
R11=0x00007fd9bc2fbdbc: _ZN4core15generateTextureEPjNSt7__cxx1112basic_stringIcSt11char_traitsIcESaIcEEEb+0 in /home/joseph/Documents/Programming/Graphics/OpenGLProject/cmake-build-debug/libOpenGLProject.so at 0x00007fd9bc2c0000
R12=0x0000000000000000 is an unknown value
R13={method} {0x00007fd9bc492438} 'generateTexture' '(Ljava/lang/String;Z)I' in 'jni/GLWrapper'
R14=0x00007fd9d3168540 is pointing into the stack for thread: 0x00007fd9cc00b800
R15=0x00007fd9cc00b800 is a thread


Stack: [0x00007fd9d306b000,0x00007fd9d316b000],  sp=0x00007fd9d3168398,  free space=1012k
Java frames: (J=compiled Java code, j=interpreted, Vv=VM code)
j  jni.GLWrapper.generateTexture(Ljava/lang/String;Z)I+0
j  Main$.delayedEndpoint$Main$1()V+50
j  Main$delayedInit$body.apply()Ljava/lang/Object;+4
j  scala.Function0.apply$mcV$sp()V+1
j  scala.Function0.apply$mcV$sp$(Lscala/Function0;)V+1
j  scala.runtime.AbstractFunction0.apply$mcV$sp()V+1
j  scala.App.$anonfun$main$1(Lscala/Function0;)V+1
j  scala.App.$anonfun$main$1$adapted(Lscala/Function0;)Ljava/lang/Object;+1
j  scala.App$$Lambda$128.apply(Ljava/lang/Object;)Ljava/lang/Object;+4
j  scala.collection.immutable.List.foreach(Lscala/Function1;)V+14
j  scala.collection.generic.TraversableForwarder.foreach(Lscala/Function1;)V+7
j  scala.collection.generic.TraversableForwarder.foreach$(Lscala/collection/generic/TraversableForwarder;Lscala/Function1;)V+2
j  scala.collection.mutable.ListBuffer.foreach(Lscala/Function1;)V+2
j  scala.App.main([Ljava/lang/String;)V+18
j  scala.App.main$(Lscala/App;[Ljava/lang/String;)V+2
j  Main$.main([Ljava/lang/String;)V+2
j  Main.main([Ljava/lang/String;)V+4
v  ~StubRoutines::call_stub
j  sun.reflect.NativeMethodAccessorImpl.invoke0(Ljava/lang/reflect/Method;Ljava/lang/Object;[Ljava/lang/Object;)Ljava/lang/Object;+0
j  sun.reflect.NativeMethodAccessorImpl.invoke(Ljava/lang/Object;[Ljava/lang/Object;)Ljava/lang/Object;+100
j  sun.reflect.DelegatingMethodAccessorImpl.invoke(Ljava/lang/Object;[Ljava/lang/Object;)Ljava/lang/Object;+6
j  java.lang.reflect.Method.invoke(Ljava/lang/Object;[Ljava/lang/Object;)Ljava/lang/Object;+56
j  scala.reflect.internal.util.ScalaClassLoader.$anonfun$run$2(Lscala/collection/Seq;Ljava/lang/reflect/Method;)Ljava/lang/Object;+27
j  scala.reflect.internal.util.ScalaClassLoader$$Lambda$127.apply()Ljava/lang/Object;+8
j  scala.reflect.internal.util.ScalaClassLoader.asContext(Lscala/Function0;)Ljava/lang/Object;+18
j  scala.reflect.internal.util.ScalaClassLoader.asContext$(Lscala/reflect/internal/util/ScalaClassLoader;Lscala/Function0;)Ljava/lang/Object;+2
j  scala.reflect.internal.util.ScalaClassLoader$URLClassLoader.asContext(Lscala/Function0;)Ljava/lang/Object;+2
j  scala.reflect.internal.util.ScalaClassLoader.run(Ljava/lang/String;Lscala/collection/Seq;)V+90
j  scala.reflect.internal.util.ScalaClassLoader.run$(Lscala/reflect/internal/util/ScalaClassLoader;Ljava/lang/String;Lscala/collection/Seq;)V+3
j  scala.reflect.internal.util.ScalaClassLoader$URLClassLoader.run(Ljava/lang/String;Lscala/collection/Seq;)V+3
j  scala.tools.nsc.CommonRunner.run(Lscala/collection/Seq;Ljava/lang/String;Lscala/collection/Seq;)V+15
j  scala.tools.nsc.CommonRunner.run$(Lscala/tools/nsc/CommonRunner;Lscala/collection/Seq;Ljava/lang/String;Lscala/collection/Seq;)V+4
j  scala.tools.nsc.ObjectRunner$.run(Lscala/collection/Seq;Ljava/lang/String;Lscala/collection/Seq;)V+4
j  scala.tools.nsc.CommonRunner.runAndCatch(Lscala/collection/Seq;Ljava/lang/String;Lscala/collection/Seq;)Lscala/util/Either;+4
j  scala.tools.nsc.CommonRunner.runAndCatch$(Lscala/tools/nsc/CommonRunner;Lscala/collection/Seq;Ljava/lang/String;Lscala/collection/Seq;)Lscala/util/Either;+4
j  scala.tools.nsc.ObjectRunner$.runAndCatch(Lscala/collection/Seq;Ljava/lang/String;Lscala/collection/Seq;)Lscala/util/Either;+4
j  scala.tools.nsc.MainGenericRunner.runTarget$1(Lscala/tools/nsc/GenericRunnerCommand;)Lscala/util/Either;+39
j  scala.tools.nsc.MainGenericRunner.run$1(Lscala/tools/nsc/GenericRunnerCommand;)Z+1
j  scala.tools.nsc.MainGenericRunner.process([Ljava/lang/String;)Z+128
j  scala.tools.nsc.MainGenericRunner$.main([Ljava/lang/String;)V+2
j  scala.tools.nsc.MainGenericRunner.main([Ljava/lang/String;)V+4
v  ~StubRoutines::call_stub

---------------  P R O C E S S  ---------------

Java Threads: ( => current thread )
  0x00007fd9cc0c2000 JavaThread "Service Thread" daemon [_thread_blocked, id=29518, stack(0x00007fd9bc916000,0x00007fd9bca17000)]
  0x00007fd9cc0be800 JavaThread "C1 CompilerThread2" daemon [_thread_blocked, id=29517, stack(0x00007fd9bca18000,0x00007fd9bcb18000)]
  0x00007fd9cc0bd000 JavaThread "C2 CompilerThread1" daemon [_thread_blocked, id=29516, stack(0x00007fd9bcb19000,0x00007fd9bcc19000)]
  0x00007fd9cc0ba000 JavaThread "C2 CompilerThread0" daemon [_thread_blocked, id=29515, stack(0x00007fd9bcc1a000,0x00007fd9bcd1a000)]
  0x00007fd9cc0b8800 JavaThread "Signal Dispatcher" daemon [_thread_blocked, id=29514, stack(0x00007fd9d0038000,0x00007fd9d0139000)]
  0x00007fd9cc085800 JavaThread "Finalizer" daemon [_thread_blocked, id=29513, stack(0x00007fd9d0139000,0x00007fd9d023a000)]
  0x00007fd9cc083000 JavaThread "Reference Handler" daemon [_thread_blocked, id=29512, stack(0x00007fd9d023a000,0x00007fd9d033b000)]
=>0x00007fd9cc00b800 JavaThread "main" [_thread_in_native, id=29506, stack(0x00007fd9d306b000,0x00007fd9d316b000)]

Other Threads:
  0x00007fd9cc079000 VMThread [stack: 0x00007fd9d033c000,0x00007fd9d043c000] [id=29511]
  0x00007fd9cc0ef000 WatcherThread [stack: 0x00007fd9bc795000,0x00007fd9bc895000] [id=29519]

VM state:not at safepoint (normal execution)

VM Mutex/Monitor currently owned by a thread: None

heap address: 0x00000000f0000000, size: 256 MB, Compressed Oops mode: 32-bit
Narrow klass base: 0x0000000000000000, Narrow klass shift: 3
Compressed class space size: 1073741824 Address: 0x0000000100000000

Heap:
 PSYoungGen      total 9728K, used 1232K [0x00000000fab00000, 0x00000000fbe00000, 0x0000000100000000)
  eden space 8704K, 2% used [0x00000000fab00000,0x00000000fab39608,0x00000000fb380000)
  from space 1024K, 97% used [0x00000000fb480000,0x00000000fb57ace8,0x00000000fb580000)
  to   space 1024K, 0% used [0x00000000fb380000,0x00000000fb380000,0x00000000fb480000)
 ParOldGen       total 22016K, used 611K [0x00000000f0000000, 0x00000000f1580000, 0x00000000fab00000)
  object space 22016K, 2% used [0x00000000f0000000,0x00000000f0098e60,0x00000000f1580000)
 Metaspace       used 12723K, capacity 13346K, committed 13440K, reserved 1060864K
  class space    used 1578K, capacity 1660K, committed 1664K, reserved 1048576K

Card table byte_map: [0x00007fd9d2bb9000,0x00007fd9d2c3a000] byte_map_base: 0x00007fd9d2439000

Marking Bits: (ParMarkBitMap*) 0x00007fd9d3fc5c80
 Begin Bits: [0x00007fd9d1f5f000, 0x00007fd9d235f000)
 End Bits:   [0x00007fd9d235f000, 0x00007fd9d275f000)

Polling page: 0x00007fd9d43f4000

CodeCache: size=245760Kb used=2509Kb max_used=2509Kb free=243250Kb
 bounds [0x00007fd9bd000000, 0x00007fd9bd280000, 0x00007fd9cc000000]
 total_blobs=1003 nmethods=691 adapters=227
 compilation: enabled

Compilation events (10 events):
Event: 0.863 Thread 0x00007fd9cc0be800  687       3       java.lang.invoke.ConstantCallSite::getTarget (20 bytes)
Event: 0.863 Thread 0x00007fd9cc0be800 nmethod 687 0x00007fd9bd26d190 code [0x00007fd9bd26d300, 0x00007fd9bd26d508]
Event: 0.863 Thread 0x00007fd9cc0be800  688       3       java.util.ArrayList::get (11 bytes)
Event: 0.863 Thread 0x00007fd9cc0be800 nmethod 688 0x00007fd9bd26d5d0 code [0x00007fd9bd26d760, 0x00007fd9bd26dab8]
Event: 0.863 Thread 0x00007fd9cc0be800  690  s!   3       sun.misc.URLClassPath::getLoader (243 bytes)
Event: 0.865 Thread 0x00007fd9cc0be800 nmethod 690 0x00007fd9bd26ded0 code [0x00007fd9bd26e300, 0x00007fd9bd270f08]
Event: 0.865 Thread 0x00007fd9cc0be800  689  s    3       sun.misc.URLClassPath::getNextLoader (88 bytes)
Event: 0.866 Thread 0x00007fd9cc0be800 nmethod 689 0x00007fd9bd272a10 code [0x00007fd9bd272c00, 0x00007fd9bd273468]
Event: 0.866 Thread 0x00007fd9cc0be800  691       1       java.nio.Buffer::position (5 bytes)
Event: 0.866 Thread 0x00007fd9cc0be800 nmethod 691 0x00007fd9bd2738d0 code [0x00007fd9bd273a20, 0x00007fd9bd273b30]

GC Heap History (4 events):
Event: 0.796 GC heap before
{Heap before GC invocations=1 (full 0):
 PSYoungGen      total 9728K, used 8704K [0x00000000fab00000, 0x00000000fb580000, 0x0000000100000000)
  eden space 8704K, 100% used [0x00000000fab00000,0x00000000fb380000,0x00000000fb380000)
  from space 1024K, 0% used [0x00000000fb480000,0x00000000fb480000,0x00000000fb580000)
  to   space 1024K, 0% used [0x00000000fb380000,0x00000000fb380000,0x00000000fb480000)
 ParOldGen       total 22016K, used 0K [0x00000000f0000000, 0x00000000f1580000, 0x00000000fab00000)
  object space 22016K, 0% used [0x00000000f0000000,0x00000000f0000000,0x00000000f1580000)
 Metaspace       used 12065K, capacity 12498K, committed 12672K, reserved 1060864K
  class space    used 1489K, capacity 1548K, committed 1664K, reserved 1048576K
Event: 0.798 GC heap after
Heap after GC invocations=1 (full 0):
 PSYoungGen      total 9728K, used 1008K [0x00000000fab00000, 0x00000000fb580000, 0x0000000100000000)
  eden space 8704K, 0% used [0x00000000fab00000,0x00000000fab00000,0x00000000fb380000)
  from space 1024K, 98% used [0x00000000fb380000,0x00000000fb47c010,0x00000000fb480000)
  to   space 1024K, 0% used [0x00000000fb480000,0x00000000fb480000,0x00000000fb580000)
 ParOldGen       total 22016K, used 192K [0x00000000f0000000, 0x00000000f1580000, 0x00000000fab00000)
  object space 22016K, 0% used [0x00000000f0000000,0x00000000f00300a0,0x00000000f1580000)
 Metaspace       used 12065K, capacity 12498K, committed 12672K, reserved 1060864K
  class space    used 1489K, capacity 1548K, committed 1664K, reserved 1048576K
}
Event: 0.855 GC heap before
{Heap before GC invocations=2 (full 0):
 PSYoungGen      total 9728K, used 9712K [0x00000000fab00000, 0x00000000fb580000, 0x0000000100000000)
  eden space 8704K, 100% used [0x00000000fab00000,0x00000000fb380000,0x00000000fb380000)
  from space 1024K, 98% used [0x00000000fb380000,0x00000000fb47c010,0x00000000fb480000)
  to   space 1024K, 0% used [0x00000000fb480000,0x00000000fb480000,0x00000000fb580000)
 ParOldGen       total 22016K, used 192K [0x00000000f0000000, 0x00000000f1580000, 0x00000000fab00000)
  object space 22016K, 0% used [0x00000000f0000000,0x00000000f00300a0,0x00000000f1580000)
 Metaspace       used 12641K, capacity 13190K, committed 13440K, reserved 1060864K
  class space    used 1568K, capacity 1654K, committed 1664K, reserved 1048576K
Event: 0.857 GC heap after
Heap after GC invocations=2 (full 0):
 PSYoungGen      total 9728K, used 1003K [0x00000000fab00000, 0x00000000fbe00000, 0x0000000100000000)
  eden space 8704K, 0% used [0x00000000fab00000,0x00000000fab00000,0x00000000fb380000)
  from space 1024K, 97% used [0x00000000fb480000,0x00000000fb57ace8,0x00000000fb580000)
  to   space 1024K, 0% used [0x00000000fb380000,0x00000000fb380000,0x00000000fb480000)
 ParOldGen       total 22016K, used 611K [0x00000000f0000000, 0x00000000f1580000, 0x00000000fab00000)
  object space 22016K, 2% used [0x00000000f0000000,0x00000000f0098e60,0x00000000f1580000)
 Metaspace       used 12641K, capacity 13190K, committed 13440K, reserved 1060864K
  class space    used 1568K, capacity 1654K, committed 1664K, reserved 1048576K
}

Deoptimization events (2 events):
Event: 0.460 Thread 0x00007fd9cc00b800 Uncommon trap: reason=unstable_if action=reinterpret pc=0x00007fd9bd1424bc method=java.lang.String.indexOf(II)I @ 17
Event: 0.469 Thread 0x00007fd9cc00b800 Uncommon trap: reason=null_check action=make_not_entrant pc=0x00007fd9bd170d20 method=java.lang.String.equals(Ljava/lang/Object;)Z @ 8

Classes redefined (0 events):
No events

Internal exceptions (10 events):
Event: 0.826 Thread 0x00007fd9cc00b800 Exception <a 'java/lang/NoSuchMethodError': java.lang.Object.$anonfun$envOrElse$1(Ljava/lang/String;)Ljava/lang/String;> (0x00000000fab87ef0) thrown at [/build/java8-openjdk/src/jdk8u-jdk8u212-b01/hotspot/src/share/vm/interpreter/linkResolver.cpp, line 62
Event: 0.826 Thread 0x00007fd9cc00b800 Exception <a 'java/lang/NoSuchMethodError': java.lang.Object.$anonfun$envOrElse$2(Ljava/lang/String;)Ljava/lang/String;> (0x00000000fab8c228) thrown at [/build/java8-openjdk/src/jdk8u-jdk8u212-b01/hotspot/src/share/vm/interpreter/linkResolver.cpp, line 62
Event: 0.827 Thread 0x00007fd9cc00b800 Exception <a 'java/lang/NoSuchMethodError': java.lang.Object.$anonfun$flatten$1(Lscala/Function1;Lscala/collection/mutable/Builder;Ljava/lang/Object;)Lscala/collection/mutable/Builder;> (0x00000000fab950a0) thrown at [/build/java8-openjdk/src/jdk8u-jdk8u2
Event: 0.829 Thread 0x00007fd9cc00b800 Exception <a 'java/lang/NoSuchMethodError': java.lang.Object.$anonfun$flatMap$1(Lscala/Function1;Lscala/collection/mutable/Builder;Ljava/lang/Object;)Lscala/collection/mutable/Builder;> (0x00000000faba0090) thrown at [/build/java8-openjdk/src/jdk8u-jdk8u2
Event: 0.837 Thread 0x00007fd9cc00b800 Exception <a 'java/lang/NoSuchMethodError': java.lang.Object.$anonfun$tryClass$1(Lscala/reflect/internal/util/ScalaClassLoader;Ljava/lang/String;Z)Ljava/lang/Class;> (0x00000000fabc3a50) thrown at [/build/java8-openjdk/src/jdk8u-jdk8u212-b01/hotspot/src/s
Event: 0.847 Thread 0x00007fd9cc00b800 Exception <a 'java/lang/NoSuchMethodError': java.lang.Object.$anonfun$isInfo$1$adapted(Lscala/tools/nsc/settings/MutableSettings$Setting;)Ljava/lang/Object;> (0x00000000fafaa640) thrown at [/build/java8-openjdk/src/jdk8u-jdk8u212-b01/hotspot/src/share/vm/
Event: 0.847 Thread 0x00007fd9cc00b800 Exception <a 'java/lang/NoSuchMethodError': java.lang.Object.$anonfun$isInfo$2$adapted(Lscala/tools/nsc/settings/MutableSettings$Setting;)Ljava/lang/Object;> (0x00000000fafae6e8) thrown at [/build/java8-openjdk/src/jdk8u-jdk8u212-b01/hotspot/src/share/vm/
Event: 0.855 Thread 0x00007fd9cc00b800 Exception <a 'java/lang/NoSuchMethodError': java.lang.Object.$anonfun$run$1(Ljava/lang/String;)Lscala/runtime/Nothing$;> (0x00000000fb37b7e8) thrown at [/build/java8-openjdk/src/jdk8u-jdk8u212-b01/hotspot/src/share/vm/interpreter/linkResolver.cpp, line 62
Event: 0.859 Thread 0x00007fd9cc00b800 Exception <a 'java/lang/NoSuchMethodError': java.lang.Object.$anonfun$run$2(Lscala/collection/Seq;Ljava/lang/reflect/Method;)Ljava/lang/Object;> (0x00000000fab05c28) thrown at [/build/java8-openjdk/src/jdk8u-jdk8u212-b01/hotspot/src/share/vm/interpreter/l
Event: 0.862 Thread 0x00007fd9cc00b800 Exception <a 'java/lang/NoSuchMethodError': java.lang.Object.$anonfun$main$1$adapted(Lscala/Function0;)Ljava/lang/Object;> (0x00000000fab12398) thrown at [/build/java8-openjdk/src/jdk8u-jdk8u212-b01/hotspot/src/share/vm/interpreter/linkResolver.cpp, line 

Events (10 events):
Event: 0.861 loading class scala/compat/Platform$
Event: 0.862 loading class scala/compat/Platform$ done
Event: 0.862 loading class Main$delayedInit$body
Event: 0.862 loading class Main$delayedInit$body done
Event: 0.862 loading class scala/runtime/AbstractFunction0
Event: 0.862 loading class scala/runtime/AbstractFunction0 done
Event: 0.863 loading class jni/Vector3
Event: 0.863 loading class jni/Vector3 done
Event: 0.864 loading class jni/GLWrapper
Event: 0.864 loading class jni/GLWrapper done


Dynamic libraries:
f0000000-f1580000 rw-p 00000000 00:00 0 
f1580000-fab00000 ---p 00000000 00:00 0 
fab00000-fbe00000 rw-p 00000000 00:00 0 
fbe00000-100000000 ---p 00000000 00:00 0 
100000000-1001a0000 rw-p 00000000 00:00 0 
1001a0000-140000000 ---p 00000000 00:00 0 
55d5f09bb000-55d5f09bc000 r--p 00000000 fe:00 4982129                    /usr/lib/jvm/java-8-openjdk/jre/bin/java
55d5f09bc000-55d5f09bd000 r-xp 00001000 fe:00 4982129                    /usr/lib/jvm/java-8-openjdk/jre/bin/java
55d5f09bd000-55d5f09be000 r--p 00002000 fe:00 4982129                    /usr/lib/jvm/java-8-openjdk/jre/bin/java
55d5f09be000-55d5f09bf000 r--p 00002000 fe:00 4982129                    /usr/lib/jvm/java-8-openjdk/jre/bin/java
55d5f09bf000-55d5f09c0000 rw-p 00003000 fe:00 4982129                    /usr/lib/jvm/java-8-openjdk/jre/bin/java
55d5f164e000-55d5f166f000 rw-p 00000000 00:00 0                          [heap]
7fd980000000-7fd980021000 rw-p 00000000 00:00 0 
7fd980021000-7fd984000000 ---p 00000000 00:00 0 
7fd984000000-7fd984021000 rw-p 00000000 00:00 0 
7fd984021000-7fd988000000 ---p 00000000 00:00 0 
7fd988000000-7fd988059000 rw-p 00000000 00:00 0 
7fd988059000-7fd98c000000 ---p 00000000 00:00 0 
7fd98c000000-7fd98c07c000 rw-p 00000000 00:00 0 
7fd98c07c000-7fd990000000 ---p 00000000 00:00 0 
7fd990000000-7fd990021000 rw-p 00000000 00:00 0 
7fd990021000-7fd994000000 ---p 00000000 00:00 0 
7fd994000000-7fd9940b7000 rw-p 00000000 00:00 0 
7fd9940b7000-7fd998000000 ---p 00000000 00:00 0 
7fd998000000-7fd998021000 rw-p 00000000 00:00 0 
7fd998021000-7fd99c000000 ---p 00000000 00:00 0 
7fd99c000000-7fd99c021000 rw-p 00000000 00:00 0 
7fd99c021000-7fd9a0000000 ---p 00000000 00:00 0 
7fd9a0000000-7fd9a0021000 rw-p 00000000 00:00 0 
7fd9a0021000-7fd9a4000000 ---p 00000000 00:00 0 
7fd9a4000000-7fd9a4021000 rw-p 00000000 00:00 0 
7fd9a4021000-7fd9a8000000 ---p 00000000 00:00 0 
7fd9a8000000-7fd9a8021000 rw-p 00000000 00:00 0 
7fd9a8021000-7fd9ac000000 ---p 00000000 00:00 0 
7fd9b0000000-7fd9b0021000 rw-p 00000000 00:00 0 
7fd9b0021000-7fd9b4000000 ---p 00000000 00:00 0 
7fd9b4861000-7fd9b4866000 r-xp 00000000 fe:00 4069026                    /usr/lib/libXfixes.so.3.1.0
7fd9b4866000-7fd9b4a65000 ---p 00005000 fe:00 4069026                    /usr/lib/libXfixes.so.3.1.0
7fd9b4a65000-7fd9b4a66000 r--p 00004000 fe:00 4069026                    /usr/lib/libXfixes.so.3.1.0
7fd9b4a66000-7fd9b4a67000 rw-p 00005000 fe:00 4069026                    /usr/lib/libXfixes.so.3.1.0
7fd9b4a67000-7fd9b4af0000 r--p 00000000 fe:00 4069301                    /usr/lib/libstdc++.so.6.0.25
7fd9b4af0000-7fd9b4ba8000 r-xp 00089000 fe:00 4069301                    /usr/lib/libstdc++.so.6.0.25
7fd9b4ba8000-7fd9b4be5000 r--p 00141000 fe:00 4069301                    /usr/lib/libstdc++.so.6.0.25
7fd9b4be5000-7fd9b4be6000 ---p 0017e000 fe:00 4069301                    /usr/lib/libstdc++.so.6.0.25
7fd9b4be6000-7fd9b4bf2000 r--p 0017e000 fe:00 4069301                    /usr/lib/libstdc++.so.6.0.25
7fd9b4bf2000-7fd9b4bf3000 rw-p 0018a000 fe:00 4069301                    /usr/lib/libstdc++.so.6.0.25
7fd9b4bf3000-7fd9b4bf6000 rw-p 00000000 00:00 0 
7fd9b4bf6000-7fd9b4bfa000 r-xp 00000000 fe:00 4069027                    /usr/lib/libXxf86vm.so.1.0.0
7fd9b4bfa000-7fd9b4dfa000 ---p 00004000 fe:00 4069027                    /usr/lib/libXxf86vm.so.1.0.0
7fd9b4dfa000-7fd9b4dfb000 r--p 00004000 fe:00 4069027                    /usr/lib/libXxf86vm.so.1.0.0
7fd9b4dfb000-7fd9b4dfc000 rw-p 00005000 fe:00 4069027                    /usr/lib/libXxf86vm.so.1.0.0
7fd9b4dfc000-7fd9b4dfe000 r-xp 00000000 fe:00 4077494                    /usr/lib/libXinerama.so.1.0.0
7fd9b4dfe000-7fd9b4ffd000 ---p 00002000 fe:00 4077494                    /usr/lib/libXinerama.so.1.0.0
7fd9b4ffd000-7fd9b4ffe000 r--p 00001000 fe:00 4077494                    /usr/lib/libXinerama.so.1.0.0
7fd9b4ffe000-7fd9b4fff000 rw-p 00002000 fe:00 4077494                    /usr/lib/libXinerama.so.1.0.0
7fd9b4fff000-7fd9b8000000 rw-p 00000000 00:00 0 
7fd9b8000000-7fd9b8021000 rw-p 00000000 00:00 0 
7fd9b8021000-7fd9bc000000 ---p 00000000 00:00 0 
7fd9bc0cf000-7fd9bc0d1000 r--p 00000000 fe:00 4073249                    /usr/lib/libXdmcp.so.6.0.0
7fd9bc0d1000-7fd9bc0d3000 r-xp 00002000 fe:00 4073249                    /usr/lib/libXdmcp.so.6.0.0
7fd9bc0d3000-7fd9bc0d5000 r--p 00004000 fe:00 4073249                    /usr/lib/libXdmcp.so.6.0.0
7fd9bc0d5000-7fd9bc0d6000 r--p 00005000 fe:00 4073249                    /usr/lib/libXdmcp.so.6.0.0
7fd9bc0d6000-7fd9bc0d7000 rw-p 00006000 fe:00 4073249                    /usr/lib/libXdmcp.so.6.0.0
7fd9bc0d7000-7fd9bc0db000 r--p 00000000 fe:00 4073250                    /usr/lib/libXext.so.6.4.0
7fd9bc0db000-7fd9bc0e6000 r-xp 00004000 fe:00 4073250                    /usr/lib/libXext.so.6.4.0
7fd9bc0e6000-7fd9bc0ea000 r--p 0000f000 fe:00 4073250                    /usr/lib/libXext.so.6.4.0
7fd9bc0ea000-7fd9bc0eb000 r--p 00012000 fe:00 4073250                    /usr/lib/libXext.so.6.4.0
7fd9bc0eb000-7fd9bc0ec000 rw-p 00013000 fe:00 4073250                    /usr/lib/libXext.so.6.4.0
7fd9bc0ec000-7fd9bc0f8000 r--p 00000000 fe:00 4073236                    /usr/lib/libxcb.so.1.1.0
7fd9bc0f8000-7fd9bc10b000 r-xp 0000c000 fe:00 4073236                    /usr/lib/libxcb.so.1.1.0
7fd9bc10b000-7fd9bc114000 r--p 0001f000 fe:00 4073236                    /usr/lib/libxcb.so.1.1.0
7fd9bc114000-7fd9bc115000 r--p 00027000 fe:00 4073236                    /usr/lib/libxcb.so.1.1.0
7fd9bc115000-7fd9bc116000 rw-p 00028000 fe:00 4073236                    /usr/lib/libxcb.so.1.1.0
7fd9bc116000-7fd9bc119000 r--p 00000000 fe:00 4067439                    /usr/lib/libgcc_s.so.1
7fd9bc119000-7fd9bc12a000 r-xp 00003000 fe:00 4067439                    /usr/lib/libgcc_s.so.1
7fd9bc12a000-7fd9bc12d000 r--p 00014000 fe:00 4067439                    /usr/lib/libgcc_s.so.1
7fd9bc12d000-7fd9bc12e000 ---p 00017000 fe:00 4067439                    /usr/lib/libgcc_s.so.1
7fd9bc12e000-7fd9bc12f000 r--p 00017000 fe:00 4067439                    /usr/lib/libgcc_s.so.1
7fd9bc12f000-7fd9bc130000 rw-p 00018000 fe:00 4067439                    /usr/lib/libgcc_s.so.1
7fd9bc130000-7fd9bc14c000 r--p 00000000 fe:00 4079815                    /usr/lib/libX11.so.6.3.0
7fd9bc14c000-7fd9bc1d4000 r-xp 0001c000 fe:00 4079815                    /usr/lib/libX11.so.6.3.0
7fd9bc1d4000-7fd9bc268000 r--p 000a4000 fe:00 4079815                    /usr/lib/libX11.so.6.3.0
7fd9bc268000-7fd9bc26b000 r--p 00137000 fe:00 4079815                    /usr/lib/libX11.so.6.3.0
7fd9bc26b000-7fd9bc26f000 rw-p 0013a000 fe:00 4079815                    /usr/lib/libX11.so.6.3.0
7fd9bc2c0000-7fd9bc2df000 r--p 00000000 fe:00 414966                     /home/joseph/Documents/Programming/Graphics/OpenGLProject/cmake-build-debug/libOpenGLProject.so
7fd9bc2df000-7fd9bc31f000 r-xp 0001f000 fe:00 414966                     /home/joseph/Documents/Programming/Graphics/OpenGLProject/cmake-build-debug/libOpenGLProject.so
7fd9bc31f000-7fd9bc331000 r--p 0005f000 fe:00 414966                     /home/joseph/Documents/Programming/Graphics/OpenGLProject/cmake-build-debug/libOpenGLProject.so
7fd9bc331000-7fd9bc332000 ---p 00071000 fe:00 414966                     /home/joseph/Documents/Programming/Graphics/OpenGLProject/cmake-build-debug/libOpenGLProject.so
7fd9bc332000-7fd9bc334000 r--p 00071000 fe:00 414966                     /home/joseph/Documents/Programming/Graphics/OpenGLProject/cmake-build-debug/libOpenGLProject.so
7fd9bc334000-7fd9bc336000 rw-p 00073000 fe:00 414966                     /home/joseph/Documents/Programming/Graphics/OpenGLProject/cmake-build-debug/libOpenGLProject.so
7fd9bc336000-7fd9bc4b8000 rw-p 00000000 00:00 0 
7fd9bc4b8000-7fd9bc538000 ---p 00000000 00:00 0 
7fd9bc538000-7fd9bc738000 rw-p 00000000 00:00 0 
7fd9bc73a000-7fd9bc73b000 r--p 00000000 fe:00 4073222                    /usr/lib/libXau.so.6.0.0
7fd9bc73b000-7fd9bc73c000 r-xp 00001000 fe:00 4073222                    /usr/lib/libXau.so.6.0.0
7fd9bc73c000-7fd9bc73d000 r--p 00002000 fe:00 4073222                    /usr/lib/libXau.so.6.0.0
7fd9bc73d000-7fd9bc73e000 r--p 00002000 fe:00 4073222                    /usr/lib/libXau.so.6.0.0
7fd9bc73e000-7fd9bc73f000 rw-p 00003000 fe:00 4073222                    /usr/lib/libXau.so.6.0.0
7fd9bc73f000-7fd9bc741000 r--p 00000000 fe:00 4078939                    /usr/lib/libXrender.so.1.3.0
7fd9bc741000-7fd9bc748000 r-xp 00002000 fe:00 4078939                    /usr/lib/libXrender.so.1.3.0
7fd9bc748000-7fd9bc74a000 r--p 00009000 fe:00 4078939                    /usr/lib/libXrender.so.1.3.0
7fd9bc74a000-7fd9bc74b000 r--p 0000a000 fe:00 4078939                    /usr/lib/libXrender.so.1.3.0
7fd9bc74b000-7fd9bc74c000 rw-p 0000b000 fe:00 4078939                    /usr/lib/libXrender.so.1.3.0
7fd9bc74c000-7fd9bc74f000 r--p 00000000 fe:00 4078917                    /usr/lib/libXcursor.so.1.0.2
7fd9bc74f000-7fd9bc754000 r-xp 00003000 fe:00 4078917                    /usr/lib/libXcursor.so.1.0.2
7fd9bc754000-7fd9bc756000 r--p 00008000 fe:00 4078917                    /usr/lib/libXcursor.so.1.0.2
7fd9bc756000-7fd9bc757000 r--p 00009000 fe:00 4078917                    /usr/lib/libXcursor.so.1.0.2
7fd9bc757000-7fd9bc758000 rw-p 0000a000 fe:00 4078917                    /usr/lib/libXcursor.so.1.0.2
7fd9bc758000-7fd9bc75a000 r--p 00000000 fe:00 4078938                    /usr/lib/libXrandr.so.2.2.0
7fd9bc75a000-7fd9bc761000 r-xp 00002000 fe:00 4078938                    /usr/lib/libXrandr.so.2.2.0
7fd9bc761000-7fd9bc763000 r--p 00009000 fe:00 4078938                    /usr/lib/libXrandr.so.2.2.0
7fd9bc763000-7fd9bc764000 r--p 0000a000 fe:00 4078938                    /usr/lib/libXrandr.so.2.2.0
7fd9bc764000-7fd9bc765000 rw-p 0000b000 fe:00 4078938                    /usr/lib/libXrandr.so.2.2.0
7fd9bc765000-7fd9bc76a000 r--p 00000000 fe:00 4983049                    /usr/lib/jvm/java-8-openjdk/jre/lib/amd64/libnet.so
7fd9bc76a000-7fd9bc779000 r-xp 00005000 fe:00 4983049                    /usr/lib/jvm/java-8-openjdk/jre/lib/amd64/libnet.so
7fd9bc779000-7fd9bc77d000 r--p 00014000 fe:00 4983049                    /usr/lib/jvm/java-8-openjdk/jre/lib/amd64/libnet.so
7fd9bc77d000-7fd9bc77e000 r--p 00017000 fe:00 4983049                    /usr/lib/jvm/java-8-openjdk/jre/lib/amd64/libnet.so
7fd9bc77e000-7fd9bc77f000 rw-p 00018000 fe:00 4983049                    /usr/lib/jvm/java-8-openjdk/jre/lib/amd64/libnet.so
7fd9bc77f000-7fd9bc786000 r--p 00000000 fe:00 4983050                    /usr/lib/jvm/java-8-openjdk/jre/lib/amd64/libnio.so
7fd9bc786000-7fd9bc78e000 r-xp 00007000 fe:00 4983050                    /usr/lib/jvm/java-8-openjdk/jre/lib/amd64/libnio.so
7fd9bc78e000-7fd9bc791000 r--p 0000f000 fe:00 4983050                    /usr/lib/jvm/java-8-openjdk/jre/lib/amd64/libnio.so
7fd9bc791000-7fd9bc792000 ---p 00012000 fe:00 4983050                    /usr/lib/jvm/java-8-openjdk/jre/lib/amd64/libnio.so
7fd9bc792000-7fd9bc793000 r--p 00012000 fe:00 4983050                    /usr/lib/jvm/java-8-openjdk/jre/lib/amd64/libnio.so
7fd9bc793000-7fd9bc794000 rw-p 00013000 fe:00 4983050                    /usr/lib/jvm/java-8-openjdk/jre/lib/amd64/libnio.so
7fd9bc794000-7fd9bc795000 ---p 00000000 00:00 0 
7fd9bc795000-7fd9bc895000 rw-p 00000000 00:00 0 
7fd9bc895000-7fd9bc89b000 r--s 00080000 fe:00 4072599                    /usr/share/scala/lib/scala-xml_2.12-1.0.6.jar
7fd9bc89b000-7fd9bc8a4000 r--s 000ab000 fe:00 4072582                    /usr/share/scala/lib/scala-swing_2.12-2.0.3.jar
7fd9bc8a4000-7fd9bc8c7000 r--s 00347000 fe:00 4071644                    /usr/share/scala/lib/scala-reflect.jar
7fd9bc8c7000-7fd9bc916000 r--s 00967000 fe:00 4069435                    /usr/share/scala/lib/scala-compiler.jar
7fd9bc916000-7fd9bc919000 ---p 00000000 00:00 0 
7fd9bc919000-7fd9bca17000 rw-p 00000000 00:00 0 
7fd9bca17000-7fd9bca18000 ---p 00000000 00:00 0 
7fd9bca18000-7fd9bca1b000 ---p 00000000 00:00 0 
7fd9bca1b000-7fd9bcb18000 rw-p 00000000 00:00 0 
7fd9bcb18000-7fd9bcb19000 ---p 00000000 00:00 0 
7fd9bcb19000-7fd9bcb1c000 ---p 00000000 00:00 0 
7fd9bcb1c000-7fd9bcc19000 rw-p 00000000 00:00 0 
7fd9bcc19000-7fd9bcc1a000 ---p 00000000 00:00 0 
7fd9bcc1a000-7fd9bcc1d000 ---p 00000000 00:00 0 
7fd9bcc1d000-7fd9bcd1a000 rw-p 00000000 00:00 0 
7fd9bcd1a000-7fd9bd000000 r--p 00000000 fe:00 4078801                    /usr/lib/locale/locale-archive
7fd9bd000000-7fd9bd280000 rwxp 00000000 00:00 0 
7fd9bd280000-7fd9cc000000 ---p 00000000 00:00 0 
7fd9cc000000-7fd9cd50d000 rw-p 00000000 00:00 0 
7fd9cd50d000-7fd9d0000000 ---p 00000000 00:00 0 
7fd9d0000000-7fd9d0038000 r--s 004bf000 fe:00 4069441                    /usr/share/scala/lib/scala-library.jar
7fd9d0038000-7fd9d003b000 ---p 00000000 00:00 0 
7fd9d003b000-7fd9d0139000 rw-p 00000000 00:00 0 
7fd9d0139000-7fd9d013c000 ---p 00000000 00:00 0 
7fd9d013c000-7fd9d023a000 rw-p 00000000 00:00 0 
7fd9d023a000-7fd9d023d000 ---p 00000000 00:00 0 
7fd9d023d000-7fd9d033b000 rw-p 00000000 00:00 0 
7fd9d033b000-7fd9d033c000 ---p 00000000 00:00 0 
7fd9d033c000-7fd9d143e000 rw-p 00000000 00:00 0 
7fd9d143e000-7fd9d160e000 r--s 03c3a000 fe:00 4983165                    /usr/lib/jvm/java-8-openjdk/jre/lib/rt.jar
7fd9d160e000-7fd9d275f000 rw-p 00000000 00:00 0 
7fd9d275f000-7fd9d2760000 ---p 00000000 00:00 0 
7fd9d2760000-7fd9d2860000 rw-p 00000000 00:00 0 
7fd9d2860000-7fd9d2861000 ---p 00000000 00:00 0 
7fd9d2861000-7fd9d2961000 rw-p 00000000 00:00 0 
7fd9d2961000-7fd9d2962000 ---p 00000000 00:00 0 
7fd9d2962000-7fd9d2a62000 rw-p 00000000 00:00 0 
7fd9d2a62000-7fd9d2a63000 ---p 00000000 00:00 0 
7fd9d2a63000-7fd9d2b6e000 rw-p 00000000 00:00 0 
7fd9d2b6e000-7fd9d2bb9000 ---p 00000000 00:00 0 
7fd9d2bb9000-7fd9d2bc4000 rw-p 00000000 00:00 0 
7fd9d2bc4000-7fd9d2c0e000 ---p 00000000 00:00 0 
7fd9d2c0e000-7fd9d2c18000 rw-p 00000000 00:00 0 
7fd9d2c18000-7fd9d2c39000 ---p 00000000 00:00 0 
7fd9d2c39000-7fd9d2c44000 rw-p 00000000 00:00 0 
7fd9d2c44000-7fd9d2ffa000 ---p 00000000 00:00 0 
7fd9d2ffa000-7fd9d2ffd000 r--p 00000000 fe:00 4071892                    /usr/lib/libnss_files-2.28.so
7fd9d2ffd000-7fd9d3004000 r-xp 00003000 fe:00 4071892                    /usr/lib/libnss_files-2.28.so
7fd9d3004000-7fd9d3007000 r--p 0000a000 fe:00 4071892                    /usr/lib/libnss_files-2.28.so
7fd9d3007000-7fd9d3008000 r--p 0000c000 fe:00 4071892                    /usr/lib/libnss_files-2.28.so
7fd9d3008000-7fd9d3009000 rw-p 0000d000 fe:00 4071892                    /usr/lib/libnss_files-2.28.so
7fd9d3009000-7fd9d300f000 rw-p 00000000 00:00 0 
7fd9d3011000-7fd9d3013000 r--s 00006000 fe:00 4072524                    /usr/share/scala/lib/scala-repl-jline.jar
7fd9d3013000-7fd9d3018000 r--s 00041000 fe:00 4071912                    /usr/share/scala/lib/scala-repl-jline-embedded.jar
7fd9d3018000-7fd9d301e000 r--s 00077000 fe:00 4072603                    /usr/share/scala/lib/scalap.jar
7fd9d301e000-7fd9d3029000 r--s 001d6000 fe:00 4069275                    /usr/share/scala/lib/scala-compiler-doc.jar
7fd9d3029000-7fd9d302d000 r--s 0003e000 fe:00 4069189                    /usr/share/scala/lib/jline.jar
7fd9d302d000-7fd9d3055000 rw-p 00000000 00:00 0 
7fd9d3055000-7fd9d3058000 r--p 00000000 fe:00 4983099                    /usr/lib/jvm/java-8-openjdk/jre/lib/amd64/libzip.so
7fd9d3058000-7fd9d305c000 r-xp 00003000 fe:00 4983099                    /usr/lib/jvm/java-8-openjdk/jre/lib/amd64/libzip.so
7fd9d305c000-7fd9d305e000 r--p 00007000 fe:00 4983099                    /usr/lib/jvm/java-8-openjdk/jre/lib/amd64/libzip.so
7fd9d305e000-7fd9d305f000 r--p 00008000 fe:00 4983099                    /usr/lib/jvm/java-8-openjdk/jre/lib/amd64/libzip.so
7fd9d305f000-7fd9d3060000 rw-p 00009000 fe:00 4983099                    /usr/lib/jvm/java-8-openjdk/jre/lib/amd64/libzip.so
7fd9d3060000-7fd9d3062000 r--p 00000000 fe:00 4078347                    /usr/lib/librt-2.28.so
7fd9d3062000-7fd9d3066000 r-xp 00002000 fe:00 4078347                    /usr/lib/librt-2.28.so
7fd9d3066000-7fd9d3068000 r--p 00006000 fe:00 4078347                    /usr/lib/librt-2.28.so
7fd9d3068000-7fd9d3069000 r--p 00007000 fe:00 4078347                    /usr/lib/librt-2.28.so
7fd9d3069000-7fd9d306a000 rw-p 00008000 fe:00 4078347                    /usr/lib/librt-2.28.so
7fd9d306a000-7fd9d306b000 ---p 00000000 00:00 0 
7fd9d306b000-7fd9d306e000 ---p 00000000 00:00 0 
7fd9d306e000-7fd9d316b000 rw-p 00000000 00:00 0 
7fd9d316b000-7fd9d3178000 r--p 00000000 fe:00 4071870                    /usr/lib/libm-2.28.so
7fd9d3178000-7fd9d3219000 r-xp 0000d000 fe:00 4071870                    /usr/lib/libm-2.28.so
7fd9d3219000-7fd9d32ee000 r--p 000ae000 fe:00 4071870                    /usr/lib/libm-2.28.so
7fd9d32ee000-7fd9d32ef000 r--p 00182000 fe:00 4071870                    /usr/lib/libm-2.28.so
7fd9d32ef000-7fd9d32f0000 rw-p 00183000 fe:00 4071870                    /usr/lib/libm-2.28.so
7fd9d32f0000-7fd9d34e1000 r--p 00000000 fe:00 4983102                    /usr/lib/jvm/java-8-openjdk/jre/lib/amd64/server/libjvm.so
7fd9d34e1000-7fd9d3d54000 r-xp 001f1000 fe:00 4983102                    /usr/lib/jvm/java-8-openjdk/jre/lib/amd64/server/libjvm.so
7fd9d3d54000-7fd9d3ef4000 r--p 00a64000 fe:00 4983102                    /usr/lib/jvm/java-8-openjdk/jre/lib/amd64/server/libjvm.so
7fd9d3ef4000-7fd9d3ef5000 ---p 00c04000 fe:00 4983102                    /usr/lib/jvm/java-8-openjdk/jre/lib/amd64/server/libjvm.so
7fd9d3ef5000-7fd9d3f8a000 r--p 00c04000 fe:00 4983102                    /usr/lib/jvm/java-8-openjdk/jre/lib/amd64/server/libjvm.so
7fd9d3f8a000-7fd9d3fb2000 rw-p 00c99000 fe:00 4983102                    /usr/lib/jvm/java-8-openjdk/jre/lib/amd64/server/libjvm.so
7fd9d3fb2000-7fd9d3fe4000 rw-p 00000000 00:00 0 
7fd9d3fe4000-7fd9d3fea000 r--p 00000000 fe:00 4071899                    /usr/lib/libpthread-2.28.so
7fd9d3fea000-7fd9d3ff9000 r-xp 00006000 fe:00 4071899                    /usr/lib/libpthread-2.28.so
7fd9d3ff9000-7fd9d3fff000 r--p 00015000 fe:00 4071899                    /usr/lib/libpthread-2.28.so
7fd9d3fff000-7fd9d4000000 r--p 0001a000 fe:00 4071899                    /usr/lib/libpthread-2.28.so
7fd9d4000000-7fd9d4001000 rw-p 0001b000 fe:00 4071899                    /usr/lib/libpthread-2.28.so
7fd9d4001000-7fd9d4005000 rw-p 00000000 00:00 0 
7fd9d4005000-7fd9d4006000 r--p 00000000 fe:00 4071864                    /usr/lib/libdl-2.28.so
7fd9d4006000-7fd9d4007000 r-xp 00001000 fe:00 4071864                    /usr/lib/libdl-2.28.so
7fd9d4007000-7fd9d4008000 r--p 00002000 fe:00 4071864                    /usr/lib/libdl-2.28.so
7fd9d4008000-7fd9d4009000 r--p 00002000 fe:00 4071864                    /usr/lib/libdl-2.28.so
7fd9d4009000-7fd9d400a000 rw-p 00003000 fe:00 4071864                    /usr/lib/libdl-2.28.so
7fd9d400a000-7fd9d4020000 r-xp 00000000 fe:00 4069349                    /usr/lib/libz.so.1.2.11
7fd9d4020000-7fd9d421f000 ---p 00016000 fe:00 4069349                    /usr/lib/libz.so.1.2.11
7fd9d421f000-7fd9d4220000 r--p 00015000 fe:00 4069349                    /usr/lib/libz.so.1.2.11
7fd9d4220000-7fd9d4221000 rw-p 00016000 fe:00 4069349                    /usr/lib/libz.so.1.2.11
7fd9d4221000-7fd9d4243000 r--p 00000000 fe:00 4071855                    /usr/lib/libc-2.28.so
7fd9d4243000-7fd9d438e000 r-xp 00022000 fe:00 4071855                    /usr/lib/libc-2.28.so
7fd9d438e000-7fd9d43da000 r--p 0016d000 fe:00 4071855                    /usr/lib/libc-2.28.so
7fd9d43da000-7fd9d43db000 ---p 001b9000 fe:00 4071855                    /usr/lib/libc-2.28.so
7fd9d43db000-7fd9d43df000 r--p 001b9000 fe:00 4071855                    /usr/lib/libc-2.28.so
7fd9d43df000-7fd9d43e1000 rw-p 001bd000 fe:00 4071855                    /usr/lib/libc-2.28.so
7fd9d43e1000-7fd9d43e5000 rw-p 00000000 00:00 0 
7fd9d43e6000-7fd9d43eb000 rw-p 00000000 00:00 0 
7fd9d43eb000-7fd9d43f3000 rw-s 00000000 00:2c 45                         /tmp/hsperfdata_joseph/29505
7fd9d43f3000-7fd9d43f4000 rw-p 00000000 00:00 0 
7fd9d43f4000-7fd9d43f5000 r--p 00000000 00:00 0 
7fd9d43f5000-7fd9d4402000 r--p 00000000 fe:00 4983038                    /usr/lib/jvm/java-8-openjdk/jre/lib/amd64/libjava.so
7fd9d4402000-7fd9d441a000 r-xp 0000d000 fe:00 4983038                    /usr/lib/jvm/java-8-openjdk/jre/lib/amd64/libjava.so
7fd9d441a000-7fd9d4421000 r--p 00025000 fe:00 4983038                    /usr/lib/jvm/java-8-openjdk/jre/lib/amd64/libjava.so
7fd9d4421000-7fd9d4422000 ---p 0002c000 fe:00 4983038                    /usr/lib/jvm/java-8-openjdk/jre/lib/amd64/libjava.so
7fd9d4422000-7fd9d4423000 r--p 0002c000 fe:00 4983038                    /usr/lib/jvm/java-8-openjdk/jre/lib/amd64/libjava.so
7fd9d4423000-7fd9d4424000 rw-p 0002d000 fe:00 4983038                    /usr/lib/jvm/java-8-openjdk/jre/lib/amd64/libjava.so
7fd9d4424000-7fd9d4425000 rw-p 00000000 00:00 0 
7fd9d4425000-7fd9d442a000 r--p 00000000 fe:00 4983098                    /usr/lib/jvm/java-8-openjdk/jre/lib/amd64/libverify.so
7fd9d442a000-7fd9d4431000 r-xp 00005000 fe:00 4983098                    /usr/lib/jvm/java-8-openjdk/jre/lib/amd64/libverify.so
7fd9d4431000-7fd9d4433000 r--p 0000c000 fe:00 4983098                    /usr/lib/jvm/java-8-openjdk/jre/lib/amd64/libverify.so
7fd9d4433000-7fd9d4435000 r--p 0000d000 fe:00 4983098                    /usr/lib/jvm/java-8-openjdk/jre/lib/amd64/libverify.so
7fd9d4435000-7fd9d4436000 rw-p 0000f000 fe:00 4983098                    /usr/lib/jvm/java-8-openjdk/jre/lib/amd64/libverify.so
7fd9d4436000-7fd9d4438000 r--p 00000000 fe:00 4982149                    /usr/lib/jvm/java-8-openjdk/jre/lib/amd64/jli/libjli.so
7fd9d4438000-7fd9d4441000 r-xp 00002000 fe:00 4982149                    /usr/lib/jvm/java-8-openjdk/jre/lib/amd64/jli/libjli.so
7fd9d4441000-7fd9d4444000 r--p 0000b000 fe:00 4982149                    /usr/lib/jvm/java-8-openjdk/jre/lib/amd64/jli/libjli.so
7fd9d4444000-7fd9d4445000 r--p 0000d000 fe:00 4982149                    /usr/lib/jvm/java-8-openjdk/jre/lib/amd64/jli/libjli.so
7fd9d4445000-7fd9d4446000 rw-p 0000e000 fe:00 4982149                    /usr/lib/jvm/java-8-openjdk/jre/lib/amd64/jli/libjli.so
7fd9d4446000-7fd9d4448000 rw-p 00000000 00:00 0 
7fd9d4448000-7fd9d444a000 r--p 00000000 fe:00 4071843                    /usr/lib/ld-2.28.so
7fd9d444a000-7fd9d4469000 r-xp 00002000 fe:00 4071843                    /usr/lib/ld-2.28.so
7fd9d4469000-7fd9d4471000 r--p 00021000 fe:00 4071843                    /usr/lib/ld-2.28.so
7fd9d4471000-7fd9d4472000 r--p 00028000 fe:00 4071843                    /usr/lib/ld-2.28.so
7fd9d4472000-7fd9d4473000 rw-p 00029000 fe:00 4071843                    /usr/lib/ld-2.28.so
7fd9d4473000-7fd9d4474000 rw-p 00000000 00:00 0 
7ffc799ef000-7ffc79a10000 rw-p 00000000 00:00 0                          [stack]
7ffc79a2f000-7ffc79a32000 r--p 00000000 00:00 0                          [vvar]
7ffc79a32000-7ffc79a34000 r-xp 00000000 00:00 0                          [vdso]
ffffffffff600000-ffffffffff601000 r-xp 00000000 00:00 0                  [vsyscall]

VM Arguments:
jvm_args: -Xmx256M -Xms32M -Xbootclasspath/a:/usr/share/scala/lib/jline.jar:/usr/share/scala/lib/scala-compiler-doc.jar:/usr/share/scala/lib/scala-compiler.jar:/usr/share/scala/lib/scala-library.jar:/usr/share/scala/lib/scalap.jar:/usr/share/scala/lib/scala-reflect.jar:/usr/share/scala/lib/scala-repl-jline-embedded.jar:/usr/share/scala/lib/scala-repl-jline.jar:/usr/share/scala/lib/scala-swing_2.12-2.0.3.jar:/usr/share/scala/lib/scala-xml_2.12-1.0.6.jar -Dscala.boot.class.path=/usr/share/scala/lib/jline.jar:/usr/share/scala/lib/scala-compiler-doc.jar:/usr/share/scala/lib/scala-compiler.jar:/usr/share/scala/lib/scala-library.jar:/usr/share/scala/lib/scalap.jar:/usr/share/scala/lib/scala-reflect.jar:/usr/share/scala/lib/scala-repl-jline-embedded.jar:/usr/share/scala/lib/scala-repl-jline.jar:/usr/share/scala/lib/scala-swing_2.12-2.0.3.jar:/usr/share/scala/lib/scala-xml_2.12-1.0.6.jar -Dscala.home=/usr/share/scala -Dscala.usejavacp=true 
java_command: scala.tools.nsc.MainGenericRunner Main
java_class_path (initial): ""
Launcher Type: SUN_STANDARD

Environment Variables:
PATH=/opt/java/jdk-11.0.2/bin:/usr/local/sbin:/usr/local/bin:/usr/bin:/opt/android-sdk/platform-tools:/opt/android-sdk/tools:/opt/android-sdk/tools/bin:/var/lib/flatpak/exports/bin:/usr/lib/jvm/default/bin:/usr/bin/site_perl:/usr/bin/vendor_perl:/usr/bin/core_perl
SHELL=/usr/bin/fish
DISPLAY=:0

Signal Handlers:
SIGSEGV: [libjvm.so+0xa32bd0], sa_mask[0]=11111111011111111101111111111110, sa_flags=SA_RESTART|SA_SIGINFO
SIGBUS: [libjvm.so+0xa32bd0], sa_mask[0]=11111111011111111101111111111110, sa_flags=SA_RESTART|SA_SIGINFO
SIGFPE: [libjvm.so+0x88ebd0], sa_mask[0]=11111111011111111101111111111110, sa_flags=SA_RESTART|SA_SIGINFO
SIGPIPE: [libjvm.so+0x88ebd0], sa_mask[0]=11111111011111111101111111111110, sa_flags=SA_RESTART|SA_SIGINFO
SIGXFSZ: [libjvm.so+0x88ebd0], sa_mask[0]=11111111011111111101111111111110, sa_flags=SA_RESTART|SA_SIGINFO
SIGILL: [libjvm.so+0x88ebd0], sa_mask[0]=11111111011111111101111111111110, sa_flags=SA_RESTART|SA_SIGINFO
SIGUSR1: SIG_DFL, sa_mask[0]=00000000000000000000000000000000, sa_flags=none
SIGUSR2: [libjvm.so+0x88ea60], sa_mask[0]=00100000000000000000000000000000, sa_flags=SA_RESTART|SA_SIGINFO
SIGHUP: [libjvm.so+0x88ee70], sa_mask[0]=11111111011111111101111111111110, sa_flags=SA_RESTART|SA_SIGINFO
SIGINT: [libjvm.so+0x88ee70], sa_mask[0]=11111111011111111101111111111110, sa_flags=SA_RESTART|SA_SIGINFO
SIGTERM: [libjvm.so+0x88ee70], sa_mask[0]=11111111011111111101111111111110, sa_flags=SA_RESTART|SA_SIGINFO
SIGQUIT: [libjvm.so+0x88ee70], sa_mask[0]=11111111011111111101111111111110, sa_flags=SA_RESTART|SA_SIGINFO


---------------  S Y S T E M  ---------------

OS:DISTRIB_ID=ManjaroLinux
DISTRIB_RELEASE=18.0.4
DISTRIB_CODENAME=Illyria
DISTRIB_DESCRIPTION="Manjaro Linux"

uname:Linux 4.14.109-1-MANJARO #1 SMP PREEMPT Wed Mar 27 18:51:38 UTC 2019 x86_64
libc:glibc 2.28 NPTL 2.28 
rlimit: STACK 8192k, CORE infinity, NPROC 30719, NOFILE 1048576, AS infinity
load average:1.60 1.71 1.41

/proc/meminfo:
MemTotal:        8109572 kB
MemFree:          154372 kB
MemAvailable:     198200 kB
Buffers:           10704 kB
Cached:           430776 kB
SwapCached:       188868 kB
Active:          6328152 kB
Inactive:        1070912 kB
Active(anon):    6219844 kB
Inactive(anon):   948856 kB
Active(file):     108308 kB
Inactive(file):   122056 kB
Unevictable:          48 kB
Mlocked:              48 kB
SwapTotal:       8290300 kB
SwapFree:        6266876 kB
Dirty:              2528 kB
Writeback:             0 kB
AnonPages:       6955248 kB
Mapped:           504724 kB
Shmem:            211064 kB
Slab:             172200 kB
SReclaimable:      65324 kB
SUnreclaim:       106876 kB
KernelStack:       16432 kB
PageTables:        54608 kB
NFS_Unstable:          0 kB
Bounce:                0 kB
WritebackTmp:          0 kB
CommitLimit:    12345084 kB
Committed_AS:   14282404 kB
VmallocTotal:   34359738367 kB
VmallocUsed:           0 kB
VmallocChunk:          0 kB
HardwareCorrupted:     0 kB
AnonHugePages:   2381824 kB
ShmemHugePages:        0 kB
ShmemPmdMapped:        0 kB
HugePages_Total:       0
HugePages_Free:        0
HugePages_Rsvd:        0
HugePages_Surp:        0
Hugepagesize:       2048 kB
DirectMap4k:      652196 kB
DirectMap2M:     7673856 kB
DirectMap1G:     1048576 kB

container (cgroup) information:
container_type: cgroupv1
cpu_cpuset_cpus: 0-3
cpu_memory_nodes: 0
active_processor_count: 4
cpu_quota: -1
cpu_period: 100000
cpu_shares: -1
memory_limit_in_bytes: -1
memory_and_swap_limit_in_bytes: -1
memory_soft_limit_in_bytes: -1
memory_usage_in_bytes: 7547088896
memory_max_usage_in_bytes: 7636320256


CPU:total 4 (initial active 4) (2 cores per cpu, 2 threads per core) family 6 model 60 stepping 3, cmov, cx8, fxsr, mmx, sse, sse2, sse3, ssse3, sse4.1, sse4.2, popcnt, avx, avx2, aes, clmul, erms, lzcnt, ht, tsc, tscinvbit, bmi1, bmi2

/proc/cpuinfo:
processor	: 0
vendor_id	: GenuineIntel
cpu family	: 6
model		: 60
model name	: Intel(R) Core(TM) i3-4130 CPU @ 3.40GHz
stepping	: 3
microcode	: 0x25
cpu MHz		: 2356.622
cache size	: 3072 KB
physical id	: 0
siblings	: 4
core id		: 0
cpu cores	: 2
apicid		: 0
initial apicid	: 0
fpu		: yes
fpu_exception	: yes
cpuid level	: 13
wp		: yes
flags		: fpu vme de pse tsc msr pae mce cx8 apic sep mtrr pge mca cmov pat pse36 clflush dts acpi mmx fxsr sse sse2 ss ht tm pbe syscall nx pdpe1gb rdtscp lm constant_tsc arch_perfmon pebs bts rep_good nopl xtopology nonstop_tsc cpuid aperfmperf pni pclmulqdq dtes64 monitor ds_cpl vmx est tm2 ssse3 sdbg fma cx16 xtpr pdcm pcid sse4_1 sse4_2 movbe popcnt tsc_deadline_timer aes xsave avx f16c rdrand lahf_lm abm cpuid_fault epb invpcid_single pti ssbd ibrs ibpb stibp tpr_shadow vnmi flexpriority ept vpid fsgsbase tsc_adjust bmi1 avx2 smep bmi2 erms invpcid xsaveopt dtherm arat pln pts flush_l1d
bugs		: cpu_meltdown spectre_v1 spectre_v2 spec_store_bypass l1tf
bogomips	: 6787.40
clflush size	: 64
cache_alignment	: 64
address sizes	: 39 bits physical, 48 bits virtual
power management:

processor	: 1
vendor_id	: GenuineIntel
cpu family	: 6
model		: 60
model name	: Intel(R) Core(TM) i3-4130 CPU @ 3.40GHz
stepping	: 3
microcode	: 0x25
cpu MHz		: 2270.766
cache size	: 3072 KB
physical id	: 0
siblings	: 4
core id		: 1
cpu cores	: 2
apicid		: 2
initial apicid	: 2
fpu		: yes
fpu_exception	: yes
cpuid level	: 13
wp		: yes
flags		: fpu vme de pse tsc msr pae mce cx8 apic sep mtrr pge mca cmov pat pse36 clflush dts acpi mmx fxsr sse sse2 ss ht tm pbe syscall nx pdpe1gb rdtscp lm constant_tsc arch_perfmon pebs bts rep_good nopl xtopology nonstop_tsc cpuid aperfmperf pni pclmulqdq dtes64 monitor ds_cpl vmx est tm2 ssse3 sdbg fma cx16 xtpr pdcm pcid sse4_1 sse4_2 movbe popcnt tsc_deadline_timer aes xsave avx f16c rdrand lahf_lm abm cpuid_fault epb invpcid_single pti ssbd ibrs ibpb stibp tpr_shadow vnmi flexpriority ept vpid fsgsbase tsc_adjust bmi1 avx2 smep bmi2 erms invpcid xsaveopt dtherm arat pln pts flush_l1d
bugs		: cpu_meltdown spectre_v1 spectre_v2 spec_store_bypass l1tf
bogomips	: 6787.40
clflush size	: 64
cache_alignment	: 64
address sizes	: 39 bits physical, 48 bits virtual
power management:

processor	: 2
vendor_id	: GenuineIntel
cpu family	: 6
model		: 60
model name	: Intel(R) Core(TM) i3-4130 CPU @ 3.40GHz
stepping	: 3
microcode	: 0x25
cpu MHz		: 2339.642
cache size	: 3072 KB
physical id	: 0
siblings	: 4
core id		: 0
cpu cores	: 2
apicid		: 1
initial apicid	: 1
fpu		: yes
fpu_exception	: yes
cpuid level	: 13
wp		: yes
flags		: fpu vme de pse tsc msr pae mce cx8 apic sep mtrr pge mca cmov pat pse36 clflush dts acpi mmx fxsr sse sse2 ss ht tm pbe syscall nx pdpe1gb rdtscp lm constant_tsc arch_perfmon pebs bts rep_good nopl xtopology nonstop_tsc cpuid aperfmperf pni pclmulqdq dtes64 monitor ds_cpl vmx est tm2 ssse3 sdbg fma cx16 xtpr pdcm pcid sse4_1 sse4_2 movbe popcnt tsc_deadline_timer aes xsave avx f16c rdrand lahf_lm abm cpuid_fault epb invpcid_single pti ssbd ibrs ibpb stibp tpr_shadow vnmi flexpriority ept vpid fsgsbase tsc_adjust bmi1 avx2 smep bmi2 erms invpcid xsaveopt dtherm arat pln pts flush_l1d
bugs		: cpu_meltdown spectre_v1 spectre_v2 spec_store_bypass l1tf
bogomips	: 6787.40
clflush size	: 64
cache_alignment	: 64
address sizes	: 39 bits physical, 48 bits virtual
power management:

processor	: 3
vendor_id	: GenuineIntel
cpu family	: 6
model		: 60
model name	: Intel(R) Core(TM) i3-4130 CPU @ 3.40GHz
stepping	: 3
microcode	: 0x25
cpu MHz		: 2228.996
cache size	: 3072 KB
physical id	: 0
siblings	: 4
core id		: 1
cpu cores	: 2
apicid		: 3
initial apicid	: 3
fpu		: yes
fpu_exception	: yes
cpuid level	: 13
wp		: yes
flags		: fpu vme de pse tsc msr pae mce cx8 apic sep mtrr pge mca cmov pat pse36 clflush dts acpi mmx fxsr sse sse2 ss ht tm pbe syscall nx pdpe1gb rdtscp lm constant_tsc arch_perfmon pebs bts rep_good nopl xtopology nonstop_tsc cpuid aperfmperf pni pclmulqdq dtes64 monitor ds_cpl vmx est tm2 ssse3 sdbg fma cx16 xtpr pdcm pcid sse4_1 sse4_2 movbe popcnt tsc_deadline_timer aes xsave avx f16c rdrand lahf_lm abm cpuid_fault epb invpcid_single pti ssbd ibrs ibpb stibp tpr_shadow vnmi flexpriority ept vpid fsgsbase tsc_adjust bmi1 avx2 smep bmi2 erms invpcid xsaveopt dtherm arat pln pts flush_l1d
bugs		: cpu_meltdown spectre_v1 spectre_v2 spec_store_bypass l1tf
bogomips	: 6787.40
clflush size	: 64
cache_alignment	: 64
address sizes	: 39 bits physical, 48 bits virtual
power management:



Memory: 4k page, physical 8109572k(153720k free), swap 8290300k(6266876k free)

vm_info: OpenJDK 64-Bit Server VM (25.212-b01) for linux-amd64 JRE (1.8.0_212-b01), built on Mar 21 2019 23:20:35 by "builduser" with gcc 8.2.1 20181127

time: Mon Apr  8 21:55:29 2019
timezone: BST
elapsed time: 0 seconds (0d 0h 0m 0s)

