#
# A fatal error has been detected by the Java Runtime Environment:
#
#  SIGSEGV (0xb) at pc=0x00007f0fb817ef9a, pid=18616, tid=0x00007f0fd601f700
#
# JRE version: OpenJDK Runtime Environment (8.0_212-b01) (build 1.8.0_212-b01)
# Java VM: OpenJDK 64-Bit Server VM (25.212-b01 mixed mode linux-amd64 compressed oops)
# Problematic frame:
# C  [libOpenGLProject.so+0x38f9a]  buildImage(unsigned int*, unsigned int*, unsigned int*)+0x11d
#
# Core dump written. Default location: /home/joseph/Documents/Programming/Graphics/OpenGLProject/out/production/OpenGLProject/core or core.18616
#
# If you would like to submit a bug report, please visit:
#   http://bugreport.java.com/bugreport/crash.jsp
# The crash happened outside the Java Virtual Machine in native code.
# See problematic frame for where to report the bug.
#

---------------  T H R E A D  ---------------

Current thread (0x00007f0fd000b800):  JavaThread "main" [_thread_in_native, id=18617, stack(0x00007f0fd5f20000,0x00007f0fd6020000)]

siginfo: si_signo: 11 (SIGSEGV), si_code: 1 (SEGV_MAPERR), si_addr: 0x0000000000000000

Registers:
RAX=0x0000000000000000, RBX=0x00007f0fd1946f30, RCX=0x0000000000000000, RDX=0x00007f0fd17500a0
RSP=0x00007f0fd601d650, RBP=0x00007f0fd601d970, RSI=0x00007f0fd173e400, RDI=0x0000000040066000
R8 =0x00007f0fb2316ab0, R9 =0x00007f0fd601d2b0, R10=0x0000000000000008, R11=0x00007f0fd601d140
R12=0x0000000000000000, R13=0x00007f0fbb2fcc48, R14=0x00007f0fd601da70, R15=0x00007f0fd000b800
RIP=0x00007f0fb817ef9a, EFLAGS=0x0000000000010206, CSGSFS=0x002b000000000033, ERR=0x0000000000000004
  TRAPNO=0x000000000000000e

Top of Stack: (sp=0x00007f0fd601d650)
0x00007f0fd601d650:   0000000040000000 00007f0fb81b3210
0x00007f0fd601d660:   0000000000000000 0000000000000000
0x00007f0fd601d670:   0000000100000000 0000000100000002
0x00007f0fd601d680:   0000000300000002 0000000000000000
0x00007f0fd601d690:   bf000000bf000000 00000000bf000000
0x00007f0fd601d6a0:   3f00000000000000 bf000000bf000000
0x00007f0fd601d6b0:   000000003f800000 3f0000003f000000
0x00007f0fd601d6c0:   3f800000bf000000 3f0000003f800000
0x00007f0fd601d6d0:   bf0000003f000000 3f8000003f800000
0x00007f0fd601d6e0:   3f000000bf000000 00000000bf000000
0x00007f0fd601d6f0:   bf0000003f800000 bf000000bf000000
0x00007f0fd601d700:   0000000000000000 bf000000bf000000
0x00007f0fd601d710:   000000003f000000 3f00000000000000
0x00007f0fd601d720:   3f000000bf000000 000000003f800000
0x00007f0fd601d730:   3f0000003f000000 3f8000003f000000
0x00007f0fd601d740:   3f0000003f800000 3f0000003f000000
0x00007f0fd601d750:   3f8000003f800000 3f000000bf000000
0x00007f0fd601d760:   000000003f000000 bf0000003f800000
0x00007f0fd601d770:   3f000000bf000000 0000000000000000
0x00007f0fd601d780:   3f000000bf000000 3f8000003f000000
0x00007f0fd601d790:   bf00000000000000 bf0000003f000000
0x00007f0fd601d7a0:   3f8000003f800000 bf000000bf000000
0x00007f0fd601d7b0:   00000000bf000000 bf0000003f800000
0x00007f0fd601d7c0:   bf000000bf000000 3f80000000000000
0x00007f0fd601d7d0:   bf000000bf000000 000000003f000000
0x00007f0fd601d7e0:   bf00000000000000 3f0000003f000000
0x00007f0fd601d7f0:   000000003f800000 3f0000003f000000
0x00007f0fd601d800:   3f8000003f000000 3f00000000000000
0x00007f0fd601d810:   bf0000003f000000 3f8000003f800000
0x00007f0fd601d820:   bf0000003f000000 00000000bf000000
0x00007f0fd601d830:   3f0000003f800000 bf000000bf000000
0x00007f0fd601d840:   3f80000000000000 bf0000003f000000 

Instructions: (pc=0x00007f0fb817ef9a)
0x00007f0fb817ef7a:   05 49 1e 03 00 48 8b 00 48 8b 95 f0 fc ff ff 48
0x00007f0fb817ef8a:   89 d6 bf 01 00 00 00 ff d0 48 8b 85 f0 fc ff ff
0x00007f0fb817ef9a:   8b 30 48 8b 85 f8 fc ff ff 8b 00 48 8d 95 20 fd
0x00007f0fb817efaa:   ff ff b9 b4 00 00 00 89 c7 e8 18 48 fe ff 48 8b 

Register to memory mapping:

RAX=0x0000000000000000 is an unknown value
RBX=0x00007f0fd1946f30 is an unknown value
RCX=0x0000000000000000 is an unknown value
RDX=0x00007f0fd17500a0 is an unknown value
RSP=0x00007f0fd601d650 is pointing into the stack for thread: 0x00007f0fd000b800
RBP=0x00007f0fd601d970 is pointing into the stack for thread: 0x00007f0fd000b800
RSI=0x00007f0fd173e400 is an unknown value
RDI=0x0000000040066000 is an unknown value
R8 =0x00007f0fb2316ab0: <offset 0xf03ab0> in /usr/lib/libnvidia-glcore.so.418.43 at 0x00007f0fb1413000
R9 =0x00007f0fd601d2b0 is pointing into the stack for thread: 0x00007f0fd000b800
R10=0x0000000000000008 is an unknown value
R11=0x00007f0fd601d140 is pointing into the stack for thread: 0x00007f0fd000b800
R12=0x0000000000000000 is an unknown value
R13={method} {0x00007f0fbb2fcc48} 'init' '()V' in 'jni/GLWrapper'
R14=0x00007f0fd601da70 is pointing into the stack for thread: 0x00007f0fd000b800
R15=0x00007f0fd000b800 is a thread


Stack: [0x00007f0fd5f20000,0x00007f0fd6020000],  sp=0x00007f0fd601d650,  free space=1013k
Native frames: (J=compiled Java code, j=interpreted, Vv=VM code, C=native code)
C  [libOpenGLProject.so+0x38f9a]  buildImage(unsigned int*, unsigned int*, unsigned int*)+0x11d
C  [libOpenGLProject.so+0x38bfc]  init()+0x179
C  [libOpenGLProject.so+0x3a137]  Java_jni_GLWrapper_init+0x15
j  jni.GLWrapper.init()V+0
j  Main$.main([Ljava/lang/String;)V+19
j  Main.main([Ljava/lang/String;)V+4
v  ~StubRoutines::call_stub
V  [libjvm.so+0x64bd77]
V  [libjvm.so+0x911407]
V  [libjvm.so+0x9124ee]
V  [libjvm.so+0x69705d]  JVM_InvokeMethod+0x11d
j  sun.reflect.NativeMethodAccessorImpl.invoke0(Ljava/lang/reflect/Method;Ljava/lang/Object;[Ljava/lang/Object;)Ljava/lang/Object;+0
j  sun.reflect.NativeMethodAccessorImpl.invoke(Ljava/lang/Object;[Ljava/lang/Object;)Ljava/lang/Object;+100
j  sun.reflect.DelegatingMethodAccessorImpl.invoke(Ljava/lang/Object;[Ljava/lang/Object;)Ljava/lang/Object;+6
j  java.lang.reflect.Method.invoke(Ljava/lang/Object;[Ljava/lang/Object;)Ljava/lang/Object;+56
j  scala.reflect.internal.util.ScalaClassLoader.$anonfun$run$2(Lscala/collection/Seq;Ljava/lang/reflect/Method;)Ljava/lang/Object;+27
j  scala.reflect.internal.util.ScalaClassLoader$$Lambda$127.apply()Ljava/lang/Object;+8
j  scala.reflect.internal.util.ScalaClassLoader.asContext(Lscala/Function0;)Ljava/lang/Object;+18
j  scala.reflect.internal.util.ScalaClassLoader.asContext$(Lscala/reflect/internal/util/ScalaClassLoader;Lscala/Function0;)Ljava/lang/Object;+2
j  scala.reflect.internal.util.ScalaClassLoader$URLClassLoader.asContext(Lscala/Function0;)Ljava/lang/Object;+2
j  scala.reflect.internal.util.ScalaClassLoader.run(Ljava/lang/String;Lscala/collection/Seq;)V+90
j  scala.reflect.internal.util.ScalaClassLoader.run$(Lscala/reflect/internal/util/ScalaClassLoader;Ljava/lang/String;Lscala/collection/Seq;)V+3
j  scala.reflect.internal.util.ScalaClassLoader$URLClassLoader.run(Ljava/lang/String;Lscala/collection/Seq;)V+3
j  scala.tools.nsc.CommonRunner.run(Lscala/collection/Seq;Ljava/lang/String;Lscala/collection/Seq;)V+15
j  scala.tools.nsc.CommonRunner.run$(Lscala/tools/nsc/CommonRunner;Lscala/collection/Seq;Ljava/lang/String;Lscala/collection/Seq;)V+4
j  scala.tools.nsc.ObjectRunner$.run(Lscala/collection/Seq;Ljava/lang/String;Lscala/collection/Seq;)V+4
j  scala.tools.nsc.CommonRunner.runAndCatch(Lscala/collection/Seq;Ljava/lang/String;Lscala/collection/Seq;)Lscala/util/Either;+4
j  scala.tools.nsc.CommonRunner.runAndCatch$(Lscala/tools/nsc/CommonRunner;Lscala/collection/Seq;Ljava/lang/String;Lscala/collection/Seq;)Lscala/util/Either;+4
j  scala.tools.nsc.ObjectRunner$.runAndCatch(Lscala/collection/Seq;Ljava/lang/String;Lscala/collection/Seq;)Lscala/util/Either;+4
j  scala.tools.nsc.MainGenericRunner.runTarget$1(Lscala/tools/nsc/GenericRunnerCommand;)Lscala/util/Either;+39
j  scala.tools.nsc.MainGenericRunner.run$1(Lscala/tools/nsc/GenericRunnerCommand;)Z+1
j  scala.tools.nsc.MainGenericRunner.process([Ljava/lang/String;)Z+128
j  scala.tools.nsc.MainGenericRunner$.main([Ljava/lang/String;)V+2
j  scala.tools.nsc.MainGenericRunner.main([Ljava/lang/String;)V+4
v  ~StubRoutines::call_stub
V  [libjvm.so+0x64bd77]
V  [libjvm.so+0x66a557]
V  [libjvm.so+0x66c9c6]
C  [libjli.so+0x2da1]
C  [libpthread.so.0+0x7a9d]  start_thread+0xfd

Java frames: (J=compiled Java code, j=interpreted, Vv=VM code)
j  jni.GLWrapper.init()V+0
j  Main$.main([Ljava/lang/String;)V+19
j  Main.main([Ljava/lang/String;)V+4
v  ~StubRoutines::call_stub
j  sun.reflect.NativeMethodAccessorImpl.invoke0(Ljava/lang/reflect/Method;Ljava/lang/Object;[Ljava/lang/Object;)Ljava/lang/Object;+0
j  sun.reflect.NativeMethodAccessorImpl.invoke(Ljava/lang/Object;[Ljava/lang/Object;)Ljava/lang/Object;+100
j  sun.reflect.DelegatingMethodAccessorImpl.invoke(Ljava/lang/Object;[Ljava/lang/Object;)Ljava/lang/Object;+6
j  java.lang.reflect.Method.invoke(Ljava/lang/Object;[Ljava/lang/Object;)Ljava/lang/Object;+56
j  scala.reflect.internal.util.ScalaClassLoader.$anonfun$run$2(Lscala/collection/Seq;Ljava/lang/reflect/Method;)Ljava/lang/Object;+27
j  scala.reflect.internal.util.ScalaClassLoader$$Lambda$127.apply()Ljava/lang/Object;+8
j  scala.reflect.internal.util.ScalaClassLoader.asContext(Lscala/Function0;)Ljava/lang/Object;+18
j  scala.reflect.internal.util.ScalaClassLoader.asContext$(Lscala/reflect/internal/util/ScalaClassLoader;Lscala/Function0;)Ljava/lang/Object;+2
j  scala.reflect.internal.util.ScalaClassLoader$URLClassLoader.asContext(Lscala/Function0;)Ljava/lang/Object;+2
j  scala.reflect.internal.util.ScalaClassLoader.run(Ljava/lang/String;Lscala/collection/Seq;)V+90
j  scala.reflect.internal.util.ScalaClassLoader.run$(Lscala/reflect/internal/util/ScalaClassLoader;Ljava/lang/String;Lscala/collection/Seq;)V+3
j  scala.reflect.internal.util.ScalaClassLoader$URLClassLoader.run(Ljava/lang/String;Lscala/collection/Seq;)V+3
j  scala.tools.nsc.CommonRunner.run(Lscala/collection/Seq;Ljava/lang/String;Lscala/collection/Seq;)V+15
j  scala.tools.nsc.CommonRunner.run$(Lscala/tools/nsc/CommonRunner;Lscala/collection/Seq;Ljava/lang/String;Lscala/collection/Seq;)V+4
j  scala.tools.nsc.ObjectRunner$.run(Lscala/collection/Seq;Ljava/lang/String;Lscala/collection/Seq;)V+4
j  scala.tools.nsc.CommonRunner.runAndCatch(Lscala/collection/Seq;Ljava/lang/String;Lscala/collection/Seq;)Lscala/util/Either;+4
j  scala.tools.nsc.CommonRunner.runAndCatch$(Lscala/tools/nsc/CommonRunner;Lscala/collection/Seq;Ljava/lang/String;Lscala/collection/Seq;)Lscala/util/Either;+4
j  scala.tools.nsc.ObjectRunner$.runAndCatch(Lscala/collection/Seq;Ljava/lang/String;Lscala/collection/Seq;)Lscala/util/Either;+4
j  scala.tools.nsc.MainGenericRunner.runTarget$1(Lscala/tools/nsc/GenericRunnerCommand;)Lscala/util/Either;+39
j  scala.tools.nsc.MainGenericRunner.run$1(Lscala/tools/nsc/GenericRunnerCommand;)Z+1
j  scala.tools.nsc.MainGenericRunner.process([Ljava/lang/String;)Z+128
j  scala.tools.nsc.MainGenericRunner$.main([Ljava/lang/String;)V+2
j  scala.tools.nsc.MainGenericRunner.main([Ljava/lang/String;)V+4
v  ~StubRoutines::call_stub

---------------  P R O C E S S  ---------------

Java Threads: ( => current thread )
  0x00007f0fd00c1800 JavaThread "Service Thread" daemon [_thread_blocked, id=18629, stack(0x00007f0fbb714000,0x00007f0fbb815000)]
  0x00007f0fd00be800 JavaThread "C1 CompilerThread2" daemon [_thread_blocked, id=18628, stack(0x00007f0fbb816000,0x00007f0fbb916000)]
  0x00007f0fd00bd000 JavaThread "C2 CompilerThread1" daemon [_thread_blocked, id=18627, stack(0x00007f0fbb917000,0x00007f0fbba17000)]
  0x00007f0fd00ba000 JavaThread "C2 CompilerThread0" daemon [_thread_blocked, id=18626, stack(0x00007f0fbba18000,0x00007f0fbbb18000)]
  0x00007f0fd00b8800 JavaThread "Signal Dispatcher" daemon [_thread_blocked, id=18625, stack(0x00007f0fbbb18000,0x00007f0fbbc19000)]
  0x00007f0fd0085800 JavaThread "Finalizer" daemon [_thread_blocked, id=18624, stack(0x00007f0fbbeff000,0x00007f0fbc000000)]
  0x00007f0fd0083000 JavaThread "Reference Handler" daemon [_thread_blocked, id=18623, stack(0x00007f0fc00d0000,0x00007f0fc01d1000)]
=>0x00007f0fd000b800 JavaThread "main" [_thread_in_native, id=18617, stack(0x00007f0fd5f20000,0x00007f0fd6020000)]

Other Threads:
  0x00007f0fd0079000 VMThread [stack: 0x00007f0fc01d2000,0x00007f0fc02d2000] [id=18622]
  0x00007f0fd00ee800 WatcherThread [stack: 0x00007f0fbb614000,0x00007f0fbb714000] [id=18630]

VM state:not at safepoint (normal execution)

VM Mutex/Monitor currently owned by a thread: None

heap address: 0x00000000f0000000, size: 256 MB, Compressed Oops mode: 32-bit
Narrow klass base: 0x0000000000000000, Narrow klass shift: 3
Compressed class space size: 1073741824 Address: 0x0000000100000000

Heap:
 PSYoungGen      total 9728K, used 1193K [0x00000000fab00000, 0x00000000fbe00000, 0x0000000100000000)
  eden space 8704K, 1% used [0x00000000fab00000,0x00000000fab2b370,0x00000000fb380000)
  from space 1024K, 99% used [0x00000000fb480000,0x00000000fb57f450,0x00000000fb580000)
  to   space 1024K, 0% used [0x00000000fb380000,0x00000000fb380000,0x00000000fb480000)
 ParOldGen       total 22016K, used 571K [0x00000000f0000000, 0x00000000f1580000, 0x00000000fab00000)
  object space 22016K, 2% used [0x00000000f0000000,0x00000000f008edc8,0x00000000f1580000)
 Metaspace       used 12678K, capacity 13264K, committed 13440K, reserved 1060864K
  class space    used 1576K, capacity 1655K, committed 1664K, reserved 1048576K

Card table byte_map: [0x00007f0fd5a6e000,0x00007f0fd5aef000] byte_map_base: 0x00007f0fd52ee000

Marking Bits: (ParMarkBitMap*) 0x00007f0fd6e7ac80
 Begin Bits: [0x00007f0fd4e14000, 0x00007f0fd5214000)
 End Bits:   [0x00007f0fd5214000, 0x00007f0fd5614000)

Polling page: 0x00007f0fd72a9000

CodeCache: size=245760Kb used=2372Kb max_used=2372Kb free=243387Kb
 bounds [0x00007f0fc1000000, 0x00007f0fc1270000, 0x00007f0fd0000000]
 total_blobs=942 nmethods=632 adapters=225
 compilation: enabled

Compilation events (10 events):
Event: 1.064 Thread 0x00007f0fd00be800  626       3       java.lang.StringCoding::access$300 (8 bytes)
Event: 1.064 Thread 0x00007f0fd00be800 nmethod 626 0x00007f0fc124c990 code [0x00007f0fc124cb40, 0x00007f0fc124d068]
Event: 1.064 Thread 0x00007f0fd00be800  630       3       java.io.File::isInvalid (47 bytes)
Event: 1.065 Thread 0x00007f0fd00be800 nmethod 630 0x00007f0fc124c2d0 code [0x00007f0fc124c460, 0x00007f0fc124c888]
Event: 1.065 Thread 0x00007f0fd00be800  629       1       java.net.URL::getPort (5 bytes)
Event: 1.065 Thread 0x00007f0fd00be800 nmethod 629 0x00007f0fc124c010 code [0x00007f0fc124c160, 0x00007f0fc124c270]
Event: 1.065 Thread 0x00007f0fd00be800  631       1       jdk.internal.org.objectweb.asm.Type::getSort (5 bytes)
Event: 1.065 Thread 0x00007f0fd00be800 nmethod 631 0x00007f0fc124bd50 code [0x00007f0fc124bea0, 0x00007f0fc124bfb0]
Event: 1.068 Thread 0x00007f0fd00be800  632       1       java.nio.Buffer::position (5 bytes)
Event: 1.068 Thread 0x00007f0fd00be800 nmethod 632 0x00007f0fc124ba90 code [0x00007f0fc124bbe0, 0x00007f0fc124bcf0]

GC Heap History (4 events):
Event: 0.992 GC heap before
{Heap before GC invocations=1 (full 0):
 PSYoungGen      total 9728K, used 8704K [0x00000000fab00000, 0x00000000fb580000, 0x0000000100000000)
  eden space 8704K, 100% used [0x00000000fab00000,0x00000000fb380000,0x00000000fb380000)
  from space 1024K, 0% used [0x00000000fb480000,0x00000000fb480000,0x00000000fb580000)
  to   space 1024K, 0% used [0x00000000fb380000,0x00000000fb380000,0x00000000fb480000)
 ParOldGen       total 22016K, used 0K [0x00000000f0000000, 0x00000000f1580000, 0x00000000fab00000)
  object space 22016K, 0% used [0x00000000f0000000,0x00000000f0000000,0x00000000f1580000)
 Metaspace       used 12030K, capacity 12438K, committed 12672K, reserved 1060864K
  class space    used 1489K, capacity 1548K, committed 1664K, reserved 1048576K
Event: 0.997 GC heap after
Heap after GC invocations=1 (full 0):
 PSYoungGen      total 9728K, used 1001K [0x00000000fab00000, 0x00000000fb580000, 0x0000000100000000)
  eden space 8704K, 0% used [0x00000000fab00000,0x00000000fab00000,0x00000000fb380000)
  from space 1024K, 97% used [0x00000000fb380000,0x00000000fb47a550,0x00000000fb480000)
  to   space 1024K, 0% used [0x00000000fb480000,0x00000000fb480000,0x00000000fb580000)
 ParOldGen       total 22016K, used 238K [0x00000000f0000000, 0x00000000f1580000, 0x00000000fab00000)
  object space 22016K, 1% used [0x00000000f0000000,0x00000000f003bb50,0x00000000f1580000)
 Metaspace       used 12030K, capacity 12438K, committed 12672K, reserved 1060864K
  class space    used 1489K, capacity 1548K, committed 1664K, reserved 1048576K
}
Event: 1.060 GC heap before
{Heap before GC invocations=2 (full 0):
 PSYoungGen      total 9728K, used 9705K [0x00000000fab00000, 0x00000000fb580000, 0x0000000100000000)
  eden space 8704K, 100% used [0x00000000fab00000,0x00000000fb380000,0x00000000fb380000)
  from space 1024K, 97% used [0x00000000fb380000,0x00000000fb47a550,0x00000000fb480000)
  to   space 1024K, 0% used [0x00000000fb480000,0x00000000fb480000,0x00000000fb580000)
 ParOldGen       total 22016K, used 238K [0x00000000f0000000, 0x00000000f1580000, 0x00000000fab00000)
  object space 22016K, 1% used [0x00000000f0000000,0x00000000f003bb50,0x00000000f1580000)
 Metaspace       used 12601K, capacity 13190K, committed 13440K, reserved 1060864K
  class space    used 1568K, capacity 1654K, committed 1664K, reserved 1048576K
Event: 1.063 GC heap after
Heap after GC invocations=2 (full 0):
 PSYoungGen      total 9728K, used 1021K [0x00000000fab00000, 0x00000000fbe00000, 0x0000000100000000)
  eden space 8704K, 0% used [0x00000000fab00000,0x00000000fab00000,0x00000000fb380000)
  from space 1024K, 99% used [0x00000000fb480000,0x00000000fb57f450,0x00000000fb580000)
  to   space 1024K, 0% used [0x00000000fb380000,0x00000000fb380000,0x00000000fb480000)
 ParOldGen       total 22016K, used 571K [0x00000000f0000000, 0x00000000f1580000, 0x00000000fab00000)
  object space 22016K, 2% used [0x00000000f0000000,0x00000000f008edc8,0x00000000f1580000)
 Metaspace       used 12601K, capacity 13190K, committed 13440K, reserved 1060864K
  class space    used 1568K, capacity 1654K, committed 1664K, reserved 1048576K
}

Deoptimization events (2 events):
Event: 0.564 Thread 0x00007f0fd000b800 Uncommon trap: reason=unstable_if action=reinterpret pc=0x00007f0fc113733c method=java.lang.String.indexOf(II)I @ 17
Event: 0.573 Thread 0x00007f0fd000b800 Uncommon trap: reason=null_check action=make_not_entrant pc=0x00007f0fc1159e60 method=java.lang.String.equals(Ljava/lang/Object;)Z @ 8

Classes redefined (0 events):
No events

Internal exceptions (10 events):
Event: 1.021 Thread 0x00007f0fd000b800 Exception <a 'java/lang/NoSuchMethodError': java.lang.Object.$anonfun$envOrElse$1(Lscala/tools/reflect/WrappedProperties;Ljava/lang/String;Ljava/lang/String;)Ljava/lang/String;> (0x00000000fab82848) thrown at [/build/java8-openjdk/src/jdk8u-jdk8u212-b01/h
Event: 1.022 Thread 0x00007f0fd000b800 Exception <a 'java/lang/NoSuchMethodError': java.lang.Object.$anonfun$envOrElse$1(Ljava/lang/String;)Ljava/lang/String;> (0x00000000fab87e48) thrown at [/build/java8-openjdk/src/jdk8u-jdk8u212-b01/hotspot/src/share/vm/interpreter/linkResolver.cpp, line 62
Event: 1.022 Thread 0x00007f0fd000b800 Exception <a 'java/lang/NoSuchMethodError': java.lang.Object.$anonfun$envOrElse$2(Ljava/lang/String;)Ljava/lang/String;> (0x00000000fab8c180) thrown at [/build/java8-openjdk/src/jdk8u-jdk8u212-b01/hotspot/src/share/vm/interpreter/linkResolver.cpp, line 62
Event: 1.023 Thread 0x00007f0fd000b800 Exception <a 'java/lang/NoSuchMethodError': java.lang.Object.$anonfun$flatten$1(Lscala/Function1;Lscala/collection/mutable/Builder;Ljava/lang/Object;)Lscala/collection/mutable/Builder;> (0x00000000fab94ff8) thrown at [/build/java8-openjdk/src/jdk8u-jdk8u2
Event: 1.026 Thread 0x00007f0fd000b800 Exception <a 'java/lang/NoSuchMethodError': java.lang.Object.$anonfun$flatMap$1(Lscala/Function1;Lscala/collection/mutable/Builder;Ljava/lang/Object;)Lscala/collection/mutable/Builder;> (0x00000000fab9fff8) thrown at [/build/java8-openjdk/src/jdk8u-jdk8u2
Event: 1.035 Thread 0x00007f0fd000b800 Exception <a 'java/lang/NoSuchMethodError': java.lang.Object.$anonfun$tryClass$1(Lscala/reflect/internal/util/ScalaClassLoader;Ljava/lang/String;Z)Ljava/lang/Class;> (0x00000000fabc39c8) thrown at [/build/java8-openjdk/src/jdk8u-jdk8u212-b01/hotspot/src/s
Event: 1.046 Thread 0x00007f0fd000b800 Exception <a 'java/lang/NoSuchMethodError': java.lang.Object.$anonfun$isInfo$1$adapted(Lscala/tools/nsc/settings/MutableSettings$Setting;)Ljava/lang/Object;> (0x00000000fafa8ce8) thrown at [/build/java8-openjdk/src/jdk8u-jdk8u212-b01/hotspot/src/share/vm/
Event: 1.047 Thread 0x00007f0fd000b800 Exception <a 'java/lang/NoSuchMethodError': java.lang.Object.$anonfun$isInfo$2$adapted(Lscala/tools/nsc/settings/MutableSettings$Setting;)Ljava/lang/Object;> (0x00000000fafacd90) thrown at [/build/java8-openjdk/src/jdk8u-jdk8u212-b01/hotspot/src/share/vm/
Event: 1.059 Thread 0x00007f0fd000b800 Exception <a 'java/lang/NoSuchMethodError': java.lang.Object.$anonfun$run$1(Ljava/lang/String;)Lscala/runtime/Nothing$;> (0x00000000fb37b248) thrown at [/build/java8-openjdk/src/jdk8u-jdk8u212-b01/hotspot/src/share/vm/interpreter/linkResolver.cpp, line 62
Event: 1.060 Thread 0x00007f0fd000b800 Exception <a 'java/lang/NoSuchMethodError': java.lang.Object.$anonfun$run$2(Lscala/collection/Seq;Ljava/lang/reflect/Method;)Ljava/lang/Object;> (0x00000000fb37fca8) thrown at [/build/java8-openjdk/src/jdk8u-jdk8u212-b01/hotspot/src/share/vm/interpreter/l

Events (10 events):
Event: 1.065 loading class scala/util/DynamicVariable$$anon$1
Event: 1.065 loading class java/lang/InheritableThreadLocal
Event: 1.065 loading class java/lang/InheritableThreadLocal done
Event: 1.065 Executing VM operation: Deoptimize
Event: 1.065 Executing VM operation: Deoptimize done
Event: 1.065 loading class scala/util/DynamicVariable$$anon$1 done
Event: 1.065 loading class jni/GLWrapper
Event: 1.065 loading class jni/GLWrapper done
Event: 1.066 loading class java/lang/Package
Event: 1.066 loading class java/lang/Package done


Dynamic libraries:
40066000-40118000 rw-p 00000000 00:00 0 
41f84000-41f86000 r-xs 00000000 00:2c 61                                 /tmp/.glvpui8D (deleted)
f0000000-f1580000 rw-p 00000000 00:00 0 
f1580000-fab00000 ---p 00000000 00:00 0 
fab00000-fbe00000 rw-p 00000000 00:00 0 
fbe00000-100000000 ---p 00000000 00:00 0 
100000000-1001a0000 rw-p 00000000 00:00 0 
1001a0000-140000000 ---p 00000000 00:00 0 
55a056ecd000-55a056ece000 r--p 00000000 fe:00 4982129                    /usr/lib/jvm/java-8-openjdk/jre/bin/java
55a056ece000-55a056ecf000 r-xp 00001000 fe:00 4982129                    /usr/lib/jvm/java-8-openjdk/jre/bin/java
55a056ecf000-55a056ed0000 r--p 00002000 fe:00 4982129                    /usr/lib/jvm/java-8-openjdk/jre/bin/java
55a056ed0000-55a056ed1000 r--p 00002000 fe:00 4982129                    /usr/lib/jvm/java-8-openjdk/jre/bin/java
55a056ed1000-55a056ed2000 rw-p 00003000 fe:00 4982129                    /usr/lib/jvm/java-8-openjdk/jre/bin/java
55a057fbf000-55a057fe0000 rw-p 00000000 00:00 0                          [heap]
7f0f84000000-7f0f84021000 rw-p 00000000 00:00 0 
7f0f84021000-7f0f88000000 ---p 00000000 00:00 0 
7f0f88000000-7f0f88021000 rw-p 00000000 00:00 0 
7f0f88021000-7f0f8c000000 ---p 00000000 00:00 0 
7f0f8c000000-7f0f8c07d000 rw-p 00000000 00:00 0 
7f0f8c07d000-7f0f90000000 ---p 00000000 00:00 0 
7f0f90000000-7f0f90054000 rw-p 00000000 00:00 0 
7f0f90054000-7f0f94000000 ---p 00000000 00:00 0 
7f0f94000000-7f0f94021000 rw-p 00000000 00:00 0 
7f0f94021000-7f0f98000000 ---p 00000000 00:00 0 
7f0f98000000-7f0f9809b000 rw-p 00000000 00:00 0 
7f0f9809b000-7f0f9c000000 ---p 00000000 00:00 0 
7f0f9c000000-7f0f9c021000 rw-p 00000000 00:00 0 
7f0f9c021000-7f0fa0000000 ---p 00000000 00:00 0 
7f0fa0000000-7f0fa0021000 rw-p 00000000 00:00 0 
7f0fa0021000-7f0fa4000000 ---p 00000000 00:00 0 
7f0fa4000000-7f0fa4021000 rw-p 00000000 00:00 0 
7f0fa4021000-7f0fa8000000 ---p 00000000 00:00 0 
7f0fa8000000-7f0fa8021000 rw-p 00000000 00:00 0 
7f0fa8021000-7f0fac000000 ---p 00000000 00:00 0 
7f0fac000000-7f0fac021000 rw-p 00000000 00:00 0 
7f0fac021000-7f0fb0000000 ---p 00000000 00:00 0 
7f0fb09ec000-7f0fb0bec000 rw-s 00000000 00:06 567                        /dev/nvidiactl
7f0fb0bec000-7f0fb0fee000 rw-p 00000000 00:00 0 
7f0fb0fee000-7f0fb106e000 rw-s 00000000 00:06 567                        /dev/nvidiactl
7f0fb106e000-7f0fb10ee000 rw-s 00000000 00:06 567                        /dev/nvidiactl
7f0fb10ee000-7f0fb116e000 rw-s 00000000 00:06 567                        /dev/nvidiactl
7f0fb116e000-7f0fb126e000 rw-s 00000000 00:06 567                        /dev/nvidiactl
7f0fb126e000-7f0fb128e000 rw-s 00000000 00:06 568                        /dev/nvidia0
7f0fb128e000-7f0fb12ce000 rw-s 00000000 00:06 567                        /dev/nvidiactl
7f0fb12ce000-7f0fb130e000 rw-s 00000000 00:06 567                        /dev/nvidiactl
7f0fb130e000-7f0fb1413000 rw-s 00000000 00:06 567                        /dev/nvidiactl
7f0fb1413000-7f0fb262a000 r-xp 00000000 fe:00 4096496                    /usr/lib/libnvidia-glcore.so.418.43
7f0fb262a000-7f0fb264b000 rwxp 01217000 fe:00 4096496                    /usr/lib/libnvidia-glcore.so.418.43
7f0fb264b000-7f0fb2b40000 r-xp 01238000 fe:00 4096496                    /usr/lib/libnvidia-glcore.so.418.43
7f0fb2b40000-7f0fb2d40000 ---p 0172d000 fe:00 4096496                    /usr/lib/libnvidia-glcore.so.418.43
7f0fb2d40000-7f0fb3067000 rw-p 0172d000 fe:00 4096496                    /usr/lib/libnvidia-glcore.so.418.43
7f0fb3067000-7f0fb307d000 rw-p 00000000 00:00 0 
7f0fb307d000-7f0fb3080000 r-xp 00000000 fe:00 4117701                    /usr/lib/libnvidia-tls.so.418.43
7f0fb3080000-7f0fb3280000 ---p 00003000 fe:00 4117701                    /usr/lib/libnvidia-tls.so.418.43
7f0fb3280000-7f0fb3281000 rw-p 00003000 fe:00 4117701                    /usr/lib/libnvidia-tls.so.418.43
7f0fb3281000-7f0fb334b000 r-xp 00000000 fe:00 4096469                    /usr/lib/libGLX_nvidia.so.418.43
7f0fb334b000-7f0fb3380000 rwxp 000ca000 fe:00 4096469                    /usr/lib/libGLX_nvidia.so.418.43
7f0fb3380000-7f0fb3394000 r-xp 000ff000 fe:00 4096469                    /usr/lib/libGLX_nvidia.so.418.43
7f0fb3394000-7f0fb3593000 ---p 00113000 fe:00 4096469                    /usr/lib/libGLX_nvidia.so.418.43
7f0fb3593000-7f0fb35b8000 rw-p 00112000 fe:00 4096469                    /usr/lib/libGLX_nvidia.so.418.43
7f0fb35b8000-7f0fb35c0000 rw-p 00000000 00:00 0 
7f0fb35c0000-7f0fb3600000 r--p 00000000 fe:00 4069014                    /usr/lib/libGLdispatch.so.0.0.0
7f0fb3600000-7f0fb3603000 r-xp 00040000 fe:00 4069014                    /usr/lib/libGLdispatch.so.0.0.0
7f0fb3603000-7f0fb361d000 r-xp 00043000 fe:00 4069014                    /usr/lib/libGLdispatch.so.0.0.0
7f0fb361d000-7f0fb361e000 r-xp 0005d000 fe:00 4069014                    /usr/lib/libGLdispatch.so.0.0.0
7f0fb361e000-7f0fb3631000 r--p 0005e000 fe:00 4069014                    /usr/lib/libGLdispatch.so.0.0.0
7f0fb3631000-7f0fb3632000 ---p 00071000 fe:00 4069014                    /usr/lib/libGLdispatch.so.0.0.0
7f0fb3632000-7f0fb365b000 r--p 00071000 fe:00 4069014                    /usr/lib/libGLdispatch.so.0.0.0
7f0fb365b000-7f0fb365c000 rw-p 0009a000 fe:00 4069014                    /usr/lib/libGLdispatch.so.0.0.0
7f0fb365c000-7f0fb367c000 rw-p 00000000 00:00 0 
7f0fb367c000-7f0fb367f000 r--p 00000000 fe:00 4069012                    /usr/lib/libGLX.so.0.0.0
7f0fb367f000-7f0fb3689000 r-xp 00003000 fe:00 4069012                    /usr/lib/libGLX.so.0.0.0
7f0fb3689000-7f0fb368c000 r--p 0000d000 fe:00 4069012                    /usr/lib/libGLX.so.0.0.0
7f0fb368c000-7f0fb368d000 ---p 00010000 fe:00 4069012                    /usr/lib/libGLX.so.0.0.0
7f0fb368d000-7f0fb368e000 r--p 00010000 fe:00 4069012                    /usr/lib/libGLX.so.0.0.0
7f0fb368e000-7f0fb368f000 rw-p 00011000 fe:00 4069012                    /usr/lib/libGLX.so.0.0.0
7f0fb368f000-7f0fb3723000 rw-p 00000000 00:00 0 
7f0fb3723000-7f0fb3728000 r-xp 00000000 fe:00 4069026                    /usr/lib/libXfixes.so.3.1.0
7f0fb3728000-7f0fb3927000 ---p 00005000 fe:00 4069026                    /usr/lib/libXfixes.so.3.1.0
7f0fb3927000-7f0fb3928000 r--p 00004000 fe:00 4069026                    /usr/lib/libXfixes.so.3.1.0
7f0fb3928000-7f0fb3929000 rw-p 00005000 fe:00 4069026                    /usr/lib/libXfixes.so.3.1.0
7f0fb3929000-7f0fb39b2000 r--p 00000000 fe:00 4069301                    /usr/lib/libstdc++.so.6.0.25
7f0fb39b2000-7f0fb3a6a000 r-xp 00089000 fe:00 4069301                    /usr/lib/libstdc++.so.6.0.25
7f0fb3a6a000-7f0fb3aa7000 r--p 00141000 fe:00 4069301                    /usr/lib/libstdc++.so.6.0.25
7f0fb3aa7000-7f0fb3aa8000 ---p 0017e000 fe:00 4069301                    /usr/lib/libstdc++.so.6.0.25
7f0fb3aa8000-7f0fb3ab4000 r--p 0017e000 fe:00 4069301                    /usr/lib/libstdc++.so.6.0.25
7f0fb3ab4000-7f0fb3ab5000 rw-p 0018a000 fe:00 4069301                    /usr/lib/libstdc++.so.6.0.25
7f0fb3ab5000-7f0fb3ab8000 rw-p 00000000 00:00 0 
7f0fb3ab8000-7f0fb3abc000 r-xp 00000000 fe:00 4069027                    /usr/lib/libXxf86vm.so.1.0.0
7f0fb3abc000-7f0fb3cbc000 ---p 00004000 fe:00 4069027                    /usr/lib/libXxf86vm.so.1.0.0
7f0fb3cbc000-7f0fb3cbd000 r--p 00004000 fe:00 4069027                    /usr/lib/libXxf86vm.so.1.0.0
7f0fb3cbd000-7f0fb3cbe000 rw-p 00005000 fe:00 4069027                    /usr/lib/libXxf86vm.so.1.0.0
7f0fb3cbe000-7f0fb3cc0000 r-xp 00000000 fe:00 4077494                    /usr/lib/libXinerama.so.1.0.0
7f0fb3cc0000-7f0fb3ebf000 ---p 00002000 fe:00 4077494                    /usr/lib/libXinerama.so.1.0.0
7f0fb3ebf000-7f0fb3ec0000 r--p 00001000 fe:00 4077494                    /usr/lib/libXinerama.so.1.0.0
7f0fb3ec0000-7f0fb3ec1000 rw-p 00002000 fe:00 4077494                    /usr/lib/libXinerama.so.1.0.0
7f0fb3ec1000-7f0fb3edd000 r--p 00000000 fe:00 4079815                    /usr/lib/libX11.so.6.3.0
7f0fb3edd000-7f0fb3f65000 r-xp 0001c000 fe:00 4079815                    /usr/lib/libX11.so.6.3.0
7f0fb3f65000-7f0fb3ff9000 r--p 000a4000 fe:00 4079815                    /usr/lib/libX11.so.6.3.0
7f0fb3ff9000-7f0fb3ffc000 r--p 00137000 fe:00 4079815                    /usr/lib/libX11.so.6.3.0
7f0fb3ffc000-7f0fb4000000 rw-p 0013a000 fe:00 4079815                    /usr/lib/libX11.so.6.3.0
7f0fb4000000-7f0fb4021000 rw-p 00000000 00:00 0 
7f0fb4021000-7f0fb8000000 ---p 00000000 00:00 0 
7f0fb8009000-7f0fb801c000 rw-s 00000000 00:06 567                        /dev/nvidiactl
7f0fb801c000-7f0fb8020000 r--p 00000000 fe:00 4067360                    /usr/lib/libdrm.so.2.4.0
7f0fb8020000-7f0fb802a000 r-xp 00004000 fe:00 4067360                    /usr/lib/libdrm.so.2.4.0
7f0fb802a000-7f0fb802d000 r--p 0000e000 fe:00 4067360                    /usr/lib/libdrm.so.2.4.0
7f0fb802d000-7f0fb802e000 ---p 00011000 fe:00 4067360                    /usr/lib/libdrm.so.2.4.0
7f0fb802e000-7f0fb802f000 r--p 00011000 fe:00 4067360                    /usr/lib/libdrm.so.2.4.0
7f0fb802f000-7f0fb8030000 rw-p 00012000 fe:00 4067360                    /usr/lib/libdrm.so.2.4.0
7f0fb8030000-7f0fb8072000 r--p 00000000 fe:00 4069009                    /usr/lib/libGL.so.1.7.0
7f0fb8072000-7f0fb8076000 r-xp 00042000 fe:00 4069009                    /usr/lib/libGL.so.1.7.0
7f0fb8076000-7f0fb8090000 r-xp 00046000 fe:00 4069009                    /usr/lib/libGL.so.1.7.0
7f0fb8090000-7f0fb8091000 r-xp 00060000 fe:00 4069009                    /usr/lib/libGL.so.1.7.0
7f0fb8091000-7f0fb80a6000 r--p 00061000 fe:00 4069009                    /usr/lib/libGL.so.1.7.0
7f0fb80a6000-7f0fb80c1000 r--p 00075000 fe:00 4069009                    /usr/lib/libGL.so.1.7.0
7f0fb80c1000-7f0fb80c2000 rw-p 00090000 fe:00 4069009                    /usr/lib/libGL.so.1.7.0
7f0fb80c2000-7f0fb80c3000 rw-p 00000000 00:00 0 
7f0fb80c3000-7f0fb80c5000 r--p 00000000 fe:00 4073249                    /usr/lib/libXdmcp.so.6.0.0
7f0fb80c5000-7f0fb80c7000 r-xp 00002000 fe:00 4073249                    /usr/lib/libXdmcp.so.6.0.0
7f0fb80c7000-7f0fb80c9000 r--p 00004000 fe:00 4073249                    /usr/lib/libXdmcp.so.6.0.0
7f0fb80c9000-7f0fb80ca000 r--p 00005000 fe:00 4073249                    /usr/lib/libXdmcp.so.6.0.0
7f0fb80ca000-7f0fb80cb000 rw-p 00006000 fe:00 4073249                    /usr/lib/libXdmcp.so.6.0.0
7f0fb80cb000-7f0fb80d7000 r--p 00000000 fe:00 4073236                    /usr/lib/libxcb.so.1.1.0
7f0fb80d7000-7f0fb80ea000 r-xp 0000c000 fe:00 4073236                    /usr/lib/libxcb.so.1.1.0
7f0fb80ea000-7f0fb80f3000 r--p 0001f000 fe:00 4073236                    /usr/lib/libxcb.so.1.1.0
7f0fb80f3000-7f0fb80f4000 r--p 00027000 fe:00 4073236                    /usr/lib/libxcb.so.1.1.0
7f0fb80f4000-7f0fb80f5000 rw-p 00028000 fe:00 4073236                    /usr/lib/libxcb.so.1.1.0
7f0fb8100000-7f0fb8102000 rw-s 00000000 00:2c 61                         /tmp/.glvpui8D (deleted)
7f0fb8102000-7f0fb8106000 rw-s 00000000 00:06 567                        /dev/nvidiactl
7f0fb8106000-7f0fb8126000 rw-s 00000000 00:06 567                        /dev/nvidiactl
7f0fb8146000-7f0fb8162000 r--p 00000000 fe:00 413556                     /home/joseph/Documents/Programming/Graphics/OpenGLProject/cmake-build-debug/libOpenGLProject.so
7f0fb8162000-7f0fb819f000 r-xp 0001c000 fe:00 413556                     /home/joseph/Documents/Programming/Graphics/OpenGLProject/cmake-build-debug/libOpenGLProject.so
7f0fb819f000-7f0fb81af000 r--p 00059000 fe:00 413556                     /home/joseph/Documents/Programming/Graphics/OpenGLProject/cmake-build-debug/libOpenGLProject.so
7f0fb81af000-7f0fb81b0000 ---p 00069000 fe:00 413556                     /home/joseph/Documents/Programming/Graphics/OpenGLProject/cmake-build-debug/libOpenGLProject.so
7f0fb81b0000-7f0fb81b2000 r--p 00069000 fe:00 413556                     /home/joseph/Documents/Programming/Graphics/OpenGLProject/cmake-build-debug/libOpenGLProject.so
7f0fb81b2000-7f0fb81b4000 rw-p 0006b000 fe:00 413556                     /home/joseph/Documents/Programming/Graphics/OpenGLProject/cmake-build-debug/libOpenGLProject.so
7f0fb81b4000-7f0fbb337000 rw-p 00000000 00:00 0 
7f0fbb337000-7f0fbb3b7000 ---p 00000000 00:00 0 
7f0fbb3b7000-7f0fbb5b7000 rw-p 00000000 00:00 0 
7f0fbb5b8000-7f0fbb5b9000 r--p 00000000 fe:00 4067264                    /usr/lib/libX11-xcb.so.1.0.0
7f0fbb5b9000-7f0fbb5ba000 r-xp 00001000 fe:00 4067264                    /usr/lib/libX11-xcb.so.1.0.0
7f0fbb5ba000-7f0fbb5bb000 r--p 00002000 fe:00 4067264                    /usr/lib/libX11-xcb.so.1.0.0
7f0fbb5bb000-7f0fbb5bc000 r--p 00002000 fe:00 4067264                    /usr/lib/libX11-xcb.so.1.0.0
7f0fbb5bc000-7f0fbb5bd000 rw-p 00003000 fe:00 4067264                    /usr/lib/libX11-xcb.so.1.0.0
7f0fbb5bd000-7f0fbb5bf000 r--p 00000000 fe:00 4078939                    /usr/lib/libXrender.so.1.3.0
7f0fbb5bf000-7f0fbb5c6000 r-xp 00002000 fe:00 4078939                    /usr/lib/libXrender.so.1.3.0
7f0fbb5c6000-7f0fbb5c8000 r--p 00009000 fe:00 4078939                    /usr/lib/libXrender.so.1.3.0
7f0fbb5c8000-7f0fbb5c9000 r--p 0000a000 fe:00 4078939                    /usr/lib/libXrender.so.1.3.0
7f0fbb5c9000-7f0fbb5ca000 rw-p 0000b000 fe:00 4078939                    /usr/lib/libXrender.so.1.3.0
7f0fbb5ca000-7f0fbb5ce000 r--p 00000000 fe:00 4073250                    /usr/lib/libXext.so.6.4.0
7f0fbb5ce000-7f0fbb5d9000 r-xp 00004000 fe:00 4073250                    /usr/lib/libXext.so.6.4.0
7f0fbb5d9000-7f0fbb5dd000 r--p 0000f000 fe:00 4073250                    /usr/lib/libXext.so.6.4.0
7f0fbb5dd000-7f0fbb5de000 r--p 00012000 fe:00 4073250                    /usr/lib/libXext.so.6.4.0
7f0fbb5de000-7f0fbb5df000 rw-p 00013000 fe:00 4073250                    /usr/lib/libXext.so.6.4.0
7f0fbb5df000-7f0fbb5e2000 r--p 00000000 fe:00 4067439                    /usr/lib/libgcc_s.so.1
7f0fbb5e2000-7f0fbb5f3000 r-xp 00003000 fe:00 4067439                    /usr/lib/libgcc_s.so.1
7f0fbb5f3000-7f0fbb5f6000 r--p 00014000 fe:00 4067439                    /usr/lib/libgcc_s.so.1
7f0fbb5f6000-7f0fbb5f7000 ---p 00017000 fe:00 4067439                    /usr/lib/libgcc_s.so.1
7f0fbb5f7000-7f0fbb5f8000 r--p 00017000 fe:00 4067439                    /usr/lib/libgcc_s.so.1
7f0fbb5f8000-7f0fbb5f9000 rw-p 00018000 fe:00 4067439                    /usr/lib/libgcc_s.so.1
7f0fbb5f9000-7f0fbb5fe000 r--p 00000000 fe:00 4983049                    /usr/lib/jvm/java-8-openjdk/jre/lib/amd64/libnet.so
7f0fbb5fe000-7f0fbb60d000 r-xp 00005000 fe:00 4983049                    /usr/lib/jvm/java-8-openjdk/jre/lib/amd64/libnet.so
7f0fbb60d000-7f0fbb611000 r--p 00014000 fe:00 4983049                    /usr/lib/jvm/java-8-openjdk/jre/lib/amd64/libnet.so
7f0fbb611000-7f0fbb612000 r--p 00017000 fe:00 4983049                    /usr/lib/jvm/java-8-openjdk/jre/lib/amd64/libnet.so
7f0fbb612000-7f0fbb613000 rw-p 00018000 fe:00 4983049                    /usr/lib/jvm/java-8-openjdk/jre/lib/amd64/libnet.so
7f0fbb613000-7f0fbb614000 ---p 00000000 00:00 0 
7f0fbb614000-7f0fbb714000 rw-p 00000000 00:00 0 
7f0fbb714000-7f0fbb717000 ---p 00000000 00:00 0 
7f0fbb717000-7f0fbb815000 rw-p 00000000 00:00 0 
7f0fbb815000-7f0fbb816000 ---p 00000000 00:00 0 
7f0fbb816000-7f0fbb819000 ---p 00000000 00:00 0 
7f0fbb819000-7f0fbb916000 rw-p 00000000 00:00 0 
7f0fbb916000-7f0fbb917000 ---p 00000000 00:00 0 
7f0fbb917000-7f0fbb91a000 ---p 00000000 00:00 0 
7f0fbb91a000-7f0fbba17000 rw-p 00000000 00:00 0 
7f0fbba17000-7f0fbba18000 ---p 00000000 00:00 0 
7f0fbba18000-7f0fbba1b000 ---p 00000000 00:00 0 
7f0fbba1b000-7f0fbbb18000 rw-p 00000000 00:00 0 
7f0fbbb18000-7f0fbbb1b000 ---p 00000000 00:00 0 
7f0fbbb1b000-7f0fbbc19000 rw-p 00000000 00:00 0 
7f0fbbc19000-7f0fbbeff000 r--p 00000000 fe:00 4078801                    /usr/lib/locale/locale-archive
7f0fbbeff000-7f0fbbf02000 ---p 00000000 00:00 0 
7f0fbbf02000-7f0fbc000000 rw-p 00000000 00:00 0 
7f0fbc000000-7f0fbc021000 rw-p 00000000 00:00 0 
7f0fbc021000-7f0fc0000000 ---p 00000000 00:00 0 
7f0fc0000000-7f0fc0001000 r--p 00000000 fe:00 4073222                    /usr/lib/libXau.so.6.0.0
7f0fc0001000-7f0fc0002000 r-xp 00001000 fe:00 4073222                    /usr/lib/libXau.so.6.0.0
7f0fc0002000-7f0fc0003000 r--p 00002000 fe:00 4073222                    /usr/lib/libXau.so.6.0.0
7f0fc0003000-7f0fc0004000 r--p 00002000 fe:00 4073222                    /usr/lib/libXau.so.6.0.0
7f0fc0004000-7f0fc0005000 rw-p 00003000 fe:00 4073222                    /usr/lib/libXau.so.6.0.0
7f0fc0005000-7f0fc0008000 r--p 00000000 fe:00 4078917                    /usr/lib/libXcursor.so.1.0.2
7f0fc0008000-7f0fc000d000 r-xp 00003000 fe:00 4078917                    /usr/lib/libXcursor.so.1.0.2
7f0fc000d000-7f0fc000f000 r--p 00008000 fe:00 4078917                    /usr/lib/libXcursor.so.1.0.2
7f0fc000f000-7f0fc0010000 r--p 00009000 fe:00 4078917                    /usr/lib/libXcursor.so.1.0.2
7f0fc0010000-7f0fc0011000 rw-p 0000a000 fe:00 4078917                    /usr/lib/libXcursor.so.1.0.2
7f0fc0011000-7f0fc0018000 r--p 00000000 fe:00 4983050                    /usr/lib/jvm/java-8-openjdk/jre/lib/amd64/libnio.so
7f0fc0018000-7f0fc0020000 r-xp 00007000 fe:00 4983050                    /usr/lib/jvm/java-8-openjdk/jre/lib/amd64/libnio.so
7f0fc0020000-7f0fc0023000 r--p 0000f000 fe:00 4983050                    /usr/lib/jvm/java-8-openjdk/jre/lib/amd64/libnio.so
7f0fc0023000-7f0fc0024000 ---p 00012000 fe:00 4983050                    /usr/lib/jvm/java-8-openjdk/jre/lib/amd64/libnio.so
7f0fc0024000-7f0fc0025000 r--p 00012000 fe:00 4983050                    /usr/lib/jvm/java-8-openjdk/jre/lib/amd64/libnio.so
7f0fc0025000-7f0fc0026000 rw-p 00013000 fe:00 4983050                    /usr/lib/jvm/java-8-openjdk/jre/lib/amd64/libnio.so
7f0fc0026000-7f0fc0049000 r--s 00347000 fe:00 4071644                    /usr/share/scala/lib/scala-reflect.jar
7f0fc0049000-7f0fc0081000 r--s 004bf000 fe:00 4069441                    /usr/share/scala/lib/scala-library.jar
7f0fc0081000-7f0fc00d0000 r--s 00967000 fe:00 4069435                    /usr/share/scala/lib/scala-compiler.jar
7f0fc00d0000-7f0fc00d3000 ---p 00000000 00:00 0 
7f0fc00d3000-7f0fc01d1000 rw-p 00000000 00:00 0 
7f0fc01d1000-7f0fc01d2000 ---p 00000000 00:00 0 
7f0fc01d2000-7f0fc1000000 rw-p 00000000 00:00 0 
7f0fc1000000-7f0fc1270000 rwxp 00000000 00:00 0 
7f0fc1270000-7f0fd0000000 ---p 00000000 00:00 0 
7f0fd0000000-7f0fd3f8b000 rw-p 00000000 00:00 0 
7f0fd3f8b000-7f0fd4000000 ---p 00000000 00:00 0 
7f0fd4001000-7f0fd4002000 rw-s 00000000 00:06 567                        /dev/nvidiactl
7f0fd4002000-7f0fd4003000 rw-s 00000000 00:06 568                        /dev/nvidia0
7f0fd4003000-7f0fd4005000 r--p 00000000 fe:00 4078938                    /usr/lib/libXrandr.so.2.2.0
7f0fd4005000-7f0fd400c000 r-xp 00002000 fe:00 4078938                    /usr/lib/libXrandr.so.2.2.0
7f0fd400c000-7f0fd400e000 r--p 00009000 fe:00 4078938                    /usr/lib/libXrandr.so.2.2.0
7f0fd400e000-7f0fd400f000 r--p 0000a000 fe:00 4078938                    /usr/lib/libXrandr.so.2.2.0
7f0fd400f000-7f0fd4010000 rw-p 0000b000 fe:00 4078938                    /usr/lib/libXrandr.so.2.2.0
7f0fd4010000-7f0fd4016000 r--s 00080000 fe:00 4072599                    /usr/share/scala/lib/scala-xml_2.12-1.0.6.jar
7f0fd4016000-7f0fd401f000 r--s 000ab000 fe:00 4072582                    /usr/share/scala/lib/scala-swing_2.12-2.0.3.jar
7f0fd401f000-7f0fd42f3000 rw-p 00000000 00:00 0 
7f0fd42f3000-7f0fd44c3000 r--s 03c3a000 fe:00 4983165                    /usr/lib/jvm/java-8-openjdk/jre/lib/rt.jar
7f0fd44c3000-7f0fd5614000 rw-p 00000000 00:00 0 
7f0fd5614000-7f0fd5615000 ---p 00000000 00:00 0 
7f0fd5615000-7f0fd5715000 rw-p 00000000 00:00 0 
7f0fd5715000-7f0fd5716000 ---p 00000000 00:00 0 
7f0fd5716000-7f0fd5816000 rw-p 00000000 00:00 0 
7f0fd5816000-7f0fd5817000 ---p 00000000 00:00 0 
7f0fd5817000-7f0fd5917000 rw-p 00000000 00:00 0 
7f0fd5917000-7f0fd5918000 ---p 00000000 00:00 0 
7f0fd5918000-7f0fd5a23000 rw-p 00000000 00:00 0 
7f0fd5a23000-7f0fd5a6e000 ---p 00000000 00:00 0 
7f0fd5a6e000-7f0fd5a79000 rw-p 00000000 00:00 0 
7f0fd5a79000-7f0fd5ac3000 ---p 00000000 00:00 0 
7f0fd5ac3000-7f0fd5acd000 rw-p 00000000 00:00 0 
7f0fd5acd000-7f0fd5aee000 ---p 00000000 00:00 0 
7f0fd5aee000-7f0fd5af9000 rw-p 00000000 00:00 0 
7f0fd5af9000-7f0fd5eaf000 ---p 00000000 00:00 0 
7f0fd5eaf000-7f0fd5eb2000 r--p 00000000 fe:00 4071892                    /usr/lib/libnss_files-2.28.so
7f0fd5eb2000-7f0fd5eb9000 r-xp 00003000 fe:00 4071892                    /usr/lib/libnss_files-2.28.so
7f0fd5eb9000-7f0fd5ebc000 r--p 0000a000 fe:00 4071892                    /usr/lib/libnss_files-2.28.so
7f0fd5ebc000-7f0fd5ebd000 r--p 0000c000 fe:00 4071892                    /usr/lib/libnss_files-2.28.so
7f0fd5ebd000-7f0fd5ebe000 rw-p 0000d000 fe:00 4071892                    /usr/lib/libnss_files-2.28.so
7f0fd5ebe000-7f0fd5ec4000 rw-p 00000000 00:00 0 
7f0fd5ec4000-7f0fd5ec5000 rw-s 00000000 00:06 568                        /dev/nvidia0
7f0fd5ec5000-7f0fd5ec6000 rw-s 00000000 00:06 567                        /dev/nvidiactl
7f0fd5ec6000-7f0fd5ec8000 r--s 00006000 fe:00 4072524                    /usr/share/scala/lib/scala-repl-jline.jar
7f0fd5ec8000-7f0fd5ecd000 r--s 00041000 fe:00 4071912                    /usr/share/scala/lib/scala-repl-jline-embedded.jar
7f0fd5ecd000-7f0fd5ed3000 r--s 00077000 fe:00 4072603                    /usr/share/scala/lib/scalap.jar
7f0fd5ed3000-7f0fd5ede000 r--s 001d6000 fe:00 4069275                    /usr/share/scala/lib/scala-compiler-doc.jar
7f0fd5ede000-7f0fd5ee2000 r--s 0003e000 fe:00 4069189                    /usr/share/scala/lib/jline.jar
7f0fd5ee2000-7f0fd5f0a000 rw-p 00000000 00:00 0 
7f0fd5f0a000-7f0fd5f0d000 r--p 00000000 fe:00 4983099                    /usr/lib/jvm/java-8-openjdk/jre/lib/amd64/libzip.so
7f0fd5f0d000-7f0fd5f11000 r-xp 00003000 fe:00 4983099                    /usr/lib/jvm/java-8-openjdk/jre/lib/amd64/libzip.so
7f0fd5f11000-7f0fd5f13000 r--p 00007000 fe:00 4983099                    /usr/lib/jvm/java-8-openjdk/jre/lib/amd64/libzip.so
7f0fd5f13000-7f0fd5f14000 r--p 00008000 fe:00 4983099                    /usr/lib/jvm/java-8-openjdk/jre/lib/amd64/libzip.so
7f0fd5f14000-7f0fd5f15000 rw-p 00009000 fe:00 4983099                    /usr/lib/jvm/java-8-openjdk/jre/lib/amd64/libzip.so
7f0fd5f15000-7f0fd5f17000 r--p 00000000 fe:00 4078347                    /usr/lib/librt-2.28.so
7f0fd5f17000-7f0fd5f1b000 r-xp 00002000 fe:00 4078347                    /usr/lib/librt-2.28.so
7f0fd5f1b000-7f0fd5f1d000 r--p 00006000 fe:00 4078347                    /usr/lib/librt-2.28.so
7f0fd5f1d000-7f0fd5f1e000 r--p 00007000 fe:00 4078347                    /usr/lib/librt-2.28.so
7f0fd5f1e000-7f0fd5f1f000 rw-p 00008000 fe:00 4078347                    /usr/lib/librt-2.28.so
7f0fd5f1f000-7f0fd5f20000 ---p 00000000 00:00 0 
7f0fd5f20000-7f0fd5f23000 ---p 00000000 00:00 0 
7f0fd5f23000-7f0fd6020000 rw-p 00000000 00:00 0 
7f0fd6020000-7f0fd602d000 r--p 00000000 fe:00 4071870                    /usr/lib/libm-2.28.so
7f0fd602d000-7f0fd60ce000 r-xp 0000d000 fe:00 4071870                    /usr/lib/libm-2.28.so
7f0fd60ce000-7f0fd61a3000 r--p 000ae000 fe:00 4071870                    /usr/lib/libm-2.28.so
7f0fd61a3000-7f0fd61a4000 r--p 00182000 fe:00 4071870                    /usr/lib/libm-2.28.so
7f0fd61a4000-7f0fd61a5000 rw-p 00183000 fe:00 4071870                    /usr/lib/libm-2.28.so
7f0fd61a5000-7f0fd6396000 r--p 00000000 fe:00 4983102                    /usr/lib/jvm/java-8-openjdk/jre/lib/amd64/server/libjvm.so
7f0fd6396000-7f0fd6c09000 r-xp 001f1000 fe:00 4983102                    /usr/lib/jvm/java-8-openjdk/jre/lib/amd64/server/libjvm.so
7f0fd6c09000-7f0fd6da9000 r--p 00a64000 fe:00 4983102                    /usr/lib/jvm/java-8-openjdk/jre/lib/amd64/server/libjvm.so
7f0fd6da9000-7f0fd6daa000 ---p 00c04000 fe:00 4983102                    /usr/lib/jvm/java-8-openjdk/jre/lib/amd64/server/libjvm.so
7f0fd6daa000-7f0fd6e3f000 r--p 00c04000 fe:00 4983102                    /usr/lib/jvm/java-8-openjdk/jre/lib/amd64/server/libjvm.so
7f0fd6e3f000-7f0fd6e67000 rw-p 00c99000 fe:00 4983102                    /usr/lib/jvm/java-8-openjdk/jre/lib/amd64/server/libjvm.so
7f0fd6e67000-7f0fd6e99000 rw-p 00000000 00:00 0 
7f0fd6e99000-7f0fd6e9f000 r--p 00000000 fe:00 4071899                    /usr/lib/libpthread-2.28.so
7f0fd6e9f000-7f0fd6eae000 r-xp 00006000 fe:00 4071899                    /usr/lib/libpthread-2.28.so
7f0fd6eae000-7f0fd6eb4000 r--p 00015000 fe:00 4071899                    /usr/lib/libpthread-2.28.so
7f0fd6eb4000-7f0fd6eb5000 r--p 0001a000 fe:00 4071899                    /usr/lib/libpthread-2.28.so
7f0fd6eb5000-7f0fd6eb6000 rw-p 0001b000 fe:00 4071899                    /usr/lib/libpthread-2.28.so
7f0fd6eb6000-7f0fd6eba000 rw-p 00000000 00:00 0 
7f0fd6eba000-7f0fd6ebb000 r--p 00000000 fe:00 4071864                    /usr/lib/libdl-2.28.so
7f0fd6ebb000-7f0fd6ebc000 r-xp 00001000 fe:00 4071864                    /usr/lib/libdl-2.28.so
7f0fd6ebc000-7f0fd6ebd000 r--p 00002000 fe:00 4071864                    /usr/lib/libdl-2.28.so
7f0fd6ebd000-7f0fd6ebe000 r--p 00002000 fe:00 4071864                    /usr/lib/libdl-2.28.so
7f0fd6ebe000-7f0fd6ebf000 rw-p 00003000 fe:00 4071864                    /usr/lib/libdl-2.28.so
7f0fd6ebf000-7f0fd6ed5000 r-xp 00000000 fe:00 4069349                    /usr/lib/libz.so.1.2.11
7f0fd6ed5000-7f0fd70d4000 ---p 00016000 fe:00 4069349                    /usr/lib/libz.so.1.2.11
7f0fd70d4000-7f0fd70d5000 r--p 00015000 fe:00 4069349                    /usr/lib/libz.so.1.2.11
7f0fd70d5000-7f0fd70d6000 rw-p 00016000 fe:00 4069349                    /usr/lib/libz.so.1.2.11
7f0fd70d6000-7f0fd70f8000 r--p 00000000 fe:00 4071855                    /usr/lib/libc-2.28.so
7f0fd70f8000-7f0fd7243000 r-xp 00022000 fe:00 4071855                    /usr/lib/libc-2.28.so
7f0fd7243000-7f0fd728f000 r--p 0016d000 fe:00 4071855                    /usr/lib/libc-2.28.so
7f0fd728f000-7f0fd7290000 ---p 001b9000 fe:00 4071855                    /usr/lib/libc-2.28.so
7f0fd7290000-7f0fd7294000 r--p 001b9000 fe:00 4071855                    /usr/lib/libc-2.28.so
7f0fd7294000-7f0fd7296000 rw-p 001bd000 fe:00 4071855                    /usr/lib/libc-2.28.so
7f0fd7296000-7f0fd729a000 rw-p 00000000 00:00 0 
7f0fd729a000-7f0fd729b000 rw-s 00000000 00:06 567                        /dev/nvidiactl
7f0fd729b000-7f0fd72a0000 rw-p 00000000 00:00 0 
7f0fd72a0000-7f0fd72a8000 rw-s 00000000 00:2c 53                         /tmp/hsperfdata_joseph/18616
7f0fd72a8000-7f0fd72a9000 rw-p 00000000 00:00 0 
7f0fd72a9000-7f0fd72aa000 r--p 00000000 00:00 0 
7f0fd72aa000-7f0fd72b7000 r--p 00000000 fe:00 4983038                    /usr/lib/jvm/java-8-openjdk/jre/lib/amd64/libjava.so
7f0fd72b7000-7f0fd72cf000 r-xp 0000d000 fe:00 4983038                    /usr/lib/jvm/java-8-openjdk/jre/lib/amd64/libjava.so
7f0fd72cf000-7f0fd72d6000 r--p 00025000 fe:00 4983038                    /usr/lib/jvm/java-8-openjdk/jre/lib/amd64/libjava.so
7f0fd72d6000-7f0fd72d7000 ---p 0002c000 fe:00 4983038                    /usr/lib/jvm/java-8-openjdk/jre/lib/amd64/libjava.so
7f0fd72d7000-7f0fd72d8000 r--p 0002c000 fe:00 4983038                    /usr/lib/jvm/java-8-openjdk/jre/lib/amd64/libjava.so
7f0fd72d8000-7f0fd72d9000 rw-p 0002d000 fe:00 4983038                    /usr/lib/jvm/java-8-openjdk/jre/lib/amd64/libjava.so
7f0fd72d9000-7f0fd72da000 rw-p 00000000 00:00 0 
7f0fd72da000-7f0fd72df000 r--p 00000000 fe:00 4983098                    /usr/lib/jvm/java-8-openjdk/jre/lib/amd64/libverify.so
7f0fd72df000-7f0fd72e6000 r-xp 00005000 fe:00 4983098                    /usr/lib/jvm/java-8-openjdk/jre/lib/amd64/libverify.so
7f0fd72e6000-7f0fd72e8000 r--p 0000c000 fe:00 4983098                    /usr/lib/jvm/java-8-openjdk/jre/lib/amd64/libverify.so
7f0fd72e8000-7f0fd72ea000 r--p 0000d000 fe:00 4983098                    /usr/lib/jvm/java-8-openjdk/jre/lib/amd64/libverify.so
7f0fd72ea000-7f0fd72eb000 rw-p 0000f000 fe:00 4983098                    /usr/lib/jvm/java-8-openjdk/jre/lib/amd64/libverify.so
7f0fd72eb000-7f0fd72ed000 r--p 00000000 fe:00 4982149                    /usr/lib/jvm/java-8-openjdk/jre/lib/amd64/jli/libjli.so
7f0fd72ed000-7f0fd72f6000 r-xp 00002000 fe:00 4982149                    /usr/lib/jvm/java-8-openjdk/jre/lib/amd64/jli/libjli.so
7f0fd72f6000-7f0fd72f9000 r--p 0000b000 fe:00 4982149                    /usr/lib/jvm/java-8-openjdk/jre/lib/amd64/jli/libjli.so
7f0fd72f9000-7f0fd72fa000 r--p 0000d000 fe:00 4982149                    /usr/lib/jvm/java-8-openjdk/jre/lib/amd64/jli/libjli.so
7f0fd72fa000-7f0fd72fb000 rw-p 0000e000 fe:00 4982149                    /usr/lib/jvm/java-8-openjdk/jre/lib/amd64/jli/libjli.so
7f0fd72fb000-7f0fd72fd000 rw-p 00000000 00:00 0 
7f0fd72fd000-7f0fd72ff000 r--p 00000000 fe:00 4071843                    /usr/lib/ld-2.28.so
7f0fd72ff000-7f0fd731e000 r-xp 00002000 fe:00 4071843                    /usr/lib/ld-2.28.so
7f0fd731e000-7f0fd7326000 r--p 00021000 fe:00 4071843                    /usr/lib/ld-2.28.so
7f0fd7326000-7f0fd7327000 r--p 00028000 fe:00 4071843                    /usr/lib/ld-2.28.so
7f0fd7327000-7f0fd7328000 rw-p 00029000 fe:00 4071843                    /usr/lib/ld-2.28.so
7f0fd7328000-7f0fd7329000 rw-p 00000000 00:00 0 
7fff14397000-7fff143b8000 rw-p 00000000 00:00 0                          [stack]
7fff143ca000-7fff143cd000 r--p 00000000 00:00 0                          [vvar]
7fff143cd000-7fff143cf000 r-xp 00000000 00:00 0                          [vdso]
ffffffffff600000-ffffffffff601000 r-xp 00000000 00:00 0                  [vsyscall]

VM Arguments:
jvm_args: -Xmx256M -Xms32M -Xbootclasspath/a:/usr/share/scala/lib/jline.jar:/usr/share/scala/lib/scala-compiler-doc.jar:/usr/share/scala/lib/scala-compiler.jar:/usr/share/scala/lib/scala-library.jar:/usr/share/scala/lib/scalap.jar:/usr/share/scala/lib/scala-reflect.jar:/usr/share/scala/lib/scala-repl-jline-embedded.jar:/usr/share/scala/lib/scala-repl-jline.jar:/usr/share/scala/lib/scala-swing_2.12-2.0.3.jar:/usr/share/scala/lib/scala-xml_2.12-1.0.6.jar -Dscala.boot.class.path=/usr/share/scala/lib/jline.jar:/usr/share/scala/lib/scala-compiler-doc.jar:/usr/share/scala/lib/scala-compiler.jar:/usr/share/scala/lib/scala-library.jar:/usr/share/scala/lib/scalap.jar:/usr/share/scala/lib/scala-reflect.jar:/usr/share/scala/lib/scala-repl-jline-embedded.jar:/usr/share/scala/lib/scala-repl-jline.jar:/usr/share/scala/lib/scala-swing_2.12-2.0.3.jar:/usr/share/scala/lib/scala-xml_2.12-1.0.6.jar -Dscala.home=/usr/share/scala -Dscala.usejavacp=true 
java_command: scala.tools.nsc.MainGenericRunner Main
java_class_path (initial): ""
Launcher Type: SUN_STANDARD

Environment Variables:
PATH=/opt/java/jdk-11.0.2/bin:/usr/local/sbin:/usr/local/bin:/usr/bin:/opt/android-sdk/platform-tools:/opt/android-sdk/tools:/opt/android-sdk/tools/bin:/var/lib/flatpak/exports/bin:/usr/lib/jvm/default/bin:/usr/bin/site_perl:/usr/bin/vendor_perl:/usr/bin/core_perl
SHELL=/usr/bin/fish
DISPLAY=:0

Signal Handlers:
SIGSEGV: [libjvm.so+0xa32bd0], sa_mask[0]=11111111011111111101111111111110, sa_flags=SA_RESTART|SA_SIGINFO
SIGBUS: [libjvm.so+0xa32bd0], sa_mask[0]=11111111011111111101111111111110, sa_flags=SA_RESTART|SA_SIGINFO
SIGFPE: [libjvm.so+0x88ebd0], sa_mask[0]=11111111011111111101111111111110, sa_flags=SA_RESTART|SA_SIGINFO
SIGPIPE: [libjvm.so+0x88ebd0], sa_mask[0]=11111111011111111101111111111110, sa_flags=SA_RESTART|SA_SIGINFO
SIGXFSZ: [libjvm.so+0x88ebd0], sa_mask[0]=11111111011111111101111111111110, sa_flags=SA_RESTART|SA_SIGINFO
SIGILL: [libjvm.so+0x88ebd0], sa_mask[0]=11111111011111111101111111111110, sa_flags=SA_RESTART|SA_SIGINFO
SIGUSR1: SIG_DFL, sa_mask[0]=00000000000000000000000000000000, sa_flags=none
SIGUSR2: [libjvm.so+0x88ea60], sa_mask[0]=00100000000000000000000000000000, sa_flags=SA_RESTART|SA_SIGINFO
SIGHUP: [libjvm.so+0x88ee70], sa_mask[0]=11111111011111111101111111111110, sa_flags=SA_RESTART|SA_SIGINFO
SIGINT: [libjvm.so+0x88ee70], sa_mask[0]=11111111011111111101111111111110, sa_flags=SA_RESTART|SA_SIGINFO
SIGTERM: [libjvm.so+0x88ee70], sa_mask[0]=11111111011111111101111111111110, sa_flags=SA_RESTART|SA_SIGINFO
SIGQUIT: [libjvm.so+0x88ee70], sa_mask[0]=11111111011111111101111111111110, sa_flags=SA_RESTART|SA_SIGINFO


---------------  S Y S T E M  ---------------

OS:DISTRIB_ID=ManjaroLinux
DISTRIB_RELEASE=18.0.4
DISTRIB_CODENAME=Illyria
DISTRIB_DESCRIPTION="Manjaro Linux"

uname:Linux 4.14.109-1-MANJARO #1 SMP PREEMPT Wed Mar 27 18:51:38 UTC 2019 x86_64
libc:glibc 2.28 NPTL 2.28 
rlimit: STACK 8192k, CORE infinity, NPROC 30719, NOFILE 1048576, AS infinity
load average:1.12 0.93 1.06

/proc/meminfo:
MemTotal:        8109564 kB
MemFree:          162936 kB
MemAvailable:     519572 kB
Buffers:           25192 kB
Cached:           757208 kB
SwapCached:        24160 kB
Active:          6078508 kB
Inactive:        1273952 kB
Active(anon):    5819856 kB
Inactive(anon):   997756 kB
Active(file):     258652 kB
Inactive(file):   276196 kB
Unevictable:          48 kB
Mlocked:              48 kB
SwapTotal:       8290300 kB
SwapFree:        7662076 kB
Dirty:             34372 kB
Writeback:             0 kB
AnonPages:       6556688 kB
Mapped:           793208 kB
Shmem:            247552 kB
Slab:             194648 kB
SReclaimable:      81916 kB
SUnreclaim:       112732 kB
KernelStack:       16832 kB
PageTables:        52156 kB
NFS_Unstable:          0 kB
Bounce:                0 kB
WritebackTmp:          0 kB
CommitLimit:    12345080 kB
Committed_AS:   13354936 kB
VmallocTotal:   34359738367 kB
VmallocUsed:           0 kB
VmallocChunk:          0 kB
HardwareCorrupted:     0 kB
AnonHugePages:   2373632 kB
ShmemHugePages:        0 kB
ShmemPmdMapped:        0 kB
HugePages_Total:       0
HugePages_Free:        0
HugePages_Rsvd:        0
HugePages_Surp:        0
Hugepagesize:       2048 kB
DirectMap4k:      687012 kB
DirectMap2M:     7639040 kB
DirectMap1G:     1048576 kB

container (cgroup) information:
container_type: cgroupv1
cpu_cpuset_cpus: 0-3
cpu_memory_nodes: 0
active_processor_count: 4
cpu_quota: -1
cpu_period: 100000
cpu_shares: -1
memory_limit_in_bytes: -1
memory_and_swap_limit_in_bytes: -1
memory_soft_limit_in_bytes: -1
memory_usage_in_bytes: 7193210880
memory_max_usage_in_bytes: 7247728640


CPU:total 4 (initial active 4) (2 cores per cpu, 2 threads per core) family 6 model 60 stepping 3, cmov, cx8, fxsr, mmx, sse, sse2, sse3, ssse3, sse4.1, sse4.2, popcnt, avx, avx2, aes, clmul, erms, lzcnt, ht, tsc, tscinvbit, bmi1, bmi2

/proc/cpuinfo:
processor	: 0
vendor_id	: GenuineIntel
cpu family	: 6
model		: 60
model name	: Intel(R) Core(TM) i3-4130 CPU @ 3.40GHz
stepping	: 3
microcode	: 0x25
cpu MHz		: 3364.129
cache size	: 3072 KB
physical id	: 0
siblings	: 4
core id		: 0
cpu cores	: 2
apicid		: 0
initial apicid	: 0
fpu		: yes
fpu_exception	: yes
cpuid level	: 13
wp		: yes
flags		: fpu vme de pse tsc msr pae mce cx8 apic sep mtrr pge mca cmov pat pse36 clflush dts acpi mmx fxsr sse sse2 ss ht tm pbe syscall nx pdpe1gb rdtscp lm constant_tsc arch_perfmon pebs bts rep_good nopl xtopology nonstop_tsc cpuid aperfmperf pni pclmulqdq dtes64 monitor ds_cpl vmx est tm2 ssse3 sdbg fma cx16 xtpr pdcm pcid sse4_1 sse4_2 movbe popcnt tsc_deadline_timer aes xsave avx f16c rdrand lahf_lm abm cpuid_fault epb invpcid_single pti ssbd ibrs ibpb stibp tpr_shadow vnmi flexpriority ept vpid fsgsbase tsc_adjust bmi1 avx2 smep bmi2 erms invpcid xsaveopt dtherm arat pln pts flush_l1d
bugs		: cpu_meltdown spectre_v1 spectre_v2 spec_store_bypass l1tf
bogomips	: 6787.28
clflush size	: 64
cache_alignment	: 64
address sizes	: 39 bits physical, 48 bits virtual
power management:

processor	: 1
vendor_id	: GenuineIntel
cpu family	: 6
model		: 60
model name	: Intel(R) Core(TM) i3-4130 CPU @ 3.40GHz
stepping	: 3
microcode	: 0x25
cpu MHz		: 3377.395
cache size	: 3072 KB
physical id	: 0
siblings	: 4
core id		: 1
cpu cores	: 2
apicid		: 2
initial apicid	: 2
fpu		: yes
fpu_exception	: yes
cpuid level	: 13
wp		: yes
flags		: fpu vme de pse tsc msr pae mce cx8 apic sep mtrr pge mca cmov pat pse36 clflush dts acpi mmx fxsr sse sse2 ss ht tm pbe syscall nx pdpe1gb rdtscp lm constant_tsc arch_perfmon pebs bts rep_good nopl xtopology nonstop_tsc cpuid aperfmperf pni pclmulqdq dtes64 monitor ds_cpl vmx est tm2 ssse3 sdbg fma cx16 xtpr pdcm pcid sse4_1 sse4_2 movbe popcnt tsc_deadline_timer aes xsave avx f16c rdrand lahf_lm abm cpuid_fault epb invpcid_single pti ssbd ibrs ibpb stibp tpr_shadow vnmi flexpriority ept vpid fsgsbase tsc_adjust bmi1 avx2 smep bmi2 erms invpcid xsaveopt dtherm arat pln pts flush_l1d
bugs		: cpu_meltdown spectre_v1 spectre_v2 spec_store_bypass l1tf
bogomips	: 6787.28
clflush size	: 64
cache_alignment	: 64
address sizes	: 39 bits physical, 48 bits virtual
power management:

processor	: 2
vendor_id	: GenuineIntel
cpu family	: 6
model		: 60
model name	: Intel(R) Core(TM) i3-4130 CPU @ 3.40GHz
stepping	: 3
microcode	: 0x25
cpu MHz		: 3377.719
cache size	: 3072 KB
physical id	: 0
siblings	: 4
core id		: 0
cpu cores	: 2
apicid		: 1
initial apicid	: 1
fpu		: yes
fpu_exception	: yes
cpuid level	: 13
wp		: yes
flags		: fpu vme de pse tsc msr pae mce cx8 apic sep mtrr pge mca cmov pat pse36 clflush dts acpi mmx fxsr sse sse2 ss ht tm pbe syscall nx pdpe1gb rdtscp lm constant_tsc arch_perfmon pebs bts rep_good nopl xtopology nonstop_tsc cpuid aperfmperf pni pclmulqdq dtes64 monitor ds_cpl vmx est tm2 ssse3 sdbg fma cx16 xtpr pdcm pcid sse4_1 sse4_2 movbe popcnt tsc_deadline_timer aes xsave avx f16c rdrand lahf_lm abm cpuid_fault epb invpcid_single pti ssbd ibrs ibpb stibp tpr_shadow vnmi flexpriority ept vpid fsgsbase tsc_adjust bmi1 avx2 smep bmi2 erms invpcid xsaveopt dtherm arat pln pts flush_l1d
bugs		: cpu_meltdown spectre_v1 spectre_v2 spec_store_bypass l1tf
bogomips	: 6787.28
clflush size	: 64
cache_alignment	: 64
address sizes	: 39 bits physical, 48 bits virtual
power management:

processor	: 3
vendor_id	: GenuineIntel
cpu family	: 6
model		: 60
model name	: Intel(R) Core(TM) i3-4130 CPU @ 3.40GHz
stepping	: 3
microcode	: 0x25
cpu MHz		: 3376.399
cache size	: 3072 KB
physical id	: 0
siblings	: 4
core id		: 1
cpu cores	: 2
apicid		: 3
initial apicid	: 3
fpu		: yes
fpu_exception	: yes
cpuid level	: 13
wp		: yes
flags		: fpu vme de pse tsc msr pae mce cx8 apic sep mtrr pge mca cmov pat pse36 clflush dts acpi mmx fxsr sse sse2 ss ht tm pbe syscall nx pdpe1gb rdtscp lm constant_tsc arch_perfmon pebs bts rep_good nopl xtopology nonstop_tsc cpuid aperfmperf pni pclmulqdq dtes64 monitor ds_cpl vmx est tm2 ssse3 sdbg fma cx16 xtpr pdcm pcid sse4_1 sse4_2 movbe popcnt tsc_deadline_timer aes xsave avx f16c rdrand lahf_lm abm cpuid_fault epb invpcid_single pti ssbd ibrs ibpb stibp tpr_shadow vnmi flexpriority ept vpid fsgsbase tsc_adjust bmi1 avx2 smep bmi2 erms invpcid xsaveopt dtherm arat pln pts flush_l1d
bugs		: cpu_meltdown spectre_v1 spectre_v2 spec_store_bypass l1tf
bogomips	: 6787.28
clflush size	: 64
cache_alignment	: 64
address sizes	: 39 bits physical, 48 bits virtual
power management:



Memory: 4k page, physical 8109564k(161788k free), swap 8290300k(7662076k free)

vm_info: OpenJDK 64-Bit Server VM (25.212-b01) for linux-amd64 JRE (1.8.0_212-b01), built on Mar 21 2019 23:20:35 by "builduser" with gcc 8.2.1 20181127

time: Sun Apr  7 15:20:16 2019
timezone: BST
elapsed time: 1 seconds (0d 0h 0m 1s)

