#
# A fatal error has been detected by the Java Runtime Environment:
#
#  SIGSEGV (0xb) at pc=0x0000000000000000, pid=29384, tid=0x00007f0ceaaea700
#
# JRE version: OpenJDK Runtime Environment (8.0_212-b01) (build 1.8.0_212-b01)
# Java VM: OpenJDK 64-Bit Server VM (25.212-b01 mixed mode linux-amd64 compressed oops)
# Problematic frame:
# C  0x0000000000000000
#
# Core dump written. Default location: /home/joseph/Documents/Programming/Graphics/OpenGLProject/out/production/OpenGLProject/core or core.29384
#
# If you would like to submit a bug report, please visit:
#   http://bugreport.java.com/bugreport/crash.jsp
# The crash happened outside the Java Virtual Machine in native code.
# See problematic frame for where to report the bug.
#

---------------  T H R E A D  ---------------

Current thread (0x00007f0ce400b800):  JavaThread "main" [_thread_in_native, id=29385, stack(0x00007f0cea9eb000,0x00007f0ceaaeb000)]

siginfo: si_signo: 11 (SIGSEGV), si_code: 1 (SEGV_MAPERR), si_addr: 0x0000000000000000

Registers:
RAX=0x0000000000000000, RBX=0x0000000000000001, RCX=0x00007f0ceaae8470, RDX=0x00007f0ce400b800
RSP=0x00007f0ceaae8398, RBP=0x00007f0ceaae8420, RSI=0x00007f0ce400b800, RDI=0x0000000000000001
R8 =0x00007f0cebd61720, R9 =0x00007f0ceaaea700, R10=0x0000000000000000, R11=0x00007f0cd40a2dcc
R12=0x0000000000000000, R13=0x00007f0ccfd5b438, R14=0x00007f0ceaae8540, R15=0x00007f0ce400b800
RIP=0x0000000000000000, EFLAGS=0x0000000000010246, CSGSFS=0x002b000000000033, ERR=0x0000000000000014
  TRAPNO=0x000000000000000e

Top of Stack: (sp=0x00007f0ceaae8398)
0x00007f0ceaae8398:   00007f0cd40a2e09 0000000000000000
0x00007f0ceaae83a8:   0000000100000000 00007f0ceaae8470
0x00007f0ceaae83b8:   00007f0ce400b800 0000000000000000
0x00007f0ceaae83c8:   0000000000000000 0000000000000000
0x00007f0ceaae83d8:   0000000000000000 0000000000000000
0x00007f0ceaae83e8:   0000000000000000 0000000000000000
0x00007f0ceaae83f8:   0000000000000000 00007f0ce550c960
0x00007f0ceaae8408:   515133bdab330f00 0000000000000001
0x00007f0ceaae8418:   0000000000000001 00007f0ceaae84b0
0x00007f0ceaae8428:   00007f0cd40a45f7 00007f01cfd5b438
0x00007f0ceaae8438:   00007f0ceaae8540 00007f0ceaae8528
0x00007f0ceaae8448:   00007f0ce400b9e0 00007f0ccfd5b438
0x00007f0ceaae8458:   00007f0ce400b800 00007f0ce550c960
0x00007f0ceaae8468:   00007f0ce400b800 00007f0ceaae8480
0x00007f0ceaae8478:   000000000000000f 66656d6f73657761
0x00007f0ceaae8488:   00676e702e656361 00007f0ccfd5b438
0x00007f0ceaae8498:   515133bdab330f00 00007f0ceaae8518
0x00007f0ceaae84a8:   00007f0ccfd5b438 00007f0ceaae8518
0x00007f0ceaae84b8:   00007f0cd5018407 00007f0ceaae8518
0x00007f0ceaae84c8:   00007f0cd5018167 00007f0cd5018122
0x00007f0ceaae84d8:   00007f0ceaae84d8 00007f0ccfd5b438
0x00007f0ceaae84e8:   00007f0ceaae8540 00007f0ccfd5b688
0x00007f0ceaae84f8:   0000000000000000 00007f0ccfd5b438
0x00007f0ceaae8508:   0000000000000000 00007f0ceaae8538
0x00007f0ceaae8518:   00007f0ceaae8590 00007f0cd5007a40
0x00007f0ceaae8528:   00000000fab1bff8 00007f0cd5011a56
0x00007f0ceaae8538:   0000000000000001 00000000fab19008
0x00007f0ceaae8548:   00000000fab0ec00 00007f0ceaae8550
0x00007f0ceaae8558:   00007f0ccfd57e42 00007f0ceaae85a8
0x00007f0ceaae8568:   00007f0ccfd58428 0000000000000000
0x00007f0ceaae8578:   00007f0ccfd57ed0 00007f0ceaae8538
0x00007f0ceaae8588:   00007f0ceaae85a8 00007f0ceaae85f0 

Instructions: (pc=0x0000000000000000)
0xffffffffffffffe0:   

Register to memory mapping:

RAX=0x0000000000000000 is an unknown value
RBX=0x0000000000000001 is an unknown value
RCX=0x00007f0ceaae8470 is pointing into the stack for thread: 0x00007f0ce400b800
RDX=0x00007f0ce400b800 is a thread
RSP=0x00007f0ceaae8398 is pointing into the stack for thread: 0x00007f0ce400b800
RBP=0x00007f0ceaae8420 is pointing into the stack for thread: 0x00007f0ce400b800
RSI=0x00007f0ce400b800 is a thread
RDI=0x0000000000000001 is an unknown value
R8 =0x00007f0cebd61720: <offset 0x1c0720> in /usr/lib/libc.so.6 at 0x00007f0cebba1000
R9 =0x00007f0ceaaea700 is pointing into the stack for thread: 0x00007f0ce400b800
R10=0x0000000000000000 is an unknown value
R11=0x00007f0cd40a2dcc: _ZN4core15generateTextureEPjNSt7__cxx1112basic_stringIcSt11char_traitsIcESaIcEEEb+0 in /home/joseph/Documents/Programming/Graphics/OpenGLProject/cmake-build-debug/libOpenGLProject.so at 0x00007f0cd4067000
R12=0x0000000000000000 is an unknown value
R13={method} {0x00007f0ccfd5b438} 'generateTexture' '(Ljava/lang/String;Z)I' in 'jni/GLWrapper'
R14=0x00007f0ceaae8540 is pointing into the stack for thread: 0x00007f0ce400b800
R15=0x00007f0ce400b800 is a thread


Stack: [0x00007f0cea9eb000,0x00007f0ceaaeb000],  sp=0x00007f0ceaae8398,  free space=1012k
Java frames: (J=compiled Java code, j=interpreted, Vv=VM code)
j  jni.GLWrapper.generateTexture(Ljava/lang/String;Z)I+0
j  Main$.delayedEndpoint$Main$1()V+50
j  Main$delayedInit$body.apply()Ljava/lang/Object;+4
j  scala.Function0.apply$mcV$sp()V+1
j  scala.Function0.apply$mcV$sp$(Lscala/Function0;)V+1
j  scala.runtime.AbstractFunction0.apply$mcV$sp()V+1
j  scala.App.$anonfun$main$1(Lscala/Function0;)V+1
j  scala.App.$anonfun$main$1$adapted(Lscala/Function0;)Ljava/lang/Object;+1
j  scala.App$$Lambda$128.apply(Ljava/lang/Object;)Ljava/lang/Object;+4
j  scala.collection.immutable.List.foreach(Lscala/Function1;)V+14
j  scala.collection.generic.TraversableForwarder.foreach(Lscala/Function1;)V+7
j  scala.collection.generic.TraversableForwarder.foreach$(Lscala/collection/generic/TraversableForwarder;Lscala/Function1;)V+2
j  scala.collection.mutable.ListBuffer.foreach(Lscala/Function1;)V+2
j  scala.App.main([Ljava/lang/String;)V+18
j  scala.App.main$(Lscala/App;[Ljava/lang/String;)V+2
j  Main$.main([Ljava/lang/String;)V+2
j  Main.main([Ljava/lang/String;)V+4
v  ~StubRoutines::call_stub
j  sun.reflect.NativeMethodAccessorImpl.invoke0(Ljava/lang/reflect/Method;Ljava/lang/Object;[Ljava/lang/Object;)Ljava/lang/Object;+0
j  sun.reflect.NativeMethodAccessorImpl.invoke(Ljava/lang/Object;[Ljava/lang/Object;)Ljava/lang/Object;+100
j  sun.reflect.DelegatingMethodAccessorImpl.invoke(Ljava/lang/Object;[Ljava/lang/Object;)Ljava/lang/Object;+6
j  java.lang.reflect.Method.invoke(Ljava/lang/Object;[Ljava/lang/Object;)Ljava/lang/Object;+56
j  scala.reflect.internal.util.ScalaClassLoader.$anonfun$run$2(Lscala/collection/Seq;Ljava/lang/reflect/Method;)Ljava/lang/Object;+27
j  scala.reflect.internal.util.ScalaClassLoader$$Lambda$127.apply()Ljava/lang/Object;+8
j  scala.reflect.internal.util.ScalaClassLoader.asContext(Lscala/Function0;)Ljava/lang/Object;+18
j  scala.reflect.internal.util.ScalaClassLoader.asContext$(Lscala/reflect/internal/util/ScalaClassLoader;Lscala/Function0;)Ljava/lang/Object;+2
j  scala.reflect.internal.util.ScalaClassLoader$URLClassLoader.asContext(Lscala/Function0;)Ljava/lang/Object;+2
j  scala.reflect.internal.util.ScalaClassLoader.run(Ljava/lang/String;Lscala/collection/Seq;)V+90
j  scala.reflect.internal.util.ScalaClassLoader.run$(Lscala/reflect/internal/util/ScalaClassLoader;Ljava/lang/String;Lscala/collection/Seq;)V+3
j  scala.reflect.internal.util.ScalaClassLoader$URLClassLoader.run(Ljava/lang/String;Lscala/collection/Seq;)V+3
j  scala.tools.nsc.CommonRunner.run(Lscala/collection/Seq;Ljava/lang/String;Lscala/collection/Seq;)V+15
j  scala.tools.nsc.CommonRunner.run$(Lscala/tools/nsc/CommonRunner;Lscala/collection/Seq;Ljava/lang/String;Lscala/collection/Seq;)V+4
j  scala.tools.nsc.ObjectRunner$.run(Lscala/collection/Seq;Ljava/lang/String;Lscala/collection/Seq;)V+4
j  scala.tools.nsc.CommonRunner.runAndCatch(Lscala/collection/Seq;Ljava/lang/String;Lscala/collection/Seq;)Lscala/util/Either;+4
j  scala.tools.nsc.CommonRunner.runAndCatch$(Lscala/tools/nsc/CommonRunner;Lscala/collection/Seq;Ljava/lang/String;Lscala/collection/Seq;)Lscala/util/Either;+4
j  scala.tools.nsc.ObjectRunner$.runAndCatch(Lscala/collection/Seq;Ljava/lang/String;Lscala/collection/Seq;)Lscala/util/Either;+4
j  scala.tools.nsc.MainGenericRunner.runTarget$1(Lscala/tools/nsc/GenericRunnerCommand;)Lscala/util/Either;+39
j  scala.tools.nsc.MainGenericRunner.run$1(Lscala/tools/nsc/GenericRunnerCommand;)Z+1
j  scala.tools.nsc.MainGenericRunner.process([Ljava/lang/String;)Z+128
j  scala.tools.nsc.MainGenericRunner$.main([Ljava/lang/String;)V+2
j  scala.tools.nsc.MainGenericRunner.main([Ljava/lang/String;)V+4
v  ~StubRoutines::call_stub

---------------  P R O C E S S  ---------------

Java Threads: ( => current thread )
  0x00007f0ce40d4000 JavaThread "Service Thread" daemon [_thread_blocked, id=29397, stack(0x00007f0cd420f000,0x00007f0cd4310000)]
  0x00007f0ce40be800 JavaThread "C1 CompilerThread2" daemon [_thread_blocked, id=29396, stack(0x00007f0cd4311000,0x00007f0cd4411000)]
  0x00007f0ce40bd000 JavaThread "C2 CompilerThread1" daemon [_thread_blocked, id=29395, stack(0x00007f0cd4412000,0x00007f0cd4512000)]
  0x00007f0ce40ba000 JavaThread "C2 CompilerThread0" daemon [_thread_blocked, id=29394, stack(0x00007f0cd4513000,0x00007f0cd4613000)]
  0x00007f0ce40b8800 JavaThread "Signal Dispatcher" daemon [_thread_blocked, id=29393, stack(0x00007f0cd4613000,0x00007f0cd4714000)]
  0x00007f0ce4085800 JavaThread "Finalizer" daemon [_thread_blocked, id=29392, stack(0x00007f0cd49fa000,0x00007f0cd4afb000)]
  0x00007f0ce4083000 JavaThread "Reference Handler" daemon [_thread_blocked, id=29391, stack(0x00007f0cd4afb000,0x00007f0cd4bfc000)]
=>0x00007f0ce400b800 JavaThread "main" [_thread_in_native, id=29385, stack(0x00007f0cea9eb000,0x00007f0ceaaeb000)]

Other Threads:
  0x00007f0ce4079000 VMThread [stack: 0x00007f0cd4bfd000,0x00007f0cd4cfd000] [id=29390]
  0x00007f0ce4106800 WatcherThread [stack: 0x00007f0cd410f000,0x00007f0cd420f000] [id=29398]

VM state:not at safepoint (normal execution)

VM Mutex/Monitor currently owned by a thread: None

heap address: 0x00000000f0000000, size: 256 MB, Compressed Oops mode: 32-bit
Narrow klass base: 0x0000000000000000, Narrow klass shift: 3
Compressed class space size: 1073741824 Address: 0x0000000100000000

Heap:
 PSYoungGen      total 9728K, used 1176K [0x00000000fab00000, 0x00000000fbe00000, 0x0000000100000000)
  eden space 8704K, 1% used [0x00000000fab00000,0x00000000fab2b390,0x00000000fb380000)
  from space 1024K, 97% used [0x00000000fb480000,0x00000000fb57acc8,0x00000000fb580000)
  to   space 1024K, 0% used [0x00000000fb380000,0x00000000fb380000,0x00000000fb480000)
 ParOldGen       total 22016K, used 605K [0x00000000f0000000, 0x00000000f1580000, 0x00000000fab00000)
  object space 22016K, 2% used [0x00000000f0000000,0x00000000f0097630,0x00000000f1580000)
 Metaspace       used 12709K, capacity 13350K, committed 13440K, reserved 1060864K
  class space    used 1578K, capacity 1660K, committed 1664K, reserved 1048576K

Card table byte_map: [0x00007f0cea539000,0x00007f0cea5ba000] byte_map_base: 0x00007f0ce9db9000

Marking Bits: (ParMarkBitMap*) 0x00007f0ceb945c80
 Begin Bits: [0x00007f0ce98df000, 0x00007f0ce9cdf000)
 End Bits:   [0x00007f0ce9cdf000, 0x00007f0cea0df000)

Polling page: 0x00007f0cebd74000

CodeCache: size=245760Kb used=2496Kb max_used=2496Kb free=243263Kb
 bounds [0x00007f0cd5000000, 0x00007f0cd5280000, 0x00007f0ce4000000]
 total_blobs=1009 nmethods=697 adapters=227
 compilation: enabled

Compilation events (10 events):
Event: 4.655 Thread 0x00007f0ce40be800  694       3       java.util.LinkedHashMap$LinkedHashIterator::hasNext (13 bytes)
Event: 4.655 Thread 0x00007f0ce40be800 nmethod 694 0x00007f0cd5264990 code [0x00007f0cd5264b00, 0x00007f0cd5264cb0]
Event: 4.655 Thread 0x00007f0ce40be800  695       3       jdk.internal.org.objectweb.asm.Type::getDescriptor (214 bytes)
Event: 4.657 Thread 0x00007f0ce40be800 nmethod 695 0x00007f0cd526b6d0 code [0x00007f0cd526bae0, 0x00007f0cd526e8c8]
Event: 4.657 Thread 0x00007f0ce40be800  693       3       java.util.HashSet::size (8 bytes)
Event: 4.657 Thread 0x00007f0ce40be800 nmethod 693 0x00007f0cd5264590 code [0x00007f0cd5264700, 0x00007f0cd52648f0]
Event: 4.657 Thread 0x00007f0ce40be800  696       3       java.lang.invoke.ConstantCallSite::getTarget (20 bytes)
Event: 4.657 Thread 0x00007f0ce40be800 nmethod 696 0x00007f0cd5264150 code [0x00007f0cd52642c0, 0x00007f0cd52644c8]
Event: 4.658 Thread 0x00007f0ce40be800  697       1       java.nio.Buffer::position (5 bytes)
Event: 4.658 Thread 0x00007f0ce40be800 nmethod 697 0x00007f0cd5263dd0 code [0x00007f0cd5263f20, 0x00007f0cd5264030]

GC Heap History (4 events):
Event: 4.585 GC heap before
{Heap before GC invocations=1 (full 0):
 PSYoungGen      total 9728K, used 8704K [0x00000000fab00000, 0x00000000fb580000, 0x0000000100000000)
  eden space 8704K, 100% used [0x00000000fab00000,0x00000000fb380000,0x00000000fb380000)
  from space 1024K, 0% used [0x00000000fb480000,0x00000000fb480000,0x00000000fb580000)
  to   space 1024K, 0% used [0x00000000fb380000,0x00000000fb380000,0x00000000fb480000)
 ParOldGen       total 22016K, used 0K [0x00000000f0000000, 0x00000000f1580000, 0x00000000fab00000)
  object space 22016K, 0% used [0x00000000f0000000,0x00000000f0000000,0x00000000f1580000)
 Metaspace       used 12054K, capacity 12434K, committed 12672K, reserved 1060864K
  class space    used 1489K, capacity 1548K, committed 1664K, reserved 1048576K
Event: 4.587 GC heap after
Heap after GC invocations=1 (full 0):
 PSYoungGen      total 9728K, used 1024K [0x00000000fab00000, 0x00000000fb580000, 0x0000000100000000)
  eden space 8704K, 0% used [0x00000000fab00000,0x00000000fab00000,0x00000000fb380000)
  from space 1024K, 100% used [0x00000000fb380000,0x00000000fb480000,0x00000000fb480000)
  to   space 1024K, 0% used [0x00000000fb480000,0x00000000fb480000,0x00000000fb580000)
 ParOldGen       total 22016K, used 180K [0x00000000f0000000, 0x00000000f1580000, 0x00000000fab00000)
  object space 22016K, 0% used [0x00000000f0000000,0x00000000f002d3b8,0x00000000f1580000)
 Metaspace       used 12054K, capacity 12434K, committed 12672K, reserved 1060864K
  class space    used 1489K, capacity 1548K, committed 1664K, reserved 1048576K
}
Event: 4.646 GC heap before
{Heap before GC invocations=2 (full 0):
 PSYoungGen      total 9728K, used 9728K [0x00000000fab00000, 0x00000000fb580000, 0x0000000100000000)
  eden space 8704K, 100% used [0x00000000fab00000,0x00000000fb380000,0x00000000fb380000)
  from space 1024K, 100% used [0x00000000fb380000,0x00000000fb480000,0x00000000fb480000)
  to   space 1024K, 0% used [0x00000000fb480000,0x00000000fb480000,0x00000000fb580000)
 ParOldGen       total 22016K, used 180K [0x00000000f0000000, 0x00000000f1580000, 0x00000000fab00000)
  object space 22016K, 0% used [0x00000000f0000000,0x00000000f002d3b8,0x00000000f1580000)
 Metaspace       used 12628K, capacity 13194K, committed 13440K, reserved 1060864K
  class space    used 1568K, capacity 1654K, committed 1664K, reserved 1048576K
Event: 4.649 GC heap after
Heap after GC invocations=2 (full 0):
 PSYoungGen      total 9728K, used 1003K [0x00000000fab00000, 0x00000000fbe00000, 0x0000000100000000)
  eden space 8704K, 0% used [0x00000000fab00000,0x00000000fab00000,0x00000000fb380000)
  from space 1024K, 97% used [0x00000000fb480000,0x00000000fb57acc8,0x00000000fb580000)
  to   space 1024K, 0% used [0x00000000fb380000,0x00000000fb380000,0x00000000fb480000)
 ParOldGen       total 22016K, used 605K [0x00000000f0000000, 0x00000000f1580000, 0x00000000fab00000)
  object space 22016K, 2% used [0x00000000f0000000,0x00000000f0097630,0x00000000f1580000)
 Metaspace       used 12628K, capacity 13194K, committed 13440K, reserved 1060864K
  class space    used 1568K, capacity 1654K, committed 1664K, reserved 1048576K
}

Deoptimization events (2 events):
Event: 2.272 Thread 0x00007f0ce400b800 Uncommon trap: reason=unstable_if action=reinterpret pc=0x00007f0cd514df3c method=java.lang.String.indexOf(II)I @ 17
Event: 4.284 Thread 0x00007f0ce400b800 Uncommon trap: reason=null_check action=make_not_entrant pc=0x00007f0cd5169a60 method=java.lang.String.equals(Ljava/lang/Object;)Z @ 8

Classes redefined (0 events):
No events

Internal exceptions (10 events):
Event: 4.615 Thread 0x00007f0ce400b800 Exception <a 'java/lang/NoSuchMethodError': java.lang.Object.$anonfun$envOrElse$1(Ljava/lang/String;)Ljava/lang/String;> (0x00000000fab87ef0) thrown at [/build/java8-openjdk/src/jdk8u-jdk8u212-b01/hotspot/src/share/vm/interpreter/linkResolver.cpp, line 62
Event: 4.615 Thread 0x00007f0ce400b800 Exception <a 'java/lang/NoSuchMethodError': java.lang.Object.$anonfun$envOrElse$2(Ljava/lang/String;)Ljava/lang/String;> (0x00000000fab8c228) thrown at [/build/java8-openjdk/src/jdk8u-jdk8u212-b01/hotspot/src/share/vm/interpreter/linkResolver.cpp, line 62
Event: 4.616 Thread 0x00007f0ce400b800 Exception <a 'java/lang/NoSuchMethodError': java.lang.Object.$anonfun$flatten$1(Lscala/Function1;Lscala/collection/mutable/Builder;Ljava/lang/Object;)Lscala/collection/mutable/Builder;> (0x00000000fab950a0) thrown at [/build/java8-openjdk/src/jdk8u-jdk8u2
Event: 4.619 Thread 0x00007f0ce400b800 Exception <a 'java/lang/NoSuchMethodError': java.lang.Object.$anonfun$flatMap$1(Lscala/Function1;Lscala/collection/mutable/Builder;Ljava/lang/Object;)Lscala/collection/mutable/Builder;> (0x00000000faba0090) thrown at [/build/java8-openjdk/src/jdk8u-jdk8u2
Event: 4.628 Thread 0x00007f0ce400b800 Exception <a 'java/lang/NoSuchMethodError': java.lang.Object.$anonfun$tryClass$1(Lscala/reflect/internal/util/ScalaClassLoader;Ljava/lang/String;Z)Ljava/lang/Class;> (0x00000000fabc3a50) thrown at [/build/java8-openjdk/src/jdk8u-jdk8u212-b01/hotspot/src/s
Event: 4.638 Thread 0x00007f0ce400b800 Exception <a 'java/lang/NoSuchMethodError': java.lang.Object.$anonfun$isInfo$1$adapted(Lscala/tools/nsc/settings/MutableSettings$Setting;)Ljava/lang/Object;> (0x00000000fafaa640) thrown at [/build/java8-openjdk/src/jdk8u-jdk8u212-b01/hotspot/src/share/vm/
Event: 4.639 Thread 0x00007f0ce400b800 Exception <a 'java/lang/NoSuchMethodError': java.lang.Object.$anonfun$isInfo$2$adapted(Lscala/tools/nsc/settings/MutableSettings$Setting;)Ljava/lang/Object;> (0x00000000fafae6e8) thrown at [/build/java8-openjdk/src/jdk8u-jdk8u212-b01/hotspot/src/share/vm/
Event: 4.646 Thread 0x00007f0ce400b800 Exception <a 'java/lang/NoSuchMethodError': java.lang.Object.$anonfun$run$1(Ljava/lang/String;)Lscala/runtime/Nothing$;> (0x00000000fb37b7e8) thrown at [/build/java8-openjdk/src/jdk8u-jdk8u212-b01/hotspot/src/share/vm/interpreter/linkResolver.cpp, line 62
Event: 4.652 Thread 0x00007f0ce400b800 Exception <a 'java/lang/NoSuchMethodError': java.lang.Object.$anonfun$run$2(Lscala/collection/Seq;Ljava/lang/reflect/Method;)Ljava/lang/Object;> (0x00000000fab05c28) thrown at [/build/java8-openjdk/src/jdk8u-jdk8u212-b01/hotspot/src/share/vm/interpreter/l
Event: 4.655 Thread 0x00007f0ce400b800 Exception <a 'java/lang/NoSuchMethodError': java.lang.Object.$anonfun$main$1$adapted(Lscala/Function0;)Ljava/lang/Object;> (0x00000000fab12398) thrown at [/build/java8-openjdk/src/jdk8u-jdk8u212-b01/hotspot/src/share/vm/interpreter/linkResolver.cpp, line 

Events (10 events):
Event: 4.654 loading class scala/compat/Platform$
Event: 4.654 loading class scala/compat/Platform$ done
Event: 4.654 loading class Main$delayedInit$body
Event: 4.654 loading class Main$delayedInit$body done
Event: 4.655 loading class scala/runtime/AbstractFunction0
Event: 4.655 loading class scala/runtime/AbstractFunction0 done
Event: 4.656 loading class jni/Vector3
Event: 4.656 loading class jni/Vector3 done
Event: 4.656 loading class jni/GLWrapper
Event: 4.656 loading class jni/GLWrapper done


Dynamic libraries:
f0000000-f1580000 rw-p 00000000 00:00 0 
f1580000-fab00000 ---p 00000000 00:00 0 
fab00000-fbe00000 rw-p 00000000 00:00 0 
fbe00000-100000000 ---p 00000000 00:00 0 
100000000-1001a0000 rw-p 00000000 00:00 0 
1001a0000-140000000 ---p 00000000 00:00 0 
5619d67bf000-5619d67c0000 r--p 00000000 fe:00 4982129                    /usr/lib/jvm/java-8-openjdk/jre/bin/java
5619d67c0000-5619d67c1000 r-xp 00001000 fe:00 4982129                    /usr/lib/jvm/java-8-openjdk/jre/bin/java
5619d67c1000-5619d67c2000 r--p 00002000 fe:00 4982129                    /usr/lib/jvm/java-8-openjdk/jre/bin/java
5619d67c2000-5619d67c3000 r--p 00002000 fe:00 4982129                    /usr/lib/jvm/java-8-openjdk/jre/bin/java
5619d67c3000-5619d67c4000 rw-p 00003000 fe:00 4982129                    /usr/lib/jvm/java-8-openjdk/jre/bin/java
5619d77e2000-5619d7803000 rw-p 00000000 00:00 0                          [heap]
7f0c98000000-7f0c98021000 rw-p 00000000 00:00 0 
7f0c98021000-7f0c9c000000 ---p 00000000 00:00 0 
7f0ca0000000-7f0ca006b000 rw-p 00000000 00:00 0 
7f0ca006b000-7f0ca4000000 ---p 00000000 00:00 0 
7f0ca4000000-7f0ca4021000 rw-p 00000000 00:00 0 
7f0ca4021000-7f0ca8000000 ---p 00000000 00:00 0 
7f0ca8000000-7f0ca8076000 rw-p 00000000 00:00 0 
7f0ca8076000-7f0cac000000 ---p 00000000 00:00 0 
7f0cac000000-7f0cac083000 rw-p 00000000 00:00 0 
7f0cac083000-7f0cb0000000 ---p 00000000 00:00 0 
7f0cb0000000-7f0cb0021000 rw-p 00000000 00:00 0 
7f0cb0021000-7f0cb4000000 ---p 00000000 00:00 0 
7f0cb4000000-7f0cb4021000 rw-p 00000000 00:00 0 
7f0cb4021000-7f0cb8000000 ---p 00000000 00:00 0 
7f0cb8000000-7f0cb8021000 rw-p 00000000 00:00 0 
7f0cb8021000-7f0cbc000000 ---p 00000000 00:00 0 
7f0cbc000000-7f0cbc021000 rw-p 00000000 00:00 0 
7f0cbc021000-7f0cc0000000 ---p 00000000 00:00 0 
7f0cc0000000-7f0cc0021000 rw-p 00000000 00:00 0 
7f0cc0021000-7f0cc4000000 ---p 00000000 00:00 0 
7f0cc4000000-7f0cc4021000 rw-p 00000000 00:00 0 
7f0cc4021000-7f0cc8000000 ---p 00000000 00:00 0 
7f0cc8000000-7f0cc8021000 rw-p 00000000 00:00 0 
7f0cc8021000-7f0ccc000000 ---p 00000000 00:00 0 
7f0ccc2b0000-7f0ccc2b5000 r-xp 00000000 fe:00 4069026                    /usr/lib/libXfixes.so.3.1.0
7f0ccc2b5000-7f0ccc4b4000 ---p 00005000 fe:00 4069026                    /usr/lib/libXfixes.so.3.1.0
7f0ccc4b4000-7f0ccc4b5000 r--p 00004000 fe:00 4069026                    /usr/lib/libXfixes.so.3.1.0
7f0ccc4b5000-7f0ccc4b6000 rw-p 00005000 fe:00 4069026                    /usr/lib/libXfixes.so.3.1.0
7f0ccc4b6000-7f0ccc4b8000 r--p 00000000 fe:00 4078939                    /usr/lib/libXrender.so.1.3.0
7f0ccc4b8000-7f0ccc4bf000 r-xp 00002000 fe:00 4078939                    /usr/lib/libXrender.so.1.3.0
7f0ccc4bf000-7f0ccc4c1000 r--p 00009000 fe:00 4078939                    /usr/lib/libXrender.so.1.3.0
7f0ccc4c1000-7f0ccc4c2000 r--p 0000a000 fe:00 4078939                    /usr/lib/libXrender.so.1.3.0
7f0ccc4c2000-7f0ccc4c3000 rw-p 0000b000 fe:00 4078939                    /usr/lib/libXrender.so.1.3.0
7f0ccc4c3000-7f0ccc4c7000 r--p 00000000 fe:00 4073250                    /usr/lib/libXext.so.6.4.0
7f0ccc4c7000-7f0ccc4d2000 r-xp 00004000 fe:00 4073250                    /usr/lib/libXext.so.6.4.0
7f0ccc4d2000-7f0ccc4d6000 r--p 0000f000 fe:00 4073250                    /usr/lib/libXext.so.6.4.0
7f0ccc4d6000-7f0ccc4d7000 r--p 00012000 fe:00 4073250                    /usr/lib/libXext.so.6.4.0
7f0ccc4d7000-7f0ccc4d8000 rw-p 00013000 fe:00 4073250                    /usr/lib/libXext.so.6.4.0
7f0ccc4d8000-7f0ccc4e4000 r--p 00000000 fe:00 4073236                    /usr/lib/libxcb.so.1.1.0
7f0ccc4e4000-7f0ccc4f7000 r-xp 0000c000 fe:00 4073236                    /usr/lib/libxcb.so.1.1.0
7f0ccc4f7000-7f0ccc500000 r--p 0001f000 fe:00 4073236                    /usr/lib/libxcb.so.1.1.0
7f0ccc500000-7f0ccc501000 r--p 00027000 fe:00 4073236                    /usr/lib/libxcb.so.1.1.0
7f0ccc501000-7f0ccc502000 rw-p 00028000 fe:00 4073236                    /usr/lib/libxcb.so.1.1.0
7f0ccc502000-7f0ccc505000 r--p 00000000 fe:00 4067439                    /usr/lib/libgcc_s.so.1
7f0ccc505000-7f0ccc516000 r-xp 00003000 fe:00 4067439                    /usr/lib/libgcc_s.so.1
7f0ccc516000-7f0ccc519000 r--p 00014000 fe:00 4067439                    /usr/lib/libgcc_s.so.1
7f0ccc519000-7f0ccc51a000 ---p 00017000 fe:00 4067439                    /usr/lib/libgcc_s.so.1
7f0ccc51a000-7f0ccc51b000 r--p 00017000 fe:00 4067439                    /usr/lib/libgcc_s.so.1
7f0ccc51b000-7f0ccc51c000 rw-p 00018000 fe:00 4067439                    /usr/lib/libgcc_s.so.1
7f0ccc51c000-7f0ccc5a5000 r--p 00000000 fe:00 4069301                    /usr/lib/libstdc++.so.6.0.25
7f0ccc5a5000-7f0ccc65d000 r-xp 00089000 fe:00 4069301                    /usr/lib/libstdc++.so.6.0.25
7f0ccc65d000-7f0ccc69a000 r--p 00141000 fe:00 4069301                    /usr/lib/libstdc++.so.6.0.25
7f0ccc69a000-7f0ccc69b000 ---p 0017e000 fe:00 4069301                    /usr/lib/libstdc++.so.6.0.25
7f0ccc69b000-7f0ccc6a7000 r--p 0017e000 fe:00 4069301                    /usr/lib/libstdc++.so.6.0.25
7f0ccc6a7000-7f0ccc6a8000 rw-p 0018a000 fe:00 4069301                    /usr/lib/libstdc++.so.6.0.25
7f0ccc6a8000-7f0ccc6ab000 rw-p 00000000 00:00 0 
7f0ccc6ab000-7f0ccc6ae000 r--p 00000000 fe:00 4078917                    /usr/lib/libXcursor.so.1.0.2
7f0ccc6ae000-7f0ccc6b3000 r-xp 00003000 fe:00 4078917                    /usr/lib/libXcursor.so.1.0.2
7f0ccc6b3000-7f0ccc6b5000 r--p 00008000 fe:00 4078917                    /usr/lib/libXcursor.so.1.0.2
7f0ccc6b5000-7f0ccc6b6000 r--p 00009000 fe:00 4078917                    /usr/lib/libXcursor.so.1.0.2
7f0ccc6b6000-7f0ccc6b7000 rw-p 0000a000 fe:00 4078917                    /usr/lib/libXcursor.so.1.0.2
7f0ccc6b7000-7f0ccc6bb000 r-xp 00000000 fe:00 4069027                    /usr/lib/libXxf86vm.so.1.0.0
7f0ccc6bb000-7f0ccc8bb000 ---p 00004000 fe:00 4069027                    /usr/lib/libXxf86vm.so.1.0.0
7f0ccc8bb000-7f0ccc8bc000 r--p 00004000 fe:00 4069027                    /usr/lib/libXxf86vm.so.1.0.0
7f0ccc8bc000-7f0ccc8bd000 rw-p 00005000 fe:00 4069027                    /usr/lib/libXxf86vm.so.1.0.0
7f0ccc8bd000-7f0ccc8bf000 r-xp 00000000 fe:00 4077494                    /usr/lib/libXinerama.so.1.0.0
7f0ccc8bf000-7f0cccabe000 ---p 00002000 fe:00 4077494                    /usr/lib/libXinerama.so.1.0.0
7f0cccabe000-7f0cccabf000 r--p 00001000 fe:00 4077494                    /usr/lib/libXinerama.so.1.0.0
7f0cccabf000-7f0cccac0000 rw-p 00002000 fe:00 4077494                    /usr/lib/libXinerama.so.1.0.0
7f0cccac0000-7f0cccadc000 r--p 00000000 fe:00 4079815                    /usr/lib/libX11.so.6.3.0
7f0cccadc000-7f0cccb64000 r-xp 0001c000 fe:00 4079815                    /usr/lib/libX11.so.6.3.0
7f0cccb64000-7f0cccbf8000 r--p 000a4000 fe:00 4079815                    /usr/lib/libX11.so.6.3.0
7f0cccbf8000-7f0cccbfb000 r--p 00137000 fe:00 4079815                    /usr/lib/libX11.so.6.3.0
7f0cccbfb000-7f0cccbff000 rw-p 0013a000 fe:00 4079815                    /usr/lib/libX11.so.6.3.0
7f0cccbff000-7f0ccfd80000 rw-p 00000000 00:00 0 
7f0ccfd80000-7f0ccfe00000 ---p 00000000 00:00 0 
7f0ccfe00000-7f0cd0000000 rw-p 00000000 00:00 0 
7f0cd0000000-7f0cd0021000 rw-p 00000000 00:00 0 
7f0cd0021000-7f0cd4000000 ---p 00000000 00:00 0 
7f0cd4001000-7f0cd4003000 r--p 00000000 fe:00 4073249                    /usr/lib/libXdmcp.so.6.0.0
7f0cd4003000-7f0cd4005000 r-xp 00002000 fe:00 4073249                    /usr/lib/libXdmcp.so.6.0.0
7f0cd4005000-7f0cd4007000 r--p 00004000 fe:00 4073249                    /usr/lib/libXdmcp.so.6.0.0
7f0cd4007000-7f0cd4008000 r--p 00005000 fe:00 4073249                    /usr/lib/libXdmcp.so.6.0.0
7f0cd4008000-7f0cd4009000 rw-p 00006000 fe:00 4073249                    /usr/lib/libXdmcp.so.6.0.0
7f0cd4009000-7f0cd400b000 r--p 00000000 fe:00 4078938                    /usr/lib/libXrandr.so.2.2.0
7f0cd400b000-7f0cd4012000 r-xp 00002000 fe:00 4078938                    /usr/lib/libXrandr.so.2.2.0
7f0cd4012000-7f0cd4014000 r--p 00009000 fe:00 4078938                    /usr/lib/libXrandr.so.2.2.0
7f0cd4014000-7f0cd4015000 r--p 0000a000 fe:00 4078938                    /usr/lib/libXrandr.so.2.2.0
7f0cd4015000-7f0cd4016000 rw-p 0000b000 fe:00 4078938                    /usr/lib/libXrandr.so.2.2.0
7f0cd4067000-7f0cd4086000 r--p 00000000 fe:00 414966                     /home/joseph/Documents/Programming/Graphics/OpenGLProject/cmake-build-debug/libOpenGLProject.so
7f0cd4086000-7f0cd40c6000 r-xp 0001f000 fe:00 414966                     /home/joseph/Documents/Programming/Graphics/OpenGLProject/cmake-build-debug/libOpenGLProject.so
7f0cd40c6000-7f0cd40d8000 r--p 0005f000 fe:00 414966                     /home/joseph/Documents/Programming/Graphics/OpenGLProject/cmake-build-debug/libOpenGLProject.so
7f0cd40d8000-7f0cd40d9000 ---p 00071000 fe:00 414966                     /home/joseph/Documents/Programming/Graphics/OpenGLProject/cmake-build-debug/libOpenGLProject.so
7f0cd40d9000-7f0cd40db000 r--p 00071000 fe:00 414966                     /home/joseph/Documents/Programming/Graphics/OpenGLProject/cmake-build-debug/libOpenGLProject.so
7f0cd40db000-7f0cd40dd000 rw-p 00073000 fe:00 414966                     /home/joseph/Documents/Programming/Graphics/OpenGLProject/cmake-build-debug/libOpenGLProject.so
7f0cd40dd000-7f0cd40df000 rw-p 00000000 00:00 0 
7f0cd40df000-7f0cd40e4000 r--p 00000000 fe:00 4983049                    /usr/lib/jvm/java-8-openjdk/jre/lib/amd64/libnet.so
7f0cd40e4000-7f0cd40f3000 r-xp 00005000 fe:00 4983049                    /usr/lib/jvm/java-8-openjdk/jre/lib/amd64/libnet.so
7f0cd40f3000-7f0cd40f7000 r--p 00014000 fe:00 4983049                    /usr/lib/jvm/java-8-openjdk/jre/lib/amd64/libnet.so
7f0cd40f7000-7f0cd40f8000 r--p 00017000 fe:00 4983049                    /usr/lib/jvm/java-8-openjdk/jre/lib/amd64/libnet.so
7f0cd40f8000-7f0cd40f9000 rw-p 00018000 fe:00 4983049                    /usr/lib/jvm/java-8-openjdk/jre/lib/amd64/libnet.so
7f0cd40f9000-7f0cd4100000 r--p 00000000 fe:00 4983050                    /usr/lib/jvm/java-8-openjdk/jre/lib/amd64/libnio.so
7f0cd4100000-7f0cd4108000 r-xp 00007000 fe:00 4983050                    /usr/lib/jvm/java-8-openjdk/jre/lib/amd64/libnio.so
7f0cd4108000-7f0cd410b000 r--p 0000f000 fe:00 4983050                    /usr/lib/jvm/java-8-openjdk/jre/lib/amd64/libnio.so
7f0cd410b000-7f0cd410c000 ---p 00012000 fe:00 4983050                    /usr/lib/jvm/java-8-openjdk/jre/lib/amd64/libnio.so
7f0cd410c000-7f0cd410d000 r--p 00012000 fe:00 4983050                    /usr/lib/jvm/java-8-openjdk/jre/lib/amd64/libnio.so
7f0cd410d000-7f0cd410e000 rw-p 00013000 fe:00 4983050                    /usr/lib/jvm/java-8-openjdk/jre/lib/amd64/libnio.so
7f0cd410e000-7f0cd410f000 ---p 00000000 00:00 0 
7f0cd410f000-7f0cd420f000 rw-p 00000000 00:00 0 
7f0cd420f000-7f0cd4212000 ---p 00000000 00:00 0 
7f0cd4212000-7f0cd4310000 rw-p 00000000 00:00 0 
7f0cd4310000-7f0cd4311000 ---p 00000000 00:00 0 
7f0cd4311000-7f0cd4314000 ---p 00000000 00:00 0 
7f0cd4314000-7f0cd4411000 rw-p 00000000 00:00 0 
7f0cd4411000-7f0cd4412000 ---p 00000000 00:00 0 
7f0cd4412000-7f0cd4415000 ---p 00000000 00:00 0 
7f0cd4415000-7f0cd4512000 rw-p 00000000 00:00 0 
7f0cd4512000-7f0cd4513000 ---p 00000000 00:00 0 
7f0cd4513000-7f0cd4516000 ---p 00000000 00:00 0 
7f0cd4516000-7f0cd4613000 rw-p 00000000 00:00 0 
7f0cd4613000-7f0cd4616000 ---p 00000000 00:00 0 
7f0cd4616000-7f0cd4714000 rw-p 00000000 00:00 0 
7f0cd4714000-7f0cd49fa000 r--p 00000000 fe:00 4078801                    /usr/lib/locale/locale-archive
7f0cd49fa000-7f0cd49fd000 ---p 00000000 00:00 0 
7f0cd49fd000-7f0cd4afb000 rw-p 00000000 00:00 0 
7f0cd4afb000-7f0cd4afe000 ---p 00000000 00:00 0 
7f0cd4afe000-7f0cd4bfc000 rw-p 00000000 00:00 0 
7f0cd4bfc000-7f0cd4bfd000 ---p 00000000 00:00 0 
7f0cd4bfd000-7f0cd5000000 rw-p 00000000 00:00 0 
7f0cd5000000-7f0cd5280000 rwxp 00000000 00:00 0 
7f0cd5280000-7f0ce4000000 ---p 00000000 00:00 0 
7f0ce4000000-7f0ce5535000 rw-p 00000000 00:00 0 
7f0ce5535000-7f0ce8000000 ---p 00000000 00:00 0 
7f0ce8001000-7f0ce8002000 r--p 00000000 fe:00 4073222                    /usr/lib/libXau.so.6.0.0
7f0ce8002000-7f0ce8003000 r-xp 00001000 fe:00 4073222                    /usr/lib/libXau.so.6.0.0
7f0ce8003000-7f0ce8004000 r--p 00002000 fe:00 4073222                    /usr/lib/libXau.so.6.0.0
7f0ce8004000-7f0ce8005000 r--p 00002000 fe:00 4073222                    /usr/lib/libXau.so.6.0.0
7f0ce8005000-7f0ce8006000 rw-p 00003000 fe:00 4073222                    /usr/lib/libXau.so.6.0.0
7f0ce8006000-7f0ce800c000 r--s 00080000 fe:00 4072599                    /usr/share/scala/lib/scala-xml_2.12-1.0.6.jar
7f0ce800c000-7f0ce8015000 r--s 000ab000 fe:00 4072582                    /usr/share/scala/lib/scala-swing_2.12-2.0.3.jar
7f0ce8015000-7f0ce8038000 r--s 00347000 fe:00 4071644                    /usr/share/scala/lib/scala-reflect.jar
7f0ce8038000-7f0ce8070000 r--s 004bf000 fe:00 4069441                    /usr/share/scala/lib/scala-library.jar
7f0ce8070000-7f0ce80bf000 r--s 00967000 fe:00 4069435                    /usr/share/scala/lib/scala-compiler.jar
7f0ce80bf000-7f0ce8dbe000 rw-p 00000000 00:00 0 
7f0ce8dbe000-7f0ce8f8e000 r--s 03c3a000 fe:00 4983165                    /usr/lib/jvm/java-8-openjdk/jre/lib/rt.jar
7f0ce8f8e000-7f0cea0df000 rw-p 00000000 00:00 0 
7f0cea0df000-7f0cea0e0000 ---p 00000000 00:00 0 
7f0cea0e0000-7f0cea1e0000 rw-p 00000000 00:00 0 
7f0cea1e0000-7f0cea1e1000 ---p 00000000 00:00 0 
7f0cea1e1000-7f0cea2e1000 rw-p 00000000 00:00 0 
7f0cea2e1000-7f0cea2e2000 ---p 00000000 00:00 0 
7f0cea2e2000-7f0cea3e2000 rw-p 00000000 00:00 0 
7f0cea3e2000-7f0cea3e3000 ---p 00000000 00:00 0 
7f0cea3e3000-7f0cea4ee000 rw-p 00000000 00:00 0 
7f0cea4ee000-7f0cea539000 ---p 00000000 00:00 0 
7f0cea539000-7f0cea544000 rw-p 00000000 00:00 0 
7f0cea544000-7f0cea58e000 ---p 00000000 00:00 0 
7f0cea58e000-7f0cea598000 rw-p 00000000 00:00 0 
7f0cea598000-7f0cea5b9000 ---p 00000000 00:00 0 
7f0cea5b9000-7f0cea5c4000 rw-p 00000000 00:00 0 
7f0cea5c4000-7f0cea97a000 ---p 00000000 00:00 0 
7f0cea97a000-7f0cea97d000 r--p 00000000 fe:00 4071892                    /usr/lib/libnss_files-2.28.so
7f0cea97d000-7f0cea984000 r-xp 00003000 fe:00 4071892                    /usr/lib/libnss_files-2.28.so
7f0cea984000-7f0cea987000 r--p 0000a000 fe:00 4071892                    /usr/lib/libnss_files-2.28.so
7f0cea987000-7f0cea988000 r--p 0000c000 fe:00 4071892                    /usr/lib/libnss_files-2.28.so
7f0cea988000-7f0cea989000 rw-p 0000d000 fe:00 4071892                    /usr/lib/libnss_files-2.28.so
7f0cea989000-7f0cea98f000 rw-p 00000000 00:00 0 
7f0cea991000-7f0cea993000 r--s 00006000 fe:00 4072524                    /usr/share/scala/lib/scala-repl-jline.jar
7f0cea993000-7f0cea998000 r--s 00041000 fe:00 4071912                    /usr/share/scala/lib/scala-repl-jline-embedded.jar
7f0cea998000-7f0cea99e000 r--s 00077000 fe:00 4072603                    /usr/share/scala/lib/scalap.jar
7f0cea99e000-7f0cea9a9000 r--s 001d6000 fe:00 4069275                    /usr/share/scala/lib/scala-compiler-doc.jar
7f0cea9a9000-7f0cea9ad000 r--s 0003e000 fe:00 4069189                    /usr/share/scala/lib/jline.jar
7f0cea9ad000-7f0cea9d5000 rw-p 00000000 00:00 0 
7f0cea9d5000-7f0cea9d8000 r--p 00000000 fe:00 4983099                    /usr/lib/jvm/java-8-openjdk/jre/lib/amd64/libzip.so
7f0cea9d8000-7f0cea9dc000 r-xp 00003000 fe:00 4983099                    /usr/lib/jvm/java-8-openjdk/jre/lib/amd64/libzip.so
7f0cea9dc000-7f0cea9de000 r--p 00007000 fe:00 4983099                    /usr/lib/jvm/java-8-openjdk/jre/lib/amd64/libzip.so
7f0cea9de000-7f0cea9df000 r--p 00008000 fe:00 4983099                    /usr/lib/jvm/java-8-openjdk/jre/lib/amd64/libzip.so
7f0cea9df000-7f0cea9e0000 rw-p 00009000 fe:00 4983099                    /usr/lib/jvm/java-8-openjdk/jre/lib/amd64/libzip.so
7f0cea9e0000-7f0cea9e2000 r--p 00000000 fe:00 4078347                    /usr/lib/librt-2.28.so
7f0cea9e2000-7f0cea9e6000 r-xp 00002000 fe:00 4078347                    /usr/lib/librt-2.28.so
7f0cea9e6000-7f0cea9e8000 r--p 00006000 fe:00 4078347                    /usr/lib/librt-2.28.so
7f0cea9e8000-7f0cea9e9000 r--p 00007000 fe:00 4078347                    /usr/lib/librt-2.28.so
7f0cea9e9000-7f0cea9ea000 rw-p 00008000 fe:00 4078347                    /usr/lib/librt-2.28.so
7f0cea9ea000-7f0cea9eb000 ---p 00000000 00:00 0 
7f0cea9eb000-7f0cea9ee000 ---p 00000000 00:00 0 
7f0cea9ee000-7f0ceaaeb000 rw-p 00000000 00:00 0 
7f0ceaaeb000-7f0ceaaf8000 r--p 00000000 fe:00 4071870                    /usr/lib/libm-2.28.so
7f0ceaaf8000-7f0ceab99000 r-xp 0000d000 fe:00 4071870                    /usr/lib/libm-2.28.so
7f0ceab99000-7f0ceac6e000 r--p 000ae000 fe:00 4071870                    /usr/lib/libm-2.28.so
7f0ceac6e000-7f0ceac6f000 r--p 00182000 fe:00 4071870                    /usr/lib/libm-2.28.so
7f0ceac6f000-7f0ceac70000 rw-p 00183000 fe:00 4071870                    /usr/lib/libm-2.28.so
7f0ceac70000-7f0ceae61000 r--p 00000000 fe:00 4983102                    /usr/lib/jvm/java-8-openjdk/jre/lib/amd64/server/libjvm.so
7f0ceae61000-7f0ceb6d4000 r-xp 001f1000 fe:00 4983102                    /usr/lib/jvm/java-8-openjdk/jre/lib/amd64/server/libjvm.so
7f0ceb6d4000-7f0ceb874000 r--p 00a64000 fe:00 4983102                    /usr/lib/jvm/java-8-openjdk/jre/lib/amd64/server/libjvm.so
7f0ceb874000-7f0ceb875000 ---p 00c04000 fe:00 4983102                    /usr/lib/jvm/java-8-openjdk/jre/lib/amd64/server/libjvm.so
7f0ceb875000-7f0ceb90a000 r--p 00c04000 fe:00 4983102                    /usr/lib/jvm/java-8-openjdk/jre/lib/amd64/server/libjvm.so
7f0ceb90a000-7f0ceb932000 rw-p 00c99000 fe:00 4983102                    /usr/lib/jvm/java-8-openjdk/jre/lib/amd64/server/libjvm.so
7f0ceb932000-7f0ceb964000 rw-p 00000000 00:00 0 
7f0ceb964000-7f0ceb96a000 r--p 00000000 fe:00 4071899                    /usr/lib/libpthread-2.28.so
7f0ceb96a000-7f0ceb979000 r-xp 00006000 fe:00 4071899                    /usr/lib/libpthread-2.28.so
7f0ceb979000-7f0ceb97f000 r--p 00015000 fe:00 4071899                    /usr/lib/libpthread-2.28.so
7f0ceb97f000-7f0ceb980000 r--p 0001a000 fe:00 4071899                    /usr/lib/libpthread-2.28.so
7f0ceb980000-7f0ceb981000 rw-p 0001b000 fe:00 4071899                    /usr/lib/libpthread-2.28.so
7f0ceb981000-7f0ceb985000 rw-p 00000000 00:00 0 
7f0ceb985000-7f0ceb986000 r--p 00000000 fe:00 4071864                    /usr/lib/libdl-2.28.so
7f0ceb986000-7f0ceb987000 r-xp 00001000 fe:00 4071864                    /usr/lib/libdl-2.28.so
7f0ceb987000-7f0ceb988000 r--p 00002000 fe:00 4071864                    /usr/lib/libdl-2.28.so
7f0ceb988000-7f0ceb989000 r--p 00002000 fe:00 4071864                    /usr/lib/libdl-2.28.so
7f0ceb989000-7f0ceb98a000 rw-p 00003000 fe:00 4071864                    /usr/lib/libdl-2.28.so
7f0ceb98a000-7f0ceb9a0000 r-xp 00000000 fe:00 4069349                    /usr/lib/libz.so.1.2.11
7f0ceb9a0000-7f0cebb9f000 ---p 00016000 fe:00 4069349                    /usr/lib/libz.so.1.2.11
7f0cebb9f000-7f0cebba0000 r--p 00015000 fe:00 4069349                    /usr/lib/libz.so.1.2.11
7f0cebba0000-7f0cebba1000 rw-p 00016000 fe:00 4069349                    /usr/lib/libz.so.1.2.11
7f0cebba1000-7f0cebbc3000 r--p 00000000 fe:00 4071855                    /usr/lib/libc-2.28.so
7f0cebbc3000-7f0cebd0e000 r-xp 00022000 fe:00 4071855                    /usr/lib/libc-2.28.so
7f0cebd0e000-7f0cebd5a000 r--p 0016d000 fe:00 4071855                    /usr/lib/libc-2.28.so
7f0cebd5a000-7f0cebd5b000 ---p 001b9000 fe:00 4071855                    /usr/lib/libc-2.28.so
7f0cebd5b000-7f0cebd5f000 r--p 001b9000 fe:00 4071855                    /usr/lib/libc-2.28.so
7f0cebd5f000-7f0cebd61000 rw-p 001bd000 fe:00 4071855                    /usr/lib/libc-2.28.so
7f0cebd61000-7f0cebd65000 rw-p 00000000 00:00 0 
7f0cebd66000-7f0cebd6b000 rw-p 00000000 00:00 0 
7f0cebd6b000-7f0cebd73000 rw-s 00000000 00:2c 45                         /tmp/hsperfdata_joseph/29384
7f0cebd73000-7f0cebd74000 rw-p 00000000 00:00 0 
7f0cebd74000-7f0cebd75000 r--p 00000000 00:00 0 
7f0cebd75000-7f0cebd82000 r--p 00000000 fe:00 4983038                    /usr/lib/jvm/java-8-openjdk/jre/lib/amd64/libjava.so
7f0cebd82000-7f0cebd9a000 r-xp 0000d000 fe:00 4983038                    /usr/lib/jvm/java-8-openjdk/jre/lib/amd64/libjava.so
7f0cebd9a000-7f0cebda1000 r--p 00025000 fe:00 4983038                    /usr/lib/jvm/java-8-openjdk/jre/lib/amd64/libjava.so
7f0cebda1000-7f0cebda2000 ---p 0002c000 fe:00 4983038                    /usr/lib/jvm/java-8-openjdk/jre/lib/amd64/libjava.so
7f0cebda2000-7f0cebda3000 r--p 0002c000 fe:00 4983038                    /usr/lib/jvm/java-8-openjdk/jre/lib/amd64/libjava.so
7f0cebda3000-7f0cebda4000 rw-p 0002d000 fe:00 4983038                    /usr/lib/jvm/java-8-openjdk/jre/lib/amd64/libjava.so
7f0cebda4000-7f0cebda5000 rw-p 00000000 00:00 0 
7f0cebda5000-7f0cebdaa000 r--p 00000000 fe:00 4983098                    /usr/lib/jvm/java-8-openjdk/jre/lib/amd64/libverify.so
7f0cebdaa000-7f0cebdb1000 r-xp 00005000 fe:00 4983098                    /usr/lib/jvm/java-8-openjdk/jre/lib/amd64/libverify.so
7f0cebdb1000-7f0cebdb3000 r--p 0000c000 fe:00 4983098                    /usr/lib/jvm/java-8-openjdk/jre/lib/amd64/libverify.so
7f0cebdb3000-7f0cebdb5000 r--p 0000d000 fe:00 4983098                    /usr/lib/jvm/java-8-openjdk/jre/lib/amd64/libverify.so
7f0cebdb5000-7f0cebdb6000 rw-p 0000f000 fe:00 4983098                    /usr/lib/jvm/java-8-openjdk/jre/lib/amd64/libverify.so
7f0cebdb6000-7f0cebdb8000 r--p 00000000 fe:00 4982149                    /usr/lib/jvm/java-8-openjdk/jre/lib/amd64/jli/libjli.so
7f0cebdb8000-7f0cebdc1000 r-xp 00002000 fe:00 4982149                    /usr/lib/jvm/java-8-openjdk/jre/lib/amd64/jli/libjli.so
7f0cebdc1000-7f0cebdc4000 r--p 0000b000 fe:00 4982149                    /usr/lib/jvm/java-8-openjdk/jre/lib/amd64/jli/libjli.so
7f0cebdc4000-7f0cebdc5000 r--p 0000d000 fe:00 4982149                    /usr/lib/jvm/java-8-openjdk/jre/lib/amd64/jli/libjli.so
7f0cebdc5000-7f0cebdc6000 rw-p 0000e000 fe:00 4982149                    /usr/lib/jvm/java-8-openjdk/jre/lib/amd64/jli/libjli.so
7f0cebdc6000-7f0cebdc8000 rw-p 00000000 00:00 0 
7f0cebdc8000-7f0cebdca000 r--p 00000000 fe:00 4071843                    /usr/lib/ld-2.28.so
7f0cebdca000-7f0cebde9000 r-xp 00002000 fe:00 4071843                    /usr/lib/ld-2.28.so
7f0cebde9000-7f0cebdf1000 r--p 00021000 fe:00 4071843                    /usr/lib/ld-2.28.so
7f0cebdf1000-7f0cebdf2000 r--p 00028000 fe:00 4071843                    /usr/lib/ld-2.28.so
7f0cebdf2000-7f0cebdf3000 rw-p 00029000 fe:00 4071843                    /usr/lib/ld-2.28.so
7f0cebdf3000-7f0cebdf4000 rw-p 00000000 00:00 0 
7ffc7b17a000-7ffc7b19b000 rw-p 00000000 00:00 0                          [stack]
7ffc7b1b0000-7ffc7b1b3000 r--p 00000000 00:00 0                          [vvar]
7ffc7b1b3000-7ffc7b1b5000 r-xp 00000000 00:00 0                          [vdso]
ffffffffff600000-ffffffffff601000 r-xp 00000000 00:00 0                  [vsyscall]

VM Arguments:
jvm_args: -Xmx256M -Xms32M -Xbootclasspath/a:/usr/share/scala/lib/jline.jar:/usr/share/scala/lib/scala-compiler-doc.jar:/usr/share/scala/lib/scala-compiler.jar:/usr/share/scala/lib/scala-library.jar:/usr/share/scala/lib/scalap.jar:/usr/share/scala/lib/scala-reflect.jar:/usr/share/scala/lib/scala-repl-jline-embedded.jar:/usr/share/scala/lib/scala-repl-jline.jar:/usr/share/scala/lib/scala-swing_2.12-2.0.3.jar:/usr/share/scala/lib/scala-xml_2.12-1.0.6.jar -Dscala.boot.class.path=/usr/share/scala/lib/jline.jar:/usr/share/scala/lib/scala-compiler-doc.jar:/usr/share/scala/lib/scala-compiler.jar:/usr/share/scala/lib/scala-library.jar:/usr/share/scala/lib/scalap.jar:/usr/share/scala/lib/scala-reflect.jar:/usr/share/scala/lib/scala-repl-jline-embedded.jar:/usr/share/scala/lib/scala-repl-jline.jar:/usr/share/scala/lib/scala-swing_2.12-2.0.3.jar:/usr/share/scala/lib/scala-xml_2.12-1.0.6.jar -Dscala.home=/usr/share/scala -Dscala.usejavacp=true 
java_command: scala.tools.nsc.MainGenericRunner Main
java_class_path (initial): ""
Launcher Type: SUN_STANDARD

Environment Variables:
PATH=/opt/java/jdk-11.0.2/bin:/usr/local/sbin:/usr/local/bin:/usr/bin:/opt/android-sdk/platform-tools:/opt/android-sdk/tools:/opt/android-sdk/tools/bin:/var/lib/flatpak/exports/bin:/usr/lib/jvm/default/bin:/usr/bin/site_perl:/usr/bin/vendor_perl:/usr/bin/core_perl
SHELL=/usr/bin/fish
DISPLAY=:0

Signal Handlers:
SIGSEGV: [libjvm.so+0xa32bd0], sa_mask[0]=11111111011111111101111111111110, sa_flags=SA_RESTART|SA_SIGINFO
SIGBUS: [libjvm.so+0xa32bd0], sa_mask[0]=11111111011111111101111111111110, sa_flags=SA_RESTART|SA_SIGINFO
SIGFPE: [libjvm.so+0x88ebd0], sa_mask[0]=11111111011111111101111111111110, sa_flags=SA_RESTART|SA_SIGINFO
SIGPIPE: [libjvm.so+0x88ebd0], sa_mask[0]=11111111011111111101111111111110, sa_flags=SA_RESTART|SA_SIGINFO
SIGXFSZ: [libjvm.so+0x88ebd0], sa_mask[0]=11111111011111111101111111111110, sa_flags=SA_RESTART|SA_SIGINFO
SIGILL: [libjvm.so+0x88ebd0], sa_mask[0]=11111111011111111101111111111110, sa_flags=SA_RESTART|SA_SIGINFO
SIGUSR1: SIG_DFL, sa_mask[0]=00000000000000000000000000000000, sa_flags=none
SIGUSR2: [libjvm.so+0x88ea60], sa_mask[0]=00100000000000000000000000000000, sa_flags=SA_RESTART|SA_SIGINFO
SIGHUP: [libjvm.so+0x88ee70], sa_mask[0]=11111111011111111101111111111110, sa_flags=SA_RESTART|SA_SIGINFO
SIGINT: [libjvm.so+0x88ee70], sa_mask[0]=11111111011111111101111111111110, sa_flags=SA_RESTART|SA_SIGINFO
SIGTERM: [libjvm.so+0x88ee70], sa_mask[0]=11111111011111111101111111111110, sa_flags=SA_RESTART|SA_SIGINFO
SIGQUIT: [libjvm.so+0x88ee70], sa_mask[0]=11111111011111111101111111111110, sa_flags=SA_RESTART|SA_SIGINFO


---------------  S Y S T E M  ---------------

OS:DISTRIB_ID=ManjaroLinux
DISTRIB_RELEASE=18.0.4
DISTRIB_CODENAME=Illyria
DISTRIB_DESCRIPTION="Manjaro Linux"

uname:Linux 4.14.109-1-MANJARO #1 SMP PREEMPT Wed Mar 27 18:51:38 UTC 2019 x86_64
libc:glibc 2.28 NPTL 2.28 
rlimit: STACK 8192k, CORE infinity, NPROC 30719, NOFILE 1048576, AS infinity
load average:2.07 1.75 1.40

/proc/meminfo:
MemTotal:        8109572 kB
MemFree:          148172 kB
MemAvailable:     220188 kB
Buffers:           11204 kB
Cached:           457960 kB
SwapCached:       180944 kB
Active:          6333296 kB
Inactive:        1070940 kB
Active(anon):    6217024 kB
Inactive(anon):   928908 kB
Active(file):     116272 kB
Inactive(file):   142032 kB
Unevictable:          48 kB
Mlocked:              48 kB
SwapTotal:       8290300 kB
SwapFree:        6252028 kB
Dirty:              4756 kB
Writeback:             4 kB
AnonPages:       6923324 kB
Mapped:           525920 kB
Shmem:            210756 kB
Slab:             172760 kB
SReclaimable:      65816 kB
SUnreclaim:       106944 kB
KernelStack:       16528 kB
PageTables:        54572 kB
NFS_Unstable:          0 kB
Bounce:                0 kB
WritebackTmp:          0 kB
CommitLimit:    12345084 kB
Committed_AS:   14278304 kB
VmallocTotal:   34359738367 kB
VmallocUsed:           0 kB
VmallocChunk:          0 kB
HardwareCorrupted:     0 kB
AnonHugePages:   2377728 kB
ShmemHugePages:        0 kB
ShmemPmdMapped:        0 kB
HugePages_Total:       0
HugePages_Free:        0
HugePages_Rsvd:        0
HugePages_Surp:        0
Hugepagesize:       2048 kB
DirectMap4k:      650148 kB
DirectMap2M:     7675904 kB
DirectMap1G:     1048576 kB

container (cgroup) information:
container_type: cgroupv1
cpu_cpuset_cpus: 0-3
cpu_memory_nodes: 0
active_processor_count: 4
cpu_quota: -1
cpu_period: 100000
cpu_shares: -1
memory_limit_in_bytes: -1
memory_and_swap_limit_in_bytes: -1
memory_soft_limit_in_bytes: -1
memory_usage_in_bytes: 7589330944
memory_max_usage_in_bytes: 7636320256


CPU:total 4 (initial active 4) (2 cores per cpu, 2 threads per core) family 6 model 60 stepping 3, cmov, cx8, fxsr, mmx, sse, sse2, sse3, ssse3, sse4.1, sse4.2, popcnt, avx, avx2, aes, clmul, erms, lzcnt, ht, tsc, tscinvbit, bmi1, bmi2

/proc/cpuinfo:
processor	: 0
vendor_id	: GenuineIntel
cpu family	: 6
model		: 60
model name	: Intel(R) Core(TM) i3-4130 CPU @ 3.40GHz
stepping	: 3
microcode	: 0x25
cpu MHz		: 2627.355
cache size	: 3072 KB
physical id	: 0
siblings	: 4
core id		: 0
cpu cores	: 2
apicid		: 0
initial apicid	: 0
fpu		: yes
fpu_exception	: yes
cpuid level	: 13
wp		: yes
flags		: fpu vme de pse tsc msr pae mce cx8 apic sep mtrr pge mca cmov pat pse36 clflush dts acpi mmx fxsr sse sse2 ss ht tm pbe syscall nx pdpe1gb rdtscp lm constant_tsc arch_perfmon pebs bts rep_good nopl xtopology nonstop_tsc cpuid aperfmperf pni pclmulqdq dtes64 monitor ds_cpl vmx est tm2 ssse3 sdbg fma cx16 xtpr pdcm pcid sse4_1 sse4_2 movbe popcnt tsc_deadline_timer aes xsave avx f16c rdrand lahf_lm abm cpuid_fault epb invpcid_single pti ssbd ibrs ibpb stibp tpr_shadow vnmi flexpriority ept vpid fsgsbase tsc_adjust bmi1 avx2 smep bmi2 erms invpcid xsaveopt dtherm arat pln pts flush_l1d
bugs		: cpu_meltdown spectre_v1 spectre_v2 spec_store_bypass l1tf
bogomips	: 6787.40
clflush size	: 64
cache_alignment	: 64
address sizes	: 39 bits physical, 48 bits virtual
power management:

processor	: 1
vendor_id	: GenuineIntel
cpu family	: 6
model		: 60
model name	: Intel(R) Core(TM) i3-4130 CPU @ 3.40GHz
stepping	: 3
microcode	: 0x25
cpu MHz		: 2755.737
cache size	: 3072 KB
physical id	: 0
siblings	: 4
core id		: 1
cpu cores	: 2
apicid		: 2
initial apicid	: 2
fpu		: yes
fpu_exception	: yes
cpuid level	: 13
wp		: yes
flags		: fpu vme de pse tsc msr pae mce cx8 apic sep mtrr pge mca cmov pat pse36 clflush dts acpi mmx fxsr sse sse2 ss ht tm pbe syscall nx pdpe1gb rdtscp lm constant_tsc arch_perfmon pebs bts rep_good nopl xtopology nonstop_tsc cpuid aperfmperf pni pclmulqdq dtes64 monitor ds_cpl vmx est tm2 ssse3 sdbg fma cx16 xtpr pdcm pcid sse4_1 sse4_2 movbe popcnt tsc_deadline_timer aes xsave avx f16c rdrand lahf_lm abm cpuid_fault epb invpcid_single pti ssbd ibrs ibpb stibp tpr_shadow vnmi flexpriority ept vpid fsgsbase tsc_adjust bmi1 avx2 smep bmi2 erms invpcid xsaveopt dtherm arat pln pts flush_l1d
bugs		: cpu_meltdown spectre_v1 spectre_v2 spec_store_bypass l1tf
bogomips	: 6787.40
clflush size	: 64
cache_alignment	: 64
address sizes	: 39 bits physical, 48 bits virtual
power management:

processor	: 2
vendor_id	: GenuineIntel
cpu family	: 6
model		: 60
model name	: Intel(R) Core(TM) i3-4130 CPU @ 3.40GHz
stepping	: 3
microcode	: 0x25
cpu MHz		: 2770.835
cache size	: 3072 KB
physical id	: 0
siblings	: 4
core id		: 0
cpu cores	: 2
apicid		: 1
initial apicid	: 1
fpu		: yes
fpu_exception	: yes
cpuid level	: 13
wp		: yes
flags		: fpu vme de pse tsc msr pae mce cx8 apic sep mtrr pge mca cmov pat pse36 clflush dts acpi mmx fxsr sse sse2 ss ht tm pbe syscall nx pdpe1gb rdtscp lm constant_tsc arch_perfmon pebs bts rep_good nopl xtopology nonstop_tsc cpuid aperfmperf pni pclmulqdq dtes64 monitor ds_cpl vmx est tm2 ssse3 sdbg fma cx16 xtpr pdcm pcid sse4_1 sse4_2 movbe popcnt tsc_deadline_timer aes xsave avx f16c rdrand lahf_lm abm cpuid_fault epb invpcid_single pti ssbd ibrs ibpb stibp tpr_shadow vnmi flexpriority ept vpid fsgsbase tsc_adjust bmi1 avx2 smep bmi2 erms invpcid xsaveopt dtherm arat pln pts flush_l1d
bugs		: cpu_meltdown spectre_v1 spectre_v2 spec_store_bypass l1tf
bogomips	: 6787.40
clflush size	: 64
cache_alignment	: 64
address sizes	: 39 bits physical, 48 bits virtual
power management:

processor	: 3
vendor_id	: GenuineIntel
cpu family	: 6
model		: 60
model name	: Intel(R) Core(TM) i3-4130 CPU @ 3.40GHz
stepping	: 3
microcode	: 0x25
cpu MHz		: 2475.277
cache size	: 3072 KB
physical id	: 0
siblings	: 4
core id		: 1
cpu cores	: 2
apicid		: 3
initial apicid	: 3
fpu		: yes
fpu_exception	: yes
cpuid level	: 13
wp		: yes
flags		: fpu vme de pse tsc msr pae mce cx8 apic sep mtrr pge mca cmov pat pse36 clflush dts acpi mmx fxsr sse sse2 ss ht tm pbe syscall nx pdpe1gb rdtscp lm constant_tsc arch_perfmon pebs bts rep_good nopl xtopology nonstop_tsc cpuid aperfmperf pni pclmulqdq dtes64 monitor ds_cpl vmx est tm2 ssse3 sdbg fma cx16 xtpr pdcm pcid sse4_1 sse4_2 movbe popcnt tsc_deadline_timer aes xsave avx f16c rdrand lahf_lm abm cpuid_fault epb invpcid_single pti ssbd ibrs ibpb stibp tpr_shadow vnmi flexpriority ept vpid fsgsbase tsc_adjust bmi1 avx2 smep bmi2 erms invpcid xsaveopt dtherm arat pln pts flush_l1d
bugs		: cpu_meltdown spectre_v1 spectre_v2 spec_store_bypass l1tf
bogomips	: 6787.40
clflush size	: 64
cache_alignment	: 64
address sizes	: 39 bits physical, 48 bits virtual
power management:



Memory: 4k page, physical 8109572k(146544k free), swap 8290300k(6252028k free)

vm_info: OpenJDK 64-Bit Server VM (25.212-b01) for linux-amd64 JRE (1.8.0_212-b01), built on Mar 21 2019 23:20:35 by "builduser" with gcc 8.2.1 20181127

time: Mon Apr  8 21:54:28 2019
timezone: BST
elapsed time: 4 seconds (0d 0h 0m 4s)

