#
# A fatal error has been detected by the Java Runtime Environment:
#
#  SIGSEGV (0xb) at pc=0x0000000000000000, pid=29084, tid=0x00007f7eaee50700
#
# JRE version: OpenJDK Runtime Environment (8.0_212-b01) (build 1.8.0_212-b01)
# Java VM: OpenJDK 64-Bit Server VM (25.212-b01 mixed mode linux-amd64 compressed oops)
# Problematic frame:
# C  0x0000000000000000
#
# Core dump written. Default location: /home/joseph/Documents/Programming/Graphics/OpenGLProject/out/production/OpenGLProject/core or core.29084
#
# If you would like to submit a bug report, please visit:
#   http://bugreport.java.com/bugreport/crash.jsp
# The crash happened outside the Java Virtual Machine in native code.
# See problematic frame for where to report the bug.
#

---------------  T H R E A D  ---------------

Current thread (0x00007f7ea800b800):  JavaThread "main" [_thread_in_native, id=29085, stack(0x00007f7eaed51000,0x00007f7eaee51000)]

siginfo: si_signo: 11 (SIGSEGV), si_code: 1 (SEGV_MAPERR), si_addr: 0x0000000000000000

Registers:
RAX=0x0000000000000000, RBX=0x0000000000000001, RCX=0x00007f7eaee4e470, RDX=0x00007f7eaee4e464
RSP=0x00007f7eaee4e3a8, RBP=0x00007f7eaee4e430, RSI=0x00007f7eaee4e464, RDI=0x0000000000000001
R8 =0x00007f7ea94d67ef, R9 =0x00007f7ea94d67f0, R10=0x0000000000000000, R11=0x00007f7e90fc2dac
R12=0x0000000000000000, R13=0x00007f7e98167438, R14=0x00007f7eaee4e540, R15=0x00007f7ea800b800
RIP=0x0000000000000000, EFLAGS=0x0000000000010246, CSGSFS=0x002b000000000033, ERR=0x0000000000000014
  TRAPNO=0x000000000000000e

Top of Stack: (sp=0x00007f7eaee4e3a8)
0x00007f7eaee4e3a8:   00007f7e90fc2de9 0000000000000000
0x00007f7eaee4e3b8:   0000000100000000 00007f7eaee4e470
0x00007f7eaee4e3c8:   00007f7eaee4e464 0000000000000000
0x00007f7eaee4e3d8:   0000000000000000 0000000000000000
0x00007f7eaee4e3e8:   0000000000000000 0000000000000000
0x00007f7eaee4e3f8:   0000000000000000 00007f7eaee4e430
0x00007f7eaee4e408:   00007f7eaee4e463 00007f7ea94d67e0
0x00007f7eaee4e418:   03d86cc3bb1d2700 0000000000000001
0x00007f7eaee4e428:   0000000000000001 00007f7eaee4e4b0
0x00007f7eaee4e438:   00007f7e90fc45a7 00007f01aee4e4a0
0x00007f7eaee4e448:   00007f7eaee4e540 00007f7eaee4e528
0x00007f7eaee4e458:   00007f7ea800b9e0 00007f7e98167438
0x00007f7eaee4e468:   00007f7ea94d67e0 00007f7eaee4e480
0x00007f7eaee4e478:   000000000000000f 66656d6f73657761
0x00007f7eaee4e488:   00676e702e656361 00007f7e98167438
0x00007f7eaee4e498:   03d86cc3bb1d2700 00007f7eaee4e518
0x00007f7eaee4e4a8:   00007f7e98167438 00007f7eaee4e518
0x00007f7eaee4e4b8:   00007f7e99018407 00007f7eaee4e518
0x00007f7eaee4e4c8:   00007f7e99018167 00007f7e99018122
0x00007f7eaee4e4d8:   00007f7eaee4e4d8 00007f7e98167438
0x00007f7eaee4e4e8:   00007f7eaee4e540 00007f7e98167688
0x00007f7eaee4e4f8:   0000000000000000 00007f7e98167438
0x00007f7eaee4e508:   0000000000000000 00007f7eaee4e538
0x00007f7eaee4e518:   00007f7eaee4e590 00007f7e99007a40
0x00007f7eaee4e528:   00000000fab1c118 00007f7e99011a56
0x00007f7eaee4e538:   0000000000000001 00000000fab19128
0x00007f7eaee4e548:   00000000fab0ed20 00007f7eaee4e550
0x00007f7eaee4e558:   00007f7e98153e42 00007f7eaee4e5a8
0x00007f7eaee4e568:   00007f7e98154428 0000000000000000
0x00007f7eaee4e578:   00007f7e98153ed0 00007f7eaee4e538
0x00007f7eaee4e588:   00007f7eaee4e5a8 00007f7eaee4e5f0
0x00007f7eaee4e598:   00007f7e99007ffd 0000000000000000 

Instructions: (pc=0x0000000000000000)
0xffffffffffffffe0:   

Register to memory mapping:

RAX=0x0000000000000000 is an unknown value
RBX=0x0000000000000001 is an unknown value
RCX=0x00007f7eaee4e470 is pointing into the stack for thread: 0x00007f7ea800b800
RDX=0x00007f7eaee4e464 is pointing into the stack for thread: 0x00007f7ea800b800
RSP=0x00007f7eaee4e3a8 is pointing into the stack for thread: 0x00007f7ea800b800
RBP=0x00007f7eaee4e430 is pointing into the stack for thread: 0x00007f7ea800b800
RSI=0x00007f7eaee4e464 is pointing into the stack for thread: 0x00007f7ea800b800
RDI=0x0000000000000001 is an unknown value
R8 =0x00007f7ea94d67ef is an unknown value
R9 =0x00007f7ea94d67f0 is an unknown value
R10=0x0000000000000000 is an unknown value
R11=0x00007f7e90fc2dac: _ZN4core15generateTextureEPjNSt7__cxx1112basic_stringIcSt11char_traitsIcESaIcEEEb+0 in /home/joseph/Documents/Programming/Graphics/OpenGLProject/cmake-build-debug/libOpenGLProject.so at 0x00007f7e90f87000
R12=0x0000000000000000 is an unknown value
R13={method} {0x00007f7e98167438} 'generateTexture' '(Ljava/lang/String;Z)I' in 'jni/GLWrapper'
R14=0x00007f7eaee4e540 is pointing into the stack for thread: 0x00007f7ea800b800
R15=0x00007f7ea800b800 is a thread


Stack: [0x00007f7eaed51000,0x00007f7eaee51000],  sp=0x00007f7eaee4e3a8,  free space=1012k
Java frames: (J=compiled Java code, j=interpreted, Vv=VM code)
j  jni.GLWrapper.generateTexture(Ljava/lang/String;Z)I+0
j  Main$.delayedEndpoint$Main$1()V+50
j  Main$delayedInit$body.apply()Ljava/lang/Object;+4
j  scala.Function0.apply$mcV$sp()V+1
j  scala.Function0.apply$mcV$sp$(Lscala/Function0;)V+1
j  scala.runtime.AbstractFunction0.apply$mcV$sp()V+1
j  scala.App.$anonfun$main$1(Lscala/Function0;)V+1
j  scala.App.$anonfun$main$1$adapted(Lscala/Function0;)Ljava/lang/Object;+1
j  scala.App$$Lambda$128.apply(Ljava/lang/Object;)Ljava/lang/Object;+4
j  scala.collection.immutable.List.foreach(Lscala/Function1;)V+14
j  scala.collection.generic.TraversableForwarder.foreach(Lscala/Function1;)V+7
j  scala.collection.generic.TraversableForwarder.foreach$(Lscala/collection/generic/TraversableForwarder;Lscala/Function1;)V+2
j  scala.collection.mutable.ListBuffer.foreach(Lscala/Function1;)V+2
j  scala.App.main([Ljava/lang/String;)V+18
j  scala.App.main$(Lscala/App;[Ljava/lang/String;)V+2
j  Main$.main([Ljava/lang/String;)V+2
j  Main.main([Ljava/lang/String;)V+4
v  ~StubRoutines::call_stub
j  sun.reflect.NativeMethodAccessorImpl.invoke0(Ljava/lang/reflect/Method;Ljava/lang/Object;[Ljava/lang/Object;)Ljava/lang/Object;+0
j  sun.reflect.NativeMethodAccessorImpl.invoke(Ljava/lang/Object;[Ljava/lang/Object;)Ljava/lang/Object;+100
j  sun.reflect.DelegatingMethodAccessorImpl.invoke(Ljava/lang/Object;[Ljava/lang/Object;)Ljava/lang/Object;+6
j  java.lang.reflect.Method.invoke(Ljava/lang/Object;[Ljava/lang/Object;)Ljava/lang/Object;+56
j  scala.reflect.internal.util.ScalaClassLoader.$anonfun$run$2(Lscala/collection/Seq;Ljava/lang/reflect/Method;)Ljava/lang/Object;+27
j  scala.reflect.internal.util.ScalaClassLoader$$Lambda$127.apply()Ljava/lang/Object;+8
j  scala.reflect.internal.util.ScalaClassLoader.asContext(Lscala/Function0;)Ljava/lang/Object;+18
j  scala.reflect.internal.util.ScalaClassLoader.asContext$(Lscala/reflect/internal/util/ScalaClassLoader;Lscala/Function0;)Ljava/lang/Object;+2
j  scala.reflect.internal.util.ScalaClassLoader$URLClassLoader.asContext(Lscala/Function0;)Ljava/lang/Object;+2
j  scala.reflect.internal.util.ScalaClassLoader.run(Ljava/lang/String;Lscala/collection/Seq;)V+90
j  scala.reflect.internal.util.ScalaClassLoader.run$(Lscala/reflect/internal/util/ScalaClassLoader;Ljava/lang/String;Lscala/collection/Seq;)V+3
j  scala.reflect.internal.util.ScalaClassLoader$URLClassLoader.run(Ljava/lang/String;Lscala/collection/Seq;)V+3
j  scala.tools.nsc.CommonRunner.run(Lscala/collection/Seq;Ljava/lang/String;Lscala/collection/Seq;)V+15
j  scala.tools.nsc.CommonRunner.run$(Lscala/tools/nsc/CommonRunner;Lscala/collection/Seq;Ljava/lang/String;Lscala/collection/Seq;)V+4
j  scala.tools.nsc.ObjectRunner$.run(Lscala/collection/Seq;Ljava/lang/String;Lscala/collection/Seq;)V+4
j  scala.tools.nsc.CommonRunner.runAndCatch(Lscala/collection/Seq;Ljava/lang/String;Lscala/collection/Seq;)Lscala/util/Either;+4
j  scala.tools.nsc.CommonRunner.runAndCatch$(Lscala/tools/nsc/CommonRunner;Lscala/collection/Seq;Ljava/lang/String;Lscala/collection/Seq;)Lscala/util/Either;+4
j  scala.tools.nsc.ObjectRunner$.runAndCatch(Lscala/collection/Seq;Ljava/lang/String;Lscala/collection/Seq;)Lscala/util/Either;+4
j  scala.tools.nsc.MainGenericRunner.runTarget$1(Lscala/tools/nsc/GenericRunnerCommand;)Lscala/util/Either;+39
j  scala.tools.nsc.MainGenericRunner.run$1(Lscala/tools/nsc/GenericRunnerCommand;)Z+1
j  scala.tools.nsc.MainGenericRunner.process([Ljava/lang/String;)Z+128
j  scala.tools.nsc.MainGenericRunner$.main([Ljava/lang/String;)V+2
j  scala.tools.nsc.MainGenericRunner.main([Ljava/lang/String;)V+4
v  ~StubRoutines::call_stub

---------------  P R O C E S S  ---------------

Java Threads: ( => current thread )
  0x00007f7ea80c2000 JavaThread "Service Thread" daemon [_thread_blocked, id=29097, stack(0x00007f7e98613000,0x00007f7e98714000)]
  0x00007f7ea80be800 JavaThread "C1 CompilerThread2" daemon [_thread_blocked, id=29096, stack(0x00007f7e98715000,0x00007f7e98815000)]
  0x00007f7ea80bd000 JavaThread "C2 CompilerThread1" daemon [_thread_blocked, id=29095, stack(0x00007f7e98816000,0x00007f7e98916000)]
  0x00007f7ea80ba000 JavaThread "C2 CompilerThread0" daemon [_thread_blocked, id=29094, stack(0x00007f7e98917000,0x00007f7e98a17000)]
  0x00007f7ea80b8800 JavaThread "Signal Dispatcher" daemon [_thread_blocked, id=29093, stack(0x00007f7e98a17000,0x00007f7e98b18000)]
  0x00007f7ea8085800 JavaThread "Finalizer" daemon [_thread_blocked, id=29092, stack(0x00007f7e98dfe000,0x00007f7e98eff000)]
  0x00007f7ea8083000 JavaThread "Reference Handler" daemon [_thread_blocked, id=29091, stack(0x00007f7e98eff000,0x00007f7e99000000)]
=>0x00007f7ea800b800 JavaThread "main" [_thread_in_native, id=29085, stack(0x00007f7eaed51000,0x00007f7eaee51000)]

Other Threads:
  0x00007f7ea8079000 VMThread [stack: 0x00007f7eac022000,0x00007f7eac122000] [id=29090]
  0x00007f7ea80f6800 WatcherThread [stack: 0x00007f7e98469000,0x00007f7e98569000] [id=29098]

VM state:not at safepoint (normal execution)

VM Mutex/Monitor currently owned by a thread: None

heap address: 0x00000000f0000000, size: 256 MB, Compressed Oops mode: 32-bit
Narrow klass base: 0x0000000000000000, Narrow klass shift: 3
Compressed class space size: 1073741824 Address: 0x0000000100000000

Heap:
 PSYoungGen      total 9728K, used 1186K [0x00000000fab00000, 0x00000000fbe00000, 0x0000000100000000)
  eden space 8704K, 1% used [0x00000000fab00000,0x00000000fab2b390,0x00000000fb380000)
  from space 1024K, 98% used [0x00000000fb480000,0x00000000fb57d678,0x00000000fb580000)
  to   space 1024K, 0% used [0x00000000fb380000,0x00000000fb380000,0x00000000fb480000)
 ParOldGen       total 22016K, used 602K [0x00000000f0000000, 0x00000000f1580000, 0x00000000fab00000)
  object space 22016K, 2% used [0x00000000f0000000,0x00000000f0096b90,0x00000000f1580000)
 Metaspace       used 12701K, capacity 13350K, committed 13440K, reserved 1060864K
  class space    used 1578K, capacity 1660K, committed 1664K, reserved 1048576K

Card table byte_map: [0x00007f7eae89f000,0x00007f7eae920000] byte_map_base: 0x00007f7eae11f000

Marking Bits: (ParMarkBitMap*) 0x00007f7eafcabc80
 Begin Bits: [0x00007f7eadc45000, 0x00007f7eae045000)
 End Bits:   [0x00007f7eae045000, 0x00007f7eae445000)

Polling page: 0x00007f7eb00da000

CodeCache: size=245760Kb used=2473Kb max_used=2473Kb free=243286Kb
 bounds [0x00007f7e99000000, 0x00007f7e99270000, 0x00007f7ea8000000]
 total_blobs=1005 nmethods=693 adapters=227
 compilation: enabled

Compilation events (10 events):
Event: 1.081 Thread 0x00007f7ea80be800  689       3       java.lang.invoke.ConstantCallSite::getTarget (20 bytes)
Event: 1.082 Thread 0x00007f7ea80be800 nmethod 689 0x00007f7e9925ce10 code [0x00007f7e9925cf80, 0x00007f7e9925d188]
Event: 1.082 Thread 0x00007f7ea80be800  690       3       java.util.ArrayList::get (11 bytes)
Event: 1.082 Thread 0x00007f7ea80be800 nmethod 690 0x00007f7e99264450 code [0x00007f7e992645e0, 0x00007f7e99264938]
Event: 1.082 Thread 0x00007f7ea80be800  692  s!   3       sun.misc.URLClassPath::getLoader (243 bytes)
Event: 1.083 Thread 0x00007f7ea80be800 nmethod 692 0x00007f7e99264b50 code [0x00007f7e99264f80, 0x00007f7e99267b88]
Event: 1.083 Thread 0x00007f7ea80be800  691  s    3       sun.misc.URLClassPath::getNextLoader (88 bytes)
Event: 1.084 Thread 0x00007f7ea80be800 nmethod 691 0x00007f7e99269690 code [0x00007f7e99269880, 0x00007f7e9926a0e8]
Event: 1.084 Thread 0x00007f7ea80be800  693       1       java.nio.Buffer::position (5 bytes)
Event: 1.084 Thread 0x00007f7ea80be800 nmethod 693 0x00007f7e9926a550 code [0x00007f7e9926a6a0, 0x00007f7e9926a7b0]

GC Heap History (4 events):
Event: 0.987 GC heap before
{Heap before GC invocations=1 (full 0):
 PSYoungGen      total 9728K, used 8704K [0x00000000fab00000, 0x00000000fb580000, 0x0000000100000000)
  eden space 8704K, 100% used [0x00000000fab00000,0x00000000fb380000,0x00000000fb380000)
  from space 1024K, 0% used [0x00000000fb480000,0x00000000fb480000,0x00000000fb580000)
  to   space 1024K, 0% used [0x00000000fb380000,0x00000000fb380000,0x00000000fb480000)
 ParOldGen       total 22016K, used 0K [0x00000000f0000000, 0x00000000f1580000, 0x00000000fab00000)
  object space 22016K, 0% used [0x00000000f0000000,0x00000000f0000000,0x00000000f1580000)
 Metaspace       used 12042K, capacity 12434K, committed 12672K, reserved 1060864K
  class space    used 1489K, capacity 1548K, committed 1664K, reserved 1048576K
Event: 0.996 GC heap after
Heap after GC invocations=1 (full 0):
 PSYoungGen      total 9728K, used 993K [0x00000000fab00000, 0x00000000fb580000, 0x0000000100000000)
  eden space 8704K, 0% used [0x00000000fab00000,0x00000000fab00000,0x00000000fb380000)
  from space 1024K, 97% used [0x00000000fb380000,0x00000000fb478798,0x00000000fb480000)
  to   space 1024K, 0% used [0x00000000fb480000,0x00000000fb480000,0x00000000fb580000)
 ParOldGen       total 22016K, used 206K [0x00000000f0000000, 0x00000000f1580000, 0x00000000fab00000)
  object space 22016K, 0% used [0x00000000f0000000,0x00000000f0033928,0x00000000f1580000)
 Metaspace       used 12042K, capacity 12434K, committed 12672K, reserved 1060864K
  class space    used 1489K, capacity 1548K, committed 1664K, reserved 1048576K
}
Event: 1.067 GC heap before
{Heap before GC invocations=2 (full 0):
 PSYoungGen      total 9728K, used 9697K [0x00000000fab00000, 0x00000000fb580000, 0x0000000100000000)
  eden space 8704K, 100% used [0x00000000fab00000,0x00000000fb380000,0x00000000fb380000)
  from space 1024K, 97% used [0x00000000fb380000,0x00000000fb478798,0x00000000fb480000)
  to   space 1024K, 0% used [0x00000000fb480000,0x00000000fb480000,0x00000000fb580000)
 ParOldGen       total 22016K, used 206K [0x00000000f0000000, 0x00000000f1580000, 0x00000000fab00000)
  object space 22016K, 0% used [0x00000000f0000000,0x00000000f0033928,0x00000000f1580000)
 Metaspace       used 12602K, capacity 13194K, committed 13440K, reserved 1060864K
  class space    used 1568K, capacity 1654K, committed 1664K, reserved 1048576K
Event: 1.069 GC heap after
Heap after GC invocations=2 (full 0):
 PSYoungGen      total 9728K, used 1013K [0x00000000fab00000, 0x00000000fbe00000, 0x0000000100000000)
  eden space 8704K, 0% used [0x00000000fab00000,0x00000000fab00000,0x00000000fb380000)
  from space 1024K, 98% used [0x00000000fb480000,0x00000000fb57d678,0x00000000fb580000)
  to   space 1024K, 0% used [0x00000000fb380000,0x00000000fb380000,0x00000000fb480000)
 ParOldGen       total 22016K, used 602K [0x00000000f0000000, 0x00000000f1580000, 0x00000000fab00000)
  object space 22016K, 2% used [0x00000000f0000000,0x00000000f0096b90,0x00000000f1580000)
 Metaspace       used 12602K, capacity 13194K, committed 13440K, reserved 1060864K
  class space    used 1568K, capacity 1654K, committed 1664K, reserved 1048576K
}

Deoptimization events (2 events):
Event: 0.537 Thread 0x00007f7ea800b800 Uncommon trap: reason=unstable_if action=reinterpret pc=0x00007f7e9913fa3c method=java.lang.String.indexOf(II)I @ 17
Event: 0.547 Thread 0x00007f7ea800b800 Uncommon trap: reason=null_check action=make_not_entrant pc=0x00007f7e99172ee0 method=java.lang.String.equals(Ljava/lang/Object;)Z @ 8

Classes redefined (0 events):
No events

Internal exceptions (10 events):
Event: 1.038 Thread 0x00007f7ea800b800 Exception <a 'java/lang/NoSuchMethodError': java.lang.Object.$anonfun$envOrElse$1(Ljava/lang/String;)Ljava/lang/String;> (0x00000000fab87e30) thrown at [/build/java8-openjdk/src/jdk8u-jdk8u212-b01/hotspot/src/share/vm/interpreter/linkResolver.cpp, line 62
Event: 1.038 Thread 0x00007f7ea800b800 Exception <a 'java/lang/NoSuchMethodError': java.lang.Object.$anonfun$envOrElse$2(Ljava/lang/String;)Ljava/lang/String;> (0x00000000fab8c168) thrown at [/build/java8-openjdk/src/jdk8u-jdk8u212-b01/hotspot/src/share/vm/interpreter/linkResolver.cpp, line 62
Event: 1.039 Thread 0x00007f7ea800b800 Exception <a 'java/lang/NoSuchMethodError': java.lang.Object.$anonfun$flatten$1(Lscala/Function1;Lscala/collection/mutable/Builder;Ljava/lang/Object;)Lscala/collection/mutable/Builder;> (0x00000000fab94fe0) thrown at [/build/java8-openjdk/src/jdk8u-jdk8u2
Event: 1.042 Thread 0x00007f7ea800b800 Exception <a 'java/lang/NoSuchMethodError': java.lang.Object.$anonfun$flatMap$1(Lscala/Function1;Lscala/collection/mutable/Builder;Ljava/lang/Object;)Lscala/collection/mutable/Builder;> (0x00000000fab9ffd0) thrown at [/build/java8-openjdk/src/jdk8u-jdk8u2
Event: 1.049 Thread 0x00007f7ea800b800 Exception <a 'java/lang/NoSuchMethodError': java.lang.Object.$anonfun$tryClass$1(Lscala/reflect/internal/util/ScalaClassLoader;Ljava/lang/String;Z)Ljava/lang/Class;> (0x00000000fabc3dc8) thrown at [/build/java8-openjdk/src/jdk8u-jdk8u212-b01/hotspot/src/s
Event: 1.060 Thread 0x00007f7ea800b800 Exception <a 'java/lang/NoSuchMethodError': java.lang.Object.$anonfun$isInfo$1$adapted(Lscala/tools/nsc/settings/MutableSettings$Setting;)Ljava/lang/Object;> (0x00000000fafaa758) thrown at [/build/java8-openjdk/src/jdk8u-jdk8u212-b01/hotspot/src/share/vm/
Event: 1.060 Thread 0x00007f7ea800b800 Exception <a 'java/lang/NoSuchMethodError': java.lang.Object.$anonfun$isInfo$2$adapted(Lscala/tools/nsc/settings/MutableSettings$Setting;)Ljava/lang/Object;> (0x00000000fafae800) thrown at [/build/java8-openjdk/src/jdk8u-jdk8u212-b01/hotspot/src/share/vm/
Event: 1.066 Thread 0x00007f7ea800b800 Exception <a 'java/lang/NoSuchMethodError': java.lang.Object.$anonfun$run$1(Ljava/lang/String;)Lscala/runtime/Nothing$;> (0x00000000fb37b900) thrown at [/build/java8-openjdk/src/jdk8u-jdk8u212-b01/hotspot/src/share/vm/interpreter/linkResolver.cpp, line 62
Event: 1.078 Thread 0x00007f7ea800b800 Exception <a 'java/lang/NoSuchMethodError': java.lang.Object.$anonfun$run$2(Lscala/collection/Seq;Ljava/lang/reflect/Method;)Ljava/lang/Object;> (0x00000000fab05d48) thrown at [/build/java8-openjdk/src/jdk8u-jdk8u212-b01/hotspot/src/share/vm/interpreter/l
Event: 1.081 Thread 0x00007f7ea800b800 Exception <a 'java/lang/NoSuchMethodError': java.lang.Object.$anonfun$main$1$adapted(Lscala/Function0;)Ljava/lang/Object;> (0x00000000fab124b8) thrown at [/build/java8-openjdk/src/jdk8u-jdk8u212-b01/hotspot/src/share/vm/interpreter/linkResolver.cpp, line 

Events (10 events):
Event: 1.080 loading class scala/compat/Platform$
Event: 1.080 loading class scala/compat/Platform$ done
Event: 1.080 loading class Main$delayedInit$body
Event: 1.080 loading class Main$delayedInit$body done
Event: 1.080 loading class scala/runtime/AbstractFunction0
Event: 1.081 loading class scala/runtime/AbstractFunction0 done
Event: 1.082 loading class jni/Vector3
Event: 1.082 loading class jni/Vector3 done
Event: 1.082 loading class jni/GLWrapper
Event: 1.083 loading class jni/GLWrapper done


Dynamic libraries:
f0000000-f1580000 rw-p 00000000 00:00 0 
f1580000-fab00000 ---p 00000000 00:00 0 
fab00000-fbe00000 rw-p 00000000 00:00 0 
fbe00000-100000000 ---p 00000000 00:00 0 
100000000-1001a0000 rw-p 00000000 00:00 0 
1001a0000-140000000 ---p 00000000 00:00 0 
55e7af438000-55e7af439000 r--p 00000000 fe:00 4982129                    /usr/lib/jvm/java-8-openjdk/jre/bin/java
55e7af439000-55e7af43a000 r-xp 00001000 fe:00 4982129                    /usr/lib/jvm/java-8-openjdk/jre/bin/java
55e7af43a000-55e7af43b000 r--p 00002000 fe:00 4982129                    /usr/lib/jvm/java-8-openjdk/jre/bin/java
55e7af43b000-55e7af43c000 r--p 00002000 fe:00 4982129                    /usr/lib/jvm/java-8-openjdk/jre/bin/java
55e7af43c000-55e7af43d000 rw-p 00003000 fe:00 4982129                    /usr/lib/jvm/java-8-openjdk/jre/bin/java
55e7b0e35000-55e7b0e56000 rw-p 00000000 00:00 0                          [heap]
7f7e5c000000-7f7e5c021000 rw-p 00000000 00:00 0 
7f7e5c021000-7f7e60000000 ---p 00000000 00:00 0 
7f7e60000000-7f7e60021000 rw-p 00000000 00:00 0 
7f7e60021000-7f7e64000000 ---p 00000000 00:00 0 
7f7e64000000-7f7e64085000 rw-p 00000000 00:00 0 
7f7e64085000-7f7e68000000 ---p 00000000 00:00 0 
7f7e68000000-7f7e6806a000 rw-p 00000000 00:00 0 
7f7e6806a000-7f7e6c000000 ---p 00000000 00:00 0 
7f7e6c000000-7f7e6c021000 rw-p 00000000 00:00 0 
7f7e6c021000-7f7e70000000 ---p 00000000 00:00 0 
7f7e70000000-7f7e700ab000 rw-p 00000000 00:00 0 
7f7e700ab000-7f7e74000000 ---p 00000000 00:00 0 
7f7e74000000-7f7e74021000 rw-p 00000000 00:00 0 
7f7e74021000-7f7e78000000 ---p 00000000 00:00 0 
7f7e78000000-7f7e78021000 rw-p 00000000 00:00 0 
7f7e78021000-7f7e7c000000 ---p 00000000 00:00 0 
7f7e7c000000-7f7e7c021000 rw-p 00000000 00:00 0 
7f7e7c021000-7f7e80000000 ---p 00000000 00:00 0 
7f7e80000000-7f7e80021000 rw-p 00000000 00:00 0 
7f7e80021000-7f7e84000000 ---p 00000000 00:00 0 
7f7e84000000-7f7e84021000 rw-p 00000000 00:00 0 
7f7e84021000-7f7e88000000 ---p 00000000 00:00 0 
7f7e8c000000-7f7e8c021000 rw-p 00000000 00:00 0 
7f7e8c021000-7f7e90000000 ---p 00000000 00:00 0 
7f7e9060d000-7f7e90612000 r-xp 00000000 fe:00 4069026                    /usr/lib/libXfixes.so.3.1.0
7f7e90612000-7f7e90811000 ---p 00005000 fe:00 4069026                    /usr/lib/libXfixes.so.3.1.0
7f7e90811000-7f7e90812000 r--p 00004000 fe:00 4069026                    /usr/lib/libXfixes.so.3.1.0
7f7e90812000-7f7e90813000 rw-p 00005000 fe:00 4069026                    /usr/lib/libXfixes.so.3.1.0
7f7e90813000-7f7e90815000 r--p 00000000 fe:00 4078939                    /usr/lib/libXrender.so.1.3.0
7f7e90815000-7f7e9081c000 r-xp 00002000 fe:00 4078939                    /usr/lib/libXrender.so.1.3.0
7f7e9081c000-7f7e9081e000 r--p 00009000 fe:00 4078939                    /usr/lib/libXrender.so.1.3.0
7f7e9081e000-7f7e9081f000 r--p 0000a000 fe:00 4078939                    /usr/lib/libXrender.so.1.3.0
7f7e9081f000-7f7e90820000 rw-p 0000b000 fe:00 4078939                    /usr/lib/libXrender.so.1.3.0
7f7e90820000-7f7e90824000 r--p 00000000 fe:00 4073250                    /usr/lib/libXext.so.6.4.0
7f7e90824000-7f7e9082f000 r-xp 00004000 fe:00 4073250                    /usr/lib/libXext.so.6.4.0
7f7e9082f000-7f7e90833000 r--p 0000f000 fe:00 4073250                    /usr/lib/libXext.so.6.4.0
7f7e90833000-7f7e90834000 r--p 00012000 fe:00 4073250                    /usr/lib/libXext.so.6.4.0
7f7e90834000-7f7e90835000 rw-p 00013000 fe:00 4073250                    /usr/lib/libXext.so.6.4.0
7f7e90835000-7f7e90841000 r--p 00000000 fe:00 4073236                    /usr/lib/libxcb.so.1.1.0
7f7e90841000-7f7e90854000 r-xp 0000c000 fe:00 4073236                    /usr/lib/libxcb.so.1.1.0
7f7e90854000-7f7e9085d000 r--p 0001f000 fe:00 4073236                    /usr/lib/libxcb.so.1.1.0
7f7e9085d000-7f7e9085e000 r--p 00027000 fe:00 4073236                    /usr/lib/libxcb.so.1.1.0
7f7e9085e000-7f7e9085f000 rw-p 00028000 fe:00 4073236                    /usr/lib/libxcb.so.1.1.0
7f7e9085f000-7f7e908e8000 r--p 00000000 fe:00 4069301                    /usr/lib/libstdc++.so.6.0.25
7f7e908e8000-7f7e909a0000 r-xp 00089000 fe:00 4069301                    /usr/lib/libstdc++.so.6.0.25
7f7e909a0000-7f7e909dd000 r--p 00141000 fe:00 4069301                    /usr/lib/libstdc++.so.6.0.25
7f7e909dd000-7f7e909de000 ---p 0017e000 fe:00 4069301                    /usr/lib/libstdc++.so.6.0.25
7f7e909de000-7f7e909ea000 r--p 0017e000 fe:00 4069301                    /usr/lib/libstdc++.so.6.0.25
7f7e909ea000-7f7e909eb000 rw-p 0018a000 fe:00 4069301                    /usr/lib/libstdc++.so.6.0.25
7f7e909eb000-7f7e909ee000 rw-p 00000000 00:00 0 
7f7e909ee000-7f7e909f2000 r-xp 00000000 fe:00 4069027                    /usr/lib/libXxf86vm.so.1.0.0
7f7e909f2000-7f7e90bf2000 ---p 00004000 fe:00 4069027                    /usr/lib/libXxf86vm.so.1.0.0
7f7e90bf2000-7f7e90bf3000 r--p 00004000 fe:00 4069027                    /usr/lib/libXxf86vm.so.1.0.0
7f7e90bf3000-7f7e90bf4000 rw-p 00005000 fe:00 4069027                    /usr/lib/libXxf86vm.so.1.0.0
7f7e90bf4000-7f7e90bf6000 r-xp 00000000 fe:00 4077494                    /usr/lib/libXinerama.so.1.0.0
7f7e90bf6000-7f7e90df5000 ---p 00002000 fe:00 4077494                    /usr/lib/libXinerama.so.1.0.0
7f7e90df5000-7f7e90df6000 r--p 00001000 fe:00 4077494                    /usr/lib/libXinerama.so.1.0.0
7f7e90df6000-7f7e90df7000 rw-p 00002000 fe:00 4077494                    /usr/lib/libXinerama.so.1.0.0
7f7e90df7000-7f7e90e13000 r--p 00000000 fe:00 4079815                    /usr/lib/libX11.so.6.3.0
7f7e90e13000-7f7e90e9b000 r-xp 0001c000 fe:00 4079815                    /usr/lib/libX11.so.6.3.0
7f7e90e9b000-7f7e90f2f000 r--p 000a4000 fe:00 4079815                    /usr/lib/libX11.so.6.3.0
7f7e90f2f000-7f7e90f32000 r--p 00137000 fe:00 4079815                    /usr/lib/libX11.so.6.3.0
7f7e90f32000-7f7e90f36000 rw-p 0013a000 fe:00 4079815                    /usr/lib/libX11.so.6.3.0
7f7e90f87000-7f7e90fa6000 r--p 00000000 fe:00 414966                     /home/joseph/Documents/Programming/Graphics/OpenGLProject/cmake-build-debug/libOpenGLProject.so
7f7e90fa6000-7f7e90fe6000 r-xp 0001f000 fe:00 414966                     /home/joseph/Documents/Programming/Graphics/OpenGLProject/cmake-build-debug/libOpenGLProject.so
7f7e90fe6000-7f7e90ff8000 r--p 0005f000 fe:00 414966                     /home/joseph/Documents/Programming/Graphics/OpenGLProject/cmake-build-debug/libOpenGLProject.so
7f7e90ff8000-7f7e90ff9000 ---p 00071000 fe:00 414966                     /home/joseph/Documents/Programming/Graphics/OpenGLProject/cmake-build-debug/libOpenGLProject.so
7f7e90ff9000-7f7e90ffb000 r--p 00071000 fe:00 414966                     /home/joseph/Documents/Programming/Graphics/OpenGLProject/cmake-build-debug/libOpenGLProject.so
7f7e90ffb000-7f7e90ffd000 rw-p 00073000 fe:00 414966                     /home/joseph/Documents/Programming/Graphics/OpenGLProject/cmake-build-debug/libOpenGLProject.so
7f7e90ffd000-7f7e94000000 rw-p 00000000 00:00 0 
7f7e94000000-7f7e94021000 rw-p 00000000 00:00 0 
7f7e94021000-7f7e98000000 ---p 00000000 00:00 0 
7f7e98004000-7f7e98006000 r--p 00000000 fe:00 4073249                    /usr/lib/libXdmcp.so.6.0.0
7f7e98006000-7f7e98008000 r-xp 00002000 fe:00 4073249                    /usr/lib/libXdmcp.so.6.0.0
7f7e98008000-7f7e9800a000 r--p 00004000 fe:00 4073249                    /usr/lib/libXdmcp.so.6.0.0
7f7e9800a000-7f7e9800b000 r--p 00005000 fe:00 4073249                    /usr/lib/libXdmcp.so.6.0.0
7f7e9800b000-7f7e9800c000 rw-p 00006000 fe:00 4073249                    /usr/lib/libXdmcp.so.6.0.0
7f7e9800c000-7f7e9818c000 rw-p 00000000 00:00 0 
7f7e9818c000-7f7e9820c000 ---p 00000000 00:00 0 
7f7e9820c000-7f7e9840c000 rw-p 00000000 00:00 0 
7f7e98413000-7f7e98416000 r--p 00000000 fe:00 4067439                    /usr/lib/libgcc_s.so.1
7f7e98416000-7f7e98427000 r-xp 00003000 fe:00 4067439                    /usr/lib/libgcc_s.so.1
7f7e98427000-7f7e9842a000 r--p 00014000 fe:00 4067439                    /usr/lib/libgcc_s.so.1
7f7e9842a000-7f7e9842b000 ---p 00017000 fe:00 4067439                    /usr/lib/libgcc_s.so.1
7f7e9842b000-7f7e9842c000 r--p 00017000 fe:00 4067439                    /usr/lib/libgcc_s.so.1
7f7e9842c000-7f7e9842d000 rw-p 00018000 fe:00 4067439                    /usr/lib/libgcc_s.so.1
7f7e9842d000-7f7e98430000 r--p 00000000 fe:00 4078917                    /usr/lib/libXcursor.so.1.0.2
7f7e98430000-7f7e98435000 r-xp 00003000 fe:00 4078917                    /usr/lib/libXcursor.so.1.0.2
7f7e98435000-7f7e98437000 r--p 00008000 fe:00 4078917                    /usr/lib/libXcursor.so.1.0.2
7f7e98437000-7f7e98438000 r--p 00009000 fe:00 4078917                    /usr/lib/libXcursor.so.1.0.2
7f7e98438000-7f7e98439000 rw-p 0000a000 fe:00 4078917                    /usr/lib/libXcursor.so.1.0.2
7f7e98439000-7f7e9843e000 r--p 00000000 fe:00 4983049                    /usr/lib/jvm/java-8-openjdk/jre/lib/amd64/libnet.so
7f7e9843e000-7f7e9844d000 r-xp 00005000 fe:00 4983049                    /usr/lib/jvm/java-8-openjdk/jre/lib/amd64/libnet.so
7f7e9844d000-7f7e98451000 r--p 00014000 fe:00 4983049                    /usr/lib/jvm/java-8-openjdk/jre/lib/amd64/libnet.so
7f7e98451000-7f7e98452000 r--p 00017000 fe:00 4983049                    /usr/lib/jvm/java-8-openjdk/jre/lib/amd64/libnet.so
7f7e98452000-7f7e98453000 rw-p 00018000 fe:00 4983049                    /usr/lib/jvm/java-8-openjdk/jre/lib/amd64/libnet.so
7f7e98453000-7f7e9845a000 r--p 00000000 fe:00 4983050                    /usr/lib/jvm/java-8-openjdk/jre/lib/amd64/libnio.so
7f7e9845a000-7f7e98462000 r-xp 00007000 fe:00 4983050                    /usr/lib/jvm/java-8-openjdk/jre/lib/amd64/libnio.so
7f7e98462000-7f7e98465000 r--p 0000f000 fe:00 4983050                    /usr/lib/jvm/java-8-openjdk/jre/lib/amd64/libnio.so
7f7e98465000-7f7e98466000 ---p 00012000 fe:00 4983050                    /usr/lib/jvm/java-8-openjdk/jre/lib/amd64/libnio.so
7f7e98466000-7f7e98467000 r--p 00012000 fe:00 4983050                    /usr/lib/jvm/java-8-openjdk/jre/lib/amd64/libnio.so
7f7e98467000-7f7e98468000 rw-p 00013000 fe:00 4983050                    /usr/lib/jvm/java-8-openjdk/jre/lib/amd64/libnio.so
7f7e98468000-7f7e98469000 ---p 00000000 00:00 0 
7f7e98469000-7f7e98569000 rw-p 00000000 00:00 0 
7f7e98569000-7f7e9858c000 r--s 00347000 fe:00 4071644                    /usr/share/scala/lib/scala-reflect.jar
7f7e9858c000-7f7e985c4000 r--s 004bf000 fe:00 4069441                    /usr/share/scala/lib/scala-library.jar
7f7e985c4000-7f7e98613000 r--s 00967000 fe:00 4069435                    /usr/share/scala/lib/scala-compiler.jar
7f7e98613000-7f7e98616000 ---p 00000000 00:00 0 
7f7e98616000-7f7e98714000 rw-p 00000000 00:00 0 
7f7e98714000-7f7e98715000 ---p 00000000 00:00 0 
7f7e98715000-7f7e98718000 ---p 00000000 00:00 0 
7f7e98718000-7f7e98815000 rw-p 00000000 00:00 0 
7f7e98815000-7f7e98816000 ---p 00000000 00:00 0 
7f7e98816000-7f7e98819000 ---p 00000000 00:00 0 
7f7e98819000-7f7e98916000 rw-p 00000000 00:00 0 
7f7e98916000-7f7e98917000 ---p 00000000 00:00 0 
7f7e98917000-7f7e9891a000 ---p 00000000 00:00 0 
7f7e9891a000-7f7e98a17000 rw-p 00000000 00:00 0 
7f7e98a17000-7f7e98a1a000 ---p 00000000 00:00 0 
7f7e98a1a000-7f7e98b18000 rw-p 00000000 00:00 0 
7f7e98b18000-7f7e98dfe000 r--p 00000000 fe:00 4078801                    /usr/lib/locale/locale-archive
7f7e98dfe000-7f7e98e01000 ---p 00000000 00:00 0 
7f7e98e01000-7f7e98eff000 rw-p 00000000 00:00 0 
7f7e98eff000-7f7e98f02000 ---p 00000000 00:00 0 
7f7e98f02000-7f7e99000000 rw-p 00000000 00:00 0 
7f7e99000000-7f7e99270000 rwxp 00000000 00:00 0 
7f7e99270000-7f7ea8000000 ---p 00000000 00:00 0 
7f7ea8000000-7f7ea94ff000 rw-p 00000000 00:00 0 
7f7ea94ff000-7f7eac000000 ---p 00000000 00:00 0 
7f7eac000000-7f7eac001000 r--p 00000000 fe:00 4073222                    /usr/lib/libXau.so.6.0.0
7f7eac001000-7f7eac002000 r-xp 00001000 fe:00 4073222                    /usr/lib/libXau.so.6.0.0
7f7eac002000-7f7eac003000 r--p 00002000 fe:00 4073222                    /usr/lib/libXau.so.6.0.0
7f7eac003000-7f7eac004000 r--p 00002000 fe:00 4073222                    /usr/lib/libXau.so.6.0.0
7f7eac004000-7f7eac005000 rw-p 00003000 fe:00 4073222                    /usr/lib/libXau.so.6.0.0
7f7eac005000-7f7eac007000 r--p 00000000 fe:00 4078938                    /usr/lib/libXrandr.so.2.2.0
7f7eac007000-7f7eac00e000 r-xp 00002000 fe:00 4078938                    /usr/lib/libXrandr.so.2.2.0
7f7eac00e000-7f7eac010000 r--p 00009000 fe:00 4078938                    /usr/lib/libXrandr.so.2.2.0
7f7eac010000-7f7eac011000 r--p 0000a000 fe:00 4078938                    /usr/lib/libXrandr.so.2.2.0
7f7eac011000-7f7eac012000 rw-p 0000b000 fe:00 4078938                    /usr/lib/libXrandr.so.2.2.0
7f7eac012000-7f7eac018000 r--s 00080000 fe:00 4072599                    /usr/share/scala/lib/scala-xml_2.12-1.0.6.jar
7f7eac018000-7f7eac021000 r--s 000ab000 fe:00 4072582                    /usr/share/scala/lib/scala-swing_2.12-2.0.3.jar
7f7eac021000-7f7eac022000 ---p 00000000 00:00 0 
7f7eac022000-7f7ead124000 rw-p 00000000 00:00 0 
7f7ead124000-7f7ead2f4000 r--s 03c3a000 fe:00 4983165                    /usr/lib/jvm/java-8-openjdk/jre/lib/rt.jar
7f7ead2f4000-7f7eae445000 rw-p 00000000 00:00 0 
7f7eae445000-7f7eae446000 ---p 00000000 00:00 0 
7f7eae446000-7f7eae546000 rw-p 00000000 00:00 0 
7f7eae546000-7f7eae547000 ---p 00000000 00:00 0 
7f7eae547000-7f7eae647000 rw-p 00000000 00:00 0 
7f7eae647000-7f7eae648000 ---p 00000000 00:00 0 
7f7eae648000-7f7eae748000 rw-p 00000000 00:00 0 
7f7eae748000-7f7eae749000 ---p 00000000 00:00 0 
7f7eae749000-7f7eae854000 rw-p 00000000 00:00 0 
7f7eae854000-7f7eae89f000 ---p 00000000 00:00 0 
7f7eae89f000-7f7eae8aa000 rw-p 00000000 00:00 0 
7f7eae8aa000-7f7eae8f4000 ---p 00000000 00:00 0 
7f7eae8f4000-7f7eae8fe000 rw-p 00000000 00:00 0 
7f7eae8fe000-7f7eae91f000 ---p 00000000 00:00 0 
7f7eae91f000-7f7eae92a000 rw-p 00000000 00:00 0 
7f7eae92a000-7f7eaece0000 ---p 00000000 00:00 0 
7f7eaece0000-7f7eaece3000 r--p 00000000 fe:00 4071892                    /usr/lib/libnss_files-2.28.so
7f7eaece3000-7f7eaecea000 r-xp 00003000 fe:00 4071892                    /usr/lib/libnss_files-2.28.so
7f7eaecea000-7f7eaeced000 r--p 0000a000 fe:00 4071892                    /usr/lib/libnss_files-2.28.so
7f7eaeced000-7f7eaecee000 r--p 0000c000 fe:00 4071892                    /usr/lib/libnss_files-2.28.so
7f7eaecee000-7f7eaecef000 rw-p 0000d000 fe:00 4071892                    /usr/lib/libnss_files-2.28.so
7f7eaecef000-7f7eaecf5000 rw-p 00000000 00:00 0 
7f7eaecf7000-7f7eaecf9000 r--s 00006000 fe:00 4072524                    /usr/share/scala/lib/scala-repl-jline.jar
7f7eaecf9000-7f7eaecfe000 r--s 00041000 fe:00 4071912                    /usr/share/scala/lib/scala-repl-jline-embedded.jar
7f7eaecfe000-7f7eaed04000 r--s 00077000 fe:00 4072603                    /usr/share/scala/lib/scalap.jar
7f7eaed04000-7f7eaed0f000 r--s 001d6000 fe:00 4069275                    /usr/share/scala/lib/scala-compiler-doc.jar
7f7eaed0f000-7f7eaed13000 r--s 0003e000 fe:00 4069189                    /usr/share/scala/lib/jline.jar
7f7eaed13000-7f7eaed3b000 rw-p 00000000 00:00 0 
7f7eaed3b000-7f7eaed3e000 r--p 00000000 fe:00 4983099                    /usr/lib/jvm/java-8-openjdk/jre/lib/amd64/libzip.so
7f7eaed3e000-7f7eaed42000 r-xp 00003000 fe:00 4983099                    /usr/lib/jvm/java-8-openjdk/jre/lib/amd64/libzip.so
7f7eaed42000-7f7eaed44000 r--p 00007000 fe:00 4983099                    /usr/lib/jvm/java-8-openjdk/jre/lib/amd64/libzip.so
7f7eaed44000-7f7eaed45000 r--p 00008000 fe:00 4983099                    /usr/lib/jvm/java-8-openjdk/jre/lib/amd64/libzip.so
7f7eaed45000-7f7eaed46000 rw-p 00009000 fe:00 4983099                    /usr/lib/jvm/java-8-openjdk/jre/lib/amd64/libzip.so
7f7eaed46000-7f7eaed48000 r--p 00000000 fe:00 4078347                    /usr/lib/librt-2.28.so
7f7eaed48000-7f7eaed4c000 r-xp 00002000 fe:00 4078347                    /usr/lib/librt-2.28.so
7f7eaed4c000-7f7eaed4e000 r--p 00006000 fe:00 4078347                    /usr/lib/librt-2.28.so
7f7eaed4e000-7f7eaed4f000 r--p 00007000 fe:00 4078347                    /usr/lib/librt-2.28.so
7f7eaed4f000-7f7eaed50000 rw-p 00008000 fe:00 4078347                    /usr/lib/librt-2.28.so
7f7eaed50000-7f7eaed51000 ---p 00000000 00:00 0 
7f7eaed51000-7f7eaed54000 ---p 00000000 00:00 0 
7f7eaed54000-7f7eaee51000 rw-p 00000000 00:00 0 
7f7eaee51000-7f7eaee5e000 r--p 00000000 fe:00 4071870                    /usr/lib/libm-2.28.so
7f7eaee5e000-7f7eaeeff000 r-xp 0000d000 fe:00 4071870                    /usr/lib/libm-2.28.so
7f7eaeeff000-7f7eaefd4000 r--p 000ae000 fe:00 4071870                    /usr/lib/libm-2.28.so
7f7eaefd4000-7f7eaefd5000 r--p 00182000 fe:00 4071870                    /usr/lib/libm-2.28.so
7f7eaefd5000-7f7eaefd6000 rw-p 00183000 fe:00 4071870                    /usr/lib/libm-2.28.so
7f7eaefd6000-7f7eaf1c7000 r--p 00000000 fe:00 4983102                    /usr/lib/jvm/java-8-openjdk/jre/lib/amd64/server/libjvm.so
7f7eaf1c7000-7f7eafa3a000 r-xp 001f1000 fe:00 4983102                    /usr/lib/jvm/java-8-openjdk/jre/lib/amd64/server/libjvm.so
7f7eafa3a000-7f7eafbda000 r--p 00a64000 fe:00 4983102                    /usr/lib/jvm/java-8-openjdk/jre/lib/amd64/server/libjvm.so
7f7eafbda000-7f7eafbdb000 ---p 00c04000 fe:00 4983102                    /usr/lib/jvm/java-8-openjdk/jre/lib/amd64/server/libjvm.so
7f7eafbdb000-7f7eafc70000 r--p 00c04000 fe:00 4983102                    /usr/lib/jvm/java-8-openjdk/jre/lib/amd64/server/libjvm.so
7f7eafc70000-7f7eafc98000 rw-p 00c99000 fe:00 4983102                    /usr/lib/jvm/java-8-openjdk/jre/lib/amd64/server/libjvm.so
7f7eafc98000-7f7eafcca000 rw-p 00000000 00:00 0 
7f7eafcca000-7f7eafcd0000 r--p 00000000 fe:00 4071899                    /usr/lib/libpthread-2.28.so
7f7eafcd0000-7f7eafcdf000 r-xp 00006000 fe:00 4071899                    /usr/lib/libpthread-2.28.so
7f7eafcdf000-7f7eafce5000 r--p 00015000 fe:00 4071899                    /usr/lib/libpthread-2.28.so
7f7eafce5000-7f7eafce6000 r--p 0001a000 fe:00 4071899                    /usr/lib/libpthread-2.28.so
7f7eafce6000-7f7eafce7000 rw-p 0001b000 fe:00 4071899                    /usr/lib/libpthread-2.28.so
7f7eafce7000-7f7eafceb000 rw-p 00000000 00:00 0 
7f7eafceb000-7f7eafcec000 r--p 00000000 fe:00 4071864                    /usr/lib/libdl-2.28.so
7f7eafcec000-7f7eafced000 r-xp 00001000 fe:00 4071864                    /usr/lib/libdl-2.28.so
7f7eafced000-7f7eafcee000 r--p 00002000 fe:00 4071864                    /usr/lib/libdl-2.28.so
7f7eafcee000-7f7eafcef000 r--p 00002000 fe:00 4071864                    /usr/lib/libdl-2.28.so
7f7eafcef000-7f7eafcf0000 rw-p 00003000 fe:00 4071864                    /usr/lib/libdl-2.28.so
7f7eafcf0000-7f7eafd06000 r-xp 00000000 fe:00 4069349                    /usr/lib/libz.so.1.2.11
7f7eafd06000-7f7eaff05000 ---p 00016000 fe:00 4069349                    /usr/lib/libz.so.1.2.11
7f7eaff05000-7f7eaff06000 r--p 00015000 fe:00 4069349                    /usr/lib/libz.so.1.2.11
7f7eaff06000-7f7eaff07000 rw-p 00016000 fe:00 4069349                    /usr/lib/libz.so.1.2.11
7f7eaff07000-7f7eaff29000 r--p 00000000 fe:00 4071855                    /usr/lib/libc-2.28.so
7f7eaff29000-7f7eb0074000 r-xp 00022000 fe:00 4071855                    /usr/lib/libc-2.28.so
7f7eb0074000-7f7eb00c0000 r--p 0016d000 fe:00 4071855                    /usr/lib/libc-2.28.so
7f7eb00c0000-7f7eb00c1000 ---p 001b9000 fe:00 4071855                    /usr/lib/libc-2.28.so
7f7eb00c1000-7f7eb00c5000 r--p 001b9000 fe:00 4071855                    /usr/lib/libc-2.28.so
7f7eb00c5000-7f7eb00c7000 rw-p 001bd000 fe:00 4071855                    /usr/lib/libc-2.28.so
7f7eb00c7000-7f7eb00cb000 rw-p 00000000 00:00 0 
7f7eb00cc000-7f7eb00d1000 rw-p 00000000 00:00 0 
7f7eb00d1000-7f7eb00d9000 rw-s 00000000 00:2c 45                         /tmp/hsperfdata_joseph/29084
7f7eb00d9000-7f7eb00da000 rw-p 00000000 00:00 0 
7f7eb00da000-7f7eb00db000 r--p 00000000 00:00 0 
7f7eb00db000-7f7eb00e8000 r--p 00000000 fe:00 4983038                    /usr/lib/jvm/java-8-openjdk/jre/lib/amd64/libjava.so
7f7eb00e8000-7f7eb0100000 r-xp 0000d000 fe:00 4983038                    /usr/lib/jvm/java-8-openjdk/jre/lib/amd64/libjava.so
7f7eb0100000-7f7eb0107000 r--p 00025000 fe:00 4983038                    /usr/lib/jvm/java-8-openjdk/jre/lib/amd64/libjava.so
7f7eb0107000-7f7eb0108000 ---p 0002c000 fe:00 4983038                    /usr/lib/jvm/java-8-openjdk/jre/lib/amd64/libjava.so
7f7eb0108000-7f7eb0109000 r--p 0002c000 fe:00 4983038                    /usr/lib/jvm/java-8-openjdk/jre/lib/amd64/libjava.so
7f7eb0109000-7f7eb010a000 rw-p 0002d000 fe:00 4983038                    /usr/lib/jvm/java-8-openjdk/jre/lib/amd64/libjava.so
7f7eb010a000-7f7eb010b000 rw-p 00000000 00:00 0 
7f7eb010b000-7f7eb0110000 r--p 00000000 fe:00 4983098                    /usr/lib/jvm/java-8-openjdk/jre/lib/amd64/libverify.so
7f7eb0110000-7f7eb0117000 r-xp 00005000 fe:00 4983098                    /usr/lib/jvm/java-8-openjdk/jre/lib/amd64/libverify.so
7f7eb0117000-7f7eb0119000 r--p 0000c000 fe:00 4983098                    /usr/lib/jvm/java-8-openjdk/jre/lib/amd64/libverify.so
7f7eb0119000-7f7eb011b000 r--p 0000d000 fe:00 4983098                    /usr/lib/jvm/java-8-openjdk/jre/lib/amd64/libverify.so
7f7eb011b000-7f7eb011c000 rw-p 0000f000 fe:00 4983098                    /usr/lib/jvm/java-8-openjdk/jre/lib/amd64/libverify.so
7f7eb011c000-7f7eb011e000 r--p 00000000 fe:00 4982149                    /usr/lib/jvm/java-8-openjdk/jre/lib/amd64/jli/libjli.so
7f7eb011e000-7f7eb0127000 r-xp 00002000 fe:00 4982149                    /usr/lib/jvm/java-8-openjdk/jre/lib/amd64/jli/libjli.so
7f7eb0127000-7f7eb012a000 r--p 0000b000 fe:00 4982149                    /usr/lib/jvm/java-8-openjdk/jre/lib/amd64/jli/libjli.so
7f7eb012a000-7f7eb012b000 r--p 0000d000 fe:00 4982149                    /usr/lib/jvm/java-8-openjdk/jre/lib/amd64/jli/libjli.so
7f7eb012b000-7f7eb012c000 rw-p 0000e000 fe:00 4982149                    /usr/lib/jvm/java-8-openjdk/jre/lib/amd64/jli/libjli.so
7f7eb012c000-7f7eb012e000 rw-p 00000000 00:00 0 
7f7eb012e000-7f7eb0130000 r--p 00000000 fe:00 4071843                    /usr/lib/ld-2.28.so
7f7eb0130000-7f7eb014f000 r-xp 00002000 fe:00 4071843                    /usr/lib/ld-2.28.so
7f7eb014f000-7f7eb0157000 r--p 00021000 fe:00 4071843                    /usr/lib/ld-2.28.so
7f7eb0157000-7f7eb0158000 r--p 00028000 fe:00 4071843                    /usr/lib/ld-2.28.so
7f7eb0158000-7f7eb0159000 rw-p 00029000 fe:00 4071843                    /usr/lib/ld-2.28.so
7f7eb0159000-7f7eb015a000 rw-p 00000000 00:00 0 
7ffdc054d000-7ffdc056e000 rw-p 00000000 00:00 0                          [stack]
7ffdc0583000-7ffdc0586000 r--p 00000000 00:00 0                          [vvar]
7ffdc0586000-7ffdc0588000 r-xp 00000000 00:00 0                          [vdso]
ffffffffff600000-ffffffffff601000 r-xp 00000000 00:00 0                  [vsyscall]

VM Arguments:
jvm_args: -Xmx256M -Xms32M -Xbootclasspath/a:/usr/share/scala/lib/jline.jar:/usr/share/scala/lib/scala-compiler-doc.jar:/usr/share/scala/lib/scala-compiler.jar:/usr/share/scala/lib/scala-library.jar:/usr/share/scala/lib/scalap.jar:/usr/share/scala/lib/scala-reflect.jar:/usr/share/scala/lib/scala-repl-jline-embedded.jar:/usr/share/scala/lib/scala-repl-jline.jar:/usr/share/scala/lib/scala-swing_2.12-2.0.3.jar:/usr/share/scala/lib/scala-xml_2.12-1.0.6.jar -Dscala.boot.class.path=/usr/share/scala/lib/jline.jar:/usr/share/scala/lib/scala-compiler-doc.jar:/usr/share/scala/lib/scala-compiler.jar:/usr/share/scala/lib/scala-library.jar:/usr/share/scala/lib/scalap.jar:/usr/share/scala/lib/scala-reflect.jar:/usr/share/scala/lib/scala-repl-jline-embedded.jar:/usr/share/scala/lib/scala-repl-jline.jar:/usr/share/scala/lib/scala-swing_2.12-2.0.3.jar:/usr/share/scala/lib/scala-xml_2.12-1.0.6.jar -Dscala.home=/usr/share/scala -Dscala.usejavacp=true 
java_command: scala.tools.nsc.MainGenericRunner Main
java_class_path (initial): ""
Launcher Type: SUN_STANDARD

Environment Variables:
PATH=/opt/java/jdk-11.0.2/bin:/usr/local/sbin:/usr/local/bin:/usr/bin:/opt/android-sdk/platform-tools:/opt/android-sdk/tools:/opt/android-sdk/tools/bin:/var/lib/flatpak/exports/bin:/usr/lib/jvm/default/bin:/usr/bin/site_perl:/usr/bin/vendor_perl:/usr/bin/core_perl
SHELL=/usr/bin/fish
DISPLAY=:0

Signal Handlers:
SIGSEGV: [libjvm.so+0xa32bd0], sa_mask[0]=11111111011111111101111111111110, sa_flags=SA_RESTART|SA_SIGINFO
SIGBUS: [libjvm.so+0xa32bd0], sa_mask[0]=11111111011111111101111111111110, sa_flags=SA_RESTART|SA_SIGINFO
SIGFPE: [libjvm.so+0x88ebd0], sa_mask[0]=11111111011111111101111111111110, sa_flags=SA_RESTART|SA_SIGINFO
SIGPIPE: [libjvm.so+0x88ebd0], sa_mask[0]=11111111011111111101111111111110, sa_flags=SA_RESTART|SA_SIGINFO
SIGXFSZ: [libjvm.so+0x88ebd0], sa_mask[0]=11111111011111111101111111111110, sa_flags=SA_RESTART|SA_SIGINFO
SIGILL: [libjvm.so+0x88ebd0], sa_mask[0]=11111111011111111101111111111110, sa_flags=SA_RESTART|SA_SIGINFO
SIGUSR1: SIG_DFL, sa_mask[0]=00000000000000000000000000000000, sa_flags=none
SIGUSR2: [libjvm.so+0x88ea60], sa_mask[0]=00100000000000000000000000000000, sa_flags=SA_RESTART|SA_SIGINFO
SIGHUP: [libjvm.so+0x88ee70], sa_mask[0]=11111111011111111101111111111110, sa_flags=SA_RESTART|SA_SIGINFO
SIGINT: [libjvm.so+0x88ee70], sa_mask[0]=11111111011111111101111111111110, sa_flags=SA_RESTART|SA_SIGINFO
SIGTERM: [libjvm.so+0x88ee70], sa_mask[0]=11111111011111111101111111111110, sa_flags=SA_RESTART|SA_SIGINFO
SIGQUIT: [libjvm.so+0x88ee70], sa_mask[0]=11111111011111111101111111111110, sa_flags=SA_RESTART|SA_SIGINFO


---------------  S Y S T E M  ---------------

OS:DISTRIB_ID=ManjaroLinux
DISTRIB_RELEASE=18.0.4
DISTRIB_CODENAME=Illyria
DISTRIB_DESCRIPTION="Manjaro Linux"

uname:Linux 4.14.109-1-MANJARO #1 SMP PREEMPT Wed Mar 27 18:51:38 UTC 2019 x86_64
libc:glibc 2.28 NPTL 2.28 
rlimit: STACK 8192k, CORE infinity, NPROC 30719, NOFILE 1048576, AS infinity
load average:2.10 1.58 1.28

/proc/meminfo:
MemTotal:        8109572 kB
MemFree:          132820 kB
MemAvailable:     192116 kB
Buffers:           10180 kB
Cached:           457612 kB
SwapCached:       202572 kB
Active:          6272652 kB
Inactive:        1145648 kB
Active(anon):    6194796 kB
Inactive(anon):   977912 kB
Active(file):      77856 kB
Inactive(file):   167736 kB
Unevictable:          48 kB
Mlocked:              48 kB
SwapTotal:       8290300 kB
SwapFree:        6340604 kB
Dirty:             12652 kB
Writeback:           100 kB
AnonPages:       6936852 kB
Mapped:           502220 kB
Shmem:            222148 kB
Slab:             172720 kB
SReclaimable:      65804 kB
SUnreclaim:       106916 kB
KernelStack:       16624 kB
PageTables:        54880 kB
NFS_Unstable:          0 kB
Bounce:                0 kB
WritebackTmp:          0 kB
CommitLimit:    12345084 kB
Committed_AS:   14365072 kB
VmallocTotal:   34359738367 kB
VmallocUsed:           0 kB
VmallocChunk:          0 kB
HardwareCorrupted:     0 kB
AnonHugePages:   2498560 kB
ShmemHugePages:        0 kB
ShmemPmdMapped:        0 kB
HugePages_Total:       0
HugePages_Free:        0
HugePages_Rsvd:        0
HugePages_Surp:        0
Hugepagesize:       2048 kB
DirectMap4k:      648100 kB
DirectMap2M:     7677952 kB
DirectMap1G:     1048576 kB

container (cgroup) information:
container_type: cgroupv1
cpu_cpuset_cpus: 0-3
cpu_memory_nodes: 0
active_processor_count: 4
cpu_quota: -1
cpu_period: 100000
cpu_shares: -1
memory_limit_in_bytes: -1
memory_and_swap_limit_in_bytes: -1
memory_soft_limit_in_bytes: -1
memory_usage_in_bytes: 7526977536
memory_max_usage_in_bytes: 7636320256


CPU:total 4 (initial active 4) (2 cores per cpu, 2 threads per core) family 6 model 60 stepping 3, cmov, cx8, fxsr, mmx, sse, sse2, sse3, ssse3, sse4.1, sse4.2, popcnt, avx, avx2, aes, clmul, erms, lzcnt, ht, tsc, tscinvbit, bmi1, bmi2

/proc/cpuinfo:
processor	: 0
vendor_id	: GenuineIntel
cpu family	: 6
model		: 60
model name	: Intel(R) Core(TM) i3-4130 CPU @ 3.40GHz
stepping	: 3
microcode	: 0x25
cpu MHz		: 3160.059
cache size	: 3072 KB
physical id	: 0
siblings	: 4
core id		: 0
cpu cores	: 2
apicid		: 0
initial apicid	: 0
fpu		: yes
fpu_exception	: yes
cpuid level	: 13
wp		: yes
flags		: fpu vme de pse tsc msr pae mce cx8 apic sep mtrr pge mca cmov pat pse36 clflush dts acpi mmx fxsr sse sse2 ss ht tm pbe syscall nx pdpe1gb rdtscp lm constant_tsc arch_perfmon pebs bts rep_good nopl xtopology nonstop_tsc cpuid aperfmperf pni pclmulqdq dtes64 monitor ds_cpl vmx est tm2 ssse3 sdbg fma cx16 xtpr pdcm pcid sse4_1 sse4_2 movbe popcnt tsc_deadline_timer aes xsave avx f16c rdrand lahf_lm abm cpuid_fault epb invpcid_single pti ssbd ibrs ibpb stibp tpr_shadow vnmi flexpriority ept vpid fsgsbase tsc_adjust bmi1 avx2 smep bmi2 erms invpcid xsaveopt dtherm arat pln pts flush_l1d
bugs		: cpu_meltdown spectre_v1 spectre_v2 spec_store_bypass l1tf
bogomips	: 6787.40
clflush size	: 64
cache_alignment	: 64
address sizes	: 39 bits physical, 48 bits virtual
power management:

processor	: 1
vendor_id	: GenuineIntel
cpu family	: 6
model		: 60
model name	: Intel(R) Core(TM) i3-4130 CPU @ 3.40GHz
stepping	: 3
microcode	: 0x25
cpu MHz		: 3167.290
cache size	: 3072 KB
physical id	: 0
siblings	: 4
core id		: 1
cpu cores	: 2
apicid		: 2
initial apicid	: 2
fpu		: yes
fpu_exception	: yes
cpuid level	: 13
wp		: yes
flags		: fpu vme de pse tsc msr pae mce cx8 apic sep mtrr pge mca cmov pat pse36 clflush dts acpi mmx fxsr sse sse2 ss ht tm pbe syscall nx pdpe1gb rdtscp lm constant_tsc arch_perfmon pebs bts rep_good nopl xtopology nonstop_tsc cpuid aperfmperf pni pclmulqdq dtes64 monitor ds_cpl vmx est tm2 ssse3 sdbg fma cx16 xtpr pdcm pcid sse4_1 sse4_2 movbe popcnt tsc_deadline_timer aes xsave avx f16c rdrand lahf_lm abm cpuid_fault epb invpcid_single pti ssbd ibrs ibpb stibp tpr_shadow vnmi flexpriority ept vpid fsgsbase tsc_adjust bmi1 avx2 smep bmi2 erms invpcid xsaveopt dtherm arat pln pts flush_l1d
bugs		: cpu_meltdown spectre_v1 spectre_v2 spec_store_bypass l1tf
bogomips	: 6787.40
clflush size	: 64
cache_alignment	: 64
address sizes	: 39 bits physical, 48 bits virtual
power management:

processor	: 2
vendor_id	: GenuineIntel
cpu family	: 6
model		: 60
model name	: Intel(R) Core(TM) i3-4130 CPU @ 3.40GHz
stepping	: 3
microcode	: 0x25
cpu MHz		: 3038.469
cache size	: 3072 KB
physical id	: 0
siblings	: 4
core id		: 0
cpu cores	: 2
apicid		: 1
initial apicid	: 1
fpu		: yes
fpu_exception	: yes
cpuid level	: 13
wp		: yes
flags		: fpu vme de pse tsc msr pae mce cx8 apic sep mtrr pge mca cmov pat pse36 clflush dts acpi mmx fxsr sse sse2 ss ht tm pbe syscall nx pdpe1gb rdtscp lm constant_tsc arch_perfmon pebs bts rep_good nopl xtopology nonstop_tsc cpuid aperfmperf pni pclmulqdq dtes64 monitor ds_cpl vmx est tm2 ssse3 sdbg fma cx16 xtpr pdcm pcid sse4_1 sse4_2 movbe popcnt tsc_deadline_timer aes xsave avx f16c rdrand lahf_lm abm cpuid_fault epb invpcid_single pti ssbd ibrs ibpb stibp tpr_shadow vnmi flexpriority ept vpid fsgsbase tsc_adjust bmi1 avx2 smep bmi2 erms invpcid xsaveopt dtherm arat pln pts flush_l1d
bugs		: cpu_meltdown spectre_v1 spectre_v2 spec_store_bypass l1tf
bogomips	: 6787.40
clflush size	: 64
cache_alignment	: 64
address sizes	: 39 bits physical, 48 bits virtual
power management:

processor	: 3
vendor_id	: GenuineIntel
cpu family	: 6
model		: 60
model name	: Intel(R) Core(TM) i3-4130 CPU @ 3.40GHz
stepping	: 3
microcode	: 0x25
cpu MHz		: 3146.322
cache size	: 3072 KB
physical id	: 0
siblings	: 4
core id		: 1
cpu cores	: 2
apicid		: 3
initial apicid	: 3
fpu		: yes
fpu_exception	: yes
cpuid level	: 13
wp		: yes
flags		: fpu vme de pse tsc msr pae mce cx8 apic sep mtrr pge mca cmov pat pse36 clflush dts acpi mmx fxsr sse sse2 ss ht tm pbe syscall nx pdpe1gb rdtscp lm constant_tsc arch_perfmon pebs bts rep_good nopl xtopology nonstop_tsc cpuid aperfmperf pni pclmulqdq dtes64 monitor ds_cpl vmx est tm2 ssse3 sdbg fma cx16 xtpr pdcm pcid sse4_1 sse4_2 movbe popcnt tsc_deadline_timer aes xsave avx f16c rdrand lahf_lm abm cpuid_fault epb invpcid_single pti ssbd ibrs ibpb stibp tpr_shadow vnmi flexpriority ept vpid fsgsbase tsc_adjust bmi1 avx2 smep bmi2 erms invpcid xsaveopt dtherm arat pln pts flush_l1d
bugs		: cpu_meltdown spectre_v1 spectre_v2 spec_store_bypass l1tf
bogomips	: 6787.40
clflush size	: 64
cache_alignment	: 64
address sizes	: 39 bits physical, 48 bits virtual
power management:



Memory: 4k page, physical 8109572k(132076k free), swap 8290300k(6340604k free)

vm_info: OpenJDK 64-Bit Server VM (25.212-b01) for linux-amd64 JRE (1.8.0_212-b01), built on Mar 21 2019 23:20:35 by "builduser" with gcc 8.2.1 20181127

time: Mon Apr  8 21:51:47 2019
timezone: BST
elapsed time: 1 seconds (0d 0h 0m 1s)

