#
# A fatal error has been detected by the Java Runtime Environment:
#
#  SIGSEGV (0xb) at pc=0x00007f2ea0099028, pid=20957, tid=0x00007f2eb69d9700
#
# JRE version: OpenJDK Runtime Environment (8.0_212-b01) (build 1.8.0_212-b01)
# Java VM: OpenJDK 64-Bit Server VM (25.212-b01 mixed mode linux-amd64 compressed oops)
# Problematic frame:
# C  [libOpenGLProject.so+0x39028]  buildImage(unsigned int*, unsigned int*, unsigned int*)+0x11d
#
# Core dump written. Default location: /home/joseph/Documents/Programming/Graphics/OpenGLProject/out/production/OpenGLProject/core or core.20957
#
# If you would like to submit a bug report, please visit:
#   http://bugreport.java.com/bugreport/crash.jsp
# The crash happened outside the Java Virtual Machine in native code.
# See problematic frame for where to report the bug.
#

---------------  T H R E A D  ---------------

Current thread (0x00007f2eb000b800):  JavaThread "main" [_thread_in_native, id=20958, stack(0x00007f2eb68da000,0x00007f2eb69da000)]

siginfo: si_signo: 11 (SIGSEGV), si_code: 1 (SEGV_MAPERR), si_addr: 0x0000000000000000

Registers:
RAX=0x0000000000000000, RBX=0x00007f2eb19105c0, RCX=0x0000000000000000, RDX=0x00007f2eb1738bf0
RSP=0x00007f2eb69d7650, RBP=0x00007f2eb69d7970, RSI=0x00007f2eb1726f50, RDI=0x000000004040f000
R8 =0x00007f2e66c9aab0, R9 =0x00007f2eb69d72b0, R10=0x0000000000000008, R11=0x00007f2eb69d7140
R12=0x0000000000000000, R13=0x00007f2e73c3fc48, R14=0x00007f2eb69d7a70, R15=0x00007f2eb000b800
RIP=0x00007f2ea0099028, EFLAGS=0x0000000000010206, CSGSFS=0x002b000000000033, ERR=0x0000000000000004
  TRAPNO=0x000000000000000e

Top of Stack: (sp=0x00007f2eb69d7650)
0x00007f2eb69d7650:   0000000000000000 00007f2ea00cd210
0x00007f2eb69d7660:   0000000000000000 0000000000000000
0x00007f2eb69d7670:   0000000100000000 0000000100000002
0x00007f2eb69d7680:   0000000300000002 0000000000000000
0x00007f2eb69d7690:   bf000000bf000000 00000000bf000000
0x00007f2eb69d76a0:   3f00000000000000 bf000000bf000000
0x00007f2eb69d76b0:   000000003f800000 3f0000003f000000
0x00007f2eb69d76c0:   3f800000bf000000 3f0000003f800000
0x00007f2eb69d76d0:   bf0000003f000000 3f8000003f800000
0x00007f2eb69d76e0:   3f000000bf000000 00000000bf000000
0x00007f2eb69d76f0:   bf0000003f800000 bf000000bf000000
0x00007f2eb69d7700:   0000000000000000 bf000000bf000000
0x00007f2eb69d7710:   000000003f000000 3f00000000000000
0x00007f2eb69d7720:   3f000000bf000000 000000003f800000
0x00007f2eb69d7730:   3f0000003f000000 3f8000003f000000
0x00007f2eb69d7740:   3f0000003f800000 3f0000003f000000
0x00007f2eb69d7750:   3f8000003f800000 3f000000bf000000
0x00007f2eb69d7760:   000000003f000000 bf0000003f800000
0x00007f2eb69d7770:   3f000000bf000000 0000000000000000
0x00007f2eb69d7780:   3f000000bf000000 3f8000003f000000
0x00007f2eb69d7790:   bf00000000000000 bf0000003f000000
0x00007f2eb69d77a0:   3f8000003f800000 bf000000bf000000
0x00007f2eb69d77b0:   00000000bf000000 bf0000003f800000
0x00007f2eb69d77c0:   bf000000bf000000 3f80000000000000
0x00007f2eb69d77d0:   bf000000bf000000 000000003f000000
0x00007f2eb69d77e0:   bf00000000000000 3f0000003f000000
0x00007f2eb69d77f0:   000000003f800000 3f0000003f000000
0x00007f2eb69d7800:   3f8000003f000000 3f00000000000000
0x00007f2eb69d7810:   bf0000003f000000 3f8000003f800000
0x00007f2eb69d7820:   bf0000003f000000 00000000bf000000
0x00007f2eb69d7830:   3f0000003f800000 bf000000bf000000
0x00007f2eb69d7840:   3f80000000000000 bf0000003f000000 

Instructions: (pc=0x00007f2ea0099028)
0x00007f2ea0099008:   05 bb 1d 03 00 48 8b 00 48 8b 95 f0 fc ff ff 48
0x00007f2ea0099018:   89 d6 bf 01 00 00 00 ff d0 48 8b 85 f0 fc ff ff
0x00007f2ea0099028:   8b 30 48 8b 85 f8 fc ff ff 8b 00 48 8d 95 20 fd
0x00007f2ea0099038:   ff ff b9 b4 00 00 00 89 c7 e8 9a 47 fe ff 48 8b 

Register to memory mapping:

RAX=0x0000000000000000 is an unknown value
RBX=0x00007f2eb19105c0 is an unknown value
RCX=0x0000000000000000 is an unknown value
RDX=0x00007f2eb1738bf0 is an unknown value
RSP=0x00007f2eb69d7650 is pointing into the stack for thread: 0x00007f2eb000b800
RBP=0x00007f2eb69d7970 is pointing into the stack for thread: 0x00007f2eb000b800
RSI=0x00007f2eb1726f50 is an unknown value
RDI=0x000000004040f000 is an unknown value
R8 =0x00007f2e66c9aab0: <offset 0xf03ab0> in /usr/lib/libnvidia-glcore.so.418.43 at 0x00007f2e65d97000
R9 =0x00007f2eb69d72b0 is pointing into the stack for thread: 0x00007f2eb000b800
R10=0x0000000000000008 is an unknown value
R11=0x00007f2eb69d7140 is pointing into the stack for thread: 0x00007f2eb000b800
R12=0x0000000000000000 is an unknown value
R13={method} {0x00007f2e73c3fc48} 'init' '()V' in 'jni/GLWrapper'
R14=0x00007f2eb69d7a70 is pointing into the stack for thread: 0x00007f2eb000b800
R15=0x00007f2eb000b800 is a thread


Stack: [0x00007f2eb68da000,0x00007f2eb69da000],  sp=0x00007f2eb69d7650,  free space=1013k
Native frames: (J=compiled Java code, j=interpreted, Vv=VM code, C=native code)
C  [libOpenGLProject.so+0x39028]  buildImage(unsigned int*, unsigned int*, unsigned int*)+0x11d
C  [libOpenGLProject.so+0x38c8a]  init()+0x1f7
C  [libOpenGLProject.so+0x3a1c5]  Java_jni_GLWrapper_init+0x15
j  jni.GLWrapper.init()V+0
j  Main$.main([Ljava/lang/String;)V+19
j  Main.main([Ljava/lang/String;)V+4
v  ~StubRoutines::call_stub
V  [libjvm.so+0x64bd77]
V  [libjvm.so+0x911407]
V  [libjvm.so+0x9124ee]
V  [libjvm.so+0x69705d]  JVM_InvokeMethod+0x11d
j  sun.reflect.NativeMethodAccessorImpl.invoke0(Ljava/lang/reflect/Method;Ljava/lang/Object;[Ljava/lang/Object;)Ljava/lang/Object;+0
j  sun.reflect.NativeMethodAccessorImpl.invoke(Ljava/lang/Object;[Ljava/lang/Object;)Ljava/lang/Object;+100
j  sun.reflect.DelegatingMethodAccessorImpl.invoke(Ljava/lang/Object;[Ljava/lang/Object;)Ljava/lang/Object;+6
j  java.lang.reflect.Method.invoke(Ljava/lang/Object;[Ljava/lang/Object;)Ljava/lang/Object;+56
j  scala.reflect.internal.util.ScalaClassLoader.$anonfun$run$2(Lscala/collection/Seq;Ljava/lang/reflect/Method;)Ljava/lang/Object;+27
j  scala.reflect.internal.util.ScalaClassLoader$$Lambda$127.apply()Ljava/lang/Object;+8
j  scala.reflect.internal.util.ScalaClassLoader.asContext(Lscala/Function0;)Ljava/lang/Object;+18
j  scala.reflect.internal.util.ScalaClassLoader.asContext$(Lscala/reflect/internal/util/ScalaClassLoader;Lscala/Function0;)Ljava/lang/Object;+2
j  scala.reflect.internal.util.ScalaClassLoader$URLClassLoader.asContext(Lscala/Function0;)Ljava/lang/Object;+2
j  scala.reflect.internal.util.ScalaClassLoader.run(Ljava/lang/String;Lscala/collection/Seq;)V+90
j  scala.reflect.internal.util.ScalaClassLoader.run$(Lscala/reflect/internal/util/ScalaClassLoader;Ljava/lang/String;Lscala/collection/Seq;)V+3
j  scala.reflect.internal.util.ScalaClassLoader$URLClassLoader.run(Ljava/lang/String;Lscala/collection/Seq;)V+3
j  scala.tools.nsc.CommonRunner.run(Lscala/collection/Seq;Ljava/lang/String;Lscala/collection/Seq;)V+15
j  scala.tools.nsc.CommonRunner.run$(Lscala/tools/nsc/CommonRunner;Lscala/collection/Seq;Ljava/lang/String;Lscala/collection/Seq;)V+4
j  scala.tools.nsc.ObjectRunner$.run(Lscala/collection/Seq;Ljava/lang/String;Lscala/collection/Seq;)V+4
j  scala.tools.nsc.CommonRunner.runAndCatch(Lscala/collection/Seq;Ljava/lang/String;Lscala/collection/Seq;)Lscala/util/Either;+4
j  scala.tools.nsc.CommonRunner.runAndCatch$(Lscala/tools/nsc/CommonRunner;Lscala/collection/Seq;Ljava/lang/String;Lscala/collection/Seq;)Lscala/util/Either;+4
j  scala.tools.nsc.ObjectRunner$.runAndCatch(Lscala/collection/Seq;Ljava/lang/String;Lscala/collection/Seq;)Lscala/util/Either;+4
j  scala.tools.nsc.MainGenericRunner.runTarget$1(Lscala/tools/nsc/GenericRunnerCommand;)Lscala/util/Either;+39
j  scala.tools.nsc.MainGenericRunner.run$1(Lscala/tools/nsc/GenericRunnerCommand;)Z+1
j  scala.tools.nsc.MainGenericRunner.process([Ljava/lang/String;)Z+128
j  scala.tools.nsc.MainGenericRunner$.main([Ljava/lang/String;)V+2
j  scala.tools.nsc.MainGenericRunner.main([Ljava/lang/String;)V+4
v  ~StubRoutines::call_stub
V  [libjvm.so+0x64bd77]
V  [libjvm.so+0x66a557]
V  [libjvm.so+0x66c9c6]
C  [libjli.so+0x2da1]
C  [libpthread.so.0+0x7a9d]  start_thread+0xfd

Java frames: (J=compiled Java code, j=interpreted, Vv=VM code)
j  jni.GLWrapper.init()V+0
j  Main$.main([Ljava/lang/String;)V+19
j  Main.main([Ljava/lang/String;)V+4
v  ~StubRoutines::call_stub
j  sun.reflect.NativeMethodAccessorImpl.invoke0(Ljava/lang/reflect/Method;Ljava/lang/Object;[Ljava/lang/Object;)Ljava/lang/Object;+0
j  sun.reflect.NativeMethodAccessorImpl.invoke(Ljava/lang/Object;[Ljava/lang/Object;)Ljava/lang/Object;+100
j  sun.reflect.DelegatingMethodAccessorImpl.invoke(Ljava/lang/Object;[Ljava/lang/Object;)Ljava/lang/Object;+6
j  java.lang.reflect.Method.invoke(Ljava/lang/Object;[Ljava/lang/Object;)Ljava/lang/Object;+56
j  scala.reflect.internal.util.ScalaClassLoader.$anonfun$run$2(Lscala/collection/Seq;Ljava/lang/reflect/Method;)Ljava/lang/Object;+27
j  scala.reflect.internal.util.ScalaClassLoader$$Lambda$127.apply()Ljava/lang/Object;+8
j  scala.reflect.internal.util.ScalaClassLoader.asContext(Lscala/Function0;)Ljava/lang/Object;+18
j  scala.reflect.internal.util.ScalaClassLoader.asContext$(Lscala/reflect/internal/util/ScalaClassLoader;Lscala/Function0;)Ljava/lang/Object;+2
j  scala.reflect.internal.util.ScalaClassLoader$URLClassLoader.asContext(Lscala/Function0;)Ljava/lang/Object;+2
j  scala.reflect.internal.util.ScalaClassLoader.run(Ljava/lang/String;Lscala/collection/Seq;)V+90
j  scala.reflect.internal.util.ScalaClassLoader.run$(Lscala/reflect/internal/util/ScalaClassLoader;Ljava/lang/String;Lscala/collection/Seq;)V+3
j  scala.reflect.internal.util.ScalaClassLoader$URLClassLoader.run(Ljava/lang/String;Lscala/collection/Seq;)V+3
j  scala.tools.nsc.CommonRunner.run(Lscala/collection/Seq;Ljava/lang/String;Lscala/collection/Seq;)V+15
j  scala.tools.nsc.CommonRunner.run$(Lscala/tools/nsc/CommonRunner;Lscala/collection/Seq;Ljava/lang/String;Lscala/collection/Seq;)V+4
j  scala.tools.nsc.ObjectRunner$.run(Lscala/collection/Seq;Ljava/lang/String;Lscala/collection/Seq;)V+4
j  scala.tools.nsc.CommonRunner.runAndCatch(Lscala/collection/Seq;Ljava/lang/String;Lscala/collection/Seq;)Lscala/util/Either;+4
j  scala.tools.nsc.CommonRunner.runAndCatch$(Lscala/tools/nsc/CommonRunner;Lscala/collection/Seq;Ljava/lang/String;Lscala/collection/Seq;)Lscala/util/Either;+4
j  scala.tools.nsc.ObjectRunner$.runAndCatch(Lscala/collection/Seq;Ljava/lang/String;Lscala/collection/Seq;)Lscala/util/Either;+4
j  scala.tools.nsc.MainGenericRunner.runTarget$1(Lscala/tools/nsc/GenericRunnerCommand;)Lscala/util/Either;+39
j  scala.tools.nsc.MainGenericRunner.run$1(Lscala/tools/nsc/GenericRunnerCommand;)Z+1
j  scala.tools.nsc.MainGenericRunner.process([Ljava/lang/String;)Z+128
j  scala.tools.nsc.MainGenericRunner$.main([Ljava/lang/String;)V+2
j  scala.tools.nsc.MainGenericRunner.main([Ljava/lang/String;)V+4
v  ~StubRoutines::call_stub

---------------  P R O C E S S  ---------------

Java Threads: ( => current thread )
  0x00007f2eb00cc000 JavaThread "Service Thread" daemon [_thread_blocked, id=20971, stack(0x00007f2ea010e000,0x00007f2ea020f000)]
  0x00007f2eb00be800 JavaThread "C1 CompilerThread2" daemon [_thread_blocked, id=20970, stack(0x00007f2ea0210000,0x00007f2ea0310000)]
  0x00007f2eb00bd000 JavaThread "C2 CompilerThread1" daemon [_thread_blocked, id=20969, stack(0x00007f2ea0311000,0x00007f2ea0411000)]
  0x00007f2eb00ba000 JavaThread "C2 CompilerThread0" daemon [_thread_blocked, id=20968, stack(0x00007f2ea0412000,0x00007f2ea0512000)]
  0x00007f2eb00b8800 JavaThread "Signal Dispatcher" daemon [_thread_blocked, id=20967, stack(0x00007f2ea0512000,0x00007f2ea0613000)]
  0x00007f2eb0085800 JavaThread "Finalizer" daemon [_thread_blocked, id=20966, stack(0x00007f2ea08f9000,0x00007f2ea09fa000)]
  0x00007f2eb0083000 JavaThread "Reference Handler" daemon [_thread_blocked, id=20965, stack(0x00007f2ea09fa000,0x00007f2ea0afb000)]
=>0x00007f2eb000b800 JavaThread "main" [_thread_in_native, id=20958, stack(0x00007f2eb68da000,0x00007f2eb69da000)]

Other Threads:
  0x00007f2eb0079000 VMThread [stack: 0x00007f2ea0afc000,0x00007f2ea0bfc000] [id=20964]
  0x00007f2eb00f7000 WatcherThread [stack: 0x00007f2e73f00000,0x00007f2e74000000] [id=20972]

VM state:not at safepoint (normal execution)

VM Mutex/Monitor currently owned by a thread: None

heap address: 0x00000000f0000000, size: 256 MB, Compressed Oops mode: 32-bit
Narrow klass base: 0x0000000000000000, Narrow klass shift: 3
Compressed class space size: 1073741824 Address: 0x0000000100000000

Heap:
 PSYoungGen      total 9728K, used 1186K [0x00000000fab00000, 0x00000000fbe00000, 0x0000000100000000)
  eden space 8704K, 1% used [0x00000000fab00000,0x00000000fab2b848,0x00000000fb380000)
  from space 1024K, 98% used [0x00000000fb480000,0x00000000fb57d218,0x00000000fb580000)
  to   space 1024K, 0% used [0x00000000fb380000,0x00000000fb380000,0x00000000fb480000)
 ParOldGen       total 22016K, used 597K [0x00000000f0000000, 0x00000000f1580000, 0x00000000fab00000)
  object space 22016K, 2% used [0x00000000f0000000,0x00000000f00956d8,0x00000000f1580000)
 Metaspace       used 12645K, capacity 13180K, committed 13440K, reserved 1060864K
  class space    used 1576K, capacity 1655K, committed 1664K, reserved 1048576K

Card table byte_map: [0x00007f2eb6428000,0x00007f2eb64a9000] byte_map_base: 0x00007f2eb5ca8000

Marking Bits: (ParMarkBitMap*) 0x00007f2eb7834c80
 Begin Bits: [0x00007f2eb57ce000, 0x00007f2eb5bce000)
 End Bits:   [0x00007f2eb5bce000, 0x00007f2eb5fce000)

Polling page: 0x00007f2eb7c63000

CodeCache: size=245760Kb used=2236Kb max_used=2249Kb free=243523Kb
 bounds [0x00007f2ea1000000, 0x00007f2ea1270000, 0x00007f2eb0000000]
 total_blobs=905 nmethods=595 adapters=225
 compilation: enabled

Compilation events (10 events):
Event: 0.742 Thread 0x00007f2eb00be800  586       1       java.net.URL::getHost (5 bytes)
Event: 0.742 Thread 0x00007f2eb00be800 nmethod 586 0x00007f2ea122d650 code [0x00007f2ea122d7a0, 0x00007f2ea122d8b0]
Event: 0.742 Thread 0x00007f2eb00be800  593       1       java.util.zip.ZipFile::access$000 (5 bytes)
Event: 0.742 Thread 0x00007f2eb00be800 nmethod 593 0x00007f2ea122d390 code [0x00007f2ea122d4e0, 0x00007f2ea122d5d0]
Event: 0.742 Thread 0x00007f2eb00be800  594       1       java.net.URL::getPort (5 bytes)
Event: 0.742 Thread 0x00007f2eb00be800 nmethod 594 0x00007f2ea122ea10 code [0x00007f2ea122eb60, 0x00007f2ea122ec70]
Event: 0.744 Thread 0x00007f2eb00ba000 nmethod 587 0x00007f2ea1231ad0 code [0x00007f2ea1231c20, 0x00007f2ea1231e38]
Event: 0.745 Thread 0x00007f2eb00be800  595       1       java.nio.Buffer::position (5 bytes)
Event: 0.745 Thread 0x00007f2eb00be800 nmethod 595 0x00007f2ea1231810 code [0x00007f2ea1231960, 0x00007f2ea1231a70]
Event: 0.748 Thread 0x00007f2eb00bd000 nmethod 592% 0x00007f2ea122f9d0 code [0x00007f2ea122fb40, 0x00007f2ea12300e8]

GC Heap History (4 events):
Event: 0.661 GC heap before
{Heap before GC invocations=1 (full 0):
 PSYoungGen      total 9728K, used 8704K [0x00000000fab00000, 0x00000000fb580000, 0x0000000100000000)
  eden space 8704K, 100% used [0x00000000fab00000,0x00000000fb380000,0x00000000fb380000)
  from space 1024K, 0% used [0x00000000fb480000,0x00000000fb480000,0x00000000fb580000)
  to   space 1024K, 0% used [0x00000000fb380000,0x00000000fb380000,0x00000000fb480000)
 ParOldGen       total 22016K, used 0K [0x00000000f0000000, 0x00000000f1580000, 0x00000000fab00000)
  object space 22016K, 0% used [0x00000000f0000000,0x00000000f0000000,0x00000000f1580000)
 Metaspace       used 12005K, capacity 12418K, committed 12672K, reserved 1060864K
  class space    used 1489K, capacity 1548K, committed 1664K, reserved 1048576K
Event: 0.665 GC heap after
Heap after GC invocations=1 (full 0):
 PSYoungGen      total 9728K, used 993K [0x00000000fab00000, 0x00000000fb580000, 0x0000000100000000)
  eden space 8704K, 0% used [0x00000000fab00000,0x00000000fab00000,0x00000000fb380000)
  from space 1024K, 97% used [0x00000000fb380000,0x00000000fb478778,0x00000000fb480000)
  to   space 1024K, 0% used [0x00000000fb480000,0x00000000fb480000,0x00000000fb580000)
 ParOldGen       total 22016K, used 182K [0x00000000f0000000, 0x00000000f1580000, 0x00000000fab00000)
  object space 22016K, 0% used [0x00000000f0000000,0x00000000f002d928,0x00000000f1580000)
 Metaspace       used 12005K, capacity 12418K, committed 12672K, reserved 1060864K
  class space    used 1489K, capacity 1548K, committed 1664K, reserved 1048576K
}
Event: 0.736 GC heap before
{Heap before GC invocations=2 (full 0):
 PSYoungGen      total 9728K, used 9697K [0x00000000fab00000, 0x00000000fb580000, 0x0000000100000000)
  eden space 8704K, 100% used [0x00000000fab00000,0x00000000fb380000,0x00000000fb380000)
  from space 1024K, 97% used [0x00000000fb380000,0x00000000fb478778,0x00000000fb480000)
  to   space 1024K, 0% used [0x00000000fb480000,0x00000000fb480000,0x00000000fb580000)
 ParOldGen       total 22016K, used 182K [0x00000000f0000000, 0x00000000f1580000, 0x00000000fab00000)
  object space 22016K, 0% used [0x00000000f0000000,0x00000000f002d928,0x00000000f1580000)
 Metaspace       used 12569K, capacity 13106K, committed 13184K, reserved 1060864K
  class space    used 1568K, capacity 1654K, committed 1664K, reserved 1048576K
Event: 0.740 GC heap after
Heap after GC invocations=2 (full 0):
 PSYoungGen      total 9728K, used 1012K [0x00000000fab00000, 0x00000000fbe00000, 0x0000000100000000)
  eden space 8704K, 0% used [0x00000000fab00000,0x00000000fab00000,0x00000000fb380000)
  from space 1024K, 98% used [0x00000000fb480000,0x00000000fb57d218,0x00000000fb580000)
  to   space 1024K, 0% used [0x00000000fb380000,0x00000000fb380000,0x00000000fb480000)
 ParOldGen       total 22016K, used 597K [0x00000000f0000000, 0x00000000f1580000, 0x00000000fab00000)
  object space 22016K, 2% used [0x00000000f0000000,0x00000000f00956d8,0x00000000f1580000)
 Metaspace       used 12569K, capacity 13106K, committed 13184K, reserved 1060864K
  class space    used 1568K, capacity 1654K, committed 1664K, reserved 1048576K
}

Deoptimization events (2 events):
Event: 0.350 Thread 0x00007f2eb000b800 Uncommon trap: reason=unstable_if action=reinterpret pc=0x00007f2ea115cffc method=java.lang.String.indexOf(II)I @ 17
Event: 0.356 Thread 0x00007f2eb000b800 Uncommon trap: reason=null_check action=make_not_entrant pc=0x00007f2ea1138aa0 method=java.lang.String.equals(Ljava/lang/Object;)Z @ 8

Classes redefined (0 events):
No events

Internal exceptions (10 events):
Event: 0.699 Thread 0x00007f2eb000b800 Exception <a 'java/lang/NoSuchMethodError': java.lang.Object.$anonfun$envOrElse$1(Lscala/tools/reflect/WrappedProperties;Ljava/lang/String;Ljava/lang/String;)Ljava/lang/String;> (0x00000000fab825b0) thrown at [/build/java8-openjdk/src/jdk8u-jdk8u212-b01/h
Event: 0.699 Thread 0x00007f2eb000b800 Exception <a 'java/lang/NoSuchMethodError': java.lang.Object.$anonfun$envOrElse$1(Ljava/lang/String;)Ljava/lang/String;> (0x00000000fab87bb0) thrown at [/build/java8-openjdk/src/jdk8u-jdk8u212-b01/hotspot/src/share/vm/interpreter/linkResolver.cpp, line 62
Event: 0.700 Thread 0x00007f2eb000b800 Exception <a 'java/lang/NoSuchMethodError': java.lang.Object.$anonfun$envOrElse$2(Ljava/lang/String;)Ljava/lang/String;> (0x00000000fab8bee8) thrown at [/build/java8-openjdk/src/jdk8u-jdk8u212-b01/hotspot/src/share/vm/interpreter/linkResolver.cpp, line 62
Event: 0.701 Thread 0x00007f2eb000b800 Exception <a 'java/lang/NoSuchMethodError': java.lang.Object.$anonfun$flatten$1(Lscala/Function1;Lscala/collection/mutable/Builder;Ljava/lang/Object;)Lscala/collection/mutable/Builder;> (0x00000000fab94d60) thrown at [/build/java8-openjdk/src/jdk8u-jdk8u2
Event: 0.704 Thread 0x00007f2eb000b800 Exception <a 'java/lang/NoSuchMethodError': java.lang.Object.$anonfun$flatMap$1(Lscala/Function1;Lscala/collection/mutable/Builder;Ljava/lang/Object;)Lscala/collection/mutable/Builder;> (0x00000000fab9fd58) thrown at [/build/java8-openjdk/src/jdk8u-jdk8u2
Event: 0.716 Thread 0x00007f2eb000b800 Exception <a 'java/lang/NoSuchMethodError': java.lang.Object.$anonfun$tryClass$1(Lscala/reflect/internal/util/ScalaClassLoader;Ljava/lang/String;Z)Ljava/lang/Class;> (0x00000000fabc3728) thrown at [/build/java8-openjdk/src/jdk8u-jdk8u212-b01/hotspot/src/s
Event: 0.726 Thread 0x00007f2eb000b800 Exception <a 'java/lang/NoSuchMethodError': java.lang.Object.$anonfun$isInfo$1$adapted(Lscala/tools/nsc/settings/MutableSettings$Setting;)Ljava/lang/Object;> (0x00000000fafa87e0) thrown at [/build/java8-openjdk/src/jdk8u-jdk8u212-b01/hotspot/src/share/vm/
Event: 0.727 Thread 0x00007f2eb000b800 Exception <a 'java/lang/NoSuchMethodError': java.lang.Object.$anonfun$isInfo$2$adapted(Lscala/tools/nsc/settings/MutableSettings$Setting;)Ljava/lang/Object;> (0x00000000fafac888) thrown at [/build/java8-openjdk/src/jdk8u-jdk8u212-b01/hotspot/src/share/vm/
Event: 0.735 Thread 0x00007f2eb000b800 Exception <a 'java/lang/NoSuchMethodError': java.lang.Object.$anonfun$run$1(Ljava/lang/String;)Lscala/runtime/Nothing$;> (0x00000000fb37aff0) thrown at [/build/java8-openjdk/src/jdk8u-jdk8u212-b01/hotspot/src/share/vm/interpreter/linkResolver.cpp, line 62
Event: 0.736 Thread 0x00007f2eb000b800 Exception <a 'java/lang/NoSuchMethodError': java.lang.Object.$anonfun$run$2(Lscala/collection/Seq;Ljava/lang/reflect/Method;)Ljava/lang/Object;> (0x00000000fb37fa50) thrown at [/build/java8-openjdk/src/jdk8u-jdk8u212-b01/hotspot/src/share/vm/interpreter/l

Events (10 events):
Event: 0.745 loading class scala/util/DynamicVariable$$anon$1
Event: 0.745 loading class java/lang/InheritableThreadLocal
Event: 0.745 loading class java/lang/InheritableThreadLocal done
Event: 0.745 Executing VM operation: Deoptimize
Event: 0.745 Executing VM operation: Deoptimize done
Event: 0.745 loading class scala/util/DynamicVariable$$anon$1 done
Event: 0.745 loading class jni/GLWrapper
Event: 0.745 loading class jni/GLWrapper done
Event: 0.746 loading class java/lang/Package
Event: 0.746 loading class java/lang/Package done


Dynamic libraries:
4040f000-404c1000 rw-p 00000000 00:00 0 
40659000-4065b000 r-xs 00000000 00:2c 53                                 /tmp/.glwIKCpA (deleted)
f0000000-f1580000 rw-p 00000000 00:00 0 
f1580000-fab00000 ---p 00000000 00:00 0 
fab00000-fbe00000 rw-p 00000000 00:00 0 
fbe00000-100000000 ---p 00000000 00:00 0 
100000000-1001a0000 rw-p 00000000 00:00 0 
1001a0000-140000000 ---p 00000000 00:00 0 
55a682cc2000-55a682cc3000 r--p 00000000 fe:00 4982129                    /usr/lib/jvm/java-8-openjdk/jre/bin/java
55a682cc3000-55a682cc4000 r-xp 00001000 fe:00 4982129                    /usr/lib/jvm/java-8-openjdk/jre/bin/java
55a682cc4000-55a682cc5000 r--p 00002000 fe:00 4982129                    /usr/lib/jvm/java-8-openjdk/jre/bin/java
55a682cc5000-55a682cc6000 r--p 00002000 fe:00 4982129                    /usr/lib/jvm/java-8-openjdk/jre/bin/java
55a682cc6000-55a682cc7000 rw-p 00003000 fe:00 4982129                    /usr/lib/jvm/java-8-openjdk/jre/bin/java
55a68448a000-55a6844ab000 rw-p 00000000 00:00 0                          [heap]
7f2e6579f000-7f2e6599f000 rw-s 00000000 00:06 567                        /dev/nvidiactl
7f2e6599f000-7f2e65a1f000 rw-s 00000000 00:06 567                        /dev/nvidiactl
7f2e65a1f000-7f2e65a9f000 rw-s 00000000 00:06 567                        /dev/nvidiactl
7f2e65a9f000-7f2e65b1f000 rw-s 00000000 00:06 567                        /dev/nvidiactl
7f2e65b1f000-7f2e65c1f000 rw-s 00000000 00:06 567                        /dev/nvidiactl
7f2e65c1f000-7f2e65c32000 rw-s 00000000 00:06 567                        /dev/nvidiactl
7f2e65c32000-7f2e65c52000 rw-s 00000000 00:06 568                        /dev/nvidia0
7f2e65c52000-7f2e65c92000 rw-s 00000000 00:06 567                        /dev/nvidiactl
7f2e65c92000-7f2e65d97000 rw-s 00000000 00:06 567                        /dev/nvidiactl
7f2e65d97000-7f2e66fae000 r-xp 00000000 fe:00 4096496                    /usr/lib/libnvidia-glcore.so.418.43
7f2e66fae000-7f2e66fcf000 rwxp 01217000 fe:00 4096496                    /usr/lib/libnvidia-glcore.so.418.43
7f2e66fcf000-7f2e674c4000 r-xp 01238000 fe:00 4096496                    /usr/lib/libnvidia-glcore.so.418.43
7f2e674c4000-7f2e676c4000 ---p 0172d000 fe:00 4096496                    /usr/lib/libnvidia-glcore.so.418.43
7f2e676c4000-7f2e679eb000 rw-p 0172d000 fe:00 4096496                    /usr/lib/libnvidia-glcore.so.418.43
7f2e679eb000-7f2e67a01000 rw-p 00000000 00:00 0 
7f2e67a01000-7f2e67a04000 r-xp 00000000 fe:00 4117701                    /usr/lib/libnvidia-tls.so.418.43
7f2e67a04000-7f2e67c04000 ---p 00003000 fe:00 4117701                    /usr/lib/libnvidia-tls.so.418.43
7f2e67c04000-7f2e67c05000 rw-p 00003000 fe:00 4117701                    /usr/lib/libnvidia-tls.so.418.43
7f2e67c05000-7f2e67ccf000 r-xp 00000000 fe:00 4096469                    /usr/lib/libGLX_nvidia.so.418.43
7f2e67ccf000-7f2e67d04000 rwxp 000ca000 fe:00 4096469                    /usr/lib/libGLX_nvidia.so.418.43
7f2e67d04000-7f2e67d18000 r-xp 000ff000 fe:00 4096469                    /usr/lib/libGLX_nvidia.so.418.43
7f2e67d18000-7f2e67f17000 ---p 00113000 fe:00 4096469                    /usr/lib/libGLX_nvidia.so.418.43
7f2e67f17000-7f2e67f3c000 rw-p 00112000 fe:00 4096469                    /usr/lib/libGLX_nvidia.so.418.43
7f2e67f3c000-7f2e67f44000 rw-p 00000000 00:00 0 
7f2e67f44000-7f2e67f84000 r--p 00000000 fe:00 4069014                    /usr/lib/libGLdispatch.so.0.0.0
7f2e67f84000-7f2e67f87000 r-xp 00040000 fe:00 4069014                    /usr/lib/libGLdispatch.so.0.0.0
7f2e67f87000-7f2e67fa1000 r-xp 00043000 fe:00 4069014                    /usr/lib/libGLdispatch.so.0.0.0
7f2e67fa1000-7f2e67fa2000 r-xp 0005d000 fe:00 4069014                    /usr/lib/libGLdispatch.so.0.0.0
7f2e67fa2000-7f2e67fb5000 r--p 0005e000 fe:00 4069014                    /usr/lib/libGLdispatch.so.0.0.0
7f2e67fb5000-7f2e67fb6000 ---p 00071000 fe:00 4069014                    /usr/lib/libGLdispatch.so.0.0.0
7f2e67fb6000-7f2e67fdf000 r--p 00071000 fe:00 4069014                    /usr/lib/libGLdispatch.so.0.0.0
7f2e67fdf000-7f2e67fe0000 rw-p 0009a000 fe:00 4069014                    /usr/lib/libGLdispatch.so.0.0.0
7f2e67fe0000-7f2e68000000 rw-p 00000000 00:00 0 
7f2e68000000-7f2e68021000 rw-p 00000000 00:00 0 
7f2e68021000-7f2e6c000000 ---p 00000000 00:00 0 
7f2e6c000000-7f2e6c021000 rw-p 00000000 00:00 0 
7f2e6c021000-7f2e70000000 ---p 00000000 00:00 0 
7f2e7000e000-7f2e70050000 r--p 00000000 fe:00 4069009                    /usr/lib/libGL.so.1.7.0
7f2e70050000-7f2e70054000 r-xp 00042000 fe:00 4069009                    /usr/lib/libGL.so.1.7.0
7f2e70054000-7f2e7006e000 r-xp 00046000 fe:00 4069009                    /usr/lib/libGL.so.1.7.0
7f2e7006e000-7f2e7006f000 r-xp 00060000 fe:00 4069009                    /usr/lib/libGL.so.1.7.0
7f2e7006f000-7f2e70084000 r--p 00061000 fe:00 4069009                    /usr/lib/libGL.so.1.7.0
7f2e70084000-7f2e7009f000 r--p 00075000 fe:00 4069009                    /usr/lib/libGL.so.1.7.0
7f2e7009f000-7f2e700a0000 rw-p 00090000 fe:00 4069009                    /usr/lib/libGL.so.1.7.0
7f2e700a0000-7f2e70115000 rw-p 00000000 00:00 0 
7f2e7011b000-7f2e7015b000 rw-s 00000000 00:06 567                        /dev/nvidiactl
7f2e7015b000-7f2e7015f000 r--p 00000000 fe:00 4067360                    /usr/lib/libdrm.so.2.4.0
7f2e7015f000-7f2e70169000 r-xp 00004000 fe:00 4067360                    /usr/lib/libdrm.so.2.4.0
7f2e70169000-7f2e7016c000 r--p 0000e000 fe:00 4067360                    /usr/lib/libdrm.so.2.4.0
7f2e7016c000-7f2e7016d000 ---p 00011000 fe:00 4067360                    /usr/lib/libdrm.so.2.4.0
7f2e7016d000-7f2e7016e000 r--p 00011000 fe:00 4067360                    /usr/lib/libdrm.so.2.4.0
7f2e7016e000-7f2e7016f000 rw-p 00012000 fe:00 4067360                    /usr/lib/libdrm.so.2.4.0
7f2e7016f000-7f2e70172000 r--p 00000000 fe:00 4069012                    /usr/lib/libGLX.so.0.0.0
7f2e70172000-7f2e7017c000 r-xp 00003000 fe:00 4069012                    /usr/lib/libGLX.so.0.0.0
7f2e7017c000-7f2e7017f000 r--p 0000d000 fe:00 4069012                    /usr/lib/libGLX.so.0.0.0
7f2e7017f000-7f2e70180000 ---p 00010000 fe:00 4069012                    /usr/lib/libGLX.so.0.0.0
7f2e70180000-7f2e70181000 r--p 00010000 fe:00 4069012                    /usr/lib/libGLX.so.0.0.0
7f2e70181000-7f2e70182000 rw-p 00011000 fe:00 4069012                    /usr/lib/libGLX.so.0.0.0
7f2e70182000-7f2e701a2000 rw-p 00000000 00:00 0 
7f2e701a2000-7f2e701a3000 r--p 00000000 fe:00 4067264                    /usr/lib/libX11-xcb.so.1.0.0
7f2e701a3000-7f2e701a4000 r-xp 00001000 fe:00 4067264                    /usr/lib/libX11-xcb.so.1.0.0
7f2e701a4000-7f2e701a5000 r--p 00002000 fe:00 4067264                    /usr/lib/libX11-xcb.so.1.0.0
7f2e701a5000-7f2e701a6000 r--p 00002000 fe:00 4067264                    /usr/lib/libX11-xcb.so.1.0.0
7f2e701a6000-7f2e701a7000 rw-p 00003000 fe:00 4067264                    /usr/lib/libX11-xcb.so.1.0.0
7f2e701a7000-7f2e701a9000 r--p 00000000 fe:00 4073249                    /usr/lib/libXdmcp.so.6.0.0
7f2e701a9000-7f2e701ab000 r-xp 00002000 fe:00 4073249                    /usr/lib/libXdmcp.so.6.0.0
7f2e701ab000-7f2e701ad000 r--p 00004000 fe:00 4073249                    /usr/lib/libXdmcp.so.6.0.0
7f2e701ad000-7f2e701ae000 r--p 00005000 fe:00 4073249                    /usr/lib/libXdmcp.so.6.0.0
7f2e701ae000-7f2e701af000 rw-p 00006000 fe:00 4073249                    /usr/lib/libXdmcp.so.6.0.0
7f2e701af000-7f2e701b4000 r-xp 00000000 fe:00 4069026                    /usr/lib/libXfixes.so.3.1.0
7f2e701b4000-7f2e703b3000 ---p 00005000 fe:00 4069026                    /usr/lib/libXfixes.so.3.1.0
7f2e703b3000-7f2e703b4000 r--p 00004000 fe:00 4069026                    /usr/lib/libXfixes.so.3.1.0
7f2e703b4000-7f2e703b5000 rw-p 00005000 fe:00 4069026                    /usr/lib/libXfixes.so.3.1.0
7f2e703b5000-7f2e703b7000 r--p 00000000 fe:00 4078939                    /usr/lib/libXrender.so.1.3.0
7f2e703b7000-7f2e703be000 r-xp 00002000 fe:00 4078939                    /usr/lib/libXrender.so.1.3.0
7f2e703be000-7f2e703c0000 r--p 00009000 fe:00 4078939                    /usr/lib/libXrender.so.1.3.0
7f2e703c0000-7f2e703c1000 r--p 0000a000 fe:00 4078939                    /usr/lib/libXrender.so.1.3.0
7f2e703c1000-7f2e703c2000 rw-p 0000b000 fe:00 4078939                    /usr/lib/libXrender.so.1.3.0
7f2e703c2000-7f2e703c6000 r--p 00000000 fe:00 4073250                    /usr/lib/libXext.so.6.4.0
7f2e703c6000-7f2e703d1000 r-xp 00004000 fe:00 4073250                    /usr/lib/libXext.so.6.4.0
7f2e703d1000-7f2e703d5000 r--p 0000f000 fe:00 4073250                    /usr/lib/libXext.so.6.4.0
7f2e703d5000-7f2e703d6000 r--p 00012000 fe:00 4073250                    /usr/lib/libXext.so.6.4.0
7f2e703d6000-7f2e703d7000 rw-p 00013000 fe:00 4073250                    /usr/lib/libXext.so.6.4.0
7f2e703d7000-7f2e703e3000 r--p 00000000 fe:00 4073236                    /usr/lib/libxcb.so.1.1.0
7f2e703e3000-7f2e703f6000 r-xp 0000c000 fe:00 4073236                    /usr/lib/libxcb.so.1.1.0
7f2e703f6000-7f2e703ff000 r--p 0001f000 fe:00 4073236                    /usr/lib/libxcb.so.1.1.0
7f2e703ff000-7f2e70400000 r--p 00027000 fe:00 4073236                    /usr/lib/libxcb.so.1.1.0
7f2e70400000-7f2e70401000 rw-p 00028000 fe:00 4073236                    /usr/lib/libxcb.so.1.1.0
7f2e70401000-7f2e70404000 r--p 00000000 fe:00 4067439                    /usr/lib/libgcc_s.so.1
7f2e70404000-7f2e70415000 r-xp 00003000 fe:00 4067439                    /usr/lib/libgcc_s.so.1
7f2e70415000-7f2e70418000 r--p 00014000 fe:00 4067439                    /usr/lib/libgcc_s.so.1
7f2e70418000-7f2e70419000 ---p 00017000 fe:00 4067439                    /usr/lib/libgcc_s.so.1
7f2e70419000-7f2e7041a000 r--p 00017000 fe:00 4067439                    /usr/lib/libgcc_s.so.1
7f2e7041a000-7f2e7041b000 rw-p 00018000 fe:00 4067439                    /usr/lib/libgcc_s.so.1
7f2e7041b000-7f2e704a4000 r--p 00000000 fe:00 4069301                    /usr/lib/libstdc++.so.6.0.25
7f2e704a4000-7f2e7055c000 r-xp 00089000 fe:00 4069301                    /usr/lib/libstdc++.so.6.0.25
7f2e7055c000-7f2e70599000 r--p 00141000 fe:00 4069301                    /usr/lib/libstdc++.so.6.0.25
7f2e70599000-7f2e7059a000 ---p 0017e000 fe:00 4069301                    /usr/lib/libstdc++.so.6.0.25
7f2e7059a000-7f2e705a6000 r--p 0017e000 fe:00 4069301                    /usr/lib/libstdc++.so.6.0.25
7f2e705a6000-7f2e705a7000 rw-p 0018a000 fe:00 4069301                    /usr/lib/libstdc++.so.6.0.25
7f2e705a7000-7f2e705aa000 rw-p 00000000 00:00 0 
7f2e705aa000-7f2e705ad000 r--p 00000000 fe:00 4078917                    /usr/lib/libXcursor.so.1.0.2
7f2e705ad000-7f2e705b2000 r-xp 00003000 fe:00 4078917                    /usr/lib/libXcursor.so.1.0.2
7f2e705b2000-7f2e705b4000 r--p 00008000 fe:00 4078917                    /usr/lib/libXcursor.so.1.0.2
7f2e705b4000-7f2e705b5000 r--p 00009000 fe:00 4078917                    /usr/lib/libXcursor.so.1.0.2
7f2e705b5000-7f2e705b6000 rw-p 0000a000 fe:00 4078917                    /usr/lib/libXcursor.so.1.0.2
7f2e705b6000-7f2e705ba000 r-xp 00000000 fe:00 4069027                    /usr/lib/libXxf86vm.so.1.0.0
7f2e705ba000-7f2e707ba000 ---p 00004000 fe:00 4069027                    /usr/lib/libXxf86vm.so.1.0.0
7f2e707ba000-7f2e707bb000 r--p 00004000 fe:00 4069027                    /usr/lib/libXxf86vm.so.1.0.0
7f2e707bb000-7f2e707bc000 rw-p 00005000 fe:00 4069027                    /usr/lib/libXxf86vm.so.1.0.0
7f2e707bc000-7f2e707be000 r-xp 00000000 fe:00 4077494                    /usr/lib/libXinerama.so.1.0.0
7f2e707be000-7f2e709bd000 ---p 00002000 fe:00 4077494                    /usr/lib/libXinerama.so.1.0.0
7f2e709bd000-7f2e709be000 r--p 00001000 fe:00 4077494                    /usr/lib/libXinerama.so.1.0.0
7f2e709be000-7f2e709bf000 rw-p 00002000 fe:00 4077494                    /usr/lib/libXinerama.so.1.0.0
7f2e709bf000-7f2e709db000 r--p 00000000 fe:00 4079815                    /usr/lib/libX11.so.6.3.0
7f2e709db000-7f2e70a63000 r-xp 0001c000 fe:00 4079815                    /usr/lib/libX11.so.6.3.0
7f2e70a63000-7f2e70af7000 r--p 000a4000 fe:00 4079815                    /usr/lib/libX11.so.6.3.0
7f2e70af7000-7f2e70afa000 r--p 00137000 fe:00 4079815                    /usr/lib/libX11.so.6.3.0
7f2e70afa000-7f2e70afe000 rw-p 0013a000 fe:00 4079815                    /usr/lib/libX11.so.6.3.0
7f2e70afe000-7f2e73c7f000 rw-p 00000000 00:00 0 
7f2e73c7f000-7f2e73cff000 ---p 00000000 00:00 0 
7f2e73cff000-7f2e73eff000 rw-p 00000000 00:00 0 
7f2e73eff000-7f2e73f00000 ---p 00000000 00:00 0 
7f2e73f00000-7f2e74000000 rw-p 00000000 00:00 0 
7f2e74000000-7f2e7407b000 rw-p 00000000 00:00 0 
7f2e7407b000-7f2e78000000 ---p 00000000 00:00 0 
7f2e78000000-7f2e78056000 rw-p 00000000 00:00 0 
7f2e78056000-7f2e7c000000 ---p 00000000 00:00 0 
7f2e7c000000-7f2e7c021000 rw-p 00000000 00:00 0 
7f2e7c021000-7f2e80000000 ---p 00000000 00:00 0 
7f2e80000000-7f2e80087000 rw-p 00000000 00:00 0 
7f2e80087000-7f2e84000000 ---p 00000000 00:00 0 
7f2e84000000-7f2e84021000 rw-p 00000000 00:00 0 
7f2e84021000-7f2e88000000 ---p 00000000 00:00 0 
7f2e88000000-7f2e88021000 rw-p 00000000 00:00 0 
7f2e88021000-7f2e8c000000 ---p 00000000 00:00 0 
7f2e8c000000-7f2e8c021000 rw-p 00000000 00:00 0 
7f2e8c021000-7f2e90000000 ---p 00000000 00:00 0 
7f2e90000000-7f2e90021000 rw-p 00000000 00:00 0 
7f2e90021000-7f2e94000000 ---p 00000000 00:00 0 
7f2e94000000-7f2e94021000 rw-p 00000000 00:00 0 
7f2e94021000-7f2e98000000 ---p 00000000 00:00 0 
7f2e98000000-7f2e98021000 rw-p 00000000 00:00 0 
7f2e98021000-7f2e9c000000 ---p 00000000 00:00 0 
7f2e9c000000-7f2e9c021000 rw-p 00000000 00:00 0 
7f2e9c021000-7f2ea0000000 ---p 00000000 00:00 0 
7f2ea0002000-7f2ea0004000 r--p 00000000 fe:00 4078938                    /usr/lib/libXrandr.so.2.2.0
7f2ea0004000-7f2ea000b000 r-xp 00002000 fe:00 4078938                    /usr/lib/libXrandr.so.2.2.0
7f2ea000b000-7f2ea000d000 r--p 00009000 fe:00 4078938                    /usr/lib/libXrandr.so.2.2.0
7f2ea000d000-7f2ea000e000 r--p 0000a000 fe:00 4078938                    /usr/lib/libXrandr.so.2.2.0
7f2ea000e000-7f2ea000f000 rw-p 0000b000 fe:00 4078938                    /usr/lib/libXrandr.so.2.2.0
7f2ea0018000-7f2ea001a000 rw-s 00000000 00:2c 53                         /tmp/.glwIKCpA (deleted)
7f2ea001a000-7f2ea001b000 rw-s 00000000 00:06 567                        /dev/nvidiactl
7f2ea001b000-7f2ea001f000 rw-s 00000000 00:06 567                        /dev/nvidiactl
7f2ea001f000-7f2ea0020000 rw-s 00000000 00:06 568                        /dev/nvidia0
7f2ea0020000-7f2ea0040000 rw-s 00000000 00:06 567                        /dev/nvidiactl
7f2ea0060000-7f2ea007c000 r--p 00000000 fe:00 413556                     /home/joseph/Documents/Programming/Graphics/OpenGLProject/cmake-build-debug/libOpenGLProject.so
7f2ea007c000-7f2ea00b9000 r-xp 0001c000 fe:00 413556                     /home/joseph/Documents/Programming/Graphics/OpenGLProject/cmake-build-debug/libOpenGLProject.so
7f2ea00b9000-7f2ea00c9000 r--p 00059000 fe:00 413556                     /home/joseph/Documents/Programming/Graphics/OpenGLProject/cmake-build-debug/libOpenGLProject.so
7f2ea00c9000-7f2ea00ca000 ---p 00069000 fe:00 413556                     /home/joseph/Documents/Programming/Graphics/OpenGLProject/cmake-build-debug/libOpenGLProject.so
7f2ea00ca000-7f2ea00cc000 r--p 00069000 fe:00 413556                     /home/joseph/Documents/Programming/Graphics/OpenGLProject/cmake-build-debug/libOpenGLProject.so
7f2ea00cc000-7f2ea00ce000 rw-p 0006b000 fe:00 413556                     /home/joseph/Documents/Programming/Graphics/OpenGLProject/cmake-build-debug/libOpenGLProject.so
7f2ea00ce000-7f2ea00d0000 rw-p 00000000 00:00 0 
7f2ea00d0000-7f2ea00d5000 r--p 00000000 fe:00 4983049                    /usr/lib/jvm/java-8-openjdk/jre/lib/amd64/libnet.so
7f2ea00d5000-7f2ea00e4000 r-xp 00005000 fe:00 4983049                    /usr/lib/jvm/java-8-openjdk/jre/lib/amd64/libnet.so
7f2ea00e4000-7f2ea00e8000 r--p 00014000 fe:00 4983049                    /usr/lib/jvm/java-8-openjdk/jre/lib/amd64/libnet.so
7f2ea00e8000-7f2ea00e9000 r--p 00017000 fe:00 4983049                    /usr/lib/jvm/java-8-openjdk/jre/lib/amd64/libnet.so
7f2ea00e9000-7f2ea00ea000 rw-p 00018000 fe:00 4983049                    /usr/lib/jvm/java-8-openjdk/jre/lib/amd64/libnet.so
7f2ea00ea000-7f2ea00f1000 r--p 00000000 fe:00 4983050                    /usr/lib/jvm/java-8-openjdk/jre/lib/amd64/libnio.so
7f2ea00f1000-7f2ea00f9000 r-xp 00007000 fe:00 4983050                    /usr/lib/jvm/java-8-openjdk/jre/lib/amd64/libnio.so
7f2ea00f9000-7f2ea00fc000 r--p 0000f000 fe:00 4983050                    /usr/lib/jvm/java-8-openjdk/jre/lib/amd64/libnio.so
7f2ea00fc000-7f2ea00fd000 ---p 00012000 fe:00 4983050                    /usr/lib/jvm/java-8-openjdk/jre/lib/amd64/libnio.so
7f2ea00fd000-7f2ea00fe000 r--p 00012000 fe:00 4983050                    /usr/lib/jvm/java-8-openjdk/jre/lib/amd64/libnio.so
7f2ea00fe000-7f2ea00ff000 rw-p 00013000 fe:00 4983050                    /usr/lib/jvm/java-8-openjdk/jre/lib/amd64/libnio.so
7f2ea00ff000-7f2ea0105000 r--s 00080000 fe:00 4072599                    /usr/share/scala/lib/scala-xml_2.12-1.0.6.jar
7f2ea0105000-7f2ea010e000 r--s 000ab000 fe:00 4072582                    /usr/share/scala/lib/scala-swing_2.12-2.0.3.jar
7f2ea010e000-7f2ea0111000 ---p 00000000 00:00 0 
7f2ea0111000-7f2ea020f000 rw-p 00000000 00:00 0 
7f2ea020f000-7f2ea0210000 ---p 00000000 00:00 0 
7f2ea0210000-7f2ea0213000 ---p 00000000 00:00 0 
7f2ea0213000-7f2ea0310000 rw-p 00000000 00:00 0 
7f2ea0310000-7f2ea0311000 ---p 00000000 00:00 0 
7f2ea0311000-7f2ea0314000 ---p 00000000 00:00 0 
7f2ea0314000-7f2ea0411000 rw-p 00000000 00:00 0 
7f2ea0411000-7f2ea0412000 ---p 00000000 00:00 0 
7f2ea0412000-7f2ea0415000 ---p 00000000 00:00 0 
7f2ea0415000-7f2ea0512000 rw-p 00000000 00:00 0 
7f2ea0512000-7f2ea0515000 ---p 00000000 00:00 0 
7f2ea0515000-7f2ea0613000 rw-p 00000000 00:00 0 
7f2ea0613000-7f2ea08f9000 r--p 00000000 fe:00 4078801                    /usr/lib/locale/locale-archive
7f2ea08f9000-7f2ea08fc000 ---p 00000000 00:00 0 
7f2ea08fc000-7f2ea09fa000 rw-p 00000000 00:00 0 
7f2ea09fa000-7f2ea09fd000 ---p 00000000 00:00 0 
7f2ea09fd000-7f2ea0afb000 rw-p 00000000 00:00 0 
7f2ea0afb000-7f2ea0afc000 ---p 00000000 00:00 0 
7f2ea0afc000-7f2ea1000000 rw-p 00000000 00:00 0 
7f2ea1000000-7f2ea1270000 rwxp 00000000 00:00 0 
7f2ea1270000-7f2eb0000000 ---p 00000000 00:00 0 
7f2eb0000000-7f2eb1cf2000 rw-p 00000000 00:00 0 
7f2eb1cf2000-7f2eb4000000 ---p 00000000 00:00 0 
7f2eb4000000-7f2eb4001000 r--p 00000000 fe:00 4073222                    /usr/lib/libXau.so.6.0.0
7f2eb4001000-7f2eb4002000 r-xp 00001000 fe:00 4073222                    /usr/lib/libXau.so.6.0.0
7f2eb4002000-7f2eb4003000 r--p 00002000 fe:00 4073222                    /usr/lib/libXau.so.6.0.0
7f2eb4003000-7f2eb4004000 r--p 00002000 fe:00 4073222                    /usr/lib/libXau.so.6.0.0
7f2eb4004000-7f2eb4005000 rw-p 00003000 fe:00 4073222                    /usr/lib/libXau.so.6.0.0
7f2eb4005000-7f2eb4028000 r--s 00347000 fe:00 4071644                    /usr/share/scala/lib/scala-reflect.jar
7f2eb4028000-7f2eb4060000 r--s 004bf000 fe:00 4069441                    /usr/share/scala/lib/scala-library.jar
7f2eb4060000-7f2eb40af000 r--s 00967000 fe:00 4069435                    /usr/share/scala/lib/scala-compiler.jar
7f2eb40af000-7f2eb4cad000 rw-p 00000000 00:00 0 
7f2eb4cad000-7f2eb4e7d000 r--s 03c3a000 fe:00 4983165                    /usr/lib/jvm/java-8-openjdk/jre/lib/rt.jar
7f2eb4e7d000-7f2eb5fce000 rw-p 00000000 00:00 0 
7f2eb5fce000-7f2eb5fcf000 ---p 00000000 00:00 0 
7f2eb5fcf000-7f2eb60cf000 rw-p 00000000 00:00 0 
7f2eb60cf000-7f2eb60d0000 ---p 00000000 00:00 0 
7f2eb60d0000-7f2eb61d0000 rw-p 00000000 00:00 0 
7f2eb61d0000-7f2eb61d1000 ---p 00000000 00:00 0 
7f2eb61d1000-7f2eb62d1000 rw-p 00000000 00:00 0 
7f2eb62d1000-7f2eb62d2000 ---p 00000000 00:00 0 
7f2eb62d2000-7f2eb63dd000 rw-p 00000000 00:00 0 
7f2eb63dd000-7f2eb6428000 ---p 00000000 00:00 0 
7f2eb6428000-7f2eb6433000 rw-p 00000000 00:00 0 
7f2eb6433000-7f2eb647d000 ---p 00000000 00:00 0 
7f2eb647d000-7f2eb6487000 rw-p 00000000 00:00 0 
7f2eb6487000-7f2eb64a8000 ---p 00000000 00:00 0 
7f2eb64a8000-7f2eb64b3000 rw-p 00000000 00:00 0 
7f2eb64b3000-7f2eb6869000 ---p 00000000 00:00 0 
7f2eb6869000-7f2eb686c000 r--p 00000000 fe:00 4071892                    /usr/lib/libnss_files-2.28.so
7f2eb686c000-7f2eb6873000 r-xp 00003000 fe:00 4071892                    /usr/lib/libnss_files-2.28.so
7f2eb6873000-7f2eb6876000 r--p 0000a000 fe:00 4071892                    /usr/lib/libnss_files-2.28.so
7f2eb6876000-7f2eb6877000 r--p 0000c000 fe:00 4071892                    /usr/lib/libnss_files-2.28.so
7f2eb6877000-7f2eb6878000 rw-p 0000d000 fe:00 4071892                    /usr/lib/libnss_files-2.28.so
7f2eb6878000-7f2eb687e000 rw-p 00000000 00:00 0 
7f2eb687e000-7f2eb687f000 rw-s 00000000 00:06 568                        /dev/nvidia0
7f2eb687f000-7f2eb6880000 rw-s 00000000 00:06 567                        /dev/nvidiactl
7f2eb6880000-7f2eb6882000 r--s 00006000 fe:00 4072524                    /usr/share/scala/lib/scala-repl-jline.jar
7f2eb6882000-7f2eb6887000 r--s 00041000 fe:00 4071912                    /usr/share/scala/lib/scala-repl-jline-embedded.jar
7f2eb6887000-7f2eb688d000 r--s 00077000 fe:00 4072603                    /usr/share/scala/lib/scalap.jar
7f2eb688d000-7f2eb6898000 r--s 001d6000 fe:00 4069275                    /usr/share/scala/lib/scala-compiler-doc.jar
7f2eb6898000-7f2eb689c000 r--s 0003e000 fe:00 4069189                    /usr/share/scala/lib/jline.jar
7f2eb689c000-7f2eb68c4000 rw-p 00000000 00:00 0 
7f2eb68c4000-7f2eb68c7000 r--p 00000000 fe:00 4983099                    /usr/lib/jvm/java-8-openjdk/jre/lib/amd64/libzip.so
7f2eb68c7000-7f2eb68cb000 r-xp 00003000 fe:00 4983099                    /usr/lib/jvm/java-8-openjdk/jre/lib/amd64/libzip.so
7f2eb68cb000-7f2eb68cd000 r--p 00007000 fe:00 4983099                    /usr/lib/jvm/java-8-openjdk/jre/lib/amd64/libzip.so
7f2eb68cd000-7f2eb68ce000 r--p 00008000 fe:00 4983099                    /usr/lib/jvm/java-8-openjdk/jre/lib/amd64/libzip.so
7f2eb68ce000-7f2eb68cf000 rw-p 00009000 fe:00 4983099                    /usr/lib/jvm/java-8-openjdk/jre/lib/amd64/libzip.so
7f2eb68cf000-7f2eb68d1000 r--p 00000000 fe:00 4078347                    /usr/lib/librt-2.28.so
7f2eb68d1000-7f2eb68d5000 r-xp 00002000 fe:00 4078347                    /usr/lib/librt-2.28.so
7f2eb68d5000-7f2eb68d7000 r--p 00006000 fe:00 4078347                    /usr/lib/librt-2.28.so
7f2eb68d7000-7f2eb68d8000 r--p 00007000 fe:00 4078347                    /usr/lib/librt-2.28.so
7f2eb68d8000-7f2eb68d9000 rw-p 00008000 fe:00 4078347                    /usr/lib/librt-2.28.so
7f2eb68d9000-7f2eb68da000 ---p 00000000 00:00 0 
7f2eb68da000-7f2eb68dd000 ---p 00000000 00:00 0 
7f2eb68dd000-7f2eb69da000 rw-p 00000000 00:00 0 
7f2eb69da000-7f2eb69e7000 r--p 00000000 fe:00 4071870                    /usr/lib/libm-2.28.so
7f2eb69e7000-7f2eb6a88000 r-xp 0000d000 fe:00 4071870                    /usr/lib/libm-2.28.so
7f2eb6a88000-7f2eb6b5d000 r--p 000ae000 fe:00 4071870                    /usr/lib/libm-2.28.so
7f2eb6b5d000-7f2eb6b5e000 r--p 00182000 fe:00 4071870                    /usr/lib/libm-2.28.so
7f2eb6b5e000-7f2eb6b5f000 rw-p 00183000 fe:00 4071870                    /usr/lib/libm-2.28.so
7f2eb6b5f000-7f2eb6d50000 r--p 00000000 fe:00 4983102                    /usr/lib/jvm/java-8-openjdk/jre/lib/amd64/server/libjvm.so
7f2eb6d50000-7f2eb75c3000 r-xp 001f1000 fe:00 4983102                    /usr/lib/jvm/java-8-openjdk/jre/lib/amd64/server/libjvm.so
7f2eb75c3000-7f2eb7763000 r--p 00a64000 fe:00 4983102                    /usr/lib/jvm/java-8-openjdk/jre/lib/amd64/server/libjvm.so
7f2eb7763000-7f2eb7764000 ---p 00c04000 fe:00 4983102                    /usr/lib/jvm/java-8-openjdk/jre/lib/amd64/server/libjvm.so
7f2eb7764000-7f2eb77f9000 r--p 00c04000 fe:00 4983102                    /usr/lib/jvm/java-8-openjdk/jre/lib/amd64/server/libjvm.so
7f2eb77f9000-7f2eb7821000 rw-p 00c99000 fe:00 4983102                    /usr/lib/jvm/java-8-openjdk/jre/lib/amd64/server/libjvm.so
7f2eb7821000-7f2eb7853000 rw-p 00000000 00:00 0 
7f2eb7853000-7f2eb7859000 r--p 00000000 fe:00 4071899                    /usr/lib/libpthread-2.28.so
7f2eb7859000-7f2eb7868000 r-xp 00006000 fe:00 4071899                    /usr/lib/libpthread-2.28.so
7f2eb7868000-7f2eb786e000 r--p 00015000 fe:00 4071899                    /usr/lib/libpthread-2.28.so
7f2eb786e000-7f2eb786f000 r--p 0001a000 fe:00 4071899                    /usr/lib/libpthread-2.28.so
7f2eb786f000-7f2eb7870000 rw-p 0001b000 fe:00 4071899                    /usr/lib/libpthread-2.28.so
7f2eb7870000-7f2eb7874000 rw-p 00000000 00:00 0 
7f2eb7874000-7f2eb7875000 r--p 00000000 fe:00 4071864                    /usr/lib/libdl-2.28.so
7f2eb7875000-7f2eb7876000 r-xp 00001000 fe:00 4071864                    /usr/lib/libdl-2.28.so
7f2eb7876000-7f2eb7877000 r--p 00002000 fe:00 4071864                    /usr/lib/libdl-2.28.so
7f2eb7877000-7f2eb7878000 r--p 00002000 fe:00 4071864                    /usr/lib/libdl-2.28.so
7f2eb7878000-7f2eb7879000 rw-p 00003000 fe:00 4071864                    /usr/lib/libdl-2.28.so
7f2eb7879000-7f2eb788f000 r-xp 00000000 fe:00 4069349                    /usr/lib/libz.so.1.2.11
7f2eb788f000-7f2eb7a8e000 ---p 00016000 fe:00 4069349                    /usr/lib/libz.so.1.2.11
7f2eb7a8e000-7f2eb7a8f000 r--p 00015000 fe:00 4069349                    /usr/lib/libz.so.1.2.11
7f2eb7a8f000-7f2eb7a90000 rw-p 00016000 fe:00 4069349                    /usr/lib/libz.so.1.2.11
7f2eb7a90000-7f2eb7ab2000 r--p 00000000 fe:00 4071855                    /usr/lib/libc-2.28.so
7f2eb7ab2000-7f2eb7bfd000 r-xp 00022000 fe:00 4071855                    /usr/lib/libc-2.28.so
7f2eb7bfd000-7f2eb7c49000 r--p 0016d000 fe:00 4071855                    /usr/lib/libc-2.28.so
7f2eb7c49000-7f2eb7c4a000 ---p 001b9000 fe:00 4071855                    /usr/lib/libc-2.28.so
7f2eb7c4a000-7f2eb7c4e000 r--p 001b9000 fe:00 4071855                    /usr/lib/libc-2.28.so
7f2eb7c4e000-7f2eb7c50000 rw-p 001bd000 fe:00 4071855                    /usr/lib/libc-2.28.so
7f2eb7c50000-7f2eb7c54000 rw-p 00000000 00:00 0 
7f2eb7c54000-7f2eb7c55000 rw-s 00000000 00:06 567                        /dev/nvidiactl
7f2eb7c55000-7f2eb7c5a000 rw-p 00000000 00:00 0 
7f2eb7c5a000-7f2eb7c62000 rw-s 00000000 00:2c 37                         /tmp/hsperfdata_joseph/20957
7f2eb7c62000-7f2eb7c63000 rw-p 00000000 00:00 0 
7f2eb7c63000-7f2eb7c64000 r--p 00000000 00:00 0 
7f2eb7c64000-7f2eb7c71000 r--p 00000000 fe:00 4983038                    /usr/lib/jvm/java-8-openjdk/jre/lib/amd64/libjava.so
7f2eb7c71000-7f2eb7c89000 r-xp 0000d000 fe:00 4983038                    /usr/lib/jvm/java-8-openjdk/jre/lib/amd64/libjava.so
7f2eb7c89000-7f2eb7c90000 r--p 00025000 fe:00 4983038                    /usr/lib/jvm/java-8-openjdk/jre/lib/amd64/libjava.so
7f2eb7c90000-7f2eb7c91000 ---p 0002c000 fe:00 4983038                    /usr/lib/jvm/java-8-openjdk/jre/lib/amd64/libjava.so
7f2eb7c91000-7f2eb7c92000 r--p 0002c000 fe:00 4983038                    /usr/lib/jvm/java-8-openjdk/jre/lib/amd64/libjava.so
7f2eb7c92000-7f2eb7c93000 rw-p 0002d000 fe:00 4983038                    /usr/lib/jvm/java-8-openjdk/jre/lib/amd64/libjava.so
7f2eb7c93000-7f2eb7c94000 rw-p 00000000 00:00 0 
7f2eb7c94000-7f2eb7c99000 r--p 00000000 fe:00 4983098                    /usr/lib/jvm/java-8-openjdk/jre/lib/amd64/libverify.so
7f2eb7c99000-7f2eb7ca0000 r-xp 00005000 fe:00 4983098                    /usr/lib/jvm/java-8-openjdk/jre/lib/amd64/libverify.so
7f2eb7ca0000-7f2eb7ca2000 r--p 0000c000 fe:00 4983098                    /usr/lib/jvm/java-8-openjdk/jre/lib/amd64/libverify.so
7f2eb7ca2000-7f2eb7ca4000 r--p 0000d000 fe:00 4983098                    /usr/lib/jvm/java-8-openjdk/jre/lib/amd64/libverify.so
7f2eb7ca4000-7f2eb7ca5000 rw-p 0000f000 fe:00 4983098                    /usr/lib/jvm/java-8-openjdk/jre/lib/amd64/libverify.so
7f2eb7ca5000-7f2eb7ca7000 r--p 00000000 fe:00 4982149                    /usr/lib/jvm/java-8-openjdk/jre/lib/amd64/jli/libjli.so
7f2eb7ca7000-7f2eb7cb0000 r-xp 00002000 fe:00 4982149                    /usr/lib/jvm/java-8-openjdk/jre/lib/amd64/jli/libjli.so
7f2eb7cb0000-7f2eb7cb3000 r--p 0000b000 fe:00 4982149                    /usr/lib/jvm/java-8-openjdk/jre/lib/amd64/jli/libjli.so
7f2eb7cb3000-7f2eb7cb4000 r--p 0000d000 fe:00 4982149                    /usr/lib/jvm/java-8-openjdk/jre/lib/amd64/jli/libjli.so
7f2eb7cb4000-7f2eb7cb5000 rw-p 0000e000 fe:00 4982149                    /usr/lib/jvm/java-8-openjdk/jre/lib/amd64/jli/libjli.so
7f2eb7cb5000-7f2eb7cb7000 rw-p 00000000 00:00 0 
7f2eb7cb7000-7f2eb7cb9000 r--p 00000000 fe:00 4071843                    /usr/lib/ld-2.28.so
7f2eb7cb9000-7f2eb7cd8000 r-xp 00002000 fe:00 4071843                    /usr/lib/ld-2.28.so
7f2eb7cd8000-7f2eb7ce0000 r--p 00021000 fe:00 4071843                    /usr/lib/ld-2.28.so
7f2eb7ce0000-7f2eb7ce1000 r--p 00028000 fe:00 4071843                    /usr/lib/ld-2.28.so
7f2eb7ce1000-7f2eb7ce2000 rw-p 00029000 fe:00 4071843                    /usr/lib/ld-2.28.so
7f2eb7ce2000-7f2eb7ce3000 rw-p 00000000 00:00 0 
7ffe35118000-7ffe35139000 rw-p 00000000 00:00 0                          [stack]
7ffe35183000-7ffe35186000 r--p 00000000 00:00 0                          [vvar]
7ffe35186000-7ffe35188000 r-xp 00000000 00:00 0                          [vdso]
ffffffffff600000-ffffffffff601000 r-xp 00000000 00:00 0                  [vsyscall]

VM Arguments:
jvm_args: -Xmx256M -Xms32M -Xbootclasspath/a:/usr/share/scala/lib/jline.jar:/usr/share/scala/lib/scala-compiler-doc.jar:/usr/share/scala/lib/scala-compiler.jar:/usr/share/scala/lib/scala-library.jar:/usr/share/scala/lib/scalap.jar:/usr/share/scala/lib/scala-reflect.jar:/usr/share/scala/lib/scala-repl-jline-embedded.jar:/usr/share/scala/lib/scala-repl-jline.jar:/usr/share/scala/lib/scala-swing_2.12-2.0.3.jar:/usr/share/scala/lib/scala-xml_2.12-1.0.6.jar -Dscala.boot.class.path=/usr/share/scala/lib/jline.jar:/usr/share/scala/lib/scala-compiler-doc.jar:/usr/share/scala/lib/scala-compiler.jar:/usr/share/scala/lib/scala-library.jar:/usr/share/scala/lib/scalap.jar:/usr/share/scala/lib/scala-reflect.jar:/usr/share/scala/lib/scala-repl-jline-embedded.jar:/usr/share/scala/lib/scala-repl-jline.jar:/usr/share/scala/lib/scala-swing_2.12-2.0.3.jar:/usr/share/scala/lib/scala-xml_2.12-1.0.6.jar -Dscala.home=/usr/share/scala -Dscala.usejavacp=true 
java_command: scala.tools.nsc.MainGenericRunner Main
java_class_path (initial): ""
Launcher Type: SUN_STANDARD

Environment Variables:
PATH=/opt/java/jdk-11.0.2/bin:/usr/local/sbin:/usr/local/bin:/usr/bin:/opt/android-sdk/platform-tools:/opt/android-sdk/tools:/opt/android-sdk/tools/bin:/var/lib/flatpak/exports/bin:/usr/lib/jvm/default/bin:/usr/bin/site_perl:/usr/bin/vendor_perl:/usr/bin/core_perl
SHELL=/usr/bin/fish
DISPLAY=:0

Signal Handlers:
SIGSEGV: [libjvm.so+0xa32bd0], sa_mask[0]=11111111011111111101111111111110, sa_flags=SA_RESTART|SA_SIGINFO
SIGBUS: [libjvm.so+0xa32bd0], sa_mask[0]=11111111011111111101111111111110, sa_flags=SA_RESTART|SA_SIGINFO
SIGFPE: [libjvm.so+0x88ebd0], sa_mask[0]=11111111011111111101111111111110, sa_flags=SA_RESTART|SA_SIGINFO
SIGPIPE: [libjvm.so+0x88ebd0], sa_mask[0]=11111111011111111101111111111110, sa_flags=SA_RESTART|SA_SIGINFO
SIGXFSZ: [libjvm.so+0x88ebd0], sa_mask[0]=11111111011111111101111111111110, sa_flags=SA_RESTART|SA_SIGINFO
SIGILL: [libjvm.so+0x88ebd0], sa_mask[0]=11111111011111111101111111111110, sa_flags=SA_RESTART|SA_SIGINFO
SIGUSR1: SIG_DFL, sa_mask[0]=00000000000000000000000000000000, sa_flags=none
SIGUSR2: [libjvm.so+0x88ea60], sa_mask[0]=00100000000000000000000000000000, sa_flags=SA_RESTART|SA_SIGINFO
SIGHUP: [libjvm.so+0x88ee70], sa_mask[0]=11111111011111111101111111111110, sa_flags=SA_RESTART|SA_SIGINFO
SIGINT: [libjvm.so+0x88ee70], sa_mask[0]=11111111011111111101111111111110, sa_flags=SA_RESTART|SA_SIGINFO
SIGTERM: [libjvm.so+0x88ee70], sa_mask[0]=11111111011111111101111111111110, sa_flags=SA_RESTART|SA_SIGINFO
SIGQUIT: [libjvm.so+0x88ee70], sa_mask[0]=11111111011111111101111111111110, sa_flags=SA_RESTART|SA_SIGINFO


---------------  S Y S T E M  ---------------

OS:DISTRIB_ID=ManjaroLinux
DISTRIB_RELEASE=18.0.4
DISTRIB_CODENAME=Illyria
DISTRIB_DESCRIPTION="Manjaro Linux"

uname:Linux 4.14.109-1-MANJARO #1 SMP PREEMPT Wed Mar 27 18:51:38 UTC 2019 x86_64
libc:glibc 2.28 NPTL 2.28 
rlimit: STACK 8192k, CORE infinity, NPROC 30719, NOFILE 1048576, AS infinity
load average:1.87 1.53 1.30

/proc/meminfo:
MemTotal:        8109564 kB
MemFree:          333712 kB
MemAvailable:    1607000 kB
Buffers:           88248 kB
Cached:          1657972 kB
SwapCached:        25644 kB
Active:          5698016 kB
Inactive:        1478884 kB
Active(anon):    4958536 kB
Inactive(anon):   770624 kB
Active(file):     739480 kB
Inactive(file):   708260 kB
Unevictable:          48 kB
Mlocked:              48 kB
SwapTotal:       8290300 kB
SwapFree:        7646716 kB
Dirty:              2548 kB
Writeback:            20 kB
AnonPages:       5411124 kB
Mapped:          1062176 kB
Shmem:            298500 kB
Slab:             202580 kB
SReclaimable:      89404 kB
SUnreclaim:       113176 kB
KernelStack:       15840 kB
PageTables:        49396 kB
NFS_Unstable:          0 kB
Bounce:                0 kB
WritebackTmp:          0 kB
CommitLimit:    12345080 kB
Committed_AS:   12396184 kB
VmallocTotal:   34359738367 kB
VmallocUsed:           0 kB
VmallocChunk:          0 kB
HardwareCorrupted:     0 kB
AnonHugePages:   1345536 kB
ShmemHugePages:        0 kB
ShmemPmdMapped:        0 kB
HugePages_Total:       0
HugePages_Free:        0
HugePages_Rsvd:        0
HugePages_Surp:        0
Hugepagesize:       2048 kB
DirectMap4k:      713636 kB
DirectMap2M:     7612416 kB
DirectMap1G:     1048576 kB

container (cgroup) information:
container_type: cgroupv1
cpu_cpuset_cpus: 0-3
cpu_memory_nodes: 0
active_processor_count: 4
cpu_quota: -1
cpu_period: 100000
cpu_shares: -1
memory_limit_in_bytes: -1
memory_and_swap_limit_in_bytes: -1
memory_soft_limit_in_bytes: -1
memory_usage_in_bytes: 6930337792
memory_max_usage_in_bytes: 7247728640


CPU:total 4 (initial active 4) (2 cores per cpu, 2 threads per core) family 6 model 60 stepping 3, cmov, cx8, fxsr, mmx, sse, sse2, sse3, ssse3, sse4.1, sse4.2, popcnt, avx, avx2, aes, clmul, erms, lzcnt, ht, tsc, tscinvbit, bmi1, bmi2

/proc/cpuinfo:
processor	: 0
vendor_id	: GenuineIntel
cpu family	: 6
model		: 60
model name	: Intel(R) Core(TM) i3-4130 CPU @ 3.40GHz
stepping	: 3
microcode	: 0x25
cpu MHz		: 3392.299
cache size	: 3072 KB
physical id	: 0
siblings	: 4
core id		: 0
cpu cores	: 2
apicid		: 0
initial apicid	: 0
fpu		: yes
fpu_exception	: yes
cpuid level	: 13
wp		: yes
flags		: fpu vme de pse tsc msr pae mce cx8 apic sep mtrr pge mca cmov pat pse36 clflush dts acpi mmx fxsr sse sse2 ss ht tm pbe syscall nx pdpe1gb rdtscp lm constant_tsc arch_perfmon pebs bts rep_good nopl xtopology nonstop_tsc cpuid aperfmperf pni pclmulqdq dtes64 monitor ds_cpl vmx est tm2 ssse3 sdbg fma cx16 xtpr pdcm pcid sse4_1 sse4_2 movbe popcnt tsc_deadline_timer aes xsave avx f16c rdrand lahf_lm abm cpuid_fault epb invpcid_single pti ssbd ibrs ibpb stibp tpr_shadow vnmi flexpriority ept vpid fsgsbase tsc_adjust bmi1 avx2 smep bmi2 erms invpcid xsaveopt dtherm arat pln pts flush_l1d
bugs		: cpu_meltdown spectre_v1 spectre_v2 spec_store_bypass l1tf
bogomips	: 6787.28
clflush size	: 64
cache_alignment	: 64
address sizes	: 39 bits physical, 48 bits virtual
power management:

processor	: 1
vendor_id	: GenuineIntel
cpu family	: 6
model		: 60
model name	: Intel(R) Core(TM) i3-4130 CPU @ 3.40GHz
stepping	: 3
microcode	: 0x25
cpu MHz		: 3392.299
cache size	: 3072 KB
physical id	: 0
siblings	: 4
core id		: 1
cpu cores	: 2
apicid		: 2
initial apicid	: 2
fpu		: yes
fpu_exception	: yes
cpuid level	: 13
wp		: yes
flags		: fpu vme de pse tsc msr pae mce cx8 apic sep mtrr pge mca cmov pat pse36 clflush dts acpi mmx fxsr sse sse2 ss ht tm pbe syscall nx pdpe1gb rdtscp lm constant_tsc arch_perfmon pebs bts rep_good nopl xtopology nonstop_tsc cpuid aperfmperf pni pclmulqdq dtes64 monitor ds_cpl vmx est tm2 ssse3 sdbg fma cx16 xtpr pdcm pcid sse4_1 sse4_2 movbe popcnt tsc_deadline_timer aes xsave avx f16c rdrand lahf_lm abm cpuid_fault epb invpcid_single pti ssbd ibrs ibpb stibp tpr_shadow vnmi flexpriority ept vpid fsgsbase tsc_adjust bmi1 avx2 smep bmi2 erms invpcid xsaveopt dtherm arat pln pts flush_l1d
bugs		: cpu_meltdown spectre_v1 spectre_v2 spec_store_bypass l1tf
bogomips	: 6787.28
clflush size	: 64
cache_alignment	: 64
address sizes	: 39 bits physical, 48 bits virtual
power management:

processor	: 2
vendor_id	: GenuineIntel
cpu family	: 6
model		: 60
model name	: Intel(R) Core(TM) i3-4130 CPU @ 3.40GHz
stepping	: 3
microcode	: 0x25
cpu MHz		: 3392.298
cache size	: 3072 KB
physical id	: 0
siblings	: 4
core id		: 0
cpu cores	: 2
apicid		: 1
initial apicid	: 1
fpu		: yes
fpu_exception	: yes
cpuid level	: 13
wp		: yes
flags		: fpu vme de pse tsc msr pae mce cx8 apic sep mtrr pge mca cmov pat pse36 clflush dts acpi mmx fxsr sse sse2 ss ht tm pbe syscall nx pdpe1gb rdtscp lm constant_tsc arch_perfmon pebs bts rep_good nopl xtopology nonstop_tsc cpuid aperfmperf pni pclmulqdq dtes64 monitor ds_cpl vmx est tm2 ssse3 sdbg fma cx16 xtpr pdcm pcid sse4_1 sse4_2 movbe popcnt tsc_deadline_timer aes xsave avx f16c rdrand lahf_lm abm cpuid_fault epb invpcid_single pti ssbd ibrs ibpb stibp tpr_shadow vnmi flexpriority ept vpid fsgsbase tsc_adjust bmi1 avx2 smep bmi2 erms invpcid xsaveopt dtherm arat pln pts flush_l1d
bugs		: cpu_meltdown spectre_v1 spectre_v2 spec_store_bypass l1tf
bogomips	: 6787.28
clflush size	: 64
cache_alignment	: 64
address sizes	: 39 bits physical, 48 bits virtual
power management:

processor	: 3
vendor_id	: GenuineIntel
cpu family	: 6
model		: 60
model name	: Intel(R) Core(TM) i3-4130 CPU @ 3.40GHz
stepping	: 3
microcode	: 0x25
cpu MHz		: 3392.298
cache size	: 3072 KB
physical id	: 0
siblings	: 4
core id		: 1
cpu cores	: 2
apicid		: 3
initial apicid	: 3
fpu		: yes
fpu_exception	: yes
cpuid level	: 13
wp		: yes
flags		: fpu vme de pse tsc msr pae mce cx8 apic sep mtrr pge mca cmov pat pse36 clflush dts acpi mmx fxsr sse sse2 ss ht tm pbe syscall nx pdpe1gb rdtscp lm constant_tsc arch_perfmon pebs bts rep_good nopl xtopology nonstop_tsc cpuid aperfmperf pni pclmulqdq dtes64 monitor ds_cpl vmx est tm2 ssse3 sdbg fma cx16 xtpr pdcm pcid sse4_1 sse4_2 movbe popcnt tsc_deadline_timer aes xsave avx f16c rdrand lahf_lm abm cpuid_fault epb invpcid_single pti ssbd ibrs ibpb stibp tpr_shadow vnmi flexpriority ept vpid fsgsbase tsc_adjust bmi1 avx2 smep bmi2 erms invpcid xsaveopt dtherm arat pln pts flush_l1d
bugs		: cpu_meltdown spectre_v1 spectre_v2 spec_store_bypass l1tf
bogomips	: 6787.28
clflush size	: 64
cache_alignment	: 64
address sizes	: 39 bits physical, 48 bits virtual
power management:



Memory: 4k page, physical 8109564k(333344k free), swap 8290300k(7646716k free)

vm_info: OpenJDK 64-Bit Server VM (25.212-b01) for linux-amd64 JRE (1.8.0_212-b01), built on Mar 21 2019 23:20:35 by "builduser" with gcc 8.2.1 20181127

time: Sun Apr  7 15:31:39 2019
timezone: BST
elapsed time: 1 seconds (0d 0h 0m 1s)

