#
# A fatal error has been detected by the Java Runtime Environment:
#
#  SIGSEGV (0xb) at pc=0x0000000000000000, pid=30652, tid=0x00007fe638c1e700
#
# JRE version: OpenJDK Runtime Environment (8.0_212-b01) (build 1.8.0_212-b01)
# Java VM: OpenJDK 64-Bit Server VM (25.212-b01 mixed mode linux-amd64 compressed oops)
# Problematic frame:
# C  0x0000000000000000
#
# Core dump written. Default location: /home/joseph/Documents/Programming/Graphics/OpenGLProject/out/production/OpenGLProject/core or core.30652
#
# If you would like to submit a bug report, please visit:
#   http://bugreport.java.com/bugreport/crash.jsp
# The crash happened outside the Java Virtual Machine in native code.
# See problematic frame for where to report the bug.
#

---------------  T H R E A D  ---------------

Current thread (0x00007fe63400b800):  JavaThread "main" [_thread_in_native, id=30653, stack(0x00007fe638b1f000,0x00007fe638c1f000)]

siginfo: si_signo: 11 (SIGSEGV), si_code: 1 (SEGV_MAPERR), si_addr: 0x0000000000000000

Registers:
RAX=0x0000000000000000, RBX=0x0000000000000001, RCX=0x00007fe638c1c470, RDX=0x00007fe63400b800
RSP=0x00007fe638c1c398, RBP=0x00007fe638c1c420, RSI=0x00007fe63400b800, RDI=0x0000000000000001
R8 =0x00007fe639e95720, R9 =0x00007fe638c1e700, R10=0x0000000000000000, R11=0x00007fe61ddaddbc
R12=0x0000000000000000, R13=0x00007fe61df35438, R14=0x00007fe638c1c540, R15=0x00007fe63400b800
RIP=0x0000000000000000, EFLAGS=0x0000000000010246, CSGSFS=0x002b000000000033, ERR=0x0000000000000014
  TRAPNO=0x000000000000000e

Top of Stack: (sp=0x00007fe638c1c398)
0x00007fe638c1c398:   00007fe61ddaddf9 0000000000000000
0x00007fe638c1c3a8:   0000000100000000 00007fe638c1c470
0x00007fe638c1c3b8:   00007fe63400b800 0000000000000000
0x00007fe638c1c3c8:   0000000000000000 0000000000000000
0x00007fe638c1c3d8:   0000000000000000 0000000000000000
0x00007fe638c1c3e8:   0000000000000000 0000000000000000
0x00007fe638c1c3f8:   0000000000000000 00007fe635504660
0x00007fe638c1c408:   a3081a5b75329b00 0000000000000001
0x00007fe638c1c418:   0000000000000001 00007fe638c1c4b0
0x00007fe638c1c428:   00007fe61ddaf61d 00007f011df35438
0x00007fe638c1c438:   00007fe638c1c540 00007fe638c1c528
0x00007fe638c1c448:   00007fe63400b9e0 00007fe61df35438
0x00007fe638c1c458:   00007fe63400b800 00007fe635504660
0x00007fe638c1c468:   00007fe63400b800 00007fe638c1c480
0x00007fe638c1c478:   000000000000000f 66656d6f73657761
0x00007fe638c1c488:   00676e702e656361 00007fe61df35438
0x00007fe638c1c498:   a3081a5b75329b00 00007fe638c1c518
0x00007fe638c1c4a8:   00007fe61df35438 00007fe638c1c518
0x00007fe638c1c4b8:   00007fe625018407 00007fe638c1c518
0x00007fe638c1c4c8:   00007fe625018167 00007fe625018122
0x00007fe638c1c4d8:   00007fe638c1c4d8 00007fe61df35438
0x00007fe638c1c4e8:   00007fe638c1c540 00007fe61df35688
0x00007fe638c1c4f8:   0000000000000000 00007fe61df35438
0x00007fe638c1c508:   0000000000000000 00007fe638c1c538
0x00007fe638c1c518:   00007fe638c1c590 00007fe625007a40
0x00007fe638c1c528:   00000000fab1bff8 00007fe625011a56
0x00007fe638c1c538:   0000000000000001 00000000fab19008
0x00007fe638c1c548:   00000000fab0ec00 00007fe638c1c550
0x00007fe638c1c558:   00007fe61df31e42 00007fe638c1c5a8
0x00007fe638c1c568:   00007fe61df32428 0000000000000000
0x00007fe638c1c578:   00007fe61df31ed0 00007fe638c1c538
0x00007fe638c1c588:   00007fe638c1c5a8 00007fe638c1c5f0 

Instructions: (pc=0x0000000000000000)
0xffffffffffffffe0:   

Register to memory mapping:

RAX=0x0000000000000000 is an unknown value
RBX=0x0000000000000001 is an unknown value
RCX=0x00007fe638c1c470 is pointing into the stack for thread: 0x00007fe63400b800
RDX=0x00007fe63400b800 is a thread
RSP=0x00007fe638c1c398 is pointing into the stack for thread: 0x00007fe63400b800
RBP=0x00007fe638c1c420 is pointing into the stack for thread: 0x00007fe63400b800
RSI=0x00007fe63400b800 is a thread
RDI=0x0000000000000001 is an unknown value
R8 =0x00007fe639e95720: <offset 0x1c0720> in /usr/lib/libc.so.6 at 0x00007fe639cd5000
R9 =0x00007fe638c1e700 is pointing into the stack for thread: 0x00007fe63400b800
R10=0x0000000000000000 is an unknown value
R11=0x00007fe61ddaddbc: _ZN4core15generateTextureEPjNSt7__cxx1112basic_stringIcSt11char_traitsIcESaIcEEEb+0 in /home/joseph/Documents/Programming/Graphics/OpenGLProject/cmake-build-debug/libOpenGLProject.so at 0x00007fe61dd72000
R12=0x0000000000000000 is an unknown value
R13={method} {0x00007fe61df35438} 'generateTexture' '(Ljava/lang/String;Z)I' in 'jni/GLWrapper'
R14=0x00007fe638c1c540 is pointing into the stack for thread: 0x00007fe63400b800
R15=0x00007fe63400b800 is a thread


Stack: [0x00007fe638b1f000,0x00007fe638c1f000],  sp=0x00007fe638c1c398,  free space=1012k
Java frames: (J=compiled Java code, j=interpreted, Vv=VM code)
j  jni.GLWrapper.generateTexture(Ljava/lang/String;Z)I+0
j  Main$.delayedEndpoint$Main$1()V+50
j  Main$delayedInit$body.apply()Ljava/lang/Object;+4
j  scala.Function0.apply$mcV$sp()V+1
j  scala.Function0.apply$mcV$sp$(Lscala/Function0;)V+1
j  scala.runtime.AbstractFunction0.apply$mcV$sp()V+1
j  scala.App.$anonfun$main$1(Lscala/Function0;)V+1
j  scala.App.$anonfun$main$1$adapted(Lscala/Function0;)Ljava/lang/Object;+1
j  scala.App$$Lambda$128.apply(Ljava/lang/Object;)Ljava/lang/Object;+4
j  scala.collection.immutable.List.foreach(Lscala/Function1;)V+14
j  scala.collection.generic.TraversableForwarder.foreach(Lscala/Function1;)V+7
j  scala.collection.generic.TraversableForwarder.foreach$(Lscala/collection/generic/TraversableForwarder;Lscala/Function1;)V+2
j  scala.collection.mutable.ListBuffer.foreach(Lscala/Function1;)V+2
j  scala.App.main([Ljava/lang/String;)V+18
j  scala.App.main$(Lscala/App;[Ljava/lang/String;)V+2
j  Main$.main([Ljava/lang/String;)V+2
j  Main.main([Ljava/lang/String;)V+4
v  ~StubRoutines::call_stub
j  sun.reflect.NativeMethodAccessorImpl.invoke0(Ljava/lang/reflect/Method;Ljava/lang/Object;[Ljava/lang/Object;)Ljava/lang/Object;+0
j  sun.reflect.NativeMethodAccessorImpl.invoke(Ljava/lang/Object;[Ljava/lang/Object;)Ljava/lang/Object;+100
j  sun.reflect.DelegatingMethodAccessorImpl.invoke(Ljava/lang/Object;[Ljava/lang/Object;)Ljava/lang/Object;+6
j  java.lang.reflect.Method.invoke(Ljava/lang/Object;[Ljava/lang/Object;)Ljava/lang/Object;+56
j  scala.reflect.internal.util.ScalaClassLoader.$anonfun$run$2(Lscala/collection/Seq;Ljava/lang/reflect/Method;)Ljava/lang/Object;+27
j  scala.reflect.internal.util.ScalaClassLoader$$Lambda$127.apply()Ljava/lang/Object;+8
j  scala.reflect.internal.util.ScalaClassLoader.asContext(Lscala/Function0;)Ljava/lang/Object;+18
j  scala.reflect.internal.util.ScalaClassLoader.asContext$(Lscala/reflect/internal/util/ScalaClassLoader;Lscala/Function0;)Ljava/lang/Object;+2
j  scala.reflect.internal.util.ScalaClassLoader$URLClassLoader.asContext(Lscala/Function0;)Ljava/lang/Object;+2
j  scala.reflect.internal.util.ScalaClassLoader.run(Ljava/lang/String;Lscala/collection/Seq;)V+90
j  scala.reflect.internal.util.ScalaClassLoader.run$(Lscala/reflect/internal/util/ScalaClassLoader;Ljava/lang/String;Lscala/collection/Seq;)V+3
j  scala.reflect.internal.util.ScalaClassLoader$URLClassLoader.run(Ljava/lang/String;Lscala/collection/Seq;)V+3
j  scala.tools.nsc.CommonRunner.run(Lscala/collection/Seq;Ljava/lang/String;Lscala/collection/Seq;)V+15
j  scala.tools.nsc.CommonRunner.run$(Lscala/tools/nsc/CommonRunner;Lscala/collection/Seq;Ljava/lang/String;Lscala/collection/Seq;)V+4
j  scala.tools.nsc.ObjectRunner$.run(Lscala/collection/Seq;Ljava/lang/String;Lscala/collection/Seq;)V+4
j  scala.tools.nsc.CommonRunner.runAndCatch(Lscala/collection/Seq;Ljava/lang/String;Lscala/collection/Seq;)Lscala/util/Either;+4
j  scala.tools.nsc.CommonRunner.runAndCatch$(Lscala/tools/nsc/CommonRunner;Lscala/collection/Seq;Ljava/lang/String;Lscala/collection/Seq;)Lscala/util/Either;+4
j  scala.tools.nsc.ObjectRunner$.runAndCatch(Lscala/collection/Seq;Ljava/lang/String;Lscala/collection/Seq;)Lscala/util/Either;+4
j  scala.tools.nsc.MainGenericRunner.runTarget$1(Lscala/tools/nsc/GenericRunnerCommand;)Lscala/util/Either;+39
j  scala.tools.nsc.MainGenericRunner.run$1(Lscala/tools/nsc/GenericRunnerCommand;)Z+1
j  scala.tools.nsc.MainGenericRunner.process([Ljava/lang/String;)Z+128
j  scala.tools.nsc.MainGenericRunner$.main([Ljava/lang/String;)V+2
j  scala.tools.nsc.MainGenericRunner.main([Ljava/lang/String;)V+4
v  ~StubRoutines::call_stub

---------------  P R O C E S S  ---------------

Java Threads: ( => current thread )
  0x00007fe6340c2000 JavaThread "Service Thread" daemon [_thread_blocked, id=30665, stack(0x00007fe61e3f1000,0x00007fe61e4f2000)]
  0x00007fe6340be800 JavaThread "C1 CompilerThread2" daemon [_thread_blocked, id=30664, stack(0x00007fe61e4f3000,0x00007fe61e5f3000)]
  0x00007fe6340bd000 JavaThread "C2 CompilerThread1" daemon [_thread_blocked, id=30663, stack(0x00007fe61e5f4000,0x00007fe61e6f4000)]
  0x00007fe6340ba000 JavaThread "C2 CompilerThread0" daemon [_thread_blocked, id=30662, stack(0x00007fe61e6f5000,0x00007fe61e7f5000)]
  0x00007fe6340b8800 JavaThread "Signal Dispatcher" daemon [_thread_blocked, id=30661, stack(0x00007fe61e7f5000,0x00007fe61e8f6000)]
  0x00007fe634085800 JavaThread "Finalizer" daemon [_thread_blocked, id=30660, stack(0x00007fe61ebdc000,0x00007fe61ecdd000)]
  0x00007fe634083000 JavaThread "Reference Handler" daemon [_thread_blocked, id=30659, stack(0x00007fe61ecdd000,0x00007fe61edde000)]
=>0x00007fe63400b800 JavaThread "main" [_thread_in_native, id=30653, stack(0x00007fe638b1f000,0x00007fe638c1f000)]

Other Threads:
  0x00007fe634079000 VMThread [stack: 0x00007fe61eddf000,0x00007fe61eedf000] [id=30658]
  0x00007fe6340ee800 WatcherThread [stack: 0x00007fe61e247000,0x00007fe61e347000] [id=30666]

VM state:not at safepoint (normal execution)

VM Mutex/Monitor currently owned by a thread: None

heap address: 0x00000000f0000000, size: 256 MB, Compressed Oops mode: 32-bit
Narrow klass base: 0x0000000000000000, Narrow klass shift: 3
Compressed class space size: 1073741824 Address: 0x0000000100000000

Heap:
 PSYoungGen      total 9728K, used 1250K [0x00000000fab00000, 0x00000000fbe00000, 0x0000000100000000)
  eden space 8704K, 2% used [0x00000000fab00000,0x00000000fab39608,0x00000000fb380000)
  from space 1024K, 99% used [0x00000000fb480000,0x00000000fb57f450,0x00000000fb580000)
  to   space 1024K, 0% used [0x00000000fb380000,0x00000000fb380000,0x00000000fb480000)
 ParOldGen       total 22016K, used 622K [0x00000000f0000000, 0x00000000f1580000, 0x00000000fab00000)
  object space 22016K, 2% used [0x00000000f0000000,0x00000000f009b900,0x00000000f1580000)
 Metaspace       used 12691K, capacity 13286K, committed 13440K, reserved 1060864K
  class space    used 1578K, capacity 1660K, committed 1664K, reserved 1048576K

Card table byte_map: [0x00007fe63866d000,0x00007fe6386ee000] byte_map_base: 0x00007fe637eed000

Marking Bits: (ParMarkBitMap*) 0x00007fe639a79c80
 Begin Bits: [0x00007fe624800000, 0x00007fe624c00000)
 End Bits:   [0x00007fe624c00000, 0x00007fe625000000)

Polling page: 0x00007fe639ea8000

CodeCache: size=245760Kb used=2463Kb max_used=2463Kb free=243296Kb
 bounds [0x00007fe625000000, 0x00007fe625270000, 0x00007fe634000000]
 total_blobs=992 nmethods=680 adapters=227
 compilation: enabled

Compilation events (10 events):
Event: 1.449 Thread 0x00007fe6340be800  673       1       java.lang.invoke.MethodHandles$Lookup::lookupClass (5 bytes)
Event: 1.449 Thread 0x00007fe6340be800 nmethod 673 0x00007fe625265690 code [0x00007fe6252657e0, 0x00007fe6252658f0]
Event: 1.449 Thread 0x00007fe6340be800  677       3       java.util.ArrayList::get (11 bytes)
Event: 1.450 Thread 0x00007fe6340be800 nmethod 677 0x00007fe625265950 code [0x00007fe625265ae0, 0x00007fe625265e38]
Event: 1.450 Thread 0x00007fe6340be800  678  s    3       sun.misc.URLClassPath::getNextLoader (88 bytes)
Event: 1.450 Thread 0x00007fe6340be800 nmethod 678 0x00007fe625266250 code [0x00007fe625266440, 0x00007fe625266ca8]
Event: 1.450 Thread 0x00007fe6340be800  679   !   3       sun.misc.URLClassPath$JarLoader::getResource (85 bytes)
Event: 1.450 Thread 0x00007fe6340be800 nmethod 679 0x00007fe625267110 code [0x00007fe625267340, 0x00007fe625267df8]
Event: 1.450 Thread 0x00007fe6340be800  680       1       java.nio.Buffer::position (5 bytes)
Event: 1.450 Thread 0x00007fe6340be800 nmethod 680 0x00007fe625268350 code [0x00007fe6252684a0, 0x00007fe6252685b0]

GC Heap History (4 events):
Event: 1.384 GC heap before
{Heap before GC invocations=1 (full 0):
 PSYoungGen      total 9728K, used 8704K [0x00000000fab00000, 0x00000000fb580000, 0x0000000100000000)
  eden space 8704K, 100% used [0x00000000fab00000,0x00000000fb380000,0x00000000fb380000)
  from space 1024K, 0% used [0x00000000fb480000,0x00000000fb480000,0x00000000fb580000)
  to   space 1024K, 0% used [0x00000000fb380000,0x00000000fb380000,0x00000000fb480000)
 ParOldGen       total 22016K, used 0K [0x00000000f0000000, 0x00000000f1580000, 0x00000000fab00000)
  object space 22016K, 0% used [0x00000000f0000000,0x00000000f0000000,0x00000000f1580000)
 Metaspace       used 12022K, capacity 12438K, committed 12672K, reserved 1060864K
  class space    used 1489K, capacity 1548K, committed 1664K, reserved 1048576K
Event: 1.386 GC heap after
Heap after GC invocations=1 (full 0):
 PSYoungGen      total 9728K, used 1017K [0x00000000fab00000, 0x00000000fb580000, 0x0000000100000000)
  eden space 8704K, 0% used [0x00000000fab00000,0x00000000fab00000,0x00000000fb380000)
  from space 1024K, 99% used [0x00000000fb380000,0x00000000fb47e560,0x00000000fb480000)
  to   space 1024K, 0% used [0x00000000fb480000,0x00000000fb480000,0x00000000fb580000)
 ParOldGen       total 22016K, used 174K [0x00000000f0000000, 0x00000000f1580000, 0x00000000fab00000)
  object space 22016K, 0% used [0x00000000f0000000,0x00000000f002bb68,0x00000000f1580000)
 Metaspace       used 12022K, capacity 12438K, committed 12672K, reserved 1060864K
  class space    used 1489K, capacity 1548K, committed 1664K, reserved 1048576K
}
Event: 1.442 GC heap before
{Heap before GC invocations=2 (full 0):
 PSYoungGen      total 9728K, used 9721K [0x00000000fab00000, 0x00000000fb580000, 0x0000000100000000)
  eden space 8704K, 100% used [0x00000000fab00000,0x00000000fb380000,0x00000000fb380000)
  from space 1024K, 99% used [0x00000000fb380000,0x00000000fb47e560,0x00000000fb480000)
  to   space 1024K, 0% used [0x00000000fb480000,0x00000000fb480000,0x00000000fb580000)
 ParOldGen       total 22016K, used 174K [0x00000000f0000000, 0x00000000f1580000, 0x00000000fab00000)
  object space 22016K, 0% used [0x00000000f0000000,0x00000000f002bb68,0x00000000f1580000)
 Metaspace       used 12612K, capacity 13194K, committed 13440K, reserved 1060864K
  class space    used 1568K, capacity 1654K, committed 1664K, reserved 1048576K
Event: 1.444 GC heap after
Heap after GC invocations=2 (full 0):
 PSYoungGen      total 9728K, used 1021K [0x00000000fab00000, 0x00000000fbe00000, 0x0000000100000000)
  eden space 8704K, 0% used [0x00000000fab00000,0x00000000fab00000,0x00000000fb380000)
  from space 1024K, 99% used [0x00000000fb480000,0x00000000fb57f450,0x00000000fb580000)
  to   space 1024K, 0% used [0x00000000fb380000,0x00000000fb380000,0x00000000fb480000)
 ParOldGen       total 22016K, used 622K [0x00000000f0000000, 0x00000000f1580000, 0x00000000fab00000)
  object space 22016K, 2% used [0x00000000f0000000,0x00000000f009b900,0x00000000f1580000)
 Metaspace       used 12612K, capacity 13194K, committed 13440K, reserved 1060864K
  class space    used 1568K, capacity 1654K, committed 1664K, reserved 1048576K
}

Deoptimization events (2 events):
Event: 0.829 Thread 0x00007fe63400b800 Uncommon trap: reason=unstable_if action=reinterpret pc=0x00007fe6251425fc method=java.lang.String.indexOf(II)I @ 17
Event: 0.844 Thread 0x00007fe63400b800 Uncommon trap: reason=null_check action=make_not_entrant pc=0x00007fe625171b60 method=java.lang.String.equals(Ljava/lang/Object;)Z @ 8

Classes redefined (0 events):
No events

Internal exceptions (10 events):
Event: 1.411 Thread 0x00007fe63400b800 Exception <a 'java/lang/NoSuchMethodError': java.lang.Object.$anonfun$envOrElse$1(Ljava/lang/String;)Ljava/lang/String;> (0x00000000fab87ef0) thrown at [/build/java8-openjdk/src/jdk8u-jdk8u212-b01/hotspot/src/share/vm/interpreter/linkResolver.cpp, line 62
Event: 1.411 Thread 0x00007fe63400b800 Exception <a 'java/lang/NoSuchMethodError': java.lang.Object.$anonfun$envOrElse$2(Ljava/lang/String;)Ljava/lang/String;> (0x00000000fab8c228) thrown at [/build/java8-openjdk/src/jdk8u-jdk8u212-b01/hotspot/src/share/vm/interpreter/linkResolver.cpp, line 62
Event: 1.412 Thread 0x00007fe63400b800 Exception <a 'java/lang/NoSuchMethodError': java.lang.Object.$anonfun$flatten$1(Lscala/Function1;Lscala/collection/mutable/Builder;Ljava/lang/Object;)Lscala/collection/mutable/Builder;> (0x00000000fab950a0) thrown at [/build/java8-openjdk/src/jdk8u-jdk8u2
Event: 1.414 Thread 0x00007fe63400b800 Exception <a 'java/lang/NoSuchMethodError': java.lang.Object.$anonfun$flatMap$1(Lscala/Function1;Lscala/collection/mutable/Builder;Ljava/lang/Object;)Lscala/collection/mutable/Builder;> (0x00000000faba0090) thrown at [/build/java8-openjdk/src/jdk8u-jdk8u2
Event: 1.423 Thread 0x00007fe63400b800 Exception <a 'java/lang/NoSuchMethodError': java.lang.Object.$anonfun$tryClass$1(Lscala/reflect/internal/util/ScalaClassLoader;Ljava/lang/String;Z)Ljava/lang/Class;> (0x00000000fabc3a50) thrown at [/build/java8-openjdk/src/jdk8u-jdk8u212-b01/hotspot/src/s
Event: 1.433 Thread 0x00007fe63400b800 Exception <a 'java/lang/NoSuchMethodError': java.lang.Object.$anonfun$isInfo$1$adapted(Lscala/tools/nsc/settings/MutableSettings$Setting;)Ljava/lang/Object;> (0x00000000fafaa640) thrown at [/build/java8-openjdk/src/jdk8u-jdk8u212-b01/hotspot/src/share/vm/
Event: 1.434 Thread 0x00007fe63400b800 Exception <a 'java/lang/NoSuchMethodError': java.lang.Object.$anonfun$isInfo$2$adapted(Lscala/tools/nsc/settings/MutableSettings$Setting;)Ljava/lang/Object;> (0x00000000fafae6e8) thrown at [/build/java8-openjdk/src/jdk8u-jdk8u212-b01/hotspot/src/share/vm/
Event: 1.441 Thread 0x00007fe63400b800 Exception <a 'java/lang/NoSuchMethodError': java.lang.Object.$anonfun$run$1(Ljava/lang/String;)Lscala/runtime/Nothing$;> (0x00000000fb37b7e8) thrown at [/build/java8-openjdk/src/jdk8u-jdk8u212-b01/hotspot/src/share/vm/interpreter/linkResolver.cpp, line 62
Event: 1.446 Thread 0x00007fe63400b800 Exception <a 'java/lang/NoSuchMethodError': java.lang.Object.$anonfun$run$2(Lscala/collection/Seq;Ljava/lang/reflect/Method;)Ljava/lang/Object;> (0x00000000fab05c28) thrown at [/build/java8-openjdk/src/jdk8u-jdk8u212-b01/hotspot/src/share/vm/interpreter/l
Event: 1.449 Thread 0x00007fe63400b800 Exception <a 'java/lang/NoSuchMethodError': java.lang.Object.$anonfun$main$1$adapted(Lscala/Function0;)Ljava/lang/Object;> (0x00000000fab12398) thrown at [/build/java8-openjdk/src/jdk8u-jdk8u212-b01/hotspot/src/share/vm/interpreter/linkResolver.cpp, line 

Events (10 events):
Event: 1.448 loading class scala/compat/Platform$
Event: 1.448 loading class scala/compat/Platform$ done
Event: 1.448 loading class Main$delayedInit$body
Event: 1.448 loading class Main$delayedInit$body done
Event: 1.448 loading class scala/runtime/AbstractFunction0
Event: 1.449 loading class scala/runtime/AbstractFunction0 done
Event: 1.449 loading class jni/Vector3
Event: 1.449 loading class jni/Vector3 done
Event: 1.450 loading class jni/GLWrapper
Event: 1.450 loading class jni/GLWrapper done


Dynamic libraries:
f0000000-f1580000 rw-p 00000000 00:00 0 
f1580000-fab00000 ---p 00000000 00:00 0 
fab00000-fbe00000 rw-p 00000000 00:00 0 
fbe00000-100000000 ---p 00000000 00:00 0 
100000000-1001a0000 rw-p 00000000 00:00 0 
1001a0000-140000000 ---p 00000000 00:00 0 
55da44f1b000-55da44f1c000 r--p 00000000 fe:00 4982129                    /usr/lib/jvm/java-8-openjdk/jre/bin/java
55da44f1c000-55da44f1d000 r-xp 00001000 fe:00 4982129                    /usr/lib/jvm/java-8-openjdk/jre/bin/java
55da44f1d000-55da44f1e000 r--p 00002000 fe:00 4982129                    /usr/lib/jvm/java-8-openjdk/jre/bin/java
55da44f1e000-55da44f1f000 r--p 00002000 fe:00 4982129                    /usr/lib/jvm/java-8-openjdk/jre/bin/java
55da44f1f000-55da44f20000 rw-p 00003000 fe:00 4982129                    /usr/lib/jvm/java-8-openjdk/jre/bin/java
55da45397000-55da453b8000 rw-p 00000000 00:00 0                          [heap]
7fe5e8fff000-7fe5ec000000 rw-p 00000000 00:00 0 
7fe5ec000000-7fe5ec021000 rw-p 00000000 00:00 0 
7fe5ec021000-7fe5f0000000 ---p 00000000 00:00 0 
7fe5f0000000-7fe5f0021000 rw-p 00000000 00:00 0 
7fe5f0021000-7fe5f4000000 ---p 00000000 00:00 0 
7fe5f4000000-7fe5f4032000 rw-p 00000000 00:00 0 
7fe5f4032000-7fe5f8000000 ---p 00000000 00:00 0 
7fe5f8000000-7fe5f8065000 rw-p 00000000 00:00 0 
7fe5f8065000-7fe5fc000000 ---p 00000000 00:00 0 
7fe5fc000000-7fe5fc021000 rw-p 00000000 00:00 0 
7fe5fc021000-7fe600000000 ---p 00000000 00:00 0 
7fe600000000-7fe6000b1000 rw-p 00000000 00:00 0 
7fe6000b1000-7fe604000000 ---p 00000000 00:00 0 
7fe604000000-7fe604021000 rw-p 00000000 00:00 0 
7fe604021000-7fe608000000 ---p 00000000 00:00 0 
7fe608000000-7fe608021000 rw-p 00000000 00:00 0 
7fe608021000-7fe60c000000 ---p 00000000 00:00 0 
7fe60c000000-7fe60c021000 rw-p 00000000 00:00 0 
7fe60c021000-7fe610000000 ---p 00000000 00:00 0 
7fe610000000-7fe610021000 rw-p 00000000 00:00 0 
7fe610021000-7fe614000000 ---p 00000000 00:00 0 
7fe614000000-7fe614021000 rw-p 00000000 00:00 0 
7fe614021000-7fe618000000 ---p 00000000 00:00 0 
7fe618000000-7fe618021000 rw-p 00000000 00:00 0 
7fe618021000-7fe61c000000 ---p 00000000 00:00 0 
7fe61d3e3000-7fe61d3e5000 r--p 00000000 fe:00 4073249                    /usr/lib/libXdmcp.so.6.0.0
7fe61d3e5000-7fe61d3e7000 r-xp 00002000 fe:00 4073249                    /usr/lib/libXdmcp.so.6.0.0
7fe61d3e7000-7fe61d3e9000 r--p 00004000 fe:00 4073249                    /usr/lib/libXdmcp.so.6.0.0
7fe61d3e9000-7fe61d3ea000 r--p 00005000 fe:00 4073249                    /usr/lib/libXdmcp.so.6.0.0
7fe61d3ea000-7fe61d3eb000 rw-p 00006000 fe:00 4073249                    /usr/lib/libXdmcp.so.6.0.0
7fe61d3eb000-7fe61d3f0000 r-xp 00000000 fe:00 4069026                    /usr/lib/libXfixes.so.3.1.0
7fe61d3f0000-7fe61d5ef000 ---p 00005000 fe:00 4069026                    /usr/lib/libXfixes.so.3.1.0
7fe61d5ef000-7fe61d5f0000 r--p 00004000 fe:00 4069026                    /usr/lib/libXfixes.so.3.1.0
7fe61d5f0000-7fe61d5f1000 rw-p 00005000 fe:00 4069026                    /usr/lib/libXfixes.so.3.1.0
7fe61d5f1000-7fe61d5f5000 r--p 00000000 fe:00 4073250                    /usr/lib/libXext.so.6.4.0
7fe61d5f5000-7fe61d600000 r-xp 00004000 fe:00 4073250                    /usr/lib/libXext.so.6.4.0
7fe61d600000-7fe61d604000 r--p 0000f000 fe:00 4073250                    /usr/lib/libXext.so.6.4.0
7fe61d604000-7fe61d605000 r--p 00012000 fe:00 4073250                    /usr/lib/libXext.so.6.4.0
7fe61d605000-7fe61d606000 rw-p 00013000 fe:00 4073250                    /usr/lib/libXext.so.6.4.0
7fe61d606000-7fe61d612000 r--p 00000000 fe:00 4073236                    /usr/lib/libxcb.so.1.1.0
7fe61d612000-7fe61d625000 r-xp 0000c000 fe:00 4073236                    /usr/lib/libxcb.so.1.1.0
7fe61d625000-7fe61d62e000 r--p 0001f000 fe:00 4073236                    /usr/lib/libxcb.so.1.1.0
7fe61d62e000-7fe61d62f000 r--p 00027000 fe:00 4073236                    /usr/lib/libxcb.so.1.1.0
7fe61d62f000-7fe61d630000 rw-p 00028000 fe:00 4073236                    /usr/lib/libxcb.so.1.1.0
7fe61d630000-7fe61d633000 r--p 00000000 fe:00 4067439                    /usr/lib/libgcc_s.so.1
7fe61d633000-7fe61d644000 r-xp 00003000 fe:00 4067439                    /usr/lib/libgcc_s.so.1
7fe61d644000-7fe61d647000 r--p 00014000 fe:00 4067439                    /usr/lib/libgcc_s.so.1
7fe61d647000-7fe61d648000 ---p 00017000 fe:00 4067439                    /usr/lib/libgcc_s.so.1
7fe61d648000-7fe61d649000 r--p 00017000 fe:00 4067439                    /usr/lib/libgcc_s.so.1
7fe61d649000-7fe61d64a000 rw-p 00018000 fe:00 4067439                    /usr/lib/libgcc_s.so.1
7fe61d64a000-7fe61d6d3000 r--p 00000000 fe:00 4069301                    /usr/lib/libstdc++.so.6.0.25
7fe61d6d3000-7fe61d78b000 r-xp 00089000 fe:00 4069301                    /usr/lib/libstdc++.so.6.0.25
7fe61d78b000-7fe61d7c8000 r--p 00141000 fe:00 4069301                    /usr/lib/libstdc++.so.6.0.25
7fe61d7c8000-7fe61d7c9000 ---p 0017e000 fe:00 4069301                    /usr/lib/libstdc++.so.6.0.25
7fe61d7c9000-7fe61d7d5000 r--p 0017e000 fe:00 4069301                    /usr/lib/libstdc++.so.6.0.25
7fe61d7d5000-7fe61d7d6000 rw-p 0018a000 fe:00 4069301                    /usr/lib/libstdc++.so.6.0.25
7fe61d7d6000-7fe61d7d9000 rw-p 00000000 00:00 0 
7fe61d7d9000-7fe61d7dd000 r-xp 00000000 fe:00 4069027                    /usr/lib/libXxf86vm.so.1.0.0
7fe61d7dd000-7fe61d9dd000 ---p 00004000 fe:00 4069027                    /usr/lib/libXxf86vm.so.1.0.0
7fe61d9dd000-7fe61d9de000 r--p 00004000 fe:00 4069027                    /usr/lib/libXxf86vm.so.1.0.0
7fe61d9de000-7fe61d9df000 rw-p 00005000 fe:00 4069027                    /usr/lib/libXxf86vm.so.1.0.0
7fe61d9df000-7fe61d9e1000 r-xp 00000000 fe:00 4077494                    /usr/lib/libXinerama.so.1.0.0
7fe61d9e1000-7fe61dbe0000 ---p 00002000 fe:00 4077494                    /usr/lib/libXinerama.so.1.0.0
7fe61dbe0000-7fe61dbe1000 r--p 00001000 fe:00 4077494                    /usr/lib/libXinerama.so.1.0.0
7fe61dbe1000-7fe61dbe2000 rw-p 00002000 fe:00 4077494                    /usr/lib/libXinerama.so.1.0.0
7fe61dbe2000-7fe61dbfe000 r--p 00000000 fe:00 4079815                    /usr/lib/libX11.so.6.3.0
7fe61dbfe000-7fe61dc86000 r-xp 0001c000 fe:00 4079815                    /usr/lib/libX11.so.6.3.0
7fe61dc86000-7fe61dd1a000 r--p 000a4000 fe:00 4079815                    /usr/lib/libX11.so.6.3.0
7fe61dd1a000-7fe61dd1d000 r--p 00137000 fe:00 4079815                    /usr/lib/libX11.so.6.3.0
7fe61dd1d000-7fe61dd21000 rw-p 0013a000 fe:00 4079815                    /usr/lib/libX11.so.6.3.0
7fe61dd72000-7fe61dd91000 r--p 00000000 fe:00 414966                     /home/joseph/Documents/Programming/Graphics/OpenGLProject/cmake-build-debug/libOpenGLProject.so
7fe61dd91000-7fe61ddd1000 r-xp 0001f000 fe:00 414966                     /home/joseph/Documents/Programming/Graphics/OpenGLProject/cmake-build-debug/libOpenGLProject.so
7fe61ddd1000-7fe61dde3000 r--p 0005f000 fe:00 414966                     /home/joseph/Documents/Programming/Graphics/OpenGLProject/cmake-build-debug/libOpenGLProject.so
7fe61dde3000-7fe61dde4000 ---p 00071000 fe:00 414966                     /home/joseph/Documents/Programming/Graphics/OpenGLProject/cmake-build-debug/libOpenGLProject.so
7fe61dde4000-7fe61dde6000 r--p 00071000 fe:00 414966                     /home/joseph/Documents/Programming/Graphics/OpenGLProject/cmake-build-debug/libOpenGLProject.so
7fe61dde6000-7fe61dde8000 rw-p 00073000 fe:00 414966                     /home/joseph/Documents/Programming/Graphics/OpenGLProject/cmake-build-debug/libOpenGLProject.so
7fe61dde8000-7fe61df6a000 rw-p 00000000 00:00 0 
7fe61df6a000-7fe61dfea000 ---p 00000000 00:00 0 
7fe61dfea000-7fe61e1ea000 rw-p 00000000 00:00 0 
7fe61e1ec000-7fe61e1ed000 r--p 00000000 fe:00 4073222                    /usr/lib/libXau.so.6.0.0
7fe61e1ed000-7fe61e1ee000 r-xp 00001000 fe:00 4073222                    /usr/lib/libXau.so.6.0.0
7fe61e1ee000-7fe61e1ef000 r--p 00002000 fe:00 4073222                    /usr/lib/libXau.so.6.0.0
7fe61e1ef000-7fe61e1f0000 r--p 00002000 fe:00 4073222                    /usr/lib/libXau.so.6.0.0
7fe61e1f0000-7fe61e1f1000 rw-p 00003000 fe:00 4073222                    /usr/lib/libXau.so.6.0.0
7fe61e1f1000-7fe61e1f3000 r--p 00000000 fe:00 4078939                    /usr/lib/libXrender.so.1.3.0
7fe61e1f3000-7fe61e1fa000 r-xp 00002000 fe:00 4078939                    /usr/lib/libXrender.so.1.3.0
7fe61e1fa000-7fe61e1fc000 r--p 00009000 fe:00 4078939                    /usr/lib/libXrender.so.1.3.0
7fe61e1fc000-7fe61e1fd000 r--p 0000a000 fe:00 4078939                    /usr/lib/libXrender.so.1.3.0
7fe61e1fd000-7fe61e1fe000 rw-p 0000b000 fe:00 4078939                    /usr/lib/libXrender.so.1.3.0
7fe61e1fe000-7fe61e201000 r--p 00000000 fe:00 4078917                    /usr/lib/libXcursor.so.1.0.2
7fe61e201000-7fe61e206000 r-xp 00003000 fe:00 4078917                    /usr/lib/libXcursor.so.1.0.2
7fe61e206000-7fe61e208000 r--p 00008000 fe:00 4078917                    /usr/lib/libXcursor.so.1.0.2
7fe61e208000-7fe61e209000 r--p 00009000 fe:00 4078917                    /usr/lib/libXcursor.so.1.0.2
7fe61e209000-7fe61e20a000 rw-p 0000a000 fe:00 4078917                    /usr/lib/libXcursor.so.1.0.2
7fe61e20a000-7fe61e20c000 r--p 00000000 fe:00 4078938                    /usr/lib/libXrandr.so.2.2.0
7fe61e20c000-7fe61e213000 r-xp 00002000 fe:00 4078938                    /usr/lib/libXrandr.so.2.2.0
7fe61e213000-7fe61e215000 r--p 00009000 fe:00 4078938                    /usr/lib/libXrandr.so.2.2.0
7fe61e215000-7fe61e216000 r--p 0000a000 fe:00 4078938                    /usr/lib/libXrandr.so.2.2.0
7fe61e216000-7fe61e217000 rw-p 0000b000 fe:00 4078938                    /usr/lib/libXrandr.so.2.2.0
7fe61e217000-7fe61e21c000 r--p 00000000 fe:00 4983049                    /usr/lib/jvm/java-8-openjdk/jre/lib/amd64/libnet.so
7fe61e21c000-7fe61e22b000 r-xp 00005000 fe:00 4983049                    /usr/lib/jvm/java-8-openjdk/jre/lib/amd64/libnet.so
7fe61e22b000-7fe61e22f000 r--p 00014000 fe:00 4983049                    /usr/lib/jvm/java-8-openjdk/jre/lib/amd64/libnet.so
7fe61e22f000-7fe61e230000 r--p 00017000 fe:00 4983049                    /usr/lib/jvm/java-8-openjdk/jre/lib/amd64/libnet.so
7fe61e230000-7fe61e231000 rw-p 00018000 fe:00 4983049                    /usr/lib/jvm/java-8-openjdk/jre/lib/amd64/libnet.so
7fe61e231000-7fe61e238000 r--p 00000000 fe:00 4983050                    /usr/lib/jvm/java-8-openjdk/jre/lib/amd64/libnio.so
7fe61e238000-7fe61e240000 r-xp 00007000 fe:00 4983050                    /usr/lib/jvm/java-8-openjdk/jre/lib/amd64/libnio.so
7fe61e240000-7fe61e243000 r--p 0000f000 fe:00 4983050                    /usr/lib/jvm/java-8-openjdk/jre/lib/amd64/libnio.so
7fe61e243000-7fe61e244000 ---p 00012000 fe:00 4983050                    /usr/lib/jvm/java-8-openjdk/jre/lib/amd64/libnio.so
7fe61e244000-7fe61e245000 r--p 00012000 fe:00 4983050                    /usr/lib/jvm/java-8-openjdk/jre/lib/amd64/libnio.so
7fe61e245000-7fe61e246000 rw-p 00013000 fe:00 4983050                    /usr/lib/jvm/java-8-openjdk/jre/lib/amd64/libnio.so
7fe61e246000-7fe61e247000 ---p 00000000 00:00 0 
7fe61e247000-7fe61e347000 rw-p 00000000 00:00 0 
7fe61e347000-7fe61e36a000 r--s 00347000 fe:00 4071644                    /usr/share/scala/lib/scala-reflect.jar
7fe61e36a000-7fe61e3a2000 r--s 004bf000 fe:00 4069441                    /usr/share/scala/lib/scala-library.jar
7fe61e3a2000-7fe61e3f1000 r--s 00967000 fe:00 4069435                    /usr/share/scala/lib/scala-compiler.jar
7fe61e3f1000-7fe61e3f4000 ---p 00000000 00:00 0 
7fe61e3f4000-7fe61e4f2000 rw-p 00000000 00:00 0 
7fe61e4f2000-7fe61e4f3000 ---p 00000000 00:00 0 
7fe61e4f3000-7fe61e4f6000 ---p 00000000 00:00 0 
7fe61e4f6000-7fe61e5f3000 rw-p 00000000 00:00 0 
7fe61e5f3000-7fe61e5f4000 ---p 00000000 00:00 0 
7fe61e5f4000-7fe61e5f7000 ---p 00000000 00:00 0 
7fe61e5f7000-7fe61e6f4000 rw-p 00000000 00:00 0 
7fe61e6f4000-7fe61e6f5000 ---p 00000000 00:00 0 
7fe61e6f5000-7fe61e6f8000 ---p 00000000 00:00 0 
7fe61e6f8000-7fe61e7f5000 rw-p 00000000 00:00 0 
7fe61e7f5000-7fe61e7f8000 ---p 00000000 00:00 0 
7fe61e7f8000-7fe61e8f6000 rw-p 00000000 00:00 0 
7fe61e8f6000-7fe61ebdc000 r--p 00000000 fe:00 4078801                    /usr/lib/locale/locale-archive
7fe61ebdc000-7fe61ebdf000 ---p 00000000 00:00 0 
7fe61ebdf000-7fe61ecdd000 rw-p 00000000 00:00 0 
7fe61ecdd000-7fe61ece0000 ---p 00000000 00:00 0 
7fe61ece0000-7fe61edde000 rw-p 00000000 00:00 0 
7fe61edde000-7fe61eddf000 ---p 00000000 00:00 0 
7fe61eddf000-7fe61fe30000 rw-p 00000000 00:00 0 
7fe61fe30000-7fe620000000 r--s 03c3a000 fe:00 4983165                    /usr/lib/jvm/java-8-openjdk/jre/lib/rt.jar
7fe620000000-7fe620021000 rw-p 00000000 00:00 0 
7fe620021000-7fe624000000 ---p 00000000 00:00 0 
7fe624000000-7fe625000000 rw-p 00000000 00:00 0 
7fe625000000-7fe625270000 rwxp 00000000 00:00 0 
7fe625270000-7fe634000000 ---p 00000000 00:00 0 
7fe634000000-7fe63552d000 rw-p 00000000 00:00 0 
7fe63552d000-7fe638000000 ---p 00000000 00:00 0 
7fe638002000-7fe638008000 r--s 00080000 fe:00 4072599                    /usr/share/scala/lib/scala-xml_2.12-1.0.6.jar
7fe638008000-7fe638011000 r--s 000ab000 fe:00 4072582                    /usr/share/scala/lib/scala-swing_2.12-2.0.3.jar
7fe638011000-7fe638213000 rw-p 00000000 00:00 0 
7fe638213000-7fe638214000 ---p 00000000 00:00 0 
7fe638214000-7fe638314000 rw-p 00000000 00:00 0 
7fe638314000-7fe638315000 ---p 00000000 00:00 0 
7fe638315000-7fe638415000 rw-p 00000000 00:00 0 
7fe638415000-7fe638416000 ---p 00000000 00:00 0 
7fe638416000-7fe638516000 rw-p 00000000 00:00 0 
7fe638516000-7fe638517000 ---p 00000000 00:00 0 
7fe638517000-7fe638622000 rw-p 00000000 00:00 0 
7fe638622000-7fe63866d000 ---p 00000000 00:00 0 
7fe63866d000-7fe638678000 rw-p 00000000 00:00 0 
7fe638678000-7fe6386c2000 ---p 00000000 00:00 0 
7fe6386c2000-7fe6386cc000 rw-p 00000000 00:00 0 
7fe6386cc000-7fe6386ed000 ---p 00000000 00:00 0 
7fe6386ed000-7fe6386f8000 rw-p 00000000 00:00 0 
7fe6386f8000-7fe638aae000 ---p 00000000 00:00 0 
7fe638aae000-7fe638ab1000 r--p 00000000 fe:00 4071892                    /usr/lib/libnss_files-2.28.so
7fe638ab1000-7fe638ab8000 r-xp 00003000 fe:00 4071892                    /usr/lib/libnss_files-2.28.so
7fe638ab8000-7fe638abb000 r--p 0000a000 fe:00 4071892                    /usr/lib/libnss_files-2.28.so
7fe638abb000-7fe638abc000 r--p 0000c000 fe:00 4071892                    /usr/lib/libnss_files-2.28.so
7fe638abc000-7fe638abd000 rw-p 0000d000 fe:00 4071892                    /usr/lib/libnss_files-2.28.so
7fe638abd000-7fe638ac3000 rw-p 00000000 00:00 0 
7fe638ac5000-7fe638ac7000 r--s 00006000 fe:00 4072524                    /usr/share/scala/lib/scala-repl-jline.jar
7fe638ac7000-7fe638acc000 r--s 00041000 fe:00 4071912                    /usr/share/scala/lib/scala-repl-jline-embedded.jar
7fe638acc000-7fe638ad2000 r--s 00077000 fe:00 4072603                    /usr/share/scala/lib/scalap.jar
7fe638ad2000-7fe638add000 r--s 001d6000 fe:00 4069275                    /usr/share/scala/lib/scala-compiler-doc.jar
7fe638add000-7fe638ae1000 r--s 0003e000 fe:00 4069189                    /usr/share/scala/lib/jline.jar
7fe638ae1000-7fe638b09000 rw-p 00000000 00:00 0 
7fe638b09000-7fe638b0c000 r--p 00000000 fe:00 4983099                    /usr/lib/jvm/java-8-openjdk/jre/lib/amd64/libzip.so
7fe638b0c000-7fe638b10000 r-xp 00003000 fe:00 4983099                    /usr/lib/jvm/java-8-openjdk/jre/lib/amd64/libzip.so
7fe638b10000-7fe638b12000 r--p 00007000 fe:00 4983099                    /usr/lib/jvm/java-8-openjdk/jre/lib/amd64/libzip.so
7fe638b12000-7fe638b13000 r--p 00008000 fe:00 4983099                    /usr/lib/jvm/java-8-openjdk/jre/lib/amd64/libzip.so
7fe638b13000-7fe638b14000 rw-p 00009000 fe:00 4983099                    /usr/lib/jvm/java-8-openjdk/jre/lib/amd64/libzip.so
7fe638b14000-7fe638b16000 r--p 00000000 fe:00 4078347                    /usr/lib/librt-2.28.so
7fe638b16000-7fe638b1a000 r-xp 00002000 fe:00 4078347                    /usr/lib/librt-2.28.so
7fe638b1a000-7fe638b1c000 r--p 00006000 fe:00 4078347                    /usr/lib/librt-2.28.so
7fe638b1c000-7fe638b1d000 r--p 00007000 fe:00 4078347                    /usr/lib/librt-2.28.so
7fe638b1d000-7fe638b1e000 rw-p 00008000 fe:00 4078347                    /usr/lib/librt-2.28.so
7fe638b1e000-7fe638b1f000 ---p 00000000 00:00 0 
7fe638b1f000-7fe638b22000 ---p 00000000 00:00 0 
7fe638b22000-7fe638c1f000 rw-p 00000000 00:00 0 
7fe638c1f000-7fe638c2c000 r--p 00000000 fe:00 4071870                    /usr/lib/libm-2.28.so
7fe638c2c000-7fe638ccd000 r-xp 0000d000 fe:00 4071870                    /usr/lib/libm-2.28.so
7fe638ccd000-7fe638da2000 r--p 000ae000 fe:00 4071870                    /usr/lib/libm-2.28.so
7fe638da2000-7fe638da3000 r--p 00182000 fe:00 4071870                    /usr/lib/libm-2.28.so
7fe638da3000-7fe638da4000 rw-p 00183000 fe:00 4071870                    /usr/lib/libm-2.28.so
7fe638da4000-7fe638f95000 r--p 00000000 fe:00 4983102                    /usr/lib/jvm/java-8-openjdk/jre/lib/amd64/server/libjvm.so
7fe638f95000-7fe639808000 r-xp 001f1000 fe:00 4983102                    /usr/lib/jvm/java-8-openjdk/jre/lib/amd64/server/libjvm.so
7fe639808000-7fe6399a8000 r--p 00a64000 fe:00 4983102                    /usr/lib/jvm/java-8-openjdk/jre/lib/amd64/server/libjvm.so
7fe6399a8000-7fe6399a9000 ---p 00c04000 fe:00 4983102                    /usr/lib/jvm/java-8-openjdk/jre/lib/amd64/server/libjvm.so
7fe6399a9000-7fe639a3e000 r--p 00c04000 fe:00 4983102                    /usr/lib/jvm/java-8-openjdk/jre/lib/amd64/server/libjvm.so
7fe639a3e000-7fe639a66000 rw-p 00c99000 fe:00 4983102                    /usr/lib/jvm/java-8-openjdk/jre/lib/amd64/server/libjvm.so
7fe639a66000-7fe639a98000 rw-p 00000000 00:00 0 
7fe639a98000-7fe639a9e000 r--p 00000000 fe:00 4071899                    /usr/lib/libpthread-2.28.so
7fe639a9e000-7fe639aad000 r-xp 00006000 fe:00 4071899                    /usr/lib/libpthread-2.28.so
7fe639aad000-7fe639ab3000 r--p 00015000 fe:00 4071899                    /usr/lib/libpthread-2.28.so
7fe639ab3000-7fe639ab4000 r--p 0001a000 fe:00 4071899                    /usr/lib/libpthread-2.28.so
7fe639ab4000-7fe639ab5000 rw-p 0001b000 fe:00 4071899                    /usr/lib/libpthread-2.28.so
7fe639ab5000-7fe639ab9000 rw-p 00000000 00:00 0 
7fe639ab9000-7fe639aba000 r--p 00000000 fe:00 4071864                    /usr/lib/libdl-2.28.so
7fe639aba000-7fe639abb000 r-xp 00001000 fe:00 4071864                    /usr/lib/libdl-2.28.so
7fe639abb000-7fe639abc000 r--p 00002000 fe:00 4071864                    /usr/lib/libdl-2.28.so
7fe639abc000-7fe639abd000 r--p 00002000 fe:00 4071864                    /usr/lib/libdl-2.28.so
7fe639abd000-7fe639abe000 rw-p 00003000 fe:00 4071864                    /usr/lib/libdl-2.28.so
7fe639abe000-7fe639ad4000 r-xp 00000000 fe:00 4069349                    /usr/lib/libz.so.1.2.11
7fe639ad4000-7fe639cd3000 ---p 00016000 fe:00 4069349                    /usr/lib/libz.so.1.2.11
7fe639cd3000-7fe639cd4000 r--p 00015000 fe:00 4069349                    /usr/lib/libz.so.1.2.11
7fe639cd4000-7fe639cd5000 rw-p 00016000 fe:00 4069349                    /usr/lib/libz.so.1.2.11
7fe639cd5000-7fe639cf7000 r--p 00000000 fe:00 4071855                    /usr/lib/libc-2.28.so
7fe639cf7000-7fe639e42000 r-xp 00022000 fe:00 4071855                    /usr/lib/libc-2.28.so
7fe639e42000-7fe639e8e000 r--p 0016d000 fe:00 4071855                    /usr/lib/libc-2.28.so
7fe639e8e000-7fe639e8f000 ---p 001b9000 fe:00 4071855                    /usr/lib/libc-2.28.so
7fe639e8f000-7fe639e93000 r--p 001b9000 fe:00 4071855                    /usr/lib/libc-2.28.so
7fe639e93000-7fe639e95000 rw-p 001bd000 fe:00 4071855                    /usr/lib/libc-2.28.so
7fe639e95000-7fe639e99000 rw-p 00000000 00:00 0 
7fe639e9a000-7fe639e9f000 rw-p 00000000 00:00 0 
7fe639e9f000-7fe639ea7000 rw-s 00000000 00:2c 45                         /tmp/hsperfdata_joseph/30652
7fe639ea7000-7fe639ea8000 rw-p 00000000 00:00 0 
7fe639ea8000-7fe639ea9000 r--p 00000000 00:00 0 
7fe639ea9000-7fe639eb6000 r--p 00000000 fe:00 4983038                    /usr/lib/jvm/java-8-openjdk/jre/lib/amd64/libjava.so
7fe639eb6000-7fe639ece000 r-xp 0000d000 fe:00 4983038                    /usr/lib/jvm/java-8-openjdk/jre/lib/amd64/libjava.so
7fe639ece000-7fe639ed5000 r--p 00025000 fe:00 4983038                    /usr/lib/jvm/java-8-openjdk/jre/lib/amd64/libjava.so
7fe639ed5000-7fe639ed6000 ---p 0002c000 fe:00 4983038                    /usr/lib/jvm/java-8-openjdk/jre/lib/amd64/libjava.so
7fe639ed6000-7fe639ed7000 r--p 0002c000 fe:00 4983038                    /usr/lib/jvm/java-8-openjdk/jre/lib/amd64/libjava.so
7fe639ed7000-7fe639ed8000 rw-p 0002d000 fe:00 4983038                    /usr/lib/jvm/java-8-openjdk/jre/lib/amd64/libjava.so
7fe639ed8000-7fe639ed9000 rw-p 00000000 00:00 0 
7fe639ed9000-7fe639ede000 r--p 00000000 fe:00 4983098                    /usr/lib/jvm/java-8-openjdk/jre/lib/amd64/libverify.so
7fe639ede000-7fe639ee5000 r-xp 00005000 fe:00 4983098                    /usr/lib/jvm/java-8-openjdk/jre/lib/amd64/libverify.so
7fe639ee5000-7fe639ee7000 r--p 0000c000 fe:00 4983098                    /usr/lib/jvm/java-8-openjdk/jre/lib/amd64/libverify.so
7fe639ee7000-7fe639ee9000 r--p 0000d000 fe:00 4983098                    /usr/lib/jvm/java-8-openjdk/jre/lib/amd64/libverify.so
7fe639ee9000-7fe639eea000 rw-p 0000f000 fe:00 4983098                    /usr/lib/jvm/java-8-openjdk/jre/lib/amd64/libverify.so
7fe639eea000-7fe639eec000 r--p 00000000 fe:00 4982149                    /usr/lib/jvm/java-8-openjdk/jre/lib/amd64/jli/libjli.so
7fe639eec000-7fe639ef5000 r-xp 00002000 fe:00 4982149                    /usr/lib/jvm/java-8-openjdk/jre/lib/amd64/jli/libjli.so
7fe639ef5000-7fe639ef8000 r--p 0000b000 fe:00 4982149                    /usr/lib/jvm/java-8-openjdk/jre/lib/amd64/jli/libjli.so
7fe639ef8000-7fe639ef9000 r--p 0000d000 fe:00 4982149                    /usr/lib/jvm/java-8-openjdk/jre/lib/amd64/jli/libjli.so
7fe639ef9000-7fe639efa000 rw-p 0000e000 fe:00 4982149                    /usr/lib/jvm/java-8-openjdk/jre/lib/amd64/jli/libjli.so
7fe639efa000-7fe639efc000 rw-p 00000000 00:00 0 
7fe639efc000-7fe639efe000 r--p 00000000 fe:00 4071843                    /usr/lib/ld-2.28.so
7fe639efe000-7fe639f1d000 r-xp 00002000 fe:00 4071843                    /usr/lib/ld-2.28.so
7fe639f1d000-7fe639f25000 r--p 00021000 fe:00 4071843                    /usr/lib/ld-2.28.so
7fe639f25000-7fe639f26000 r--p 00028000 fe:00 4071843                    /usr/lib/ld-2.28.so
7fe639f26000-7fe639f27000 rw-p 00029000 fe:00 4071843                    /usr/lib/ld-2.28.so
7fe639f27000-7fe639f28000 rw-p 00000000 00:00 0 
7fffeecfa000-7fffeed1b000 rw-p 00000000 00:00 0                          [stack]
7fffeedc5000-7fffeedc8000 r--p 00000000 00:00 0                          [vvar]
7fffeedc8000-7fffeedca000 r-xp 00000000 00:00 0                          [vdso]
ffffffffff600000-ffffffffff601000 r-xp 00000000 00:00 0                  [vsyscall]

VM Arguments:
jvm_args: -Xmx256M -Xms32M -Xbootclasspath/a:/usr/share/scala/lib/jline.jar:/usr/share/scala/lib/scala-compiler-doc.jar:/usr/share/scala/lib/scala-compiler.jar:/usr/share/scala/lib/scala-library.jar:/usr/share/scala/lib/scalap.jar:/usr/share/scala/lib/scala-reflect.jar:/usr/share/scala/lib/scala-repl-jline-embedded.jar:/usr/share/scala/lib/scala-repl-jline.jar:/usr/share/scala/lib/scala-swing_2.12-2.0.3.jar:/usr/share/scala/lib/scala-xml_2.12-1.0.6.jar -Dscala.boot.class.path=/usr/share/scala/lib/jline.jar:/usr/share/scala/lib/scala-compiler-doc.jar:/usr/share/scala/lib/scala-compiler.jar:/usr/share/scala/lib/scala-library.jar:/usr/share/scala/lib/scalap.jar:/usr/share/scala/lib/scala-reflect.jar:/usr/share/scala/lib/scala-repl-jline-embedded.jar:/usr/share/scala/lib/scala-repl-jline.jar:/usr/share/scala/lib/scala-swing_2.12-2.0.3.jar:/usr/share/scala/lib/scala-xml_2.12-1.0.6.jar -Dscala.home=/usr/share/scala -Dscala.usejavacp=true 
java_command: scala.tools.nsc.MainGenericRunner Main
java_class_path (initial): ""
Launcher Type: SUN_STANDARD

Environment Variables:
PATH=/opt/java/jdk-11.0.2/bin:/usr/local/sbin:/usr/local/bin:/usr/bin:/opt/android-sdk/platform-tools:/opt/android-sdk/tools:/opt/android-sdk/tools/bin:/var/lib/flatpak/exports/bin:/usr/lib/jvm/default/bin:/usr/bin/site_perl:/usr/bin/vendor_perl:/usr/bin/core_perl
SHELL=/usr/bin/fish
DISPLAY=:0

Signal Handlers:
SIGSEGV: [libjvm.so+0xa32bd0], sa_mask[0]=11111111011111111101111111111110, sa_flags=SA_RESTART|SA_SIGINFO
SIGBUS: [libjvm.so+0xa32bd0], sa_mask[0]=11111111011111111101111111111110, sa_flags=SA_RESTART|SA_SIGINFO
SIGFPE: [libjvm.so+0x88ebd0], sa_mask[0]=11111111011111111101111111111110, sa_flags=SA_RESTART|SA_SIGINFO
SIGPIPE: [libjvm.so+0x88ebd0], sa_mask[0]=11111111011111111101111111111110, sa_flags=SA_RESTART|SA_SIGINFO
SIGXFSZ: [libjvm.so+0x88ebd0], sa_mask[0]=11111111011111111101111111111110, sa_flags=SA_RESTART|SA_SIGINFO
SIGILL: [libjvm.so+0x88ebd0], sa_mask[0]=11111111011111111101111111111110, sa_flags=SA_RESTART|SA_SIGINFO
SIGUSR1: SIG_DFL, sa_mask[0]=00000000000000000000000000000000, sa_flags=none
SIGUSR2: [libjvm.so+0x88ea60], sa_mask[0]=00100000000000000000000000000000, sa_flags=SA_RESTART|SA_SIGINFO
SIGHUP: [libjvm.so+0x88ee70], sa_mask[0]=11111111011111111101111111111110, sa_flags=SA_RESTART|SA_SIGINFO
SIGINT: [libjvm.so+0x88ee70], sa_mask[0]=11111111011111111101111111111110, sa_flags=SA_RESTART|SA_SIGINFO
SIGTERM: [libjvm.so+0x88ee70], sa_mask[0]=11111111011111111101111111111110, sa_flags=SA_RESTART|SA_SIGINFO
SIGQUIT: [libjvm.so+0x88ee70], sa_mask[0]=11111111011111111101111111111110, sa_flags=SA_RESTART|SA_SIGINFO


---------------  S Y S T E M  ---------------

OS:DISTRIB_ID=ManjaroLinux
DISTRIB_RELEASE=18.0.4
DISTRIB_CODENAME=Illyria
DISTRIB_DESCRIPTION="Manjaro Linux"

uname:Linux 4.14.109-1-MANJARO #1 SMP PREEMPT Wed Mar 27 18:51:38 UTC 2019 x86_64
libc:glibc 2.28 NPTL 2.28 
rlimit: STACK 8192k, CORE infinity, NPROC 30719, NOFILE 1048576, AS infinity
load average:4.24 3.51 2.47

/proc/meminfo:
MemTotal:        8109572 kB
MemFree:          155008 kB
MemAvailable:     345052 kB
Buffers:           15180 kB
Cached:           658564 kB
SwapCached:       209484 kB
Active:          6243132 kB
Inactive:        1150812 kB
Active(anon):    6088112 kB
Inactive(anon):   929832 kB
Active(file):     155020 kB
Inactive(file):   220980 kB
Unevictable:          48 kB
Mlocked:              48 kB
SwapTotal:       8290300 kB
SwapFree:        5988860 kB
Dirty:               208 kB
Writeback:            20 kB
AnonPages:       6714784 kB
Mapped:           649596 kB
Shmem:            297760 kB
Slab:             174084 kB
SReclaimable:      66480 kB
SUnreclaim:       107604 kB
KernelStack:       16672 kB
PageTables:        54652 kB
NFS_Unstable:          0 kB
Bounce:                0 kB
WritebackTmp:          0 kB
CommitLimit:    12345084 kB
Committed_AS:   14395396 kB
VmallocTotal:   34359738367 kB
VmallocUsed:           0 kB
VmallocChunk:          0 kB
HardwareCorrupted:     0 kB
AnonHugePages:   2375680 kB
ShmemHugePages:        0 kB
ShmemPmdMapped:        0 kB
HugePages_Total:       0
HugePages_Free:        0
HugePages_Rsvd:        0
HugePages_Surp:        0
Hugepagesize:       2048 kB
DirectMap4k:      676772 kB
DirectMap2M:     7649280 kB
DirectMap1G:     1048576 kB

container (cgroup) information:
container_type: cgroupv1
cpu_cpuset_cpus: 0-3
cpu_memory_nodes: 0
active_processor_count: 4
cpu_quota: -1
cpu_period: 100000
cpu_shares: -1
memory_limit_in_bytes: -1
memory_and_swap_limit_in_bytes: -1
memory_soft_limit_in_bytes: -1
memory_usage_in_bytes: 7525367808
memory_max_usage_in_bytes: 7636320256


CPU:total 4 (initial active 4) (2 cores per cpu, 2 threads per core) family 6 model 60 stepping 3, cmov, cx8, fxsr, mmx, sse, sse2, sse3, ssse3, sse4.1, sse4.2, popcnt, avx, avx2, aes, clmul, erms, lzcnt, ht, tsc, tscinvbit, bmi1, bmi2

/proc/cpuinfo:
processor	: 0
vendor_id	: GenuineIntel
cpu family	: 6
model		: 60
model name	: Intel(R) Core(TM) i3-4130 CPU @ 3.40GHz
stepping	: 3
microcode	: 0x25
cpu MHz		: 2684.200
cache size	: 3072 KB
physical id	: 0
siblings	: 4
core id		: 0
cpu cores	: 2
apicid		: 0
initial apicid	: 0
fpu		: yes
fpu_exception	: yes
cpuid level	: 13
wp		: yes
flags		: fpu vme de pse tsc msr pae mce cx8 apic sep mtrr pge mca cmov pat pse36 clflush dts acpi mmx fxsr sse sse2 ss ht tm pbe syscall nx pdpe1gb rdtscp lm constant_tsc arch_perfmon pebs bts rep_good nopl xtopology nonstop_tsc cpuid aperfmperf pni pclmulqdq dtes64 monitor ds_cpl vmx est tm2 ssse3 sdbg fma cx16 xtpr pdcm pcid sse4_1 sse4_2 movbe popcnt tsc_deadline_timer aes xsave avx f16c rdrand lahf_lm abm cpuid_fault epb invpcid_single pti ssbd ibrs ibpb stibp tpr_shadow vnmi flexpriority ept vpid fsgsbase tsc_adjust bmi1 avx2 smep bmi2 erms invpcid xsaveopt dtherm arat pln pts flush_l1d
bugs		: cpu_meltdown spectre_v1 spectre_v2 spec_store_bypass l1tf
bogomips	: 6787.40
clflush size	: 64
cache_alignment	: 64
address sizes	: 39 bits physical, 48 bits virtual
power management:

processor	: 1
vendor_id	: GenuineIntel
cpu family	: 6
model		: 60
model name	: Intel(R) Core(TM) i3-4130 CPU @ 3.40GHz
stepping	: 3
microcode	: 0x25
cpu MHz		: 2676.235
cache size	: 3072 KB
physical id	: 0
siblings	: 4
core id		: 1
cpu cores	: 2
apicid		: 2
initial apicid	: 2
fpu		: yes
fpu_exception	: yes
cpuid level	: 13
wp		: yes
flags		: fpu vme de pse tsc msr pae mce cx8 apic sep mtrr pge mca cmov pat pse36 clflush dts acpi mmx fxsr sse sse2 ss ht tm pbe syscall nx pdpe1gb rdtscp lm constant_tsc arch_perfmon pebs bts rep_good nopl xtopology nonstop_tsc cpuid aperfmperf pni pclmulqdq dtes64 monitor ds_cpl vmx est tm2 ssse3 sdbg fma cx16 xtpr pdcm pcid sse4_1 sse4_2 movbe popcnt tsc_deadline_timer aes xsave avx f16c rdrand lahf_lm abm cpuid_fault epb invpcid_single pti ssbd ibrs ibpb stibp tpr_shadow vnmi flexpriority ept vpid fsgsbase tsc_adjust bmi1 avx2 smep bmi2 erms invpcid xsaveopt dtherm arat pln pts flush_l1d
bugs		: cpu_meltdown spectre_v1 spectre_v2 spec_store_bypass l1tf
bogomips	: 6787.40
clflush size	: 64
cache_alignment	: 64
address sizes	: 39 bits physical, 48 bits virtual
power management:

processor	: 2
vendor_id	: GenuineIntel
cpu family	: 6
model		: 60
model name	: Intel(R) Core(TM) i3-4130 CPU @ 3.40GHz
stepping	: 3
microcode	: 0x25
cpu MHz		: 2565.087
cache size	: 3072 KB
physical id	: 0
siblings	: 4
core id		: 0
cpu cores	: 2
apicid		: 1
initial apicid	: 1
fpu		: yes
fpu_exception	: yes
cpuid level	: 13
wp		: yes
flags		: fpu vme de pse tsc msr pae mce cx8 apic sep mtrr pge mca cmov pat pse36 clflush dts acpi mmx fxsr sse sse2 ss ht tm pbe syscall nx pdpe1gb rdtscp lm constant_tsc arch_perfmon pebs bts rep_good nopl xtopology nonstop_tsc cpuid aperfmperf pni pclmulqdq dtes64 monitor ds_cpl vmx est tm2 ssse3 sdbg fma cx16 xtpr pdcm pcid sse4_1 sse4_2 movbe popcnt tsc_deadline_timer aes xsave avx f16c rdrand lahf_lm abm cpuid_fault epb invpcid_single pti ssbd ibrs ibpb stibp tpr_shadow vnmi flexpriority ept vpid fsgsbase tsc_adjust bmi1 avx2 smep bmi2 erms invpcid xsaveopt dtherm arat pln pts flush_l1d
bugs		: cpu_meltdown spectre_v1 spectre_v2 spec_store_bypass l1tf
bogomips	: 6787.40
clflush size	: 64
cache_alignment	: 64
address sizes	: 39 bits physical, 48 bits virtual
power management:

processor	: 3
vendor_id	: GenuineIntel
cpu family	: 6
model		: 60
model name	: Intel(R) Core(TM) i3-4130 CPU @ 3.40GHz
stepping	: 3
microcode	: 0x25
cpu MHz		: 2920.499
cache size	: 3072 KB
physical id	: 0
siblings	: 4
core id		: 1
cpu cores	: 2
apicid		: 3
initial apicid	: 3
fpu		: yes
fpu_exception	: yes
cpuid level	: 13
wp		: yes
flags		: fpu vme de pse tsc msr pae mce cx8 apic sep mtrr pge mca cmov pat pse36 clflush dts acpi mmx fxsr sse sse2 ss ht tm pbe syscall nx pdpe1gb rdtscp lm constant_tsc arch_perfmon pebs bts rep_good nopl xtopology nonstop_tsc cpuid aperfmperf pni pclmulqdq dtes64 monitor ds_cpl vmx est tm2 ssse3 sdbg fma cx16 xtpr pdcm pcid sse4_1 sse4_2 movbe popcnt tsc_deadline_timer aes xsave avx f16c rdrand lahf_lm abm cpuid_fault epb invpcid_single pti ssbd ibrs ibpb stibp tpr_shadow vnmi flexpriority ept vpid fsgsbase tsc_adjust bmi1 avx2 smep bmi2 erms invpcid xsaveopt dtherm arat pln pts flush_l1d
bugs		: cpu_meltdown spectre_v1 spectre_v2 spec_store_bypass l1tf
bogomips	: 6787.40
clflush size	: 64
cache_alignment	: 64
address sizes	: 39 bits physical, 48 bits virtual
power management:



Memory: 4k page, physical 8109572k(154636k free), swap 8290300k(5988860k free)

vm_info: OpenJDK 64-Bit Server VM (25.212-b01) for linux-amd64 JRE (1.8.0_212-b01), built on Mar 21 2019 23:20:35 by "builduser" with gcc 8.2.1 20181127

time: Mon Apr  8 22:02:54 2019
timezone: BST
elapsed time: 1 seconds (0d 0h 0m 1s)

