#
# A fatal error has been detected by the Java Runtime Environment:
#
#  SIGSEGV (0xb) at pc=0x00007f16d4fc901b, pid=20283, tid=0x00007f16ebe57700
#
# JRE version: OpenJDK Runtime Environment (8.0_212-b01) (build 1.8.0_212-b01)
# Java VM: OpenJDK 64-Bit Server VM (25.212-b01 mixed mode linux-amd64 compressed oops)
# Problematic frame:
# C  [libOpenGLProject.so+0x3901b]  buildImage(unsigned int*, unsigned int*, unsigned int*)+0x11d
#
# Core dump written. Default location: /home/joseph/Documents/Programming/Graphics/OpenGLProject/out/production/OpenGLProject/core or core.20283
#
# If you would like to submit a bug report, please visit:
#   http://bugreport.java.com/bugreport/crash.jsp
# The crash happened outside the Java Virtual Machine in native code.
# See problematic frame for where to report the bug.
#

---------------  T H R E A D  ---------------

Current thread (0x00007f16e400b800):  JavaThread "main" [_thread_in_native, id=20284, stack(0x00007f16ebd58000,0x00007f16ebe58000)]

siginfo: si_signo: 11 (SIGSEGV), si_code: 1 (SEGV_MAPERR), si_addr: 0x0000000000000000

Registers:
RAX=0x0000000000000000, RBX=0x00007f16e5914bd0, RCX=0x0000000000000000, RDX=0x00007f16e57281b0
RSP=0x00007f16ebe55650, RBP=0x00007f16ebe55970, RSI=0x00007f16e5716510, RDI=0x0000000041aa2000
R8 =0x00007f16c7299ab0, R9 =0x00007f16ebe552b0, R10=0x0000000000000008, R11=0x00007f16ebe55140
R12=0x0000000000000000, R13=0x00007f16e817bc48, R14=0x00007f16ebe55a70, R15=0x00007f16e400b800
RIP=0x00007f16d4fc901b, EFLAGS=0x0000000000010206, CSGSFS=0x002b000000000033, ERR=0x0000000000000004
  TRAPNO=0x000000000000000e

Top of Stack: (sp=0x00007f16ebe55650)
0x00007f16ebe55650:   0000000000000000 00007f16d4ffd210
0x00007f16ebe55660:   0000000000000000 0000000000000000
0x00007f16ebe55670:   0000000100000000 0000000100000002
0x00007f16ebe55680:   0000000300000002 0000000000000000
0x00007f16ebe55690:   bf000000bf000000 00000000bf000000
0x00007f16ebe556a0:   3f00000000000000 bf000000bf000000
0x00007f16ebe556b0:   000000003f800000 3f0000003f000000
0x00007f16ebe556c0:   3f800000bf000000 3f0000003f800000
0x00007f16ebe556d0:   bf0000003f000000 3f8000003f800000
0x00007f16ebe556e0:   3f000000bf000000 00000000bf000000
0x00007f16ebe556f0:   bf0000003f800000 bf000000bf000000
0x00007f16ebe55700:   0000000000000000 bf000000bf000000
0x00007f16ebe55710:   000000003f000000 3f00000000000000
0x00007f16ebe55720:   3f000000bf000000 000000003f800000
0x00007f16ebe55730:   3f0000003f000000 3f8000003f000000
0x00007f16ebe55740:   3f0000003f800000 3f0000003f000000
0x00007f16ebe55750:   3f8000003f800000 3f000000bf000000
0x00007f16ebe55760:   000000003f000000 bf0000003f800000
0x00007f16ebe55770:   3f000000bf000000 0000000000000000
0x00007f16ebe55780:   3f000000bf000000 3f8000003f000000
0x00007f16ebe55790:   bf00000000000000 bf0000003f000000
0x00007f16ebe557a0:   3f8000003f800000 bf000000bf000000
0x00007f16ebe557b0:   00000000bf000000 bf0000003f800000
0x00007f16ebe557c0:   bf000000bf000000 3f80000000000000
0x00007f16ebe557d0:   bf000000bf000000 000000003f000000
0x00007f16ebe557e0:   bf00000000000000 3f0000003f000000
0x00007f16ebe557f0:   000000003f800000 3f0000003f000000
0x00007f16ebe55800:   3f8000003f000000 3f00000000000000
0x00007f16ebe55810:   bf0000003f000000 3f8000003f800000
0x00007f16ebe55820:   bf0000003f000000 00000000bf000000
0x00007f16ebe55830:   3f0000003f800000 bf000000bf000000
0x00007f16ebe55840:   3f80000000000000 bf0000003f000000 

Instructions: (pc=0x00007f16d4fc901b)
0x00007f16d4fc8ffb:   05 c8 1d 03 00 48 8b 00 48 8b 95 f0 fc ff ff 48
0x00007f16d4fc900b:   89 d6 bf 01 00 00 00 ff d0 48 8b 85 f0 fc ff ff
0x00007f16d4fc901b:   8b 30 48 8b 85 f8 fc ff ff 8b 00 48 8d 95 20 fd
0x00007f16d4fc902b:   ff ff b9 b4 00 00 00 89 c7 e8 b7 47 fe ff 48 8b 

Register to memory mapping:

RAX=0x0000000000000000 is an unknown value
RBX=0x00007f16e5914bd0 is an unknown value
RCX=0x0000000000000000 is an unknown value
RDX=0x00007f16e57281b0 is an unknown value
RSP=0x00007f16ebe55650 is pointing into the stack for thread: 0x00007f16e400b800
RBP=0x00007f16ebe55970 is pointing into the stack for thread: 0x00007f16e400b800
RSI=0x00007f16e5716510 is an unknown value
RDI=0x0000000041aa2000 is an unknown value
R8 =0x00007f16c7299ab0: <offset 0xf03ab0> in /usr/lib/libnvidia-glcore.so.418.43 at 0x00007f16c6396000
R9 =0x00007f16ebe552b0 is pointing into the stack for thread: 0x00007f16e400b800
R10=0x0000000000000008 is an unknown value
R11=0x00007f16ebe55140 is pointing into the stack for thread: 0x00007f16e400b800
R12=0x0000000000000000 is an unknown value
R13={method} {0x00007f16e817bc48} 'init' '()V' in 'jni/GLWrapper'
R14=0x00007f16ebe55a70 is pointing into the stack for thread: 0x00007f16e400b800
R15=0x00007f16e400b800 is a thread


Stack: [0x00007f16ebd58000,0x00007f16ebe58000],  sp=0x00007f16ebe55650,  free space=1013k
Native frames: (J=compiled Java code, j=interpreted, Vv=VM code, C=native code)
C  [libOpenGLProject.so+0x3901b]  buildImage(unsigned int*, unsigned int*, unsigned int*)+0x11d
C  [libOpenGLProject.so+0x38c7d]  init()+0x1da
C  [libOpenGLProject.so+0x3a1b8]  Java_jni_GLWrapper_init+0x15
j  jni.GLWrapper.init()V+0
j  Main$.main([Ljava/lang/String;)V+19
j  Main.main([Ljava/lang/String;)V+4
v  ~StubRoutines::call_stub
V  [libjvm.so+0x64bd77]
V  [libjvm.so+0x911407]
V  [libjvm.so+0x9124ee]
V  [libjvm.so+0x69705d]  JVM_InvokeMethod+0x11d
j  sun.reflect.NativeMethodAccessorImpl.invoke0(Ljava/lang/reflect/Method;Ljava/lang/Object;[Ljava/lang/Object;)Ljava/lang/Object;+0
j  sun.reflect.NativeMethodAccessorImpl.invoke(Ljava/lang/Object;[Ljava/lang/Object;)Ljava/lang/Object;+100
j  sun.reflect.DelegatingMethodAccessorImpl.invoke(Ljava/lang/Object;[Ljava/lang/Object;)Ljava/lang/Object;+6
j  java.lang.reflect.Method.invoke(Ljava/lang/Object;[Ljava/lang/Object;)Ljava/lang/Object;+56
j  scala.reflect.internal.util.ScalaClassLoader.$anonfun$run$2(Lscala/collection/Seq;Ljava/lang/reflect/Method;)Ljava/lang/Object;+27
j  scala.reflect.internal.util.ScalaClassLoader$$Lambda$127.apply()Ljava/lang/Object;+8
j  scala.reflect.internal.util.ScalaClassLoader.asContext(Lscala/Function0;)Ljava/lang/Object;+18
j  scala.reflect.internal.util.ScalaClassLoader.asContext$(Lscala/reflect/internal/util/ScalaClassLoader;Lscala/Function0;)Ljava/lang/Object;+2
j  scala.reflect.internal.util.ScalaClassLoader$URLClassLoader.asContext(Lscala/Function0;)Ljava/lang/Object;+2
j  scala.reflect.internal.util.ScalaClassLoader.run(Ljava/lang/String;Lscala/collection/Seq;)V+90
j  scala.reflect.internal.util.ScalaClassLoader.run$(Lscala/reflect/internal/util/ScalaClassLoader;Ljava/lang/String;Lscala/collection/Seq;)V+3
j  scala.reflect.internal.util.ScalaClassLoader$URLClassLoader.run(Ljava/lang/String;Lscala/collection/Seq;)V+3
j  scala.tools.nsc.CommonRunner.run(Lscala/collection/Seq;Ljava/lang/String;Lscala/collection/Seq;)V+15
j  scala.tools.nsc.CommonRunner.run$(Lscala/tools/nsc/CommonRunner;Lscala/collection/Seq;Ljava/lang/String;Lscala/collection/Seq;)V+4
j  scala.tools.nsc.ObjectRunner$.run(Lscala/collection/Seq;Ljava/lang/String;Lscala/collection/Seq;)V+4
j  scala.tools.nsc.CommonRunner.runAndCatch(Lscala/collection/Seq;Ljava/lang/String;Lscala/collection/Seq;)Lscala/util/Either;+4
j  scala.tools.nsc.CommonRunner.runAndCatch$(Lscala/tools/nsc/CommonRunner;Lscala/collection/Seq;Ljava/lang/String;Lscala/collection/Seq;)Lscala/util/Either;+4
j  scala.tools.nsc.ObjectRunner$.runAndCatch(Lscala/collection/Seq;Ljava/lang/String;Lscala/collection/Seq;)Lscala/util/Either;+4
j  scala.tools.nsc.MainGenericRunner.runTarget$1(Lscala/tools/nsc/GenericRunnerCommand;)Lscala/util/Either;+39
j  scala.tools.nsc.MainGenericRunner.run$1(Lscala/tools/nsc/GenericRunnerCommand;)Z+1
j  scala.tools.nsc.MainGenericRunner.process([Ljava/lang/String;)Z+128
j  scala.tools.nsc.MainGenericRunner$.main([Ljava/lang/String;)V+2
j  scala.tools.nsc.MainGenericRunner.main([Ljava/lang/String;)V+4
v  ~StubRoutines::call_stub
V  [libjvm.so+0x64bd77]
V  [libjvm.so+0x66a557]
V  [libjvm.so+0x66c9c6]
C  [libjli.so+0x2da1]
C  [libpthread.so.0+0x7a9d]  start_thread+0xfd

Java frames: (J=compiled Java code, j=interpreted, Vv=VM code)
j  jni.GLWrapper.init()V+0
j  Main$.main([Ljava/lang/String;)V+19
j  Main.main([Ljava/lang/String;)V+4
v  ~StubRoutines::call_stub
j  sun.reflect.NativeMethodAccessorImpl.invoke0(Ljava/lang/reflect/Method;Ljava/lang/Object;[Ljava/lang/Object;)Ljava/lang/Object;+0
j  sun.reflect.NativeMethodAccessorImpl.invoke(Ljava/lang/Object;[Ljava/lang/Object;)Ljava/lang/Object;+100
j  sun.reflect.DelegatingMethodAccessorImpl.invoke(Ljava/lang/Object;[Ljava/lang/Object;)Ljava/lang/Object;+6
j  java.lang.reflect.Method.invoke(Ljava/lang/Object;[Ljava/lang/Object;)Ljava/lang/Object;+56
j  scala.reflect.internal.util.ScalaClassLoader.$anonfun$run$2(Lscala/collection/Seq;Ljava/lang/reflect/Method;)Ljava/lang/Object;+27
j  scala.reflect.internal.util.ScalaClassLoader$$Lambda$127.apply()Ljava/lang/Object;+8
j  scala.reflect.internal.util.ScalaClassLoader.asContext(Lscala/Function0;)Ljava/lang/Object;+18
j  scala.reflect.internal.util.ScalaClassLoader.asContext$(Lscala/reflect/internal/util/ScalaClassLoader;Lscala/Function0;)Ljava/lang/Object;+2
j  scala.reflect.internal.util.ScalaClassLoader$URLClassLoader.asContext(Lscala/Function0;)Ljava/lang/Object;+2
j  scala.reflect.internal.util.ScalaClassLoader.run(Ljava/lang/String;Lscala/collection/Seq;)V+90
j  scala.reflect.internal.util.ScalaClassLoader.run$(Lscala/reflect/internal/util/ScalaClassLoader;Ljava/lang/String;Lscala/collection/Seq;)V+3
j  scala.reflect.internal.util.ScalaClassLoader$URLClassLoader.run(Ljava/lang/String;Lscala/collection/Seq;)V+3
j  scala.tools.nsc.CommonRunner.run(Lscala/collection/Seq;Ljava/lang/String;Lscala/collection/Seq;)V+15
j  scala.tools.nsc.CommonRunner.run$(Lscala/tools/nsc/CommonRunner;Lscala/collection/Seq;Ljava/lang/String;Lscala/collection/Seq;)V+4
j  scala.tools.nsc.ObjectRunner$.run(Lscala/collection/Seq;Ljava/lang/String;Lscala/collection/Seq;)V+4
j  scala.tools.nsc.CommonRunner.runAndCatch(Lscala/collection/Seq;Ljava/lang/String;Lscala/collection/Seq;)Lscala/util/Either;+4
j  scala.tools.nsc.CommonRunner.runAndCatch$(Lscala/tools/nsc/CommonRunner;Lscala/collection/Seq;Ljava/lang/String;Lscala/collection/Seq;)Lscala/util/Either;+4
j  scala.tools.nsc.ObjectRunner$.runAndCatch(Lscala/collection/Seq;Ljava/lang/String;Lscala/collection/Seq;)Lscala/util/Either;+4
j  scala.tools.nsc.MainGenericRunner.runTarget$1(Lscala/tools/nsc/GenericRunnerCommand;)Lscala/util/Either;+39
j  scala.tools.nsc.MainGenericRunner.run$1(Lscala/tools/nsc/GenericRunnerCommand;)Z+1
j  scala.tools.nsc.MainGenericRunner.process([Ljava/lang/String;)Z+128
j  scala.tools.nsc.MainGenericRunner$.main([Ljava/lang/String;)V+2
j  scala.tools.nsc.MainGenericRunner.main([Ljava/lang/String;)V+4
v  ~StubRoutines::call_stub

---------------  P R O C E S S  ---------------

Java Threads: ( => current thread )
  0x00007f16e40c9800 JavaThread "Service Thread" daemon [_thread_blocked, id=20296, stack(0x00007f16e863b000,0x00007f16e873c000)]
  0x00007f16e40be800 JavaThread "C1 CompilerThread2" daemon [_thread_blocked, id=20295, stack(0x00007f16e873d000,0x00007f16e883d000)]
  0x00007f16e40bd000 JavaThread "C2 CompilerThread1" daemon [_thread_blocked, id=20294, stack(0x00007f16e883e000,0x00007f16e893e000)]
  0x00007f16e40ba000 JavaThread "C2 CompilerThread0" daemon [_thread_blocked, id=20293, stack(0x00007f16e893f000,0x00007f16e8a3f000)]
  0x00007f16e40b8800 JavaThread "Signal Dispatcher" daemon [_thread_blocked, id=20292, stack(0x00007f16e8a3f000,0x00007f16e8b40000)]
  0x00007f16e4085800 JavaThread "Finalizer" daemon [_thread_blocked, id=20291, stack(0x00007f16e8e26000,0x00007f16e8f27000)]
  0x00007f16e4083000 JavaThread "Reference Handler" daemon [_thread_blocked, id=20290, stack(0x00007f16e8f27000,0x00007f16e9028000)]
=>0x00007f16e400b800 JavaThread "main" [_thread_in_native, id=20284, stack(0x00007f16ebd58000,0x00007f16ebe58000)]

Other Threads:
  0x00007f16e4079000 VMThread [stack: 0x00007f16e9029000,0x00007f16e9129000] [id=20289]
  0x00007f16e40f6800 WatcherThread [stack: 0x00007f16e8482000,0x00007f16e8582000] [id=20297]

VM state:not at safepoint (normal execution)

VM Mutex/Monitor currently owned by a thread: None

heap address: 0x00000000f0000000, size: 256 MB, Compressed Oops mode: 32-bit
Narrow klass base: 0x0000000000000000, Narrow klass shift: 3
Compressed class space size: 1073741824 Address: 0x0000000100000000

Heap:
 PSYoungGen      total 9728K, used 1177K [0x00000000fab00000, 0x00000000fbe00000, 0x0000000100000000)
  eden space 8704K, 1% used [0x00000000fab00000,0x00000000fab2b3a8,0x00000000fb380000)
  from space 1024K, 98% used [0x00000000fb480000,0x00000000fb57b128,0x00000000fb580000)
  to   space 1024K, 0% used [0x00000000fb380000,0x00000000fb380000,0x00000000fb480000)
 ParOldGen       total 22016K, used 619K [0x00000000f0000000, 0x00000000f1580000, 0x00000000fab00000)
  object space 22016K, 2% used [0x00000000f0000000,0x00000000f009ac38,0x00000000f1580000)
 Metaspace       used 12725K, capacity 13268K, committed 13440K, reserved 1060864K
  class space    used 1576K, capacity 1655K, committed 1664K, reserved 1048576K

Card table byte_map: [0x00007f16eb8a6000,0x00007f16eb927000] byte_map_base: 0x00007f16eb126000

Marking Bits: (ParMarkBitMap*) 0x00007f16eccb2c80
 Begin Bits: [0x00007f16eac4c000, 0x00007f16eb04c000)
 End Bits:   [0x00007f16eb04c000, 0x00007f16eb44c000)

Polling page: 0x00007f16ed0e1000

CodeCache: size=245760Kb used=2494Kb max_used=2494Kb free=243265Kb
 bounds [0x00007f16d5000000, 0x00007f16d5280000, 0x00007f16e4000000]
 total_blobs=995 nmethods=685 adapters=225
 compilation: enabled

Compilation events (10 events):
Event: 0.576 Thread 0x00007f16e40be800  681       3       java.lang.StringCoding::access$300 (8 bytes)
Event: 0.576 Thread 0x00007f16e40be800 nmethod 681 0x00007f16d52672d0 code [0x00007f16d5267480, 0x00007f16d52679a8]
Event: 0.576 Thread 0x00007f16e40be800  682       1       java.util.zip.ZipFile::access$000 (5 bytes)
Event: 0.576 Thread 0x00007f16e40be800 nmethod 682 0x00007f16d5267010 code [0x00007f16d5267160, 0x00007f16d5267250]
Event: 0.576 Thread 0x00007f16e40be800  679       3       java.lang.StringCoding::access$100 (8 bytes)
Event: 0.576 Thread 0x00007f16e40be800 nmethod 679 0x00007f16d5261510 code [0x00007f16d52616c0, 0x00007f16d5261be8]
Event: 0.576 Thread 0x00007f16e40be800  684       1       java.net.URL::getPort (5 bytes)
Event: 0.576 Thread 0x00007f16e40be800 nmethod 684 0x00007f16d5266d50 code [0x00007f16d5266ea0, 0x00007f16d5266fb0]
Event: 0.577 Thread 0x00007f16e40be800  685       1       java.nio.Buffer::position (5 bytes)
Event: 0.577 Thread 0x00007f16e40be800 nmethod 685 0x00007f16d5261250 code [0x00007f16d52613a0, 0x00007f16d52614b0]

GC Heap History (4 events):
Event: 0.523 GC heap before
{Heap before GC invocations=1 (full 0):
 PSYoungGen      total 9728K, used 8704K [0x00000000fab00000, 0x00000000fb580000, 0x0000000100000000)
  eden space 8704K, 100% used [0x00000000fab00000,0x00000000fb380000,0x00000000fb380000)
  from space 1024K, 0% used [0x00000000fb480000,0x00000000fb480000,0x00000000fb580000)
  to   space 1024K, 0% used [0x00000000fb380000,0x00000000fb380000,0x00000000fb480000)
 ParOldGen       total 22016K, used 0K [0x00000000f0000000, 0x00000000f1580000, 0x00000000fab00000)
  object space 22016K, 0% used [0x00000000f0000000,0x00000000f0000000,0x00000000f1580000)
 Metaspace       used 12072K, capacity 12498K, committed 12672K, reserved 1060864K
  class space    used 1489K, capacity 1548K, committed 1664K, reserved 1048576K
Event: 0.524 GC heap after
Heap after GC invocations=1 (full 0):
 PSYoungGen      total 9728K, used 1016K [0x00000000fab00000, 0x00000000fb580000, 0x0000000100000000)
  eden space 8704K, 0% used [0x00000000fab00000,0x00000000fab00000,0x00000000fb380000)
  from space 1024K, 99% used [0x00000000fb380000,0x00000000fb47e248,0x00000000fb480000)
  to   space 1024K, 0% used [0x00000000fb480000,0x00000000fb480000,0x00000000fb580000)
 ParOldGen       total 22016K, used 175K [0x00000000f0000000, 0x00000000f1580000, 0x00000000fab00000)
  object space 22016K, 0% used [0x00000000f0000000,0x00000000f002be78,0x00000000f1580000)
 Metaspace       used 12072K, capacity 12498K, committed 12672K, reserved 1060864K
  class space    used 1489K, capacity 1548K, committed 1664K, reserved 1048576K
}
Event: 0.572 GC heap before
{Heap before GC invocations=2 (full 0):
 PSYoungGen      total 9728K, used 9720K [0x00000000fab00000, 0x00000000fb580000, 0x0000000100000000)
  eden space 8704K, 100% used [0x00000000fab00000,0x00000000fb380000,0x00000000fb380000)
  from space 1024K, 99% used [0x00000000fb380000,0x00000000fb47e248,0x00000000fb480000)
  to   space 1024K, 0% used [0x00000000fb480000,0x00000000fb480000,0x00000000fb580000)
 ParOldGen       total 22016K, used 175K [0x00000000f0000000, 0x00000000f1580000, 0x00000000fab00000)
  object space 22016K, 0% used [0x00000000f0000000,0x00000000f002be78,0x00000000f1580000)
 Metaspace       used 12648K, capacity 13194K, committed 13440K, reserved 1060864K
  class space    used 1568K, capacity 1654K, committed 1664K, reserved 1048576K
Event: 0.574 GC heap after
Heap after GC invocations=2 (full 0):
 PSYoungGen      total 9728K, used 1004K [0x00000000fab00000, 0x00000000fbe00000, 0x0000000100000000)
  eden space 8704K, 0% used [0x00000000fab00000,0x00000000fab00000,0x00000000fb380000)
  from space 1024K, 98% used [0x00000000fb480000,0x00000000fb57b128,0x00000000fb580000)
  to   space 1024K, 0% used [0x00000000fb380000,0x00000000fb380000,0x00000000fb480000)
 ParOldGen       total 22016K, used 619K [0x00000000f0000000, 0x00000000f1580000, 0x00000000fab00000)
  object space 22016K, 2% used [0x00000000f0000000,0x00000000f009ac38,0x00000000f1580000)
 Metaspace       used 12648K, capacity 13194K, committed 13440K, reserved 1060864K
  class space    used 1568K, capacity 1654K, committed 1664K, reserved 1048576K
}

Deoptimization events (2 events):
Event: 0.266 Thread 0x00007f16e400b800 Uncommon trap: reason=unstable_if action=reinterpret pc=0x00007f16d513bc7c method=java.lang.String.indexOf(II)I @ 17
Event: 0.271 Thread 0x00007f16e400b800 Uncommon trap: reason=null_check action=make_not_entrant pc=0x00007f16d51650a0 method=java.lang.String.equals(Ljava/lang/Object;)Z @ 8

Classes redefined (0 events):
No events

Internal exceptions (10 events):
Event: 0.544 Thread 0x00007f16e400b800 Exception <a 'java/lang/NoSuchMethodError': java.lang.Object.$anonfun$envOrElse$1(Lscala/tools/reflect/WrappedProperties;Ljava/lang/String;Ljava/lang/String;)Ljava/lang/String;> (0x00000000fab82820) thrown at [/build/java8-openjdk/src/jdk8u-jdk8u212-b01/h
Event: 0.544 Thread 0x00007f16e400b800 Exception <a 'java/lang/NoSuchMethodError': java.lang.Object.$anonfun$envOrElse$1(Ljava/lang/String;)Ljava/lang/String;> (0x00000000fab87e20) thrown at [/build/java8-openjdk/src/jdk8u-jdk8u212-b01/hotspot/src/share/vm/interpreter/linkResolver.cpp, line 62
Event: 0.545 Thread 0x00007f16e400b800 Exception <a 'java/lang/NoSuchMethodError': java.lang.Object.$anonfun$envOrElse$2(Ljava/lang/String;)Ljava/lang/String;> (0x00000000fab8c158) thrown at [/build/java8-openjdk/src/jdk8u-jdk8u212-b01/hotspot/src/share/vm/interpreter/linkResolver.cpp, line 62
Event: 0.545 Thread 0x00007f16e400b800 Exception <a 'java/lang/NoSuchMethodError': java.lang.Object.$anonfun$flatten$1(Lscala/Function1;Lscala/collection/mutable/Builder;Ljava/lang/Object;)Lscala/collection/mutable/Builder;> (0x00000000fab94fd0) thrown at [/build/java8-openjdk/src/jdk8u-jdk8u2
Event: 0.547 Thread 0x00007f16e400b800 Exception <a 'java/lang/NoSuchMethodError': java.lang.Object.$anonfun$flatMap$1(Lscala/Function1;Lscala/collection/mutable/Builder;Ljava/lang/Object;)Lscala/collection/mutable/Builder;> (0x00000000fab9ffb8) thrown at [/build/java8-openjdk/src/jdk8u-jdk8u2
Event: 0.554 Thread 0x00007f16e400b800 Exception <a 'java/lang/NoSuchMethodError': java.lang.Object.$anonfun$tryClass$1(Lscala/reflect/internal/util/ScalaClassLoader;Ljava/lang/String;Z)Ljava/lang/Class;> (0x00000000fabc3da8) thrown at [/build/java8-openjdk/src/jdk8u-jdk8u212-b01/hotspot/src/s
Event: 0.564 Thread 0x00007f16e400b800 Exception <a 'java/lang/NoSuchMethodError': java.lang.Object.$anonfun$isInfo$1$adapted(Lscala/tools/nsc/settings/MutableSettings$Setting;)Ljava/lang/Object;> (0x00000000fafa9308) thrown at [/build/java8-openjdk/src/jdk8u-jdk8u212-b01/hotspot/src/share/vm/
Event: 0.564 Thread 0x00007f16e400b800 Exception <a 'java/lang/NoSuchMethodError': java.lang.Object.$anonfun$isInfo$2$adapted(Lscala/tools/nsc/settings/MutableSettings$Setting;)Ljava/lang/Object;> (0x00000000fafad3b0) thrown at [/build/java8-openjdk/src/jdk8u-jdk8u212-b01/hotspot/src/share/vm/
Event: 0.571 Thread 0x00007f16e400b800 Exception <a 'java/lang/NoSuchMethodError': java.lang.Object.$anonfun$run$1(Ljava/lang/String;)Lscala/runtime/Nothing$;> (0x00000000fb379ca0) thrown at [/build/java8-openjdk/src/jdk8u-jdk8u212-b01/hotspot/src/share/vm/interpreter/linkResolver.cpp, line 62
Event: 0.571 Thread 0x00007f16e400b800 Exception <a 'java/lang/NoSuchMethodError': java.lang.Object.$anonfun$run$2(Lscala/collection/Seq;Ljava/lang/reflect/Method;)Ljava/lang/Object;> (0x00000000fb37e700) thrown at [/build/java8-openjdk/src/jdk8u-jdk8u212-b01/hotspot/src/share/vm/interpreter/l

Events (10 events):
Event: 0.577 loading class scala/util/DynamicVariable$$anon$1
Event: 0.577 loading class java/lang/InheritableThreadLocal
Event: 0.577 loading class java/lang/InheritableThreadLocal done
Event: 0.577 Executing VM operation: Deoptimize
Event: 0.577 Executing VM operation: Deoptimize done
Event: 0.577 loading class scala/util/DynamicVariable$$anon$1 done
Event: 0.577 loading class jni/GLWrapper
Event: 0.577 loading class jni/GLWrapper done
Event: 0.577 loading class java/lang/Package
Event: 0.577 loading class java/lang/Package done


Dynamic libraries:
41622000-41624000 r-xs 00000000 00:2c 53                                 /tmp/.glr3v8Ad (deleted)
41aa2000-41b54000 rw-p 00000000 00:00 0 
f0000000-f1580000 rw-p 00000000 00:00 0 
f1580000-fab00000 ---p 00000000 00:00 0 
fab00000-fbe00000 rw-p 00000000 00:00 0 
fbe00000-100000000 ---p 00000000 00:00 0 
100000000-1001a0000 rw-p 00000000 00:00 0 
1001a0000-140000000 ---p 00000000 00:00 0 
5619cd08b000-5619cd08c000 r--p 00000000 fe:00 4982129                    /usr/lib/jvm/java-8-openjdk/jre/bin/java
5619cd08c000-5619cd08d000 r-xp 00001000 fe:00 4982129                    /usr/lib/jvm/java-8-openjdk/jre/bin/java
5619cd08d000-5619cd08e000 r--p 00002000 fe:00 4982129                    /usr/lib/jvm/java-8-openjdk/jre/bin/java
5619cd08e000-5619cd08f000 r--p 00002000 fe:00 4982129                    /usr/lib/jvm/java-8-openjdk/jre/bin/java
5619cd08f000-5619cd090000 rw-p 00003000 fe:00 4982129                    /usr/lib/jvm/java-8-openjdk/jre/bin/java
5619cd718000-5619cd739000 rw-p 00000000 00:00 0                          [heap]
7f1698000000-7f1698021000 rw-p 00000000 00:00 0 
7f1698021000-7f169c000000 ---p 00000000 00:00 0 
7f169c000000-7f169c021000 rw-p 00000000 00:00 0 
7f169c021000-7f16a0000000 ---p 00000000 00:00 0 
7f16a0000000-7f16a0074000 rw-p 00000000 00:00 0 
7f16a0074000-7f16a4000000 ---p 00000000 00:00 0 
7f16a4000000-7f16a4074000 rw-p 00000000 00:00 0 
7f16a4074000-7f16a8000000 ---p 00000000 00:00 0 
7f16a8000000-7f16a8021000 rw-p 00000000 00:00 0 
7f16a8021000-7f16ac000000 ---p 00000000 00:00 0 
7f16ac000000-7f16ac086000 rw-p 00000000 00:00 0 
7f16ac086000-7f16b0000000 ---p 00000000 00:00 0 
7f16b0000000-7f16b0021000 rw-p 00000000 00:00 0 
7f16b0021000-7f16b4000000 ---p 00000000 00:00 0 
7f16b4000000-7f16b4021000 rw-p 00000000 00:00 0 
7f16b4021000-7f16b8000000 ---p 00000000 00:00 0 
7f16b8000000-7f16b8021000 rw-p 00000000 00:00 0 
7f16b8021000-7f16bc000000 ---p 00000000 00:00 0 
7f16bc000000-7f16bc021000 rw-p 00000000 00:00 0 
7f16bc021000-7f16c0000000 ---p 00000000 00:00 0 
7f16c0000000-7f16c0021000 rw-p 00000000 00:00 0 
7f16c0021000-7f16c4000000 ---p 00000000 00:00 0 
7f16c6396000-7f16c75ad000 r-xp 00000000 fe:00 4096496                    /usr/lib/libnvidia-glcore.so.418.43
7f16c75ad000-7f16c75ce000 rwxp 01217000 fe:00 4096496                    /usr/lib/libnvidia-glcore.so.418.43
7f16c75ce000-7f16c7ac3000 r-xp 01238000 fe:00 4096496                    /usr/lib/libnvidia-glcore.so.418.43
7f16c7ac3000-7f16c7cc3000 ---p 0172d000 fe:00 4096496                    /usr/lib/libnvidia-glcore.so.418.43
7f16c7cc3000-7f16c7fea000 rw-p 0172d000 fe:00 4096496                    /usr/lib/libnvidia-glcore.so.418.43
7f16c7fea000-7f16c8000000 rw-p 00000000 00:00 0 
7f16c8000000-7f16c8021000 rw-p 00000000 00:00 0 
7f16c8021000-7f16cc000000 ---p 00000000 00:00 0 
7f16cc876000-7f16cca76000 rw-s 00000000 00:06 567                        /dev/nvidiactl
7f16cca76000-7f16ccaf6000 rw-s 00000000 00:06 567                        /dev/nvidiactl
7f16ccaf6000-7f16ccb76000 rw-s 00000000 00:06 567                        /dev/nvidiactl
7f16ccb76000-7f16ccbf6000 rw-s 00000000 00:06 567                        /dev/nvidiactl
7f16ccbf6000-7f16cccf6000 rw-s 00000000 00:06 567                        /dev/nvidiactl
7f16cccf6000-7f16ccdfb000 rw-s 00000000 00:06 567                        /dev/nvidiactl
7f16ccdfb000-7f16ccdfe000 r-xp 00000000 fe:00 4117701                    /usr/lib/libnvidia-tls.so.418.43
7f16ccdfe000-7f16ccffe000 ---p 00003000 fe:00 4117701                    /usr/lib/libnvidia-tls.so.418.43
7f16ccffe000-7f16ccfff000 rw-p 00003000 fe:00 4117701                    /usr/lib/libnvidia-tls.so.418.43
7f16ccfff000-7f16d0000000 rw-p 00000000 00:00 0 
7f16d0000000-7f16d0021000 rw-p 00000000 00:00 0 
7f16d0021000-7f16d4000000 ---p 00000000 00:00 0 
7f16d401c000-7f16d402f000 rw-s 00000000 00:06 567                        /dev/nvidiactl
7f16d402f000-7f16d404f000 rw-s 00000000 00:06 568                        /dev/nvidia0
7f16d404f000-7f16d408f000 rw-s 00000000 00:06 567                        /dev/nvidiactl
7f16d408f000-7f16d4159000 r-xp 00000000 fe:00 4096469                    /usr/lib/libGLX_nvidia.so.418.43
7f16d4159000-7f16d418e000 rwxp 000ca000 fe:00 4096469                    /usr/lib/libGLX_nvidia.so.418.43
7f16d418e000-7f16d41a2000 r-xp 000ff000 fe:00 4096469                    /usr/lib/libGLX_nvidia.so.418.43
7f16d41a2000-7f16d43a1000 ---p 00113000 fe:00 4096469                    /usr/lib/libGLX_nvidia.so.418.43
7f16d43a1000-7f16d43c6000 rw-p 00112000 fe:00 4096469                    /usr/lib/libGLX_nvidia.so.418.43
7f16d43c6000-7f16d43ce000 rw-p 00000000 00:00 0 
7f16d43ce000-7f16d440e000 r--p 00000000 fe:00 4069014                    /usr/lib/libGLdispatch.so.0.0.0
7f16d440e000-7f16d4411000 r-xp 00040000 fe:00 4069014                    /usr/lib/libGLdispatch.so.0.0.0
7f16d4411000-7f16d442b000 r-xp 00043000 fe:00 4069014                    /usr/lib/libGLdispatch.so.0.0.0
7f16d442b000-7f16d442c000 r-xp 0005d000 fe:00 4069014                    /usr/lib/libGLdispatch.so.0.0.0
7f16d442c000-7f16d443f000 r--p 0005e000 fe:00 4069014                    /usr/lib/libGLdispatch.so.0.0.0
7f16d443f000-7f16d4440000 ---p 00071000 fe:00 4069014                    /usr/lib/libGLdispatch.so.0.0.0
7f16d4440000-7f16d4469000 r--p 00071000 fe:00 4069014                    /usr/lib/libGLdispatch.so.0.0.0
7f16d4469000-7f16d446a000 rw-p 0009a000 fe:00 4069014                    /usr/lib/libGLdispatch.so.0.0.0
7f16d446a000-7f16d448a000 rw-p 00000000 00:00 0 
7f16d448a000-7f16d44cc000 r--p 00000000 fe:00 4069009                    /usr/lib/libGL.so.1.7.0
7f16d44cc000-7f16d44d0000 r-xp 00042000 fe:00 4069009                    /usr/lib/libGL.so.1.7.0
7f16d44d0000-7f16d44ea000 r-xp 00046000 fe:00 4069009                    /usr/lib/libGL.so.1.7.0
7f16d44ea000-7f16d44eb000 r-xp 00060000 fe:00 4069009                    /usr/lib/libGL.so.1.7.0
7f16d44eb000-7f16d4500000 r--p 00061000 fe:00 4069009                    /usr/lib/libGL.so.1.7.0
7f16d4500000-7f16d451b000 r--p 00075000 fe:00 4069009                    /usr/lib/libGL.so.1.7.0
7f16d451b000-7f16d451c000 rw-p 00090000 fe:00 4069009                    /usr/lib/libGL.so.1.7.0
7f16d451c000-7f16d4591000 rw-p 00000000 00:00 0 
7f16d4597000-7f16d45d7000 rw-s 00000000 00:06 567                        /dev/nvidiactl
7f16d45d7000-7f16d45db000 r--p 00000000 fe:00 4067360                    /usr/lib/libdrm.so.2.4.0
7f16d45db000-7f16d45e5000 r-xp 00004000 fe:00 4067360                    /usr/lib/libdrm.so.2.4.0
7f16d45e5000-7f16d45e8000 r--p 0000e000 fe:00 4067360                    /usr/lib/libdrm.so.2.4.0
7f16d45e8000-7f16d45e9000 ---p 00011000 fe:00 4067360                    /usr/lib/libdrm.so.2.4.0
7f16d45e9000-7f16d45ea000 r--p 00011000 fe:00 4067360                    /usr/lib/libdrm.so.2.4.0
7f16d45ea000-7f16d45eb000 rw-p 00012000 fe:00 4067360                    /usr/lib/libdrm.so.2.4.0
7f16d45eb000-7f16d45ee000 r--p 00000000 fe:00 4069012                    /usr/lib/libGLX.so.0.0.0
7f16d45ee000-7f16d45f8000 r-xp 00003000 fe:00 4069012                    /usr/lib/libGLX.so.0.0.0
7f16d45f8000-7f16d45fb000 r--p 0000d000 fe:00 4069012                    /usr/lib/libGLX.so.0.0.0
7f16d45fb000-7f16d45fc000 ---p 00010000 fe:00 4069012                    /usr/lib/libGLX.so.0.0.0
7f16d45fc000-7f16d45fd000 r--p 00010000 fe:00 4069012                    /usr/lib/libGLX.so.0.0.0
7f16d45fd000-7f16d45fe000 rw-p 00011000 fe:00 4069012                    /usr/lib/libGLX.so.0.0.0
7f16d45fe000-7f16d461e000 rw-p 00000000 00:00 0 
7f16d461e000-7f16d461f000 r--p 00000000 fe:00 4067264                    /usr/lib/libX11-xcb.so.1.0.0
7f16d461f000-7f16d4620000 r-xp 00001000 fe:00 4067264                    /usr/lib/libX11-xcb.so.1.0.0
7f16d4620000-7f16d4621000 r--p 00002000 fe:00 4067264                    /usr/lib/libX11-xcb.so.1.0.0
7f16d4621000-7f16d4622000 r--p 00002000 fe:00 4067264                    /usr/lib/libX11-xcb.so.1.0.0
7f16d4622000-7f16d4623000 rw-p 00003000 fe:00 4067264                    /usr/lib/libX11-xcb.so.1.0.0
7f16d4623000-7f16d4628000 r-xp 00000000 fe:00 4069026                    /usr/lib/libXfixes.so.3.1.0
7f16d4628000-7f16d4827000 ---p 00005000 fe:00 4069026                    /usr/lib/libXfixes.so.3.1.0
7f16d4827000-7f16d4828000 r--p 00004000 fe:00 4069026                    /usr/lib/libXfixes.so.3.1.0
7f16d4828000-7f16d4829000 rw-p 00005000 fe:00 4069026                    /usr/lib/libXfixes.so.3.1.0
7f16d4829000-7f16d482d000 r--p 00000000 fe:00 4073250                    /usr/lib/libXext.so.6.4.0
7f16d482d000-7f16d4838000 r-xp 00004000 fe:00 4073250                    /usr/lib/libXext.so.6.4.0
7f16d4838000-7f16d483c000 r--p 0000f000 fe:00 4073250                    /usr/lib/libXext.so.6.4.0
7f16d483c000-7f16d483d000 r--p 00012000 fe:00 4073250                    /usr/lib/libXext.so.6.4.0
7f16d483d000-7f16d483e000 rw-p 00013000 fe:00 4073250                    /usr/lib/libXext.so.6.4.0
7f16d483e000-7f16d484a000 r--p 00000000 fe:00 4073236                    /usr/lib/libxcb.so.1.1.0
7f16d484a000-7f16d485d000 r-xp 0000c000 fe:00 4073236                    /usr/lib/libxcb.so.1.1.0
7f16d485d000-7f16d4866000 r--p 0001f000 fe:00 4073236                    /usr/lib/libxcb.so.1.1.0
7f16d4866000-7f16d4867000 r--p 00027000 fe:00 4073236                    /usr/lib/libxcb.so.1.1.0
7f16d4867000-7f16d4868000 rw-p 00028000 fe:00 4073236                    /usr/lib/libxcb.so.1.1.0
7f16d4868000-7f16d48f1000 r--p 00000000 fe:00 4069301                    /usr/lib/libstdc++.so.6.0.25
7f16d48f1000-7f16d49a9000 r-xp 00089000 fe:00 4069301                    /usr/lib/libstdc++.so.6.0.25
7f16d49a9000-7f16d49e6000 r--p 00141000 fe:00 4069301                    /usr/lib/libstdc++.so.6.0.25
7f16d49e6000-7f16d49e7000 ---p 0017e000 fe:00 4069301                    /usr/lib/libstdc++.so.6.0.25
7f16d49e7000-7f16d49f3000 r--p 0017e000 fe:00 4069301                    /usr/lib/libstdc++.so.6.0.25
7f16d49f3000-7f16d49f4000 rw-p 0018a000 fe:00 4069301                    /usr/lib/libstdc++.so.6.0.25
7f16d49f4000-7f16d49f7000 rw-p 00000000 00:00 0 
7f16d49f7000-7f16d49fb000 r-xp 00000000 fe:00 4069027                    /usr/lib/libXxf86vm.so.1.0.0
7f16d49fb000-7f16d4bfb000 ---p 00004000 fe:00 4069027                    /usr/lib/libXxf86vm.so.1.0.0
7f16d4bfb000-7f16d4bfc000 r--p 00004000 fe:00 4069027                    /usr/lib/libXxf86vm.so.1.0.0
7f16d4bfc000-7f16d4bfd000 rw-p 00005000 fe:00 4069027                    /usr/lib/libXxf86vm.so.1.0.0
7f16d4bfd000-7f16d4bff000 r-xp 00000000 fe:00 4077494                    /usr/lib/libXinerama.so.1.0.0
7f16d4bff000-7f16d4dfe000 ---p 00002000 fe:00 4077494                    /usr/lib/libXinerama.so.1.0.0
7f16d4dfe000-7f16d4dff000 r--p 00001000 fe:00 4077494                    /usr/lib/libXinerama.so.1.0.0
7f16d4dff000-7f16d4e00000 rw-p 00002000 fe:00 4077494                    /usr/lib/libXinerama.so.1.0.0
7f16d4e00000-7f16d4e1c000 r--p 00000000 fe:00 4079815                    /usr/lib/libX11.so.6.3.0
7f16d4e1c000-7f16d4ea4000 r-xp 0001c000 fe:00 4079815                    /usr/lib/libX11.so.6.3.0
7f16d4ea4000-7f16d4f38000 r--p 000a4000 fe:00 4079815                    /usr/lib/libX11.so.6.3.0
7f16d4f38000-7f16d4f3b000 r--p 00137000 fe:00 4079815                    /usr/lib/libX11.so.6.3.0
7f16d4f3b000-7f16d4f3f000 rw-p 0013a000 fe:00 4079815                    /usr/lib/libX11.so.6.3.0
7f16d4f4c000-7f16d4f50000 rw-s 00000000 00:06 567                        /dev/nvidiactl
7f16d4f50000-7f16d4f70000 rw-s 00000000 00:06 567                        /dev/nvidiactl
7f16d4f90000-7f16d4fac000 r--p 00000000 fe:00 413556                     /home/joseph/Documents/Programming/Graphics/OpenGLProject/cmake-build-debug/libOpenGLProject.so
7f16d4fac000-7f16d4fe9000 r-xp 0001c000 fe:00 413556                     /home/joseph/Documents/Programming/Graphics/OpenGLProject/cmake-build-debug/libOpenGLProject.so
7f16d4fe9000-7f16d4ff9000 r--p 00059000 fe:00 413556                     /home/joseph/Documents/Programming/Graphics/OpenGLProject/cmake-build-debug/libOpenGLProject.so
7f16d4ff9000-7f16d4ffa000 ---p 00069000 fe:00 413556                     /home/joseph/Documents/Programming/Graphics/OpenGLProject/cmake-build-debug/libOpenGLProject.so
7f16d4ffa000-7f16d4ffc000 r--p 00069000 fe:00 413556                     /home/joseph/Documents/Programming/Graphics/OpenGLProject/cmake-build-debug/libOpenGLProject.so
7f16d4ffc000-7f16d4ffe000 rw-p 0006b000 fe:00 413556                     /home/joseph/Documents/Programming/Graphics/OpenGLProject/cmake-build-debug/libOpenGLProject.so
7f16d4ffe000-7f16d5000000 rw-p 00000000 00:00 0 
7f16d5000000-7f16d5280000 rwxp 00000000 00:00 0 
7f16d5280000-7f16e4000000 ---p 00000000 00:00 0 
7f16e4000000-7f16e5ce2000 rw-p 00000000 00:00 0 
7f16e5ce2000-7f16e8000000 ---p 00000000 00:00 0 
7f16e8001000-7f16e8003000 rw-s 00000000 00:2c 53                         /tmp/.glr3v8Ad (deleted)
7f16e8003000-7f16e8005000 r--p 00000000 fe:00 4073249                    /usr/lib/libXdmcp.so.6.0.0
7f16e8005000-7f16e8007000 r-xp 00002000 fe:00 4073249                    /usr/lib/libXdmcp.so.6.0.0
7f16e8007000-7f16e8009000 r--p 00004000 fe:00 4073249                    /usr/lib/libXdmcp.so.6.0.0
7f16e8009000-7f16e800a000 r--p 00005000 fe:00 4073249                    /usr/lib/libXdmcp.so.6.0.0
7f16e800a000-7f16e800b000 rw-p 00006000 fe:00 4073249                    /usr/lib/libXdmcp.so.6.0.0
7f16e800b000-7f16e800e000 r--p 00000000 fe:00 4067439                    /usr/lib/libgcc_s.so.1
7f16e800e000-7f16e801f000 r-xp 00003000 fe:00 4067439                    /usr/lib/libgcc_s.so.1
7f16e801f000-7f16e8022000 r--p 00014000 fe:00 4067439                    /usr/lib/libgcc_s.so.1
7f16e8022000-7f16e8023000 ---p 00017000 fe:00 4067439                    /usr/lib/libgcc_s.so.1
7f16e8023000-7f16e8024000 r--p 00017000 fe:00 4067439                    /usr/lib/libgcc_s.so.1
7f16e8024000-7f16e8025000 rw-p 00018000 fe:00 4067439                    /usr/lib/libgcc_s.so.1
7f16e8025000-7f16e81a5000 rw-p 00000000 00:00 0 
7f16e81a5000-7f16e8225000 ---p 00000000 00:00 0 
7f16e8225000-7f16e8425000 rw-p 00000000 00:00 0 
7f16e8425000-7f16e8426000 rw-s 00000000 00:06 567                        /dev/nvidiactl
7f16e8426000-7f16e8427000 rw-s 00000000 00:06 568                        /dev/nvidia0
7f16e8427000-7f16e8428000 r--p 00000000 fe:00 4073222                    /usr/lib/libXau.so.6.0.0
7f16e8428000-7f16e8429000 r-xp 00001000 fe:00 4073222                    /usr/lib/libXau.so.6.0.0
7f16e8429000-7f16e842a000 r--p 00002000 fe:00 4073222                    /usr/lib/libXau.so.6.0.0
7f16e842a000-7f16e842b000 r--p 00002000 fe:00 4073222                    /usr/lib/libXau.so.6.0.0
7f16e842b000-7f16e842c000 rw-p 00003000 fe:00 4073222                    /usr/lib/libXau.so.6.0.0
7f16e842c000-7f16e842e000 r--p 00000000 fe:00 4078939                    /usr/lib/libXrender.so.1.3.0
7f16e842e000-7f16e8435000 r-xp 00002000 fe:00 4078939                    /usr/lib/libXrender.so.1.3.0
7f16e8435000-7f16e8437000 r--p 00009000 fe:00 4078939                    /usr/lib/libXrender.so.1.3.0
7f16e8437000-7f16e8438000 r--p 0000a000 fe:00 4078939                    /usr/lib/libXrender.so.1.3.0
7f16e8438000-7f16e8439000 rw-p 0000b000 fe:00 4078939                    /usr/lib/libXrender.so.1.3.0
7f16e8439000-7f16e843c000 r--p 00000000 fe:00 4078917                    /usr/lib/libXcursor.so.1.0.2
7f16e843c000-7f16e8441000 r-xp 00003000 fe:00 4078917                    /usr/lib/libXcursor.so.1.0.2
7f16e8441000-7f16e8443000 r--p 00008000 fe:00 4078917                    /usr/lib/libXcursor.so.1.0.2
7f16e8443000-7f16e8444000 r--p 00009000 fe:00 4078917                    /usr/lib/libXcursor.so.1.0.2
7f16e8444000-7f16e8445000 rw-p 0000a000 fe:00 4078917                    /usr/lib/libXcursor.so.1.0.2
7f16e8445000-7f16e8447000 r--p 00000000 fe:00 4078938                    /usr/lib/libXrandr.so.2.2.0
7f16e8447000-7f16e844e000 r-xp 00002000 fe:00 4078938                    /usr/lib/libXrandr.so.2.2.0
7f16e844e000-7f16e8450000 r--p 00009000 fe:00 4078938                    /usr/lib/libXrandr.so.2.2.0
7f16e8450000-7f16e8451000 r--p 0000a000 fe:00 4078938                    /usr/lib/libXrandr.so.2.2.0
7f16e8451000-7f16e8452000 rw-p 0000b000 fe:00 4078938                    /usr/lib/libXrandr.so.2.2.0
7f16e8452000-7f16e8457000 r--p 00000000 fe:00 4983049                    /usr/lib/jvm/java-8-openjdk/jre/lib/amd64/libnet.so
7f16e8457000-7f16e8466000 r-xp 00005000 fe:00 4983049                    /usr/lib/jvm/java-8-openjdk/jre/lib/amd64/libnet.so
7f16e8466000-7f16e846a000 r--p 00014000 fe:00 4983049                    /usr/lib/jvm/java-8-openjdk/jre/lib/amd64/libnet.so
7f16e846a000-7f16e846b000 r--p 00017000 fe:00 4983049                    /usr/lib/jvm/java-8-openjdk/jre/lib/amd64/libnet.so
7f16e846b000-7f16e846c000 rw-p 00018000 fe:00 4983049                    /usr/lib/jvm/java-8-openjdk/jre/lib/amd64/libnet.so
7f16e846c000-7f16e8473000 r--p 00000000 fe:00 4983050                    /usr/lib/jvm/java-8-openjdk/jre/lib/amd64/libnio.so
7f16e8473000-7f16e847b000 r-xp 00007000 fe:00 4983050                    /usr/lib/jvm/java-8-openjdk/jre/lib/amd64/libnio.so
7f16e847b000-7f16e847e000 r--p 0000f000 fe:00 4983050                    /usr/lib/jvm/java-8-openjdk/jre/lib/amd64/libnio.so
7f16e847e000-7f16e847f000 ---p 00012000 fe:00 4983050                    /usr/lib/jvm/java-8-openjdk/jre/lib/amd64/libnio.so
7f16e847f000-7f16e8480000 r--p 00012000 fe:00 4983050                    /usr/lib/jvm/java-8-openjdk/jre/lib/amd64/libnio.so
7f16e8480000-7f16e8481000 rw-p 00013000 fe:00 4983050                    /usr/lib/jvm/java-8-openjdk/jre/lib/amd64/libnio.so
7f16e8481000-7f16e8482000 ---p 00000000 00:00 0 
7f16e8482000-7f16e8582000 rw-p 00000000 00:00 0 
7f16e8582000-7f16e8588000 r--s 00080000 fe:00 4072599                    /usr/share/scala/lib/scala-xml_2.12-1.0.6.jar
7f16e8588000-7f16e8591000 r--s 000ab000 fe:00 4072582                    /usr/share/scala/lib/scala-swing_2.12-2.0.3.jar
7f16e8591000-7f16e85b4000 r--s 00347000 fe:00 4071644                    /usr/share/scala/lib/scala-reflect.jar
7f16e85b4000-7f16e85ec000 r--s 004bf000 fe:00 4069441                    /usr/share/scala/lib/scala-library.jar
7f16e85ec000-7f16e863b000 r--s 00967000 fe:00 4069435                    /usr/share/scala/lib/scala-compiler.jar
7f16e863b000-7f16e863e000 ---p 00000000 00:00 0 
7f16e863e000-7f16e873c000 rw-p 00000000 00:00 0 
7f16e873c000-7f16e873d000 ---p 00000000 00:00 0 
7f16e873d000-7f16e8740000 ---p 00000000 00:00 0 
7f16e8740000-7f16e883d000 rw-p 00000000 00:00 0 
7f16e883d000-7f16e883e000 ---p 00000000 00:00 0 
7f16e883e000-7f16e8841000 ---p 00000000 00:00 0 
7f16e8841000-7f16e893e000 rw-p 00000000 00:00 0 
7f16e893e000-7f16e893f000 ---p 00000000 00:00 0 
7f16e893f000-7f16e8942000 ---p 00000000 00:00 0 
7f16e8942000-7f16e8a3f000 rw-p 00000000 00:00 0 
7f16e8a3f000-7f16e8a42000 ---p 00000000 00:00 0 
7f16e8a42000-7f16e8b40000 rw-p 00000000 00:00 0 
7f16e8b40000-7f16e8e26000 r--p 00000000 fe:00 4078801                    /usr/lib/locale/locale-archive
7f16e8e26000-7f16e8e29000 ---p 00000000 00:00 0 
7f16e8e29000-7f16e8f27000 rw-p 00000000 00:00 0 
7f16e8f27000-7f16e8f2a000 ---p 00000000 00:00 0 
7f16e8f2a000-7f16e9028000 rw-p 00000000 00:00 0 
7f16e9028000-7f16e9029000 ---p 00000000 00:00 0 
7f16e9029000-7f16ea12b000 rw-p 00000000 00:00 0 
7f16ea12b000-7f16ea2fb000 r--s 03c3a000 fe:00 4983165                    /usr/lib/jvm/java-8-openjdk/jre/lib/rt.jar
7f16ea2fb000-7f16eb44c000 rw-p 00000000 00:00 0 
7f16eb44c000-7f16eb44d000 ---p 00000000 00:00 0 
7f16eb44d000-7f16eb54d000 rw-p 00000000 00:00 0 
7f16eb54d000-7f16eb54e000 ---p 00000000 00:00 0 
7f16eb54e000-7f16eb64e000 rw-p 00000000 00:00 0 
7f16eb64e000-7f16eb64f000 ---p 00000000 00:00 0 
7f16eb64f000-7f16eb74f000 rw-p 00000000 00:00 0 
7f16eb74f000-7f16eb750000 ---p 00000000 00:00 0 
7f16eb750000-7f16eb85b000 rw-p 00000000 00:00 0 
7f16eb85b000-7f16eb8a6000 ---p 00000000 00:00 0 
7f16eb8a6000-7f16eb8b1000 rw-p 00000000 00:00 0 
7f16eb8b1000-7f16eb8fb000 ---p 00000000 00:00 0 
7f16eb8fb000-7f16eb905000 rw-p 00000000 00:00 0 
7f16eb905000-7f16eb926000 ---p 00000000 00:00 0 
7f16eb926000-7f16eb931000 rw-p 00000000 00:00 0 
7f16eb931000-7f16ebce7000 ---p 00000000 00:00 0 
7f16ebce7000-7f16ebcea000 r--p 00000000 fe:00 4071892                    /usr/lib/libnss_files-2.28.so
7f16ebcea000-7f16ebcf1000 r-xp 00003000 fe:00 4071892                    /usr/lib/libnss_files-2.28.so
7f16ebcf1000-7f16ebcf4000 r--p 0000a000 fe:00 4071892                    /usr/lib/libnss_files-2.28.so
7f16ebcf4000-7f16ebcf5000 r--p 0000c000 fe:00 4071892                    /usr/lib/libnss_files-2.28.so
7f16ebcf5000-7f16ebcf6000 rw-p 0000d000 fe:00 4071892                    /usr/lib/libnss_files-2.28.so
7f16ebcf6000-7f16ebcfc000 rw-p 00000000 00:00 0 
7f16ebcfc000-7f16ebcfd000 rw-s 00000000 00:06 568                        /dev/nvidia0
7f16ebcfd000-7f16ebcfe000 rw-s 00000000 00:06 567                        /dev/nvidiactl
7f16ebcfe000-7f16ebd00000 r--s 00006000 fe:00 4072524                    /usr/share/scala/lib/scala-repl-jline.jar
7f16ebd00000-7f16ebd05000 r--s 00041000 fe:00 4071912                    /usr/share/scala/lib/scala-repl-jline-embedded.jar
7f16ebd05000-7f16ebd0b000 r--s 00077000 fe:00 4072603                    /usr/share/scala/lib/scalap.jar
7f16ebd0b000-7f16ebd16000 r--s 001d6000 fe:00 4069275                    /usr/share/scala/lib/scala-compiler-doc.jar
7f16ebd16000-7f16ebd1a000 r--s 0003e000 fe:00 4069189                    /usr/share/scala/lib/jline.jar
7f16ebd1a000-7f16ebd42000 rw-p 00000000 00:00 0 
7f16ebd42000-7f16ebd45000 r--p 00000000 fe:00 4983099                    /usr/lib/jvm/java-8-openjdk/jre/lib/amd64/libzip.so
7f16ebd45000-7f16ebd49000 r-xp 00003000 fe:00 4983099                    /usr/lib/jvm/java-8-openjdk/jre/lib/amd64/libzip.so
7f16ebd49000-7f16ebd4b000 r--p 00007000 fe:00 4983099                    /usr/lib/jvm/java-8-openjdk/jre/lib/amd64/libzip.so
7f16ebd4b000-7f16ebd4c000 r--p 00008000 fe:00 4983099                    /usr/lib/jvm/java-8-openjdk/jre/lib/amd64/libzip.so
7f16ebd4c000-7f16ebd4d000 rw-p 00009000 fe:00 4983099                    /usr/lib/jvm/java-8-openjdk/jre/lib/amd64/libzip.so
7f16ebd4d000-7f16ebd4f000 r--p 00000000 fe:00 4078347                    /usr/lib/librt-2.28.so
7f16ebd4f000-7f16ebd53000 r-xp 00002000 fe:00 4078347                    /usr/lib/librt-2.28.so
7f16ebd53000-7f16ebd55000 r--p 00006000 fe:00 4078347                    /usr/lib/librt-2.28.so
7f16ebd55000-7f16ebd56000 r--p 00007000 fe:00 4078347                    /usr/lib/librt-2.28.so
7f16ebd56000-7f16ebd57000 rw-p 00008000 fe:00 4078347                    /usr/lib/librt-2.28.so
7f16ebd57000-7f16ebd58000 ---p 00000000 00:00 0 
7f16ebd58000-7f16ebd5b000 ---p 00000000 00:00 0 
7f16ebd5b000-7f16ebe58000 rw-p 00000000 00:00 0 
7f16ebe58000-7f16ebe65000 r--p 00000000 fe:00 4071870                    /usr/lib/libm-2.28.so
7f16ebe65000-7f16ebf06000 r-xp 0000d000 fe:00 4071870                    /usr/lib/libm-2.28.so
7f16ebf06000-7f16ebfdb000 r--p 000ae000 fe:00 4071870                    /usr/lib/libm-2.28.so
7f16ebfdb000-7f16ebfdc000 r--p 00182000 fe:00 4071870                    /usr/lib/libm-2.28.so
7f16ebfdc000-7f16ebfdd000 rw-p 00183000 fe:00 4071870                    /usr/lib/libm-2.28.so
7f16ebfdd000-7f16ec1ce000 r--p 00000000 fe:00 4983102                    /usr/lib/jvm/java-8-openjdk/jre/lib/amd64/server/libjvm.so
7f16ec1ce000-7f16eca41000 r-xp 001f1000 fe:00 4983102                    /usr/lib/jvm/java-8-openjdk/jre/lib/amd64/server/libjvm.so
7f16eca41000-7f16ecbe1000 r--p 00a64000 fe:00 4983102                    /usr/lib/jvm/java-8-openjdk/jre/lib/amd64/server/libjvm.so
7f16ecbe1000-7f16ecbe2000 ---p 00c04000 fe:00 4983102                    /usr/lib/jvm/java-8-openjdk/jre/lib/amd64/server/libjvm.so
7f16ecbe2000-7f16ecc77000 r--p 00c04000 fe:00 4983102                    /usr/lib/jvm/java-8-openjdk/jre/lib/amd64/server/libjvm.so
7f16ecc77000-7f16ecc9f000 rw-p 00c99000 fe:00 4983102                    /usr/lib/jvm/java-8-openjdk/jre/lib/amd64/server/libjvm.so
7f16ecc9f000-7f16eccd1000 rw-p 00000000 00:00 0 
7f16eccd1000-7f16eccd7000 r--p 00000000 fe:00 4071899                    /usr/lib/libpthread-2.28.so
7f16eccd7000-7f16ecce6000 r-xp 00006000 fe:00 4071899                    /usr/lib/libpthread-2.28.so
7f16ecce6000-7f16eccec000 r--p 00015000 fe:00 4071899                    /usr/lib/libpthread-2.28.so
7f16eccec000-7f16ecced000 r--p 0001a000 fe:00 4071899                    /usr/lib/libpthread-2.28.so
7f16ecced000-7f16eccee000 rw-p 0001b000 fe:00 4071899                    /usr/lib/libpthread-2.28.so
7f16eccee000-7f16eccf2000 rw-p 00000000 00:00 0 
7f16eccf2000-7f16eccf3000 r--p 00000000 fe:00 4071864                    /usr/lib/libdl-2.28.so
7f16eccf3000-7f16eccf4000 r-xp 00001000 fe:00 4071864                    /usr/lib/libdl-2.28.so
7f16eccf4000-7f16eccf5000 r--p 00002000 fe:00 4071864                    /usr/lib/libdl-2.28.so
7f16eccf5000-7f16eccf6000 r--p 00002000 fe:00 4071864                    /usr/lib/libdl-2.28.so
7f16eccf6000-7f16eccf7000 rw-p 00003000 fe:00 4071864                    /usr/lib/libdl-2.28.so
7f16eccf7000-7f16ecd0d000 r-xp 00000000 fe:00 4069349                    /usr/lib/libz.so.1.2.11
7f16ecd0d000-7f16ecf0c000 ---p 00016000 fe:00 4069349                    /usr/lib/libz.so.1.2.11
7f16ecf0c000-7f16ecf0d000 r--p 00015000 fe:00 4069349                    /usr/lib/libz.so.1.2.11
7f16ecf0d000-7f16ecf0e000 rw-p 00016000 fe:00 4069349                    /usr/lib/libz.so.1.2.11
7f16ecf0e000-7f16ecf30000 r--p 00000000 fe:00 4071855                    /usr/lib/libc-2.28.so
7f16ecf30000-7f16ed07b000 r-xp 00022000 fe:00 4071855                    /usr/lib/libc-2.28.so
7f16ed07b000-7f16ed0c7000 r--p 0016d000 fe:00 4071855                    /usr/lib/libc-2.28.so
7f16ed0c7000-7f16ed0c8000 ---p 001b9000 fe:00 4071855                    /usr/lib/libc-2.28.so
7f16ed0c8000-7f16ed0cc000 r--p 001b9000 fe:00 4071855                    /usr/lib/libc-2.28.so
7f16ed0cc000-7f16ed0ce000 rw-p 001bd000 fe:00 4071855                    /usr/lib/libc-2.28.so
7f16ed0ce000-7f16ed0d2000 rw-p 00000000 00:00 0 
7f16ed0d2000-7f16ed0d3000 rw-s 00000000 00:06 567                        /dev/nvidiactl
7f16ed0d3000-7f16ed0d8000 rw-p 00000000 00:00 0 
7f16ed0d8000-7f16ed0e0000 rw-s 00000000 00:2c 49                         /tmp/hsperfdata_joseph/20283
7f16ed0e0000-7f16ed0e1000 rw-p 00000000 00:00 0 
7f16ed0e1000-7f16ed0e2000 r--p 00000000 00:00 0 
7f16ed0e2000-7f16ed0ef000 r--p 00000000 fe:00 4983038                    /usr/lib/jvm/java-8-openjdk/jre/lib/amd64/libjava.so
7f16ed0ef000-7f16ed107000 r-xp 0000d000 fe:00 4983038                    /usr/lib/jvm/java-8-openjdk/jre/lib/amd64/libjava.so
7f16ed107000-7f16ed10e000 r--p 00025000 fe:00 4983038                    /usr/lib/jvm/java-8-openjdk/jre/lib/amd64/libjava.so
7f16ed10e000-7f16ed10f000 ---p 0002c000 fe:00 4983038                    /usr/lib/jvm/java-8-openjdk/jre/lib/amd64/libjava.so
7f16ed10f000-7f16ed110000 r--p 0002c000 fe:00 4983038                    /usr/lib/jvm/java-8-openjdk/jre/lib/amd64/libjava.so
7f16ed110000-7f16ed111000 rw-p 0002d000 fe:00 4983038                    /usr/lib/jvm/java-8-openjdk/jre/lib/amd64/libjava.so
7f16ed111000-7f16ed112000 rw-p 00000000 00:00 0 
7f16ed112000-7f16ed117000 r--p 00000000 fe:00 4983098                    /usr/lib/jvm/java-8-openjdk/jre/lib/amd64/libverify.so
7f16ed117000-7f16ed11e000 r-xp 00005000 fe:00 4983098                    /usr/lib/jvm/java-8-openjdk/jre/lib/amd64/libverify.so
7f16ed11e000-7f16ed120000 r--p 0000c000 fe:00 4983098                    /usr/lib/jvm/java-8-openjdk/jre/lib/amd64/libverify.so
7f16ed120000-7f16ed122000 r--p 0000d000 fe:00 4983098                    /usr/lib/jvm/java-8-openjdk/jre/lib/amd64/libverify.so
7f16ed122000-7f16ed123000 rw-p 0000f000 fe:00 4983098                    /usr/lib/jvm/java-8-openjdk/jre/lib/amd64/libverify.so
7f16ed123000-7f16ed125000 r--p 00000000 fe:00 4982149                    /usr/lib/jvm/java-8-openjdk/jre/lib/amd64/jli/libjli.so
7f16ed125000-7f16ed12e000 r-xp 00002000 fe:00 4982149                    /usr/lib/jvm/java-8-openjdk/jre/lib/amd64/jli/libjli.so
7f16ed12e000-7f16ed131000 r--p 0000b000 fe:00 4982149                    /usr/lib/jvm/java-8-openjdk/jre/lib/amd64/jli/libjli.so
7f16ed131000-7f16ed132000 r--p 0000d000 fe:00 4982149                    /usr/lib/jvm/java-8-openjdk/jre/lib/amd64/jli/libjli.so
7f16ed132000-7f16ed133000 rw-p 0000e000 fe:00 4982149                    /usr/lib/jvm/java-8-openjdk/jre/lib/amd64/jli/libjli.so
7f16ed133000-7f16ed135000 rw-p 00000000 00:00 0 
7f16ed135000-7f16ed137000 r--p 00000000 fe:00 4071843                    /usr/lib/ld-2.28.so
7f16ed137000-7f16ed156000 r-xp 00002000 fe:00 4071843                    /usr/lib/ld-2.28.so
7f16ed156000-7f16ed15e000 r--p 00021000 fe:00 4071843                    /usr/lib/ld-2.28.so
7f16ed15e000-7f16ed15f000 r--p 00028000 fe:00 4071843                    /usr/lib/ld-2.28.so
7f16ed15f000-7f16ed160000 rw-p 00029000 fe:00 4071843                    /usr/lib/ld-2.28.so
7f16ed160000-7f16ed161000 rw-p 00000000 00:00 0 
7fff0300c000-7fff0302d000 rw-p 00000000 00:00 0                          [stack]
7fff031a6000-7fff031a9000 r--p 00000000 00:00 0                          [vvar]
7fff031a9000-7fff031ab000 r-xp 00000000 00:00 0                          [vdso]
ffffffffff600000-ffffffffff601000 r-xp 00000000 00:00 0                  [vsyscall]

VM Arguments:
jvm_args: -Xmx256M -Xms32M -Xbootclasspath/a:/usr/share/scala/lib/jline.jar:/usr/share/scala/lib/scala-compiler-doc.jar:/usr/share/scala/lib/scala-compiler.jar:/usr/share/scala/lib/scala-library.jar:/usr/share/scala/lib/scalap.jar:/usr/share/scala/lib/scala-reflect.jar:/usr/share/scala/lib/scala-repl-jline-embedded.jar:/usr/share/scala/lib/scala-repl-jline.jar:/usr/share/scala/lib/scala-swing_2.12-2.0.3.jar:/usr/share/scala/lib/scala-xml_2.12-1.0.6.jar -Dscala.boot.class.path=/usr/share/scala/lib/jline.jar:/usr/share/scala/lib/scala-compiler-doc.jar:/usr/share/scala/lib/scala-compiler.jar:/usr/share/scala/lib/scala-library.jar:/usr/share/scala/lib/scalap.jar:/usr/share/scala/lib/scala-reflect.jar:/usr/share/scala/lib/scala-repl-jline-embedded.jar:/usr/share/scala/lib/scala-repl-jline.jar:/usr/share/scala/lib/scala-swing_2.12-2.0.3.jar:/usr/share/scala/lib/scala-xml_2.12-1.0.6.jar -Dscala.home=/usr/share/scala -Dscala.usejavacp=true 
java_command: scala.tools.nsc.MainGenericRunner Main
java_class_path (initial): ""
Launcher Type: SUN_STANDARD

Environment Variables:
PATH=/opt/java/jdk-11.0.2/bin:/usr/local/sbin:/usr/local/bin:/usr/bin:/opt/android-sdk/platform-tools:/opt/android-sdk/tools:/opt/android-sdk/tools/bin:/var/lib/flatpak/exports/bin:/usr/lib/jvm/default/bin:/usr/bin/site_perl:/usr/bin/vendor_perl:/usr/bin/core_perl
SHELL=/usr/bin/fish
DISPLAY=:0

Signal Handlers:
SIGSEGV: [libjvm.so+0xa32bd0], sa_mask[0]=11111111011111111101111111111110, sa_flags=SA_RESTART|SA_SIGINFO
SIGBUS: [libjvm.so+0xa32bd0], sa_mask[0]=11111111011111111101111111111110, sa_flags=SA_RESTART|SA_SIGINFO
SIGFPE: [libjvm.so+0x88ebd0], sa_mask[0]=11111111011111111101111111111110, sa_flags=SA_RESTART|SA_SIGINFO
SIGPIPE: [libjvm.so+0x88ebd0], sa_mask[0]=11111111011111111101111111111110, sa_flags=SA_RESTART|SA_SIGINFO
SIGXFSZ: [libjvm.so+0x88ebd0], sa_mask[0]=11111111011111111101111111111110, sa_flags=SA_RESTART|SA_SIGINFO
SIGILL: [libjvm.so+0x88ebd0], sa_mask[0]=11111111011111111101111111111110, sa_flags=SA_RESTART|SA_SIGINFO
SIGUSR1: SIG_DFL, sa_mask[0]=00000000000000000000000000000000, sa_flags=none
SIGUSR2: [libjvm.so+0x88ea60], sa_mask[0]=00100000000000000000000000000000, sa_flags=SA_RESTART|SA_SIGINFO
SIGHUP: SIG_IGN, sa_mask[0]=00000000000000000000000000000000, sa_flags=none
SIGINT: [libjvm.so+0x88ee70], sa_mask[0]=11111111011111111101111111111110, sa_flags=SA_RESTART|SA_SIGINFO
SIGTERM: [libjvm.so+0x88ee70], sa_mask[0]=11111111011111111101111111111110, sa_flags=SA_RESTART|SA_SIGINFO
SIGQUIT: [libjvm.so+0x88ee70], sa_mask[0]=11111111011111111101111111111110, sa_flags=SA_RESTART|SA_SIGINFO


---------------  S Y S T E M  ---------------

OS:DISTRIB_ID=ManjaroLinux
DISTRIB_RELEASE=18.0.4
DISTRIB_CODENAME=Illyria
DISTRIB_DESCRIPTION="Manjaro Linux"

uname:Linux 4.14.109-1-MANJARO #1 SMP PREEMPT Wed Mar 27 18:51:38 UTC 2019 x86_64
libc:glibc 2.28 NPTL 2.28 
rlimit: STACK 8192k, CORE infinity, NPROC 30719, NOFILE 1048576, AS infinity
load average:1.48 1.27 1.20

/proc/meminfo:
MemTotal:        8109564 kB
MemFree:          194868 kB
MemAvailable:    1506788 kB
Buffers:           87708 kB
Cached:          1675528 kB
SwapCached:        25368 kB
Active:          5613608 kB
Inactive:        1664712 kB
Active(anon):    4966572 kB
Inactive(anon):   846188 kB
Active(file):     647036 kB
Inactive(file):   818524 kB
Unevictable:          48 kB
Mlocked:              48 kB
SwapTotal:       8290300 kB
SwapFree:        7646460 kB
Dirty:              5348 kB
Writeback:             0 kB
AnonPages:       5500980 kB
Mapped:           977012 kB
Shmem:            297616 kB
Slab:             242592 kB
SReclaimable:     130920 kB
SUnreclaim:       111672 kB
KernelStack:       15968 kB
PageTables:        49500 kB
NFS_Unstable:          0 kB
Bounce:                0 kB
WritebackTmp:          0 kB
CommitLimit:    12345080 kB
Committed_AS:   12641220 kB
VmallocTotal:   34359738367 kB
VmallocUsed:           0 kB
VmallocChunk:          0 kB
HardwareCorrupted:     0 kB
AnonHugePages:   1613824 kB
ShmemHugePages:        0 kB
ShmemPmdMapped:        0 kB
HugePages_Total:       0
HugePages_Free:        0
HugePages_Rsvd:        0
HugePages_Surp:        0
Hugepagesize:       2048 kB
DirectMap4k:      699300 kB
DirectMap2M:     7626752 kB
DirectMap1G:     1048576 kB

container (cgroup) information:
container_type: cgroupv1
cpu_cpuset_cpus: 0-3
cpu_memory_nodes: 0
active_processor_count: 4
cpu_quota: -1
cpu_period: 100000
cpu_shares: -1
memory_limit_in_bytes: -1
memory_and_swap_limit_in_bytes: -1
memory_soft_limit_in_bytes: -1
memory_usage_in_bytes: 7117692928
memory_max_usage_in_bytes: 7247728640


CPU:total 4 (initial active 4) (2 cores per cpu, 2 threads per core) family 6 model 60 stepping 3, cmov, cx8, fxsr, mmx, sse, sse2, sse3, ssse3, sse4.1, sse4.2, popcnt, avx, avx2, aes, clmul, erms, lzcnt, ht, tsc, tscinvbit, bmi1, bmi2

/proc/cpuinfo:
processor	: 0
vendor_id	: GenuineIntel
cpu family	: 6
model		: 60
model name	: Intel(R) Core(TM) i3-4130 CPU @ 3.40GHz
stepping	: 3
microcode	: 0x25
cpu MHz		: 3392.299
cache size	: 3072 KB
physical id	: 0
siblings	: 4
core id		: 0
cpu cores	: 2
apicid		: 0
initial apicid	: 0
fpu		: yes
fpu_exception	: yes
cpuid level	: 13
wp		: yes
flags		: fpu vme de pse tsc msr pae mce cx8 apic sep mtrr pge mca cmov pat pse36 clflush dts acpi mmx fxsr sse sse2 ss ht tm pbe syscall nx pdpe1gb rdtscp lm constant_tsc arch_perfmon pebs bts rep_good nopl xtopology nonstop_tsc cpuid aperfmperf pni pclmulqdq dtes64 monitor ds_cpl vmx est tm2 ssse3 sdbg fma cx16 xtpr pdcm pcid sse4_1 sse4_2 movbe popcnt tsc_deadline_timer aes xsave avx f16c rdrand lahf_lm abm cpuid_fault epb invpcid_single pti ssbd ibrs ibpb stibp tpr_shadow vnmi flexpriority ept vpid fsgsbase tsc_adjust bmi1 avx2 smep bmi2 erms invpcid xsaveopt dtherm arat pln pts flush_l1d
bugs		: cpu_meltdown spectre_v1 spectre_v2 spec_store_bypass l1tf
bogomips	: 6787.28
clflush size	: 64
cache_alignment	: 64
address sizes	: 39 bits physical, 48 bits virtual
power management:

processor	: 1
vendor_id	: GenuineIntel
cpu family	: 6
model		: 60
model name	: Intel(R) Core(TM) i3-4130 CPU @ 3.40GHz
stepping	: 3
microcode	: 0x25
cpu MHz		: 3392.299
cache size	: 3072 KB
physical id	: 0
siblings	: 4
core id		: 1
cpu cores	: 2
apicid		: 2
initial apicid	: 2
fpu		: yes
fpu_exception	: yes
cpuid level	: 13
wp		: yes
flags		: fpu vme de pse tsc msr pae mce cx8 apic sep mtrr pge mca cmov pat pse36 clflush dts acpi mmx fxsr sse sse2 ss ht tm pbe syscall nx pdpe1gb rdtscp lm constant_tsc arch_perfmon pebs bts rep_good nopl xtopology nonstop_tsc cpuid aperfmperf pni pclmulqdq dtes64 monitor ds_cpl vmx est tm2 ssse3 sdbg fma cx16 xtpr pdcm pcid sse4_1 sse4_2 movbe popcnt tsc_deadline_timer aes xsave avx f16c rdrand lahf_lm abm cpuid_fault epb invpcid_single pti ssbd ibrs ibpb stibp tpr_shadow vnmi flexpriority ept vpid fsgsbase tsc_adjust bmi1 avx2 smep bmi2 erms invpcid xsaveopt dtherm arat pln pts flush_l1d
bugs		: cpu_meltdown spectre_v1 spectre_v2 spec_store_bypass l1tf
bogomips	: 6787.28
clflush size	: 64
cache_alignment	: 64
address sizes	: 39 bits physical, 48 bits virtual
power management:

processor	: 2
vendor_id	: GenuineIntel
cpu family	: 6
model		: 60
model name	: Intel(R) Core(TM) i3-4130 CPU @ 3.40GHz
stepping	: 3
microcode	: 0x25
cpu MHz		: 3392.296
cache size	: 3072 KB
physical id	: 0
siblings	: 4
core id		: 0
cpu cores	: 2
apicid		: 1
initial apicid	: 1
fpu		: yes
fpu_exception	: yes
cpuid level	: 13
wp		: yes
flags		: fpu vme de pse tsc msr pae mce cx8 apic sep mtrr pge mca cmov pat pse36 clflush dts acpi mmx fxsr sse sse2 ss ht tm pbe syscall nx pdpe1gb rdtscp lm constant_tsc arch_perfmon pebs bts rep_good nopl xtopology nonstop_tsc cpuid aperfmperf pni pclmulqdq dtes64 monitor ds_cpl vmx est tm2 ssse3 sdbg fma cx16 xtpr pdcm pcid sse4_1 sse4_2 movbe popcnt tsc_deadline_timer aes xsave avx f16c rdrand lahf_lm abm cpuid_fault epb invpcid_single pti ssbd ibrs ibpb stibp tpr_shadow vnmi flexpriority ept vpid fsgsbase tsc_adjust bmi1 avx2 smep bmi2 erms invpcid xsaveopt dtherm arat pln pts flush_l1d
bugs		: cpu_meltdown spectre_v1 spectre_v2 spec_store_bypass l1tf
bogomips	: 6787.28
clflush size	: 64
cache_alignment	: 64
address sizes	: 39 bits physical, 48 bits virtual
power management:

processor	: 3
vendor_id	: GenuineIntel
cpu family	: 6
model		: 60
model name	: Intel(R) Core(TM) i3-4130 CPU @ 3.40GHz
stepping	: 3
microcode	: 0x25
cpu MHz		: 3392.298
cache size	: 3072 KB
physical id	: 0
siblings	: 4
core id		: 1
cpu cores	: 2
apicid		: 3
initial apicid	: 3
fpu		: yes
fpu_exception	: yes
cpuid level	: 13
wp		: yes
flags		: fpu vme de pse tsc msr pae mce cx8 apic sep mtrr pge mca cmov pat pse36 clflush dts acpi mmx fxsr sse sse2 ss ht tm pbe syscall nx pdpe1gb rdtscp lm constant_tsc arch_perfmon pebs bts rep_good nopl xtopology nonstop_tsc cpuid aperfmperf pni pclmulqdq dtes64 monitor ds_cpl vmx est tm2 ssse3 sdbg fma cx16 xtpr pdcm pcid sse4_1 sse4_2 movbe popcnt tsc_deadline_timer aes xsave avx f16c rdrand lahf_lm abm cpuid_fault epb invpcid_single pti ssbd ibrs ibpb stibp tpr_shadow vnmi flexpriority ept vpid fsgsbase tsc_adjust bmi1 avx2 smep bmi2 erms invpcid xsaveopt dtherm arat pln pts flush_l1d
bugs		: cpu_meltdown spectre_v1 spectre_v2 spec_store_bypass l1tf
bogomips	: 6787.28
clflush size	: 64
cache_alignment	: 64
address sizes	: 39 bits physical, 48 bits virtual
power management:



Memory: 4k page, physical 8109564k(194572k free), swap 8290300k(7646460k free)

vm_info: OpenJDK 64-Bit Server VM (25.212-b01) for linux-amd64 JRE (1.8.0_212-b01), built on Mar 21 2019 23:20:35 by "builduser" with gcc 8.2.1 20181127

time: Sun Apr  7 15:29:46 2019
timezone: BST
elapsed time: 0 seconds (0d 0h 0m 0s)

