#
# A fatal error has been detected by the Java Runtime Environment:
#
#  SIGSEGV (0xb) at pc=0x0000000000000000, pid=30425, tid=0x00007f918504c700
#
# JRE version: OpenJDK Runtime Environment (8.0_212-b01) (build 1.8.0_212-b01)
# Java VM: OpenJDK 64-Bit Server VM (25.212-b01 mixed mode linux-amd64 compressed oops)
# Problematic frame:
# C  0x0000000000000000
#
# Core dump written. Default location: /home/joseph/Documents/Programming/Graphics/OpenGLProject/out/production/OpenGLProject/core or core.30425
#
# If you would like to submit a bug report, please visit:
#   http://bugreport.java.com/bugreport/crash.jsp
# The crash happened outside the Java Virtual Machine in native code.
# See problematic frame for where to report the bug.
#

---------------  T H R E A D  ---------------

Current thread (0x00007f918000b800):  JavaThread "main" [_thread_in_native, id=30426, stack(0x00007f9184f4d000,0x00007f918504d000)]

siginfo: si_signo: 11 (SIGSEGV), si_code: 1 (SEGV_MAPERR), si_addr: 0x0000000000000000

Registers:
RAX=0x0000000000000000, RBX=0x0000000000000001, RCX=0x00007f918504a470, RDX=0x00007f918504a464
RSP=0x00007f918504a3a8, RBP=0x00007f918504a430, RSI=0x00007f918504a464, RDI=0x0000000000000001
R8 =0x00007f91862c3720, R9 =0x00007f918504c700, R10=0x0000000000000000, R11=0x00007f916a1dbdbc
R12=0x0000000000000000, R13=0x00007f916a373438, R14=0x00007f918504a540, R15=0x00007f918000b800
RIP=0x0000000000000000, EFLAGS=0x0000000000010246, CSGSFS=0x002b000000000033, ERR=0x0000000000000014
  TRAPNO=0x000000000000000e

Top of Stack: (sp=0x00007f918504a3a8)
0x00007f918504a3a8:   00007f916a1dbdf9 0000000000000000
0x00007f918504a3b8:   0000000100000000 00007f918504a470
0x00007f918504a3c8:   00007f918504a464 0000000000000000
0x00007f918504a3d8:   0000000000000000 0000000000000000
0x00007f918504a3e8:   0000000000000000 0000000000000000
0x00007f918504a3f8:   0000000000000000 00007f916a373438
0x00007f918504a408:   00007f918504a463 00007f9181504470
0x00007f918504a418:   28853c7a45da3e00 0000000000000001
0x00007f918504a428:   0000000000000001 00007f918504a4b0
0x00007f918504a438:   00007f916a1dd61d 00007f018504a4a0
0x00007f918504a448:   00007f918504a540 00007f918504a528
0x00007f918504a458:   00007f918000b9e0 00007f916a373438
0x00007f918504a468:   00007f9181504470 00007f918504a480
0x00007f918504a478:   000000000000000f 66656d6f73657761
0x00007f918504a488:   00676e702e656361 00007f916a373438
0x00007f918504a498:   28853c7a45da3e00 00007f918504a518
0x00007f918504a4a8:   00007f916a373438 00007f918504a518
0x00007f918504a4b8:   00007f9171018407 00007f918504a518
0x00007f918504a4c8:   00007f9171018167 00007f9171018122
0x00007f918504a4d8:   00007f918504a4d8 00007f916a373438
0x00007f918504a4e8:   00007f918504a540 00007f916a373688
0x00007f918504a4f8:   0000000000000000 00007f916a373438
0x00007f918504a508:   0000000000000000 00007f918504a538
0x00007f918504a518:   00007f918504a590 00007f9171007a40
0x00007f918504a528:   00000000fab1a0c0 00007f9171011a56
0x00007f918504a538:   0000000000000001 00000000fab170d0
0x00007f918504a548:   00000000fab0ccc8 00007f918504a550
0x00007f918504a558:   00007f916a35fe42 00007f918504a5a8
0x00007f918504a568:   00007f916a360428 0000000000000000
0x00007f918504a578:   00007f916a35fed0 00007f918504a538
0x00007f918504a588:   00007f918504a5a8 00007f918504a5f0
0x00007f918504a598:   00007f9171007ffd 0000000000000000 

Instructions: (pc=0x0000000000000000)
0xffffffffffffffe0:   

Register to memory mapping:

RAX=0x0000000000000000 is an unknown value
RBX=0x0000000000000001 is an unknown value
RCX=0x00007f918504a470 is pointing into the stack for thread: 0x00007f918000b800
RDX=0x00007f918504a464 is pointing into the stack for thread: 0x00007f918000b800
RSP=0x00007f918504a3a8 is pointing into the stack for thread: 0x00007f918000b800
RBP=0x00007f918504a430 is pointing into the stack for thread: 0x00007f918000b800
RSI=0x00007f918504a464 is pointing into the stack for thread: 0x00007f918000b800
RDI=0x0000000000000001 is an unknown value
R8 =0x00007f91862c3720: <offset 0x1c0720> in /usr/lib/libc.so.6 at 0x00007f9186103000
R9 =0x00007f918504c700 is pointing into the stack for thread: 0x00007f918000b800
R10=0x0000000000000000 is an unknown value
R11=0x00007f916a1dbdbc: _ZN4core15generateTextureEPjNSt7__cxx1112basic_stringIcSt11char_traitsIcESaIcEEEb+0 in /home/joseph/Documents/Programming/Graphics/OpenGLProject/cmake-build-debug/libOpenGLProject.so at 0x00007f916a1a0000
R12=0x0000000000000000 is an unknown value
R13={method} {0x00007f916a373438} 'generateTexture' '(Ljava/lang/String;Z)I' in 'jni/GLWrapper'
R14=0x00007f918504a540 is pointing into the stack for thread: 0x00007f918000b800
R15=0x00007f918000b800 is a thread


Stack: [0x00007f9184f4d000,0x00007f918504d000],  sp=0x00007f918504a3a8,  free space=1012k
Java frames: (J=compiled Java code, j=interpreted, Vv=VM code)
j  jni.GLWrapper.generateTexture(Ljava/lang/String;Z)I+0
j  Main$.delayedEndpoint$Main$1()V+50
j  Main$delayedInit$body.apply()Ljava/lang/Object;+4
j  scala.Function0.apply$mcV$sp()V+1
j  scala.Function0.apply$mcV$sp$(Lscala/Function0;)V+1
j  scala.runtime.AbstractFunction0.apply$mcV$sp()V+1
j  scala.App.$anonfun$main$1(Lscala/Function0;)V+1
j  scala.App.$anonfun$main$1$adapted(Lscala/Function0;)Ljava/lang/Object;+1
j  scala.App$$Lambda$128.apply(Ljava/lang/Object;)Ljava/lang/Object;+4
j  scala.collection.immutable.List.foreach(Lscala/Function1;)V+14
j  scala.collection.generic.TraversableForwarder.foreach(Lscala/Function1;)V+7
j  scala.collection.generic.TraversableForwarder.foreach$(Lscala/collection/generic/TraversableForwarder;Lscala/Function1;)V+2
j  scala.collection.mutable.ListBuffer.foreach(Lscala/Function1;)V+2
j  scala.App.main([Ljava/lang/String;)V+18
j  scala.App.main$(Lscala/App;[Ljava/lang/String;)V+2
j  Main$.main([Ljava/lang/String;)V+2
j  Main.main([Ljava/lang/String;)V+4
v  ~StubRoutines::call_stub
j  sun.reflect.NativeMethodAccessorImpl.invoke0(Ljava/lang/reflect/Method;Ljava/lang/Object;[Ljava/lang/Object;)Ljava/lang/Object;+0
j  sun.reflect.NativeMethodAccessorImpl.invoke(Ljava/lang/Object;[Ljava/lang/Object;)Ljava/lang/Object;+100
j  sun.reflect.DelegatingMethodAccessorImpl.invoke(Ljava/lang/Object;[Ljava/lang/Object;)Ljava/lang/Object;+6
j  java.lang.reflect.Method.invoke(Ljava/lang/Object;[Ljava/lang/Object;)Ljava/lang/Object;+56
j  scala.reflect.internal.util.ScalaClassLoader.$anonfun$run$2(Lscala/collection/Seq;Ljava/lang/reflect/Method;)Ljava/lang/Object;+27
j  scala.reflect.internal.util.ScalaClassLoader$$Lambda$127.apply()Ljava/lang/Object;+8
j  scala.reflect.internal.util.ScalaClassLoader.asContext(Lscala/Function0;)Ljava/lang/Object;+18
j  scala.reflect.internal.util.ScalaClassLoader.asContext$(Lscala/reflect/internal/util/ScalaClassLoader;Lscala/Function0;)Ljava/lang/Object;+2
j  scala.reflect.internal.util.ScalaClassLoader$URLClassLoader.asContext(Lscala/Function0;)Ljava/lang/Object;+2
j  scala.reflect.internal.util.ScalaClassLoader.run(Ljava/lang/String;Lscala/collection/Seq;)V+90
j  scala.reflect.internal.util.ScalaClassLoader.run$(Lscala/reflect/internal/util/ScalaClassLoader;Ljava/lang/String;Lscala/collection/Seq;)V+3
j  scala.reflect.internal.util.ScalaClassLoader$URLClassLoader.run(Ljava/lang/String;Lscala/collection/Seq;)V+3
j  scala.tools.nsc.CommonRunner.run(Lscala/collection/Seq;Ljava/lang/String;Lscala/collection/Seq;)V+15
j  scala.tools.nsc.CommonRunner.run$(Lscala/tools/nsc/CommonRunner;Lscala/collection/Seq;Ljava/lang/String;Lscala/collection/Seq;)V+4
j  scala.tools.nsc.ObjectRunner$.run(Lscala/collection/Seq;Ljava/lang/String;Lscala/collection/Seq;)V+4
j  scala.tools.nsc.CommonRunner.runAndCatch(Lscala/collection/Seq;Ljava/lang/String;Lscala/collection/Seq;)Lscala/util/Either;+4
j  scala.tools.nsc.CommonRunner.runAndCatch$(Lscala/tools/nsc/CommonRunner;Lscala/collection/Seq;Ljava/lang/String;Lscala/collection/Seq;)Lscala/util/Either;+4
j  scala.tools.nsc.ObjectRunner$.runAndCatch(Lscala/collection/Seq;Ljava/lang/String;Lscala/collection/Seq;)Lscala/util/Either;+4
j  scala.tools.nsc.MainGenericRunner.runTarget$1(Lscala/tools/nsc/GenericRunnerCommand;)Lscala/util/Either;+39
j  scala.tools.nsc.MainGenericRunner.run$1(Lscala/tools/nsc/GenericRunnerCommand;)Z+1
j  scala.tools.nsc.MainGenericRunner.process([Ljava/lang/String;)Z+128
j  scala.tools.nsc.MainGenericRunner$.main([Ljava/lang/String;)V+2
j  scala.tools.nsc.MainGenericRunner.main([Ljava/lang/String;)V+4
v  ~StubRoutines::call_stub

---------------  P R O C E S S  ---------------

Java Threads: ( => current thread )
  0x00007f91800c2000 JavaThread "Service Thread" daemon [_thread_blocked, id=30438, stack(0x00007f916a805000,0x00007f916a906000)]
  0x00007f91800be800 JavaThread "C1 CompilerThread2" daemon [_thread_blocked, id=30437, stack(0x00007f916a907000,0x00007f916aa07000)]
  0x00007f91800bd000 JavaThread "C2 CompilerThread1" daemon [_thread_blocked, id=30436, stack(0x00007f916aa08000,0x00007f916ab08000)]
  0x00007f91800ba000 JavaThread "C2 CompilerThread0" daemon [_thread_blocked, id=30435, stack(0x00007f916ab09000,0x00007f916ac09000)]
  0x00007f91800b8800 JavaThread "Signal Dispatcher" daemon [_thread_blocked, id=30434, stack(0x00007f916ac09000,0x00007f916ad0a000)]
  0x00007f9180085800 JavaThread "Finalizer" daemon [_thread_blocked, id=30433, stack(0x00007f916aff0000,0x00007f916b0f1000)]
  0x00007f9180083000 JavaThread "Reference Handler" daemon [_thread_blocked, id=30432, stack(0x00007f916b0f1000,0x00007f916b1f2000)]
=>0x00007f918000b800 JavaThread "main" [_thread_in_native, id=30426, stack(0x00007f9184f4d000,0x00007f918504d000)]

Other Threads:
  0x00007f9180079000 VMThread [stack: 0x00007f916b1f3000,0x00007f916b2f3000] [id=30431]
  0x00007f91800ee800 WatcherThread [stack: 0x00007f916a675000,0x00007f916a775000] [id=30439]

VM state:not at safepoint (normal execution)

VM Mutex/Monitor currently owned by a thread: None

heap address: 0x00000000f0000000, size: 256 MB, Compressed Oops mode: 32-bit
Narrow klass base: 0x0000000000000000, Narrow klass shift: 3
Compressed class space size: 1073741824 Address: 0x0000000100000000

Heap:
 PSYoungGen      total 9728K, used 1241K [0x00000000fab00000, 0x00000000fbe00000, 0x0000000100000000)
  eden space 8704K, 2% used [0x00000000fab00000,0x00000000fab39790,0x00000000fb380000)
  from space 1024K, 98% used [0x00000000fb480000,0x00000000fb57cf00,0x00000000fb580000)
  to   space 1024K, 0% used [0x00000000fb380000,0x00000000fb380000,0x00000000fb480000)
 ParOldGen       total 22016K, used 611K [0x00000000f0000000, 0x00000000f1580000, 0x00000000fab00000)
  object space 22016K, 2% used [0x00000000f0000000,0x00000000f0098cc0,0x00000000f1580000)
 Metaspace       used 12695K, capacity 13350K, committed 13440K, reserved 1060864K
  class space    used 1578K, capacity 1660K, committed 1664K, reserved 1048576K

Card table byte_map: [0x00007f9184a9b000,0x00007f9184b1c000] byte_map_base: 0x00007f918431b000

Marking Bits: (ParMarkBitMap*) 0x00007f9185ea7c80
 Begin Bits: [0x00007f9170800000, 0x00007f9170c00000)
 End Bits:   [0x00007f9170c00000, 0x00007f9171000000)

Polling page: 0x00007f91862d6000

CodeCache: size=245760Kb used=2417Kb max_used=2417Kb free=243342Kb
 bounds [0x00007f9171000000, 0x00007f9171270000, 0x00007f9180000000]
 total_blobs=1002 nmethods=690 adapters=227
 compilation: enabled

Compilation events (10 events):
Event: 2.006 Thread 0x00007f91800be800  687       3       java.util.LinkedHashMap$LinkedHashIterator::hasNext (13 bytes)
Event: 2.006 Thread 0x00007f91800be800 nmethod 687 0x00007f9171256890 code [0x00007f9171256a00, 0x00007f9171256bb0]
Event: 2.006 Thread 0x00007f91800be800  688       3       jdk.internal.org.objectweb.asm.Type::getDescriptor (214 bytes)
Event: 2.007 Thread 0x00007f91800be800 nmethod 688 0x00007f9171258350 code [0x00007f9171258760, 0x00007f917125b548]
Event: 2.007 Thread 0x00007f91800be800  686       3       java.util.HashSet::size (8 bytes)
Event: 2.007 Thread 0x00007f91800be800 nmethod 686 0x00007f9171256090 code [0x00007f9171256200, 0x00007f91712563f0]
Event: 2.007 Thread 0x00007f91800be800  689       3       java.lang.invoke.ConstantCallSite::getTarget (20 bytes)
Event: 2.007 Thread 0x00007f91800be800 nmethod 689 0x00007f9171255c50 code [0x00007f9171255dc0, 0x00007f9171255fc8]
Event: 2.007 Thread 0x00007f91800be800  690       1       java.nio.Buffer::position (5 bytes)
Event: 2.007 Thread 0x00007f91800be800 nmethod 690 0x00007f9171255990 code [0x00007f9171255ae0, 0x00007f9171255bf0]

GC Heap History (4 events):
Event: 1.939 GC heap before
{Heap before GC invocations=1 (full 0):
 PSYoungGen      total 9728K, used 8704K [0x00000000fab00000, 0x00000000fb580000, 0x0000000100000000)
  eden space 8704K, 100% used [0x00000000fab00000,0x00000000fb380000,0x00000000fb380000)
  from space 1024K, 0% used [0x00000000fb480000,0x00000000fb480000,0x00000000fb580000)
  to   space 1024K, 0% used [0x00000000fb380000,0x00000000fb380000,0x00000000fb480000)
 ParOldGen       total 22016K, used 0K [0x00000000f0000000, 0x00000000f1580000, 0x00000000fab00000)
  object space 22016K, 0% used [0x00000000f0000000,0x00000000f0000000,0x00000000f1580000)
 Metaspace       used 12053K, capacity 12434K, committed 12672K, reserved 1060864K
  class space    used 1489K, capacity 1548K, committed 1664K, reserved 1048576K
Event: 1.941 GC heap after
Heap after GC invocations=1 (full 0):
 PSYoungGen      total 9728K, used 1008K [0x00000000fab00000, 0x00000000fb580000, 0x0000000100000000)
  eden space 8704K, 0% used [0x00000000fab00000,0x00000000fab00000,0x00000000fb380000)
  from space 1024K, 98% used [0x00000000fb380000,0x00000000fb47c010,0x00000000fb480000)
  to   space 1024K, 0% used [0x00000000fb480000,0x00000000fb480000,0x00000000fb580000)
 ParOldGen       total 22016K, used 228K [0x00000000f0000000, 0x00000000f1580000, 0x00000000fab00000)
  object space 22016K, 1% used [0x00000000f0000000,0x00000000f00393b8,0x00000000f1580000)
 Metaspace       used 12053K, capacity 12434K, committed 12672K, reserved 1060864K
  class space    used 1489K, capacity 1548K, committed 1664K, reserved 1048576K
}
Event: 1.998 GC heap before
{Heap before GC invocations=2 (full 0):
 PSYoungGen      total 9728K, used 9712K [0x00000000fab00000, 0x00000000fb580000, 0x0000000100000000)
  eden space 8704K, 100% used [0x00000000fab00000,0x00000000fb380000,0x00000000fb380000)
  from space 1024K, 98% used [0x00000000fb380000,0x00000000fb47c010,0x00000000fb480000)
  to   space 1024K, 0% used [0x00000000fb480000,0x00000000fb480000,0x00000000fb580000)
 ParOldGen       total 22016K, used 228K [0x00000000f0000000, 0x00000000f1580000, 0x00000000fab00000)
  object space 22016K, 1% used [0x00000000f0000000,0x00000000f00393b8,0x00000000f1580000)
 Metaspace       used 12639K, capacity 13194K, committed 13440K, reserved 1060864K
  class space    used 1568K, capacity 1654K, committed 1664K, reserved 1048576K
Event: 2.000 GC heap after
Heap after GC invocations=2 (full 0):
 PSYoungGen      total 9728K, used 1011K [0x00000000fab00000, 0x00000000fbe00000, 0x0000000100000000)
  eden space 8704K, 0% used [0x00000000fab00000,0x00000000fab00000,0x00000000fb380000)
  from space 1024K, 98% used [0x00000000fb480000,0x00000000fb57cf00,0x00000000fb580000)
  to   space 1024K, 0% used [0x00000000fb380000,0x00000000fb380000,0x00000000fb480000)
 ParOldGen       total 22016K, used 611K [0x00000000f0000000, 0x00000000f1580000, 0x00000000fab00000)
  object space 22016K, 2% used [0x00000000f0000000,0x00000000f0098cc0,0x00000000f1580000)
 Metaspace       used 12639K, capacity 13194K, committed 13440K, reserved 1060864K
  class space    used 1568K, capacity 1654K, committed 1664K, reserved 1048576K
}

Deoptimization events (2 events):
Event: 1.319 Thread 0x00007f918000b800 Uncommon trap: reason=unstable_if action=reinterpret pc=0x00007f91711433bc method=java.lang.String.indexOf(II)I @ 17
Event: 1.336 Thread 0x00007f918000b800 Uncommon trap: reason=null_check action=make_not_entrant pc=0x00007f917116d060 method=java.lang.String.equals(Ljava/lang/Object;)Z @ 8

Classes redefined (0 events):
No events

Internal exceptions (10 events):
Event: 1.965 Thread 0x00007f918000b800 Exception <a 'java/lang/NoSuchMethodError': java.lang.Object.$anonfun$envOrElse$1(Ljava/lang/String;)Ljava/lang/String;> (0x00000000fab87e58) thrown at [/build/java8-openjdk/src/jdk8u-jdk8u212-b01/hotspot/src/share/vm/interpreter/linkResolver.cpp, line 62
Event: 1.966 Thread 0x00007f918000b800 Exception <a 'java/lang/NoSuchMethodError': java.lang.Object.$anonfun$envOrElse$2(Ljava/lang/String;)Ljava/lang/String;> (0x00000000fab8c190) thrown at [/build/java8-openjdk/src/jdk8u-jdk8u212-b01/hotspot/src/share/vm/interpreter/linkResolver.cpp, line 62
Event: 1.966 Thread 0x00007f918000b800 Exception <a 'java/lang/NoSuchMethodError': java.lang.Object.$anonfun$flatten$1(Lscala/Function1;Lscala/collection/mutable/Builder;Ljava/lang/Object;)Lscala/collection/mutable/Builder;> (0x00000000fab95008) thrown at [/build/java8-openjdk/src/jdk8u-jdk8u2
Event: 1.968 Thread 0x00007f918000b800 Exception <a 'java/lang/NoSuchMethodError': java.lang.Object.$anonfun$flatMap$1(Lscala/Function1;Lscala/collection/mutable/Builder;Ljava/lang/Object;)Lscala/collection/mutable/Builder;> (0x00000000faba0008) thrown at [/build/java8-openjdk/src/jdk8u-jdk8u2
Event: 1.977 Thread 0x00007f918000b800 Exception <a 'java/lang/NoSuchMethodError': java.lang.Object.$anonfun$tryClass$1(Lscala/reflect/internal/util/ScalaClassLoader;Ljava/lang/String;Z)Ljava/lang/Class;> (0x00000000fabc39d8) thrown at [/build/java8-openjdk/src/jdk8u-jdk8u212-b01/hotspot/src/s
Event: 1.988 Thread 0x00007f918000b800 Exception <a 'java/lang/NoSuchMethodError': java.lang.Object.$anonfun$isInfo$1$adapted(Lscala/tools/nsc/settings/MutableSettings$Setting;)Ljava/lang/Object;> (0x00000000fafa93c8) thrown at [/build/java8-openjdk/src/jdk8u-jdk8u212-b01/hotspot/src/share/vm/
Event: 1.989 Thread 0x00007f918000b800 Exception <a 'java/lang/NoSuchMethodError': java.lang.Object.$anonfun$isInfo$2$adapted(Lscala/tools/nsc/settings/MutableSettings$Setting;)Ljava/lang/Object;> (0x00000000fafad470) thrown at [/build/java8-openjdk/src/jdk8u-jdk8u212-b01/hotspot/src/share/vm/
Event: 1.996 Thread 0x00007f918000b800 Exception <a 'java/lang/NoSuchMethodError': java.lang.Object.$anonfun$run$1(Ljava/lang/String;)Lscala/runtime/Nothing$;> (0x00000000fb379868) thrown at [/build/java8-openjdk/src/jdk8u-jdk8u212-b01/hotspot/src/share/vm/interpreter/linkResolver.cpp, line 62
Event: 2.001 Thread 0x00007f918000b800 Exception <a 'java/lang/NoSuchMethodError': java.lang.Object.$anonfun$run$2(Lscala/collection/Seq;Ljava/lang/reflect/Method;)Ljava/lang/Object;> (0x00000000fab03cf0) thrown at [/build/java8-openjdk/src/jdk8u-jdk8u212-b01/hotspot/src/share/vm/interpreter/l
Event: 2.005 Thread 0x00007f918000b800 Exception <a 'java/lang/NoSuchMethodError': java.lang.Object.$anonfun$main$1$adapted(Lscala/Function0;)Ljava/lang/Object;> (0x00000000fab10460) thrown at [/build/java8-openjdk/src/jdk8u-jdk8u212-b01/hotspot/src/share/vm/interpreter/linkResolver.cpp, line 

Events (10 events):
Event: 2.004 loading class scala/compat/Platform$
Event: 2.004 loading class scala/compat/Platform$ done
Event: 2.004 loading class Main$delayedInit$body
Event: 2.004 loading class Main$delayedInit$body done
Event: 2.005 loading class scala/runtime/AbstractFunction0
Event: 2.005 loading class scala/runtime/AbstractFunction0 done
Event: 2.006 loading class jni/Vector3
Event: 2.006 loading class jni/Vector3 done
Event: 2.006 loading class jni/GLWrapper
Event: 2.006 loading class jni/GLWrapper done


Dynamic libraries:
f0000000-f1580000 rw-p 00000000 00:00 0 
f1580000-fab00000 ---p 00000000 00:00 0 
fab00000-fbe00000 rw-p 00000000 00:00 0 
fbe00000-100000000 ---p 00000000 00:00 0 
100000000-1001a0000 rw-p 00000000 00:00 0 
1001a0000-140000000 ---p 00000000 00:00 0 
564dbd46f000-564dbd470000 r--p 00000000 fe:00 4982129                    /usr/lib/jvm/java-8-openjdk/jre/bin/java
564dbd470000-564dbd471000 r-xp 00001000 fe:00 4982129                    /usr/lib/jvm/java-8-openjdk/jre/bin/java
564dbd471000-564dbd472000 r--p 00002000 fe:00 4982129                    /usr/lib/jvm/java-8-openjdk/jre/bin/java
564dbd472000-564dbd473000 r--p 00002000 fe:00 4982129                    /usr/lib/jvm/java-8-openjdk/jre/bin/java
564dbd473000-564dbd474000 rw-p 00003000 fe:00 4982129                    /usr/lib/jvm/java-8-openjdk/jre/bin/java
564dbec8d000-564dbecae000 rw-p 00000000 00:00 0                          [heap]
7f9134000000-7f9134021000 rw-p 00000000 00:00 0 
7f9134021000-7f9138000000 ---p 00000000 00:00 0 
7f9138000000-7f9138021000 rw-p 00000000 00:00 0 
7f9138021000-7f913c000000 ---p 00000000 00:00 0 
7f913c000000-7f913c07b000 rw-p 00000000 00:00 0 
7f913c07b000-7f9140000000 ---p 00000000 00:00 0 
7f9140000000-7f914005f000 rw-p 00000000 00:00 0 
7f914005f000-7f9144000000 ---p 00000000 00:00 0 
7f9144000000-7f9144021000 rw-p 00000000 00:00 0 
7f9144021000-7f9148000000 ---p 00000000 00:00 0 
7f9148000000-7f914808e000 rw-p 00000000 00:00 0 
7f914808e000-7f914c000000 ---p 00000000 00:00 0 
7f914c000000-7f914c021000 rw-p 00000000 00:00 0 
7f914c021000-7f9150000000 ---p 00000000 00:00 0 
7f9150000000-7f9150021000 rw-p 00000000 00:00 0 
7f9150021000-7f9154000000 ---p 00000000 00:00 0 
7f9154000000-7f9154021000 rw-p 00000000 00:00 0 
7f9154021000-7f9158000000 ---p 00000000 00:00 0 
7f9158000000-7f9158021000 rw-p 00000000 00:00 0 
7f9158021000-7f915c000000 ---p 00000000 00:00 0 
7f915c000000-7f915c021000 rw-p 00000000 00:00 0 
7f915c021000-7f9160000000 ---p 00000000 00:00 0 
7f9160fff000-7f9164000000 rw-p 00000000 00:00 0 
7f9164000000-7f9164021000 rw-p 00000000 00:00 0 
7f9164021000-7f9168000000 ---p 00000000 00:00 0 
7f9169811000-7f9169813000 r--p 00000000 fe:00 4073249                    /usr/lib/libXdmcp.so.6.0.0
7f9169813000-7f9169815000 r-xp 00002000 fe:00 4073249                    /usr/lib/libXdmcp.so.6.0.0
7f9169815000-7f9169817000 r--p 00004000 fe:00 4073249                    /usr/lib/libXdmcp.so.6.0.0
7f9169817000-7f9169818000 r--p 00005000 fe:00 4073249                    /usr/lib/libXdmcp.so.6.0.0
7f9169818000-7f9169819000 rw-p 00006000 fe:00 4073249                    /usr/lib/libXdmcp.so.6.0.0
7f9169819000-7f916981e000 r-xp 00000000 fe:00 4069026                    /usr/lib/libXfixes.so.3.1.0
7f916981e000-7f9169a1d000 ---p 00005000 fe:00 4069026                    /usr/lib/libXfixes.so.3.1.0
7f9169a1d000-7f9169a1e000 r--p 00004000 fe:00 4069026                    /usr/lib/libXfixes.so.3.1.0
7f9169a1e000-7f9169a1f000 rw-p 00005000 fe:00 4069026                    /usr/lib/libXfixes.so.3.1.0
7f9169a1f000-7f9169a23000 r--p 00000000 fe:00 4073250                    /usr/lib/libXext.so.6.4.0
7f9169a23000-7f9169a2e000 r-xp 00004000 fe:00 4073250                    /usr/lib/libXext.so.6.4.0
7f9169a2e000-7f9169a32000 r--p 0000f000 fe:00 4073250                    /usr/lib/libXext.so.6.4.0
7f9169a32000-7f9169a33000 r--p 00012000 fe:00 4073250                    /usr/lib/libXext.so.6.4.0
7f9169a33000-7f9169a34000 rw-p 00013000 fe:00 4073250                    /usr/lib/libXext.so.6.4.0
7f9169a34000-7f9169a40000 r--p 00000000 fe:00 4073236                    /usr/lib/libxcb.so.1.1.0
7f9169a40000-7f9169a53000 r-xp 0000c000 fe:00 4073236                    /usr/lib/libxcb.so.1.1.0
7f9169a53000-7f9169a5c000 r--p 0001f000 fe:00 4073236                    /usr/lib/libxcb.so.1.1.0
7f9169a5c000-7f9169a5d000 r--p 00027000 fe:00 4073236                    /usr/lib/libxcb.so.1.1.0
7f9169a5d000-7f9169a5e000 rw-p 00028000 fe:00 4073236                    /usr/lib/libxcb.so.1.1.0
7f9169a5e000-7f9169a61000 r--p 00000000 fe:00 4067439                    /usr/lib/libgcc_s.so.1
7f9169a61000-7f9169a72000 r-xp 00003000 fe:00 4067439                    /usr/lib/libgcc_s.so.1
7f9169a72000-7f9169a75000 r--p 00014000 fe:00 4067439                    /usr/lib/libgcc_s.so.1
7f9169a75000-7f9169a76000 ---p 00017000 fe:00 4067439                    /usr/lib/libgcc_s.so.1
7f9169a76000-7f9169a77000 r--p 00017000 fe:00 4067439                    /usr/lib/libgcc_s.so.1
7f9169a77000-7f9169a78000 rw-p 00018000 fe:00 4067439                    /usr/lib/libgcc_s.so.1
7f9169a78000-7f9169b01000 r--p 00000000 fe:00 4069301                    /usr/lib/libstdc++.so.6.0.25
7f9169b01000-7f9169bb9000 r-xp 00089000 fe:00 4069301                    /usr/lib/libstdc++.so.6.0.25
7f9169bb9000-7f9169bf6000 r--p 00141000 fe:00 4069301                    /usr/lib/libstdc++.so.6.0.25
7f9169bf6000-7f9169bf7000 ---p 0017e000 fe:00 4069301                    /usr/lib/libstdc++.so.6.0.25
7f9169bf7000-7f9169c03000 r--p 0017e000 fe:00 4069301                    /usr/lib/libstdc++.so.6.0.25
7f9169c03000-7f9169c04000 rw-p 0018a000 fe:00 4069301                    /usr/lib/libstdc++.so.6.0.25
7f9169c04000-7f9169c07000 rw-p 00000000 00:00 0 
7f9169c07000-7f9169c0b000 r-xp 00000000 fe:00 4069027                    /usr/lib/libXxf86vm.so.1.0.0
7f9169c0b000-7f9169e0b000 ---p 00004000 fe:00 4069027                    /usr/lib/libXxf86vm.so.1.0.0
7f9169e0b000-7f9169e0c000 r--p 00004000 fe:00 4069027                    /usr/lib/libXxf86vm.so.1.0.0
7f9169e0c000-7f9169e0d000 rw-p 00005000 fe:00 4069027                    /usr/lib/libXxf86vm.so.1.0.0
7f9169e0d000-7f9169e0f000 r-xp 00000000 fe:00 4077494                    /usr/lib/libXinerama.so.1.0.0
7f9169e0f000-7f916a00e000 ---p 00002000 fe:00 4077494                    /usr/lib/libXinerama.so.1.0.0
7f916a00e000-7f916a00f000 r--p 00001000 fe:00 4077494                    /usr/lib/libXinerama.so.1.0.0
7f916a00f000-7f916a010000 rw-p 00002000 fe:00 4077494                    /usr/lib/libXinerama.so.1.0.0
7f916a010000-7f916a02c000 r--p 00000000 fe:00 4079815                    /usr/lib/libX11.so.6.3.0
7f916a02c000-7f916a0b4000 r-xp 0001c000 fe:00 4079815                    /usr/lib/libX11.so.6.3.0
7f916a0b4000-7f916a148000 r--p 000a4000 fe:00 4079815                    /usr/lib/libX11.so.6.3.0
7f916a148000-7f916a14b000 r--p 00137000 fe:00 4079815                    /usr/lib/libX11.so.6.3.0
7f916a14b000-7f916a14f000 rw-p 0013a000 fe:00 4079815                    /usr/lib/libX11.so.6.3.0
7f916a1a0000-7f916a1bf000 r--p 00000000 fe:00 414966                     /home/joseph/Documents/Programming/Graphics/OpenGLProject/cmake-build-debug/libOpenGLProject.so
7f916a1bf000-7f916a1ff000 r-xp 0001f000 fe:00 414966                     /home/joseph/Documents/Programming/Graphics/OpenGLProject/cmake-build-debug/libOpenGLProject.so
7f916a1ff000-7f916a211000 r--p 0005f000 fe:00 414966                     /home/joseph/Documents/Programming/Graphics/OpenGLProject/cmake-build-debug/libOpenGLProject.so
7f916a211000-7f916a212000 ---p 00071000 fe:00 414966                     /home/joseph/Documents/Programming/Graphics/OpenGLProject/cmake-build-debug/libOpenGLProject.so
7f916a212000-7f916a214000 r--p 00071000 fe:00 414966                     /home/joseph/Documents/Programming/Graphics/OpenGLProject/cmake-build-debug/libOpenGLProject.so
7f916a214000-7f916a216000 rw-p 00073000 fe:00 414966                     /home/joseph/Documents/Programming/Graphics/OpenGLProject/cmake-build-debug/libOpenGLProject.so
7f916a216000-7f916a398000 rw-p 00000000 00:00 0 
7f916a398000-7f916a418000 ---p 00000000 00:00 0 
7f916a418000-7f916a618000 rw-p 00000000 00:00 0 
7f916a61a000-7f916a61b000 r--p 00000000 fe:00 4073222                    /usr/lib/libXau.so.6.0.0
7f916a61b000-7f916a61c000 r-xp 00001000 fe:00 4073222                    /usr/lib/libXau.so.6.0.0
7f916a61c000-7f916a61d000 r--p 00002000 fe:00 4073222                    /usr/lib/libXau.so.6.0.0
7f916a61d000-7f916a61e000 r--p 00002000 fe:00 4073222                    /usr/lib/libXau.so.6.0.0
7f916a61e000-7f916a61f000 rw-p 00003000 fe:00 4073222                    /usr/lib/libXau.so.6.0.0
7f916a61f000-7f916a621000 r--p 00000000 fe:00 4078939                    /usr/lib/libXrender.so.1.3.0
7f916a621000-7f916a628000 r-xp 00002000 fe:00 4078939                    /usr/lib/libXrender.so.1.3.0
7f916a628000-7f916a62a000 r--p 00009000 fe:00 4078939                    /usr/lib/libXrender.so.1.3.0
7f916a62a000-7f916a62b000 r--p 0000a000 fe:00 4078939                    /usr/lib/libXrender.so.1.3.0
7f916a62b000-7f916a62c000 rw-p 0000b000 fe:00 4078939                    /usr/lib/libXrender.so.1.3.0
7f916a62c000-7f916a62f000 r--p 00000000 fe:00 4078917                    /usr/lib/libXcursor.so.1.0.2
7f916a62f000-7f916a634000 r-xp 00003000 fe:00 4078917                    /usr/lib/libXcursor.so.1.0.2
7f916a634000-7f916a636000 r--p 00008000 fe:00 4078917                    /usr/lib/libXcursor.so.1.0.2
7f916a636000-7f916a637000 r--p 00009000 fe:00 4078917                    /usr/lib/libXcursor.so.1.0.2
7f916a637000-7f916a638000 rw-p 0000a000 fe:00 4078917                    /usr/lib/libXcursor.so.1.0.2
7f916a638000-7f916a63a000 r--p 00000000 fe:00 4078938                    /usr/lib/libXrandr.so.2.2.0
7f916a63a000-7f916a641000 r-xp 00002000 fe:00 4078938                    /usr/lib/libXrandr.so.2.2.0
7f916a641000-7f916a643000 r--p 00009000 fe:00 4078938                    /usr/lib/libXrandr.so.2.2.0
7f916a643000-7f916a644000 r--p 0000a000 fe:00 4078938                    /usr/lib/libXrandr.so.2.2.0
7f916a644000-7f916a645000 rw-p 0000b000 fe:00 4078938                    /usr/lib/libXrandr.so.2.2.0
7f916a645000-7f916a64a000 r--p 00000000 fe:00 4983049                    /usr/lib/jvm/java-8-openjdk/jre/lib/amd64/libnet.so
7f916a64a000-7f916a659000 r-xp 00005000 fe:00 4983049                    /usr/lib/jvm/java-8-openjdk/jre/lib/amd64/libnet.so
7f916a659000-7f916a65d000 r--p 00014000 fe:00 4983049                    /usr/lib/jvm/java-8-openjdk/jre/lib/amd64/libnet.so
7f916a65d000-7f916a65e000 r--p 00017000 fe:00 4983049                    /usr/lib/jvm/java-8-openjdk/jre/lib/amd64/libnet.so
7f916a65e000-7f916a65f000 rw-p 00018000 fe:00 4983049                    /usr/lib/jvm/java-8-openjdk/jre/lib/amd64/libnet.so
7f916a65f000-7f916a666000 r--p 00000000 fe:00 4983050                    /usr/lib/jvm/java-8-openjdk/jre/lib/amd64/libnio.so
7f916a666000-7f916a66e000 r-xp 00007000 fe:00 4983050                    /usr/lib/jvm/java-8-openjdk/jre/lib/amd64/libnio.so
7f916a66e000-7f916a671000 r--p 0000f000 fe:00 4983050                    /usr/lib/jvm/java-8-openjdk/jre/lib/amd64/libnio.so
7f916a671000-7f916a672000 ---p 00012000 fe:00 4983050                    /usr/lib/jvm/java-8-openjdk/jre/lib/amd64/libnio.so
7f916a672000-7f916a673000 r--p 00012000 fe:00 4983050                    /usr/lib/jvm/java-8-openjdk/jre/lib/amd64/libnio.so
7f916a673000-7f916a674000 rw-p 00013000 fe:00 4983050                    /usr/lib/jvm/java-8-openjdk/jre/lib/amd64/libnio.so
7f916a674000-7f916a675000 ---p 00000000 00:00 0 
7f916a675000-7f916a775000 rw-p 00000000 00:00 0 
7f916a775000-7f916a77e000 r--s 000ab000 fe:00 4072582                    /usr/share/scala/lib/scala-swing_2.12-2.0.3.jar
7f916a77e000-7f916a7b6000 r--s 004bf000 fe:00 4069441                    /usr/share/scala/lib/scala-library.jar
7f916a7b6000-7f916a805000 r--s 00967000 fe:00 4069435                    /usr/share/scala/lib/scala-compiler.jar
7f916a805000-7f916a808000 ---p 00000000 00:00 0 
7f916a808000-7f916a906000 rw-p 00000000 00:00 0 
7f916a906000-7f916a907000 ---p 00000000 00:00 0 
7f916a907000-7f916a90a000 ---p 00000000 00:00 0 
7f916a90a000-7f916aa07000 rw-p 00000000 00:00 0 
7f916aa07000-7f916aa08000 ---p 00000000 00:00 0 
7f916aa08000-7f916aa0b000 ---p 00000000 00:00 0 
7f916aa0b000-7f916ab08000 rw-p 00000000 00:00 0 
7f916ab08000-7f916ab09000 ---p 00000000 00:00 0 
7f916ab09000-7f916ab0c000 ---p 00000000 00:00 0 
7f916ab0c000-7f916ac09000 rw-p 00000000 00:00 0 
7f916ac09000-7f916ac0c000 ---p 00000000 00:00 0 
7f916ac0c000-7f916ad0a000 rw-p 00000000 00:00 0 
7f916ad0a000-7f916aff0000 r--p 00000000 fe:00 4078801                    /usr/lib/locale/locale-archive
7f916aff0000-7f916aff3000 ---p 00000000 00:00 0 
7f916aff3000-7f916b0f1000 rw-p 00000000 00:00 0 
7f916b0f1000-7f916b0f4000 ---p 00000000 00:00 0 
7f916b0f4000-7f916b1f2000 rw-p 00000000 00:00 0 
7f916b1f2000-7f916b1f3000 ---p 00000000 00:00 0 
7f916b1f3000-7f916c000000 rw-p 00000000 00:00 0 
7f916c000000-7f916c021000 rw-p 00000000 00:00 0 
7f916c021000-7f9170000000 ---p 00000000 00:00 0 
7f9170000000-7f9171000000 rw-p 00000000 00:00 0 
7f9171000000-7f9171270000 rwxp 00000000 00:00 0 
7f9171270000-7f9180000000 ---p 00000000 00:00 0 
7f9180000000-7f918152d000 rw-p 00000000 00:00 0 
7f918152d000-7f9184000000 ---p 00000000 00:00 0 
7f9184002000-7f9184008000 r--s 00080000 fe:00 4072599                    /usr/share/scala/lib/scala-xml_2.12-1.0.6.jar
7f9184008000-7f918402b000 r--s 00347000 fe:00 4071644                    /usr/share/scala/lib/scala-reflect.jar
7f918402b000-7f9184320000 rw-p 00000000 00:00 0 
7f9184320000-7f91844f0000 r--s 03c3a000 fe:00 4983165                    /usr/lib/jvm/java-8-openjdk/jre/lib/rt.jar
7f91844f0000-7f9184641000 rw-p 00000000 00:00 0 
7f9184641000-7f9184642000 ---p 00000000 00:00 0 
7f9184642000-7f9184742000 rw-p 00000000 00:00 0 
7f9184742000-7f9184743000 ---p 00000000 00:00 0 
7f9184743000-7f9184843000 rw-p 00000000 00:00 0 
7f9184843000-7f9184844000 ---p 00000000 00:00 0 
7f9184844000-7f9184944000 rw-p 00000000 00:00 0 
7f9184944000-7f9184945000 ---p 00000000 00:00 0 
7f9184945000-7f9184a50000 rw-p 00000000 00:00 0 
7f9184a50000-7f9184a9b000 ---p 00000000 00:00 0 
7f9184a9b000-7f9184aa6000 rw-p 00000000 00:00 0 
7f9184aa6000-7f9184af0000 ---p 00000000 00:00 0 
7f9184af0000-7f9184afa000 rw-p 00000000 00:00 0 
7f9184afa000-7f9184b1b000 ---p 00000000 00:00 0 
7f9184b1b000-7f9184b26000 rw-p 00000000 00:00 0 
7f9184b26000-7f9184edc000 ---p 00000000 00:00 0 
7f9184edc000-7f9184edf000 r--p 00000000 fe:00 4071892                    /usr/lib/libnss_files-2.28.so
7f9184edf000-7f9184ee6000 r-xp 00003000 fe:00 4071892                    /usr/lib/libnss_files-2.28.so
7f9184ee6000-7f9184ee9000 r--p 0000a000 fe:00 4071892                    /usr/lib/libnss_files-2.28.so
7f9184ee9000-7f9184eea000 r--p 0000c000 fe:00 4071892                    /usr/lib/libnss_files-2.28.so
7f9184eea000-7f9184eeb000 rw-p 0000d000 fe:00 4071892                    /usr/lib/libnss_files-2.28.so
7f9184eeb000-7f9184ef1000 rw-p 00000000 00:00 0 
7f9184ef3000-7f9184ef5000 r--s 00006000 fe:00 4072524                    /usr/share/scala/lib/scala-repl-jline.jar
7f9184ef5000-7f9184efa000 r--s 00041000 fe:00 4071912                    /usr/share/scala/lib/scala-repl-jline-embedded.jar
7f9184efa000-7f9184f00000 r--s 00077000 fe:00 4072603                    /usr/share/scala/lib/scalap.jar
7f9184f00000-7f9184f0b000 r--s 001d6000 fe:00 4069275                    /usr/share/scala/lib/scala-compiler-doc.jar
7f9184f0b000-7f9184f0f000 r--s 0003e000 fe:00 4069189                    /usr/share/scala/lib/jline.jar
7f9184f0f000-7f9184f37000 rw-p 00000000 00:00 0 
7f9184f37000-7f9184f3a000 r--p 00000000 fe:00 4983099                    /usr/lib/jvm/java-8-openjdk/jre/lib/amd64/libzip.so
7f9184f3a000-7f9184f3e000 r-xp 00003000 fe:00 4983099                    /usr/lib/jvm/java-8-openjdk/jre/lib/amd64/libzip.so
7f9184f3e000-7f9184f40000 r--p 00007000 fe:00 4983099                    /usr/lib/jvm/java-8-openjdk/jre/lib/amd64/libzip.so
7f9184f40000-7f9184f41000 r--p 00008000 fe:00 4983099                    /usr/lib/jvm/java-8-openjdk/jre/lib/amd64/libzip.so
7f9184f41000-7f9184f42000 rw-p 00009000 fe:00 4983099                    /usr/lib/jvm/java-8-openjdk/jre/lib/amd64/libzip.so
7f9184f42000-7f9184f44000 r--p 00000000 fe:00 4078347                    /usr/lib/librt-2.28.so
7f9184f44000-7f9184f48000 r-xp 00002000 fe:00 4078347                    /usr/lib/librt-2.28.so
7f9184f48000-7f9184f4a000 r--p 00006000 fe:00 4078347                    /usr/lib/librt-2.28.so
7f9184f4a000-7f9184f4b000 r--p 00007000 fe:00 4078347                    /usr/lib/librt-2.28.so
7f9184f4b000-7f9184f4c000 rw-p 00008000 fe:00 4078347                    /usr/lib/librt-2.28.so
7f9184f4c000-7f9184f4d000 ---p 00000000 00:00 0 
7f9184f4d000-7f9184f50000 ---p 00000000 00:00 0 
7f9184f50000-7f918504d000 rw-p 00000000 00:00 0 
7f918504d000-7f918505a000 r--p 00000000 fe:00 4071870                    /usr/lib/libm-2.28.so
7f918505a000-7f91850fb000 r-xp 0000d000 fe:00 4071870                    /usr/lib/libm-2.28.so
7f91850fb000-7f91851d0000 r--p 000ae000 fe:00 4071870                    /usr/lib/libm-2.28.so
7f91851d0000-7f91851d1000 r--p 00182000 fe:00 4071870                    /usr/lib/libm-2.28.so
7f91851d1000-7f91851d2000 rw-p 00183000 fe:00 4071870                    /usr/lib/libm-2.28.so
7f91851d2000-7f91853c3000 r--p 00000000 fe:00 4983102                    /usr/lib/jvm/java-8-openjdk/jre/lib/amd64/server/libjvm.so
7f91853c3000-7f9185c36000 r-xp 001f1000 fe:00 4983102                    /usr/lib/jvm/java-8-openjdk/jre/lib/amd64/server/libjvm.so
7f9185c36000-7f9185dd6000 r--p 00a64000 fe:00 4983102                    /usr/lib/jvm/java-8-openjdk/jre/lib/amd64/server/libjvm.so
7f9185dd6000-7f9185dd7000 ---p 00c04000 fe:00 4983102                    /usr/lib/jvm/java-8-openjdk/jre/lib/amd64/server/libjvm.so
7f9185dd7000-7f9185e6c000 r--p 00c04000 fe:00 4983102                    /usr/lib/jvm/java-8-openjdk/jre/lib/amd64/server/libjvm.so
7f9185e6c000-7f9185e94000 rw-p 00c99000 fe:00 4983102                    /usr/lib/jvm/java-8-openjdk/jre/lib/amd64/server/libjvm.so
7f9185e94000-7f9185ec6000 rw-p 00000000 00:00 0 
7f9185ec6000-7f9185ecc000 r--p 00000000 fe:00 4071899                    /usr/lib/libpthread-2.28.so
7f9185ecc000-7f9185edb000 r-xp 00006000 fe:00 4071899                    /usr/lib/libpthread-2.28.so
7f9185edb000-7f9185ee1000 r--p 00015000 fe:00 4071899                    /usr/lib/libpthread-2.28.so
7f9185ee1000-7f9185ee2000 r--p 0001a000 fe:00 4071899                    /usr/lib/libpthread-2.28.so
7f9185ee2000-7f9185ee3000 rw-p 0001b000 fe:00 4071899                    /usr/lib/libpthread-2.28.so
7f9185ee3000-7f9185ee7000 rw-p 00000000 00:00 0 
7f9185ee7000-7f9185ee8000 r--p 00000000 fe:00 4071864                    /usr/lib/libdl-2.28.so
7f9185ee8000-7f9185ee9000 r-xp 00001000 fe:00 4071864                    /usr/lib/libdl-2.28.so
7f9185ee9000-7f9185eea000 r--p 00002000 fe:00 4071864                    /usr/lib/libdl-2.28.so
7f9185eea000-7f9185eeb000 r--p 00002000 fe:00 4071864                    /usr/lib/libdl-2.28.so
7f9185eeb000-7f9185eec000 rw-p 00003000 fe:00 4071864                    /usr/lib/libdl-2.28.so
7f9185eec000-7f9185f02000 r-xp 00000000 fe:00 4069349                    /usr/lib/libz.so.1.2.11
7f9185f02000-7f9186101000 ---p 00016000 fe:00 4069349                    /usr/lib/libz.so.1.2.11
7f9186101000-7f9186102000 r--p 00015000 fe:00 4069349                    /usr/lib/libz.so.1.2.11
7f9186102000-7f9186103000 rw-p 00016000 fe:00 4069349                    /usr/lib/libz.so.1.2.11
7f9186103000-7f9186125000 r--p 00000000 fe:00 4071855                    /usr/lib/libc-2.28.so
7f9186125000-7f9186270000 r-xp 00022000 fe:00 4071855                    /usr/lib/libc-2.28.so
7f9186270000-7f91862bc000 r--p 0016d000 fe:00 4071855                    /usr/lib/libc-2.28.so
7f91862bc000-7f91862bd000 ---p 001b9000 fe:00 4071855                    /usr/lib/libc-2.28.so
7f91862bd000-7f91862c1000 r--p 001b9000 fe:00 4071855                    /usr/lib/libc-2.28.so
7f91862c1000-7f91862c3000 rw-p 001bd000 fe:00 4071855                    /usr/lib/libc-2.28.so
7f91862c3000-7f91862c7000 rw-p 00000000 00:00 0 
7f91862c8000-7f91862cd000 rw-p 00000000 00:00 0 
7f91862cd000-7f91862d5000 rw-s 00000000 00:2c 45                         /tmp/hsperfdata_joseph/30425
7f91862d5000-7f91862d6000 rw-p 00000000 00:00 0 
7f91862d6000-7f91862d7000 r--p 00000000 00:00 0 
7f91862d7000-7f91862e4000 r--p 00000000 fe:00 4983038                    /usr/lib/jvm/java-8-openjdk/jre/lib/amd64/libjava.so
7f91862e4000-7f91862fc000 r-xp 0000d000 fe:00 4983038                    /usr/lib/jvm/java-8-openjdk/jre/lib/amd64/libjava.so
7f91862fc000-7f9186303000 r--p 00025000 fe:00 4983038                    /usr/lib/jvm/java-8-openjdk/jre/lib/amd64/libjava.so
7f9186303000-7f9186304000 ---p 0002c000 fe:00 4983038                    /usr/lib/jvm/java-8-openjdk/jre/lib/amd64/libjava.so
7f9186304000-7f9186305000 r--p 0002c000 fe:00 4983038                    /usr/lib/jvm/java-8-openjdk/jre/lib/amd64/libjava.so
7f9186305000-7f9186306000 rw-p 0002d000 fe:00 4983038                    /usr/lib/jvm/java-8-openjdk/jre/lib/amd64/libjava.so
7f9186306000-7f9186307000 rw-p 00000000 00:00 0 
7f9186307000-7f918630c000 r--p 00000000 fe:00 4983098                    /usr/lib/jvm/java-8-openjdk/jre/lib/amd64/libverify.so
7f918630c000-7f9186313000 r-xp 00005000 fe:00 4983098                    /usr/lib/jvm/java-8-openjdk/jre/lib/amd64/libverify.so
7f9186313000-7f9186315000 r--p 0000c000 fe:00 4983098                    /usr/lib/jvm/java-8-openjdk/jre/lib/amd64/libverify.so
7f9186315000-7f9186317000 r--p 0000d000 fe:00 4983098                    /usr/lib/jvm/java-8-openjdk/jre/lib/amd64/libverify.so
7f9186317000-7f9186318000 rw-p 0000f000 fe:00 4983098                    /usr/lib/jvm/java-8-openjdk/jre/lib/amd64/libverify.so
7f9186318000-7f918631a000 r--p 00000000 fe:00 4982149                    /usr/lib/jvm/java-8-openjdk/jre/lib/amd64/jli/libjli.so
7f918631a000-7f9186323000 r-xp 00002000 fe:00 4982149                    /usr/lib/jvm/java-8-openjdk/jre/lib/amd64/jli/libjli.so
7f9186323000-7f9186326000 r--p 0000b000 fe:00 4982149                    /usr/lib/jvm/java-8-openjdk/jre/lib/amd64/jli/libjli.so
7f9186326000-7f9186327000 r--p 0000d000 fe:00 4982149                    /usr/lib/jvm/java-8-openjdk/jre/lib/amd64/jli/libjli.so
7f9186327000-7f9186328000 rw-p 0000e000 fe:00 4982149                    /usr/lib/jvm/java-8-openjdk/jre/lib/amd64/jli/libjli.so
7f9186328000-7f918632a000 rw-p 00000000 00:00 0 
7f918632a000-7f918632c000 r--p 00000000 fe:00 4071843                    /usr/lib/ld-2.28.so
7f918632c000-7f918634b000 r-xp 00002000 fe:00 4071843                    /usr/lib/ld-2.28.so
7f918634b000-7f9186353000 r--p 00021000 fe:00 4071843                    /usr/lib/ld-2.28.so
7f9186353000-7f9186354000 r--p 00028000 fe:00 4071843                    /usr/lib/ld-2.28.so
7f9186354000-7f9186355000 rw-p 00029000 fe:00 4071843                    /usr/lib/ld-2.28.so
7f9186355000-7f9186356000 rw-p 00000000 00:00 0 
7ffedad9f000-7ffedadc0000 rw-p 00000000 00:00 0                          [stack]
7ffedadf0000-7ffedadf3000 r--p 00000000 00:00 0                          [vvar]
7ffedadf3000-7ffedadf5000 r-xp 00000000 00:00 0                          [vdso]
ffffffffff600000-ffffffffff601000 r-xp 00000000 00:00 0                  [vsyscall]

VM Arguments:
jvm_args: -Xmx256M -Xms32M -Xbootclasspath/a:/usr/share/scala/lib/jline.jar:/usr/share/scala/lib/scala-compiler-doc.jar:/usr/share/scala/lib/scala-compiler.jar:/usr/share/scala/lib/scala-library.jar:/usr/share/scala/lib/scalap.jar:/usr/share/scala/lib/scala-reflect.jar:/usr/share/scala/lib/scala-repl-jline-embedded.jar:/usr/share/scala/lib/scala-repl-jline.jar:/usr/share/scala/lib/scala-swing_2.12-2.0.3.jar:/usr/share/scala/lib/scala-xml_2.12-1.0.6.jar -Dscala.boot.class.path=/usr/share/scala/lib/jline.jar:/usr/share/scala/lib/scala-compiler-doc.jar:/usr/share/scala/lib/scala-compiler.jar:/usr/share/scala/lib/scala-library.jar:/usr/share/scala/lib/scalap.jar:/usr/share/scala/lib/scala-reflect.jar:/usr/share/scala/lib/scala-repl-jline-embedded.jar:/usr/share/scala/lib/scala-repl-jline.jar:/usr/share/scala/lib/scala-swing_2.12-2.0.3.jar:/usr/share/scala/lib/scala-xml_2.12-1.0.6.jar -Dscala.home=/usr/share/scala -Dscala.usejavacp=true 
java_command: scala.tools.nsc.MainGenericRunner Main
java_class_path (initial): ""
Launcher Type: SUN_STANDARD

Environment Variables:
PATH=/opt/java/jdk-11.0.2/bin:/usr/local/sbin:/usr/local/bin:/usr/bin:/opt/android-sdk/platform-tools:/opt/android-sdk/tools:/opt/android-sdk/tools/bin:/var/lib/flatpak/exports/bin:/usr/lib/jvm/default/bin:/usr/bin/site_perl:/usr/bin/vendor_perl:/usr/bin/core_perl
SHELL=/usr/bin/fish
DISPLAY=:0

Signal Handlers:
SIGSEGV: [libjvm.so+0xa32bd0], sa_mask[0]=11111111011111111101111111111110, sa_flags=SA_RESTART|SA_SIGINFO
SIGBUS: [libjvm.so+0xa32bd0], sa_mask[0]=11111111011111111101111111111110, sa_flags=SA_RESTART|SA_SIGINFO
SIGFPE: [libjvm.so+0x88ebd0], sa_mask[0]=11111111011111111101111111111110, sa_flags=SA_RESTART|SA_SIGINFO
SIGPIPE: [libjvm.so+0x88ebd0], sa_mask[0]=11111111011111111101111111111110, sa_flags=SA_RESTART|SA_SIGINFO
SIGXFSZ: [libjvm.so+0x88ebd0], sa_mask[0]=11111111011111111101111111111110, sa_flags=SA_RESTART|SA_SIGINFO
SIGILL: [libjvm.so+0x88ebd0], sa_mask[0]=11111111011111111101111111111110, sa_flags=SA_RESTART|SA_SIGINFO
SIGUSR1: SIG_DFL, sa_mask[0]=00000000000000000000000000000000, sa_flags=none
SIGUSR2: [libjvm.so+0x88ea60], sa_mask[0]=00100000000000000000000000000000, sa_flags=SA_RESTART|SA_SIGINFO
SIGHUP: [libjvm.so+0x88ee70], sa_mask[0]=11111111011111111101111111111110, sa_flags=SA_RESTART|SA_SIGINFO
SIGINT: [libjvm.so+0x88ee70], sa_mask[0]=11111111011111111101111111111110, sa_flags=SA_RESTART|SA_SIGINFO
SIGTERM: [libjvm.so+0x88ee70], sa_mask[0]=11111111011111111101111111111110, sa_flags=SA_RESTART|SA_SIGINFO
SIGQUIT: [libjvm.so+0x88ee70], sa_mask[0]=11111111011111111101111111111110, sa_flags=SA_RESTART|SA_SIGINFO


---------------  S Y S T E M  ---------------

OS:DISTRIB_ID=ManjaroLinux
DISTRIB_RELEASE=18.0.4
DISTRIB_CODENAME=Illyria
DISTRIB_DESCRIPTION="Manjaro Linux"

uname:Linux 4.14.109-1-MANJARO #1 SMP PREEMPT Wed Mar 27 18:51:38 UTC 2019 x86_64
libc:glibc 2.28 NPTL 2.28 
rlimit: STACK 8192k, CORE infinity, NPROC 30719, NOFILE 1048576, AS infinity
load average:2.91 3.11 2.27

/proc/meminfo:
MemTotal:        8109572 kB
MemFree:          115524 kB
MemAvailable:     337424 kB
Buffers:           22552 kB
Cached:           683380 kB
SwapCached:       206076 kB
Active:          6288224 kB
Inactive:        1146488 kB
Active(anon):    6105208 kB
Inactive(anon):   921348 kB
Active(file):     183016 kB
Inactive(file):   225140 kB
Unevictable:          48 kB
Mlocked:              48 kB
SwapTotal:       8290300 kB
SwapFree:        5967100 kB
Dirty:             10784 kB
Writeback:           108 kB
AnonPages:       6717572 kB
Mapped:           744664 kB
Shmem:            297676 kB
Slab:             172928 kB
SReclaimable:      65880 kB
SUnreclaim:       107048 kB
KernelStack:       16656 kB
PageTables:        55284 kB
NFS_Unstable:          0 kB
Bounce:                0 kB
WritebackTmp:          0 kB
CommitLimit:    12345084 kB
Committed_AS:   14468296 kB
VmallocTotal:   34359738367 kB
VmallocUsed:           0 kB
VmallocChunk:          0 kB
HardwareCorrupted:     0 kB
AnonHugePages:   2367488 kB
ShmemHugePages:        0 kB
ShmemPmdMapped:        0 kB
HugePages_Total:       0
HugePages_Free:        0
HugePages_Rsvd:        0
HugePages_Surp:        0
Hugepagesize:       2048 kB
DirectMap4k:      672676 kB
DirectMap2M:     7653376 kB
DirectMap1G:     1048576 kB

container (cgroup) information:
container_type: cgroupv1
cpu_cpuset_cpus: 0-3
cpu_memory_nodes: 0
active_processor_count: 4
cpu_quota: -1
cpu_period: 100000
cpu_shares: -1
memory_limit_in_bytes: -1
memory_and_swap_limit_in_bytes: -1
memory_soft_limit_in_bytes: -1
memory_usage_in_bytes: 7595388928
memory_max_usage_in_bytes: 7636320256


CPU:total 4 (initial active 4) (2 cores per cpu, 2 threads per core) family 6 model 60 stepping 3, cmov, cx8, fxsr, mmx, sse, sse2, sse3, ssse3, sse4.1, sse4.2, popcnt, avx, avx2, aes, clmul, erms, lzcnt, ht, tsc, tscinvbit, bmi1, bmi2

/proc/cpuinfo:
processor	: 0
vendor_id	: GenuineIntel
cpu family	: 6
model		: 60
model name	: Intel(R) Core(TM) i3-4130 CPU @ 3.40GHz
stepping	: 3
microcode	: 0x25
cpu MHz		: 3392.351
cache size	: 3072 KB
physical id	: 0
siblings	: 4
core id		: 0
cpu cores	: 2
apicid		: 0
initial apicid	: 0
fpu		: yes
fpu_exception	: yes
cpuid level	: 13
wp		: yes
flags		: fpu vme de pse tsc msr pae mce cx8 apic sep mtrr pge mca cmov pat pse36 clflush dts acpi mmx fxsr sse sse2 ss ht tm pbe syscall nx pdpe1gb rdtscp lm constant_tsc arch_perfmon pebs bts rep_good nopl xtopology nonstop_tsc cpuid aperfmperf pni pclmulqdq dtes64 monitor ds_cpl vmx est tm2 ssse3 sdbg fma cx16 xtpr pdcm pcid sse4_1 sse4_2 movbe popcnt tsc_deadline_timer aes xsave avx f16c rdrand lahf_lm abm cpuid_fault epb invpcid_single pti ssbd ibrs ibpb stibp tpr_shadow vnmi flexpriority ept vpid fsgsbase tsc_adjust bmi1 avx2 smep bmi2 erms invpcid xsaveopt dtherm arat pln pts flush_l1d
bugs		: cpu_meltdown spectre_v1 spectre_v2 spec_store_bypass l1tf
bogomips	: 6787.40
clflush size	: 64
cache_alignment	: 64
address sizes	: 39 bits physical, 48 bits virtual
power management:

processor	: 1
vendor_id	: GenuineIntel
cpu family	: 6
model		: 60
model name	: Intel(R) Core(TM) i3-4130 CPU @ 3.40GHz
stepping	: 3
microcode	: 0x25
cpu MHz		: 3392.348
cache size	: 3072 KB
physical id	: 0
siblings	: 4
core id		: 1
cpu cores	: 2
apicid		: 2
initial apicid	: 2
fpu		: yes
fpu_exception	: yes
cpuid level	: 13
wp		: yes
flags		: fpu vme de pse tsc msr pae mce cx8 apic sep mtrr pge mca cmov pat pse36 clflush dts acpi mmx fxsr sse sse2 ss ht tm pbe syscall nx pdpe1gb rdtscp lm constant_tsc arch_perfmon pebs bts rep_good nopl xtopology nonstop_tsc cpuid aperfmperf pni pclmulqdq dtes64 monitor ds_cpl vmx est tm2 ssse3 sdbg fma cx16 xtpr pdcm pcid sse4_1 sse4_2 movbe popcnt tsc_deadline_timer aes xsave avx f16c rdrand lahf_lm abm cpuid_fault epb invpcid_single pti ssbd ibrs ibpb stibp tpr_shadow vnmi flexpriority ept vpid fsgsbase tsc_adjust bmi1 avx2 smep bmi2 erms invpcid xsaveopt dtherm arat pln pts flush_l1d
bugs		: cpu_meltdown spectre_v1 spectre_v2 spec_store_bypass l1tf
bogomips	: 6787.40
clflush size	: 64
cache_alignment	: 64
address sizes	: 39 bits physical, 48 bits virtual
power management:

processor	: 2
vendor_id	: GenuineIntel
cpu family	: 6
model		: 60
model name	: Intel(R) Core(TM) i3-4130 CPU @ 3.40GHz
stepping	: 3
microcode	: 0x25
cpu MHz		: 3392.353
cache size	: 3072 KB
physical id	: 0
siblings	: 4
core id		: 0
cpu cores	: 2
apicid		: 1
initial apicid	: 1
fpu		: yes
fpu_exception	: yes
cpuid level	: 13
wp		: yes
flags		: fpu vme de pse tsc msr pae mce cx8 apic sep mtrr pge mca cmov pat pse36 clflush dts acpi mmx fxsr sse sse2 ss ht tm pbe syscall nx pdpe1gb rdtscp lm constant_tsc arch_perfmon pebs bts rep_good nopl xtopology nonstop_tsc cpuid aperfmperf pni pclmulqdq dtes64 monitor ds_cpl vmx est tm2 ssse3 sdbg fma cx16 xtpr pdcm pcid sse4_1 sse4_2 movbe popcnt tsc_deadline_timer aes xsave avx f16c rdrand lahf_lm abm cpuid_fault epb invpcid_single pti ssbd ibrs ibpb stibp tpr_shadow vnmi flexpriority ept vpid fsgsbase tsc_adjust bmi1 avx2 smep bmi2 erms invpcid xsaveopt dtherm arat pln pts flush_l1d
bugs		: cpu_meltdown spectre_v1 spectre_v2 spec_store_bypass l1tf
bogomips	: 6787.40
clflush size	: 64
cache_alignment	: 64
address sizes	: 39 bits physical, 48 bits virtual
power management:

processor	: 3
vendor_id	: GenuineIntel
cpu family	: 6
model		: 60
model name	: Intel(R) Core(TM) i3-4130 CPU @ 3.40GHz
stepping	: 3
microcode	: 0x25
cpu MHz		: 3392.361
cache size	: 3072 KB
physical id	: 0
siblings	: 4
core id		: 1
cpu cores	: 2
apicid		: 3
initial apicid	: 3
fpu		: yes
fpu_exception	: yes
cpuid level	: 13
wp		: yes
flags		: fpu vme de pse tsc msr pae mce cx8 apic sep mtrr pge mca cmov pat pse36 clflush dts acpi mmx fxsr sse sse2 ss ht tm pbe syscall nx pdpe1gb rdtscp lm constant_tsc arch_perfmon pebs bts rep_good nopl xtopology nonstop_tsc cpuid aperfmperf pni pclmulqdq dtes64 monitor ds_cpl vmx est tm2 ssse3 sdbg fma cx16 xtpr pdcm pcid sse4_1 sse4_2 movbe popcnt tsc_deadline_timer aes xsave avx f16c rdrand lahf_lm abm cpuid_fault epb invpcid_single pti ssbd ibrs ibpb stibp tpr_shadow vnmi flexpriority ept vpid fsgsbase tsc_adjust bmi1 avx2 smep bmi2 erms invpcid xsaveopt dtherm arat pln pts flush_l1d
bugs		: cpu_meltdown spectre_v1 spectre_v2 spec_store_bypass l1tf
bogomips	: 6787.40
clflush size	: 64
cache_alignment	: 64
address sizes	: 39 bits physical, 48 bits virtual
power management:



Memory: 4k page, physical 8109572k(124236k free), swap 8290300k(5966844k free)

vm_info: OpenJDK 64-Bit Server VM (25.212-b01) for linux-amd64 JRE (1.8.0_212-b01), built on Mar 21 2019 23:20:35 by "builduser" with gcc 8.2.1 20181127

time: Mon Apr  8 22:01:59 2019
timezone: BST
elapsed time: 2 seconds (0d 0h 0m 2s)

