#
# A fatal error has been detected by the Java Runtime Environment:
#
#  SIGSEGV (0xb) at pc=0x0000000000000000, pid=30295, tid=0x00007f58773cb700
#
# JRE version: OpenJDK Runtime Environment (8.0_212-b01) (build 1.8.0_212-b01)
# Java VM: OpenJDK 64-Bit Server VM (25.212-b01 mixed mode linux-amd64 compressed oops)
# Problematic frame:
# C  0x0000000000000000
#
# Core dump written. Default location: /home/joseph/Documents/Programming/Graphics/OpenGLProject/out/production/OpenGLProject/core or core.30295
#
# If you would like to submit a bug report, please visit:
#   http://bugreport.java.com/bugreport/crash.jsp
# The crash happened outside the Java Virtual Machine in native code.
# See problematic frame for where to report the bug.
#

---------------  T H R E A D  ---------------

Current thread (0x00007f587000b800):  JavaThread "main" [_thread_in_native, id=30296, stack(0x00007f58772cc000,0x00007f58773cc000)]

siginfo: si_signo: 11 (SIGSEGV), si_code: 1 (SEGV_MAPERR), si_addr: 0x0000000000000000

Registers:
RAX=0x0000000000000000, RBX=0x0000000000000001, RCX=0x00007f58773c9470, RDX=0x00007f58773c9464
RSP=0x00007f58773c93a8, RBP=0x00007f58773c9430, RSI=0x00007f58773c9464, RDI=0x0000000000000001
R8 =0x00007f58714ba63f, R9 =0x00007f58714ba640, R10=0x0000000000000000, R11=0x00007f586055bdac
R12=0x0000000000000000, R13=0x00007f58606f2438, R14=0x00007f58773c9540, R15=0x00007f587000b800
RIP=0x0000000000000000, EFLAGS=0x0000000000010246, CSGSFS=0x002b000000000033, ERR=0x0000000000000014
  TRAPNO=0x000000000000000e

Top of Stack: (sp=0x00007f58773c93a8)
0x00007f58773c93a8:   00007f586055bde9 0000000000000000
0x00007f58773c93b8:   0000000100000000 00007f58773c9470
0x00007f58773c93c8:   00007f58773c9464 0000000000000000
0x00007f58773c93d8:   0000000000000000 0000000000000000
0x00007f58773c93e8:   0000000000000000 0000000000000000
0x00007f58773c93f8:   0000000000000000 00007f58773c9430
0x00007f58773c9408:   00007f58773c9463 00007f58714ba630
0x00007f58773c9418:   63938c117b058e00 0000000000000001
0x00007f58773c9428:   0000000000000001 00007f58773c94b0
0x00007f58773c9438:   00007f586055d5a7 00007f01773c94a0
0x00007f58773c9448:   00007f58773c9540 00007f58773c9528
0x00007f58773c9458:   00007f587000b9e0 00007f58606f2438
0x00007f58773c9468:   00007f58714ba630 00007f58773c9480
0x00007f58773c9478:   000000000000000f 66656d6f73657761
0x00007f58773c9488:   00676e702e656361 00007f58606f2438
0x00007f58773c9498:   63938c117b058e00 00007f58773c9518
0x00007f58773c94a8:   00007f58606f2438 00007f58773c9518
0x00007f58773c94b8:   00007f5861018407 00007f58773c9518
0x00007f58773c94c8:   00007f5861018167 00007f5861018122
0x00007f58773c94d8:   00007f58773c94d8 00007f58606f2438
0x00007f58773c94e8:   00007f58773c9540 00007f58606f2688
0x00007f58773c94f8:   0000000000000000 00007f58606f2438
0x00007f58773c9508:   0000000000000000 00007f58773c9538
0x00007f58773c9518:   00007f58773c9590 00007f5861007a40
0x00007f58773c9528:   00000000fab1bff8 00007f5861011a56
0x00007f58773c9538:   0000000000000001 00000000fab19008
0x00007f58773c9548:   00000000fab0ec00 00007f58773c9550
0x00007f58773c9558:   00007f58606eee42 00007f58773c95a8
0x00007f58773c9568:   00007f58606ef428 0000000000000000
0x00007f58773c9578:   00007f58606eeed0 00007f58773c9538
0x00007f58773c9588:   00007f58773c95a8 00007f58773c95f0
0x00007f58773c9598:   00007f5861007ffd 0000000000000000 

Instructions: (pc=0x0000000000000000)
0xffffffffffffffe0:   

Register to memory mapping:

RAX=0x0000000000000000 is an unknown value
RBX=0x0000000000000001 is an unknown value
RCX=0x00007f58773c9470 is pointing into the stack for thread: 0x00007f587000b800
RDX=0x00007f58773c9464 is pointing into the stack for thread: 0x00007f587000b800
RSP=0x00007f58773c93a8 is pointing into the stack for thread: 0x00007f587000b800
RBP=0x00007f58773c9430 is pointing into the stack for thread: 0x00007f587000b800
RSI=0x00007f58773c9464 is pointing into the stack for thread: 0x00007f587000b800
RDI=0x0000000000000001 is an unknown value
R8 =0x00007f58714ba63f is an unknown value
R9 =0x00007f58714ba640 is an unknown value
R10=0x0000000000000000 is an unknown value
R11=0x00007f586055bdac: _ZN4core15generateTextureEPjNSt7__cxx1112basic_stringIcSt11char_traitsIcESaIcEEEb+0 in /home/joseph/Documents/Programming/Graphics/OpenGLProject/cmake-build-debug/libOpenGLProject.so at 0x00007f5860520000
R12=0x0000000000000000 is an unknown value
R13={method} {0x00007f58606f2438} 'generateTexture' '(Ljava/lang/String;Z)I' in 'jni/GLWrapper'
R14=0x00007f58773c9540 is pointing into the stack for thread: 0x00007f587000b800
R15=0x00007f587000b800 is a thread


Stack: [0x00007f58772cc000,0x00007f58773cc000],  sp=0x00007f58773c93a8,  free space=1012k
Java frames: (J=compiled Java code, j=interpreted, Vv=VM code)
j  jni.GLWrapper.generateTexture(Ljava/lang/String;Z)I+0
j  Main$.delayedEndpoint$Main$1()V+50
j  Main$delayedInit$body.apply()Ljava/lang/Object;+4
j  scala.Function0.apply$mcV$sp()V+1
j  scala.Function0.apply$mcV$sp$(Lscala/Function0;)V+1
j  scala.runtime.AbstractFunction0.apply$mcV$sp()V+1
j  scala.App.$anonfun$main$1(Lscala/Function0;)V+1
j  scala.App.$anonfun$main$1$adapted(Lscala/Function0;)Ljava/lang/Object;+1
j  scala.App$$Lambda$128.apply(Ljava/lang/Object;)Ljava/lang/Object;+4
j  scala.collection.immutable.List.foreach(Lscala/Function1;)V+14
j  scala.collection.generic.TraversableForwarder.foreach(Lscala/Function1;)V+7
j  scala.collection.generic.TraversableForwarder.foreach$(Lscala/collection/generic/TraversableForwarder;Lscala/Function1;)V+2
j  scala.collection.mutable.ListBuffer.foreach(Lscala/Function1;)V+2
j  scala.App.main([Ljava/lang/String;)V+18
j  scala.App.main$(Lscala/App;[Ljava/lang/String;)V+2
j  Main$.main([Ljava/lang/String;)V+2
j  Main.main([Ljava/lang/String;)V+4
v  ~StubRoutines::call_stub
j  sun.reflect.NativeMethodAccessorImpl.invoke0(Ljava/lang/reflect/Method;Ljava/lang/Object;[Ljava/lang/Object;)Ljava/lang/Object;+0
j  sun.reflect.NativeMethodAccessorImpl.invoke(Ljava/lang/Object;[Ljava/lang/Object;)Ljava/lang/Object;+100
j  sun.reflect.DelegatingMethodAccessorImpl.invoke(Ljava/lang/Object;[Ljava/lang/Object;)Ljava/lang/Object;+6
j  java.lang.reflect.Method.invoke(Ljava/lang/Object;[Ljava/lang/Object;)Ljava/lang/Object;+56
j  scala.reflect.internal.util.ScalaClassLoader.$anonfun$run$2(Lscala/collection/Seq;Ljava/lang/reflect/Method;)Ljava/lang/Object;+27
j  scala.reflect.internal.util.ScalaClassLoader$$Lambda$127.apply()Ljava/lang/Object;+8
j  scala.reflect.internal.util.ScalaClassLoader.asContext(Lscala/Function0;)Ljava/lang/Object;+18
j  scala.reflect.internal.util.ScalaClassLoader.asContext$(Lscala/reflect/internal/util/ScalaClassLoader;Lscala/Function0;)Ljava/lang/Object;+2
j  scala.reflect.internal.util.ScalaClassLoader$URLClassLoader.asContext(Lscala/Function0;)Ljava/lang/Object;+2
j  scala.reflect.internal.util.ScalaClassLoader.run(Ljava/lang/String;Lscala/collection/Seq;)V+90
j  scala.reflect.internal.util.ScalaClassLoader.run$(Lscala/reflect/internal/util/ScalaClassLoader;Ljava/lang/String;Lscala/collection/Seq;)V+3
j  scala.reflect.internal.util.ScalaClassLoader$URLClassLoader.run(Ljava/lang/String;Lscala/collection/Seq;)V+3
j  scala.tools.nsc.CommonRunner.run(Lscala/collection/Seq;Ljava/lang/String;Lscala/collection/Seq;)V+15
j  scala.tools.nsc.CommonRunner.run$(Lscala/tools/nsc/CommonRunner;Lscala/collection/Seq;Ljava/lang/String;Lscala/collection/Seq;)V+4
j  scala.tools.nsc.ObjectRunner$.run(Lscala/collection/Seq;Ljava/lang/String;Lscala/collection/Seq;)V+4
j  scala.tools.nsc.CommonRunner.runAndCatch(Lscala/collection/Seq;Ljava/lang/String;Lscala/collection/Seq;)Lscala/util/Either;+4
j  scala.tools.nsc.CommonRunner.runAndCatch$(Lscala/tools/nsc/CommonRunner;Lscala/collection/Seq;Ljava/lang/String;Lscala/collection/Seq;)Lscala/util/Either;+4
j  scala.tools.nsc.ObjectRunner$.runAndCatch(Lscala/collection/Seq;Ljava/lang/String;Lscala/collection/Seq;)Lscala/util/Either;+4
j  scala.tools.nsc.MainGenericRunner.runTarget$1(Lscala/tools/nsc/GenericRunnerCommand;)Lscala/util/Either;+39
j  scala.tools.nsc.MainGenericRunner.run$1(Lscala/tools/nsc/GenericRunnerCommand;)Z+1
j  scala.tools.nsc.MainGenericRunner.process([Ljava/lang/String;)Z+128
j  scala.tools.nsc.MainGenericRunner$.main([Ljava/lang/String;)V+2
j  scala.tools.nsc.MainGenericRunner.main([Ljava/lang/String;)V+4
v  ~StubRoutines::call_stub

---------------  P R O C E S S  ---------------

Java Threads: ( => current thread )
  0x00007f58700d4000 JavaThread "Service Thread" daemon [_thread_blocked, id=30308, stack(0x00007f5860afb000,0x00007f5860bfc000)]
  0x00007f58700be800 JavaThread "C1 CompilerThread2" daemon [_thread_blocked, id=30307, stack(0x00007f5860bfd000,0x00007f5860cfd000)]
  0x00007f58700bd000 JavaThread "C2 CompilerThread1" daemon [_thread_blocked, id=30306, stack(0x00007f5860cfe000,0x00007f5860dfe000)]
  0x00007f58700ba000 JavaThread "C2 CompilerThread0" daemon [_thread_blocked, id=30305, stack(0x00007f5860dff000,0x00007f5860eff000)]
  0x00007f58700b8800 JavaThread "Signal Dispatcher" daemon [_thread_blocked, id=30304, stack(0x00007f5860eff000,0x00007f5861000000)]
  0x00007f5870085800 JavaThread "Finalizer" daemon [_thread_blocked, id=30303, stack(0x00007f587439a000,0x00007f587449b000)]
  0x00007f5870083000 JavaThread "Reference Handler" daemon [_thread_blocked, id=30302, stack(0x00007f587449b000,0x00007f587459c000)]
=>0x00007f587000b800 JavaThread "main" [_thread_in_native, id=30296, stack(0x00007f58772cc000,0x00007f58773cc000)]

Other Threads:
  0x00007f5870079000 VMThread [stack: 0x00007f587459d000,0x00007f587469d000] [id=30301]
  0x00007f5870106800 WatcherThread [stack: 0x00007f58609f5000,0x00007f5860af5000] [id=30309]

VM state:not at safepoint (normal execution)

VM Mutex/Monitor currently owned by a thread: None

heap address: 0x00000000f0000000, size: 256 MB, Compressed Oops mode: 32-bit
Narrow klass base: 0x0000000000000000, Narrow klass shift: 3
Compressed class space size: 1073741824 Address: 0x0000000100000000

Heap:
 PSYoungGen      total 9728K, used 1241K [0x00000000fab00000, 0x00000000fbe00000, 0x0000000100000000)
  eden space 8704K, 2% used [0x00000000fab00000,0x00000000fab39608,0x00000000fb380000)
  from space 1024K, 98% used [0x00000000fb480000,0x00000000fb57cf00,0x00000000fb580000)
  to   space 1024K, 0% used [0x00000000fb380000,0x00000000fb380000,0x00000000fb480000)
 ParOldGen       total 22016K, used 595K [0x00000000f0000000, 0x00000000f1580000, 0x00000000fab00000)
  object space 22016K, 2% used [0x00000000f0000000,0x00000000f0094c38,0x00000000f1580000)
 Metaspace       used 12712K, capacity 13346K, committed 13440K, reserved 1060864K
  class space    used 1578K, capacity 1660K, committed 1664K, reserved 1048576K

Card table byte_map: [0x00007f5876e1a000,0x00007f5876e9b000] byte_map_base: 0x00007f587669a000

Marking Bits: (ParMarkBitMap*) 0x00007f5878226c80
 Begin Bits: [0x00007f58761c0000, 0x00007f58765c0000)
 End Bits:   [0x00007f58765c0000, 0x00007f58769c0000)

Polling page: 0x00007f5878655000

CodeCache: size=245760Kb used=2510Kb max_used=2510Kb free=243249Kb
 bounds [0x00007f5861000000, 0x00007f5861280000, 0x00007f5870000000]
 total_blobs=997 nmethods=685 adapters=227
 compilation: enabled

Compilation events (10 events):
Event: 0.837 Thread 0x00007f58700be800  682       3       java.util.HashSet::size (8 bytes)
Event: 0.837 Thread 0x00007f58700be800 nmethod 682 0x00007f5861262f10 code [0x00007f5861263080, 0x00007f5861263270]
Event: 0.837 Thread 0x00007f58700be800  683       3       jdk.internal.org.objectweb.asm.Type::getDescriptor (214 bytes)
Event: 0.838 Thread 0x00007f58700be800 nmethod 683 0x00007f586126f250 code [0x00007f586126f660, 0x00007f5861272448]
Event: 0.838 Thread 0x00007f58700be800  684       3       java.lang.invoke.ConstantCallSite::getTarget (20 bytes)
Event: 0.839 Thread 0x00007f58700be800 nmethod 684 0x00007f58612628d0 code [0x00007f5861262a40, 0x00007f5861262c48]
Event: 0.839 Thread 0x00007f58700be800  681       1       java.lang.invoke.MethodHandles$Lookup::lookupClass (5 bytes)
Event: 0.839 Thread 0x00007f58700be800 nmethod 681 0x00007f5861262610 code [0x00007f5861262760, 0x00007f5861262870]
Event: 0.839 Thread 0x00007f58700be800  685       1       java.nio.Buffer::position (5 bytes)
Event: 0.839 Thread 0x00007f58700be800 nmethod 685 0x00007f5861262350 code [0x00007f58612624a0, 0x00007f58612625b0]

GC Heap History (4 events):
Event: 0.770 GC heap before
{Heap before GC invocations=1 (full 0):
 PSYoungGen      total 9728K, used 8704K [0x00000000fab00000, 0x00000000fb580000, 0x0000000100000000)
  eden space 8704K, 100% used [0x00000000fab00000,0x00000000fb380000,0x00000000fb380000)
  from space 1024K, 0% used [0x00000000fb480000,0x00000000fb480000,0x00000000fb580000)
  to   space 1024K, 0% used [0x00000000fb380000,0x00000000fb380000,0x00000000fb480000)
 ParOldGen       total 22016K, used 0K [0x00000000f0000000, 0x00000000f1580000, 0x00000000fab00000)
  object space 22016K, 0% used [0x00000000f0000000,0x00000000f0000000,0x00000000f1580000)
 Metaspace       used 12058K, capacity 12498K, committed 12672K, reserved 1060864K
  class space    used 1489K, capacity 1548K, committed 1664K, reserved 1048576K
Event: 0.772 GC heap after
Heap after GC invocations=1 (full 0):
 PSYoungGen      total 9728K, used 1016K [0x00000000fab00000, 0x00000000fb580000, 0x0000000100000000)
  eden space 8704K, 0% used [0x00000000fab00000,0x00000000fab00000,0x00000000fb380000)
  from space 1024K, 99% used [0x00000000fb380000,0x00000000fb47e248,0x00000000fb480000)
  to   space 1024K, 0% used [0x00000000fb480000,0x00000000fb480000,0x00000000fb580000)
 ParOldGen       total 22016K, used 175K [0x00000000f0000000, 0x00000000f1580000, 0x00000000fab00000)
  object space 22016K, 0% used [0x00000000f0000000,0x00000000f002be78,0x00000000f1580000)
 Metaspace       used 12058K, capacity 12498K, committed 12672K, reserved 1060864K
  class space    used 1489K, capacity 1548K, committed 1664K, reserved 1048576K
}
Event: 0.830 GC heap before
{Heap before GC invocations=2 (full 0):
 PSYoungGen      total 9728K, used 9720K [0x00000000fab00000, 0x00000000fb580000, 0x0000000100000000)
  eden space 8704K, 100% used [0x00000000fab00000,0x00000000fb380000,0x00000000fb380000)
  from space 1024K, 99% used [0x00000000fb380000,0x00000000fb47e248,0x00000000fb480000)
  to   space 1024K, 0% used [0x00000000fb480000,0x00000000fb480000,0x00000000fb580000)
 ParOldGen       total 22016K, used 175K [0x00000000f0000000, 0x00000000f1580000, 0x00000000fab00000)
  object space 22016K, 0% used [0x00000000f0000000,0x00000000f002be78,0x00000000f1580000)
 Metaspace       used 12640K, capacity 13190K, committed 13440K, reserved 1060864K
  class space    used 1568K, capacity 1654K, committed 1664K, reserved 1048576K
Event: 0.832 GC heap after
Heap after GC invocations=2 (full 0):
 PSYoungGen      total 9728K, used 1011K [0x00000000fab00000, 0x00000000fbe00000, 0x0000000100000000)
  eden space 8704K, 0% used [0x00000000fab00000,0x00000000fab00000,0x00000000fb380000)
  from space 1024K, 98% used [0x00000000fb480000,0x00000000fb57cf00,0x00000000fb580000)
  to   space 1024K, 0% used [0x00000000fb380000,0x00000000fb380000,0x00000000fb480000)
 ParOldGen       total 22016K, used 595K [0x00000000f0000000, 0x00000000f1580000, 0x00000000fab00000)
  object space 22016K, 2% used [0x00000000f0000000,0x00000000f0094c38,0x00000000f1580000)
 Metaspace       used 12640K, capacity 13190K, committed 13440K, reserved 1060864K
  class space    used 1568K, capacity 1654K, committed 1664K, reserved 1048576K
}

Deoptimization events (2 events):
Event: 0.467 Thread 0x00007f587000b800 Uncommon trap: reason=unstable_if action=reinterpret pc=0x00007f5861182bfc method=java.lang.String.indexOf(II)I @ 17
Event: 0.476 Thread 0x00007f587000b800 Uncommon trap: reason=null_check action=make_not_entrant pc=0x00007f5861182760 method=java.lang.String.equals(Ljava/lang/Object;)Z @ 8

Classes redefined (0 events):
No events

Internal exceptions (10 events):
Event: 0.800 Thread 0x00007f587000b800 Exception <a 'java/lang/NoSuchMethodError': java.lang.Object.$anonfun$envOrElse$1(Ljava/lang/String;)Ljava/lang/String;> (0x00000000fab87ed8) thrown at [/build/java8-openjdk/src/jdk8u-jdk8u212-b01/hotspot/src/share/vm/interpreter/linkResolver.cpp, line 62
Event: 0.801 Thread 0x00007f587000b800 Exception <a 'java/lang/NoSuchMethodError': java.lang.Object.$anonfun$envOrElse$2(Ljava/lang/String;)Ljava/lang/String;> (0x00000000fab8c210) thrown at [/build/java8-openjdk/src/jdk8u-jdk8u212-b01/hotspot/src/share/vm/interpreter/linkResolver.cpp, line 62
Event: 0.801 Thread 0x00007f587000b800 Exception <a 'java/lang/NoSuchMethodError': java.lang.Object.$anonfun$flatten$1(Lscala/Function1;Lscala/collection/mutable/Builder;Ljava/lang/Object;)Lscala/collection/mutable/Builder;> (0x00000000fab95088) thrown at [/build/java8-openjdk/src/jdk8u-jdk8u2
Event: 0.803 Thread 0x00007f587000b800 Exception <a 'java/lang/NoSuchMethodError': java.lang.Object.$anonfun$flatMap$1(Lscala/Function1;Lscala/collection/mutable/Builder;Ljava/lang/Object;)Lscala/collection/mutable/Builder;> (0x00000000faba0078) thrown at [/build/java8-openjdk/src/jdk8u-jdk8u2
Event: 0.812 Thread 0x00007f587000b800 Exception <a 'java/lang/NoSuchMethodError': java.lang.Object.$anonfun$tryClass$1(Lscala/reflect/internal/util/ScalaClassLoader;Ljava/lang/String;Z)Ljava/lang/Class;> (0x00000000fabc3a38) thrown at [/build/java8-openjdk/src/jdk8u-jdk8u212-b01/hotspot/src/s
Event: 0.822 Thread 0x00007f587000b800 Exception <a 'java/lang/NoSuchMethodError': java.lang.Object.$anonfun$isInfo$1$adapted(Lscala/tools/nsc/settings/MutableSettings$Setting;)Ljava/lang/Object;> (0x00000000fafaa628) thrown at [/build/java8-openjdk/src/jdk8u-jdk8u212-b01/hotspot/src/share/vm/
Event: 0.822 Thread 0x00007f587000b800 Exception <a 'java/lang/NoSuchMethodError': java.lang.Object.$anonfun$isInfo$2$adapted(Lscala/tools/nsc/settings/MutableSettings$Setting;)Ljava/lang/Object;> (0x00000000fafae6d0) thrown at [/build/java8-openjdk/src/jdk8u-jdk8u212-b01/hotspot/src/share/vm/
Event: 0.830 Thread 0x00007f587000b800 Exception <a 'java/lang/NoSuchMethodError': java.lang.Object.$anonfun$run$1(Ljava/lang/String;)Lscala/runtime/Nothing$;> (0x00000000fb37b7d0) thrown at [/build/java8-openjdk/src/jdk8u-jdk8u212-b01/hotspot/src/share/vm/interpreter/linkResolver.cpp, line 62
Event: 0.834 Thread 0x00007f587000b800 Exception <a 'java/lang/NoSuchMethodError': java.lang.Object.$anonfun$run$2(Lscala/collection/Seq;Ljava/lang/reflect/Method;)Ljava/lang/Object;> (0x00000000fab05c28) thrown at [/build/java8-openjdk/src/jdk8u-jdk8u212-b01/hotspot/src/share/vm/interpreter/l
Event: 0.836 Thread 0x00007f587000b800 Exception <a 'java/lang/NoSuchMethodError': java.lang.Object.$anonfun$main$1$adapted(Lscala/Function0;)Ljava/lang/Object;> (0x00000000fab12398) thrown at [/build/java8-openjdk/src/jdk8u-jdk8u212-b01/hotspot/src/share/vm/interpreter/linkResolver.cpp, line 

Events (10 events):
Event: 0.836 loading class scala/compat/Platform$
Event: 0.836 loading class scala/compat/Platform$ done
Event: 0.836 loading class Main$delayedInit$body
Event: 0.836 loading class Main$delayedInit$body done
Event: 0.836 loading class scala/runtime/AbstractFunction0
Event: 0.836 loading class scala/runtime/AbstractFunction0 done
Event: 0.837 loading class jni/Vector3
Event: 0.837 loading class jni/Vector3 done
Event: 0.837 loading class jni/GLWrapper
Event: 0.837 loading class jni/GLWrapper done


Dynamic libraries:
f0000000-f1580000 rw-p 00000000 00:00 0 
f1580000-fab00000 ---p 00000000 00:00 0 
fab00000-fbe00000 rw-p 00000000 00:00 0 
fbe00000-100000000 ---p 00000000 00:00 0 
100000000-1001a0000 rw-p 00000000 00:00 0 
1001a0000-140000000 ---p 00000000 00:00 0 
55d788dc4000-55d788dc5000 r--p 00000000 fe:00 4982129                    /usr/lib/jvm/java-8-openjdk/jre/bin/java
55d788dc5000-55d788dc6000 r-xp 00001000 fe:00 4982129                    /usr/lib/jvm/java-8-openjdk/jre/bin/java
55d788dc6000-55d788dc7000 r--p 00002000 fe:00 4982129                    /usr/lib/jvm/java-8-openjdk/jre/bin/java
55d788dc7000-55d788dc8000 r--p 00002000 fe:00 4982129                    /usr/lib/jvm/java-8-openjdk/jre/bin/java
55d788dc8000-55d788dc9000 rw-p 00003000 fe:00 4982129                    /usr/lib/jvm/java-8-openjdk/jre/bin/java
55d789ccd000-55d789cee000 rw-p 00000000 00:00 0                          [heap]
7f5824000000-7f5824021000 rw-p 00000000 00:00 0 
7f5824021000-7f5828000000 ---p 00000000 00:00 0 
7f582c000000-7f582c079000 rw-p 00000000 00:00 0 
7f582c079000-7f5830000000 ---p 00000000 00:00 0 
7f5830000000-7f5830021000 rw-p 00000000 00:00 0 
7f5830021000-7f5834000000 ---p 00000000 00:00 0 
7f5834000000-7f583408b000 rw-p 00000000 00:00 0 
7f583408b000-7f5838000000 ---p 00000000 00:00 0 
7f5838000000-7f58380b7000 rw-p 00000000 00:00 0 
7f58380b7000-7f583c000000 ---p 00000000 00:00 0 
7f583c000000-7f583c021000 rw-p 00000000 00:00 0 
7f583c021000-7f5840000000 ---p 00000000 00:00 0 
7f5840000000-7f5840021000 rw-p 00000000 00:00 0 
7f5840021000-7f5844000000 ---p 00000000 00:00 0 
7f5844000000-7f5844021000 rw-p 00000000 00:00 0 
7f5844021000-7f5848000000 ---p 00000000 00:00 0 
7f5848000000-7f5848021000 rw-p 00000000 00:00 0 
7f5848021000-7f584c000000 ---p 00000000 00:00 0 
7f584c000000-7f584c021000 rw-p 00000000 00:00 0 
7f584c021000-7f5850000000 ---p 00000000 00:00 0 
7f5850000000-7f5850021000 rw-p 00000000 00:00 0 
7f5850021000-7f5854000000 ---p 00000000 00:00 0 
7f5854000000-7f5854021000 rw-p 00000000 00:00 0 
7f5854021000-7f5858000000 ---p 00000000 00:00 0 
7f5858a64000-7f5858a69000 r-xp 00000000 fe:00 4069026                    /usr/lib/libXfixes.so.3.1.0
7f5858a69000-7f5858c68000 ---p 00005000 fe:00 4069026                    /usr/lib/libXfixes.so.3.1.0
7f5858c68000-7f5858c69000 r--p 00004000 fe:00 4069026                    /usr/lib/libXfixes.so.3.1.0
7f5858c69000-7f5858c6a000 rw-p 00005000 fe:00 4069026                    /usr/lib/libXfixes.so.3.1.0
7f5858c6a000-7f5858cf3000 r--p 00000000 fe:00 4069301                    /usr/lib/libstdc++.so.6.0.25
7f5858cf3000-7f5858dab000 r-xp 00089000 fe:00 4069301                    /usr/lib/libstdc++.so.6.0.25
7f5858dab000-7f5858de8000 r--p 00141000 fe:00 4069301                    /usr/lib/libstdc++.so.6.0.25
7f5858de8000-7f5858de9000 ---p 0017e000 fe:00 4069301                    /usr/lib/libstdc++.so.6.0.25
7f5858de9000-7f5858df5000 r--p 0017e000 fe:00 4069301                    /usr/lib/libstdc++.so.6.0.25
7f5858df5000-7f5858df6000 rw-p 0018a000 fe:00 4069301                    /usr/lib/libstdc++.so.6.0.25
7f5858df6000-7f5858df9000 rw-p 00000000 00:00 0 
7f5858df9000-7f5858dfd000 r-xp 00000000 fe:00 4069027                    /usr/lib/libXxf86vm.so.1.0.0
7f5858dfd000-7f5858ffd000 ---p 00004000 fe:00 4069027                    /usr/lib/libXxf86vm.so.1.0.0
7f5858ffd000-7f5858ffe000 r--p 00004000 fe:00 4069027                    /usr/lib/libXxf86vm.so.1.0.0
7f5858ffe000-7f5858fff000 rw-p 00005000 fe:00 4069027                    /usr/lib/libXxf86vm.so.1.0.0
7f5858fff000-7f585c000000 rw-p 00000000 00:00 0 
7f585c000000-7f585c021000 rw-p 00000000 00:00 0 
7f585c021000-7f5860000000 ---p 00000000 00:00 0 
7f586012c000-7f586012e000 r--p 00000000 fe:00 4073249                    /usr/lib/libXdmcp.so.6.0.0
7f586012e000-7f5860130000 r-xp 00002000 fe:00 4073249                    /usr/lib/libXdmcp.so.6.0.0
7f5860130000-7f5860132000 r--p 00004000 fe:00 4073249                    /usr/lib/libXdmcp.so.6.0.0
7f5860132000-7f5860133000 r--p 00005000 fe:00 4073249                    /usr/lib/libXdmcp.so.6.0.0
7f5860133000-7f5860134000 rw-p 00006000 fe:00 4073249                    /usr/lib/libXdmcp.so.6.0.0
7f5860134000-7f5860138000 r--p 00000000 fe:00 4073250                    /usr/lib/libXext.so.6.4.0
7f5860138000-7f5860143000 r-xp 00004000 fe:00 4073250                    /usr/lib/libXext.so.6.4.0
7f5860143000-7f5860147000 r--p 0000f000 fe:00 4073250                    /usr/lib/libXext.so.6.4.0
7f5860147000-7f5860148000 r--p 00012000 fe:00 4073250                    /usr/lib/libXext.so.6.4.0
7f5860148000-7f5860149000 rw-p 00013000 fe:00 4073250                    /usr/lib/libXext.so.6.4.0
7f5860149000-7f5860155000 r--p 00000000 fe:00 4073236                    /usr/lib/libxcb.so.1.1.0
7f5860155000-7f5860168000 r-xp 0000c000 fe:00 4073236                    /usr/lib/libxcb.so.1.1.0
7f5860168000-7f5860171000 r--p 0001f000 fe:00 4073236                    /usr/lib/libxcb.so.1.1.0
7f5860171000-7f5860172000 r--p 00027000 fe:00 4073236                    /usr/lib/libxcb.so.1.1.0
7f5860172000-7f5860173000 rw-p 00028000 fe:00 4073236                    /usr/lib/libxcb.so.1.1.0
7f5860173000-7f5860176000 r--p 00000000 fe:00 4067439                    /usr/lib/libgcc_s.so.1
7f5860176000-7f5860187000 r-xp 00003000 fe:00 4067439                    /usr/lib/libgcc_s.so.1
7f5860187000-7f586018a000 r--p 00014000 fe:00 4067439                    /usr/lib/libgcc_s.so.1
7f586018a000-7f586018b000 ---p 00017000 fe:00 4067439                    /usr/lib/libgcc_s.so.1
7f586018b000-7f586018c000 r--p 00017000 fe:00 4067439                    /usr/lib/libgcc_s.so.1
7f586018c000-7f586018d000 rw-p 00018000 fe:00 4067439                    /usr/lib/libgcc_s.so.1
7f586018d000-7f586018f000 r-xp 00000000 fe:00 4077494                    /usr/lib/libXinerama.so.1.0.0
7f586018f000-7f586038e000 ---p 00002000 fe:00 4077494                    /usr/lib/libXinerama.so.1.0.0
7f586038e000-7f586038f000 r--p 00001000 fe:00 4077494                    /usr/lib/libXinerama.so.1.0.0
7f586038f000-7f5860390000 rw-p 00002000 fe:00 4077494                    /usr/lib/libXinerama.so.1.0.0
7f5860390000-7f58603ac000 r--p 00000000 fe:00 4079815                    /usr/lib/libX11.so.6.3.0
7f58603ac000-7f5860434000 r-xp 0001c000 fe:00 4079815                    /usr/lib/libX11.so.6.3.0
7f5860434000-7f58604c8000 r--p 000a4000 fe:00 4079815                    /usr/lib/libX11.so.6.3.0
7f58604c8000-7f58604cb000 r--p 00137000 fe:00 4079815                    /usr/lib/libX11.so.6.3.0
7f58604cb000-7f58604cf000 rw-p 0013a000 fe:00 4079815                    /usr/lib/libX11.so.6.3.0
7f5860520000-7f586053f000 r--p 00000000 fe:00 414966                     /home/joseph/Documents/Programming/Graphics/OpenGLProject/cmake-build-debug/libOpenGLProject.so
7f586053f000-7f586057f000 r-xp 0001f000 fe:00 414966                     /home/joseph/Documents/Programming/Graphics/OpenGLProject/cmake-build-debug/libOpenGLProject.so
7f586057f000-7f5860591000 r--p 0005f000 fe:00 414966                     /home/joseph/Documents/Programming/Graphics/OpenGLProject/cmake-build-debug/libOpenGLProject.so
7f5860591000-7f5860592000 ---p 00071000 fe:00 414966                     /home/joseph/Documents/Programming/Graphics/OpenGLProject/cmake-build-debug/libOpenGLProject.so
7f5860592000-7f5860594000 r--p 00071000 fe:00 414966                     /home/joseph/Documents/Programming/Graphics/OpenGLProject/cmake-build-debug/libOpenGLProject.so
7f5860594000-7f5860596000 rw-p 00073000 fe:00 414966                     /home/joseph/Documents/Programming/Graphics/OpenGLProject/cmake-build-debug/libOpenGLProject.so
7f5860596000-7f5860718000 rw-p 00000000 00:00 0 
7f5860718000-7f5860798000 ---p 00000000 00:00 0 
7f5860798000-7f5860998000 rw-p 00000000 00:00 0 
7f586099a000-7f586099b000 r--p 00000000 fe:00 4073222                    /usr/lib/libXau.so.6.0.0
7f586099b000-7f586099c000 r-xp 00001000 fe:00 4073222                    /usr/lib/libXau.so.6.0.0
7f586099c000-7f586099d000 r--p 00002000 fe:00 4073222                    /usr/lib/libXau.so.6.0.0
7f586099d000-7f586099e000 r--p 00002000 fe:00 4073222                    /usr/lib/libXau.so.6.0.0
7f586099e000-7f586099f000 rw-p 00003000 fe:00 4073222                    /usr/lib/libXau.so.6.0.0
7f586099f000-7f58609a1000 r--p 00000000 fe:00 4078939                    /usr/lib/libXrender.so.1.3.0
7f58609a1000-7f58609a8000 r-xp 00002000 fe:00 4078939                    /usr/lib/libXrender.so.1.3.0
7f58609a8000-7f58609aa000 r--p 00009000 fe:00 4078939                    /usr/lib/libXrender.so.1.3.0
7f58609aa000-7f58609ab000 r--p 0000a000 fe:00 4078939                    /usr/lib/libXrender.so.1.3.0
7f58609ab000-7f58609ac000 rw-p 0000b000 fe:00 4078939                    /usr/lib/libXrender.so.1.3.0
7f58609ac000-7f58609af000 r--p 00000000 fe:00 4078917                    /usr/lib/libXcursor.so.1.0.2
7f58609af000-7f58609b4000 r-xp 00003000 fe:00 4078917                    /usr/lib/libXcursor.so.1.0.2
7f58609b4000-7f58609b6000 r--p 00008000 fe:00 4078917                    /usr/lib/libXcursor.so.1.0.2
7f58609b6000-7f58609b7000 r--p 00009000 fe:00 4078917                    /usr/lib/libXcursor.so.1.0.2
7f58609b7000-7f58609b8000 rw-p 0000a000 fe:00 4078917                    /usr/lib/libXcursor.so.1.0.2
7f58609b8000-7f58609ba000 r--p 00000000 fe:00 4078938                    /usr/lib/libXrandr.so.2.2.0
7f58609ba000-7f58609c1000 r-xp 00002000 fe:00 4078938                    /usr/lib/libXrandr.so.2.2.0
7f58609c1000-7f58609c3000 r--p 00009000 fe:00 4078938                    /usr/lib/libXrandr.so.2.2.0
7f58609c3000-7f58609c4000 r--p 0000a000 fe:00 4078938                    /usr/lib/libXrandr.so.2.2.0
7f58609c4000-7f58609c5000 rw-p 0000b000 fe:00 4078938                    /usr/lib/libXrandr.so.2.2.0
7f58609c5000-7f58609ca000 r--p 00000000 fe:00 4983049                    /usr/lib/jvm/java-8-openjdk/jre/lib/amd64/libnet.so
7f58609ca000-7f58609d9000 r-xp 00005000 fe:00 4983049                    /usr/lib/jvm/java-8-openjdk/jre/lib/amd64/libnet.so
7f58609d9000-7f58609dd000 r--p 00014000 fe:00 4983049                    /usr/lib/jvm/java-8-openjdk/jre/lib/amd64/libnet.so
7f58609dd000-7f58609de000 r--p 00017000 fe:00 4983049                    /usr/lib/jvm/java-8-openjdk/jre/lib/amd64/libnet.so
7f58609de000-7f58609df000 rw-p 00018000 fe:00 4983049                    /usr/lib/jvm/java-8-openjdk/jre/lib/amd64/libnet.so
7f58609df000-7f58609e6000 r--p 00000000 fe:00 4983050                    /usr/lib/jvm/java-8-openjdk/jre/lib/amd64/libnio.so
7f58609e6000-7f58609ee000 r-xp 00007000 fe:00 4983050                    /usr/lib/jvm/java-8-openjdk/jre/lib/amd64/libnio.so
7f58609ee000-7f58609f1000 r--p 0000f000 fe:00 4983050                    /usr/lib/jvm/java-8-openjdk/jre/lib/amd64/libnio.so
7f58609f1000-7f58609f2000 ---p 00012000 fe:00 4983050                    /usr/lib/jvm/java-8-openjdk/jre/lib/amd64/libnio.so
7f58609f2000-7f58609f3000 r--p 00012000 fe:00 4983050                    /usr/lib/jvm/java-8-openjdk/jre/lib/amd64/libnio.so
7f58609f3000-7f58609f4000 rw-p 00013000 fe:00 4983050                    /usr/lib/jvm/java-8-openjdk/jre/lib/amd64/libnio.so
7f58609f4000-7f58609f5000 ---p 00000000 00:00 0 
7f58609f5000-7f5860af5000 rw-p 00000000 00:00 0 
7f5860af5000-7f5860afb000 r--s 00080000 fe:00 4072599                    /usr/share/scala/lib/scala-xml_2.12-1.0.6.jar
7f5860afb000-7f5860afe000 ---p 00000000 00:00 0 
7f5860afe000-7f5860bfc000 rw-p 00000000 00:00 0 
7f5860bfc000-7f5860bfd000 ---p 00000000 00:00 0 
7f5860bfd000-7f5860c00000 ---p 00000000 00:00 0 
7f5860c00000-7f5860cfd000 rw-p 00000000 00:00 0 
7f5860cfd000-7f5860cfe000 ---p 00000000 00:00 0 
7f5860cfe000-7f5860d01000 ---p 00000000 00:00 0 
7f5860d01000-7f5860dfe000 rw-p 00000000 00:00 0 
7f5860dfe000-7f5860dff000 ---p 00000000 00:00 0 
7f5860dff000-7f5860e02000 ---p 00000000 00:00 0 
7f5860e02000-7f5860eff000 rw-p 00000000 00:00 0 
7f5860eff000-7f5860f02000 ---p 00000000 00:00 0 
7f5860f02000-7f5861000000 rw-p 00000000 00:00 0 
7f5861000000-7f5861280000 rwxp 00000000 00:00 0 
7f5861280000-7f5870000000 ---p 00000000 00:00 0 
7f5870000000-7f58714e3000 rw-p 00000000 00:00 0 
7f58714e3000-7f5874000000 ---p 00000000 00:00 0 
7f5874001000-7f587400a000 r--s 000ab000 fe:00 4072582                    /usr/share/scala/lib/scala-swing_2.12-2.0.3.jar
7f587400a000-7f587402d000 r--s 00347000 fe:00 4071644                    /usr/share/scala/lib/scala-reflect.jar
7f587402d000-7f5874065000 r--s 004bf000 fe:00 4069441                    /usr/share/scala/lib/scala-library.jar
7f5874065000-7f58740b4000 r--s 00967000 fe:00 4069435                    /usr/share/scala/lib/scala-compiler.jar
7f58740b4000-7f587439a000 r--p 00000000 fe:00 4078801                    /usr/lib/locale/locale-archive
7f587439a000-7f587439d000 ---p 00000000 00:00 0 
7f587439d000-7f587449b000 rw-p 00000000 00:00 0 
7f587449b000-7f587449e000 ---p 00000000 00:00 0 
7f587449e000-7f587459c000 rw-p 00000000 00:00 0 
7f587459c000-7f587459d000 ---p 00000000 00:00 0 
7f587459d000-7f587569f000 rw-p 00000000 00:00 0 
7f587569f000-7f587586f000 r--s 03c3a000 fe:00 4983165                    /usr/lib/jvm/java-8-openjdk/jre/lib/rt.jar
7f587586f000-7f58769c0000 rw-p 00000000 00:00 0 
7f58769c0000-7f58769c1000 ---p 00000000 00:00 0 
7f58769c1000-7f5876ac1000 rw-p 00000000 00:00 0 
7f5876ac1000-7f5876ac2000 ---p 00000000 00:00 0 
7f5876ac2000-7f5876bc2000 rw-p 00000000 00:00 0 
7f5876bc2000-7f5876bc3000 ---p 00000000 00:00 0 
7f5876bc3000-7f5876cc3000 rw-p 00000000 00:00 0 
7f5876cc3000-7f5876cc4000 ---p 00000000 00:00 0 
7f5876cc4000-7f5876dcf000 rw-p 00000000 00:00 0 
7f5876dcf000-7f5876e1a000 ---p 00000000 00:00 0 
7f5876e1a000-7f5876e25000 rw-p 00000000 00:00 0 
7f5876e25000-7f5876e6f000 ---p 00000000 00:00 0 
7f5876e6f000-7f5876e79000 rw-p 00000000 00:00 0 
7f5876e79000-7f5876e9a000 ---p 00000000 00:00 0 
7f5876e9a000-7f5876ea5000 rw-p 00000000 00:00 0 
7f5876ea5000-7f587725b000 ---p 00000000 00:00 0 
7f587725b000-7f587725e000 r--p 00000000 fe:00 4071892                    /usr/lib/libnss_files-2.28.so
7f587725e000-7f5877265000 r-xp 00003000 fe:00 4071892                    /usr/lib/libnss_files-2.28.so
7f5877265000-7f5877268000 r--p 0000a000 fe:00 4071892                    /usr/lib/libnss_files-2.28.so
7f5877268000-7f5877269000 r--p 0000c000 fe:00 4071892                    /usr/lib/libnss_files-2.28.so
7f5877269000-7f587726a000 rw-p 0000d000 fe:00 4071892                    /usr/lib/libnss_files-2.28.so
7f587726a000-7f5877270000 rw-p 00000000 00:00 0 
7f5877272000-7f5877274000 r--s 00006000 fe:00 4072524                    /usr/share/scala/lib/scala-repl-jline.jar
7f5877274000-7f5877279000 r--s 00041000 fe:00 4071912                    /usr/share/scala/lib/scala-repl-jline-embedded.jar
7f5877279000-7f587727f000 r--s 00077000 fe:00 4072603                    /usr/share/scala/lib/scalap.jar
7f587727f000-7f587728a000 r--s 001d6000 fe:00 4069275                    /usr/share/scala/lib/scala-compiler-doc.jar
7f587728a000-7f587728e000 r--s 0003e000 fe:00 4069189                    /usr/share/scala/lib/jline.jar
7f587728e000-7f58772b6000 rw-p 00000000 00:00 0 
7f58772b6000-7f58772b9000 r--p 00000000 fe:00 4983099                    /usr/lib/jvm/java-8-openjdk/jre/lib/amd64/libzip.so
7f58772b9000-7f58772bd000 r-xp 00003000 fe:00 4983099                    /usr/lib/jvm/java-8-openjdk/jre/lib/amd64/libzip.so
7f58772bd000-7f58772bf000 r--p 00007000 fe:00 4983099                    /usr/lib/jvm/java-8-openjdk/jre/lib/amd64/libzip.so
7f58772bf000-7f58772c0000 r--p 00008000 fe:00 4983099                    /usr/lib/jvm/java-8-openjdk/jre/lib/amd64/libzip.so
7f58772c0000-7f58772c1000 rw-p 00009000 fe:00 4983099                    /usr/lib/jvm/java-8-openjdk/jre/lib/amd64/libzip.so
7f58772c1000-7f58772c3000 r--p 00000000 fe:00 4078347                    /usr/lib/librt-2.28.so
7f58772c3000-7f58772c7000 r-xp 00002000 fe:00 4078347                    /usr/lib/librt-2.28.so
7f58772c7000-7f58772c9000 r--p 00006000 fe:00 4078347                    /usr/lib/librt-2.28.so
7f58772c9000-7f58772ca000 r--p 00007000 fe:00 4078347                    /usr/lib/librt-2.28.so
7f58772ca000-7f58772cb000 rw-p 00008000 fe:00 4078347                    /usr/lib/librt-2.28.so
7f58772cb000-7f58772cc000 ---p 00000000 00:00 0 
7f58772cc000-7f58772cf000 ---p 00000000 00:00 0 
7f58772cf000-7f58773cc000 rw-p 00000000 00:00 0 
7f58773cc000-7f58773d9000 r--p 00000000 fe:00 4071870                    /usr/lib/libm-2.28.so
7f58773d9000-7f587747a000 r-xp 0000d000 fe:00 4071870                    /usr/lib/libm-2.28.so
7f587747a000-7f587754f000 r--p 000ae000 fe:00 4071870                    /usr/lib/libm-2.28.so
7f587754f000-7f5877550000 r--p 00182000 fe:00 4071870                    /usr/lib/libm-2.28.so
7f5877550000-7f5877551000 rw-p 00183000 fe:00 4071870                    /usr/lib/libm-2.28.so
7f5877551000-7f5877742000 r--p 00000000 fe:00 4983102                    /usr/lib/jvm/java-8-openjdk/jre/lib/amd64/server/libjvm.so
7f5877742000-7f5877fb5000 r-xp 001f1000 fe:00 4983102                    /usr/lib/jvm/java-8-openjdk/jre/lib/amd64/server/libjvm.so
7f5877fb5000-7f5878155000 r--p 00a64000 fe:00 4983102                    /usr/lib/jvm/java-8-openjdk/jre/lib/amd64/server/libjvm.so
7f5878155000-7f5878156000 ---p 00c04000 fe:00 4983102                    /usr/lib/jvm/java-8-openjdk/jre/lib/amd64/server/libjvm.so
7f5878156000-7f58781eb000 r--p 00c04000 fe:00 4983102                    /usr/lib/jvm/java-8-openjdk/jre/lib/amd64/server/libjvm.so
7f58781eb000-7f5878213000 rw-p 00c99000 fe:00 4983102                    /usr/lib/jvm/java-8-openjdk/jre/lib/amd64/server/libjvm.so
7f5878213000-7f5878245000 rw-p 00000000 00:00 0 
7f5878245000-7f587824b000 r--p 00000000 fe:00 4071899                    /usr/lib/libpthread-2.28.so
7f587824b000-7f587825a000 r-xp 00006000 fe:00 4071899                    /usr/lib/libpthread-2.28.so
7f587825a000-7f5878260000 r--p 00015000 fe:00 4071899                    /usr/lib/libpthread-2.28.so
7f5878260000-7f5878261000 r--p 0001a000 fe:00 4071899                    /usr/lib/libpthread-2.28.so
7f5878261000-7f5878262000 rw-p 0001b000 fe:00 4071899                    /usr/lib/libpthread-2.28.so
7f5878262000-7f5878266000 rw-p 00000000 00:00 0 
7f5878266000-7f5878267000 r--p 00000000 fe:00 4071864                    /usr/lib/libdl-2.28.so
7f5878267000-7f5878268000 r-xp 00001000 fe:00 4071864                    /usr/lib/libdl-2.28.so
7f5878268000-7f5878269000 r--p 00002000 fe:00 4071864                    /usr/lib/libdl-2.28.so
7f5878269000-7f587826a000 r--p 00002000 fe:00 4071864                    /usr/lib/libdl-2.28.so
7f587826a000-7f587826b000 rw-p 00003000 fe:00 4071864                    /usr/lib/libdl-2.28.so
7f587826b000-7f5878281000 r-xp 00000000 fe:00 4069349                    /usr/lib/libz.so.1.2.11
7f5878281000-7f5878480000 ---p 00016000 fe:00 4069349                    /usr/lib/libz.so.1.2.11
7f5878480000-7f5878481000 r--p 00015000 fe:00 4069349                    /usr/lib/libz.so.1.2.11
7f5878481000-7f5878482000 rw-p 00016000 fe:00 4069349                    /usr/lib/libz.so.1.2.11
7f5878482000-7f58784a4000 r--p 00000000 fe:00 4071855                    /usr/lib/libc-2.28.so
7f58784a4000-7f58785ef000 r-xp 00022000 fe:00 4071855                    /usr/lib/libc-2.28.so
7f58785ef000-7f587863b000 r--p 0016d000 fe:00 4071855                    /usr/lib/libc-2.28.so
7f587863b000-7f587863c000 ---p 001b9000 fe:00 4071855                    /usr/lib/libc-2.28.so
7f587863c000-7f5878640000 r--p 001b9000 fe:00 4071855                    /usr/lib/libc-2.28.so
7f5878640000-7f5878642000 rw-p 001bd000 fe:00 4071855                    /usr/lib/libc-2.28.so
7f5878642000-7f5878646000 rw-p 00000000 00:00 0 
7f5878647000-7f587864c000 rw-p 00000000 00:00 0 
7f587864c000-7f5878654000 rw-s 00000000 00:2c 45                         /tmp/hsperfdata_joseph/30295
7f5878654000-7f5878655000 rw-p 00000000 00:00 0 
7f5878655000-7f5878656000 r--p 00000000 00:00 0 
7f5878656000-7f5878663000 r--p 00000000 fe:00 4983038                    /usr/lib/jvm/java-8-openjdk/jre/lib/amd64/libjava.so
7f5878663000-7f587867b000 r-xp 0000d000 fe:00 4983038                    /usr/lib/jvm/java-8-openjdk/jre/lib/amd64/libjava.so
7f587867b000-7f5878682000 r--p 00025000 fe:00 4983038                    /usr/lib/jvm/java-8-openjdk/jre/lib/amd64/libjava.so
7f5878682000-7f5878683000 ---p 0002c000 fe:00 4983038                    /usr/lib/jvm/java-8-openjdk/jre/lib/amd64/libjava.so
7f5878683000-7f5878684000 r--p 0002c000 fe:00 4983038                    /usr/lib/jvm/java-8-openjdk/jre/lib/amd64/libjava.so
7f5878684000-7f5878685000 rw-p 0002d000 fe:00 4983038                    /usr/lib/jvm/java-8-openjdk/jre/lib/amd64/libjava.so
7f5878685000-7f5878686000 rw-p 00000000 00:00 0 
7f5878686000-7f587868b000 r--p 00000000 fe:00 4983098                    /usr/lib/jvm/java-8-openjdk/jre/lib/amd64/libverify.so
7f587868b000-7f5878692000 r-xp 00005000 fe:00 4983098                    /usr/lib/jvm/java-8-openjdk/jre/lib/amd64/libverify.so
7f5878692000-7f5878694000 r--p 0000c000 fe:00 4983098                    /usr/lib/jvm/java-8-openjdk/jre/lib/amd64/libverify.so
7f5878694000-7f5878696000 r--p 0000d000 fe:00 4983098                    /usr/lib/jvm/java-8-openjdk/jre/lib/amd64/libverify.so
7f5878696000-7f5878697000 rw-p 0000f000 fe:00 4983098                    /usr/lib/jvm/java-8-openjdk/jre/lib/amd64/libverify.so
7f5878697000-7f5878699000 r--p 00000000 fe:00 4982149                    /usr/lib/jvm/java-8-openjdk/jre/lib/amd64/jli/libjli.so
7f5878699000-7f58786a2000 r-xp 00002000 fe:00 4982149                    /usr/lib/jvm/java-8-openjdk/jre/lib/amd64/jli/libjli.so
7f58786a2000-7f58786a5000 r--p 0000b000 fe:00 4982149                    /usr/lib/jvm/java-8-openjdk/jre/lib/amd64/jli/libjli.so
7f58786a5000-7f58786a6000 r--p 0000d000 fe:00 4982149                    /usr/lib/jvm/java-8-openjdk/jre/lib/amd64/jli/libjli.so
7f58786a6000-7f58786a7000 rw-p 0000e000 fe:00 4982149                    /usr/lib/jvm/java-8-openjdk/jre/lib/amd64/jli/libjli.so
7f58786a7000-7f58786a9000 rw-p 00000000 00:00 0 
7f58786a9000-7f58786ab000 r--p 00000000 fe:00 4071843                    /usr/lib/ld-2.28.so
7f58786ab000-7f58786ca000 r-xp 00002000 fe:00 4071843                    /usr/lib/ld-2.28.so
7f58786ca000-7f58786d2000 r--p 00021000 fe:00 4071843                    /usr/lib/ld-2.28.so
7f58786d2000-7f58786d3000 r--p 00028000 fe:00 4071843                    /usr/lib/ld-2.28.so
7f58786d3000-7f58786d4000 rw-p 00029000 fe:00 4071843                    /usr/lib/ld-2.28.so
7f58786d4000-7f58786d5000 rw-p 00000000 00:00 0 
7ffe6c596000-7ffe6c5b7000 rw-p 00000000 00:00 0                          [stack]
7ffe6c5ce000-7ffe6c5d1000 r--p 00000000 00:00 0                          [vvar]
7ffe6c5d1000-7ffe6c5d3000 r-xp 00000000 00:00 0                          [vdso]
ffffffffff600000-ffffffffff601000 r-xp 00000000 00:00 0                  [vsyscall]

VM Arguments:
jvm_args: -Xmx256M -Xms32M -Xbootclasspath/a:/usr/share/scala/lib/jline.jar:/usr/share/scala/lib/scala-compiler-doc.jar:/usr/share/scala/lib/scala-compiler.jar:/usr/share/scala/lib/scala-library.jar:/usr/share/scala/lib/scalap.jar:/usr/share/scala/lib/scala-reflect.jar:/usr/share/scala/lib/scala-repl-jline-embedded.jar:/usr/share/scala/lib/scala-repl-jline.jar:/usr/share/scala/lib/scala-swing_2.12-2.0.3.jar:/usr/share/scala/lib/scala-xml_2.12-1.0.6.jar -Dscala.boot.class.path=/usr/share/scala/lib/jline.jar:/usr/share/scala/lib/scala-compiler-doc.jar:/usr/share/scala/lib/scala-compiler.jar:/usr/share/scala/lib/scala-library.jar:/usr/share/scala/lib/scalap.jar:/usr/share/scala/lib/scala-reflect.jar:/usr/share/scala/lib/scala-repl-jline-embedded.jar:/usr/share/scala/lib/scala-repl-jline.jar:/usr/share/scala/lib/scala-swing_2.12-2.0.3.jar:/usr/share/scala/lib/scala-xml_2.12-1.0.6.jar -Dscala.home=/usr/share/scala -Dscala.usejavacp=true 
java_command: scala.tools.nsc.MainGenericRunner Main
java_class_path (initial): ""
Launcher Type: SUN_STANDARD

Environment Variables:
PATH=/opt/java/jdk-11.0.2/bin:/usr/local/sbin:/usr/local/bin:/usr/bin:/opt/android-sdk/platform-tools:/opt/android-sdk/tools:/opt/android-sdk/tools/bin:/var/lib/flatpak/exports/bin:/usr/lib/jvm/default/bin:/usr/bin/site_perl:/usr/bin/vendor_perl:/usr/bin/core_perl
SHELL=/usr/bin/fish
DISPLAY=:0

Signal Handlers:
SIGSEGV: [libjvm.so+0xa32bd0], sa_mask[0]=11111111011111111101111111111110, sa_flags=SA_RESTART|SA_SIGINFO
SIGBUS: [libjvm.so+0xa32bd0], sa_mask[0]=11111111011111111101111111111110, sa_flags=SA_RESTART|SA_SIGINFO
SIGFPE: [libjvm.so+0x88ebd0], sa_mask[0]=11111111011111111101111111111110, sa_flags=SA_RESTART|SA_SIGINFO
SIGPIPE: [libjvm.so+0x88ebd0], sa_mask[0]=11111111011111111101111111111110, sa_flags=SA_RESTART|SA_SIGINFO
SIGXFSZ: [libjvm.so+0x88ebd0], sa_mask[0]=11111111011111111101111111111110, sa_flags=SA_RESTART|SA_SIGINFO
SIGILL: [libjvm.so+0x88ebd0], sa_mask[0]=11111111011111111101111111111110, sa_flags=SA_RESTART|SA_SIGINFO
SIGUSR1: SIG_DFL, sa_mask[0]=00000000000000000000000000000000, sa_flags=none
SIGUSR2: [libjvm.so+0x88ea60], sa_mask[0]=00100000000000000000000000000000, sa_flags=SA_RESTART|SA_SIGINFO
SIGHUP: [libjvm.so+0x88ee70], sa_mask[0]=11111111011111111101111111111110, sa_flags=SA_RESTART|SA_SIGINFO
SIGINT: [libjvm.so+0x88ee70], sa_mask[0]=11111111011111111101111111111110, sa_flags=SA_RESTART|SA_SIGINFO
SIGTERM: [libjvm.so+0x88ee70], sa_mask[0]=11111111011111111101111111111110, sa_flags=SA_RESTART|SA_SIGINFO
SIGQUIT: [libjvm.so+0x88ee70], sa_mask[0]=11111111011111111101111111111110, sa_flags=SA_RESTART|SA_SIGINFO


---------------  S Y S T E M  ---------------

OS:DISTRIB_ID=ManjaroLinux
DISTRIB_RELEASE=18.0.4
DISTRIB_CODENAME=Illyria
DISTRIB_DESCRIPTION="Manjaro Linux"

uname:Linux 4.14.109-1-MANJARO #1 SMP PREEMPT Wed Mar 27 18:51:38 UTC 2019 x86_64
libc:glibc 2.28 NPTL 2.28 
rlimit: STACK 8192k, CORE infinity, NPROC 30719, NOFILE 1048576, AS infinity
load average:3.66 3.13 2.22

/proc/meminfo:
MemTotal:        8109572 kB
MemFree:          160572 kB
MemAvailable:     292712 kB
Buffers:           16780 kB
Cached:           598936 kB
SwapCached:       269500 kB
Active:          6295464 kB
Inactive:        1095316 kB
Active(anon):    6147432 kB
Inactive(anon):   925272 kB
Active(file):     148032 kB
Inactive(file):   170044 kB
Unevictable:          48 kB
Mlocked:              48 kB
SwapTotal:       8290300 kB
SwapFree:        5967356 kB
Dirty:              2624 kB
Writeback:             0 kB
AnonPages:       6702776 kB
Mapped:           644920 kB
Shmem:            297620 kB
Slab:             173576 kB
SReclaimable:      66516 kB
SUnreclaim:       107060 kB
KernelStack:       16672 kB
PageTables:        54824 kB
NFS_Unstable:          0 kB
Bounce:                0 kB
WritebackTmp:          0 kB
CommitLimit:    12345084 kB
Committed_AS:   14388424 kB
VmallocTotal:   34359738367 kB
VmallocUsed:           0 kB
VmallocChunk:          0 kB
HardwareCorrupted:     0 kB
AnonHugePages:   2357248 kB
ShmemHugePages:        0 kB
ShmemPmdMapped:        0 kB
HugePages_Total:       0
HugePages_Free:        0
HugePages_Rsvd:        0
HugePages_Surp:        0
Hugepagesize:       2048 kB
DirectMap4k:      670628 kB
DirectMap2M:     7655424 kB
DirectMap1G:     1048576 kB

container (cgroup) information:
container_type: cgroupv1
cpu_cpuset_cpus: 0-3
cpu_memory_nodes: 0
active_processor_count: 4
cpu_quota: -1
cpu_period: 100000
cpu_shares: -1
memory_limit_in_bytes: -1
memory_and_swap_limit_in_bytes: -1
memory_soft_limit_in_bytes: -1
memory_usage_in_bytes: 7549837312
memory_max_usage_in_bytes: 7636320256


CPU:total 4 (initial active 4) (2 cores per cpu, 2 threads per core) family 6 model 60 stepping 3, cmov, cx8, fxsr, mmx, sse, sse2, sse3, ssse3, sse4.1, sse4.2, popcnt, avx, avx2, aes, clmul, erms, lzcnt, ht, tsc, tscinvbit, bmi1, bmi2

/proc/cpuinfo:
processor	: 0
vendor_id	: GenuineIntel
cpu family	: 6
model		: 60
model name	: Intel(R) Core(TM) i3-4130 CPU @ 3.40GHz
stepping	: 3
microcode	: 0x25
cpu MHz		: 2480.484
cache size	: 3072 KB
physical id	: 0
siblings	: 4
core id		: 0
cpu cores	: 2
apicid		: 0
initial apicid	: 0
fpu		: yes
fpu_exception	: yes
cpuid level	: 13
wp		: yes
flags		: fpu vme de pse tsc msr pae mce cx8 apic sep mtrr pge mca cmov pat pse36 clflush dts acpi mmx fxsr sse sse2 ss ht tm pbe syscall nx pdpe1gb rdtscp lm constant_tsc arch_perfmon pebs bts rep_good nopl xtopology nonstop_tsc cpuid aperfmperf pni pclmulqdq dtes64 monitor ds_cpl vmx est tm2 ssse3 sdbg fma cx16 xtpr pdcm pcid sse4_1 sse4_2 movbe popcnt tsc_deadline_timer aes xsave avx f16c rdrand lahf_lm abm cpuid_fault epb invpcid_single pti ssbd ibrs ibpb stibp tpr_shadow vnmi flexpriority ept vpid fsgsbase tsc_adjust bmi1 avx2 smep bmi2 erms invpcid xsaveopt dtherm arat pln pts flush_l1d
bugs		: cpu_meltdown spectre_v1 spectre_v2 spec_store_bypass l1tf
bogomips	: 6787.40
clflush size	: 64
cache_alignment	: 64
address sizes	: 39 bits physical, 48 bits virtual
power management:

processor	: 1
vendor_id	: GenuineIntel
cpu family	: 6
model		: 60
model name	: Intel(R) Core(TM) i3-4130 CPU @ 3.40GHz
stepping	: 3
microcode	: 0x25
cpu MHz		: 2475.080
cache size	: 3072 KB
physical id	: 0
siblings	: 4
core id		: 1
cpu cores	: 2
apicid		: 2
initial apicid	: 2
fpu		: yes
fpu_exception	: yes
cpuid level	: 13
wp		: yes
flags		: fpu vme de pse tsc msr pae mce cx8 apic sep mtrr pge mca cmov pat pse36 clflush dts acpi mmx fxsr sse sse2 ss ht tm pbe syscall nx pdpe1gb rdtscp lm constant_tsc arch_perfmon pebs bts rep_good nopl xtopology nonstop_tsc cpuid aperfmperf pni pclmulqdq dtes64 monitor ds_cpl vmx est tm2 ssse3 sdbg fma cx16 xtpr pdcm pcid sse4_1 sse4_2 movbe popcnt tsc_deadline_timer aes xsave avx f16c rdrand lahf_lm abm cpuid_fault epb invpcid_single pti ssbd ibrs ibpb stibp tpr_shadow vnmi flexpriority ept vpid fsgsbase tsc_adjust bmi1 avx2 smep bmi2 erms invpcid xsaveopt dtherm arat pln pts flush_l1d
bugs		: cpu_meltdown spectre_v1 spectre_v2 spec_store_bypass l1tf
bogomips	: 6787.40
clflush size	: 64
cache_alignment	: 64
address sizes	: 39 bits physical, 48 bits virtual
power management:

processor	: 2
vendor_id	: GenuineIntel
cpu family	: 6
model		: 60
model name	: Intel(R) Core(TM) i3-4130 CPU @ 3.40GHz
stepping	: 3
microcode	: 0x25
cpu MHz		: 2532.515
cache size	: 3072 KB
physical id	: 0
siblings	: 4
core id		: 0
cpu cores	: 2
apicid		: 1
initial apicid	: 1
fpu		: yes
fpu_exception	: yes
cpuid level	: 13
wp		: yes
flags		: fpu vme de pse tsc msr pae mce cx8 apic sep mtrr pge mca cmov pat pse36 clflush dts acpi mmx fxsr sse sse2 ss ht tm pbe syscall nx pdpe1gb rdtscp lm constant_tsc arch_perfmon pebs bts rep_good nopl xtopology nonstop_tsc cpuid aperfmperf pni pclmulqdq dtes64 monitor ds_cpl vmx est tm2 ssse3 sdbg fma cx16 xtpr pdcm pcid sse4_1 sse4_2 movbe popcnt tsc_deadline_timer aes xsave avx f16c rdrand lahf_lm abm cpuid_fault epb invpcid_single pti ssbd ibrs ibpb stibp tpr_shadow vnmi flexpriority ept vpid fsgsbase tsc_adjust bmi1 avx2 smep bmi2 erms invpcid xsaveopt dtherm arat pln pts flush_l1d
bugs		: cpu_meltdown spectre_v1 spectre_v2 spec_store_bypass l1tf
bogomips	: 6787.40
clflush size	: 64
cache_alignment	: 64
address sizes	: 39 bits physical, 48 bits virtual
power management:

processor	: 3
vendor_id	: GenuineIntel
cpu family	: 6
model		: 60
model name	: Intel(R) Core(TM) i3-4130 CPU @ 3.40GHz
stepping	: 3
microcode	: 0x25
cpu MHz		: 2386.279
cache size	: 3072 KB
physical id	: 0
siblings	: 4
core id		: 1
cpu cores	: 2
apicid		: 3
initial apicid	: 3
fpu		: yes
fpu_exception	: yes
cpuid level	: 13
wp		: yes
flags		: fpu vme de pse tsc msr pae mce cx8 apic sep mtrr pge mca cmov pat pse36 clflush dts acpi mmx fxsr sse sse2 ss ht tm pbe syscall nx pdpe1gb rdtscp lm constant_tsc arch_perfmon pebs bts rep_good nopl xtopology nonstop_tsc cpuid aperfmperf pni pclmulqdq dtes64 monitor ds_cpl vmx est tm2 ssse3 sdbg fma cx16 xtpr pdcm pcid sse4_1 sse4_2 movbe popcnt tsc_deadline_timer aes xsave avx f16c rdrand lahf_lm abm cpuid_fault epb invpcid_single pti ssbd ibrs ibpb stibp tpr_shadow vnmi flexpriority ept vpid fsgsbase tsc_adjust bmi1 avx2 smep bmi2 erms invpcid xsaveopt dtherm arat pln pts flush_l1d
bugs		: cpu_meltdown spectre_v1 spectre_v2 spec_store_bypass l1tf
bogomips	: 6787.40
clflush size	: 64
cache_alignment	: 64
address sizes	: 39 bits physical, 48 bits virtual
power management:



Memory: 4k page, physical 8109572k(159828k free), swap 8290300k(5967356k free)

vm_info: OpenJDK 64-Bit Server VM (25.212-b01) for linux-amd64 JRE (1.8.0_212-b01), built on Mar 21 2019 23:20:35 by "builduser" with gcc 8.2.1 20181127

time: Mon Apr  8 22:00:52 2019
timezone: BST
elapsed time: 0 seconds (0d 0h 0m 0s)

