#
# A fatal error has been detected by the Java Runtime Environment:
#
#  SIGSEGV (0xb) at pc=0x0000000000000000, pid=29625, tid=0x00007f55ee773700
#
# JRE version: OpenJDK Runtime Environment (8.0_212-b01) (build 1.8.0_212-b01)
# Java VM: OpenJDK 64-Bit Server VM (25.212-b01 mixed mode linux-amd64 compressed oops)
# Problematic frame:
# C  0x0000000000000000
#
# Core dump written. Default location: /home/joseph/Documents/Programming/Graphics/OpenGLProject/out/production/OpenGLProject/core or core.29625
#
# If you would like to submit a bug report, please visit:
#   http://bugreport.java.com/bugreport/crash.jsp
# The crash happened outside the Java Virtual Machine in native code.
# See problematic frame for where to report the bug.
#

---------------  T H R E A D  ---------------

Current thread (0x00007f55e800b800):  JavaThread "main" [_thread_in_native, id=29626, stack(0x00007f55ee674000,0x00007f55ee774000)]

siginfo: si_signo: 11 (SIGSEGV), si_code: 1 (SEGV_MAPERR), si_addr: 0x0000000000000000

Registers:
RAX=0x0000000000000000, RBX=0x0000000000000001, RCX=0x00007f55ee771470, RDX=0x00007f55e800b800
RSP=0x00007f55ee771398, RBP=0x00007f55ee771420, RSI=0x00007f55e800b800, RDI=0x0000000000000001
R8 =0x00007f55e94f3c0f, R9 =0x00007f55e94f3c10, R10=0x0000000000000000, R11=0x00007f55d08cddbc
R12=0x0000000000000000, R13=0x00007f55d3a65438, R14=0x00007f55ee771540, R15=0x00007f55e800b800
RIP=0x0000000000000000, EFLAGS=0x0000000000010246, CSGSFS=0x002b000000000033, ERR=0x0000000000000014
  TRAPNO=0x000000000000000e

Top of Stack: (sp=0x00007f55ee771398)
0x00007f55ee771398:   00007f55d08cddf9 0000000000000000
0x00007f55ee7713a8:   0000000100000000 00007f55ee771470
0x00007f55ee7713b8:   00007f55e800b800 0000000000000000
0x00007f55ee7713c8:   0000000000000000 0000000000000000
0x00007f55ee7713d8:   0000000000000000 0000000000000000
0x00007f55ee7713e8:   0000000000000000 0000000000000000
0x00007f55ee7713f8:   0000000000000000 00007f55e94f3c00
0x00007f55ee771408:   584ed1e470421500 0000000000000001
0x00007f55ee771418:   0000000000000001 00007f55ee7714b0
0x00007f55ee771428:   00007f55d08cf5b7 00007f01d3a65438
0x00007f55ee771438:   00007f55ee771540 00007f55ee771528
0x00007f55ee771448:   00007f55e800b9e0 00007f55d3a65438
0x00007f55ee771458:   00007f55e800b800 00007f55e94f3c00
0x00007f55ee771468:   00007f55e800b800 00007f55ee771480
0x00007f55ee771478:   000000000000000f 66656d6f73657761
0x00007f55ee771488:   00676e702e656361 00007f55d3a65438
0x00007f55ee771498:   584ed1e470421500 00007f55ee771518
0x00007f55ee7714a8:   00007f55d3a65438 00007f55ee771518
0x00007f55ee7714b8:   00007f55d9018407 00007f55ee771518
0x00007f55ee7714c8:   00007f55d9018167 00007f55d9018122
0x00007f55ee7714d8:   00007f55ee7714d8 00007f55d3a65438
0x00007f55ee7714e8:   00007f55ee771540 00007f55d3a65688
0x00007f55ee7714f8:   0000000000000000 00007f55d3a65438
0x00007f55ee771508:   0000000000000000 00007f55ee771538
0x00007f55ee771518:   00007f55ee771590 00007f55d9007a40
0x00007f55ee771528:   00000000fab167f0 00007f55d9011a56
0x00007f55ee771538:   0000000000000001 00000000fab13800
0x00007f55ee771548:   00000000fab093f8 00007f55ee771550
0x00007f55ee771558:   00007f55d3a61e42 00007f55ee7715a8
0x00007f55ee771568:   00007f55d3a62428 0000000000000000
0x00007f55ee771578:   00007f55d3a61ed0 00007f55ee771538
0x00007f55ee771588:   00007f55ee7715a8 00007f55ee7715f0 

Instructions: (pc=0x0000000000000000)
0xffffffffffffffe0:   

Register to memory mapping:

RAX=0x0000000000000000 is an unknown value
RBX=0x0000000000000001 is an unknown value
RCX=0x00007f55ee771470 is pointing into the stack for thread: 0x00007f55e800b800
RDX=0x00007f55e800b800 is a thread
RSP=0x00007f55ee771398 is pointing into the stack for thread: 0x00007f55e800b800
RBP=0x00007f55ee771420 is pointing into the stack for thread: 0x00007f55e800b800
RSI=0x00007f55e800b800 is a thread
RDI=0x0000000000000001 is an unknown value
R8 =0x00007f55e94f3c0f is an unknown value
R9 =0x00007f55e94f3c10 is an unknown value
R10=0x0000000000000000 is an unknown value
R11=0x00007f55d08cddbc: _ZN4core15generateTextureEPjNSt7__cxx1112basic_stringIcSt11char_traitsIcESaIcEEEb+0 in /home/joseph/Documents/Programming/Graphics/OpenGLProject/cmake-build-debug/libOpenGLProject.so at 0x00007f55d0892000
R12=0x0000000000000000 is an unknown value
R13={method} {0x00007f55d3a65438} 'generateTexture' '(Ljava/lang/String;Z)I' in 'jni/GLWrapper'
R14=0x00007f55ee771540 is pointing into the stack for thread: 0x00007f55e800b800
R15=0x00007f55e800b800 is a thread


Stack: [0x00007f55ee674000,0x00007f55ee774000],  sp=0x00007f55ee771398,  free space=1012k
Java frames: (J=compiled Java code, j=interpreted, Vv=VM code)
j  jni.GLWrapper.generateTexture(Ljava/lang/String;Z)I+0
j  Main$.delayedEndpoint$Main$1()V+50
j  Main$delayedInit$body.apply()Ljava/lang/Object;+4
j  scala.Function0.apply$mcV$sp()V+1
j  scala.Function0.apply$mcV$sp$(Lscala/Function0;)V+1
j  scala.runtime.AbstractFunction0.apply$mcV$sp()V+1
j  scala.App.$anonfun$main$1(Lscala/Function0;)V+1
j  scala.App.$anonfun$main$1$adapted(Lscala/Function0;)Ljava/lang/Object;+1
j  scala.App$$Lambda$128.apply(Ljava/lang/Object;)Ljava/lang/Object;+4
j  scala.collection.immutable.List.foreach(Lscala/Function1;)V+14
j  scala.collection.generic.TraversableForwarder.foreach(Lscala/Function1;)V+7
j  scala.collection.generic.TraversableForwarder.foreach$(Lscala/collection/generic/TraversableForwarder;Lscala/Function1;)V+2
j  scala.collection.mutable.ListBuffer.foreach(Lscala/Function1;)V+2
j  scala.App.main([Ljava/lang/String;)V+18
j  scala.App.main$(Lscala/App;[Ljava/lang/String;)V+2
j  Main$.main([Ljava/lang/String;)V+2
j  Main.main([Ljava/lang/String;)V+4
v  ~StubRoutines::call_stub
j  sun.reflect.NativeMethodAccessorImpl.invoke0(Ljava/lang/reflect/Method;Ljava/lang/Object;[Ljava/lang/Object;)Ljava/lang/Object;+0
j  sun.reflect.NativeMethodAccessorImpl.invoke(Ljava/lang/Object;[Ljava/lang/Object;)Ljava/lang/Object;+100
j  sun.reflect.DelegatingMethodAccessorImpl.invoke(Ljava/lang/Object;[Ljava/lang/Object;)Ljava/lang/Object;+6
j  java.lang.reflect.Method.invoke(Ljava/lang/Object;[Ljava/lang/Object;)Ljava/lang/Object;+56
j  scala.reflect.internal.util.ScalaClassLoader.$anonfun$run$2(Lscala/collection/Seq;Ljava/lang/reflect/Method;)Ljava/lang/Object;+27
j  scala.reflect.internal.util.ScalaClassLoader$$Lambda$127.apply()Ljava/lang/Object;+8
j  scala.reflect.internal.util.ScalaClassLoader.asContext(Lscala/Function0;)Ljava/lang/Object;+18
j  scala.reflect.internal.util.ScalaClassLoader.asContext$(Lscala/reflect/internal/util/ScalaClassLoader;Lscala/Function0;)Ljava/lang/Object;+2
j  scala.reflect.internal.util.ScalaClassLoader$URLClassLoader.asContext(Lscala/Function0;)Ljava/lang/Object;+2
j  scala.reflect.internal.util.ScalaClassLoader.run(Ljava/lang/String;Lscala/collection/Seq;)V+90
j  scala.reflect.internal.util.ScalaClassLoader.run$(Lscala/reflect/internal/util/ScalaClassLoader;Ljava/lang/String;Lscala/collection/Seq;)V+3
j  scala.reflect.internal.util.ScalaClassLoader$URLClassLoader.run(Ljava/lang/String;Lscala/collection/Seq;)V+3
j  scala.tools.nsc.CommonRunner.run(Lscala/collection/Seq;Ljava/lang/String;Lscala/collection/Seq;)V+15
j  scala.tools.nsc.CommonRunner.run$(Lscala/tools/nsc/CommonRunner;Lscala/collection/Seq;Ljava/lang/String;Lscala/collection/Seq;)V+4
j  scala.tools.nsc.ObjectRunner$.run(Lscala/collection/Seq;Ljava/lang/String;Lscala/collection/Seq;)V+4
j  scala.tools.nsc.CommonRunner.runAndCatch(Lscala/collection/Seq;Ljava/lang/String;Lscala/collection/Seq;)Lscala/util/Either;+4
j  scala.tools.nsc.CommonRunner.runAndCatch$(Lscala/tools/nsc/CommonRunner;Lscala/collection/Seq;Ljava/lang/String;Lscala/collection/Seq;)Lscala/util/Either;+4
j  scala.tools.nsc.ObjectRunner$.runAndCatch(Lscala/collection/Seq;Ljava/lang/String;Lscala/collection/Seq;)Lscala/util/Either;+4
j  scala.tools.nsc.MainGenericRunner.runTarget$1(Lscala/tools/nsc/GenericRunnerCommand;)Lscala/util/Either;+39
j  scala.tools.nsc.MainGenericRunner.run$1(Lscala/tools/nsc/GenericRunnerCommand;)Z+1
j  scala.tools.nsc.MainGenericRunner.process([Ljava/lang/String;)Z+128
j  scala.tools.nsc.MainGenericRunner$.main([Ljava/lang/String;)V+2
j  scala.tools.nsc.MainGenericRunner.main([Ljava/lang/String;)V+4
v  ~StubRoutines::call_stub

---------------  P R O C E S S  ---------------

Java Threads: ( => current thread )
  0x00007f55e80d4000 JavaThread "Service Thread" daemon [_thread_blocked, id=29638, stack(0x00007f55d3eff000,0x00007f55d4000000)]
  0x00007f55e80be800 JavaThread "C1 CompilerThread2" daemon [_thread_blocked, id=29637, stack(0x00007f55d800e000,0x00007f55d810e000)]
  0x00007f55e80bd000 JavaThread "C2 CompilerThread1" daemon [_thread_blocked, id=29636, stack(0x00007f55d810f000,0x00007f55d820f000)]
  0x00007f55e80ba000 JavaThread "C2 CompilerThread0" daemon [_thread_blocked, id=29635, stack(0x00007f55d8210000,0x00007f55d8310000)]
  0x00007f55e80b8800 JavaThread "Signal Dispatcher" daemon [_thread_blocked, id=29634, stack(0x00007f55d8310000,0x00007f55d8411000)]
  0x00007f55e8085800 JavaThread "Finalizer" daemon [_thread_blocked, id=29633, stack(0x00007f55d86f7000,0x00007f55d87f8000)]
  0x00007f55e8083000 JavaThread "Reference Handler" daemon [_thread_blocked, id=29632, stack(0x00007f55d87f8000,0x00007f55d88f9000)]
=>0x00007f55e800b800 JavaThread "main" [_thread_in_native, id=29626, stack(0x00007f55ee674000,0x00007f55ee774000)]

Other Threads:
  0x00007f55e8079000 VMThread [stack: 0x00007f55d88fa000,0x00007f55d89fa000] [id=29631]
  0x00007f55e80ff000 WatcherThread [stack: 0x00007f55d3d8d000,0x00007f55d3e8d000] [id=29639]

VM state:not at safepoint (normal execution)

VM Mutex/Monitor currently owned by a thread: None

heap address: 0x00000000f0000000, size: 256 MB, Compressed Oops mode: 32-bit
Narrow klass base: 0x0000000000000000, Narrow klass shift: 3
Compressed class space size: 1073741824 Address: 0x0000000100000000

Heap:
 PSYoungGen      total 18432K, used 1479K [0x00000000fab00000, 0x00000000fbe00000, 0x0000000100000000)
  eden space 17408K, 2% used [0x00000000fab00000,0x00000000fab72c58,0x00000000fbc00000)
  from space 1024K, 99% used [0x00000000fbd00000,0x00000000fbdff118,0x00000000fbe00000)
  to   space 1024K, 0% used [0x00000000fbc00000,0x00000000fbc00000,0x00000000fbd00000)
 ParOldGen       total 22016K, used 616K [0x00000000f0000000, 0x00000000f1580000, 0x00000000fab00000)
  object space 22016K, 2% used [0x00000000f0000000,0x00000000f009a3f8,0x00000000f1580000)
 Metaspace       used 12720K, capacity 13346K, committed 13440K, reserved 1060864K
  class space    used 1578K, capacity 1660K, committed 1664K, reserved 1048576K

Card table byte_map: [0x00007f55ee1c2000,0x00007f55ee243000] byte_map_base: 0x00007f55eda42000

Marking Bits: (ParMarkBitMap*) 0x00007f55ef5cec80
 Begin Bits: [0x00007f55ed568000, 0x00007f55ed968000)
 End Bits:   [0x00007f55ed968000, 0x00007f55edd68000)

Polling page: 0x00007f55ef9fd000

CodeCache: size=245760Kb used=2503Kb max_used=2503Kb free=243256Kb
 bounds [0x00007f55d9000000, 0x00007f55d9280000, 0x00007f55e8000000]
 total_blobs=1009 nmethods=697 adapters=227
 compilation: enabled

Compilation events (10 events):
Event: 0.886 Thread 0x00007f55e80be800  693       3       java.lang.invoke.ConstantCallSite::getTarget (20 bytes)
Event: 0.886 Thread 0x00007f55e80be800 nmethod 693 0x00007f55d926fc90 code [0x00007f55d926fe00, 0x00007f55d9270008]
Event: 0.886 Thread 0x00007f55e80be800  694       3       java.util.ArrayList::get (11 bytes)
Event: 0.886 Thread 0x00007f55e80be800 nmethod 694 0x00007f55d92700d0 code [0x00007f55d9270260, 0x00007f55d92705b8]
Event: 0.886 Thread 0x00007f55e80be800  695  s    3       sun.misc.URLClassPath::getNextLoader (88 bytes)
Event: 0.887 Thread 0x00007f55e80be800 nmethod 695 0x00007f55d92707d0 code [0x00007f55d92709c0, 0x00007f55d9271228]
Event: 0.887 Thread 0x00007f55e80be800  696   !   3       sun.misc.URLClassPath$JarLoader::getResource (85 bytes)
Event: 0.887 Thread 0x00007f55e80be800 nmethod 696 0x00007f55d9271690 code [0x00007f55d92718c0, 0x00007f55d9272378]
Event: 0.887 Thread 0x00007f55e80be800  697       1       java.nio.Buffer::position (5 bytes)
Event: 0.887 Thread 0x00007f55e80be800 nmethod 697 0x00007f55d92728d0 code [0x00007f55d9272a20, 0x00007f55d9272b30]

GC Heap History (4 events):
Event: 0.809 GC heap before
{Heap before GC invocations=1 (full 0):
 PSYoungGen      total 9728K, used 8704K [0x00000000fab00000, 0x00000000fb580000, 0x0000000100000000)
  eden space 8704K, 100% used [0x00000000fab00000,0x00000000fb380000,0x00000000fb380000)
  from space 1024K, 0% used [0x00000000fb480000,0x00000000fb480000,0x00000000fb580000)
  to   space 1024K, 0% used [0x00000000fb380000,0x00000000fb380000,0x00000000fb480000)
 ParOldGen       total 22016K, used 0K [0x00000000f0000000, 0x00000000f1580000, 0x00000000fab00000)
  object space 22016K, 0% used [0x00000000f0000000,0x00000000f0000000,0x00000000f1580000)
 Metaspace       used 12061K, capacity 12494K, committed 12672K, reserved 1060864K
  class space    used 1489K, capacity 1548K, committed 1664K, reserved 1048576K
Event: 0.818 GC heap after
Heap after GC invocations=1 (full 0):
 PSYoungGen      total 9728K, used 1016K [0x00000000fab00000, 0x00000000fbe00000, 0x0000000100000000)
  eden space 8704K, 0% used [0x00000000fab00000,0x00000000fab00000,0x00000000fb380000)
  from space 1024K, 99% used [0x00000000fb380000,0x00000000fb47e248,0x00000000fb480000)
  to   space 1024K, 0% used [0x00000000fbd00000,0x00000000fbd00000,0x00000000fbe00000)
 ParOldGen       total 22016K, used 188K [0x00000000f0000000, 0x00000000f1580000, 0x00000000fab00000)
  object space 22016K, 0% used [0x00000000f0000000,0x00000000f002f190,0x00000000f1580000)
 Metaspace       used 12061K, capacity 12494K, committed 12672K, reserved 1060864K
  class space    used 1489K, capacity 1548K, committed 1664K, reserved 1048576K
}
Event: 0.881 GC heap before
{Heap before GC invocations=2 (full 0):
 PSYoungGen      total 9728K, used 9720K [0x00000000fab00000, 0x00000000fbe00000, 0x0000000100000000)
  eden space 8704K, 100% used [0x00000000fab00000,0x00000000fb380000,0x00000000fb380000)
  from space 1024K, 99% used [0x00000000fb380000,0x00000000fb47e248,0x00000000fb480000)
  to   space 1024K, 0% used [0x00000000fbd00000,0x00000000fbd00000,0x00000000fbe00000)
 ParOldGen       total 22016K, used 188K [0x00000000f0000000, 0x00000000f1580000, 0x00000000fab00000)
  object space 22016K, 0% used [0x00000000f0000000,0x00000000f002f190,0x00000000f1580000)
 Metaspace       used 12663K, capacity 13258K, committed 13440K, reserved 1060864K
  class space    used 1569K, capacity 1654K, committed 1664K, reserved 1048576K
Event: 0.883 GC heap after
Heap after GC invocations=2 (full 0):
 PSYoungGen      total 18432K, used 1020K [0x00000000fab00000, 0x00000000fbe00000, 0x0000000100000000)
  eden space 17408K, 0% used [0x00000000fab00000,0x00000000fab00000,0x00000000fbc00000)
  from space 1024K, 99% used [0x00000000fbd00000,0x00000000fbdff118,0x00000000fbe00000)
  to   space 1024K, 0% used [0x00000000fbc00000,0x00000000fbc00000,0x00000000fbd00000)
 ParOldGen       total 22016K, used 616K [0x00000000f0000000, 0x00000000f1580000, 0x00000000fab00000)
  object space 22016K, 2% used [0x00000000f0000000,0x00000000f009a3f8,0x00000000f1580000)
 Metaspace       used 12663K, capacity 13258K, committed 13440K, reserved 1060864K
  class space    used 1569K, capacity 1654K, committed 1664K, reserved 1048576K
}

Deoptimization events (2 events):
Event: 0.447 Thread 0x00007f55e800b800 Uncommon trap: reason=unstable_if action=reinterpret pc=0x00007f55d912293c method=java.lang.String.indexOf(II)I @ 17
Event: 0.456 Thread 0x00007f55e800b800 Uncommon trap: reason=null_check action=make_not_entrant pc=0x00007f55d91519a0 method=java.lang.String.equals(Ljava/lang/Object;)Z @ 8

Classes redefined (0 events):
No events

Internal exceptions (10 events):
Event: 0.851 Thread 0x00007f55e800b800 Exception <a 'java/lang/NoSuchMethodError': java.lang.Object.$anonfun$envOrElse$1(Ljava/lang/String;)Ljava/lang/String;> (0x00000000fab85fa8) thrown at [/build/java8-openjdk/src/jdk8u-jdk8u212-b01/hotspot/src/share/vm/interpreter/linkResolver.cpp, line 62
Event: 0.851 Thread 0x00007f55e800b800 Exception <a 'java/lang/NoSuchMethodError': java.lang.Object.$anonfun$envOrElse$2(Ljava/lang/String;)Ljava/lang/String;> (0x00000000fab8a2e0) thrown at [/build/java8-openjdk/src/jdk8u-jdk8u212-b01/hotspot/src/share/vm/interpreter/linkResolver.cpp, line 62
Event: 0.852 Thread 0x00007f55e800b800 Exception <a 'java/lang/NoSuchMethodError': java.lang.Object.$anonfun$flatten$1(Lscala/Function1;Lscala/collection/mutable/Builder;Ljava/lang/Object;)Lscala/collection/mutable/Builder;> (0x00000000fab93158) thrown at [/build/java8-openjdk/src/jdk8u-jdk8u2
Event: 0.854 Thread 0x00007f55e800b800 Exception <a 'java/lang/NoSuchMethodError': java.lang.Object.$anonfun$flatMap$1(Lscala/Function1;Lscala/collection/mutable/Builder;Ljava/lang/Object;)Lscala/collection/mutable/Builder;> (0x00000000fab9e178) thrown at [/build/java8-openjdk/src/jdk8u-jdk8u2
Event: 0.861 Thread 0x00007f55e800b800 Exception <a 'java/lang/NoSuchMethodError': java.lang.Object.$anonfun$tryClass$1(Lscala/reflect/internal/util/ScalaClassLoader;Ljava/lang/String;Z)Ljava/lang/Class;> (0x00000000fabc1b18) thrown at [/build/java8-openjdk/src/jdk8u-jdk8u212-b01/hotspot/src/s
Event: 0.872 Thread 0x00007f55e800b800 Exception <a 'java/lang/NoSuchMethodError': java.lang.Object.$anonfun$isInfo$1$adapted(Lscala/tools/nsc/settings/MutableSettings$Setting;)Ljava/lang/Object;> (0x00000000fafa5a50) thrown at [/build/java8-openjdk/src/jdk8u-jdk8u212-b01/hotspot/src/share/vm/
Event: 0.872 Thread 0x00007f55e800b800 Exception <a 'java/lang/NoSuchMethodError': java.lang.Object.$anonfun$isInfo$2$adapted(Lscala/tools/nsc/settings/MutableSettings$Setting;)Ljava/lang/Object;> (0x00000000fafa9af8) thrown at [/build/java8-openjdk/src/jdk8u-jdk8u212-b01/hotspot/src/share/vm/
Event: 0.880 Thread 0x00007f55e800b800 Exception <a 'java/lang/NoSuchMethodError': java.lang.Object.$anonfun$run$1(Ljava/lang/String;)Lscala/runtime/Nothing$;> (0x00000000fb376078) thrown at [/build/java8-openjdk/src/jdk8u-jdk8u212-b01/hotspot/src/share/vm/interpreter/linkResolver.cpp, line 62
Event: 0.883 Thread 0x00007f55e800b800 Exception <a 'java/lang/NoSuchMethodError': java.lang.Object.$anonfun$run$2(Lscala/collection/Seq;Ljava/lang/reflect/Method;)Ljava/lang/Object;> (0x00000000fab00420) thrown at [/build/java8-openjdk/src/jdk8u-jdk8u212-b01/hotspot/src/share/vm/interpreter/l
Event: 0.885 Thread 0x00007f55e800b800 Exception <a 'java/lang/NoSuchMethodError': java.lang.Object.$anonfun$main$1$adapted(Lscala/Function0;)Ljava/lang/Object;> (0x00000000fab0cb90) thrown at [/build/java8-openjdk/src/jdk8u-jdk8u212-b01/hotspot/src/share/vm/interpreter/linkResolver.cpp, line 

Events (10 events):
Event: 0.885 loading class scala/compat/Platform$
Event: 0.885 loading class scala/compat/Platform$ done
Event: 0.885 loading class Main$delayedInit$body
Event: 0.885 loading class Main$delayedInit$body done
Event: 0.885 loading class scala/runtime/AbstractFunction0
Event: 0.885 loading class scala/runtime/AbstractFunction0 done
Event: 0.886 loading class jni/Vector3
Event: 0.886 loading class jni/Vector3 done
Event: 0.886 loading class jni/GLWrapper
Event: 0.886 loading class jni/GLWrapper done


Dynamic libraries:
f0000000-f1580000 rw-p 00000000 00:00 0 
f1580000-fab00000 ---p 00000000 00:00 0 
fab00000-fbe00000 rw-p 00000000 00:00 0 
fbe00000-100000000 ---p 00000000 00:00 0 
100000000-1001a0000 rw-p 00000000 00:00 0 
1001a0000-140000000 ---p 00000000 00:00 0 
55ed70341000-55ed70342000 r--p 00000000 fe:00 4982129                    /usr/lib/jvm/java-8-openjdk/jre/bin/java
55ed70342000-55ed70343000 r-xp 00001000 fe:00 4982129                    /usr/lib/jvm/java-8-openjdk/jre/bin/java
55ed70343000-55ed70344000 r--p 00002000 fe:00 4982129                    /usr/lib/jvm/java-8-openjdk/jre/bin/java
55ed70344000-55ed70345000 r--p 00002000 fe:00 4982129                    /usr/lib/jvm/java-8-openjdk/jre/bin/java
55ed70345000-55ed70346000 rw-p 00003000 fe:00 4982129                    /usr/lib/jvm/java-8-openjdk/jre/bin/java
55ed7218f000-55ed721b0000 rw-p 00000000 00:00 0                          [heap]
7f559c000000-7f559c021000 rw-p 00000000 00:00 0 
7f559c021000-7f55a0000000 ---p 00000000 00:00 0 
7f55a0000000-7f55a0021000 rw-p 00000000 00:00 0 
7f55a0021000-7f55a4000000 ---p 00000000 00:00 0 
7f55a4000000-7f55a4084000 rw-p 00000000 00:00 0 
7f55a4084000-7f55a8000000 ---p 00000000 00:00 0 
7f55a8000000-7f55a807e000 rw-p 00000000 00:00 0 
7f55a807e000-7f55ac000000 ---p 00000000 00:00 0 
7f55ac000000-7f55ac021000 rw-p 00000000 00:00 0 
7f55ac021000-7f55b0000000 ---p 00000000 00:00 0 
7f55b0000000-7f55b0054000 rw-p 00000000 00:00 0 
7f55b0054000-7f55b4000000 ---p 00000000 00:00 0 
7f55b4000000-7f55b4021000 rw-p 00000000 00:00 0 
7f55b4021000-7f55b8000000 ---p 00000000 00:00 0 
7f55b8000000-7f55b8021000 rw-p 00000000 00:00 0 
7f55b8021000-7f55bc000000 ---p 00000000 00:00 0 
7f55bc000000-7f55bc021000 rw-p 00000000 00:00 0 
7f55bc021000-7f55c0000000 ---p 00000000 00:00 0 
7f55c0000000-7f55c0021000 rw-p 00000000 00:00 0 
7f55c0021000-7f55c4000000 ---p 00000000 00:00 0 
7f55c4000000-7f55c4021000 rw-p 00000000 00:00 0 
7f55c4021000-7f55c8000000 ---p 00000000 00:00 0 
7f55cbdfa000-7f55cbdff000 r-xp 00000000 fe:00 4069026                    /usr/lib/libXfixes.so.3.1.0
7f55cbdff000-7f55cbffe000 ---p 00005000 fe:00 4069026                    /usr/lib/libXfixes.so.3.1.0
7f55cbffe000-7f55cbfff000 r--p 00004000 fe:00 4069026                    /usr/lib/libXfixes.so.3.1.0
7f55cbfff000-7f55cc000000 rw-p 00005000 fe:00 4069026                    /usr/lib/libXfixes.so.3.1.0
7f55cc000000-7f55cc021000 rw-p 00000000 00:00 0 
7f55cc021000-7f55d0000000 ---p 00000000 00:00 0 
7f55d013c000-7f55d013e000 r--p 00000000 fe:00 4073249                    /usr/lib/libXdmcp.so.6.0.0
7f55d013e000-7f55d0140000 r-xp 00002000 fe:00 4073249                    /usr/lib/libXdmcp.so.6.0.0
7f55d0140000-7f55d0142000 r--p 00004000 fe:00 4073249                    /usr/lib/libXdmcp.so.6.0.0
7f55d0142000-7f55d0143000 r--p 00005000 fe:00 4073249                    /usr/lib/libXdmcp.so.6.0.0
7f55d0143000-7f55d0144000 rw-p 00006000 fe:00 4073249                    /usr/lib/libXdmcp.so.6.0.0
7f55d0144000-7f55d0145000 r--p 00000000 fe:00 4073222                    /usr/lib/libXau.so.6.0.0
7f55d0145000-7f55d0146000 r-xp 00001000 fe:00 4073222                    /usr/lib/libXau.so.6.0.0
7f55d0146000-7f55d0147000 r--p 00002000 fe:00 4073222                    /usr/lib/libXau.so.6.0.0
7f55d0147000-7f55d0148000 r--p 00002000 fe:00 4073222                    /usr/lib/libXau.so.6.0.0
7f55d0148000-7f55d0149000 rw-p 00003000 fe:00 4073222                    /usr/lib/libXau.so.6.0.0
7f55d0149000-7f55d014b000 r--p 00000000 fe:00 4078939                    /usr/lib/libXrender.so.1.3.0
7f55d014b000-7f55d0152000 r-xp 00002000 fe:00 4078939                    /usr/lib/libXrender.so.1.3.0
7f55d0152000-7f55d0154000 r--p 00009000 fe:00 4078939                    /usr/lib/libXrender.so.1.3.0
7f55d0154000-7f55d0155000 r--p 0000a000 fe:00 4078939                    /usr/lib/libXrender.so.1.3.0
7f55d0155000-7f55d0156000 rw-p 0000b000 fe:00 4078939                    /usr/lib/libXrender.so.1.3.0
7f55d0156000-7f55d015a000 r--p 00000000 fe:00 4073250                    /usr/lib/libXext.so.6.4.0
7f55d015a000-7f55d0165000 r-xp 00004000 fe:00 4073250                    /usr/lib/libXext.so.6.4.0
7f55d0165000-7f55d0169000 r--p 0000f000 fe:00 4073250                    /usr/lib/libXext.so.6.4.0
7f55d0169000-7f55d016a000 r--p 00012000 fe:00 4073250                    /usr/lib/libXext.so.6.4.0
7f55d016a000-7f55d016b000 rw-p 00013000 fe:00 4073250                    /usr/lib/libXext.so.6.4.0
7f55d016b000-7f55d0177000 r--p 00000000 fe:00 4073236                    /usr/lib/libxcb.so.1.1.0
7f55d0177000-7f55d018a000 r-xp 0000c000 fe:00 4073236                    /usr/lib/libxcb.so.1.1.0
7f55d018a000-7f55d0193000 r--p 0001f000 fe:00 4073236                    /usr/lib/libxcb.so.1.1.0
7f55d0193000-7f55d0194000 r--p 00027000 fe:00 4073236                    /usr/lib/libxcb.so.1.1.0
7f55d0194000-7f55d0195000 rw-p 00028000 fe:00 4073236                    /usr/lib/libxcb.so.1.1.0
7f55d0195000-7f55d0198000 r--p 00000000 fe:00 4067439                    /usr/lib/libgcc_s.so.1
7f55d0198000-7f55d01a9000 r-xp 00003000 fe:00 4067439                    /usr/lib/libgcc_s.so.1
7f55d01a9000-7f55d01ac000 r--p 00014000 fe:00 4067439                    /usr/lib/libgcc_s.so.1
7f55d01ac000-7f55d01ad000 ---p 00017000 fe:00 4067439                    /usr/lib/libgcc_s.so.1
7f55d01ad000-7f55d01ae000 r--p 00017000 fe:00 4067439                    /usr/lib/libgcc_s.so.1
7f55d01ae000-7f55d01af000 rw-p 00018000 fe:00 4067439                    /usr/lib/libgcc_s.so.1
7f55d01af000-7f55d0238000 r--p 00000000 fe:00 4069301                    /usr/lib/libstdc++.so.6.0.25
7f55d0238000-7f55d02f0000 r-xp 00089000 fe:00 4069301                    /usr/lib/libstdc++.so.6.0.25
7f55d02f0000-7f55d032d000 r--p 00141000 fe:00 4069301                    /usr/lib/libstdc++.so.6.0.25
7f55d032d000-7f55d032e000 ---p 0017e000 fe:00 4069301                    /usr/lib/libstdc++.so.6.0.25
7f55d032e000-7f55d033a000 r--p 0017e000 fe:00 4069301                    /usr/lib/libstdc++.so.6.0.25
7f55d033a000-7f55d033b000 rw-p 0018a000 fe:00 4069301                    /usr/lib/libstdc++.so.6.0.25
7f55d033b000-7f55d033e000 rw-p 00000000 00:00 0 
7f55d033e000-7f55d0341000 r--p 00000000 fe:00 4078917                    /usr/lib/libXcursor.so.1.0.2
7f55d0341000-7f55d0346000 r-xp 00003000 fe:00 4078917                    /usr/lib/libXcursor.so.1.0.2
7f55d0346000-7f55d0348000 r--p 00008000 fe:00 4078917                    /usr/lib/libXcursor.so.1.0.2
7f55d0348000-7f55d0349000 r--p 00009000 fe:00 4078917                    /usr/lib/libXcursor.so.1.0.2
7f55d0349000-7f55d034a000 rw-p 0000a000 fe:00 4078917                    /usr/lib/libXcursor.so.1.0.2
7f55d034a000-7f55d034e000 r-xp 00000000 fe:00 4069027                    /usr/lib/libXxf86vm.so.1.0.0
7f55d034e000-7f55d054e000 ---p 00004000 fe:00 4069027                    /usr/lib/libXxf86vm.so.1.0.0
7f55d054e000-7f55d054f000 r--p 00004000 fe:00 4069027                    /usr/lib/libXxf86vm.so.1.0.0
7f55d054f000-7f55d0550000 rw-p 00005000 fe:00 4069027                    /usr/lib/libXxf86vm.so.1.0.0
7f55d0550000-7f55d0552000 r-xp 00000000 fe:00 4077494                    /usr/lib/libXinerama.so.1.0.0
7f55d0552000-7f55d0751000 ---p 00002000 fe:00 4077494                    /usr/lib/libXinerama.so.1.0.0
7f55d0751000-7f55d0752000 r--p 00001000 fe:00 4077494                    /usr/lib/libXinerama.so.1.0.0
7f55d0752000-7f55d0753000 rw-p 00002000 fe:00 4077494                    /usr/lib/libXinerama.so.1.0.0
7f55d0753000-7f55d076f000 r--p 00000000 fe:00 4079815                    /usr/lib/libX11.so.6.3.0
7f55d076f000-7f55d07f7000 r-xp 0001c000 fe:00 4079815                    /usr/lib/libX11.so.6.3.0
7f55d07f7000-7f55d088b000 r--p 000a4000 fe:00 4079815                    /usr/lib/libX11.so.6.3.0
7f55d088b000-7f55d088e000 r--p 00137000 fe:00 4079815                    /usr/lib/libX11.so.6.3.0
7f55d088e000-7f55d0892000 rw-p 0013a000 fe:00 4079815                    /usr/lib/libX11.so.6.3.0
7f55d0892000-7f55d08b1000 r--p 00000000 fe:00 414966                     /home/joseph/Documents/Programming/Graphics/OpenGLProject/cmake-build-debug/libOpenGLProject.so
7f55d08b1000-7f55d08f1000 r-xp 0001f000 fe:00 414966                     /home/joseph/Documents/Programming/Graphics/OpenGLProject/cmake-build-debug/libOpenGLProject.so
7f55d08f1000-7f55d0903000 r--p 0005f000 fe:00 414966                     /home/joseph/Documents/Programming/Graphics/OpenGLProject/cmake-build-debug/libOpenGLProject.so
7f55d0903000-7f55d0904000 ---p 00071000 fe:00 414966                     /home/joseph/Documents/Programming/Graphics/OpenGLProject/cmake-build-debug/libOpenGLProject.so
7f55d0904000-7f55d0906000 r--p 00071000 fe:00 414966                     /home/joseph/Documents/Programming/Graphics/OpenGLProject/cmake-build-debug/libOpenGLProject.so
7f55d0906000-7f55d0908000 rw-p 00073000 fe:00 414966                     /home/joseph/Documents/Programming/Graphics/OpenGLProject/cmake-build-debug/libOpenGLProject.so
7f55d0908000-7f55d3a8b000 rw-p 00000000 00:00 0 
7f55d3a8b000-7f55d3b0b000 ---p 00000000 00:00 0 
7f55d3b0b000-7f55d3d0b000 rw-p 00000000 00:00 0 
7f55d3d5d000-7f55d3d62000 r--p 00000000 fe:00 4983049                    /usr/lib/jvm/java-8-openjdk/jre/lib/amd64/libnet.so
7f55d3d62000-7f55d3d71000 r-xp 00005000 fe:00 4983049                    /usr/lib/jvm/java-8-openjdk/jre/lib/amd64/libnet.so
7f55d3d71000-7f55d3d75000 r--p 00014000 fe:00 4983049                    /usr/lib/jvm/java-8-openjdk/jre/lib/amd64/libnet.so
7f55d3d75000-7f55d3d76000 r--p 00017000 fe:00 4983049                    /usr/lib/jvm/java-8-openjdk/jre/lib/amd64/libnet.so
7f55d3d76000-7f55d3d77000 rw-p 00018000 fe:00 4983049                    /usr/lib/jvm/java-8-openjdk/jre/lib/amd64/libnet.so
7f55d3d77000-7f55d3d7e000 r--p 00000000 fe:00 4983050                    /usr/lib/jvm/java-8-openjdk/jre/lib/amd64/libnio.so
7f55d3d7e000-7f55d3d86000 r-xp 00007000 fe:00 4983050                    /usr/lib/jvm/java-8-openjdk/jre/lib/amd64/libnio.so
7f55d3d86000-7f55d3d89000 r--p 0000f000 fe:00 4983050                    /usr/lib/jvm/java-8-openjdk/jre/lib/amd64/libnio.so
7f55d3d89000-7f55d3d8a000 ---p 00012000 fe:00 4983050                    /usr/lib/jvm/java-8-openjdk/jre/lib/amd64/libnio.so
7f55d3d8a000-7f55d3d8b000 r--p 00012000 fe:00 4983050                    /usr/lib/jvm/java-8-openjdk/jre/lib/amd64/libnio.so
7f55d3d8b000-7f55d3d8c000 rw-p 00013000 fe:00 4983050                    /usr/lib/jvm/java-8-openjdk/jre/lib/amd64/libnio.so
7f55d3d8c000-7f55d3d8d000 ---p 00000000 00:00 0 
7f55d3d8d000-7f55d3e8d000 rw-p 00000000 00:00 0 
7f55d3e8d000-7f55d3eb0000 r--s 00347000 fe:00 4071644                    /usr/share/scala/lib/scala-reflect.jar
7f55d3eb0000-7f55d3eff000 r--s 00967000 fe:00 4069435                    /usr/share/scala/lib/scala-compiler.jar
7f55d3eff000-7f55d3f02000 ---p 00000000 00:00 0 
7f55d3f02000-7f55d4000000 rw-p 00000000 00:00 0 
7f55d4000000-7f55d4021000 rw-p 00000000 00:00 0 
7f55d4021000-7f55d8000000 ---p 00000000 00:00 0 
7f55d8000000-7f55d8002000 r--p 00000000 fe:00 4078938                    /usr/lib/libXrandr.so.2.2.0
7f55d8002000-7f55d8009000 r-xp 00002000 fe:00 4078938                    /usr/lib/libXrandr.so.2.2.0
7f55d8009000-7f55d800b000 r--p 00009000 fe:00 4078938                    /usr/lib/libXrandr.so.2.2.0
7f55d800b000-7f55d800c000 r--p 0000a000 fe:00 4078938                    /usr/lib/libXrandr.so.2.2.0
7f55d800c000-7f55d800d000 rw-p 0000b000 fe:00 4078938                    /usr/lib/libXrandr.so.2.2.0
7f55d800d000-7f55d800e000 ---p 00000000 00:00 0 
7f55d800e000-7f55d8011000 ---p 00000000 00:00 0 
7f55d8011000-7f55d810e000 rw-p 00000000 00:00 0 
7f55d810e000-7f55d810f000 ---p 00000000 00:00 0 
7f55d810f000-7f55d8112000 ---p 00000000 00:00 0 
7f55d8112000-7f55d820f000 rw-p 00000000 00:00 0 
7f55d820f000-7f55d8210000 ---p 00000000 00:00 0 
7f55d8210000-7f55d8213000 ---p 00000000 00:00 0 
7f55d8213000-7f55d8310000 rw-p 00000000 00:00 0 
7f55d8310000-7f55d8313000 ---p 00000000 00:00 0 
7f55d8313000-7f55d8411000 rw-p 00000000 00:00 0 
7f55d8411000-7f55d86f7000 r--p 00000000 fe:00 4078801                    /usr/lib/locale/locale-archive
7f55d86f7000-7f55d86fa000 ---p 00000000 00:00 0 
7f55d86fa000-7f55d87f8000 rw-p 00000000 00:00 0 
7f55d87f8000-7f55d87fb000 ---p 00000000 00:00 0 
7f55d87fb000-7f55d88f9000 rw-p 00000000 00:00 0 
7f55d88f9000-7f55d88fa000 ---p 00000000 00:00 0 
7f55d88fa000-7f55d9000000 rw-p 00000000 00:00 0 
7f55d9000000-7f55d9280000 rwxp 00000000 00:00 0 
7f55d9280000-7f55e8000000 ---p 00000000 00:00 0 
7f55e8000000-7f55e951c000 rw-p 00000000 00:00 0 
7f55e951c000-7f55ec000000 ---p 00000000 00:00 0 
7f55ec004000-7f55ec00a000 r--s 00080000 fe:00 4072599                    /usr/share/scala/lib/scala-xml_2.12-1.0.6.jar
7f55ec00a000-7f55ec013000 r--s 000ab000 fe:00 4072582                    /usr/share/scala/lib/scala-swing_2.12-2.0.3.jar
7f55ec013000-7f55ec04b000 r--s 004bf000 fe:00 4069441                    /usr/share/scala/lib/scala-library.jar
7f55ec04b000-7f55eca47000 rw-p 00000000 00:00 0 
7f55eca47000-7f55ecc17000 r--s 03c3a000 fe:00 4983165                    /usr/lib/jvm/java-8-openjdk/jre/lib/rt.jar
7f55ecc17000-7f55edd68000 rw-p 00000000 00:00 0 
7f55edd68000-7f55edd69000 ---p 00000000 00:00 0 
7f55edd69000-7f55ede69000 rw-p 00000000 00:00 0 
7f55ede69000-7f55ede6a000 ---p 00000000 00:00 0 
7f55ede6a000-7f55edf6a000 rw-p 00000000 00:00 0 
7f55edf6a000-7f55edf6b000 ---p 00000000 00:00 0 
7f55edf6b000-7f55ee06b000 rw-p 00000000 00:00 0 
7f55ee06b000-7f55ee06c000 ---p 00000000 00:00 0 
7f55ee06c000-7f55ee177000 rw-p 00000000 00:00 0 
7f55ee177000-7f55ee1c2000 ---p 00000000 00:00 0 
7f55ee1c2000-7f55ee1cd000 rw-p 00000000 00:00 0 
7f55ee1cd000-7f55ee217000 ---p 00000000 00:00 0 
7f55ee217000-7f55ee221000 rw-p 00000000 00:00 0 
7f55ee221000-7f55ee242000 ---p 00000000 00:00 0 
7f55ee242000-7f55ee24d000 rw-p 00000000 00:00 0 
7f55ee24d000-7f55ee603000 ---p 00000000 00:00 0 
7f55ee603000-7f55ee606000 r--p 00000000 fe:00 4071892                    /usr/lib/libnss_files-2.28.so
7f55ee606000-7f55ee60d000 r-xp 00003000 fe:00 4071892                    /usr/lib/libnss_files-2.28.so
7f55ee60d000-7f55ee610000 r--p 0000a000 fe:00 4071892                    /usr/lib/libnss_files-2.28.so
7f55ee610000-7f55ee611000 r--p 0000c000 fe:00 4071892                    /usr/lib/libnss_files-2.28.so
7f55ee611000-7f55ee612000 rw-p 0000d000 fe:00 4071892                    /usr/lib/libnss_files-2.28.so
7f55ee612000-7f55ee618000 rw-p 00000000 00:00 0 
7f55ee61a000-7f55ee61c000 r--s 00006000 fe:00 4072524                    /usr/share/scala/lib/scala-repl-jline.jar
7f55ee61c000-7f55ee621000 r--s 00041000 fe:00 4071912                    /usr/share/scala/lib/scala-repl-jline-embedded.jar
7f55ee621000-7f55ee627000 r--s 00077000 fe:00 4072603                    /usr/share/scala/lib/scalap.jar
7f55ee627000-7f55ee632000 r--s 001d6000 fe:00 4069275                    /usr/share/scala/lib/scala-compiler-doc.jar
7f55ee632000-7f55ee636000 r--s 0003e000 fe:00 4069189                    /usr/share/scala/lib/jline.jar
7f55ee636000-7f55ee65e000 rw-p 00000000 00:00 0 
7f55ee65e000-7f55ee661000 r--p 00000000 fe:00 4983099                    /usr/lib/jvm/java-8-openjdk/jre/lib/amd64/libzip.so
7f55ee661000-7f55ee665000 r-xp 00003000 fe:00 4983099                    /usr/lib/jvm/java-8-openjdk/jre/lib/amd64/libzip.so
7f55ee665000-7f55ee667000 r--p 00007000 fe:00 4983099                    /usr/lib/jvm/java-8-openjdk/jre/lib/amd64/libzip.so
7f55ee667000-7f55ee668000 r--p 00008000 fe:00 4983099                    /usr/lib/jvm/java-8-openjdk/jre/lib/amd64/libzip.so
7f55ee668000-7f55ee669000 rw-p 00009000 fe:00 4983099                    /usr/lib/jvm/java-8-openjdk/jre/lib/amd64/libzip.so
7f55ee669000-7f55ee66b000 r--p 00000000 fe:00 4078347                    /usr/lib/librt-2.28.so
7f55ee66b000-7f55ee66f000 r-xp 00002000 fe:00 4078347                    /usr/lib/librt-2.28.so
7f55ee66f000-7f55ee671000 r--p 00006000 fe:00 4078347                    /usr/lib/librt-2.28.so
7f55ee671000-7f55ee672000 r--p 00007000 fe:00 4078347                    /usr/lib/librt-2.28.so
7f55ee672000-7f55ee673000 rw-p 00008000 fe:00 4078347                    /usr/lib/librt-2.28.so
7f55ee673000-7f55ee674000 ---p 00000000 00:00 0 
7f55ee674000-7f55ee677000 ---p 00000000 00:00 0 
7f55ee677000-7f55ee774000 rw-p 00000000 00:00 0 
7f55ee774000-7f55ee781000 r--p 00000000 fe:00 4071870                    /usr/lib/libm-2.28.so
7f55ee781000-7f55ee822000 r-xp 0000d000 fe:00 4071870                    /usr/lib/libm-2.28.so
7f55ee822000-7f55ee8f7000 r--p 000ae000 fe:00 4071870                    /usr/lib/libm-2.28.so
7f55ee8f7000-7f55ee8f8000 r--p 00182000 fe:00 4071870                    /usr/lib/libm-2.28.so
7f55ee8f8000-7f55ee8f9000 rw-p 00183000 fe:00 4071870                    /usr/lib/libm-2.28.so
7f55ee8f9000-7f55eeaea000 r--p 00000000 fe:00 4983102                    /usr/lib/jvm/java-8-openjdk/jre/lib/amd64/server/libjvm.so
7f55eeaea000-7f55ef35d000 r-xp 001f1000 fe:00 4983102                    /usr/lib/jvm/java-8-openjdk/jre/lib/amd64/server/libjvm.so
7f55ef35d000-7f55ef4fd000 r--p 00a64000 fe:00 4983102                    /usr/lib/jvm/java-8-openjdk/jre/lib/amd64/server/libjvm.so
7f55ef4fd000-7f55ef4fe000 ---p 00c04000 fe:00 4983102                    /usr/lib/jvm/java-8-openjdk/jre/lib/amd64/server/libjvm.so
7f55ef4fe000-7f55ef593000 r--p 00c04000 fe:00 4983102                    /usr/lib/jvm/java-8-openjdk/jre/lib/amd64/server/libjvm.so
7f55ef593000-7f55ef5bb000 rw-p 00c99000 fe:00 4983102                    /usr/lib/jvm/java-8-openjdk/jre/lib/amd64/server/libjvm.so
7f55ef5bb000-7f55ef5ed000 rw-p 00000000 00:00 0 
7f55ef5ed000-7f55ef5f3000 r--p 00000000 fe:00 4071899                    /usr/lib/libpthread-2.28.so
7f55ef5f3000-7f55ef602000 r-xp 00006000 fe:00 4071899                    /usr/lib/libpthread-2.28.so
7f55ef602000-7f55ef608000 r--p 00015000 fe:00 4071899                    /usr/lib/libpthread-2.28.so
7f55ef608000-7f55ef609000 r--p 0001a000 fe:00 4071899                    /usr/lib/libpthread-2.28.so
7f55ef609000-7f55ef60a000 rw-p 0001b000 fe:00 4071899                    /usr/lib/libpthread-2.28.so
7f55ef60a000-7f55ef60e000 rw-p 00000000 00:00 0 
7f55ef60e000-7f55ef60f000 r--p 00000000 fe:00 4071864                    /usr/lib/libdl-2.28.so
7f55ef60f000-7f55ef610000 r-xp 00001000 fe:00 4071864                    /usr/lib/libdl-2.28.so
7f55ef610000-7f55ef611000 r--p 00002000 fe:00 4071864                    /usr/lib/libdl-2.28.so
7f55ef611000-7f55ef612000 r--p 00002000 fe:00 4071864                    /usr/lib/libdl-2.28.so
7f55ef612000-7f55ef613000 rw-p 00003000 fe:00 4071864                    /usr/lib/libdl-2.28.so
7f55ef613000-7f55ef629000 r-xp 00000000 fe:00 4069349                    /usr/lib/libz.so.1.2.11
7f55ef629000-7f55ef828000 ---p 00016000 fe:00 4069349                    /usr/lib/libz.so.1.2.11
7f55ef828000-7f55ef829000 r--p 00015000 fe:00 4069349                    /usr/lib/libz.so.1.2.11
7f55ef829000-7f55ef82a000 rw-p 00016000 fe:00 4069349                    /usr/lib/libz.so.1.2.11
7f55ef82a000-7f55ef84c000 r--p 00000000 fe:00 4071855                    /usr/lib/libc-2.28.so
7f55ef84c000-7f55ef997000 r-xp 00022000 fe:00 4071855                    /usr/lib/libc-2.28.so
7f55ef997000-7f55ef9e3000 r--p 0016d000 fe:00 4071855                    /usr/lib/libc-2.28.so
7f55ef9e3000-7f55ef9e4000 ---p 001b9000 fe:00 4071855                    /usr/lib/libc-2.28.so
7f55ef9e4000-7f55ef9e8000 r--p 001b9000 fe:00 4071855                    /usr/lib/libc-2.28.so
7f55ef9e8000-7f55ef9ea000 rw-p 001bd000 fe:00 4071855                    /usr/lib/libc-2.28.so
7f55ef9ea000-7f55ef9ee000 rw-p 00000000 00:00 0 
7f55ef9ef000-7f55ef9f4000 rw-p 00000000 00:00 0 
7f55ef9f4000-7f55ef9fc000 rw-s 00000000 00:2c 45                         /tmp/hsperfdata_joseph/29625
7f55ef9fc000-7f55ef9fd000 rw-p 00000000 00:00 0 
7f55ef9fd000-7f55ef9fe000 r--p 00000000 00:00 0 
7f55ef9fe000-7f55efa0b000 r--p 00000000 fe:00 4983038                    /usr/lib/jvm/java-8-openjdk/jre/lib/amd64/libjava.so
7f55efa0b000-7f55efa23000 r-xp 0000d000 fe:00 4983038                    /usr/lib/jvm/java-8-openjdk/jre/lib/amd64/libjava.so
7f55efa23000-7f55efa2a000 r--p 00025000 fe:00 4983038                    /usr/lib/jvm/java-8-openjdk/jre/lib/amd64/libjava.so
7f55efa2a000-7f55efa2b000 ---p 0002c000 fe:00 4983038                    /usr/lib/jvm/java-8-openjdk/jre/lib/amd64/libjava.so
7f55efa2b000-7f55efa2c000 r--p 0002c000 fe:00 4983038                    /usr/lib/jvm/java-8-openjdk/jre/lib/amd64/libjava.so
7f55efa2c000-7f55efa2d000 rw-p 0002d000 fe:00 4983038                    /usr/lib/jvm/java-8-openjdk/jre/lib/amd64/libjava.so
7f55efa2d000-7f55efa2e000 rw-p 00000000 00:00 0 
7f55efa2e000-7f55efa33000 r--p 00000000 fe:00 4983098                    /usr/lib/jvm/java-8-openjdk/jre/lib/amd64/libverify.so
7f55efa33000-7f55efa3a000 r-xp 00005000 fe:00 4983098                    /usr/lib/jvm/java-8-openjdk/jre/lib/amd64/libverify.so
7f55efa3a000-7f55efa3c000 r--p 0000c000 fe:00 4983098                    /usr/lib/jvm/java-8-openjdk/jre/lib/amd64/libverify.so
7f55efa3c000-7f55efa3e000 r--p 0000d000 fe:00 4983098                    /usr/lib/jvm/java-8-openjdk/jre/lib/amd64/libverify.so
7f55efa3e000-7f55efa3f000 rw-p 0000f000 fe:00 4983098                    /usr/lib/jvm/java-8-openjdk/jre/lib/amd64/libverify.so
7f55efa3f000-7f55efa41000 r--p 00000000 fe:00 4982149                    /usr/lib/jvm/java-8-openjdk/jre/lib/amd64/jli/libjli.so
7f55efa41000-7f55efa4a000 r-xp 00002000 fe:00 4982149                    /usr/lib/jvm/java-8-openjdk/jre/lib/amd64/jli/libjli.so
7f55efa4a000-7f55efa4d000 r--p 0000b000 fe:00 4982149                    /usr/lib/jvm/java-8-openjdk/jre/lib/amd64/jli/libjli.so
7f55efa4d000-7f55efa4e000 r--p 0000d000 fe:00 4982149                    /usr/lib/jvm/java-8-openjdk/jre/lib/amd64/jli/libjli.so
7f55efa4e000-7f55efa4f000 rw-p 0000e000 fe:00 4982149                    /usr/lib/jvm/java-8-openjdk/jre/lib/amd64/jli/libjli.so
7f55efa4f000-7f55efa51000 rw-p 00000000 00:00 0 
7f55efa51000-7f55efa53000 r--p 00000000 fe:00 4071843                    /usr/lib/ld-2.28.so
7f55efa53000-7f55efa72000 r-xp 00002000 fe:00 4071843                    /usr/lib/ld-2.28.so
7f55efa72000-7f55efa7a000 r--p 00021000 fe:00 4071843                    /usr/lib/ld-2.28.so
7f55efa7a000-7f55efa7b000 r--p 00028000 fe:00 4071843                    /usr/lib/ld-2.28.so
7f55efa7b000-7f55efa7c000 rw-p 00029000 fe:00 4071843                    /usr/lib/ld-2.28.so
7f55efa7c000-7f55efa7d000 rw-p 00000000 00:00 0 
7ffeef8be000-7ffeef8df000 rw-p 00000000 00:00 0                          [stack]
7ffeef902000-7ffeef905000 r--p 00000000 00:00 0                          [vvar]
7ffeef905000-7ffeef907000 r-xp 00000000 00:00 0                          [vdso]
ffffffffff600000-ffffffffff601000 r-xp 00000000 00:00 0                  [vsyscall]

VM Arguments:
jvm_args: -Xmx256M -Xms32M -Xbootclasspath/a:/usr/share/scala/lib/jline.jar:/usr/share/scala/lib/scala-compiler-doc.jar:/usr/share/scala/lib/scala-compiler.jar:/usr/share/scala/lib/scala-library.jar:/usr/share/scala/lib/scalap.jar:/usr/share/scala/lib/scala-reflect.jar:/usr/share/scala/lib/scala-repl-jline-embedded.jar:/usr/share/scala/lib/scala-repl-jline.jar:/usr/share/scala/lib/scala-swing_2.12-2.0.3.jar:/usr/share/scala/lib/scala-xml_2.12-1.0.6.jar -Dscala.boot.class.path=/usr/share/scala/lib/jline.jar:/usr/share/scala/lib/scala-compiler-doc.jar:/usr/share/scala/lib/scala-compiler.jar:/usr/share/scala/lib/scala-library.jar:/usr/share/scala/lib/scalap.jar:/usr/share/scala/lib/scala-reflect.jar:/usr/share/scala/lib/scala-repl-jline-embedded.jar:/usr/share/scala/lib/scala-repl-jline.jar:/usr/share/scala/lib/scala-swing_2.12-2.0.3.jar:/usr/share/scala/lib/scala-xml_2.12-1.0.6.jar -Dscala.home=/usr/share/scala -Dscala.usejavacp=true 
java_command: scala.tools.nsc.MainGenericRunner Main
java_class_path (initial): ""
Launcher Type: SUN_STANDARD

Environment Variables:
PATH=/opt/java/jdk-11.0.2/bin:/usr/local/sbin:/usr/local/bin:/usr/bin:/opt/android-sdk/platform-tools:/opt/android-sdk/tools:/opt/android-sdk/tools/bin:/var/lib/flatpak/exports/bin:/usr/lib/jvm/default/bin:/usr/bin/site_perl:/usr/bin/vendor_perl:/usr/bin/core_perl
SHELL=/usr/bin/fish
DISPLAY=:0

Signal Handlers:
SIGSEGV: [libjvm.so+0xa32bd0], sa_mask[0]=11111111011111111101111111111110, sa_flags=SA_RESTART|SA_SIGINFO
SIGBUS: [libjvm.so+0xa32bd0], sa_mask[0]=11111111011111111101111111111110, sa_flags=SA_RESTART|SA_SIGINFO
SIGFPE: [libjvm.so+0x88ebd0], sa_mask[0]=11111111011111111101111111111110, sa_flags=SA_RESTART|SA_SIGINFO
SIGPIPE: [libjvm.so+0x88ebd0], sa_mask[0]=11111111011111111101111111111110, sa_flags=SA_RESTART|SA_SIGINFO
SIGXFSZ: [libjvm.so+0x88ebd0], sa_mask[0]=11111111011111111101111111111110, sa_flags=SA_RESTART|SA_SIGINFO
SIGILL: [libjvm.so+0x88ebd0], sa_mask[0]=11111111011111111101111111111110, sa_flags=SA_RESTART|SA_SIGINFO
SIGUSR1: SIG_DFL, sa_mask[0]=00000000000000000000000000000000, sa_flags=none
SIGUSR2: [libjvm.so+0x88ea60], sa_mask[0]=00100000000000000000000000000000, sa_flags=SA_RESTART|SA_SIGINFO
SIGHUP: [libjvm.so+0x88ee70], sa_mask[0]=11111111011111111101111111111110, sa_flags=SA_RESTART|SA_SIGINFO
SIGINT: [libjvm.so+0x88ee70], sa_mask[0]=11111111011111111101111111111110, sa_flags=SA_RESTART|SA_SIGINFO
SIGTERM: [libjvm.so+0x88ee70], sa_mask[0]=11111111011111111101111111111110, sa_flags=SA_RESTART|SA_SIGINFO
SIGQUIT: [libjvm.so+0x88ee70], sa_mask[0]=11111111011111111101111111111110, sa_flags=SA_RESTART|SA_SIGINFO


---------------  S Y S T E M  ---------------

OS:DISTRIB_ID=ManjaroLinux
DISTRIB_RELEASE=18.0.4
DISTRIB_CODENAME=Illyria
DISTRIB_DESCRIPTION="Manjaro Linux"

uname:Linux 4.14.109-1-MANJARO #1 SMP PREEMPT Wed Mar 27 18:51:38 UTC 2019 x86_64
libc:glibc 2.28 NPTL 2.28 
rlimit: STACK 8192k, CORE infinity, NPROC 30719, NOFILE 1048576, AS infinity
load average:3.83 2.47 1.70

/proc/meminfo:
MemTotal:        8109572 kB
MemFree:          139856 kB
MemAvailable:     199144 kB
Buffers:           12460 kB
Cached:           444536 kB
SwapCached:       179452 kB
Active:          6324268 kB
Inactive:        1088252 kB
Active(anon):    6222180 kB
Inactive(anon):   944636 kB
Active(file):     102088 kB
Inactive(file):   143616 kB
Unevictable:          48 kB
Mlocked:              48 kB
SwapTotal:       8290300 kB
SwapFree:        6215164 kB
Dirty:              4468 kB
Writeback:             0 kB
AnonPages:       6952100 kB
Mapped:           508732 kB
Shmem:            211032 kB
Slab:             172284 kB
SReclaimable:      65564 kB
SUnreclaim:       106720 kB
KernelStack:       16624 kB
PageTables:        54700 kB
NFS_Unstable:          0 kB
Bounce:                0 kB
WritebackTmp:          0 kB
CommitLimit:    12345084 kB
Committed_AS:   14300284 kB
VmallocTotal:   34359738367 kB
VmallocUsed:           0 kB
VmallocChunk:          0 kB
HardwareCorrupted:     0 kB
AnonHugePages:   2373632 kB
ShmemHugePages:        0 kB
ShmemPmdMapped:        0 kB
HugePages_Total:       0
HugePages_Free:        0
HugePages_Rsvd:        0
HugePages_Surp:        0
Hugepagesize:       2048 kB
DirectMap4k:      652196 kB
DirectMap2M:     7673856 kB
DirectMap1G:     1048576 kB

container (cgroup) information:
container_type: cgroupv1
cpu_cpuset_cpus: 0-3
cpu_memory_nodes: 0
active_processor_count: 4
cpu_quota: -1
cpu_period: 100000
cpu_shares: -1
memory_limit_in_bytes: -1
memory_and_swap_limit_in_bytes: -1
memory_soft_limit_in_bytes: -1
memory_usage_in_bytes: 7582810112
memory_max_usage_in_bytes: 7636320256


CPU:total 4 (initial active 4) (2 cores per cpu, 2 threads per core) family 6 model 60 stepping 3, cmov, cx8, fxsr, mmx, sse, sse2, sse3, ssse3, sse4.1, sse4.2, popcnt, avx, avx2, aes, clmul, erms, lzcnt, ht, tsc, tscinvbit, bmi1, bmi2

/proc/cpuinfo:
processor	: 0
vendor_id	: GenuineIntel
cpu family	: 6
model		: 60
model name	: Intel(R) Core(TM) i3-4130 CPU @ 3.40GHz
stepping	: 3
microcode	: 0x25
cpu MHz		: 2634.432
cache size	: 3072 KB
physical id	: 0
siblings	: 4
core id		: 0
cpu cores	: 2
apicid		: 0
initial apicid	: 0
fpu		: yes
fpu_exception	: yes
cpuid level	: 13
wp		: yes
flags		: fpu vme de pse tsc msr pae mce cx8 apic sep mtrr pge mca cmov pat pse36 clflush dts acpi mmx fxsr sse sse2 ss ht tm pbe syscall nx pdpe1gb rdtscp lm constant_tsc arch_perfmon pebs bts rep_good nopl xtopology nonstop_tsc cpuid aperfmperf pni pclmulqdq dtes64 monitor ds_cpl vmx est tm2 ssse3 sdbg fma cx16 xtpr pdcm pcid sse4_1 sse4_2 movbe popcnt tsc_deadline_timer aes xsave avx f16c rdrand lahf_lm abm cpuid_fault epb invpcid_single pti ssbd ibrs ibpb stibp tpr_shadow vnmi flexpriority ept vpid fsgsbase tsc_adjust bmi1 avx2 smep bmi2 erms invpcid xsaveopt dtherm arat pln pts flush_l1d
bugs		: cpu_meltdown spectre_v1 spectre_v2 spec_store_bypass l1tf
bogomips	: 6787.40
clflush size	: 64
cache_alignment	: 64
address sizes	: 39 bits physical, 48 bits virtual
power management:

processor	: 1
vendor_id	: GenuineIntel
cpu family	: 6
model		: 60
model name	: Intel(R) Core(TM) i3-4130 CPU @ 3.40GHz
stepping	: 3
microcode	: 0x25
cpu MHz		: 2868.293
cache size	: 3072 KB
physical id	: 0
siblings	: 4
core id		: 1
cpu cores	: 2
apicid		: 2
initial apicid	: 2
fpu		: yes
fpu_exception	: yes
cpuid level	: 13
wp		: yes
flags		: fpu vme de pse tsc msr pae mce cx8 apic sep mtrr pge mca cmov pat pse36 clflush dts acpi mmx fxsr sse sse2 ss ht tm pbe syscall nx pdpe1gb rdtscp lm constant_tsc arch_perfmon pebs bts rep_good nopl xtopology nonstop_tsc cpuid aperfmperf pni pclmulqdq dtes64 monitor ds_cpl vmx est tm2 ssse3 sdbg fma cx16 xtpr pdcm pcid sse4_1 sse4_2 movbe popcnt tsc_deadline_timer aes xsave avx f16c rdrand lahf_lm abm cpuid_fault epb invpcid_single pti ssbd ibrs ibpb stibp tpr_shadow vnmi flexpriority ept vpid fsgsbase tsc_adjust bmi1 avx2 smep bmi2 erms invpcid xsaveopt dtherm arat pln pts flush_l1d
bugs		: cpu_meltdown spectre_v1 spectre_v2 spec_store_bypass l1tf
bogomips	: 6787.40
clflush size	: 64
cache_alignment	: 64
address sizes	: 39 bits physical, 48 bits virtual
power management:

processor	: 2
vendor_id	: GenuineIntel
cpu family	: 6
model		: 60
model name	: Intel(R) Core(TM) i3-4130 CPU @ 3.40GHz
stepping	: 3
microcode	: 0x25
cpu MHz		: 2572.103
cache size	: 3072 KB
physical id	: 0
siblings	: 4
core id		: 0
cpu cores	: 2
apicid		: 1
initial apicid	: 1
fpu		: yes
fpu_exception	: yes
cpuid level	: 13
wp		: yes
flags		: fpu vme de pse tsc msr pae mce cx8 apic sep mtrr pge mca cmov pat pse36 clflush dts acpi mmx fxsr sse sse2 ss ht tm pbe syscall nx pdpe1gb rdtscp lm constant_tsc arch_perfmon pebs bts rep_good nopl xtopology nonstop_tsc cpuid aperfmperf pni pclmulqdq dtes64 monitor ds_cpl vmx est tm2 ssse3 sdbg fma cx16 xtpr pdcm pcid sse4_1 sse4_2 movbe popcnt tsc_deadline_timer aes xsave avx f16c rdrand lahf_lm abm cpuid_fault epb invpcid_single pti ssbd ibrs ibpb stibp tpr_shadow vnmi flexpriority ept vpid fsgsbase tsc_adjust bmi1 avx2 smep bmi2 erms invpcid xsaveopt dtherm arat pln pts flush_l1d
bugs		: cpu_meltdown spectre_v1 spectre_v2 spec_store_bypass l1tf
bogomips	: 6787.40
clflush size	: 64
cache_alignment	: 64
address sizes	: 39 bits physical, 48 bits virtual
power management:

processor	: 3
vendor_id	: GenuineIntel
cpu family	: 6
model		: 60
model name	: Intel(R) Core(TM) i3-4130 CPU @ 3.40GHz
stepping	: 3
microcode	: 0x25
cpu MHz		: 2546.239
cache size	: 3072 KB
physical id	: 0
siblings	: 4
core id		: 1
cpu cores	: 2
apicid		: 3
initial apicid	: 3
fpu		: yes
fpu_exception	: yes
cpuid level	: 13
wp		: yes
flags		: fpu vme de pse tsc msr pae mce cx8 apic sep mtrr pge mca cmov pat pse36 clflush dts acpi mmx fxsr sse sse2 ss ht tm pbe syscall nx pdpe1gb rdtscp lm constant_tsc arch_perfmon pebs bts rep_good nopl xtopology nonstop_tsc cpuid aperfmperf pni pclmulqdq dtes64 monitor ds_cpl vmx est tm2 ssse3 sdbg fma cx16 xtpr pdcm pcid sse4_1 sse4_2 movbe popcnt tsc_deadline_timer aes xsave avx f16c rdrand lahf_lm abm cpuid_fault epb invpcid_single pti ssbd ibrs ibpb stibp tpr_shadow vnmi flexpriority ept vpid fsgsbase tsc_adjust bmi1 avx2 smep bmi2 erms invpcid xsaveopt dtherm arat pln pts flush_l1d
bugs		: cpu_meltdown spectre_v1 spectre_v2 spec_store_bypass l1tf
bogomips	: 6787.40
clflush size	: 64
cache_alignment	: 64
address sizes	: 39 bits physical, 48 bits virtual
power management:



Memory: 4k page, physical 8109572k(138608k free), swap 8290300k(6215164k free)

vm_info: OpenJDK 64-Bit Server VM (25.212-b01) for linux-amd64 JRE (1.8.0_212-b01), built on Mar 21 2019 23:20:35 by "builduser" with gcc 8.2.1 20181127

time: Mon Apr  8 21:56:18 2019
timezone: BST
elapsed time: 0 seconds (0d 0h 0m 0s)

