#
# A fatal error has been detected by the Java Runtime Environment:
#
#  SIGSEGV (0xb) at pc=0x0000000000000000, pid=30145, tid=0x00007f8527e2b700
#
# JRE version: OpenJDK Runtime Environment (8.0_212-b01) (build 1.8.0_212-b01)
# Java VM: OpenJDK 64-Bit Server VM (25.212-b01 mixed mode linux-amd64 compressed oops)
# Problematic frame:
# C  0x0000000000000000
#
# Core dump written. Default location: /home/joseph/Documents/Programming/Graphics/OpenGLProject/out/production/OpenGLProject/core or core.30145
#
# If you would like to submit a bug report, please visit:
#   http://bugreport.java.com/bugreport/crash.jsp
# The crash happened outside the Java Virtual Machine in native code.
# See problematic frame for where to report the bug.
#

---------------  T H R E A D  ---------------

Current thread (0x00007f852000b800):  JavaThread "main" [_thread_in_native, id=30146, stack(0x00007f8527d2c000,0x00007f8527e2c000)]

siginfo: si_signo: 11 (SIGSEGV), si_code: 1 (SEGV_MAPERR), si_addr: 0x0000000000000000

Registers:
RAX=0x0000000000000000, RBX=0x0000000000000001, RCX=0x00007f8527e29470, RDX=0x00007f85214e4d40
RSP=0x00007f8527e29398, RBP=0x00007f8527e29420, RSI=0x00007f85214e4d40, RDI=0x0000000000000001
R8 =0x0000000000000000, R9 =0x00007f85214e4d00, R10=0x0000000000000000, R11=0x00007f85241bcdbc
R12=0x0000000000000000, R13=0x00007f8510f5b438, R14=0x00007f8527e29540, R15=0x00007f852000b800
RIP=0x0000000000000000, EFLAGS=0x0000000000010246, CSGSFS=0x002b000000000033, ERR=0x0000000000000014
  TRAPNO=0x000000000000000e

Top of Stack: (sp=0x00007f8527e29398)
0x00007f8527e29398:   00007f85241bcdf9 0000000000000000
0x00007f8527e293a8:   0000000100000000 00007f8527e29470
0x00007f8527e293b8:   00007f85214e4d40 0000000000000000
0x00007f8527e293c8:   0000000000000000 0000000000000000
0x00007f8527e293d8:   0000000000000000 0000000000000000
0x00007f8527e293e8:   0000000000000000 0000000000000000
0x00007f8527e293f8:   0000000000000000 00007f85214e4cf0
0x00007f8527e29408:   9e065027f813f100 0000000000000001
0x00007f8527e29418:   0000000000000001 00007f8527e294b0
0x00007f8527e29428:   00007f85241be5c5 00007f0110f5b438
0x00007f8527e29438:   00007f8527e29540 00007f8527e29528
0x00007f8527e29448:   00007f852000b9e0 00007f8510f5b438
0x00007f8527e29458:   00007f852000b800 00007f85214e4cf0
0x00007f8527e29468:   00007f85214e4d40 00007f8527e29480
0x00007f8527e29478:   000000000000000f 66656d6f73657761
0x00007f8527e29488:   00676e702e656361 00007f8510f5b438
0x00007f8527e29498:   9e065027f813f100 00007f8527e29518
0x00007f8527e294a8:   00007f8510f5b438 00007f8527e29518
0x00007f8527e294b8:   00007f8511018407 00007f8527e29518
0x00007f8527e294c8:   00007f8511018167 00007f8511018122
0x00007f8527e294d8:   00007f8527e294d8 00007f8510f5b438
0x00007f8527e294e8:   00007f8527e29540 00007f8510f5b688
0x00007f8527e294f8:   0000000000000000 00007f8510f5b438
0x00007f8527e29508:   0000000000000000 00007f8527e29538
0x00007f8527e29518:   00007f8527e29590 00007f8511007a40
0x00007f8527e29528:   00000000fab1bff8 00007f8511011a56
0x00007f8527e29538:   0000000000000001 00000000fab19008
0x00007f8527e29548:   00000000fab0ec00 00007f8527e29550
0x00007f8527e29558:   00007f8510f47e42 00007f8527e295a8
0x00007f8527e29568:   00007f8510f48428 0000000000000000
0x00007f8527e29578:   00007f8510f47ed0 00007f8527e29538
0x00007f8527e29588:   00007f8527e295a8 00007f8527e295f0 

Instructions: (pc=0x0000000000000000)
0xffffffffffffffe0:   

Register to memory mapping:

RAX=0x0000000000000000 is an unknown value
RBX=0x0000000000000001 is an unknown value
RCX=0x00007f8527e29470 is pointing into the stack for thread: 0x00007f852000b800
RDX=0x00007f85214e4d40 is an unknown value
RSP=0x00007f8527e29398 is pointing into the stack for thread: 0x00007f852000b800
RBP=0x00007f8527e29420 is pointing into the stack for thread: 0x00007f852000b800
RSI=0x00007f85214e4d40 is an unknown value
RDI=0x0000000000000001 is an unknown value
R8 =0x0000000000000000 is an unknown value
R9 =0x00007f85214e4d00 is an unknown value
R10=0x0000000000000000 is an unknown value
R11=0x00007f85241bcdbc: _ZN4core15generateTextureEPjNSt7__cxx1112basic_stringIcSt11char_traitsIcESaIcEEEb+0 in /home/joseph/Documents/Programming/Graphics/OpenGLProject/cmake-build-debug/libOpenGLProject.so at 0x00007f8524181000
R12=0x0000000000000000 is an unknown value
R13={method} {0x00007f8510f5b438} 'generateTexture' '(Ljava/lang/String;Z)I' in 'jni/GLWrapper'
R14=0x00007f8527e29540 is pointing into the stack for thread: 0x00007f852000b800
R15=0x00007f852000b800 is a thread


Stack: [0x00007f8527d2c000,0x00007f8527e2c000],  sp=0x00007f8527e29398,  free space=1012k
Java frames: (J=compiled Java code, j=interpreted, Vv=VM code)
j  jni.GLWrapper.generateTexture(Ljava/lang/String;Z)I+0
j  Main$.delayedEndpoint$Main$1()V+50
j  Main$delayedInit$body.apply()Ljava/lang/Object;+4
j  scala.Function0.apply$mcV$sp()V+1
j  scala.Function0.apply$mcV$sp$(Lscala/Function0;)V+1
j  scala.runtime.AbstractFunction0.apply$mcV$sp()V+1
j  scala.App.$anonfun$main$1(Lscala/Function0;)V+1
j  scala.App.$anonfun$main$1$adapted(Lscala/Function0;)Ljava/lang/Object;+1
j  scala.App$$Lambda$128.apply(Ljava/lang/Object;)Ljava/lang/Object;+4
j  scala.collection.immutable.List.foreach(Lscala/Function1;)V+14
j  scala.collection.generic.TraversableForwarder.foreach(Lscala/Function1;)V+7
j  scala.collection.generic.TraversableForwarder.foreach$(Lscala/collection/generic/TraversableForwarder;Lscala/Function1;)V+2
j  scala.collection.mutable.ListBuffer.foreach(Lscala/Function1;)V+2
j  scala.App.main([Ljava/lang/String;)V+18
j  scala.App.main$(Lscala/App;[Ljava/lang/String;)V+2
j  Main$.main([Ljava/lang/String;)V+2
j  Main.main([Ljava/lang/String;)V+4
v  ~StubRoutines::call_stub
j  sun.reflect.NativeMethodAccessorImpl.invoke0(Ljava/lang/reflect/Method;Ljava/lang/Object;[Ljava/lang/Object;)Ljava/lang/Object;+0
j  sun.reflect.NativeMethodAccessorImpl.invoke(Ljava/lang/Object;[Ljava/lang/Object;)Ljava/lang/Object;+100
j  sun.reflect.DelegatingMethodAccessorImpl.invoke(Ljava/lang/Object;[Ljava/lang/Object;)Ljava/lang/Object;+6
j  java.lang.reflect.Method.invoke(Ljava/lang/Object;[Ljava/lang/Object;)Ljava/lang/Object;+56
j  scala.reflect.internal.util.ScalaClassLoader.$anonfun$run$2(Lscala/collection/Seq;Ljava/lang/reflect/Method;)Ljava/lang/Object;+27
j  scala.reflect.internal.util.ScalaClassLoader$$Lambda$127.apply()Ljava/lang/Object;+8
j  scala.reflect.internal.util.ScalaClassLoader.asContext(Lscala/Function0;)Ljava/lang/Object;+18
j  scala.reflect.internal.util.ScalaClassLoader.asContext$(Lscala/reflect/internal/util/ScalaClassLoader;Lscala/Function0;)Ljava/lang/Object;+2
j  scala.reflect.internal.util.ScalaClassLoader$URLClassLoader.asContext(Lscala/Function0;)Ljava/lang/Object;+2
j  scala.reflect.internal.util.ScalaClassLoader.run(Ljava/lang/String;Lscala/collection/Seq;)V+90
j  scala.reflect.internal.util.ScalaClassLoader.run$(Lscala/reflect/internal/util/ScalaClassLoader;Ljava/lang/String;Lscala/collection/Seq;)V+3
j  scala.reflect.internal.util.ScalaClassLoader$URLClassLoader.run(Ljava/lang/String;Lscala/collection/Seq;)V+3
j  scala.tools.nsc.CommonRunner.run(Lscala/collection/Seq;Ljava/lang/String;Lscala/collection/Seq;)V+15
j  scala.tools.nsc.CommonRunner.run$(Lscala/tools/nsc/CommonRunner;Lscala/collection/Seq;Ljava/lang/String;Lscala/collection/Seq;)V+4
j  scala.tools.nsc.ObjectRunner$.run(Lscala/collection/Seq;Ljava/lang/String;Lscala/collection/Seq;)V+4
j  scala.tools.nsc.CommonRunner.runAndCatch(Lscala/collection/Seq;Ljava/lang/String;Lscala/collection/Seq;)Lscala/util/Either;+4
j  scala.tools.nsc.CommonRunner.runAndCatch$(Lscala/tools/nsc/CommonRunner;Lscala/collection/Seq;Ljava/lang/String;Lscala/collection/Seq;)Lscala/util/Either;+4
j  scala.tools.nsc.ObjectRunner$.runAndCatch(Lscala/collection/Seq;Ljava/lang/String;Lscala/collection/Seq;)Lscala/util/Either;+4
j  scala.tools.nsc.MainGenericRunner.runTarget$1(Lscala/tools/nsc/GenericRunnerCommand;)Lscala/util/Either;+39
j  scala.tools.nsc.MainGenericRunner.run$1(Lscala/tools/nsc/GenericRunnerCommand;)Z+1
j  scala.tools.nsc.MainGenericRunner.process([Ljava/lang/String;)Z+128
j  scala.tools.nsc.MainGenericRunner$.main([Ljava/lang/String;)V+2
j  scala.tools.nsc.MainGenericRunner.main([Ljava/lang/String;)V+4
v  ~StubRoutines::call_stub

---------------  P R O C E S S  ---------------

Java Threads: ( => current thread )
  0x00007f85200c2000 JavaThread "Service Thread" daemon [_thread_blocked, id=30158, stack(0x00007f852460f000,0x00007f8524710000)]
  0x00007f85200be800 JavaThread "C1 CompilerThread2" daemon [_thread_blocked, id=30157, stack(0x00007f8524711000,0x00007f8524811000)]
  0x00007f85200bd000 JavaThread "C2 CompilerThread1" daemon [_thread_blocked, id=30156, stack(0x00007f8524812000,0x00007f8524912000)]
  0x00007f85200ba000 JavaThread "C2 CompilerThread0" daemon [_thread_blocked, id=30155, stack(0x00007f8524913000,0x00007f8524a13000)]
  0x00007f85200b8800 JavaThread "Signal Dispatcher" daemon [_thread_blocked, id=30154, stack(0x00007f8524a13000,0x00007f8524b14000)]
  0x00007f8520085800 JavaThread "Finalizer" daemon [_thread_blocked, id=30153, stack(0x00007f8524dfa000,0x00007f8524efb000)]
  0x00007f8520083000 JavaThread "Reference Handler" daemon [_thread_blocked, id=30152, stack(0x00007f8524efb000,0x00007f8524ffc000)]
=>0x00007f852000b800 JavaThread "main" [_thread_in_native, id=30146, stack(0x00007f8527d2c000,0x00007f8527e2c000)]

Other Threads:
  0x00007f8520079000 VMThread [stack: 0x00007f8524ffd000,0x00007f85250fd000] [id=30151]
  0x00007f85200ef000 WatcherThread [stack: 0x00007f8524456000,0x00007f8524556000] [id=30159]

VM state:not at safepoint (normal execution)

VM Mutex/Monitor currently owned by a thread: None

heap address: 0x00000000f0000000, size: 256 MB, Compressed Oops mode: 32-bit
Narrow klass base: 0x0000000000000000, Narrow klass shift: 3
Compressed class space size: 1073741824 Address: 0x0000000100000000

Heap:
 PSYoungGen      total 9728K, used 1225K [0x00000000fab00000, 0x00000000fb580000, 0x0000000100000000)
  eden space 8704K, 2% used [0x00000000fab00000,0x00000000fab39608,0x00000000fb380000)
  from space 1024K, 97% used [0x00000000fb480000,0x00000000fb578ef0,0x00000000fb580000)
  to   space 1024K, 0% used [0x00000000fb380000,0x00000000fb380000,0x00000000fb480000)
 ParOldGen       total 22016K, used 636K [0x00000000f0000000, 0x00000000f1580000, 0x00000000fab00000)
  object space 22016K, 2% used [0x00000000f0000000,0x00000000f009f168,0x00000000f1580000)
 Metaspace       used 12706K, capacity 13350K, committed 13440K, reserved 1060864K
  class space    used 1578K, capacity 1660K, committed 1664K, reserved 1048576K

Card table byte_map: [0x00007f852787a000,0x00007f85278fb000] byte_map_base: 0x00007f85270fa000

Marking Bits: (ParMarkBitMap*) 0x00007f8528c86c80
 Begin Bits: [0x00007f8526c20000, 0x00007f8527020000)
 End Bits:   [0x00007f8527020000, 0x00007f8527420000)

Polling page: 0x00007f85290b5000

CodeCache: size=245760Kb used=2481Kb max_used=2481Kb free=243278Kb
 bounds [0x00007f8511000000, 0x00007f8511270000, 0x00007f8520000000]
 total_blobs=985 nmethods=673 adapters=227
 compilation: enabled

Compilation events (10 events):
Event: 0.994 Thread 0x00007f85200be800  669       3       java.lang.invoke.ConstantCallSite::getTarget (20 bytes)
Event: 0.994 Thread 0x00007f85200be800 nmethod 669 0x00007f8511266c10 code [0x00007f8511266d80, 0x00007f8511266f88]
Event: 0.994 Thread 0x00007f85200be800  670       3       java.util.ArrayList::get (11 bytes)
Event: 0.995 Thread 0x00007f85200be800 nmethod 670 0x00007f8511267050 code [0x00007f85112671e0, 0x00007f8511267518]
Event: 0.995 Thread 0x00007f85200be800  672  s!   3       sun.misc.URLClassPath::getLoader (243 bytes)
Event: 0.996 Thread 0x00007f85200be800 nmethod 672 0x00007f8511267750 code [0x00007f8511267b80, 0x00007f851126a788]
Event: 0.996 Thread 0x00007f85200be800  671  s    3       sun.misc.URLClassPath::getNextLoader (88 bytes)
Event: 0.996 Thread 0x00007f85200be800 nmethod 671 0x00007f851126c290 code [0x00007f851126c480, 0x00007f851126cce8]
Event: 0.996 Thread 0x00007f85200be800  673       1       java.nio.Buffer::position (5 bytes)
Event: 0.996 Thread 0x00007f85200be800 nmethod 673 0x00007f851126d150 code [0x00007f851126d2a0, 0x00007f851126d3b0]

GC Heap History (4 events):
Event: 0.879 GC heap before
{Heap before GC invocations=1 (full 0):
 PSYoungGen      total 9728K, used 8704K [0x00000000fab00000, 0x00000000fb580000, 0x0000000100000000)
  eden space 8704K, 100% used [0x00000000fab00000,0x00000000fb380000,0x00000000fb380000)
  from space 1024K, 0% used [0x00000000fb480000,0x00000000fb480000,0x00000000fb580000)
  to   space 1024K, 0% used [0x00000000fb380000,0x00000000fb380000,0x00000000fb480000)
 ParOldGen       total 22016K, used 0K [0x00000000f0000000, 0x00000000f1580000, 0x00000000fab00000)
  object space 22016K, 0% used [0x00000000f0000000,0x00000000f0000000,0x00000000f1580000)
 Metaspace       used 12042K, capacity 12438K, committed 12672K, reserved 1060864K
  class space    used 1489K, capacity 1548K, committed 1664K, reserved 1048576K
Event: 0.881 GC heap after
Heap after GC invocations=1 (full 0):
 PSYoungGen      total 9728K, used 992K [0x00000000fab00000, 0x00000000fb580000, 0x0000000100000000)
  eden space 8704K, 0% used [0x00000000fab00000,0x00000000fab00000,0x00000000fb380000)
  from space 1024K, 96% used [0x00000000fb380000,0x00000000fb478020,0x00000000fb480000)
  to   space 1024K, 0% used [0x00000000fb480000,0x00000000fb480000,0x00000000fb580000)
 ParOldGen       total 22016K, used 220K [0x00000000f0000000, 0x00000000f1580000, 0x00000000fab00000)
  object space 22016K, 1% used [0x00000000f0000000,0x00000000f00373b8,0x00000000f1580000)
 Metaspace       used 12042K, capacity 12438K, committed 12672K, reserved 1060864K
  class space    used 1489K, capacity 1548K, committed 1664K, reserved 1048576K
}
Event: 0.988 GC heap before
{Heap before GC invocations=2 (full 0):
 PSYoungGen      total 9728K, used 9696K [0x00000000fab00000, 0x00000000fb580000, 0x0000000100000000)
  eden space 8704K, 100% used [0x00000000fab00000,0x00000000fb380000,0x00000000fb380000)
  from space 1024K, 96% used [0x00000000fb380000,0x00000000fb478020,0x00000000fb480000)
  to   space 1024K, 0% used [0x00000000fb480000,0x00000000fb480000,0x00000000fb580000)
 ParOldGen       total 22016K, used 220K [0x00000000f0000000, 0x00000000f1580000, 0x00000000fab00000)
  object space 22016K, 1% used [0x00000000f0000000,0x00000000f00373b8,0x00000000f1580000)
 Metaspace       used 12623K, capacity 13194K, committed 13440K, reserved 1060864K
  class space    used 1568K, capacity 1654K, committed 1664K, reserved 1048576K
Event: 0.989 GC heap after
Heap after GC invocations=2 (full 0):
 PSYoungGen      total 9728K, used 995K [0x00000000fab00000, 0x00000000fb580000, 0x0000000100000000)
  eden space 8704K, 0% used [0x00000000fab00000,0x00000000fab00000,0x00000000fb380000)
  from space 1024K, 97% used [0x00000000fb480000,0x00000000fb578ef0,0x00000000fb580000)
  to   space 1024K, 0% used [0x00000000fb380000,0x00000000fb380000,0x00000000fb480000)
 ParOldGen       total 22016K, used 636K [0x00000000f0000000, 0x00000000f1580000, 0x00000000fab00000)
  object space 22016K, 2% used [0x00000000f0000000,0x00000000f009f168,0x00000000f1580000)
 Metaspace       used 12623K, capacity 13194K, committed 13440K, reserved 1060864K
  class space    used 1568K, capacity 1654K, committed 1664K, reserved 1048576K
}

Deoptimization events (2 events):
Event: 0.498 Thread 0x00007f852000b800 Uncommon trap: reason=unstable_if action=reinterpret pc=0x00007f851117d1fc method=java.lang.String.indexOf(II)I @ 17
Event: 0.508 Thread 0x00007f852000b800 Uncommon trap: reason=null_check action=make_not_entrant pc=0x00007f851117b860 method=java.lang.String.equals(Ljava/lang/Object;)Z @ 8

Classes redefined (0 events):
No events

Internal exceptions (10 events):
Event: 0.939 Thread 0x00007f852000b800 Exception <a 'java/lang/NoSuchMethodError': java.lang.Object.$anonfun$envOrElse$1(Ljava/lang/String;)Ljava/lang/String;> (0x00000000fab87ef0) thrown at [/build/java8-openjdk/src/jdk8u-jdk8u212-b01/hotspot/src/share/vm/interpreter/linkResolver.cpp, line 62
Event: 0.940 Thread 0x00007f852000b800 Exception <a 'java/lang/NoSuchMethodError': java.lang.Object.$anonfun$envOrElse$2(Ljava/lang/String;)Ljava/lang/String;> (0x00000000fab8c228) thrown at [/build/java8-openjdk/src/jdk8u-jdk8u212-b01/hotspot/src/share/vm/interpreter/linkResolver.cpp, line 62
Event: 0.941 Thread 0x00007f852000b800 Exception <a 'java/lang/NoSuchMethodError': java.lang.Object.$anonfun$flatten$1(Lscala/Function1;Lscala/collection/mutable/Builder;Ljava/lang/Object;)Lscala/collection/mutable/Builder;> (0x00000000fab950a0) thrown at [/build/java8-openjdk/src/jdk8u-jdk8u2
Event: 0.943 Thread 0x00007f852000b800 Exception <a 'java/lang/NoSuchMethodError': java.lang.Object.$anonfun$flatMap$1(Lscala/Function1;Lscala/collection/mutable/Builder;Ljava/lang/Object;)Lscala/collection/mutable/Builder;> (0x00000000faba0090) thrown at [/build/java8-openjdk/src/jdk8u-jdk8u2
Event: 0.959 Thread 0x00007f852000b800 Exception <a 'java/lang/NoSuchMethodError': java.lang.Object.$anonfun$tryClass$1(Lscala/reflect/internal/util/ScalaClassLoader;Ljava/lang/String;Z)Ljava/lang/Class;> (0x00000000fabc3a50) thrown at [/build/java8-openjdk/src/jdk8u-jdk8u212-b01/hotspot/src/s
Event: 0.978 Thread 0x00007f852000b800 Exception <a 'java/lang/NoSuchMethodError': java.lang.Object.$anonfun$isInfo$1$adapted(Lscala/tools/nsc/settings/MutableSettings$Setting;)Ljava/lang/Object;> (0x00000000fafaa640) thrown at [/build/java8-openjdk/src/jdk8u-jdk8u212-b01/hotspot/src/share/vm/
Event: 0.978 Thread 0x00007f852000b800 Exception <a 'java/lang/NoSuchMethodError': java.lang.Object.$anonfun$isInfo$2$adapted(Lscala/tools/nsc/settings/MutableSettings$Setting;)Ljava/lang/Object;> (0x00000000fafae6e8) thrown at [/build/java8-openjdk/src/jdk8u-jdk8u212-b01/hotspot/src/share/vm/
Event: 0.987 Thread 0x00007f852000b800 Exception <a 'java/lang/NoSuchMethodError': java.lang.Object.$anonfun$run$1(Ljava/lang/String;)Lscala/runtime/Nothing$;> (0x00000000fb37b7e8) thrown at [/build/java8-openjdk/src/jdk8u-jdk8u212-b01/hotspot/src/share/vm/interpreter/linkResolver.cpp, line 62
Event: 0.991 Thread 0x00007f852000b800 Exception <a 'java/lang/NoSuchMethodError': java.lang.Object.$anonfun$run$2(Lscala/collection/Seq;Ljava/lang/reflect/Method;)Ljava/lang/Object;> (0x00000000fab05c28) thrown at [/build/java8-openjdk/src/jdk8u-jdk8u212-b01/hotspot/src/share/vm/interpreter/l
Event: 0.994 Thread 0x00007f852000b800 Exception <a 'java/lang/NoSuchMethodError': java.lang.Object.$anonfun$main$1$adapted(Lscala/Function0;)Ljava/lang/Object;> (0x00000000fab12398) thrown at [/build/java8-openjdk/src/jdk8u-jdk8u212-b01/hotspot/src/share/vm/interpreter/linkResolver.cpp, line 

Events (10 events):
Event: 0.993 loading class scala/compat/Platform$
Event: 0.993 loading class scala/compat/Platform$ done
Event: 0.993 loading class Main$delayedInit$body
Event: 0.993 loading class Main$delayedInit$body done
Event: 0.994 loading class scala/runtime/AbstractFunction0
Event: 0.994 loading class scala/runtime/AbstractFunction0 done
Event: 0.994 loading class jni/Vector3
Event: 0.994 loading class jni/Vector3 done
Event: 0.995 loading class jni/GLWrapper
Event: 0.995 loading class jni/GLWrapper done


Dynamic libraries:
f0000000-f1580000 rw-p 00000000 00:00 0 
f1580000-fab00000 ---p 00000000 00:00 0 
fab00000-fb580000 rw-p 00000000 00:00 0 
fb580000-100000000 ---p 00000000 00:00 0 
100000000-1001a0000 rw-p 00000000 00:00 0 
1001a0000-140000000 ---p 00000000 00:00 0 
55d97aec9000-55d97aeca000 r--p 00000000 fe:00 4982129                    /usr/lib/jvm/java-8-openjdk/jre/bin/java
55d97aeca000-55d97aecb000 r-xp 00001000 fe:00 4982129                    /usr/lib/jvm/java-8-openjdk/jre/bin/java
55d97aecb000-55d97aecc000 r--p 00002000 fe:00 4982129                    /usr/lib/jvm/java-8-openjdk/jre/bin/java
55d97aecc000-55d97aecd000 r--p 00002000 fe:00 4982129                    /usr/lib/jvm/java-8-openjdk/jre/bin/java
55d97aecd000-55d97aece000 rw-p 00003000 fe:00 4982129                    /usr/lib/jvm/java-8-openjdk/jre/bin/java
55d97b55e000-55d97b57f000 rw-p 00000000 00:00 0                          [heap]
7f84d4000000-7f84d4021000 rw-p 00000000 00:00 0 
7f84d4021000-7f84d8000000 ---p 00000000 00:00 0 
7f84d8000000-7f84d8021000 rw-p 00000000 00:00 0 
7f84d8021000-7f84dc000000 ---p 00000000 00:00 0 
7f84dc000000-7f84dc058000 rw-p 00000000 00:00 0 
7f84dc058000-7f84e0000000 ---p 00000000 00:00 0 
7f84e0000000-7f84e0074000 rw-p 00000000 00:00 0 
7f84e0074000-7f84e4000000 ---p 00000000 00:00 0 
7f84e4000000-7f84e4021000 rw-p 00000000 00:00 0 
7f84e4021000-7f84e8000000 ---p 00000000 00:00 0 
7f84e8000000-7f84e80c3000 rw-p 00000000 00:00 0 
7f84e80c3000-7f84ec000000 ---p 00000000 00:00 0 
7f84ec000000-7f84ec021000 rw-p 00000000 00:00 0 
7f84ec021000-7f84f0000000 ---p 00000000 00:00 0 
7f84f0000000-7f84f0021000 rw-p 00000000 00:00 0 
7f84f0021000-7f84f4000000 ---p 00000000 00:00 0 
7f84f4000000-7f84f4021000 rw-p 00000000 00:00 0 
7f84f4021000-7f84f8000000 ---p 00000000 00:00 0 
7f84f8000000-7f84f8021000 rw-p 00000000 00:00 0 
7f84f8021000-7f84fc000000 ---p 00000000 00:00 0 
7f84fc000000-7f84fc021000 rw-p 00000000 00:00 0 
7f84fc021000-7f8500000000 ---p 00000000 00:00 0 
7f8504000000-7f8504021000 rw-p 00000000 00:00 0 
7f8504021000-7f8508000000 ---p 00000000 00:00 0 
7f8508fff000-7f850c000000 rw-p 00000000 00:00 0 
7f850c000000-7f850c021000 rw-p 00000000 00:00 0 
7f850c021000-7f8510000000 ---p 00000000 00:00 0 
7f8510523000-7f8510528000 r-xp 00000000 fe:00 4069026                    /usr/lib/libXfixes.so.3.1.0
7f8510528000-7f8510727000 ---p 00005000 fe:00 4069026                    /usr/lib/libXfixes.so.3.1.0
7f8510727000-7f8510728000 r--p 00004000 fe:00 4069026                    /usr/lib/libXfixes.so.3.1.0
7f8510728000-7f8510729000 rw-p 00005000 fe:00 4069026                    /usr/lib/libXfixes.so.3.1.0
7f8510729000-7f85107b2000 r--p 00000000 fe:00 4069301                    /usr/lib/libstdc++.so.6.0.25
7f85107b2000-7f851086a000 r-xp 00089000 fe:00 4069301                    /usr/lib/libstdc++.so.6.0.25
7f851086a000-7f85108a7000 r--p 00141000 fe:00 4069301                    /usr/lib/libstdc++.so.6.0.25
7f85108a7000-7f85108a8000 ---p 0017e000 fe:00 4069301                    /usr/lib/libstdc++.so.6.0.25
7f85108a8000-7f85108b4000 r--p 0017e000 fe:00 4069301                    /usr/lib/libstdc++.so.6.0.25
7f85108b4000-7f85108b5000 rw-p 0018a000 fe:00 4069301                    /usr/lib/libstdc++.so.6.0.25
7f85108b5000-7f85108b8000 rw-p 00000000 00:00 0 
7f85108b8000-7f85108bc000 r-xp 00000000 fe:00 4069027                    /usr/lib/libXxf86vm.so.1.0.0
7f85108bc000-7f8510abc000 ---p 00004000 fe:00 4069027                    /usr/lib/libXxf86vm.so.1.0.0
7f8510abc000-7f8510abd000 r--p 00004000 fe:00 4069027                    /usr/lib/libXxf86vm.so.1.0.0
7f8510abd000-7f8510abe000 rw-p 00005000 fe:00 4069027                    /usr/lib/libXxf86vm.so.1.0.0
7f8510abe000-7f8510ac0000 r-xp 00000000 fe:00 4077494                    /usr/lib/libXinerama.so.1.0.0
7f8510ac0000-7f8510cbf000 ---p 00002000 fe:00 4077494                    /usr/lib/libXinerama.so.1.0.0
7f8510cbf000-7f8510cc0000 r--p 00001000 fe:00 4077494                    /usr/lib/libXinerama.so.1.0.0
7f8510cc0000-7f8510cc1000 rw-p 00002000 fe:00 4077494                    /usr/lib/libXinerama.so.1.0.0
7f8510cc1000-7f8510cdd000 r--p 00000000 fe:00 4079815                    /usr/lib/libX11.so.6.3.0
7f8510cdd000-7f8510d65000 r-xp 0001c000 fe:00 4079815                    /usr/lib/libX11.so.6.3.0
7f8510d65000-7f8510df9000 r--p 000a4000 fe:00 4079815                    /usr/lib/libX11.so.6.3.0
7f8510df9000-7f8510dfc000 r--p 00137000 fe:00 4079815                    /usr/lib/libX11.so.6.3.0
7f8510dfc000-7f8510e00000 rw-p 0013a000 fe:00 4079815                    /usr/lib/libX11.so.6.3.0
7f8510e00000-7f8510f80000 rw-p 00000000 00:00 0 
7f8510f80000-7f8511000000 ---p 00000000 00:00 0 
7f8511000000-7f8511270000 rwxp 00000000 00:00 0 
7f8511270000-7f8520000000 ---p 00000000 00:00 0 
7f8520000000-7f852150d000 rw-p 00000000 00:00 0 
7f852150d000-7f8524000000 ---p 00000000 00:00 0 
7f85240cf000-7f85240d1000 r--p 00000000 fe:00 4073249                    /usr/lib/libXdmcp.so.6.0.0
7f85240d1000-7f85240d3000 r-xp 00002000 fe:00 4073249                    /usr/lib/libXdmcp.so.6.0.0
7f85240d3000-7f85240d5000 r--p 00004000 fe:00 4073249                    /usr/lib/libXdmcp.so.6.0.0
7f85240d5000-7f85240d6000 r--p 00005000 fe:00 4073249                    /usr/lib/libXdmcp.so.6.0.0
7f85240d6000-7f85240d7000 rw-p 00006000 fe:00 4073249                    /usr/lib/libXdmcp.so.6.0.0
7f85240d7000-7f85240db000 r--p 00000000 fe:00 4073250                    /usr/lib/libXext.so.6.4.0
7f85240db000-7f85240e6000 r-xp 00004000 fe:00 4073250                    /usr/lib/libXext.so.6.4.0
7f85240e6000-7f85240ea000 r--p 0000f000 fe:00 4073250                    /usr/lib/libXext.so.6.4.0
7f85240ea000-7f85240eb000 r--p 00012000 fe:00 4073250                    /usr/lib/libXext.so.6.4.0
7f85240eb000-7f85240ec000 rw-p 00013000 fe:00 4073250                    /usr/lib/libXext.so.6.4.0
7f85240ec000-7f85240f8000 r--p 00000000 fe:00 4073236                    /usr/lib/libxcb.so.1.1.0
7f85240f8000-7f852410b000 r-xp 0000c000 fe:00 4073236                    /usr/lib/libxcb.so.1.1.0
7f852410b000-7f8524114000 r--p 0001f000 fe:00 4073236                    /usr/lib/libxcb.so.1.1.0
7f8524114000-7f8524115000 r--p 00027000 fe:00 4073236                    /usr/lib/libxcb.so.1.1.0
7f8524115000-7f8524116000 rw-p 00028000 fe:00 4073236                    /usr/lib/libxcb.so.1.1.0
7f8524116000-7f8524119000 r--p 00000000 fe:00 4067439                    /usr/lib/libgcc_s.so.1
7f8524119000-7f852412a000 r-xp 00003000 fe:00 4067439                    /usr/lib/libgcc_s.so.1
7f852412a000-7f852412d000 r--p 00014000 fe:00 4067439                    /usr/lib/libgcc_s.so.1
7f852412d000-7f852412e000 ---p 00017000 fe:00 4067439                    /usr/lib/libgcc_s.so.1
7f852412e000-7f852412f000 r--p 00017000 fe:00 4067439                    /usr/lib/libgcc_s.so.1
7f852412f000-7f8524130000 rw-p 00018000 fe:00 4067439                    /usr/lib/libgcc_s.so.1
7f8524181000-7f85241a0000 r--p 00000000 fe:00 414966                     /home/joseph/Documents/Programming/Graphics/OpenGLProject/cmake-build-debug/libOpenGLProject.so
7f85241a0000-7f85241e0000 r-xp 0001f000 fe:00 414966                     /home/joseph/Documents/Programming/Graphics/OpenGLProject/cmake-build-debug/libOpenGLProject.so
7f85241e0000-7f85241f2000 r--p 0005f000 fe:00 414966                     /home/joseph/Documents/Programming/Graphics/OpenGLProject/cmake-build-debug/libOpenGLProject.so
7f85241f2000-7f85241f3000 ---p 00071000 fe:00 414966                     /home/joseph/Documents/Programming/Graphics/OpenGLProject/cmake-build-debug/libOpenGLProject.so
7f85241f3000-7f85241f5000 r--p 00071000 fe:00 414966                     /home/joseph/Documents/Programming/Graphics/OpenGLProject/cmake-build-debug/libOpenGLProject.so
7f85241f5000-7f85241f7000 rw-p 00073000 fe:00 414966                     /home/joseph/Documents/Programming/Graphics/OpenGLProject/cmake-build-debug/libOpenGLProject.so
7f85241f7000-7f85243f9000 rw-p 00000000 00:00 0 
7f85243fb000-7f85243fc000 r--p 00000000 fe:00 4073222                    /usr/lib/libXau.so.6.0.0
7f85243fc000-7f85243fd000 r-xp 00001000 fe:00 4073222                    /usr/lib/libXau.so.6.0.0
7f85243fd000-7f85243fe000 r--p 00002000 fe:00 4073222                    /usr/lib/libXau.so.6.0.0
7f85243fe000-7f85243ff000 r--p 00002000 fe:00 4073222                    /usr/lib/libXau.so.6.0.0
7f85243ff000-7f8524400000 rw-p 00003000 fe:00 4073222                    /usr/lib/libXau.so.6.0.0
7f8524400000-7f8524402000 r--p 00000000 fe:00 4078939                    /usr/lib/libXrender.so.1.3.0
7f8524402000-7f8524409000 r-xp 00002000 fe:00 4078939                    /usr/lib/libXrender.so.1.3.0
7f8524409000-7f852440b000 r--p 00009000 fe:00 4078939                    /usr/lib/libXrender.so.1.3.0
7f852440b000-7f852440c000 r--p 0000a000 fe:00 4078939                    /usr/lib/libXrender.so.1.3.0
7f852440c000-7f852440d000 rw-p 0000b000 fe:00 4078939                    /usr/lib/libXrender.so.1.3.0
7f852440d000-7f8524410000 r--p 00000000 fe:00 4078917                    /usr/lib/libXcursor.so.1.0.2
7f8524410000-7f8524415000 r-xp 00003000 fe:00 4078917                    /usr/lib/libXcursor.so.1.0.2
7f8524415000-7f8524417000 r--p 00008000 fe:00 4078917                    /usr/lib/libXcursor.so.1.0.2
7f8524417000-7f8524418000 r--p 00009000 fe:00 4078917                    /usr/lib/libXcursor.so.1.0.2
7f8524418000-7f8524419000 rw-p 0000a000 fe:00 4078917                    /usr/lib/libXcursor.so.1.0.2
7f8524419000-7f852441b000 r--p 00000000 fe:00 4078938                    /usr/lib/libXrandr.so.2.2.0
7f852441b000-7f8524422000 r-xp 00002000 fe:00 4078938                    /usr/lib/libXrandr.so.2.2.0
7f8524422000-7f8524424000 r--p 00009000 fe:00 4078938                    /usr/lib/libXrandr.so.2.2.0
7f8524424000-7f8524425000 r--p 0000a000 fe:00 4078938                    /usr/lib/libXrandr.so.2.2.0
7f8524425000-7f8524426000 rw-p 0000b000 fe:00 4078938                    /usr/lib/libXrandr.so.2.2.0
7f8524426000-7f852442b000 r--p 00000000 fe:00 4983049                    /usr/lib/jvm/java-8-openjdk/jre/lib/amd64/libnet.so
7f852442b000-7f852443a000 r-xp 00005000 fe:00 4983049                    /usr/lib/jvm/java-8-openjdk/jre/lib/amd64/libnet.so
7f852443a000-7f852443e000 r--p 00014000 fe:00 4983049                    /usr/lib/jvm/java-8-openjdk/jre/lib/amd64/libnet.so
7f852443e000-7f852443f000 r--p 00017000 fe:00 4983049                    /usr/lib/jvm/java-8-openjdk/jre/lib/amd64/libnet.so
7f852443f000-7f8524440000 rw-p 00018000 fe:00 4983049                    /usr/lib/jvm/java-8-openjdk/jre/lib/amd64/libnet.so
7f8524440000-7f8524447000 r--p 00000000 fe:00 4983050                    /usr/lib/jvm/java-8-openjdk/jre/lib/amd64/libnio.so
7f8524447000-7f852444f000 r-xp 00007000 fe:00 4983050                    /usr/lib/jvm/java-8-openjdk/jre/lib/amd64/libnio.so
7f852444f000-7f8524452000 r--p 0000f000 fe:00 4983050                    /usr/lib/jvm/java-8-openjdk/jre/lib/amd64/libnio.so
7f8524452000-7f8524453000 ---p 00012000 fe:00 4983050                    /usr/lib/jvm/java-8-openjdk/jre/lib/amd64/libnio.so
7f8524453000-7f8524454000 r--p 00012000 fe:00 4983050                    /usr/lib/jvm/java-8-openjdk/jre/lib/amd64/libnio.so
7f8524454000-7f8524455000 rw-p 00013000 fe:00 4983050                    /usr/lib/jvm/java-8-openjdk/jre/lib/amd64/libnio.so
7f8524455000-7f8524456000 ---p 00000000 00:00 0 
7f8524456000-7f8524556000 rw-p 00000000 00:00 0 
7f8524556000-7f852455c000 r--s 00080000 fe:00 4072599                    /usr/share/scala/lib/scala-xml_2.12-1.0.6.jar
7f852455c000-7f8524565000 r--s 000ab000 fe:00 4072582                    /usr/share/scala/lib/scala-swing_2.12-2.0.3.jar
7f8524565000-7f8524588000 r--s 00347000 fe:00 4071644                    /usr/share/scala/lib/scala-reflect.jar
7f8524588000-7f85245c0000 r--s 004bf000 fe:00 4069441                    /usr/share/scala/lib/scala-library.jar
7f85245c0000-7f852460f000 r--s 00967000 fe:00 4069435                    /usr/share/scala/lib/scala-compiler.jar
7f852460f000-7f8524612000 ---p 00000000 00:00 0 
7f8524612000-7f8524710000 rw-p 00000000 00:00 0 
7f8524710000-7f8524711000 ---p 00000000 00:00 0 
7f8524711000-7f8524714000 ---p 00000000 00:00 0 
7f8524714000-7f8524811000 rw-p 00000000 00:00 0 
7f8524811000-7f8524812000 ---p 00000000 00:00 0 
7f8524812000-7f8524815000 ---p 00000000 00:00 0 
7f8524815000-7f8524912000 rw-p 00000000 00:00 0 
7f8524912000-7f8524913000 ---p 00000000 00:00 0 
7f8524913000-7f8524916000 ---p 00000000 00:00 0 
7f8524916000-7f8524a13000 rw-p 00000000 00:00 0 
7f8524a13000-7f8524a16000 ---p 00000000 00:00 0 
7f8524a16000-7f8524b14000 rw-p 00000000 00:00 0 
7f8524b14000-7f8524dfa000 r--p 00000000 fe:00 4078801                    /usr/lib/locale/locale-archive
7f8524dfa000-7f8524dfd000 ---p 00000000 00:00 0 
7f8524dfd000-7f8524efb000 rw-p 00000000 00:00 0 
7f8524efb000-7f8524efe000 ---p 00000000 00:00 0 
7f8524efe000-7f8524ffc000 rw-p 00000000 00:00 0 
7f8524ffc000-7f8524ffd000 ---p 00000000 00:00 0 
7f8524ffd000-7f85260ff000 rw-p 00000000 00:00 0 
7f85260ff000-7f85262cf000 r--s 03c3a000 fe:00 4983165                    /usr/lib/jvm/java-8-openjdk/jre/lib/rt.jar
7f85262cf000-7f8527420000 rw-p 00000000 00:00 0 
7f8527420000-7f8527421000 ---p 00000000 00:00 0 
7f8527421000-7f8527521000 rw-p 00000000 00:00 0 
7f8527521000-7f8527522000 ---p 00000000 00:00 0 
7f8527522000-7f8527622000 rw-p 00000000 00:00 0 
7f8527622000-7f8527623000 ---p 00000000 00:00 0 
7f8527623000-7f8527723000 rw-p 00000000 00:00 0 
7f8527723000-7f8527724000 ---p 00000000 00:00 0 
7f8527724000-7f852782f000 rw-p 00000000 00:00 0 
7f852782f000-7f852787a000 ---p 00000000 00:00 0 
7f852787a000-7f8527885000 rw-p 00000000 00:00 0 
7f8527885000-7f85278cf000 ---p 00000000 00:00 0 
7f85278cf000-7f85278d5000 rw-p 00000000 00:00 0 
7f85278d5000-7f85278fa000 ---p 00000000 00:00 0 
7f85278fa000-7f8527905000 rw-p 00000000 00:00 0 
7f8527905000-7f8527cbb000 ---p 00000000 00:00 0 
7f8527cbb000-7f8527cbe000 r--p 00000000 fe:00 4071892                    /usr/lib/libnss_files-2.28.so
7f8527cbe000-7f8527cc5000 r-xp 00003000 fe:00 4071892                    /usr/lib/libnss_files-2.28.so
7f8527cc5000-7f8527cc8000 r--p 0000a000 fe:00 4071892                    /usr/lib/libnss_files-2.28.so
7f8527cc8000-7f8527cc9000 r--p 0000c000 fe:00 4071892                    /usr/lib/libnss_files-2.28.so
7f8527cc9000-7f8527cca000 rw-p 0000d000 fe:00 4071892                    /usr/lib/libnss_files-2.28.so
7f8527cca000-7f8527cd0000 rw-p 00000000 00:00 0 
7f8527cd2000-7f8527cd4000 r--s 00006000 fe:00 4072524                    /usr/share/scala/lib/scala-repl-jline.jar
7f8527cd4000-7f8527cd9000 r--s 00041000 fe:00 4071912                    /usr/share/scala/lib/scala-repl-jline-embedded.jar
7f8527cd9000-7f8527cdf000 r--s 00077000 fe:00 4072603                    /usr/share/scala/lib/scalap.jar
7f8527cdf000-7f8527cea000 r--s 001d6000 fe:00 4069275                    /usr/share/scala/lib/scala-compiler-doc.jar
7f8527cea000-7f8527cee000 r--s 0003e000 fe:00 4069189                    /usr/share/scala/lib/jline.jar
7f8527cee000-7f8527d16000 rw-p 00000000 00:00 0 
7f8527d16000-7f8527d19000 r--p 00000000 fe:00 4983099                    /usr/lib/jvm/java-8-openjdk/jre/lib/amd64/libzip.so
7f8527d19000-7f8527d1d000 r-xp 00003000 fe:00 4983099                    /usr/lib/jvm/java-8-openjdk/jre/lib/amd64/libzip.so
7f8527d1d000-7f8527d1f000 r--p 00007000 fe:00 4983099                    /usr/lib/jvm/java-8-openjdk/jre/lib/amd64/libzip.so
7f8527d1f000-7f8527d20000 r--p 00008000 fe:00 4983099                    /usr/lib/jvm/java-8-openjdk/jre/lib/amd64/libzip.so
7f8527d20000-7f8527d21000 rw-p 00009000 fe:00 4983099                    /usr/lib/jvm/java-8-openjdk/jre/lib/amd64/libzip.so
7f8527d21000-7f8527d23000 r--p 00000000 fe:00 4078347                    /usr/lib/librt-2.28.so
7f8527d23000-7f8527d27000 r-xp 00002000 fe:00 4078347                    /usr/lib/librt-2.28.so
7f8527d27000-7f8527d29000 r--p 00006000 fe:00 4078347                    /usr/lib/librt-2.28.so
7f8527d29000-7f8527d2a000 r--p 00007000 fe:00 4078347                    /usr/lib/librt-2.28.so
7f8527d2a000-7f8527d2b000 rw-p 00008000 fe:00 4078347                    /usr/lib/librt-2.28.so
7f8527d2b000-7f8527d2c000 ---p 00000000 00:00 0 
7f8527d2c000-7f8527d2f000 ---p 00000000 00:00 0 
7f8527d2f000-7f8527e2c000 rw-p 00000000 00:00 0 
7f8527e2c000-7f8527e39000 r--p 00000000 fe:00 4071870                    /usr/lib/libm-2.28.so
7f8527e39000-7f8527eda000 r-xp 0000d000 fe:00 4071870                    /usr/lib/libm-2.28.so
7f8527eda000-7f8527faf000 r--p 000ae000 fe:00 4071870                    /usr/lib/libm-2.28.so
7f8527faf000-7f8527fb0000 r--p 00182000 fe:00 4071870                    /usr/lib/libm-2.28.so
7f8527fb0000-7f8527fb1000 rw-p 00183000 fe:00 4071870                    /usr/lib/libm-2.28.so
7f8527fb1000-7f85281a2000 r--p 00000000 fe:00 4983102                    /usr/lib/jvm/java-8-openjdk/jre/lib/amd64/server/libjvm.so
7f85281a2000-7f8528a15000 r-xp 001f1000 fe:00 4983102                    /usr/lib/jvm/java-8-openjdk/jre/lib/amd64/server/libjvm.so
7f8528a15000-7f8528bb5000 r--p 00a64000 fe:00 4983102                    /usr/lib/jvm/java-8-openjdk/jre/lib/amd64/server/libjvm.so
7f8528bb5000-7f8528bb6000 ---p 00c04000 fe:00 4983102                    /usr/lib/jvm/java-8-openjdk/jre/lib/amd64/server/libjvm.so
7f8528bb6000-7f8528c4b000 r--p 00c04000 fe:00 4983102                    /usr/lib/jvm/java-8-openjdk/jre/lib/amd64/server/libjvm.so
7f8528c4b000-7f8528c73000 rw-p 00c99000 fe:00 4983102                    /usr/lib/jvm/java-8-openjdk/jre/lib/amd64/server/libjvm.so
7f8528c73000-7f8528ca5000 rw-p 00000000 00:00 0 
7f8528ca5000-7f8528cab000 r--p 00000000 fe:00 4071899                    /usr/lib/libpthread-2.28.so
7f8528cab000-7f8528cba000 r-xp 00006000 fe:00 4071899                    /usr/lib/libpthread-2.28.so
7f8528cba000-7f8528cc0000 r--p 00015000 fe:00 4071899                    /usr/lib/libpthread-2.28.so
7f8528cc0000-7f8528cc1000 r--p 0001a000 fe:00 4071899                    /usr/lib/libpthread-2.28.so
7f8528cc1000-7f8528cc2000 rw-p 0001b000 fe:00 4071899                    /usr/lib/libpthread-2.28.so
7f8528cc2000-7f8528cc6000 rw-p 00000000 00:00 0 
7f8528cc6000-7f8528cc7000 r--p 00000000 fe:00 4071864                    /usr/lib/libdl-2.28.so
7f8528cc7000-7f8528cc8000 r-xp 00001000 fe:00 4071864                    /usr/lib/libdl-2.28.so
7f8528cc8000-7f8528cc9000 r--p 00002000 fe:00 4071864                    /usr/lib/libdl-2.28.so
7f8528cc9000-7f8528cca000 r--p 00002000 fe:00 4071864                    /usr/lib/libdl-2.28.so
7f8528cca000-7f8528ccb000 rw-p 00003000 fe:00 4071864                    /usr/lib/libdl-2.28.so
7f8528ccb000-7f8528ce1000 r-xp 00000000 fe:00 4069349                    /usr/lib/libz.so.1.2.11
7f8528ce1000-7f8528ee0000 ---p 00016000 fe:00 4069349                    /usr/lib/libz.so.1.2.11
7f8528ee0000-7f8528ee1000 r--p 00015000 fe:00 4069349                    /usr/lib/libz.so.1.2.11
7f8528ee1000-7f8528ee2000 rw-p 00016000 fe:00 4069349                    /usr/lib/libz.so.1.2.11
7f8528ee2000-7f8528f04000 r--p 00000000 fe:00 4071855                    /usr/lib/libc-2.28.so
7f8528f04000-7f852904f000 r-xp 00022000 fe:00 4071855                    /usr/lib/libc-2.28.so
7f852904f000-7f852909b000 r--p 0016d000 fe:00 4071855                    /usr/lib/libc-2.28.so
7f852909b000-7f852909c000 ---p 001b9000 fe:00 4071855                    /usr/lib/libc-2.28.so
7f852909c000-7f85290a0000 r--p 001b9000 fe:00 4071855                    /usr/lib/libc-2.28.so
7f85290a0000-7f85290a2000 rw-p 001bd000 fe:00 4071855                    /usr/lib/libc-2.28.so
7f85290a2000-7f85290a6000 rw-p 00000000 00:00 0 
7f85290a7000-7f85290ac000 rw-p 00000000 00:00 0 
7f85290ac000-7f85290b4000 rw-s 00000000 00:2c 45                         /tmp/hsperfdata_joseph/30145
7f85290b4000-7f85290b5000 rw-p 00000000 00:00 0 
7f85290b5000-7f85290b6000 r--p 00000000 00:00 0 
7f85290b6000-7f85290c3000 r--p 00000000 fe:00 4983038                    /usr/lib/jvm/java-8-openjdk/jre/lib/amd64/libjava.so
7f85290c3000-7f85290db000 r-xp 0000d000 fe:00 4983038                    /usr/lib/jvm/java-8-openjdk/jre/lib/amd64/libjava.so
7f85290db000-7f85290e2000 r--p 00025000 fe:00 4983038                    /usr/lib/jvm/java-8-openjdk/jre/lib/amd64/libjava.so
7f85290e2000-7f85290e3000 ---p 0002c000 fe:00 4983038                    /usr/lib/jvm/java-8-openjdk/jre/lib/amd64/libjava.so
7f85290e3000-7f85290e4000 r--p 0002c000 fe:00 4983038                    /usr/lib/jvm/java-8-openjdk/jre/lib/amd64/libjava.so
7f85290e4000-7f85290e5000 rw-p 0002d000 fe:00 4983038                    /usr/lib/jvm/java-8-openjdk/jre/lib/amd64/libjava.so
7f85290e5000-7f85290e6000 rw-p 00000000 00:00 0 
7f85290e6000-7f85290eb000 r--p 00000000 fe:00 4983098                    /usr/lib/jvm/java-8-openjdk/jre/lib/amd64/libverify.so
7f85290eb000-7f85290f2000 r-xp 00005000 fe:00 4983098                    /usr/lib/jvm/java-8-openjdk/jre/lib/amd64/libverify.so
7f85290f2000-7f85290f4000 r--p 0000c000 fe:00 4983098                    /usr/lib/jvm/java-8-openjdk/jre/lib/amd64/libverify.so
7f85290f4000-7f85290f6000 r--p 0000d000 fe:00 4983098                    /usr/lib/jvm/java-8-openjdk/jre/lib/amd64/libverify.so
7f85290f6000-7f85290f7000 rw-p 0000f000 fe:00 4983098                    /usr/lib/jvm/java-8-openjdk/jre/lib/amd64/libverify.so
7f85290f7000-7f85290f9000 r--p 00000000 fe:00 4982149                    /usr/lib/jvm/java-8-openjdk/jre/lib/amd64/jli/libjli.so
7f85290f9000-7f8529102000 r-xp 00002000 fe:00 4982149                    /usr/lib/jvm/java-8-openjdk/jre/lib/amd64/jli/libjli.so
7f8529102000-7f8529105000 r--p 0000b000 fe:00 4982149                    /usr/lib/jvm/java-8-openjdk/jre/lib/amd64/jli/libjli.so
7f8529105000-7f8529106000 r--p 0000d000 fe:00 4982149                    /usr/lib/jvm/java-8-openjdk/jre/lib/amd64/jli/libjli.so
7f8529106000-7f8529107000 rw-p 0000e000 fe:00 4982149                    /usr/lib/jvm/java-8-openjdk/jre/lib/amd64/jli/libjli.so
7f8529107000-7f8529109000 rw-p 00000000 00:00 0 
7f8529109000-7f852910b000 r--p 00000000 fe:00 4071843                    /usr/lib/ld-2.28.so
7f852910b000-7f852912a000 r-xp 00002000 fe:00 4071843                    /usr/lib/ld-2.28.so
7f852912a000-7f8529132000 r--p 00021000 fe:00 4071843                    /usr/lib/ld-2.28.so
7f8529132000-7f8529133000 r--p 00028000 fe:00 4071843                    /usr/lib/ld-2.28.so
7f8529133000-7f8529134000 rw-p 00029000 fe:00 4071843                    /usr/lib/ld-2.28.so
7f8529134000-7f8529135000 rw-p 00000000 00:00 0 
7fff4a610000-7fff4a631000 rw-p 00000000 00:00 0                          [stack]
7fff4a6f7000-7fff4a6fa000 r--p 00000000 00:00 0                          [vvar]
7fff4a6fa000-7fff4a6fc000 r-xp 00000000 00:00 0                          [vdso]
ffffffffff600000-ffffffffff601000 r-xp 00000000 00:00 0                  [vsyscall]

VM Arguments:
jvm_args: -Xmx256M -Xms32M -Xbootclasspath/a:/usr/share/scala/lib/jline.jar:/usr/share/scala/lib/scala-compiler-doc.jar:/usr/share/scala/lib/scala-compiler.jar:/usr/share/scala/lib/scala-library.jar:/usr/share/scala/lib/scalap.jar:/usr/share/scala/lib/scala-reflect.jar:/usr/share/scala/lib/scala-repl-jline-embedded.jar:/usr/share/scala/lib/scala-repl-jline.jar:/usr/share/scala/lib/scala-swing_2.12-2.0.3.jar:/usr/share/scala/lib/scala-xml_2.12-1.0.6.jar -Dscala.boot.class.path=/usr/share/scala/lib/jline.jar:/usr/share/scala/lib/scala-compiler-doc.jar:/usr/share/scala/lib/scala-compiler.jar:/usr/share/scala/lib/scala-library.jar:/usr/share/scala/lib/scalap.jar:/usr/share/scala/lib/scala-reflect.jar:/usr/share/scala/lib/scala-repl-jline-embedded.jar:/usr/share/scala/lib/scala-repl-jline.jar:/usr/share/scala/lib/scala-swing_2.12-2.0.3.jar:/usr/share/scala/lib/scala-xml_2.12-1.0.6.jar -Dscala.home=/usr/share/scala -Dscala.usejavacp=true 
java_command: scala.tools.nsc.MainGenericRunner Main
java_class_path (initial): ""
Launcher Type: SUN_STANDARD

Environment Variables:
PATH=/opt/java/jdk-11.0.2/bin:/usr/local/sbin:/usr/local/bin:/usr/bin:/opt/android-sdk/platform-tools:/opt/android-sdk/tools:/opt/android-sdk/tools/bin:/var/lib/flatpak/exports/bin:/usr/lib/jvm/default/bin:/usr/bin/site_perl:/usr/bin/vendor_perl:/usr/bin/core_perl
SHELL=/usr/bin/fish
DISPLAY=:0

Signal Handlers:
SIGSEGV: [libjvm.so+0xa32bd0], sa_mask[0]=11111111011111111101111111111110, sa_flags=SA_RESTART|SA_SIGINFO
SIGBUS: [libjvm.so+0xa32bd0], sa_mask[0]=11111111011111111101111111111110, sa_flags=SA_RESTART|SA_SIGINFO
SIGFPE: [libjvm.so+0x88ebd0], sa_mask[0]=11111111011111111101111111111110, sa_flags=SA_RESTART|SA_SIGINFO
SIGPIPE: [libjvm.so+0x88ebd0], sa_mask[0]=11111111011111111101111111111110, sa_flags=SA_RESTART|SA_SIGINFO
SIGXFSZ: [libjvm.so+0x88ebd0], sa_mask[0]=11111111011111111101111111111110, sa_flags=SA_RESTART|SA_SIGINFO
SIGILL: [libjvm.so+0x88ebd0], sa_mask[0]=11111111011111111101111111111110, sa_flags=SA_RESTART|SA_SIGINFO
SIGUSR1: SIG_DFL, sa_mask[0]=00000000000000000000000000000000, sa_flags=none
SIGUSR2: [libjvm.so+0x88ea60], sa_mask[0]=00100000000000000000000000000000, sa_flags=SA_RESTART|SA_SIGINFO
SIGHUP: [libjvm.so+0x88ee70], sa_mask[0]=11111111011111111101111111111110, sa_flags=SA_RESTART|SA_SIGINFO
SIGINT: [libjvm.so+0x88ee70], sa_mask[0]=11111111011111111101111111111110, sa_flags=SA_RESTART|SA_SIGINFO
SIGTERM: [libjvm.so+0x88ee70], sa_mask[0]=11111111011111111101111111111110, sa_flags=SA_RESTART|SA_SIGINFO
SIGQUIT: [libjvm.so+0x88ee70], sa_mask[0]=11111111011111111101111111111110, sa_flags=SA_RESTART|SA_SIGINFO


---------------  S Y S T E M  ---------------

OS:DISTRIB_ID=ManjaroLinux
DISTRIB_RELEASE=18.0.4
DISTRIB_CODENAME=Illyria
DISTRIB_DESCRIPTION="Manjaro Linux"

uname:Linux 4.14.109-1-MANJARO #1 SMP PREEMPT Wed Mar 27 18:51:38 UTC 2019 x86_64
libc:glibc 2.28 NPTL 2.28 
rlimit: STACK 8192k, CORE infinity, NPROC 30719, NOFILE 1048576, AS infinity
load average:2.39 2.72 2.04

/proc/meminfo:
MemTotal:        8109572 kB
MemFree:          152096 kB
MemAvailable:     328408 kB
Buffers:           15388 kB
Cached:           646408 kB
SwapCached:       197456 kB
Active:          6245916 kB
Inactive:        1152624 kB
Active(anon):    6100784 kB
Inactive(anon):   935756 kB
Active(file):     145132 kB
Inactive(file):   216868 kB
Unevictable:          48 kB
Mlocked:              48 kB
SwapTotal:       8290300 kB
SwapFree:        6041596 kB
Dirty:              2384 kB
Writeback:             0 kB
AnonPages:       6731116 kB
Mapped:           614564 kB
Shmem:            299604 kB
Slab:             174172 kB
SReclaimable:      67012 kB
SUnreclaim:       107160 kB
KernelStack:       16656 kB
PageTables:        54736 kB
NFS_Unstable:          0 kB
Bounce:                0 kB
WritebackTmp:          0 kB
CommitLimit:    12345084 kB
Committed_AS:   14349320 kB
VmallocTotal:   34359738367 kB
VmallocUsed:           0 kB
VmallocChunk:          0 kB
HardwareCorrupted:     0 kB
AnonHugePages:   2361344 kB
ShmemHugePages:        0 kB
ShmemPmdMapped:        0 kB
HugePages_Total:       0
HugePages_Free:        0
HugePages_Rsvd:        0
HugePages_Surp:        0
Hugepagesize:       2048 kB
DirectMap4k:      668580 kB
DirectMap2M:     7657472 kB
DirectMap1G:     1048576 kB

container (cgroup) information:
container_type: cgroupv1
cpu_cpuset_cpus: 0-3
cpu_memory_nodes: 0
active_processor_count: 4
cpu_quota: -1
cpu_period: 100000
cpu_shares: -1
memory_limit_in_bytes: -1
memory_and_swap_limit_in_bytes: -1
memory_soft_limit_in_bytes: -1
memory_usage_in_bytes: 7543558144
memory_max_usage_in_bytes: 7636320256


CPU:total 4 (initial active 4) (2 cores per cpu, 2 threads per core) family 6 model 60 stepping 3, cmov, cx8, fxsr, mmx, sse, sse2, sse3, ssse3, sse4.1, sse4.2, popcnt, avx, avx2, aes, clmul, erms, lzcnt, ht, tsc, tscinvbit, bmi1, bmi2

/proc/cpuinfo:
processor	: 0
vendor_id	: GenuineIntel
cpu family	: 6
model		: 60
model name	: Intel(R) Core(TM) i3-4130 CPU @ 3.40GHz
stepping	: 3
microcode	: 0x25
cpu MHz		: 2575.168
cache size	: 3072 KB
physical id	: 0
siblings	: 4
core id		: 0
cpu cores	: 2
apicid		: 0
initial apicid	: 0
fpu		: yes
fpu_exception	: yes
cpuid level	: 13
wp		: yes
flags		: fpu vme de pse tsc msr pae mce cx8 apic sep mtrr pge mca cmov pat pse36 clflush dts acpi mmx fxsr sse sse2 ss ht tm pbe syscall nx pdpe1gb rdtscp lm constant_tsc arch_perfmon pebs bts rep_good nopl xtopology nonstop_tsc cpuid aperfmperf pni pclmulqdq dtes64 monitor ds_cpl vmx est tm2 ssse3 sdbg fma cx16 xtpr pdcm pcid sse4_1 sse4_2 movbe popcnt tsc_deadline_timer aes xsave avx f16c rdrand lahf_lm abm cpuid_fault epb invpcid_single pti ssbd ibrs ibpb stibp tpr_shadow vnmi flexpriority ept vpid fsgsbase tsc_adjust bmi1 avx2 smep bmi2 erms invpcid xsaveopt dtherm arat pln pts flush_l1d
bugs		: cpu_meltdown spectre_v1 spectre_v2 spec_store_bypass l1tf
bogomips	: 6787.40
clflush size	: 64
cache_alignment	: 64
address sizes	: 39 bits physical, 48 bits virtual
power management:

processor	: 1
vendor_id	: GenuineIntel
cpu family	: 6
model		: 60
model name	: Intel(R) Core(TM) i3-4130 CPU @ 3.40GHz
stepping	: 3
microcode	: 0x25
cpu MHz		: 2555.675
cache size	: 3072 KB
physical id	: 0
siblings	: 4
core id		: 1
cpu cores	: 2
apicid		: 2
initial apicid	: 2
fpu		: yes
fpu_exception	: yes
cpuid level	: 13
wp		: yes
flags		: fpu vme de pse tsc msr pae mce cx8 apic sep mtrr pge mca cmov pat pse36 clflush dts acpi mmx fxsr sse sse2 ss ht tm pbe syscall nx pdpe1gb rdtscp lm constant_tsc arch_perfmon pebs bts rep_good nopl xtopology nonstop_tsc cpuid aperfmperf pni pclmulqdq dtes64 monitor ds_cpl vmx est tm2 ssse3 sdbg fma cx16 xtpr pdcm pcid sse4_1 sse4_2 movbe popcnt tsc_deadline_timer aes xsave avx f16c rdrand lahf_lm abm cpuid_fault epb invpcid_single pti ssbd ibrs ibpb stibp tpr_shadow vnmi flexpriority ept vpid fsgsbase tsc_adjust bmi1 avx2 smep bmi2 erms invpcid xsaveopt dtherm arat pln pts flush_l1d
bugs		: cpu_meltdown spectre_v1 spectre_v2 spec_store_bypass l1tf
bogomips	: 6787.40
clflush size	: 64
cache_alignment	: 64
address sizes	: 39 bits physical, 48 bits virtual
power management:

processor	: 2
vendor_id	: GenuineIntel
cpu family	: 6
model		: 60
model name	: Intel(R) Core(TM) i3-4130 CPU @ 3.40GHz
stepping	: 3
microcode	: 0x25
cpu MHz		: 2818.517
cache size	: 3072 KB
physical id	: 0
siblings	: 4
core id		: 0
cpu cores	: 2
apicid		: 1
initial apicid	: 1
fpu		: yes
fpu_exception	: yes
cpuid level	: 13
wp		: yes
flags		: fpu vme de pse tsc msr pae mce cx8 apic sep mtrr pge mca cmov pat pse36 clflush dts acpi mmx fxsr sse sse2 ss ht tm pbe syscall nx pdpe1gb rdtscp lm constant_tsc arch_perfmon pebs bts rep_good nopl xtopology nonstop_tsc cpuid aperfmperf pni pclmulqdq dtes64 monitor ds_cpl vmx est tm2 ssse3 sdbg fma cx16 xtpr pdcm pcid sse4_1 sse4_2 movbe popcnt tsc_deadline_timer aes xsave avx f16c rdrand lahf_lm abm cpuid_fault epb invpcid_single pti ssbd ibrs ibpb stibp tpr_shadow vnmi flexpriority ept vpid fsgsbase tsc_adjust bmi1 avx2 smep bmi2 erms invpcid xsaveopt dtherm arat pln pts flush_l1d
bugs		: cpu_meltdown spectre_v1 spectre_v2 spec_store_bypass l1tf
bogomips	: 6787.40
clflush size	: 64
cache_alignment	: 64
address sizes	: 39 bits physical, 48 bits virtual
power management:

processor	: 3
vendor_id	: GenuineIntel
cpu family	: 6
model		: 60
model name	: Intel(R) Core(TM) i3-4130 CPU @ 3.40GHz
stepping	: 3
microcode	: 0x25
cpu MHz		: 2528.991
cache size	: 3072 KB
physical id	: 0
siblings	: 4
core id		: 1
cpu cores	: 2
apicid		: 3
initial apicid	: 3
fpu		: yes
fpu_exception	: yes
cpuid level	: 13
wp		: yes
flags		: fpu vme de pse tsc msr pae mce cx8 apic sep mtrr pge mca cmov pat pse36 clflush dts acpi mmx fxsr sse sse2 ss ht tm pbe syscall nx pdpe1gb rdtscp lm constant_tsc arch_perfmon pebs bts rep_good nopl xtopology nonstop_tsc cpuid aperfmperf pni pclmulqdq dtes64 monitor ds_cpl vmx est tm2 ssse3 sdbg fma cx16 xtpr pdcm pcid sse4_1 sse4_2 movbe popcnt tsc_deadline_timer aes xsave avx f16c rdrand lahf_lm abm cpuid_fault epb invpcid_single pti ssbd ibrs ibpb stibp tpr_shadow vnmi flexpriority ept vpid fsgsbase tsc_adjust bmi1 avx2 smep bmi2 erms invpcid xsaveopt dtherm arat pln pts flush_l1d
bugs		: cpu_meltdown spectre_v1 spectre_v2 spec_store_bypass l1tf
bogomips	: 6787.40
clflush size	: 64
cache_alignment	: 64
address sizes	: 39 bits physical, 48 bits virtual
power management:



Memory: 4k page, physical 8109572k(151476k free), swap 8290300k(6041596k free)

vm_info: OpenJDK 64-Bit Server VM (25.212-b01) for linux-amd64 JRE (1.8.0_212-b01), built on Mar 21 2019 23:20:35 by "builduser" with gcc 8.2.1 20181127

time: Mon Apr  8 22:00:11 2019
timezone: BST
elapsed time: 1 seconds (0d 0h 0m 1s)

