#
# A fatal error has been detected by the Java Runtime Environment:
#
#  SIGSEGV (0xb) at pc=0x00007fbea25edf9a, pid=18748, tid=0x00007fbebd469700
#
# JRE version: OpenJDK Runtime Environment (8.0_212-b01) (build 1.8.0_212-b01)
# Java VM: OpenJDK 64-Bit Server VM (25.212-b01 mixed mode linux-amd64 compressed oops)
# Problematic frame:
# C  [libOpenGLProject.so+0x38f9a]  buildImage(unsigned int*, unsigned int*, unsigned int*)+0x11d
#
# Core dump written. Default location: /home/joseph/Documents/Programming/Graphics/OpenGLProject/out/production/OpenGLProject/core or core.18748
#
# If you would like to submit a bug report, please visit:
#   http://bugreport.java.com/bugreport/crash.jsp
# The crash happened outside the Java Virtual Machine in native code.
# See problematic frame for where to report the bug.
#

---------------  T H R E A D  ---------------

Current thread (0x00007fbeb800b800):  JavaThread "main" [_thread_in_native, id=18749, stack(0x00007fbebd36a000,0x00007fbebd46a000)]

siginfo: si_signo: 11 (SIGSEGV), si_code: 1 (SEGV_MAPERR), si_addr: 0x0000000000000000

Registers:
RAX=0x0000000000000000, RBX=0x00007fbeb99146d0, RCX=0x0000000000000000, RDX=0x00007fbeb9727cb0
RSP=0x00007fbebd467650, RBP=0x00007fbebd467970, RSI=0x00007fbeb9716010, RDI=0x00000000413fc000
R8 =0x00007fbe6b299ab0, R9 =0x00007fbebd4672b0, R10=0x0000000000000008, R11=0x00007fbebd467140
R12=0x0000000000000000, R13=0x00007fbea277bc48, R14=0x00007fbebd467a70, R15=0x00007fbeb800b800
RIP=0x00007fbea25edf9a, EFLAGS=0x0000000000010206, CSGSFS=0x002b000000000033, ERR=0x0000000000000004
  TRAPNO=0x000000000000000e

Top of Stack: (sp=0x00007fbebd467650)
0x00007fbebd467650:   0000000000000000 00007fbea2622210
0x00007fbebd467660:   0000000000000000 0000000000000000
0x00007fbebd467670:   0000000100000000 0000000100000002
0x00007fbebd467680:   0000000300000002 0000000000000000
0x00007fbebd467690:   bf000000bf000000 00000000bf000000
0x00007fbebd4676a0:   3f00000000000000 bf000000bf000000
0x00007fbebd4676b0:   000000003f800000 3f0000003f000000
0x00007fbebd4676c0:   3f800000bf000000 3f0000003f800000
0x00007fbebd4676d0:   bf0000003f000000 3f8000003f800000
0x00007fbebd4676e0:   3f000000bf000000 00000000bf000000
0x00007fbebd4676f0:   bf0000003f800000 bf000000bf000000
0x00007fbebd467700:   0000000000000000 bf000000bf000000
0x00007fbebd467710:   000000003f000000 3f00000000000000
0x00007fbebd467720:   3f000000bf000000 000000003f800000
0x00007fbebd467730:   3f0000003f000000 3f8000003f000000
0x00007fbebd467740:   3f0000003f800000 3f0000003f000000
0x00007fbebd467750:   3f8000003f800000 3f000000bf000000
0x00007fbebd467760:   000000003f000000 bf0000003f800000
0x00007fbebd467770:   3f000000bf000000 0000000000000000
0x00007fbebd467780:   3f000000bf000000 3f8000003f000000
0x00007fbebd467790:   bf00000000000000 bf0000003f000000
0x00007fbebd4677a0:   3f8000003f800000 bf000000bf000000
0x00007fbebd4677b0:   00000000bf000000 bf0000003f800000
0x00007fbebd4677c0:   bf000000bf000000 3f80000000000000
0x00007fbebd4677d0:   bf000000bf000000 000000003f000000
0x00007fbebd4677e0:   bf00000000000000 3f0000003f000000
0x00007fbebd4677f0:   000000003f800000 3f0000003f000000
0x00007fbebd467800:   3f8000003f000000 3f00000000000000
0x00007fbebd467810:   bf0000003f000000 3f8000003f800000
0x00007fbebd467820:   bf0000003f000000 00000000bf000000
0x00007fbebd467830:   3f0000003f800000 bf000000bf000000
0x00007fbebd467840:   3f80000000000000 bf0000003f000000 

Instructions: (pc=0x00007fbea25edf9a)
0x00007fbea25edf7a:   05 49 1e 03 00 48 8b 00 48 8b 95 f0 fc ff ff 48
0x00007fbea25edf8a:   89 d6 bf 01 00 00 00 ff d0 48 8b 85 f0 fc ff ff
0x00007fbea25edf9a:   8b 30 48 8b 85 f8 fc ff ff 8b 00 48 8d 95 20 fd
0x00007fbea25edfaa:   ff ff b9 b4 00 00 00 89 c7 e8 18 48 fe ff 48 8b 

Register to memory mapping:

RAX=0x0000000000000000 is an unknown value
RBX=0x00007fbeb99146d0 is an unknown value
RCX=0x0000000000000000 is an unknown value
RDX=0x00007fbeb9727cb0 is an unknown value
RSP=0x00007fbebd467650 is pointing into the stack for thread: 0x00007fbeb800b800
RBP=0x00007fbebd467970 is pointing into the stack for thread: 0x00007fbeb800b800
RSI=0x00007fbeb9716010 is an unknown value
RDI=0x00000000413fc000 is an unknown value
R8 =0x00007fbe6b299ab0: <offset 0xf03ab0> in /usr/lib/libnvidia-glcore.so.418.43 at 0x00007fbe6a396000
R9 =0x00007fbebd4672b0 is pointing into the stack for thread: 0x00007fbeb800b800
R10=0x0000000000000008 is an unknown value
R11=0x00007fbebd467140 is pointing into the stack for thread: 0x00007fbeb800b800
R12=0x0000000000000000 is an unknown value
R13={method} {0x00007fbea277bc48} 'init' '()V' in 'jni/GLWrapper'
R14=0x00007fbebd467a70 is pointing into the stack for thread: 0x00007fbeb800b800
R15=0x00007fbeb800b800 is a thread


Stack: [0x00007fbebd36a000,0x00007fbebd46a000],  sp=0x00007fbebd467650,  free space=1013k
Native frames: (J=compiled Java code, j=interpreted, Vv=VM code, C=native code)
C  [libOpenGLProject.so+0x38f9a]  buildImage(unsigned int*, unsigned int*, unsigned int*)+0x11d
C  [libOpenGLProject.so+0x38bfc]  init()+0x179
C  [libOpenGLProject.so+0x3a137]  Java_jni_GLWrapper_init+0x15
j  jni.GLWrapper.init()V+0
j  Main$.main([Ljava/lang/String;)V+19
j  Main.main([Ljava/lang/String;)V+4
v  ~StubRoutines::call_stub
V  [libjvm.so+0x64bd77]
V  [libjvm.so+0x911407]
V  [libjvm.so+0x9124ee]
V  [libjvm.so+0x69705d]  JVM_InvokeMethod+0x11d
j  sun.reflect.NativeMethodAccessorImpl.invoke0(Ljava/lang/reflect/Method;Ljava/lang/Object;[Ljava/lang/Object;)Ljava/lang/Object;+0
j  sun.reflect.NativeMethodAccessorImpl.invoke(Ljava/lang/Object;[Ljava/lang/Object;)Ljava/lang/Object;+100
j  sun.reflect.DelegatingMethodAccessorImpl.invoke(Ljava/lang/Object;[Ljava/lang/Object;)Ljava/lang/Object;+6
j  java.lang.reflect.Method.invoke(Ljava/lang/Object;[Ljava/lang/Object;)Ljava/lang/Object;+56
j  scala.reflect.internal.util.ScalaClassLoader.$anonfun$run$2(Lscala/collection/Seq;Ljava/lang/reflect/Method;)Ljava/lang/Object;+27
j  scala.reflect.internal.util.ScalaClassLoader$$Lambda$127.apply()Ljava/lang/Object;+8
j  scala.reflect.internal.util.ScalaClassLoader.asContext(Lscala/Function0;)Ljava/lang/Object;+18
j  scala.reflect.internal.util.ScalaClassLoader.asContext$(Lscala/reflect/internal/util/ScalaClassLoader;Lscala/Function0;)Ljava/lang/Object;+2
j  scala.reflect.internal.util.ScalaClassLoader$URLClassLoader.asContext(Lscala/Function0;)Ljava/lang/Object;+2
j  scala.reflect.internal.util.ScalaClassLoader.run(Ljava/lang/String;Lscala/collection/Seq;)V+90
j  scala.reflect.internal.util.ScalaClassLoader.run$(Lscala/reflect/internal/util/ScalaClassLoader;Ljava/lang/String;Lscala/collection/Seq;)V+3
j  scala.reflect.internal.util.ScalaClassLoader$URLClassLoader.run(Ljava/lang/String;Lscala/collection/Seq;)V+3
j  scala.tools.nsc.CommonRunner.run(Lscala/collection/Seq;Ljava/lang/String;Lscala/collection/Seq;)V+15
j  scala.tools.nsc.CommonRunner.run$(Lscala/tools/nsc/CommonRunner;Lscala/collection/Seq;Ljava/lang/String;Lscala/collection/Seq;)V+4
j  scala.tools.nsc.ObjectRunner$.run(Lscala/collection/Seq;Ljava/lang/String;Lscala/collection/Seq;)V+4
j  scala.tools.nsc.CommonRunner.runAndCatch(Lscala/collection/Seq;Ljava/lang/String;Lscala/collection/Seq;)Lscala/util/Either;+4
j  scala.tools.nsc.CommonRunner.runAndCatch$(Lscala/tools/nsc/CommonRunner;Lscala/collection/Seq;Ljava/lang/String;Lscala/collection/Seq;)Lscala/util/Either;+4
j  scala.tools.nsc.ObjectRunner$.runAndCatch(Lscala/collection/Seq;Ljava/lang/String;Lscala/collection/Seq;)Lscala/util/Either;+4
j  scala.tools.nsc.MainGenericRunner.runTarget$1(Lscala/tools/nsc/GenericRunnerCommand;)Lscala/util/Either;+39
j  scala.tools.nsc.MainGenericRunner.run$1(Lscala/tools/nsc/GenericRunnerCommand;)Z+1
j  scala.tools.nsc.MainGenericRunner.process([Ljava/lang/String;)Z+128
j  scala.tools.nsc.MainGenericRunner$.main([Ljava/lang/String;)V+2
j  scala.tools.nsc.MainGenericRunner.main([Ljava/lang/String;)V+4
v  ~StubRoutines::call_stub
V  [libjvm.so+0x64bd77]
V  [libjvm.so+0x66a557]
V  [libjvm.so+0x66c9c6]
C  [libjli.so+0x2da1]
C  [libpthread.so.0+0x7a9d]  start_thread+0xfd

Java frames: (J=compiled Java code, j=interpreted, Vv=VM code)
j  jni.GLWrapper.init()V+0
j  Main$.main([Ljava/lang/String;)V+19
j  Main.main([Ljava/lang/String;)V+4
v  ~StubRoutines::call_stub
j  sun.reflect.NativeMethodAccessorImpl.invoke0(Ljava/lang/reflect/Method;Ljava/lang/Object;[Ljava/lang/Object;)Ljava/lang/Object;+0
j  sun.reflect.NativeMethodAccessorImpl.invoke(Ljava/lang/Object;[Ljava/lang/Object;)Ljava/lang/Object;+100
j  sun.reflect.DelegatingMethodAccessorImpl.invoke(Ljava/lang/Object;[Ljava/lang/Object;)Ljava/lang/Object;+6
j  java.lang.reflect.Method.invoke(Ljava/lang/Object;[Ljava/lang/Object;)Ljava/lang/Object;+56
j  scala.reflect.internal.util.ScalaClassLoader.$anonfun$run$2(Lscala/collection/Seq;Ljava/lang/reflect/Method;)Ljava/lang/Object;+27
j  scala.reflect.internal.util.ScalaClassLoader$$Lambda$127.apply()Ljava/lang/Object;+8
j  scala.reflect.internal.util.ScalaClassLoader.asContext(Lscala/Function0;)Ljava/lang/Object;+18
j  scala.reflect.internal.util.ScalaClassLoader.asContext$(Lscala/reflect/internal/util/ScalaClassLoader;Lscala/Function0;)Ljava/lang/Object;+2
j  scala.reflect.internal.util.ScalaClassLoader$URLClassLoader.asContext(Lscala/Function0;)Ljava/lang/Object;+2
j  scala.reflect.internal.util.ScalaClassLoader.run(Ljava/lang/String;Lscala/collection/Seq;)V+90
j  scala.reflect.internal.util.ScalaClassLoader.run$(Lscala/reflect/internal/util/ScalaClassLoader;Ljava/lang/String;Lscala/collection/Seq;)V+3
j  scala.reflect.internal.util.ScalaClassLoader$URLClassLoader.run(Ljava/lang/String;Lscala/collection/Seq;)V+3
j  scala.tools.nsc.CommonRunner.run(Lscala/collection/Seq;Ljava/lang/String;Lscala/collection/Seq;)V+15
j  scala.tools.nsc.CommonRunner.run$(Lscala/tools/nsc/CommonRunner;Lscala/collection/Seq;Ljava/lang/String;Lscala/collection/Seq;)V+4
j  scala.tools.nsc.ObjectRunner$.run(Lscala/collection/Seq;Ljava/lang/String;Lscala/collection/Seq;)V+4
j  scala.tools.nsc.CommonRunner.runAndCatch(Lscala/collection/Seq;Ljava/lang/String;Lscala/collection/Seq;)Lscala/util/Either;+4
j  scala.tools.nsc.CommonRunner.runAndCatch$(Lscala/tools/nsc/CommonRunner;Lscala/collection/Seq;Ljava/lang/String;Lscala/collection/Seq;)Lscala/util/Either;+4
j  scala.tools.nsc.ObjectRunner$.runAndCatch(Lscala/collection/Seq;Ljava/lang/String;Lscala/collection/Seq;)Lscala/util/Either;+4
j  scala.tools.nsc.MainGenericRunner.runTarget$1(Lscala/tools/nsc/GenericRunnerCommand;)Lscala/util/Either;+39
j  scala.tools.nsc.MainGenericRunner.run$1(Lscala/tools/nsc/GenericRunnerCommand;)Z+1
j  scala.tools.nsc.MainGenericRunner.process([Ljava/lang/String;)Z+128
j  scala.tools.nsc.MainGenericRunner$.main([Ljava/lang/String;)V+2
j  scala.tools.nsc.MainGenericRunner.main([Ljava/lang/String;)V+4
v  ~StubRoutines::call_stub

---------------  P R O C E S S  ---------------

Java Threads: ( => current thread )
  0x00007fbeb80d1800 JavaThread "Service Thread" daemon [_thread_blocked, id=18762, stack(0x00007fbea2c09000,0x00007fbea2d0a000)]
  0x00007fbeb80be800 JavaThread "C1 CompilerThread2" daemon [_thread_blocked, id=18761, stack(0x00007fbea2d0b000,0x00007fbea2e0b000)]
  0x00007fbeb80bd000 JavaThread "C2 CompilerThread1" daemon [_thread_blocked, id=18760, stack(0x00007fbea2e0c000,0x00007fbea2f0c000)]
  0x00007fbeb80ba000 JavaThread "C2 CompilerThread0" daemon [_thread_blocked, id=18759, stack(0x00007fbea2f0d000,0x00007fbea300d000)]
  0x00007fbeb80b8800 JavaThread "Signal Dispatcher" daemon [_thread_blocked, id=18758, stack(0x00007fbea300d000,0x00007fbea310e000)]
  0x00007fbeb8085800 JavaThread "Finalizer" daemon [_thread_blocked, id=18756, stack(0x00007fbea33f4000,0x00007fbea34f5000)]
  0x00007fbeb8083000 JavaThread "Reference Handler" daemon [_thread_blocked, id=18755, stack(0x00007fbea34f5000,0x00007fbea35f6000)]
=>0x00007fbeb800b800 JavaThread "main" [_thread_in_native, id=18749, stack(0x00007fbebd36a000,0x00007fbebd46a000)]

Other Threads:
  0x00007fbeb8079000 VMThread [stack: 0x00007fbea35f7000,0x00007fbea36f7000] [id=18754]
  0x00007fbeb80fe800 WatcherThread [stack: 0x00007fbea2a82000,0x00007fbea2b82000] [id=18763]

VM state:not at safepoint (normal execution)

VM Mutex/Monitor currently owned by a thread: None

heap address: 0x00000000f0000000, size: 256 MB, Compressed Oops mode: 32-bit
Narrow klass base: 0x0000000000000000, Narrow klass shift: 3
Compressed class space size: 1073741824 Address: 0x0000000100000000

Heap:
 PSYoungGen      total 9728K, used 1168K [0x00000000fab00000, 0x00000000fbe00000, 0x0000000100000000)
  eden space 8704K, 1% used [0x00000000fab00000,0x00000000fab2b4f8,0x00000000fb380000)
  from space 1024K, 97% used [0x00000000fb480000,0x00000000fb578ef0,0x00000000fb580000)
  to   space 1024K, 0% used [0x00000000fb380000,0x00000000fb380000,0x00000000fb480000)
 ParOldGen       total 22016K, used 623K [0x00000000f0000000, 0x00000000f1580000, 0x00000000fab00000)
  object space 22016K, 2% used [0x00000000f0000000,0x00000000f009be50,0x00000000f1580000)
 Metaspace       used 12738K, capacity 13268K, committed 13440K, reserved 1060864K
  class space    used 1576K, capacity 1655K, committed 1664K, reserved 1048576K

Card table byte_map: [0x00007fbebceb8000,0x00007fbebcf39000] byte_map_base: 0x00007fbebc738000

Marking Bits: (ParMarkBitMap*) 0x00007fbebe2c4c80
 Begin Bits: [0x00007fbebc25e000, 0x00007fbebc65e000)
 End Bits:   [0x00007fbebc65e000, 0x00007fbebca5e000)

Polling page: 0x00007fbebe6f3000

CodeCache: size=245760Kb used=2459Kb max_used=2468Kb free=243300Kb
 bounds [0x00007fbea9000000, 0x00007fbea9270000, 0x00007fbeb8000000]
 total_blobs=995 nmethods=685 adapters=225
 compilation: enabled

Compilation events (10 events):
Event: 0.563 Thread 0x00007fbeb80bd000 nmethod 675% 0x00007fbea9266a10 code [0x00007fbea9266b80, 0x00007fbea9267128]
Event: 0.564 Thread 0x00007fbeb80be800 

Event: 0.564 Thread 0x00007fbeb80be800  686       1       java.nio.Buffer::position (5 bytes)
Event: 0.564 Thread 0x00007fbeb80be800 nmethod 686 0x00007fbea9266750 code [0x00007fbea92668a0, 0x00007fbea92669b0]
Event: 0.564 Thread 0x00007fbeb80be800  683       3       java.io.File::isInvalid (47 bytes)
Event: 0.564 Thread 0x00007fbeb80be800 nmethod 683 0x00007fbea9266090 code [0x00007fbea9266220, 0x00007fbea9266648]
Event: 0.564 Thread 0x00007fbeb80be800  680       1       java.util.zip.ZipFile::access$000 (5 bytes)
Event: 0.564 Thread 0x00007fbeb80be800 nmethod 680 0x00007fbea9265dd0 code [0x00007fbea9265f20, 0x00007fbea9266010]
Event: 0.564 Thread 0x00007fbeb80be800  682       1       java.net.URL::getPort (5 bytes)
Event: 0.564 Thread 0x00007fbeb80be800 nmethod 682 0x00007fbea9268590 code [0x00007fbea92686e0, 0x00007fbea92687f0]

GC Heap History (4 events):
Event: 0.512 GC heap before
{Heap before GC invocations=1 (full 0):
 PSYoungGen      total 9728K, used 8704K [0x00000000fab00000, 0x00000000fb580000, 0x0000000100000000)
  eden space 8704K, 100% used [0x00000000fab00000,0x00000000fb380000,0x00000000fb380000)
  from space 1024K, 0% used [0x00000000fb480000,0x00000000fb480000,0x00000000fb580000)
  to   space 1024K, 0% used [0x00000000fb380000,0x00000000fb380000,0x00000000fb480000)
 ParOldGen       total 22016K, used 0K [0x00000000f0000000, 0x00000000f1580000, 0x00000000fab00000)
  object space 22016K, 0% used [0x00000000f0000000,0x00000000f0000000,0x00000000f1580000)
 Metaspace       used 12074K, capacity 12498K, committed 12672K, reserved 1060864K
  class space    used 1489K, capacity 1548K, committed 1664K, reserved 1048576K
Event: 0.514 GC heap after
Heap after GC invocations=1 (full 0):
 PSYoungGen      total 9728K, used 1008K [0x00000000fab00000, 0x00000000fb580000, 0x0000000100000000)
  eden space 8704K, 0% used [0x00000000fab00000,0x00000000fab00000,0x00000000fb380000)
  from space 1024K, 98% used [0x00000000fb380000,0x00000000fb47c010,0x00000000fb480000)
  to   space 1024K, 0% used [0x00000000fb480000,0x00000000fb480000,0x00000000fb580000)
 ParOldGen       total 22016K, used 200K [0x00000000f0000000, 0x00000000f1580000, 0x00000000fab00000)
  object space 22016K, 0% used [0x00000000f0000000,0x00000000f00320a0,0x00000000f1580000)
 Metaspace       used 12074K, capacity 12498K, committed 12672K, reserved 1060864K
  class space    used 1489K, capacity 1548K, committed 1664K, reserved 1048576K
}
Event: 0.557 GC heap before
{Heap before GC invocations=2 (full 0):
 PSYoungGen      total 9728K, used 9712K [0x00000000fab00000, 0x00000000fb580000, 0x0000000100000000)
  eden space 8704K, 100% used [0x00000000fab00000,0x00000000fb380000,0x00000000fb380000)
  from space 1024K, 98% used [0x00000000fb380000,0x00000000fb47c010,0x00000000fb480000)
  to   space 1024K, 0% used [0x00000000fb480000,0x00000000fb480000,0x00000000fb580000)
 ParOldGen       total 22016K, used 200K [0x00000000f0000000, 0x00000000f1580000, 0x00000000fab00000)
  object space 22016K, 0% used [0x00000000f0000000,0x00000000f00320a0,0x00000000f1580000)
 Metaspace       used 12661K, capacity 13258K, committed 13440K, reserved 1060864K
  class space    used 1568K, capacity 1654K, committed 1664K, reserved 1048576K
Event: 0.559 GC heap after
Heap after GC invocations=2 (full 0):
 PSYoungGen      total 9728K, used 995K [0x00000000fab00000, 0x00000000fbe00000, 0x0000000100000000)
  eden space 8704K, 0% used [0x00000000fab00000,0x00000000fab00000,0x00000000fb380000)
  from space 1024K, 97% used [0x00000000fb480000,0x00000000fb578ef0,0x00000000fb580000)
  to   space 1024K, 0% used [0x00000000fb380000,0x00000000fb380000,0x00000000fb480000)
 ParOldGen       total 22016K, used 623K [0x00000000f0000000, 0x00000000f1580000, 0x00000000fab00000)
  object space 22016K, 2% used [0x00000000f0000000,0x00000000f009be50,0x00000000f1580000)
 Metaspace       used 12661K, capacity 13258K, committed 13440K, reserved 1060864K
  class space    used 1568K, capacity 1654K, committed 1664K, reserved 1048576K
}

Deoptimization events (2 events):
Event: 0.273 Thread 0x00007fbeb800b800 Uncommon trap: reason=unstable_if action=reinterpret pc=0x00007fbea913acbc method=java.lang.String.indexOf(II)I @ 17
Event: 0.279 Thread 0x00007fbeb800b800 Uncommon trap: reason=null_check action=make_not_entrant pc=0x00007fbea916e7e0 method=java.lang.String.equals(Ljava/lang/Object;)Z @ 8

Classes redefined (0 events):
No events

Internal exceptions (10 events):
Event: 0.530 Thread 0x00007fbeb800b800 Exception <a 'java/lang/NoSuchMethodError': java.lang.Object.$anonfun$envOrElse$1(Lscala/tools/reflect/WrappedProperties;Ljava/lang/String;Ljava/lang/String;)Ljava/lang/String;> (0x00000000fab82710) thrown at [/build/java8-openjdk/src/jdk8u-jdk8u212-b01/h
Event: 0.530 Thread 0x00007fbeb800b800 Exception <a 'java/lang/NoSuchMethodError': java.lang.Object.$anonfun$envOrElse$1(Ljava/lang/String;)Ljava/lang/String;> (0x00000000fab87d10) thrown at [/build/java8-openjdk/src/jdk8u-jdk8u212-b01/hotspot/src/share/vm/interpreter/linkResolver.cpp, line 62
Event: 0.530 Thread 0x00007fbeb800b800 Exception <a 'java/lang/NoSuchMethodError': java.lang.Object.$anonfun$envOrElse$2(Ljava/lang/String;)Ljava/lang/String;> (0x00000000fab8c048) thrown at [/build/java8-openjdk/src/jdk8u-jdk8u212-b01/hotspot/src/share/vm/interpreter/linkResolver.cpp, line 62
Event: 0.531 Thread 0x00007fbeb800b800 Exception <a 'java/lang/NoSuchMethodError': java.lang.Object.$anonfun$flatten$1(Lscala/Function1;Lscala/collection/mutable/Builder;Ljava/lang/Object;)Lscala/collection/mutable/Builder;> (0x00000000fab94ec0) thrown at [/build/java8-openjdk/src/jdk8u-jdk8u2
Event: 0.533 Thread 0x00007fbeb800b800 Exception <a 'java/lang/NoSuchMethodError': java.lang.Object.$anonfun$flatMap$1(Lscala/Function1;Lscala/collection/mutable/Builder;Ljava/lang/Object;)Lscala/collection/mutable/Builder;> (0x00000000fab9fe90) thrown at [/build/java8-openjdk/src/jdk8u-jdk8u2
Event: 0.540 Thread 0x00007fbeb800b800 Exception <a 'java/lang/NoSuchMethodError': java.lang.Object.$anonfun$tryClass$1(Lscala/reflect/internal/util/ScalaClassLoader;Ljava/lang/String;Z)Ljava/lang/Class;> (0x00000000fabc3830) thrown at [/build/java8-openjdk/src/jdk8u-jdk8u212-b01/hotspot/src/s
Event: 0.548 Thread 0x00007fbeb800b800 Exception <a 'java/lang/NoSuchMethodError': java.lang.Object.$anonfun$isInfo$1$adapted(Lscala/tools/nsc/settings/MutableSettings$Setting;)Ljava/lang/Object;> (0x00000000fafa9408) thrown at [/build/java8-openjdk/src/jdk8u-jdk8u212-b01/hotspot/src/share/vm/
Event: 0.549 Thread 0x00007fbeb800b800 Exception <a 'java/lang/NoSuchMethodError': java.lang.Object.$anonfun$isInfo$2$adapted(Lscala/tools/nsc/settings/MutableSettings$Setting;)Ljava/lang/Object;> (0x00000000fafad4b0) thrown at [/build/java8-openjdk/src/jdk8u-jdk8u212-b01/hotspot/src/share/vm/
Event: 0.556 Thread 0x00007fbeb800b800 Exception <a 'java/lang/NoSuchMethodError': java.lang.Object.$anonfun$run$1(Ljava/lang/String;)Lscala/runtime/Nothing$;> (0x00000000fb37b6e0) thrown at [/build/java8-openjdk/src/jdk8u-jdk8u212-b01/hotspot/src/share/vm/interpreter/linkResolver.cpp, line 62
Event: 0.559 Thread 0x00007fbeb800b800 Exception <a 'java/lang/NoSuchMethodError': java.lang.Object.$anonfun$run$2(Lscala/collection/Seq;Ljava/lang/reflect/Method;)Ljava/lang/Object;> (0x00000000fab00160) thrown at [/build/java8-openjdk/src/jdk8u-jdk8u212-b01/hotspot/src/share/vm/interpreter/l

Events (10 events):
Event: 0.562 loading class scala/util/DynamicVariable$$anon$1
Event: 0.562 loading class java/lang/InheritableThreadLocal
Event: 0.562 loading class java/lang/InheritableThreadLocal done
Event: 0.562 Executing VM operation: Deoptimize
Event: 0.562 Executing VM operation: Deoptimize done
Event: 0.562 loading class scala/util/DynamicVariable$$anon$1 done
Event: 0.562 loading class jni/GLWrapper
Event: 0.562 loading class jni/GLWrapper done
Event: 0.562 loading class java/lang/Package
Event: 0.562 loading class java/lang/Package done


Dynamic libraries:
40c64000-40c66000 r-xs 00000000 00:2c 61                                 /tmp/.glDBCVym (deleted)
413fc000-414ae000 rw-p 00000000 00:00 0 
f0000000-f1580000 rw-p 00000000 00:00 0 
f1580000-fab00000 ---p 00000000 00:00 0 
fab00000-fbe00000 rw-p 00000000 00:00 0 
fbe00000-100000000 ---p 00000000 00:00 0 
100000000-1001a0000 rw-p 00000000 00:00 0 
1001a0000-140000000 ---p 00000000 00:00 0 
55d529a53000-55d529a54000 r--p 00000000 fe:00 4982129                    /usr/lib/jvm/java-8-openjdk/jre/bin/java
55d529a54000-55d529a55000 r-xp 00001000 fe:00 4982129                    /usr/lib/jvm/java-8-openjdk/jre/bin/java
55d529a55000-55d529a56000 r--p 00002000 fe:00 4982129                    /usr/lib/jvm/java-8-openjdk/jre/bin/java
55d529a56000-55d529a57000 r--p 00002000 fe:00 4982129                    /usr/lib/jvm/java-8-openjdk/jre/bin/java
55d529a57000-55d529a58000 rw-p 00003000 fe:00 4982129                    /usr/lib/jvm/java-8-openjdk/jre/bin/java
55d52b7ee000-55d52b80f000 rw-p 00000000 00:00 0                          [heap]
7fbe6a396000-7fbe6b5ad000 r-xp 00000000 fe:00 4096496                    /usr/lib/libnvidia-glcore.so.418.43
7fbe6b5ad000-7fbe6b5ce000 rwxp 01217000 fe:00 4096496                    /usr/lib/libnvidia-glcore.so.418.43
7fbe6b5ce000-7fbe6bac3000 r-xp 01238000 fe:00 4096496                    /usr/lib/libnvidia-glcore.so.418.43
7fbe6bac3000-7fbe6bcc3000 ---p 0172d000 fe:00 4096496                    /usr/lib/libnvidia-glcore.so.418.43
7fbe6bcc3000-7fbe6bfea000 rw-p 0172d000 fe:00 4096496                    /usr/lib/libnvidia-glcore.so.418.43
7fbe6bfea000-7fbe6c000000 rw-p 00000000 00:00 0 
7fbe6c000000-7fbe6c021000 rw-p 00000000 00:00 0 
7fbe6c021000-7fbe70000000 ---p 00000000 00:00 0 
7fbe70fff000-7fbe74000000 rw-p 00000000 00:00 0 
7fbe74000000-7fbe7406f000 rw-p 00000000 00:00 0 
7fbe7406f000-7fbe78000000 ---p 00000000 00:00 0 
7fbe78000000-7fbe78021000 rw-p 00000000 00:00 0 
7fbe78021000-7fbe7c000000 ---p 00000000 00:00 0 
7fbe7c000000-7fbe7c0a4000 rw-p 00000000 00:00 0 
7fbe7c0a4000-7fbe80000000 ---p 00000000 00:00 0 
7fbe80000000-7fbe80085000 rw-p 00000000 00:00 0 
7fbe80085000-7fbe84000000 ---p 00000000 00:00 0 
7fbe84000000-7fbe84021000 rw-p 00000000 00:00 0 
7fbe84021000-7fbe88000000 ---p 00000000 00:00 0 
7fbe88000000-7fbe88021000 rw-p 00000000 00:00 0 
7fbe88021000-7fbe8c000000 ---p 00000000 00:00 0 
7fbe8c000000-7fbe8c021000 rw-p 00000000 00:00 0 
7fbe8c021000-7fbe90000000 ---p 00000000 00:00 0 
7fbe90000000-7fbe90021000 rw-p 00000000 00:00 0 
7fbe90021000-7fbe94000000 ---p 00000000 00:00 0 
7fbe94000000-7fbe94021000 rw-p 00000000 00:00 0 
7fbe94021000-7fbe98000000 ---p 00000000 00:00 0 
7fbe98000000-7fbe98021000 rw-p 00000000 00:00 0 
7fbe98021000-7fbe9c000000 ---p 00000000 00:00 0 
7fbe9c000000-7fbe9c021000 rw-p 00000000 00:00 0 
7fbe9c021000-7fbea0000000 ---p 00000000 00:00 0 
7fbea0e9b000-7fbea109b000 rw-s 00000000 00:06 567                        /dev/nvidiactl
7fbea109b000-7fbea111b000 rw-s 00000000 00:06 567                        /dev/nvidiactl
7fbea111b000-7fbea119b000 rw-s 00000000 00:06 567                        /dev/nvidiactl
7fbea119b000-7fbea121b000 rw-s 00000000 00:06 567                        /dev/nvidiactl
7fbea121b000-7fbea131b000 rw-s 00000000 00:06 567                        /dev/nvidiactl
7fbea131b000-7fbea132e000 rw-s 00000000 00:06 567                        /dev/nvidiactl
7fbea132e000-7fbea134e000 rw-s 00000000 00:06 568                        /dev/nvidia0
7fbea134e000-7fbea138e000 rw-s 00000000 00:06 567                        /dev/nvidiactl
7fbea138e000-7fbea1493000 rw-s 00000000 00:06 567                        /dev/nvidiactl
7fbea1493000-7fbea1496000 r-xp 00000000 fe:00 4117701                    /usr/lib/libnvidia-tls.so.418.43
7fbea1496000-7fbea1696000 ---p 00003000 fe:00 4117701                    /usr/lib/libnvidia-tls.so.418.43
7fbea1696000-7fbea1697000 rw-p 00003000 fe:00 4117701                    /usr/lib/libnvidia-tls.so.418.43
7fbea1697000-7fbea1761000 r-xp 00000000 fe:00 4096469                    /usr/lib/libGLX_nvidia.so.418.43
7fbea1761000-7fbea1796000 rwxp 000ca000 fe:00 4096469                    /usr/lib/libGLX_nvidia.so.418.43
7fbea1796000-7fbea17aa000 r-xp 000ff000 fe:00 4096469                    /usr/lib/libGLX_nvidia.so.418.43
7fbea17aa000-7fbea19a9000 ---p 00113000 fe:00 4096469                    /usr/lib/libGLX_nvidia.so.418.43
7fbea19a9000-7fbea19ce000 rw-p 00112000 fe:00 4096469                    /usr/lib/libGLX_nvidia.so.418.43
7fbea19ce000-7fbea19d6000 rw-p 00000000 00:00 0 
7fbea19d6000-7fbea1a16000 r--p 00000000 fe:00 4069014                    /usr/lib/libGLdispatch.so.0.0.0
7fbea1a16000-7fbea1a19000 r-xp 00040000 fe:00 4069014                    /usr/lib/libGLdispatch.so.0.0.0
7fbea1a19000-7fbea1a33000 r-xp 00043000 fe:00 4069014                    /usr/lib/libGLdispatch.so.0.0.0
7fbea1a33000-7fbea1a34000 r-xp 0005d000 fe:00 4069014                    /usr/lib/libGLdispatch.so.0.0.0
7fbea1a34000-7fbea1a47000 r--p 0005e000 fe:00 4069014                    /usr/lib/libGLdispatch.so.0.0.0
7fbea1a47000-7fbea1a48000 ---p 00071000 fe:00 4069014                    /usr/lib/libGLdispatch.so.0.0.0
7fbea1a48000-7fbea1a71000 r--p 00071000 fe:00 4069014                    /usr/lib/libGLdispatch.so.0.0.0
7fbea1a71000-7fbea1a72000 rw-p 0009a000 fe:00 4069014                    /usr/lib/libGLdispatch.so.0.0.0
7fbea1a72000-7fbea1a92000 rw-p 00000000 00:00 0 
7fbea1a92000-7fbea1ad4000 r--p 00000000 fe:00 4069009                    /usr/lib/libGL.so.1.7.0
7fbea1ad4000-7fbea1ad8000 r-xp 00042000 fe:00 4069009                    /usr/lib/libGL.so.1.7.0
7fbea1ad8000-7fbea1af2000 r-xp 00046000 fe:00 4069009                    /usr/lib/libGL.so.1.7.0
7fbea1af2000-7fbea1af3000 r-xp 00060000 fe:00 4069009                    /usr/lib/libGL.so.1.7.0
7fbea1af3000-7fbea1b08000 r--p 00061000 fe:00 4069009                    /usr/lib/libGL.so.1.7.0
7fbea1b08000-7fbea1b23000 r--p 00075000 fe:00 4069009                    /usr/lib/libGL.so.1.7.0
7fbea1b23000-7fbea1b24000 rw-p 00090000 fe:00 4069009                    /usr/lib/libGL.so.1.7.0
7fbea1b24000-7fbea1b99000 rw-p 00000000 00:00 0 
7fbea1b9f000-7fbea1bdf000 rw-s 00000000 00:06 567                        /dev/nvidiactl
7fbea1bdf000-7fbea1be3000 r--p 00000000 fe:00 4067360                    /usr/lib/libdrm.so.2.4.0
7fbea1be3000-7fbea1bed000 r-xp 00004000 fe:00 4067360                    /usr/lib/libdrm.so.2.4.0
7fbea1bed000-7fbea1bf0000 r--p 0000e000 fe:00 4067360                    /usr/lib/libdrm.so.2.4.0
7fbea1bf0000-7fbea1bf1000 ---p 00011000 fe:00 4067360                    /usr/lib/libdrm.so.2.4.0
7fbea1bf1000-7fbea1bf2000 r--p 00011000 fe:00 4067360                    /usr/lib/libdrm.so.2.4.0
7fbea1bf2000-7fbea1bf3000 rw-p 00012000 fe:00 4067360                    /usr/lib/libdrm.so.2.4.0
7fbea1bf3000-7fbea1bf6000 r--p 00000000 fe:00 4069012                    /usr/lib/libGLX.so.0.0.0
7fbea1bf6000-7fbea1c00000 r-xp 00003000 fe:00 4069012                    /usr/lib/libGLX.so.0.0.0
7fbea1c00000-7fbea1c03000 r--p 0000d000 fe:00 4069012                    /usr/lib/libGLX.so.0.0.0
7fbea1c03000-7fbea1c04000 ---p 00010000 fe:00 4069012                    /usr/lib/libGLX.so.0.0.0
7fbea1c04000-7fbea1c05000 r--p 00010000 fe:00 4069012                    /usr/lib/libGLX.so.0.0.0
7fbea1c05000-7fbea1c06000 rw-p 00011000 fe:00 4069012                    /usr/lib/libGLX.so.0.0.0
7fbea1c06000-7fbea1c26000 rw-p 00000000 00:00 0 
7fbea1c26000-7fbea1c28000 r--p 00000000 fe:00 4073249                    /usr/lib/libXdmcp.so.6.0.0
7fbea1c28000-7fbea1c2a000 r-xp 00002000 fe:00 4073249                    /usr/lib/libXdmcp.so.6.0.0
7fbea1c2a000-7fbea1c2c000 r--p 00004000 fe:00 4073249                    /usr/lib/libXdmcp.so.6.0.0
7fbea1c2c000-7fbea1c2d000 r--p 00005000 fe:00 4073249                    /usr/lib/libXdmcp.so.6.0.0
7fbea1c2d000-7fbea1c2e000 rw-p 00006000 fe:00 4073249                    /usr/lib/libXdmcp.so.6.0.0
7fbea1c2e000-7fbea1c33000 r-xp 00000000 fe:00 4069026                    /usr/lib/libXfixes.so.3.1.0
7fbea1c33000-7fbea1e32000 ---p 00005000 fe:00 4069026                    /usr/lib/libXfixes.so.3.1.0
7fbea1e32000-7fbea1e33000 r--p 00004000 fe:00 4069026                    /usr/lib/libXfixes.so.3.1.0
7fbea1e33000-7fbea1e34000 rw-p 00005000 fe:00 4069026                    /usr/lib/libXfixes.so.3.1.0
7fbea1e34000-7fbea1e38000 r--p 00000000 fe:00 4073250                    /usr/lib/libXext.so.6.4.0
7fbea1e38000-7fbea1e43000 r-xp 00004000 fe:00 4073250                    /usr/lib/libXext.so.6.4.0
7fbea1e43000-7fbea1e47000 r--p 0000f000 fe:00 4073250                    /usr/lib/libXext.so.6.4.0
7fbea1e47000-7fbea1e48000 r--p 00012000 fe:00 4073250                    /usr/lib/libXext.so.6.4.0
7fbea1e48000-7fbea1e49000 rw-p 00013000 fe:00 4073250                    /usr/lib/libXext.so.6.4.0
7fbea1e49000-7fbea1e55000 r--p 00000000 fe:00 4073236                    /usr/lib/libxcb.so.1.1.0
7fbea1e55000-7fbea1e68000 r-xp 0000c000 fe:00 4073236                    /usr/lib/libxcb.so.1.1.0
7fbea1e68000-7fbea1e71000 r--p 0001f000 fe:00 4073236                    /usr/lib/libxcb.so.1.1.0
7fbea1e71000-7fbea1e72000 r--p 00027000 fe:00 4073236                    /usr/lib/libxcb.so.1.1.0
7fbea1e72000-7fbea1e73000 rw-p 00028000 fe:00 4073236                    /usr/lib/libxcb.so.1.1.0
7fbea1e73000-7fbea1e76000 r--p 00000000 fe:00 4067439                    /usr/lib/libgcc_s.so.1
7fbea1e76000-7fbea1e87000 r-xp 00003000 fe:00 4067439                    /usr/lib/libgcc_s.so.1
7fbea1e87000-7fbea1e8a000 r--p 00014000 fe:00 4067439                    /usr/lib/libgcc_s.so.1
7fbea1e8a000-7fbea1e8b000 ---p 00017000 fe:00 4067439                    /usr/lib/libgcc_s.so.1
7fbea1e8b000-7fbea1e8c000 r--p 00017000 fe:00 4067439                    /usr/lib/libgcc_s.so.1
7fbea1e8c000-7fbea1e8d000 rw-p 00018000 fe:00 4067439                    /usr/lib/libgcc_s.so.1
7fbea1e8d000-7fbea1f16000 r--p 00000000 fe:00 4069301                    /usr/lib/libstdc++.so.6.0.25
7fbea1f16000-7fbea1fce000 r-xp 00089000 fe:00 4069301                    /usr/lib/libstdc++.so.6.0.25
7fbea1fce000-7fbea200b000 r--p 00141000 fe:00 4069301                    /usr/lib/libstdc++.so.6.0.25
7fbea200b000-7fbea200c000 ---p 0017e000 fe:00 4069301                    /usr/lib/libstdc++.so.6.0.25
7fbea200c000-7fbea2018000 r--p 0017e000 fe:00 4069301                    /usr/lib/libstdc++.so.6.0.25
7fbea2018000-7fbea2019000 rw-p 0018a000 fe:00 4069301                    /usr/lib/libstdc++.so.6.0.25
7fbea2019000-7fbea201c000 rw-p 00000000 00:00 0 
7fbea201c000-7fbea2020000 r-xp 00000000 fe:00 4069027                    /usr/lib/libXxf86vm.so.1.0.0
7fbea2020000-7fbea2220000 ---p 00004000 fe:00 4069027                    /usr/lib/libXxf86vm.so.1.0.0
7fbea2220000-7fbea2221000 r--p 00004000 fe:00 4069027                    /usr/lib/libXxf86vm.so.1.0.0
7fbea2221000-7fbea2222000 rw-p 00005000 fe:00 4069027                    /usr/lib/libXxf86vm.so.1.0.0
7fbea2222000-7fbea2224000 r-xp 00000000 fe:00 4077494                    /usr/lib/libXinerama.so.1.0.0
7fbea2224000-7fbea2423000 ---p 00002000 fe:00 4077494                    /usr/lib/libXinerama.so.1.0.0
7fbea2423000-7fbea2424000 r--p 00001000 fe:00 4077494                    /usr/lib/libXinerama.so.1.0.0
7fbea2424000-7fbea2425000 rw-p 00002000 fe:00 4077494                    /usr/lib/libXinerama.so.1.0.0
7fbea2425000-7fbea2441000 r--p 00000000 fe:00 4079815                    /usr/lib/libX11.so.6.3.0
7fbea2441000-7fbea24c9000 r-xp 0001c000 fe:00 4079815                    /usr/lib/libX11.so.6.3.0
7fbea24c9000-7fbea255d000 r--p 000a4000 fe:00 4079815                    /usr/lib/libX11.so.6.3.0
7fbea255d000-7fbea2560000 r--p 00137000 fe:00 4079815                    /usr/lib/libX11.so.6.3.0
7fbea2560000-7fbea2564000 rw-p 0013a000 fe:00 4079815                    /usr/lib/libX11.so.6.3.0
7fbea2575000-7fbea2595000 rw-s 00000000 00:06 567                        /dev/nvidiactl
7fbea25b5000-7fbea25d1000 r--p 00000000 fe:00 413556                     /home/joseph/Documents/Programming/Graphics/OpenGLProject/cmake-build-debug/libOpenGLProject.so
7fbea25d1000-7fbea260e000 r-xp 0001c000 fe:00 413556                     /home/joseph/Documents/Programming/Graphics/OpenGLProject/cmake-build-debug/libOpenGLProject.so
7fbea260e000-7fbea261e000 r--p 00059000 fe:00 413556                     /home/joseph/Documents/Programming/Graphics/OpenGLProject/cmake-build-debug/libOpenGLProject.so
7fbea261e000-7fbea261f000 ---p 00069000 fe:00 413556                     /home/joseph/Documents/Programming/Graphics/OpenGLProject/cmake-build-debug/libOpenGLProject.so
7fbea261f000-7fbea2621000 r--p 00069000 fe:00 413556                     /home/joseph/Documents/Programming/Graphics/OpenGLProject/cmake-build-debug/libOpenGLProject.so
7fbea2621000-7fbea2623000 rw-p 0006b000 fe:00 413556                     /home/joseph/Documents/Programming/Graphics/OpenGLProject/cmake-build-debug/libOpenGLProject.so
7fbea2623000-7fbea27a5000 rw-p 00000000 00:00 0 
7fbea27a5000-7fbea2825000 ---p 00000000 00:00 0 
7fbea2825000-7fbea2a25000 rw-p 00000000 00:00 0 
7fbea2a2c000-7fbea2a2e000 r--p 00000000 fe:00 4078939                    /usr/lib/libXrender.so.1.3.0
7fbea2a2e000-7fbea2a35000 r-xp 00002000 fe:00 4078939                    /usr/lib/libXrender.so.1.3.0
7fbea2a35000-7fbea2a37000 r--p 00009000 fe:00 4078939                    /usr/lib/libXrender.so.1.3.0
7fbea2a37000-7fbea2a38000 r--p 0000a000 fe:00 4078939                    /usr/lib/libXrender.so.1.3.0
7fbea2a38000-7fbea2a39000 rw-p 0000b000 fe:00 4078939                    /usr/lib/libXrender.so.1.3.0
7fbea2a39000-7fbea2a3c000 r--p 00000000 fe:00 4078917                    /usr/lib/libXcursor.so.1.0.2
7fbea2a3c000-7fbea2a41000 r-xp 00003000 fe:00 4078917                    /usr/lib/libXcursor.so.1.0.2
7fbea2a41000-7fbea2a43000 r--p 00008000 fe:00 4078917                    /usr/lib/libXcursor.so.1.0.2
7fbea2a43000-7fbea2a44000 r--p 00009000 fe:00 4078917                    /usr/lib/libXcursor.so.1.0.2
7fbea2a44000-7fbea2a45000 rw-p 0000a000 fe:00 4078917                    /usr/lib/libXcursor.so.1.0.2
7fbea2a45000-7fbea2a47000 r--p 00000000 fe:00 4078938                    /usr/lib/libXrandr.so.2.2.0
7fbea2a47000-7fbea2a4e000 r-xp 00002000 fe:00 4078938                    /usr/lib/libXrandr.so.2.2.0
7fbea2a4e000-7fbea2a50000 r--p 00009000 fe:00 4078938                    /usr/lib/libXrandr.so.2.2.0
7fbea2a50000-7fbea2a51000 r--p 0000a000 fe:00 4078938                    /usr/lib/libXrandr.so.2.2.0
7fbea2a51000-7fbea2a52000 rw-p 0000b000 fe:00 4078938                    /usr/lib/libXrandr.so.2.2.0
7fbea2a52000-7fbea2a57000 r--p 00000000 fe:00 4983049                    /usr/lib/jvm/java-8-openjdk/jre/lib/amd64/libnet.so
7fbea2a57000-7fbea2a66000 r-xp 00005000 fe:00 4983049                    /usr/lib/jvm/java-8-openjdk/jre/lib/amd64/libnet.so
7fbea2a66000-7fbea2a6a000 r--p 00014000 fe:00 4983049                    /usr/lib/jvm/java-8-openjdk/jre/lib/amd64/libnet.so
7fbea2a6a000-7fbea2a6b000 r--p 00017000 fe:00 4983049                    /usr/lib/jvm/java-8-openjdk/jre/lib/amd64/libnet.so
7fbea2a6b000-7fbea2a6c000 rw-p 00018000 fe:00 4983049                    /usr/lib/jvm/java-8-openjdk/jre/lib/amd64/libnet.so
7fbea2a6c000-7fbea2a73000 r--p 00000000 fe:00 4983050                    /usr/lib/jvm/java-8-openjdk/jre/lib/amd64/libnio.so
7fbea2a73000-7fbea2a7b000 r-xp 00007000 fe:00 4983050                    /usr/lib/jvm/java-8-openjdk/jre/lib/amd64/libnio.so
7fbea2a7b000-7fbea2a7e000 r--p 0000f000 fe:00 4983050                    /usr/lib/jvm/java-8-openjdk/jre/lib/amd64/libnio.so
7fbea2a7e000-7fbea2a7f000 ---p 00012000 fe:00 4983050                    /usr/lib/jvm/java-8-openjdk/jre/lib/amd64/libnio.so
7fbea2a7f000-7fbea2a80000 r--p 00012000 fe:00 4983050                    /usr/lib/jvm/java-8-openjdk/jre/lib/amd64/libnio.so
7fbea2a80000-7fbea2a81000 rw-p 00013000 fe:00 4983050                    /usr/lib/jvm/java-8-openjdk/jre/lib/amd64/libnio.so
7fbea2a81000-7fbea2a82000 ---p 00000000 00:00 0 
7fbea2a82000-7fbea2b82000 rw-p 00000000 00:00 0 
7fbea2b82000-7fbea2bba000 r--s 004bf000 fe:00 4069441                    /usr/share/scala/lib/scala-library.jar
7fbea2bba000-7fbea2c09000 r--s 00967000 fe:00 4069435                    /usr/share/scala/lib/scala-compiler.jar
7fbea2c09000-7fbea2c0c000 ---p 00000000 00:00 0 
7fbea2c0c000-7fbea2d0a000 rw-p 00000000 00:00 0 
7fbea2d0a000-7fbea2d0b000 ---p 00000000 00:00 0 
7fbea2d0b000-7fbea2d0e000 ---p 00000000 00:00 0 
7fbea2d0e000-7fbea2e0b000 rw-p 00000000 00:00 0 
7fbea2e0b000-7fbea2e0c000 ---p 00000000 00:00 0 
7fbea2e0c000-7fbea2e0f000 ---p 00000000 00:00 0 
7fbea2e0f000-7fbea2f0c000 rw-p 00000000 00:00 0 
7fbea2f0c000-7fbea2f0d000 ---p 00000000 00:00 0 
7fbea2f0d000-7fbea2f10000 ---p 00000000 00:00 0 
7fbea2f10000-7fbea300d000 rw-p 00000000 00:00 0 
7fbea300d000-7fbea3010000 ---p 00000000 00:00 0 
7fbea3010000-7fbea310e000 rw-p 00000000 00:00 0 
7fbea310e000-7fbea33f4000 r--p 00000000 fe:00 4078801                    /usr/lib/locale/locale-archive
7fbea33f4000-7fbea33f7000 ---p 00000000 00:00 0 
7fbea33f7000-7fbea34f5000 rw-p 00000000 00:00 0 
7fbea34f5000-7fbea34f8000 ---p 00000000 00:00 0 
7fbea34f8000-7fbea35f6000 rw-p 00000000 00:00 0 
7fbea35f6000-7fbea35f7000 ---p 00000000 00:00 0 
7fbea35f7000-7fbea4000000 rw-p 00000000 00:00 0 
7fbea4000000-7fbea4021000 rw-p 00000000 00:00 0 
7fbea4021000-7fbea8000000 ---p 00000000 00:00 0 
7fbea8000000-7fbea8002000 rw-s 00000000 00:2c 61                         /tmp/.glDBCVym (deleted)
7fbea8002000-7fbea8003000 rw-s 00000000 00:06 567                        /dev/nvidiactl
7fbea8003000-7fbea8007000 rw-s 00000000 00:06 567                        /dev/nvidiactl
7fbea8007000-7fbea802a000 r--s 00347000 fe:00 4071644                    /usr/share/scala/lib/scala-reflect.jar
7fbea802a000-7fbea8630000 rw-p 00000000 00:00 0 
7fbea8630000-7fbea8800000 r--s 03c3a000 fe:00 4983165                    /usr/lib/jvm/java-8-openjdk/jre/lib/rt.jar
7fbea8800000-7fbea9000000 rw-p 00000000 00:00 0 
7fbea9000000-7fbea9270000 rwxp 00000000 00:00 0 
7fbea9270000-7fbeb8000000 ---p 00000000 00:00 0 
7fbeb8000000-7fbeb9ce2000 rw-p 00000000 00:00 0 
7fbeb9ce2000-7fbebc000000 ---p 00000000 00:00 0 
7fbebc000000-7fbebc001000 rw-s 00000000 00:06 568                        /dev/nvidia0
7fbebc001000-7fbebc002000 r--p 00000000 fe:00 4067264                    /usr/lib/libX11-xcb.so.1.0.0
7fbebc002000-7fbebc003000 r-xp 00001000 fe:00 4067264                    /usr/lib/libX11-xcb.so.1.0.0
7fbebc003000-7fbebc004000 r--p 00002000 fe:00 4067264                    /usr/lib/libX11-xcb.so.1.0.0
7fbebc004000-7fbebc005000 r--p 00002000 fe:00 4067264                    /usr/lib/libX11-xcb.so.1.0.0
7fbebc005000-7fbebc006000 rw-p 00003000 fe:00 4067264                    /usr/lib/libX11-xcb.so.1.0.0
7fbebc006000-7fbebc007000 r--p 00000000 fe:00 4073222                    /usr/lib/libXau.so.6.0.0
7fbebc007000-7fbebc008000 r-xp 00001000 fe:00 4073222                    /usr/lib/libXau.so.6.0.0
7fbebc008000-7fbebc009000 r--p 00002000 fe:00 4073222                    /usr/lib/libXau.so.6.0.0
7fbebc009000-7fbebc00a000 r--p 00002000 fe:00 4073222                    /usr/lib/libXau.so.6.0.0
7fbebc00a000-7fbebc00b000 rw-p 00003000 fe:00 4073222                    /usr/lib/libXau.so.6.0.0
7fbebc00b000-7fbebc011000 r--s 00080000 fe:00 4072599                    /usr/share/scala/lib/scala-xml_2.12-1.0.6.jar
7fbebc011000-7fbebc01a000 r--s 000ab000 fe:00 4072582                    /usr/share/scala/lib/scala-swing_2.12-2.0.3.jar
7fbebc01a000-7fbebca5e000 rw-p 00000000 00:00 0 
7fbebca5e000-7fbebca5f000 ---p 00000000 00:00 0 
7fbebca5f000-7fbebcb5f000 rw-p 00000000 00:00 0 
7fbebcb5f000-7fbebcb60000 ---p 00000000 00:00 0 
7fbebcb60000-7fbebcc60000 rw-p 00000000 00:00 0 
7fbebcc60000-7fbebcc61000 ---p 00000000 00:00 0 
7fbebcc61000-7fbebcd61000 rw-p 00000000 00:00 0 
7fbebcd61000-7fbebcd62000 ---p 00000000 00:00 0 
7fbebcd62000-7fbebce6d000 rw-p 00000000 00:00 0 
7fbebce6d000-7fbebceb8000 ---p 00000000 00:00 0 
7fbebceb8000-7fbebcec3000 rw-p 00000000 00:00 0 
7fbebcec3000-7fbebcf0d000 ---p 00000000 00:00 0 
7fbebcf0d000-7fbebcf17000 rw-p 00000000 00:00 0 
7fbebcf17000-7fbebcf38000 ---p 00000000 00:00 0 
7fbebcf38000-7fbebcf43000 rw-p 00000000 00:00 0 
7fbebcf43000-7fbebd2f9000 ---p 00000000 00:00 0 
7fbebd2f9000-7fbebd2fc000 r--p 00000000 fe:00 4071892                    /usr/lib/libnss_files-2.28.so
7fbebd2fc000-7fbebd303000 r-xp 00003000 fe:00 4071892                    /usr/lib/libnss_files-2.28.so
7fbebd303000-7fbebd306000 r--p 0000a000 fe:00 4071892                    /usr/lib/libnss_files-2.28.so
7fbebd306000-7fbebd307000 r--p 0000c000 fe:00 4071892                    /usr/lib/libnss_files-2.28.so
7fbebd307000-7fbebd308000 rw-p 0000d000 fe:00 4071892                    /usr/lib/libnss_files-2.28.so
7fbebd308000-7fbebd30e000 rw-p 00000000 00:00 0 
7fbebd30e000-7fbebd30f000 rw-s 00000000 00:06 568                        /dev/nvidia0
7fbebd30f000-7fbebd310000 rw-s 00000000 00:06 567                        /dev/nvidiactl
7fbebd310000-7fbebd312000 r--s 00006000 fe:00 4072524                    /usr/share/scala/lib/scala-repl-jline.jar
7fbebd312000-7fbebd317000 r--s 00041000 fe:00 4071912                    /usr/share/scala/lib/scala-repl-jline-embedded.jar
7fbebd317000-7fbebd31d000 r--s 00077000 fe:00 4072603                    /usr/share/scala/lib/scalap.jar
7fbebd31d000-7fbebd328000 r--s 001d6000 fe:00 4069275                    /usr/share/scala/lib/scala-compiler-doc.jar
7fbebd328000-7fbebd32c000 r--s 0003e000 fe:00 4069189                    /usr/share/scala/lib/jline.jar
7fbebd32c000-7fbebd354000 rw-p 00000000 00:00 0 
7fbebd354000-7fbebd357000 r--p 00000000 fe:00 4983099                    /usr/lib/jvm/java-8-openjdk/jre/lib/amd64/libzip.so
7fbebd357000-7fbebd35b000 r-xp 00003000 fe:00 4983099                    /usr/lib/jvm/java-8-openjdk/jre/lib/amd64/libzip.so
7fbebd35b000-7fbebd35d000 r--p 00007000 fe:00 4983099                    /usr/lib/jvm/java-8-openjdk/jre/lib/amd64/libzip.so
7fbebd35d000-7fbebd35e000 r--p 00008000 fe:00 4983099                    /usr/lib/jvm/java-8-openjdk/jre/lib/amd64/libzip.so
7fbebd35e000-7fbebd35f000 rw-p 00009000 fe:00 4983099                    /usr/lib/jvm/java-8-openjdk/jre/lib/amd64/libzip.so
7fbebd35f000-7fbebd361000 r--p 00000000 fe:00 4078347                    /usr/lib/librt-2.28.so
7fbebd361000-7fbebd365000 r-xp 00002000 fe:00 4078347                    /usr/lib/librt-2.28.so
7fbebd365000-7fbebd367000 r--p 00006000 fe:00 4078347                    /usr/lib/librt-2.28.so
7fbebd367000-7fbebd368000 r--p 00007000 fe:00 4078347                    /usr/lib/librt-2.28.so
7fbebd368000-7fbebd369000 rw-p 00008000 fe:00 4078347                    /usr/lib/librt-2.28.so
7fbebd369000-7fbebd36a000 ---p 00000000 00:00 0 
7fbebd36a000-7fbebd36d000 ---p 00000000 00:00 0 
7fbebd36d000-7fbebd46a000 rw-p 00000000 00:00 0 
7fbebd46a000-7fbebd477000 r--p 00000000 fe:00 4071870                    /usr/lib/libm-2.28.so
7fbebd477000-7fbebd518000 r-xp 0000d000 fe:00 4071870                    /usr/lib/libm-2.28.so
7fbebd518000-7fbebd5ed000 r--p 000ae000 fe:00 4071870                    /usr/lib/libm-2.28.so
7fbebd5ed000-7fbebd5ee000 r--p 00182000 fe:00 4071870                    /usr/lib/libm-2.28.so
7fbebd5ee000-7fbebd5ef000 rw-p 00183000 fe:00 4071870                    /usr/lib/libm-2.28.so
7fbebd5ef000-7fbebd7e0000 r--p 00000000 fe:00 4983102                    /usr/lib/jvm/java-8-openjdk/jre/lib/amd64/server/libjvm.so
7fbebd7e0000-7fbebe053000 r-xp 001f1000 fe:00 4983102                    /usr/lib/jvm/java-8-openjdk/jre/lib/amd64/server/libjvm.so
7fbebe053000-7fbebe1f3000 r--p 00a64000 fe:00 4983102                    /usr/lib/jvm/java-8-openjdk/jre/lib/amd64/server/libjvm.so
7fbebe1f3000-7fbebe1f4000 ---p 00c04000 fe:00 4983102                    /usr/lib/jvm/java-8-openjdk/jre/lib/amd64/server/libjvm.so
7fbebe1f4000-7fbebe289000 r--p 00c04000 fe:00 4983102                    /usr/lib/jvm/java-8-openjdk/jre/lib/amd64/server/libjvm.so
7fbebe289000-7fbebe2b1000 rw-p 00c99000 fe:00 4983102                    /usr/lib/jvm/java-8-openjdk/jre/lib/amd64/server/libjvm.so
7fbebe2b1000-7fbebe2e3000 rw-p 00000000 00:00 0 
7fbebe2e3000-7fbebe2e9000 r--p 00000000 fe:00 4071899                    /usr/lib/libpthread-2.28.so
7fbebe2e9000-7fbebe2f8000 r-xp 00006000 fe:00 4071899                    /usr/lib/libpthread-2.28.so
7fbebe2f8000-7fbebe2fe000 r--p 00015000 fe:00 4071899                    /usr/lib/libpthread-2.28.so
7fbebe2fe000-7fbebe2ff000 r--p 0001a000 fe:00 4071899                    /usr/lib/libpthread-2.28.so
7fbebe2ff000-7fbebe300000 rw-p 0001b000 fe:00 4071899                    /usr/lib/libpthread-2.28.so
7fbebe300000-7fbebe304000 rw-p 00000000 00:00 0 
7fbebe304000-7fbebe305000 r--p 00000000 fe:00 4071864                    /usr/lib/libdl-2.28.so
7fbebe305000-7fbebe306000 r-xp 00001000 fe:00 4071864                    /usr/lib/libdl-2.28.so
7fbebe306000-7fbebe307000 r--p 00002000 fe:00 4071864                    /usr/lib/libdl-2.28.so
7fbebe307000-7fbebe308000 r--p 00002000 fe:00 4071864                    /usr/lib/libdl-2.28.so
7fbebe308000-7fbebe309000 rw-p 00003000 fe:00 4071864                    /usr/lib/libdl-2.28.so
7fbebe309000-7fbebe31f000 r-xp 00000000 fe:00 4069349                    /usr/lib/libz.so.1.2.11
7fbebe31f000-7fbebe51e000 ---p 00016000 fe:00 4069349                    /usr/lib/libz.so.1.2.11
7fbebe51e000-7fbebe51f000 r--p 00015000 fe:00 4069349                    /usr/lib/libz.so.1.2.11
7fbebe51f000-7fbebe520000 rw-p 00016000 fe:00 4069349                    /usr/lib/libz.so.1.2.11
7fbebe520000-7fbebe542000 r--p 00000000 fe:00 4071855                    /usr/lib/libc-2.28.so
7fbebe542000-7fbebe68d000 r-xp 00022000 fe:00 4071855                    /usr/lib/libc-2.28.so
7fbebe68d000-7fbebe6d9000 r--p 0016d000 fe:00 4071855                    /usr/lib/libc-2.28.so
7fbebe6d9000-7fbebe6da000 ---p 001b9000 fe:00 4071855                    /usr/lib/libc-2.28.so
7fbebe6da000-7fbebe6de000 r--p 001b9000 fe:00 4071855                    /usr/lib/libc-2.28.so
7fbebe6de000-7fbebe6e0000 rw-p 001bd000 fe:00 4071855                    /usr/lib/libc-2.28.so
7fbebe6e0000-7fbebe6e4000 rw-p 00000000 00:00 0 
7fbebe6e4000-7fbebe6e5000 rw-s 00000000 00:06 567                        /dev/nvidiactl
7fbebe6e5000-7fbebe6ea000 rw-p 00000000 00:00 0 
7fbebe6ea000-7fbebe6f2000 rw-s 00000000 00:2c 53                         /tmp/hsperfdata_joseph/18748
7fbebe6f2000-7fbebe6f3000 rw-p 00000000 00:00 0 
7fbebe6f3000-7fbebe6f4000 r--p 00000000 00:00 0 
7fbebe6f4000-7fbebe701000 r--p 00000000 fe:00 4983038                    /usr/lib/jvm/java-8-openjdk/jre/lib/amd64/libjava.so
7fbebe701000-7fbebe719000 r-xp 0000d000 fe:00 4983038                    /usr/lib/jvm/java-8-openjdk/jre/lib/amd64/libjava.so
7fbebe719000-7fbebe720000 r--p 00025000 fe:00 4983038                    /usr/lib/jvm/java-8-openjdk/jre/lib/amd64/libjava.so
7fbebe720000-7fbebe721000 ---p 0002c000 fe:00 4983038                    /usr/lib/jvm/java-8-openjdk/jre/lib/amd64/libjava.so
7fbebe721000-7fbebe722000 r--p 0002c000 fe:00 4983038                    /usr/lib/jvm/java-8-openjdk/jre/lib/amd64/libjava.so
7fbebe722000-7fbebe723000 rw-p 0002d000 fe:00 4983038                    /usr/lib/jvm/java-8-openjdk/jre/lib/amd64/libjava.so
7fbebe723000-7fbebe724000 rw-p 00000000 00:00 0 
7fbebe724000-7fbebe729000 r--p 00000000 fe:00 4983098                    /usr/lib/jvm/java-8-openjdk/jre/lib/amd64/libverify.so
7fbebe729000-7fbebe730000 r-xp 00005000 fe:00 4983098                    /usr/lib/jvm/java-8-openjdk/jre/lib/amd64/libverify.so
7fbebe730000-7fbebe732000 r--p 0000c000 fe:00 4983098                    /usr/lib/jvm/java-8-openjdk/jre/lib/amd64/libverify.so
7fbebe732000-7fbebe734000 r--p 0000d000 fe:00 4983098                    /usr/lib/jvm/java-8-openjdk/jre/lib/amd64/libverify.so
7fbebe734000-7fbebe735000 rw-p 0000f000 fe:00 4983098                    /usr/lib/jvm/java-8-openjdk/jre/lib/amd64/libverify.so
7fbebe735000-7fbebe737000 r--p 00000000 fe:00 4982149                    /usr/lib/jvm/java-8-openjdk/jre/lib/amd64/jli/libjli.so
7fbebe737000-7fbebe740000 r-xp 00002000 fe:00 4982149                    /usr/lib/jvm/java-8-openjdk/jre/lib/amd64/jli/libjli.so
7fbebe740000-7fbebe743000 r--p 0000b000 fe:00 4982149                    /usr/lib/jvm/java-8-openjdk/jre/lib/amd64/jli/libjli.so
7fbebe743000-7fbebe744000 r--p 0000d000 fe:00 4982149                    /usr/lib/jvm/java-8-openjdk/jre/lib/amd64/jli/libjli.so
7fbebe744000-7fbebe745000 rw-p 0000e000 fe:00 4982149                    /usr/lib/jvm/java-8-openjdk/jre/lib/amd64/jli/libjli.so
7fbebe745000-7fbebe747000 rw-p 00000000 00:00 0 
7fbebe747000-7fbebe749000 r--p 00000000 fe:00 4071843                    /usr/lib/ld-2.28.so
7fbebe749000-7fbebe768000 r-xp 00002000 fe:00 4071843                    /usr/lib/ld-2.28.so
7fbebe768000-7fbebe770000 r--p 00021000 fe:00 4071843                    /usr/lib/ld-2.28.so
7fbebe770000-7fbebe771000 r--p 00028000 fe:00 4071843                    /usr/lib/ld-2.28.so
7fbebe771000-7fbebe772000 rw-p 00029000 fe:00 4071843                    /usr/lib/ld-2.28.so
7fbebe772000-7fbebe773000 rw-p 00000000 00:00 0 
7ffd30bb9000-7ffd30bda000 rw-p 00000000 00:00 0                          [stack]
7ffd30bf1000-7ffd30bf4000 r--p 00000000 00:00 0                          [vvar]
7ffd30bf4000-7ffd30bf6000 r-xp 00000000 00:00 0                          [vdso]
ffffffffff600000-ffffffffff601000 r-xp 00000000 00:00 0                  [vsyscall]

VM Arguments:
jvm_args: -Xmx256M -Xms32M -Xbootclasspath/a:/usr/share/scala/lib/jline.jar:/usr/share/scala/lib/scala-compiler-doc.jar:/usr/share/scala/lib/scala-compiler.jar:/usr/share/scala/lib/scala-library.jar:/usr/share/scala/lib/scalap.jar:/usr/share/scala/lib/scala-reflect.jar:/usr/share/scala/lib/scala-repl-jline-embedded.jar:/usr/share/scala/lib/scala-repl-jline.jar:/usr/share/scala/lib/scala-swing_2.12-2.0.3.jar:/usr/share/scala/lib/scala-xml_2.12-1.0.6.jar -Dscala.boot.class.path=/usr/share/scala/lib/jline.jar:/usr/share/scala/lib/scala-compiler-doc.jar:/usr/share/scala/lib/scala-compiler.jar:/usr/share/scala/lib/scala-library.jar:/usr/share/scala/lib/scalap.jar:/usr/share/scala/lib/scala-reflect.jar:/usr/share/scala/lib/scala-repl-jline-embedded.jar:/usr/share/scala/lib/scala-repl-jline.jar:/usr/share/scala/lib/scala-swing_2.12-2.0.3.jar:/usr/share/scala/lib/scala-xml_2.12-1.0.6.jar -Dscala.home=/usr/share/scala -Dscala.usejavacp=true 
java_command: scala.tools.nsc.MainGenericRunner Main
java_class_path (initial): ""
Launcher Type: SUN_STANDARD

Environment Variables:
PATH=/opt/java/jdk-11.0.2/bin:/usr/local/sbin:/usr/local/bin:/usr/bin:/opt/android-sdk/platform-tools:/opt/android-sdk/tools:/opt/android-sdk/tools/bin:/var/lib/flatpak/exports/bin:/usr/lib/jvm/default/bin:/usr/bin/site_perl:/usr/bin/vendor_perl:/usr/bin/core_perl
SHELL=/usr/bin/fish
DISPLAY=:0

Signal Handlers:
SIGSEGV: [libjvm.so+0xa32bd0], sa_mask[0]=11111111011111111101111111111110, sa_flags=SA_RESTART|SA_SIGINFO
SIGBUS: [libjvm.so+0xa32bd0], sa_mask[0]=11111111011111111101111111111110, sa_flags=SA_RESTART|SA_SIGINFO
SIGFPE: [libjvm.so+0x88ebd0], sa_mask[0]=11111111011111111101111111111110, sa_flags=SA_RESTART|SA_SIGINFO
SIGPIPE: [libjvm.so+0x88ebd0], sa_mask[0]=11111111011111111101111111111110, sa_flags=SA_RESTART|SA_SIGINFO
SIGXFSZ: [libjvm.so+0x88ebd0], sa_mask[0]=11111111011111111101111111111110, sa_flags=SA_RESTART|SA_SIGINFO
SIGILL: [libjvm.so+0x88ebd0], sa_mask[0]=11111111011111111101111111111110, sa_flags=SA_RESTART|SA_SIGINFO
SIGUSR1: SIG_DFL, sa_mask[0]=00000000000000000000000000000000, sa_flags=none
SIGUSR2: [libjvm.so+0x88ea60], sa_mask[0]=00100000000000000000000000000000, sa_flags=SA_RESTART|SA_SIGINFO
SIGHUP: [libjvm.so+0x88ee70], sa_mask[0]=11111111011111111101111111111110, sa_flags=SA_RESTART|SA_SIGINFO
SIGINT: [libjvm.so+0x88ee70], sa_mask[0]=11111111011111111101111111111110, sa_flags=SA_RESTART|SA_SIGINFO
SIGTERM: [libjvm.so+0x88ee70], sa_mask[0]=11111111011111111101111111111110, sa_flags=SA_RESTART|SA_SIGINFO
SIGQUIT: [libjvm.so+0x88ee70], sa_mask[0]=11111111011111111101111111111110, sa_flags=SA_RESTART|SA_SIGINFO


---------------  S Y S T E M  ---------------

OS:DISTRIB_ID=ManjaroLinux
DISTRIB_RELEASE=18.0.4
DISTRIB_CODENAME=Illyria
DISTRIB_DESCRIPTION="Manjaro Linux"

uname:Linux 4.14.109-1-MANJARO #1 SMP PREEMPT Wed Mar 27 18:51:38 UTC 2019 x86_64
libc:glibc 2.28 NPTL 2.28 
rlimit: STACK 8192k, CORE infinity, NPROC 30719, NOFILE 1048576, AS infinity
load average:1.85 1.10 1.11

/proc/meminfo:
MemTotal:        8109564 kB
MemFree:          130820 kB
MemAvailable:     669752 kB
Buffers:           19372 kB
Cached:           945548 kB
SwapCached:        29404 kB
Active:          5957220 kB
Inactive:        1427260 kB
Active(anon):    5668168 kB
Inactive(anon):   998960 kB
Active(file):     289052 kB
Inactive(file):   428300 kB
Unevictable:          48 kB
Mlocked:              48 kB
SwapTotal:       8290300 kB
SwapFree:        7655676 kB
Dirty:              6764 kB
Writeback:             0 kB
AnonPages:       6407656 kB
Mapped:           819072 kB
Shmem:            247552 kB
Slab:             194936 kB
SReclaimable:      81472 kB
SUnreclaim:       113464 kB
KernelStack:       16880 kB
PageTables:        52056 kB
NFS_Unstable:          0 kB
Bounce:                0 kB
WritebackTmp:          0 kB
CommitLimit:    12345080 kB
Committed_AS:   13327560 kB
VmallocTotal:   34359738367 kB
VmallocUsed:           0 kB
VmallocChunk:          0 kB
HardwareCorrupted:     0 kB
AnonHugePages:   2375680 kB
ShmemHugePages:        0 kB
ShmemPmdMapped:        0 kB
HugePages_Total:       0
HugePages_Free:        0
HugePages_Rsvd:        0
HugePages_Surp:        0
Hugepagesize:       2048 kB
DirectMap4k:      691108 kB
DirectMap2M:     7634944 kB
DirectMap1G:     1048576 kB

container (cgroup) information:
container_type: cgroupv1
cpu_cpuset_cpus: 0-3
cpu_memory_nodes: 0
active_processor_count: 4
cpu_quota: -1
cpu_period: 100000
cpu_shares: -1
memory_limit_in_bytes: -1
memory_and_swap_limit_in_bytes: -1
memory_soft_limit_in_bytes: -1
memory_usage_in_bytes: 7228923904
memory_max_usage_in_bytes: 7247728640


CPU:total 4 (initial active 4) (2 cores per cpu, 2 threads per core) family 6 model 60 stepping 3, cmov, cx8, fxsr, mmx, sse, sse2, sse3, ssse3, sse4.1, sse4.2, popcnt, avx, avx2, aes, clmul, erms, lzcnt, ht, tsc, tscinvbit, bmi1, bmi2

/proc/cpuinfo:
processor	: 0
vendor_id	: GenuineIntel
cpu family	: 6
model		: 60
model name	: Intel(R) Core(TM) i3-4130 CPU @ 3.40GHz
stepping	: 3
microcode	: 0x25
cpu MHz		: 3392.300
cache size	: 3072 KB
physical id	: 0
siblings	: 4
core id		: 0
cpu cores	: 2
apicid		: 0
initial apicid	: 0
fpu		: yes
fpu_exception	: yes
cpuid level	: 13
wp		: yes
flags		: fpu vme de pse tsc msr pae mce cx8 apic sep mtrr pge mca cmov pat pse36 clflush dts acpi mmx fxsr sse sse2 ss ht tm pbe syscall nx pdpe1gb rdtscp lm constant_tsc arch_perfmon pebs bts rep_good nopl xtopology nonstop_tsc cpuid aperfmperf pni pclmulqdq dtes64 monitor ds_cpl vmx est tm2 ssse3 sdbg fma cx16 xtpr pdcm pcid sse4_1 sse4_2 movbe popcnt tsc_deadline_timer aes xsave avx f16c rdrand lahf_lm abm cpuid_fault epb invpcid_single pti ssbd ibrs ibpb stibp tpr_shadow vnmi flexpriority ept vpid fsgsbase tsc_adjust bmi1 avx2 smep bmi2 erms invpcid xsaveopt dtherm arat pln pts flush_l1d
bugs		: cpu_meltdown spectre_v1 spectre_v2 spec_store_bypass l1tf
bogomips	: 6787.28
clflush size	: 64
cache_alignment	: 64
address sizes	: 39 bits physical, 48 bits virtual
power management:

processor	: 1
vendor_id	: GenuineIntel
cpu family	: 6
model		: 60
model name	: Intel(R) Core(TM) i3-4130 CPU @ 3.40GHz
stepping	: 3
microcode	: 0x25
cpu MHz		: 3392.298
cache size	: 3072 KB
physical id	: 0
siblings	: 4
core id		: 1
cpu cores	: 2
apicid		: 2
initial apicid	: 2
fpu		: yes
fpu_exception	: yes
cpuid level	: 13
wp		: yes
flags		: fpu vme de pse tsc msr pae mce cx8 apic sep mtrr pge mca cmov pat pse36 clflush dts acpi mmx fxsr sse sse2 ss ht tm pbe syscall nx pdpe1gb rdtscp lm constant_tsc arch_perfmon pebs bts rep_good nopl xtopology nonstop_tsc cpuid aperfmperf pni pclmulqdq dtes64 monitor ds_cpl vmx est tm2 ssse3 sdbg fma cx16 xtpr pdcm pcid sse4_1 sse4_2 movbe popcnt tsc_deadline_timer aes xsave avx f16c rdrand lahf_lm abm cpuid_fault epb invpcid_single pti ssbd ibrs ibpb stibp tpr_shadow vnmi flexpriority ept vpid fsgsbase tsc_adjust bmi1 avx2 smep bmi2 erms invpcid xsaveopt dtherm arat pln pts flush_l1d
bugs		: cpu_meltdown spectre_v1 spectre_v2 spec_store_bypass l1tf
bogomips	: 6787.28
clflush size	: 64
cache_alignment	: 64
address sizes	: 39 bits physical, 48 bits virtual
power management:

processor	: 2
vendor_id	: GenuineIntel
cpu family	: 6
model		: 60
model name	: Intel(R) Core(TM) i3-4130 CPU @ 3.40GHz
stepping	: 3
microcode	: 0x25
cpu MHz		: 3392.296
cache size	: 3072 KB
physical id	: 0
siblings	: 4
core id		: 0
cpu cores	: 2
apicid		: 1
initial apicid	: 1
fpu		: yes
fpu_exception	: yes
cpuid level	: 13
wp		: yes
flags		: fpu vme de pse tsc msr pae mce cx8 apic sep mtrr pge mca cmov pat pse36 clflush dts acpi mmx fxsr sse sse2 ss ht tm pbe syscall nx pdpe1gb rdtscp lm constant_tsc arch_perfmon pebs bts rep_good nopl xtopology nonstop_tsc cpuid aperfmperf pni pclmulqdq dtes64 monitor ds_cpl vmx est tm2 ssse3 sdbg fma cx16 xtpr pdcm pcid sse4_1 sse4_2 movbe popcnt tsc_deadline_timer aes xsave avx f16c rdrand lahf_lm abm cpuid_fault epb invpcid_single pti ssbd ibrs ibpb stibp tpr_shadow vnmi flexpriority ept vpid fsgsbase tsc_adjust bmi1 avx2 smep bmi2 erms invpcid xsaveopt dtherm arat pln pts flush_l1d
bugs		: cpu_meltdown spectre_v1 spectre_v2 spec_store_bypass l1tf
bogomips	: 6787.28
clflush size	: 64
cache_alignment	: 64
address sizes	: 39 bits physical, 48 bits virtual
power management:

processor	: 3
vendor_id	: GenuineIntel
cpu family	: 6
model		: 60
model name	: Intel(R) Core(TM) i3-4130 CPU @ 3.40GHz
stepping	: 3
microcode	: 0x25
cpu MHz		: 3392.289
cache size	: 3072 KB
physical id	: 0
siblings	: 4
core id		: 1
cpu cores	: 2
apicid		: 3
initial apicid	: 3
fpu		: yes
fpu_exception	: yes
cpuid level	: 13
wp		: yes
flags		: fpu vme de pse tsc msr pae mce cx8 apic sep mtrr pge mca cmov pat pse36 clflush dts acpi mmx fxsr sse sse2 ss ht tm pbe syscall nx pdpe1gb rdtscp lm constant_tsc arch_perfmon pebs bts rep_good nopl xtopology nonstop_tsc cpuid aperfmperf pni pclmulqdq dtes64 monitor ds_cpl vmx est tm2 ssse3 sdbg fma cx16 xtpr pdcm pcid sse4_1 sse4_2 movbe popcnt tsc_deadline_timer aes xsave avx f16c rdrand lahf_lm abm cpuid_fault epb invpcid_single pti ssbd ibrs ibpb stibp tpr_shadow vnmi flexpriority ept vpid fsgsbase tsc_adjust bmi1 avx2 smep bmi2 erms invpcid xsaveopt dtherm arat pln pts flush_l1d
bugs		: cpu_meltdown spectre_v1 spectre_v2 spec_store_bypass l1tf
bogomips	: 6787.28
clflush size	: 64
cache_alignment	: 64
address sizes	: 39 bits physical, 48 bits virtual
power management:



Memory: 4k page, physical 8109564k(130820k free), swap 8290300k(7655676k free)

vm_info: OpenJDK 64-Bit Server VM (25.212-b01) for linux-amd64 JRE (1.8.0_212-b01), built on Mar 21 2019 23:20:35 by "builduser" with gcc 8.2.1 20181127

time: Sun Apr  7 15:20:27 2019
timezone: BST
elapsed time: 0 seconds (0d 0h 0m 0s)

