#
# A fatal error has been detected by the Java Runtime Environment:
#
#  SIGSEGV (0xb) at pc=0x00007f89d04ee00a, pid=20607, tid=0x00007f89ee35c700
#
# JRE version: OpenJDK Runtime Environment (8.0_212-b01) (build 1.8.0_212-b01)
# Java VM: OpenJDK 64-Bit Server VM (25.212-b01 mixed mode linux-amd64 compressed oops)
# Problematic frame:
# C  [libOpenGLProject.so+0x3900a]  buildImage(unsigned int*, unsigned int*, unsigned int*)+0x11d
#
# Core dump written. Default location: /home/joseph/Documents/Programming/Graphics/OpenGLProject/out/production/OpenGLProject/core or core.20607
#
# If you would like to submit a bug report, please visit:
#   http://bugreport.java.com/bugreport/crash.jsp
# The crash happened outside the Java Virtual Machine in native code.
# See problematic frame for where to report the bug.
#

---------------  T H R E A D  ---------------

Current thread (0x00007f89e800b800):  JavaThread "main" [_thread_in_native, id=20608, stack(0x00007f89ee25d000,0x00007f89ee35d000)]

siginfo: si_signo: 11 (SIGSEGV), si_code: 1 (SEGV_MAPERR), si_addr: 0x0000000000000000

Registers:
RAX=0x0000000000000000, RBX=0x00007f89e9922830, RCX=0x0000000000000000, RDX=0x00007f89e9735e10
RSP=0x00007f89ee35a650, RBP=0x00007f89ee35a970, RSI=0x00007f89e9724170, RDI=0x00000000408bd000
R8 =0x00007f89ca658ab0, R9 =0x00007f89ee35a2b0, R10=0x0000000000000008, R11=0x00007f89ee35a140
R12=0x0000000000000000, R13=0x00007f89d366cc48, R14=0x00007f89ee35aa70, R15=0x00007f89e800b800
RIP=0x00007f89d04ee00a, EFLAGS=0x0000000000010206, CSGSFS=0x002b000000000033, ERR=0x0000000000000004
  TRAPNO=0x000000000000000e

Top of Stack: (sp=0x00007f89ee35a650)
0x00007f89ee35a650:   0000000000000000 00007f89d0522210
0x00007f89ee35a660:   0000000000000000 0000000000000000
0x00007f89ee35a670:   0000000100000000 0000000100000002
0x00007f89ee35a680:   0000000300000002 0000000000000000
0x00007f89ee35a690:   bf000000bf000000 00000000bf000000
0x00007f89ee35a6a0:   3f00000000000000 bf000000bf000000
0x00007f89ee35a6b0:   000000003f800000 3f0000003f000000
0x00007f89ee35a6c0:   3f800000bf000000 3f0000003f800000
0x00007f89ee35a6d0:   bf0000003f000000 3f8000003f800000
0x00007f89ee35a6e0:   3f000000bf000000 00000000bf000000
0x00007f89ee35a6f0:   bf0000003f800000 bf000000bf000000
0x00007f89ee35a700:   0000000000000000 bf000000bf000000
0x00007f89ee35a710:   000000003f000000 3f00000000000000
0x00007f89ee35a720:   3f000000bf000000 000000003f800000
0x00007f89ee35a730:   3f0000003f000000 3f8000003f000000
0x00007f89ee35a740:   3f0000003f800000 3f0000003f000000
0x00007f89ee35a750:   3f8000003f800000 3f000000bf000000
0x00007f89ee35a760:   000000003f000000 bf0000003f800000
0x00007f89ee35a770:   3f000000bf000000 0000000000000000
0x00007f89ee35a780:   3f000000bf000000 3f8000003f000000
0x00007f89ee35a790:   bf00000000000000 bf0000003f000000
0x00007f89ee35a7a0:   3f8000003f800000 bf000000bf000000
0x00007f89ee35a7b0:   00000000bf000000 bf0000003f800000
0x00007f89ee35a7c0:   bf000000bf000000 3f80000000000000
0x00007f89ee35a7d0:   bf000000bf000000 000000003f000000
0x00007f89ee35a7e0:   bf00000000000000 3f0000003f000000
0x00007f89ee35a7f0:   000000003f800000 3f0000003f000000
0x00007f89ee35a800:   3f8000003f000000 3f00000000000000
0x00007f89ee35a810:   bf0000003f000000 3f8000003f800000
0x00007f89ee35a820:   bf0000003f000000 00000000bf000000
0x00007f89ee35a830:   3f0000003f800000 bf000000bf000000
0x00007f89ee35a840:   3f80000000000000 bf0000003f000000 

Instructions: (pc=0x00007f89d04ee00a)
0x00007f89d04edfea:   05 d9 1d 03 00 48 8b 00 48 8b 95 f0 fc ff ff 48
0x00007f89d04edffa:   89 d6 bf 01 00 00 00 ff d0 48 8b 85 f0 fc ff ff
0x00007f89d04ee00a:   8b 30 48 8b 85 f8 fc ff ff 8b 00 48 8d 95 20 fd
0x00007f89d04ee01a:   ff ff b9 b4 00 00 00 89 c7 e8 b8 47 fe ff 48 8b 

Register to memory mapping:

RAX=0x0000000000000000 is an unknown value
RBX=0x00007f89e9922830 is an unknown value
RCX=0x0000000000000000 is an unknown value
RDX=0x00007f89e9735e10 is an unknown value
RSP=0x00007f89ee35a650 is pointing into the stack for thread: 0x00007f89e800b800
RBP=0x00007f89ee35a970 is pointing into the stack for thread: 0x00007f89e800b800
RSI=0x00007f89e9724170 is an unknown value
RDI=0x00000000408bd000 is an unknown value
R8 =0x00007f89ca658ab0: <offset 0xf03ab0> in /usr/lib/libnvidia-glcore.so.418.43 at 0x00007f89c9755000
R9 =0x00007f89ee35a2b0 is pointing into the stack for thread: 0x00007f89e800b800
R10=0x0000000000000008 is an unknown value
R11=0x00007f89ee35a140 is pointing into the stack for thread: 0x00007f89e800b800
R12=0x0000000000000000 is an unknown value
R13={method} {0x00007f89d366cc48} 'init' '()V' in 'jni/GLWrapper'
R14=0x00007f89ee35aa70 is pointing into the stack for thread: 0x00007f89e800b800
R15=0x00007f89e800b800 is a thread


Stack: [0x00007f89ee25d000,0x00007f89ee35d000],  sp=0x00007f89ee35a650,  free space=1013k
Native frames: (J=compiled Java code, j=interpreted, Vv=VM code, C=native code)
C  [libOpenGLProject.so+0x3900a]  buildImage(unsigned int*, unsigned int*, unsigned int*)+0x11d
C  [libOpenGLProject.so+0x38c6c]  init()+0x1d9
C  [libOpenGLProject.so+0x3a1a7]  Java_jni_GLWrapper_init+0x15
j  jni.GLWrapper.init()V+0
j  Main$.main([Ljava/lang/String;)V+19
j  Main.main([Ljava/lang/String;)V+4
v  ~StubRoutines::call_stub
V  [libjvm.so+0x64bd77]
V  [libjvm.so+0x911407]
V  [libjvm.so+0x9124ee]
V  [libjvm.so+0x69705d]  JVM_InvokeMethod+0x11d
j  sun.reflect.NativeMethodAccessorImpl.invoke0(Ljava/lang/reflect/Method;Ljava/lang/Object;[Ljava/lang/Object;)Ljava/lang/Object;+0
j  sun.reflect.NativeMethodAccessorImpl.invoke(Ljava/lang/Object;[Ljava/lang/Object;)Ljava/lang/Object;+100
j  sun.reflect.DelegatingMethodAccessorImpl.invoke(Ljava/lang/Object;[Ljava/lang/Object;)Ljava/lang/Object;+6
j  java.lang.reflect.Method.invoke(Ljava/lang/Object;[Ljava/lang/Object;)Ljava/lang/Object;+56
j  scala.reflect.internal.util.ScalaClassLoader.$anonfun$run$2(Lscala/collection/Seq;Ljava/lang/reflect/Method;)Ljava/lang/Object;+27
j  scala.reflect.internal.util.ScalaClassLoader$$Lambda$127.apply()Ljava/lang/Object;+8
j  scala.reflect.internal.util.ScalaClassLoader.asContext(Lscala/Function0;)Ljava/lang/Object;+18
j  scala.reflect.internal.util.ScalaClassLoader.asContext$(Lscala/reflect/internal/util/ScalaClassLoader;Lscala/Function0;)Ljava/lang/Object;+2
j  scala.reflect.internal.util.ScalaClassLoader$URLClassLoader.asContext(Lscala/Function0;)Ljava/lang/Object;+2
j  scala.reflect.internal.util.ScalaClassLoader.run(Ljava/lang/String;Lscala/collection/Seq;)V+90
j  scala.reflect.internal.util.ScalaClassLoader.run$(Lscala/reflect/internal/util/ScalaClassLoader;Ljava/lang/String;Lscala/collection/Seq;)V+3
j  scala.reflect.internal.util.ScalaClassLoader$URLClassLoader.run(Ljava/lang/String;Lscala/collection/Seq;)V+3
j  scala.tools.nsc.CommonRunner.run(Lscala/collection/Seq;Ljava/lang/String;Lscala/collection/Seq;)V+15
j  scala.tools.nsc.CommonRunner.run$(Lscala/tools/nsc/CommonRunner;Lscala/collection/Seq;Ljava/lang/String;Lscala/collection/Seq;)V+4
j  scala.tools.nsc.ObjectRunner$.run(Lscala/collection/Seq;Ljava/lang/String;Lscala/collection/Seq;)V+4
j  scala.tools.nsc.CommonRunner.runAndCatch(Lscala/collection/Seq;Ljava/lang/String;Lscala/collection/Seq;)Lscala/util/Either;+4
j  scala.tools.nsc.CommonRunner.runAndCatch$(Lscala/tools/nsc/CommonRunner;Lscala/collection/Seq;Ljava/lang/String;Lscala/collection/Seq;)Lscala/util/Either;+4
j  scala.tools.nsc.ObjectRunner$.runAndCatch(Lscala/collection/Seq;Ljava/lang/String;Lscala/collection/Seq;)Lscala/util/Either;+4
j  scala.tools.nsc.MainGenericRunner.runTarget$1(Lscala/tools/nsc/GenericRunnerCommand;)Lscala/util/Either;+39
j  scala.tools.nsc.MainGenericRunner.run$1(Lscala/tools/nsc/GenericRunnerCommand;)Z+1
j  scala.tools.nsc.MainGenericRunner.process([Ljava/lang/String;)Z+128
j  scala.tools.nsc.MainGenericRunner$.main([Ljava/lang/String;)V+2
j  scala.tools.nsc.MainGenericRunner.main([Ljava/lang/String;)V+4
v  ~StubRoutines::call_stub
V  [libjvm.so+0x64bd77]
V  [libjvm.so+0x66a557]
V  [libjvm.so+0x66c9c6]
C  [libjli.so+0x2da1]
C  [libpthread.so.0+0x7a9d]  start_thread+0xfd

Java frames: (J=compiled Java code, j=interpreted, Vv=VM code)
j  jni.GLWrapper.init()V+0
j  Main$.main([Ljava/lang/String;)V+19
j  Main.main([Ljava/lang/String;)V+4
v  ~StubRoutines::call_stub
j  sun.reflect.NativeMethodAccessorImpl.invoke0(Ljava/lang/reflect/Method;Ljava/lang/Object;[Ljava/lang/Object;)Ljava/lang/Object;+0
j  sun.reflect.NativeMethodAccessorImpl.invoke(Ljava/lang/Object;[Ljava/lang/Object;)Ljava/lang/Object;+100
j  sun.reflect.DelegatingMethodAccessorImpl.invoke(Ljava/lang/Object;[Ljava/lang/Object;)Ljava/lang/Object;+6
j  java.lang.reflect.Method.invoke(Ljava/lang/Object;[Ljava/lang/Object;)Ljava/lang/Object;+56
j  scala.reflect.internal.util.ScalaClassLoader.$anonfun$run$2(Lscala/collection/Seq;Ljava/lang/reflect/Method;)Ljava/lang/Object;+27
j  scala.reflect.internal.util.ScalaClassLoader$$Lambda$127.apply()Ljava/lang/Object;+8
j  scala.reflect.internal.util.ScalaClassLoader.asContext(Lscala/Function0;)Ljava/lang/Object;+18
j  scala.reflect.internal.util.ScalaClassLoader.asContext$(Lscala/reflect/internal/util/ScalaClassLoader;Lscala/Function0;)Ljava/lang/Object;+2
j  scala.reflect.internal.util.ScalaClassLoader$URLClassLoader.asContext(Lscala/Function0;)Ljava/lang/Object;+2
j  scala.reflect.internal.util.ScalaClassLoader.run(Ljava/lang/String;Lscala/collection/Seq;)V+90
j  scala.reflect.internal.util.ScalaClassLoader.run$(Lscala/reflect/internal/util/ScalaClassLoader;Ljava/lang/String;Lscala/collection/Seq;)V+3
j  scala.reflect.internal.util.ScalaClassLoader$URLClassLoader.run(Ljava/lang/String;Lscala/collection/Seq;)V+3
j  scala.tools.nsc.CommonRunner.run(Lscala/collection/Seq;Ljava/lang/String;Lscala/collection/Seq;)V+15
j  scala.tools.nsc.CommonRunner.run$(Lscala/tools/nsc/CommonRunner;Lscala/collection/Seq;Ljava/lang/String;Lscala/collection/Seq;)V+4
j  scala.tools.nsc.ObjectRunner$.run(Lscala/collection/Seq;Ljava/lang/String;Lscala/collection/Seq;)V+4
j  scala.tools.nsc.CommonRunner.runAndCatch(Lscala/collection/Seq;Ljava/lang/String;Lscala/collection/Seq;)Lscala/util/Either;+4
j  scala.tools.nsc.CommonRunner.runAndCatch$(Lscala/tools/nsc/CommonRunner;Lscala/collection/Seq;Ljava/lang/String;Lscala/collection/Seq;)Lscala/util/Either;+4
j  scala.tools.nsc.ObjectRunner$.runAndCatch(Lscala/collection/Seq;Ljava/lang/String;Lscala/collection/Seq;)Lscala/util/Either;+4
j  scala.tools.nsc.MainGenericRunner.runTarget$1(Lscala/tools/nsc/GenericRunnerCommand;)Lscala/util/Either;+39
j  scala.tools.nsc.MainGenericRunner.run$1(Lscala/tools/nsc/GenericRunnerCommand;)Z+1
j  scala.tools.nsc.MainGenericRunner.process([Ljava/lang/String;)Z+128
j  scala.tools.nsc.MainGenericRunner$.main([Ljava/lang/String;)V+2
j  scala.tools.nsc.MainGenericRunner.main([Ljava/lang/String;)V+4
v  ~StubRoutines::call_stub

---------------  P R O C E S S  ---------------

Java Threads: ( => current thread )
  0x00007f89e80c9800 JavaThread "Service Thread" daemon [_thread_blocked, id=20620, stack(0x00007f89d3afb000,0x00007f89d3bfc000)]
  0x00007f89e80be800 JavaThread "C1 CompilerThread2" daemon [_thread_blocked, id=20619, stack(0x00007f89d3bfd000,0x00007f89d3cfd000)]
  0x00007f89e80bd000 JavaThread "C2 CompilerThread1" daemon [_thread_blocked, id=20618, stack(0x00007f89d3cfe000,0x00007f89d3dfe000)]
  0x00007f89e80ba000 JavaThread "C2 CompilerThread0" daemon [_thread_blocked, id=20617, stack(0x00007f89d3dff000,0x00007f89d3eff000)]
  0x00007f89e80b8800 JavaThread "Signal Dispatcher" daemon [_thread_blocked, id=20616, stack(0x00007f89d3eff000,0x00007f89d4000000)]
  0x00007f89e8085800 JavaThread "Finalizer" daemon [_thread_blocked, id=20615, stack(0x00007f89d82f3000,0x00007f89d83f4000)]
  0x00007f89e8083000 JavaThread "Reference Handler" daemon [_thread_blocked, id=20614, stack(0x00007f89d83f4000,0x00007f89d84f5000)]
=>0x00007f89e800b800 JavaThread "main" [_thread_in_native, id=20608, stack(0x00007f89ee25d000,0x00007f89ee35d000)]

Other Threads:
  0x00007f89e8079000 VMThread [stack: 0x00007f89d84f6000,0x00007f89d85f6000] [id=20613]
  0x00007f89e8106800 WatcherThread [stack: 0x00007f89d3983000,0x00007f89d3a83000] [id=20621]

VM state:not at safepoint (normal execution)

VM Mutex/Monitor currently owned by a thread: None

heap address: 0x00000000f0000000, size: 256 MB, Compressed Oops mode: 32-bit
Narrow klass base: 0x0000000000000000, Narrow klass shift: 3
Compressed class space size: 1073741824 Address: 0x0000000100000000

Heap:
 PSYoungGen      total 9728K, used 1193K [0x00000000fab00000, 0x00000000fbe00000, 0x0000000100000000)
  eden space 8704K, 2% used [0x00000000fab00000,0x00000000fab2b868,0x00000000fb380000)
  from space 1024K, 99% used [0x00000000fb480000,0x00000000fb57ecd8,0x00000000fb580000)
  to   space 1024K, 0% used [0x00000000fb380000,0x00000000fb380000,0x00000000fb480000)
 ParOldGen       total 22016K, used 613K [0x00000000f0000000, 0x00000000f1580000, 0x00000000fab00000)
  object space 22016K, 2% used [0x00000000f0000000,0x00000000f0099530,0x00000000f1580000)
 Metaspace       used 12722K, capacity 13268K, committed 13440K, reserved 1060864K
  class space    used 1576K, capacity 1655K, committed 1664K, reserved 1048576K

Card table byte_map: [0x00007f89eddab000,0x00007f89ede2c000] byte_map_base: 0x00007f89ed62b000

Marking Bits: (ParMarkBitMap*) 0x00007f89ef1b7c80
 Begin Bits: [0x00007f89ed151000, 0x00007f89ed551000)
 End Bits:   [0x00007f89ed551000, 0x00007f89ed951000)

Polling page: 0x00007f89ef5e6000

CodeCache: size=245760Kb used=2471Kb max_used=2471Kb free=243289Kb
 bounds [0x00007f89d9000000, 0x00007f89d9270000, 0x00007f89e8000000]
 total_blobs=993 nmethods=683 adapters=225
 compilation: enabled

Compilation events (10 events):
Event: 0.561 Thread 0x00007f89e80be800  678       3       java.lang.StringCoding::access$300 (8 bytes)
Event: 0.561 Thread 0x00007f89e80be800 nmethod 678 0x00007f89d9269090 code [0x00007f89d9269240, 0x00007f89d9269768]
Event: 0.561 Thread 0x00007f89e80be800  679       3       java.lang.String::getBytes (27 bytes)
Event: 0.561 Thread 0x00007f89e80be800 nmethod 679 0x00007f89d92699d0 code [0x00007f89d9269b60, 0x00007f89d9269df8]
Event: 0.561 Thread 0x00007f89e80be800  675       3       java.lang.StringCoding::access$100 (8 bytes)
Event: 0.562 Thread 0x00007f89e80be800 nmethod 675 0x00007f89d9269f10 code [0x00007f89d926a0c0, 0x00007f89d926a5e8]
Event: 0.562 Thread 0x00007f89e80be800  681       1       java.net.URL::getPort (5 bytes)
Event: 0.562 Thread 0x00007f89e80be800 nmethod 681 0x00007f89d925f390 code [0x00007f89d925f4e0, 0x00007f89d925f5f0]
Event: 0.562 Thread 0x00007f89e80be800  683       1       java.nio.Buffer::position (5 bytes)
Event: 0.562 Thread 0x00007f89e80be800 nmethod 683 0x00007f89d926a850 code [0x00007f89d926a9a0, 0x00007f89d926aab0]

GC Heap History (4 events):
Event: 0.511 GC heap before
{Heap before GC invocations=1 (full 0):
 PSYoungGen      total 9728K, used 8704K [0x00000000fab00000, 0x00000000fb580000, 0x0000000100000000)
  eden space 8704K, 100% used [0x00000000fab00000,0x00000000fb380000,0x00000000fb380000)
  from space 1024K, 0% used [0x00000000fb480000,0x00000000fb480000,0x00000000fb580000)
  to   space 1024K, 0% used [0x00000000fb380000,0x00000000fb380000,0x00000000fb480000)
 ParOldGen       total 22016K, used 0K [0x00000000f0000000, 0x00000000f1580000, 0x00000000fab00000)
  object space 22016K, 0% used [0x00000000f0000000,0x00000000f0000000,0x00000000f1580000)
 Metaspace       used 12061K, capacity 12498K, committed 12672K, reserved 1060864K
  class space    used 1489K, capacity 1548K, committed 1664K, reserved 1048576K
Event: 0.512 GC heap after
Heap after GC invocations=1 (full 0):
 PSYoungGen      total 9728K, used 1008K [0x00000000fab00000, 0x00000000fb580000, 0x0000000100000000)
  eden space 8704K, 0% used [0x00000000fab00000,0x00000000fab00000,0x00000000fb380000)
  from space 1024K, 98% used [0x00000000fb380000,0x00000000fb47c010,0x00000000fb480000)
  to   space 1024K, 0% used [0x00000000fb480000,0x00000000fb480000,0x00000000fb580000)
 ParOldGen       total 22016K, used 200K [0x00000000f0000000, 0x00000000f1580000, 0x00000000fab00000)
  object space 22016K, 0% used [0x00000000f0000000,0x00000000f00320a0,0x00000000f1580000)
 Metaspace       used 12061K, capacity 12498K, committed 12672K, reserved 1060864K
  class space    used 1489K, capacity 1548K, committed 1664K, reserved 1048576K
}
Event: 0.558 GC heap before
{Heap before GC invocations=2 (full 0):
 PSYoungGen      total 9728K, used 9712K [0x00000000fab00000, 0x00000000fb580000, 0x0000000100000000)
  eden space 8704K, 100% used [0x00000000fab00000,0x00000000fb380000,0x00000000fb380000)
  from space 1024K, 98% used [0x00000000fb380000,0x00000000fb47c010,0x00000000fb480000)
  to   space 1024K, 0% used [0x00000000fb480000,0x00000000fb480000,0x00000000fb580000)
 ParOldGen       total 22016K, used 200K [0x00000000f0000000, 0x00000000f1580000, 0x00000000fab00000)
  object space 22016K, 0% used [0x00000000f0000000,0x00000000f00320a0,0x00000000f1580000)
 Metaspace       used 12643K, capacity 13194K, committed 13440K, reserved 1060864K
  class space    used 1568K, capacity 1654K, committed 1664K, reserved 1048576K
Event: 0.559 GC heap after
Heap after GC invocations=2 (full 0):
 PSYoungGen      total 9728K, used 1019K [0x00000000fab00000, 0x00000000fbe00000, 0x0000000100000000)
  eden space 8704K, 0% used [0x00000000fab00000,0x00000000fab00000,0x00000000fb380000)
  from space 1024K, 99% used [0x00000000fb480000,0x00000000fb57ecd8,0x00000000fb580000)
  to   space 1024K, 0% used [0x00000000fb380000,0x00000000fb380000,0x00000000fb480000)
 ParOldGen       total 22016K, used 613K [0x00000000f0000000, 0x00000000f1580000, 0x00000000fab00000)
  object space 22016K, 2% used [0x00000000f0000000,0x00000000f0099530,0x00000000f1580000)
 Metaspace       used 12643K, capacity 13194K, committed 13440K, reserved 1060864K
  class space    used 1568K, capacity 1654K, committed 1664K, reserved 1048576K
}

Deoptimization events (2 events):
Event: 0.251 Thread 0x00007f89e800b800 Uncommon trap: reason=unstable_if action=reinterpret pc=0x00007f89d913d07c method=java.lang.String.indexOf(II)I @ 17
Event: 0.256 Thread 0x00007f89e800b800 Uncommon trap: reason=null_check action=make_not_entrant pc=0x00007f89d91665a0 method=java.lang.String.equals(Ljava/lang/Object;)Z @ 8

Classes redefined (0 events):
No events

Internal exceptions (10 events):
Event: 0.529 Thread 0x00007f89e800b800 Exception <a 'java/lang/NoSuchMethodError': java.lang.Object.$anonfun$envOrElse$1(Lscala/tools/reflect/WrappedProperties;Ljava/lang/String;Ljava/lang/String;)Ljava/lang/String;> (0x00000000fab825b0) thrown at [/build/java8-openjdk/src/jdk8u-jdk8u212-b01/h
Event: 0.529 Thread 0x00007f89e800b800 Exception <a 'java/lang/NoSuchMethodError': java.lang.Object.$anonfun$envOrElse$1(Ljava/lang/String;)Ljava/lang/String;> (0x00000000fab87bb0) thrown at [/build/java8-openjdk/src/jdk8u-jdk8u212-b01/hotspot/src/share/vm/interpreter/linkResolver.cpp, line 62
Event: 0.530 Thread 0x00007f89e800b800 Exception <a 'java/lang/NoSuchMethodError': java.lang.Object.$anonfun$envOrElse$2(Ljava/lang/String;)Ljava/lang/String;> (0x00000000fab8bee8) thrown at [/build/java8-openjdk/src/jdk8u-jdk8u212-b01/hotspot/src/share/vm/interpreter/linkResolver.cpp, line 62
Event: 0.530 Thread 0x00007f89e800b800 Exception <a 'java/lang/NoSuchMethodError': java.lang.Object.$anonfun$flatten$1(Lscala/Function1;Lscala/collection/mutable/Builder;Ljava/lang/Object;)Lscala/collection/mutable/Builder;> (0x00000000fab94d60) thrown at [/build/java8-openjdk/src/jdk8u-jdk8u2
Event: 0.532 Thread 0x00007f89e800b800 Exception <a 'java/lang/NoSuchMethodError': java.lang.Object.$anonfun$flatMap$1(Lscala/Function1;Lscala/collection/mutable/Builder;Ljava/lang/Object;)Lscala/collection/mutable/Builder;> (0x00000000fab9fd58) thrown at [/build/java8-openjdk/src/jdk8u-jdk8u2
Event: 0.540 Thread 0x00007f89e800b800 Exception <a 'java/lang/NoSuchMethodError': java.lang.Object.$anonfun$tryClass$1(Lscala/reflect/internal/util/ScalaClassLoader;Ljava/lang/String;Z)Ljava/lang/Class;> (0x00000000fabc36f8) thrown at [/build/java8-openjdk/src/jdk8u-jdk8u212-b01/hotspot/src/s
Event: 0.549 Thread 0x00007f89e800b800 Exception <a 'java/lang/NoSuchMethodError': java.lang.Object.$anonfun$isInfo$1$adapted(Lscala/tools/nsc/settings/MutableSettings$Setting;)Ljava/lang/Object;> (0x00000000fafa8748) thrown at [/build/java8-openjdk/src/jdk8u-jdk8u212-b01/hotspot/src/share/vm/
Event: 0.550 Thread 0x00007f89e800b800 Exception <a 'java/lang/NoSuchMethodError': java.lang.Object.$anonfun$isInfo$2$adapted(Lscala/tools/nsc/settings/MutableSettings$Setting;)Ljava/lang/Object;> (0x00000000fafac7f0) thrown at [/build/java8-openjdk/src/jdk8u-jdk8u212-b01/hotspot/src/share/vm/
Event: 0.557 Thread 0x00007f89e800b800 Exception <a 'java/lang/NoSuchMethodError': java.lang.Object.$anonfun$run$1(Ljava/lang/String;)Lscala/runtime/Nothing$;> (0x00000000fb37b010) thrown at [/build/java8-openjdk/src/jdk8u-jdk8u212-b01/hotspot/src/share/vm/interpreter/linkResolver.cpp, line 62
Event: 0.557 Thread 0x00007f89e800b800 Exception <a 'java/lang/NoSuchMethodError': java.lang.Object.$anonfun$run$2(Lscala/collection/Seq;Ljava/lang/reflect/Method;)Ljava/lang/Object;> (0x00000000fb37fa70) thrown at [/build/java8-openjdk/src/jdk8u-jdk8u212-b01/hotspot/src/share/vm/interpreter/l

Events (10 events):
Event: 0.561 loading class scala/util/DynamicVariable$$anon$1
Event: 0.561 loading class java/lang/InheritableThreadLocal
Event: 0.561 loading class java/lang/InheritableThreadLocal done
Event: 0.561 Executing VM operation: Deoptimize
Event: 0.562 Executing VM operation: Deoptimize done
Event: 0.562 loading class scala/util/DynamicVariable$$anon$1 done
Event: 0.562 loading class jni/GLWrapper
Event: 0.562 loading class jni/GLWrapper done
Event: 0.562 loading class java/lang/Package
Event: 0.562 loading class java/lang/Package done


Dynamic libraries:
408bd000-4096f000 rw-p 00000000 00:00 0 
40f79000-40f7b000 r-xs 00000000 00:2c 53                                 /tmp/.glfGQEyU (deleted)
f0000000-f1580000 rw-p 00000000 00:00 0 
f1580000-fab00000 ---p 00000000 00:00 0 
fab00000-fbe00000 rw-p 00000000 00:00 0 
fbe00000-100000000 ---p 00000000 00:00 0 
100000000-1001a0000 rw-p 00000000 00:00 0 
1001a0000-140000000 ---p 00000000 00:00 0 
556be12fa000-556be12fb000 r--p 00000000 fe:00 4982129                    /usr/lib/jvm/java-8-openjdk/jre/bin/java
556be12fb000-556be12fc000 r-xp 00001000 fe:00 4982129                    /usr/lib/jvm/java-8-openjdk/jre/bin/java
556be12fc000-556be12fd000 r--p 00002000 fe:00 4982129                    /usr/lib/jvm/java-8-openjdk/jre/bin/java
556be12fd000-556be12fe000 r--p 00002000 fe:00 4982129                    /usr/lib/jvm/java-8-openjdk/jre/bin/java
556be12fe000-556be12ff000 rw-p 00003000 fe:00 4982129                    /usr/lib/jvm/java-8-openjdk/jre/bin/java
556be2fdf000-556be3000000 rw-p 00000000 00:00 0                          [heap]
7f899c000000-7f899c021000 rw-p 00000000 00:00 0 
7f899c021000-7f89a0000000 ---p 00000000 00:00 0 
7f89a0000000-7f89a0021000 rw-p 00000000 00:00 0 
7f89a0021000-7f89a4000000 ---p 00000000 00:00 0 
7f89a4000000-7f89a4035000 rw-p 00000000 00:00 0 
7f89a4035000-7f89a8000000 ---p 00000000 00:00 0 
7f89a8000000-7f89a8080000 rw-p 00000000 00:00 0 
7f89a8080000-7f89ac000000 ---p 00000000 00:00 0 
7f89ac000000-7f89ac021000 rw-p 00000000 00:00 0 
7f89ac021000-7f89b0000000 ---p 00000000 00:00 0 
7f89b0000000-7f89b00ae000 rw-p 00000000 00:00 0 
7f89b00ae000-7f89b4000000 ---p 00000000 00:00 0 
7f89b4000000-7f89b4021000 rw-p 00000000 00:00 0 
7f89b4021000-7f89b8000000 ---p 00000000 00:00 0 
7f89b8000000-7f89b8021000 rw-p 00000000 00:00 0 
7f89b8021000-7f89bc000000 ---p 00000000 00:00 0 
7f89bc000000-7f89bc021000 rw-p 00000000 00:00 0 
7f89bc021000-7f89c0000000 ---p 00000000 00:00 0 
7f89c0000000-7f89c0021000 rw-p 00000000 00:00 0 
7f89c0021000-7f89c4000000 ---p 00000000 00:00 0 
7f89c4000000-7f89c4021000 rw-p 00000000 00:00 0 
7f89c4021000-7f89c8000000 ---p 00000000 00:00 0 
7f89c9130000-7f89c9330000 rw-s 00000000 00:06 567                        /dev/nvidiactl
7f89c9330000-7f89c93b0000 rw-s 00000000 00:06 567                        /dev/nvidiactl
7f89c93b0000-7f89c9430000 rw-s 00000000 00:06 567                        /dev/nvidiactl
7f89c9430000-7f89c94b0000 rw-s 00000000 00:06 567                        /dev/nvidiactl
7f89c94b0000-7f89c95b0000 rw-s 00000000 00:06 567                        /dev/nvidiactl
7f89c95b0000-7f89c95d0000 rw-s 00000000 00:06 568                        /dev/nvidia0
7f89c95d0000-7f89c9610000 rw-s 00000000 00:06 567                        /dev/nvidiactl
7f89c9610000-7f89c9650000 rw-s 00000000 00:06 567                        /dev/nvidiactl
7f89c9650000-7f89c9755000 rw-s 00000000 00:06 567                        /dev/nvidiactl
7f89c9755000-7f89ca96c000 r-xp 00000000 fe:00 4096496                    /usr/lib/libnvidia-glcore.so.418.43
7f89ca96c000-7f89ca98d000 rwxp 01217000 fe:00 4096496                    /usr/lib/libnvidia-glcore.so.418.43
7f89ca98d000-7f89cae82000 r-xp 01238000 fe:00 4096496                    /usr/lib/libnvidia-glcore.so.418.43
7f89cae82000-7f89cb082000 ---p 0172d000 fe:00 4096496                    /usr/lib/libnvidia-glcore.so.418.43
7f89cb082000-7f89cb3a9000 rw-p 0172d000 fe:00 4096496                    /usr/lib/libnvidia-glcore.so.418.43
7f89cb3a9000-7f89cb3bf000 rw-p 00000000 00:00 0 
7f89cb3bf000-7f89cb3c2000 r-xp 00000000 fe:00 4117701                    /usr/lib/libnvidia-tls.so.418.43
7f89cb3c2000-7f89cb5c2000 ---p 00003000 fe:00 4117701                    /usr/lib/libnvidia-tls.so.418.43
7f89cb5c2000-7f89cb5c3000 rw-p 00003000 fe:00 4117701                    /usr/lib/libnvidia-tls.so.418.43
7f89cb5c3000-7f89cb68d000 r-xp 00000000 fe:00 4096469                    /usr/lib/libGLX_nvidia.so.418.43
7f89cb68d000-7f89cb6c2000 rwxp 000ca000 fe:00 4096469                    /usr/lib/libGLX_nvidia.so.418.43
7f89cb6c2000-7f89cb6d6000 r-xp 000ff000 fe:00 4096469                    /usr/lib/libGLX_nvidia.so.418.43
7f89cb6d6000-7f89cb8d5000 ---p 00113000 fe:00 4096469                    /usr/lib/libGLX_nvidia.so.418.43
7f89cb8d5000-7f89cb8fa000 rw-p 00112000 fe:00 4096469                    /usr/lib/libGLX_nvidia.so.418.43
7f89cb8fa000-7f89cb902000 rw-p 00000000 00:00 0 
7f89cb902000-7f89cb942000 r--p 00000000 fe:00 4069014                    /usr/lib/libGLdispatch.so.0.0.0
7f89cb942000-7f89cb945000 r-xp 00040000 fe:00 4069014                    /usr/lib/libGLdispatch.so.0.0.0
7f89cb945000-7f89cb95f000 r-xp 00043000 fe:00 4069014                    /usr/lib/libGLdispatch.so.0.0.0
7f89cb95f000-7f89cb960000 r-xp 0005d000 fe:00 4069014                    /usr/lib/libGLdispatch.so.0.0.0
7f89cb960000-7f89cb973000 r--p 0005e000 fe:00 4069014                    /usr/lib/libGLdispatch.so.0.0.0
7f89cb973000-7f89cb974000 ---p 00071000 fe:00 4069014                    /usr/lib/libGLdispatch.so.0.0.0
7f89cb974000-7f89cb99d000 r--p 00071000 fe:00 4069014                    /usr/lib/libGLdispatch.so.0.0.0
7f89cb99d000-7f89cb99e000 rw-p 0009a000 fe:00 4069014                    /usr/lib/libGLdispatch.so.0.0.0
7f89cb99e000-7f89cb9be000 rw-p 00000000 00:00 0 
7f89cb9be000-7f89cb9c1000 r--p 00000000 fe:00 4069012                    /usr/lib/libGLX.so.0.0.0
7f89cb9c1000-7f89cb9cb000 r-xp 00003000 fe:00 4069012                    /usr/lib/libGLX.so.0.0.0
7f89cb9cb000-7f89cb9ce000 r--p 0000d000 fe:00 4069012                    /usr/lib/libGLX.so.0.0.0
7f89cb9ce000-7f89cb9cf000 ---p 00010000 fe:00 4069012                    /usr/lib/libGLX.so.0.0.0
7f89cb9cf000-7f89cb9d0000 r--p 00010000 fe:00 4069012                    /usr/lib/libGLX.so.0.0.0
7f89cb9d0000-7f89cb9d1000 rw-p 00011000 fe:00 4069012                    /usr/lib/libGLX.so.0.0.0
7f89cb9d1000-7f89cba65000 rw-p 00000000 00:00 0 
7f89cba65000-7f89cba6a000 r-xp 00000000 fe:00 4069026                    /usr/lib/libXfixes.so.3.1.0
7f89cba6a000-7f89cbc69000 ---p 00005000 fe:00 4069026                    /usr/lib/libXfixes.so.3.1.0
7f89cbc69000-7f89cbc6a000 r--p 00004000 fe:00 4069026                    /usr/lib/libXfixes.so.3.1.0
7f89cbc6a000-7f89cbc6b000 rw-p 00005000 fe:00 4069026                    /usr/lib/libXfixes.so.3.1.0
7f89cbc6b000-7f89cbcf4000 r--p 00000000 fe:00 4069301                    /usr/lib/libstdc++.so.6.0.25
7f89cbcf4000-7f89cbdac000 r-xp 00089000 fe:00 4069301                    /usr/lib/libstdc++.so.6.0.25
7f89cbdac000-7f89cbde9000 r--p 00141000 fe:00 4069301                    /usr/lib/libstdc++.so.6.0.25
7f89cbde9000-7f89cbdea000 ---p 0017e000 fe:00 4069301                    /usr/lib/libstdc++.so.6.0.25
7f89cbdea000-7f89cbdf6000 r--p 0017e000 fe:00 4069301                    /usr/lib/libstdc++.so.6.0.25
7f89cbdf6000-7f89cbdf7000 rw-p 0018a000 fe:00 4069301                    /usr/lib/libstdc++.so.6.0.25
7f89cbdf7000-7f89cbdfa000 rw-p 00000000 00:00 0 
7f89cbdfa000-7f89cbdfe000 r-xp 00000000 fe:00 4069027                    /usr/lib/libXxf86vm.so.1.0.0
7f89cbdfe000-7f89cbffe000 ---p 00004000 fe:00 4069027                    /usr/lib/libXxf86vm.so.1.0.0
7f89cbffe000-7f89cbfff000 r--p 00004000 fe:00 4069027                    /usr/lib/libXxf86vm.so.1.0.0
7f89cbfff000-7f89cc000000 rw-p 00005000 fe:00 4069027                    /usr/lib/libXxf86vm.so.1.0.0
7f89cc000000-7f89cc021000 rw-p 00000000 00:00 0 
7f89cc021000-7f89d0000000 ---p 00000000 00:00 0 
7f89d0002000-7f89d0015000 rw-s 00000000 00:06 567                        /dev/nvidiactl
7f89d0015000-7f89d0019000 r--p 00000000 fe:00 4067360                    /usr/lib/libdrm.so.2.4.0
7f89d0019000-7f89d0023000 r-xp 00004000 fe:00 4067360                    /usr/lib/libdrm.so.2.4.0
7f89d0023000-7f89d0026000 r--p 0000e000 fe:00 4067360                    /usr/lib/libdrm.so.2.4.0
7f89d0026000-7f89d0027000 ---p 00011000 fe:00 4067360                    /usr/lib/libdrm.so.2.4.0
7f89d0027000-7f89d0028000 r--p 00011000 fe:00 4067360                    /usr/lib/libdrm.so.2.4.0
7f89d0028000-7f89d0029000 rw-p 00012000 fe:00 4067360                    /usr/lib/libdrm.so.2.4.0
7f89d0029000-7f89d006b000 r--p 00000000 fe:00 4069009                    /usr/lib/libGL.so.1.7.0
7f89d006b000-7f89d006f000 r-xp 00042000 fe:00 4069009                    /usr/lib/libGL.so.1.7.0
7f89d006f000-7f89d0089000 r-xp 00046000 fe:00 4069009                    /usr/lib/libGL.so.1.7.0
7f89d0089000-7f89d008a000 r-xp 00060000 fe:00 4069009                    /usr/lib/libGL.so.1.7.0
7f89d008a000-7f89d009f000 r--p 00061000 fe:00 4069009                    /usr/lib/libGL.so.1.7.0
7f89d009f000-7f89d00ba000 r--p 00075000 fe:00 4069009                    /usr/lib/libGL.so.1.7.0
7f89d00ba000-7f89d00bb000 rw-p 00090000 fe:00 4069009                    /usr/lib/libGL.so.1.7.0
7f89d00bb000-7f89d00bc000 rw-p 00000000 00:00 0 
7f89d00bc000-7f89d00bd000 r--p 00000000 fe:00 4067264                    /usr/lib/libX11-xcb.so.1.0.0
7f89d00bd000-7f89d00be000 r-xp 00001000 fe:00 4067264                    /usr/lib/libX11-xcb.so.1.0.0
7f89d00be000-7f89d00bf000 r--p 00002000 fe:00 4067264                    /usr/lib/libX11-xcb.so.1.0.0
7f89d00bf000-7f89d00c0000 r--p 00002000 fe:00 4067264                    /usr/lib/libX11-xcb.so.1.0.0
7f89d00c0000-7f89d00c1000 rw-p 00003000 fe:00 4067264                    /usr/lib/libX11-xcb.so.1.0.0
7f89d00c1000-7f89d00c3000 r--p 00000000 fe:00 4073249                    /usr/lib/libXdmcp.so.6.0.0
7f89d00c3000-7f89d00c5000 r-xp 00002000 fe:00 4073249                    /usr/lib/libXdmcp.so.6.0.0
7f89d00c5000-7f89d00c7000 r--p 00004000 fe:00 4073249                    /usr/lib/libXdmcp.so.6.0.0
7f89d00c7000-7f89d00c8000 r--p 00005000 fe:00 4073249                    /usr/lib/libXdmcp.so.6.0.0
7f89d00c8000-7f89d00c9000 rw-p 00006000 fe:00 4073249                    /usr/lib/libXdmcp.so.6.0.0
7f89d00c9000-7f89d00cd000 r--p 00000000 fe:00 4073250                    /usr/lib/libXext.so.6.4.0
7f89d00cd000-7f89d00d8000 r-xp 00004000 fe:00 4073250                    /usr/lib/libXext.so.6.4.0
7f89d00d8000-7f89d00dc000 r--p 0000f000 fe:00 4073250                    /usr/lib/libXext.so.6.4.0
7f89d00dc000-7f89d00dd000 r--p 00012000 fe:00 4073250                    /usr/lib/libXext.so.6.4.0
7f89d00dd000-7f89d00de000 rw-p 00013000 fe:00 4073250                    /usr/lib/libXext.so.6.4.0
7f89d00de000-7f89d00ea000 r--p 00000000 fe:00 4073236                    /usr/lib/libxcb.so.1.1.0
7f89d00ea000-7f89d00fd000 r-xp 0000c000 fe:00 4073236                    /usr/lib/libxcb.so.1.1.0
7f89d00fd000-7f89d0106000 r--p 0001f000 fe:00 4073236                    /usr/lib/libxcb.so.1.1.0
7f89d0106000-7f89d0107000 r--p 00027000 fe:00 4073236                    /usr/lib/libxcb.so.1.1.0
7f89d0107000-7f89d0108000 rw-p 00028000 fe:00 4073236                    /usr/lib/libxcb.so.1.1.0
7f89d0108000-7f89d010b000 r--p 00000000 fe:00 4067439                    /usr/lib/libgcc_s.so.1
7f89d010b000-7f89d011c000 r-xp 00003000 fe:00 4067439                    /usr/lib/libgcc_s.so.1
7f89d011c000-7f89d011f000 r--p 00014000 fe:00 4067439                    /usr/lib/libgcc_s.so.1
7f89d011f000-7f89d0120000 ---p 00017000 fe:00 4067439                    /usr/lib/libgcc_s.so.1
7f89d0120000-7f89d0121000 r--p 00017000 fe:00 4067439                    /usr/lib/libgcc_s.so.1
7f89d0121000-7f89d0122000 rw-p 00018000 fe:00 4067439                    /usr/lib/libgcc_s.so.1
7f89d0122000-7f89d0124000 r-xp 00000000 fe:00 4077494                    /usr/lib/libXinerama.so.1.0.0
7f89d0124000-7f89d0323000 ---p 00002000 fe:00 4077494                    /usr/lib/libXinerama.so.1.0.0
7f89d0323000-7f89d0324000 r--p 00001000 fe:00 4077494                    /usr/lib/libXinerama.so.1.0.0
7f89d0324000-7f89d0325000 rw-p 00002000 fe:00 4077494                    /usr/lib/libXinerama.so.1.0.0
7f89d0325000-7f89d0341000 r--p 00000000 fe:00 4079815                    /usr/lib/libX11.so.6.3.0
7f89d0341000-7f89d03c9000 r-xp 0001c000 fe:00 4079815                    /usr/lib/libX11.so.6.3.0
7f89d03c9000-7f89d045d000 r--p 000a4000 fe:00 4079815                    /usr/lib/libX11.so.6.3.0
7f89d045d000-7f89d0460000 r--p 00137000 fe:00 4079815                    /usr/lib/libX11.so.6.3.0
7f89d0460000-7f89d0464000 rw-p 0013a000 fe:00 4079815                    /usr/lib/libX11.so.6.3.0
7f89d0471000-7f89d0475000 rw-s 00000000 00:06 567                        /dev/nvidiactl
7f89d0475000-7f89d0495000 rw-s 00000000 00:06 567                        /dev/nvidiactl
7f89d04b5000-7f89d04d1000 r--p 00000000 fe:00 413556                     /home/joseph/Documents/Programming/Graphics/OpenGLProject/cmake-build-debug/libOpenGLProject.so
7f89d04d1000-7f89d050e000 r-xp 0001c000 fe:00 413556                     /home/joseph/Documents/Programming/Graphics/OpenGLProject/cmake-build-debug/libOpenGLProject.so
7f89d050e000-7f89d051e000 r--p 00059000 fe:00 413556                     /home/joseph/Documents/Programming/Graphics/OpenGLProject/cmake-build-debug/libOpenGLProject.so
7f89d051e000-7f89d051f000 ---p 00069000 fe:00 413556                     /home/joseph/Documents/Programming/Graphics/OpenGLProject/cmake-build-debug/libOpenGLProject.so
7f89d051f000-7f89d0521000 r--p 00069000 fe:00 413556                     /home/joseph/Documents/Programming/Graphics/OpenGLProject/cmake-build-debug/libOpenGLProject.so
7f89d0521000-7f89d0523000 rw-p 0006b000 fe:00 413556                     /home/joseph/Documents/Programming/Graphics/OpenGLProject/cmake-build-debug/libOpenGLProject.so
7f89d0523000-7f89d36a6000 rw-p 00000000 00:00 0 
7f89d36a6000-7f89d3726000 ---p 00000000 00:00 0 
7f89d3726000-7f89d3926000 rw-p 00000000 00:00 0 
7f89d3928000-7f89d3929000 r--p 00000000 fe:00 4073222                    /usr/lib/libXau.so.6.0.0
7f89d3929000-7f89d392a000 r-xp 00001000 fe:00 4073222                    /usr/lib/libXau.so.6.0.0
7f89d392a000-7f89d392b000 r--p 00002000 fe:00 4073222                    /usr/lib/libXau.so.6.0.0
7f89d392b000-7f89d392c000 r--p 00002000 fe:00 4073222                    /usr/lib/libXau.so.6.0.0
7f89d392c000-7f89d392d000 rw-p 00003000 fe:00 4073222                    /usr/lib/libXau.so.6.0.0
7f89d392d000-7f89d392f000 r--p 00000000 fe:00 4078939                    /usr/lib/libXrender.so.1.3.0
7f89d392f000-7f89d3936000 r-xp 00002000 fe:00 4078939                    /usr/lib/libXrender.so.1.3.0
7f89d3936000-7f89d3938000 r--p 00009000 fe:00 4078939                    /usr/lib/libXrender.so.1.3.0
7f89d3938000-7f89d3939000 r--p 0000a000 fe:00 4078939                    /usr/lib/libXrender.so.1.3.0
7f89d3939000-7f89d393a000 rw-p 0000b000 fe:00 4078939                    /usr/lib/libXrender.so.1.3.0
7f89d393a000-7f89d393d000 r--p 00000000 fe:00 4078917                    /usr/lib/libXcursor.so.1.0.2
7f89d393d000-7f89d3942000 r-xp 00003000 fe:00 4078917                    /usr/lib/libXcursor.so.1.0.2
7f89d3942000-7f89d3944000 r--p 00008000 fe:00 4078917                    /usr/lib/libXcursor.so.1.0.2
7f89d3944000-7f89d3945000 r--p 00009000 fe:00 4078917                    /usr/lib/libXcursor.so.1.0.2
7f89d3945000-7f89d3946000 rw-p 0000a000 fe:00 4078917                    /usr/lib/libXcursor.so.1.0.2
7f89d3946000-7f89d3948000 r--p 00000000 fe:00 4078938                    /usr/lib/libXrandr.so.2.2.0
7f89d3948000-7f89d394f000 r-xp 00002000 fe:00 4078938                    /usr/lib/libXrandr.so.2.2.0
7f89d394f000-7f89d3951000 r--p 00009000 fe:00 4078938                    /usr/lib/libXrandr.so.2.2.0
7f89d3951000-7f89d3952000 r--p 0000a000 fe:00 4078938                    /usr/lib/libXrandr.so.2.2.0
7f89d3952000-7f89d3953000 rw-p 0000b000 fe:00 4078938                    /usr/lib/libXrandr.so.2.2.0
7f89d3953000-7f89d3958000 r--p 00000000 fe:00 4983049                    /usr/lib/jvm/java-8-openjdk/jre/lib/amd64/libnet.so
7f89d3958000-7f89d3967000 r-xp 00005000 fe:00 4983049                    /usr/lib/jvm/java-8-openjdk/jre/lib/amd64/libnet.so
7f89d3967000-7f89d396b000 r--p 00014000 fe:00 4983049                    /usr/lib/jvm/java-8-openjdk/jre/lib/amd64/libnet.so
7f89d396b000-7f89d396c000 r--p 00017000 fe:00 4983049                    /usr/lib/jvm/java-8-openjdk/jre/lib/amd64/libnet.so
7f89d396c000-7f89d396d000 rw-p 00018000 fe:00 4983049                    /usr/lib/jvm/java-8-openjdk/jre/lib/amd64/libnet.so
7f89d396d000-7f89d3974000 r--p 00000000 fe:00 4983050                    /usr/lib/jvm/java-8-openjdk/jre/lib/amd64/libnio.so
7f89d3974000-7f89d397c000 r-xp 00007000 fe:00 4983050                    /usr/lib/jvm/java-8-openjdk/jre/lib/amd64/libnio.so
7f89d397c000-7f89d397f000 r--p 0000f000 fe:00 4983050                    /usr/lib/jvm/java-8-openjdk/jre/lib/amd64/libnio.so
7f89d397f000-7f89d3980000 ---p 00012000 fe:00 4983050                    /usr/lib/jvm/java-8-openjdk/jre/lib/amd64/libnio.so
7f89d3980000-7f89d3981000 r--p 00012000 fe:00 4983050                    /usr/lib/jvm/java-8-openjdk/jre/lib/amd64/libnio.so
7f89d3981000-7f89d3982000 rw-p 00013000 fe:00 4983050                    /usr/lib/jvm/java-8-openjdk/jre/lib/amd64/libnio.so
7f89d3982000-7f89d3983000 ---p 00000000 00:00 0 
7f89d3983000-7f89d3a83000 rw-p 00000000 00:00 0 
7f89d3a83000-7f89d3a89000 r--s 00080000 fe:00 4072599                    /usr/share/scala/lib/scala-xml_2.12-1.0.6.jar
7f89d3a89000-7f89d3aac000 r--s 00347000 fe:00 4071644                    /usr/share/scala/lib/scala-reflect.jar
7f89d3aac000-7f89d3afb000 r--s 00967000 fe:00 4069435                    /usr/share/scala/lib/scala-compiler.jar
7f89d3afb000-7f89d3afe000 ---p 00000000 00:00 0 
7f89d3afe000-7f89d3bfc000 rw-p 00000000 00:00 0 
7f89d3bfc000-7f89d3bfd000 ---p 00000000 00:00 0 
7f89d3bfd000-7f89d3c00000 ---p 00000000 00:00 0 
7f89d3c00000-7f89d3cfd000 rw-p 00000000 00:00 0 
7f89d3cfd000-7f89d3cfe000 ---p 00000000 00:00 0 
7f89d3cfe000-7f89d3d01000 ---p 00000000 00:00 0 
7f89d3d01000-7f89d3dfe000 rw-p 00000000 00:00 0 
7f89d3dfe000-7f89d3dff000 ---p 00000000 00:00 0 
7f89d3dff000-7f89d3e02000 ---p 00000000 00:00 0 
7f89d3e02000-7f89d3eff000 rw-p 00000000 00:00 0 
7f89d3eff000-7f89d3f02000 ---p 00000000 00:00 0 
7f89d3f02000-7f89d4000000 rw-p 00000000 00:00 0 
7f89d4000000-7f89d4021000 rw-p 00000000 00:00 0 
7f89d4021000-7f89d8000000 ---p 00000000 00:00 0 
7f89d8000000-7f89d8002000 rw-s 00000000 00:2c 53                         /tmp/.glfGQEyU (deleted)
7f89d8002000-7f89d8003000 rw-s 00000000 00:06 567                        /dev/nvidiactl
7f89d8003000-7f89d8004000 rw-s 00000000 00:06 568                        /dev/nvidia0
7f89d8004000-7f89d800d000 r--s 000ab000 fe:00 4072582                    /usr/share/scala/lib/scala-swing_2.12-2.0.3.jar
7f89d800d000-7f89d82f3000 r--p 00000000 fe:00 4078801                    /usr/lib/locale/locale-archive
7f89d82f3000-7f89d82f6000 ---p 00000000 00:00 0 
7f89d82f6000-7f89d83f4000 rw-p 00000000 00:00 0 
7f89d83f4000-7f89d83f7000 ---p 00000000 00:00 0 
7f89d83f7000-7f89d84f5000 rw-p 00000000 00:00 0 
7f89d84f5000-7f89d84f6000 ---p 00000000 00:00 0 
7f89d84f6000-7f89d9000000 rw-p 00000000 00:00 0 
7f89d9000000-7f89d9270000 rwxp 00000000 00:00 0 
7f89d9270000-7f89e8000000 ---p 00000000 00:00 0 
7f89e8000000-7f89e9cef000 rw-p 00000000 00:00 0 
7f89e9cef000-7f89ec000000 ---p 00000000 00:00 0 
7f89ec000000-7f89ec038000 r--s 004bf000 fe:00 4069441                    /usr/share/scala/lib/scala-library.jar
7f89ec038000-7f89ec630000 rw-p 00000000 00:00 0 
7f89ec630000-7f89ec800000 r--s 03c3a000 fe:00 4983165                    /usr/lib/jvm/java-8-openjdk/jre/lib/rt.jar
7f89ec800000-7f89ed951000 rw-p 00000000 00:00 0 
7f89ed951000-7f89ed952000 ---p 00000000 00:00 0 
7f89ed952000-7f89eda52000 rw-p 00000000 00:00 0 
7f89eda52000-7f89eda53000 ---p 00000000 00:00 0 
7f89eda53000-7f89edb53000 rw-p 00000000 00:00 0 
7f89edb53000-7f89edb54000 ---p 00000000 00:00 0 
7f89edb54000-7f89edc54000 rw-p 00000000 00:00 0 
7f89edc54000-7f89edc55000 ---p 00000000 00:00 0 
7f89edc55000-7f89edd60000 rw-p 00000000 00:00 0 
7f89edd60000-7f89eddab000 ---p 00000000 00:00 0 
7f89eddab000-7f89eddb6000 rw-p 00000000 00:00 0 
7f89eddb6000-7f89ede00000 ---p 00000000 00:00 0 
7f89ede00000-7f89ede0a000 rw-p 00000000 00:00 0 
7f89ede0a000-7f89ede2b000 ---p 00000000 00:00 0 
7f89ede2b000-7f89ede36000 rw-p 00000000 00:00 0 
7f89ede36000-7f89ee1ec000 ---p 00000000 00:00 0 
7f89ee1ec000-7f89ee1ef000 r--p 00000000 fe:00 4071892                    /usr/lib/libnss_files-2.28.so
7f89ee1ef000-7f89ee1f6000 r-xp 00003000 fe:00 4071892                    /usr/lib/libnss_files-2.28.so
7f89ee1f6000-7f89ee1f9000 r--p 0000a000 fe:00 4071892                    /usr/lib/libnss_files-2.28.so
7f89ee1f9000-7f89ee1fa000 r--p 0000c000 fe:00 4071892                    /usr/lib/libnss_files-2.28.so
7f89ee1fa000-7f89ee1fb000 rw-p 0000d000 fe:00 4071892                    /usr/lib/libnss_files-2.28.so
7f89ee1fb000-7f89ee201000 rw-p 00000000 00:00 0 
7f89ee201000-7f89ee202000 rw-s 00000000 00:06 568                        /dev/nvidia0
7f89ee202000-7f89ee203000 rw-s 00000000 00:06 567                        /dev/nvidiactl
7f89ee203000-7f89ee205000 r--s 00006000 fe:00 4072524                    /usr/share/scala/lib/scala-repl-jline.jar
7f89ee205000-7f89ee20a000 r--s 00041000 fe:00 4071912                    /usr/share/scala/lib/scala-repl-jline-embedded.jar
7f89ee20a000-7f89ee210000 r--s 00077000 fe:00 4072603                    /usr/share/scala/lib/scalap.jar
7f89ee210000-7f89ee21b000 r--s 001d6000 fe:00 4069275                    /usr/share/scala/lib/scala-compiler-doc.jar
7f89ee21b000-7f89ee21f000 r--s 0003e000 fe:00 4069189                    /usr/share/scala/lib/jline.jar
7f89ee21f000-7f89ee247000 rw-p 00000000 00:00 0 
7f89ee247000-7f89ee24a000 r--p 00000000 fe:00 4983099                    /usr/lib/jvm/java-8-openjdk/jre/lib/amd64/libzip.so
7f89ee24a000-7f89ee24e000 r-xp 00003000 fe:00 4983099                    /usr/lib/jvm/java-8-openjdk/jre/lib/amd64/libzip.so
7f89ee24e000-7f89ee250000 r--p 00007000 fe:00 4983099                    /usr/lib/jvm/java-8-openjdk/jre/lib/amd64/libzip.so
7f89ee250000-7f89ee251000 r--p 00008000 fe:00 4983099                    /usr/lib/jvm/java-8-openjdk/jre/lib/amd64/libzip.so
7f89ee251000-7f89ee252000 rw-p 00009000 fe:00 4983099                    /usr/lib/jvm/java-8-openjdk/jre/lib/amd64/libzip.so
7f89ee252000-7f89ee254000 r--p 00000000 fe:00 4078347                    /usr/lib/librt-2.28.so
7f89ee254000-7f89ee258000 r-xp 00002000 fe:00 4078347                    /usr/lib/librt-2.28.so
7f89ee258000-7f89ee25a000 r--p 00006000 fe:00 4078347                    /usr/lib/librt-2.28.so
7f89ee25a000-7f89ee25b000 r--p 00007000 fe:00 4078347                    /usr/lib/librt-2.28.so
7f89ee25b000-7f89ee25c000 rw-p 00008000 fe:00 4078347                    /usr/lib/librt-2.28.so
7f89ee25c000-7f89ee25d000 ---p 00000000 00:00 0 
7f89ee25d000-7f89ee260000 ---p 00000000 00:00 0 
7f89ee260000-7f89ee35d000 rw-p 00000000 00:00 0 
7f89ee35d000-7f89ee36a000 r--p 00000000 fe:00 4071870                    /usr/lib/libm-2.28.so
7f89ee36a000-7f89ee40b000 r-xp 0000d000 fe:00 4071870                    /usr/lib/libm-2.28.so
7f89ee40b000-7f89ee4e0000 r--p 000ae000 fe:00 4071870                    /usr/lib/libm-2.28.so
7f89ee4e0000-7f89ee4e1000 r--p 00182000 fe:00 4071870                    /usr/lib/libm-2.28.so
7f89ee4e1000-7f89ee4e2000 rw-p 00183000 fe:00 4071870                    /usr/lib/libm-2.28.so
7f89ee4e2000-7f89ee6d3000 r--p 00000000 fe:00 4983102                    /usr/lib/jvm/java-8-openjdk/jre/lib/amd64/server/libjvm.so
7f89ee6d3000-7f89eef46000 r-xp 001f1000 fe:00 4983102                    /usr/lib/jvm/java-8-openjdk/jre/lib/amd64/server/libjvm.so
7f89eef46000-7f89ef0e6000 r--p 00a64000 fe:00 4983102                    /usr/lib/jvm/java-8-openjdk/jre/lib/amd64/server/libjvm.so
7f89ef0e6000-7f89ef0e7000 ---p 00c04000 fe:00 4983102                    /usr/lib/jvm/java-8-openjdk/jre/lib/amd64/server/libjvm.so
7f89ef0e7000-7f89ef17c000 r--p 00c04000 fe:00 4983102                    /usr/lib/jvm/java-8-openjdk/jre/lib/amd64/server/libjvm.so
7f89ef17c000-7f89ef1a4000 rw-p 00c99000 fe:00 4983102                    /usr/lib/jvm/java-8-openjdk/jre/lib/amd64/server/libjvm.so
7f89ef1a4000-7f89ef1d6000 rw-p 00000000 00:00 0 
7f89ef1d6000-7f89ef1dc000 r--p 00000000 fe:00 4071899                    /usr/lib/libpthread-2.28.so
7f89ef1dc000-7f89ef1eb000 r-xp 00006000 fe:00 4071899                    /usr/lib/libpthread-2.28.so
7f89ef1eb000-7f89ef1f1000 r--p 00015000 fe:00 4071899                    /usr/lib/libpthread-2.28.so
7f89ef1f1000-7f89ef1f2000 r--p 0001a000 fe:00 4071899                    /usr/lib/libpthread-2.28.so
7f89ef1f2000-7f89ef1f3000 rw-p 0001b000 fe:00 4071899                    /usr/lib/libpthread-2.28.so
7f89ef1f3000-7f89ef1f7000 rw-p 00000000 00:00 0 
7f89ef1f7000-7f89ef1f8000 r--p 00000000 fe:00 4071864                    /usr/lib/libdl-2.28.so
7f89ef1f8000-7f89ef1f9000 r-xp 00001000 fe:00 4071864                    /usr/lib/libdl-2.28.so
7f89ef1f9000-7f89ef1fa000 r--p 00002000 fe:00 4071864                    /usr/lib/libdl-2.28.so
7f89ef1fa000-7f89ef1fb000 r--p 00002000 fe:00 4071864                    /usr/lib/libdl-2.28.so
7f89ef1fb000-7f89ef1fc000 rw-p 00003000 fe:00 4071864                    /usr/lib/libdl-2.28.so
7f89ef1fc000-7f89ef212000 r-xp 00000000 fe:00 4069349                    /usr/lib/libz.so.1.2.11
7f89ef212000-7f89ef411000 ---p 00016000 fe:00 4069349                    /usr/lib/libz.so.1.2.11
7f89ef411000-7f89ef412000 r--p 00015000 fe:00 4069349                    /usr/lib/libz.so.1.2.11
7f89ef412000-7f89ef413000 rw-p 00016000 fe:00 4069349                    /usr/lib/libz.so.1.2.11
7f89ef413000-7f89ef435000 r--p 00000000 fe:00 4071855                    /usr/lib/libc-2.28.so
7f89ef435000-7f89ef580000 r-xp 00022000 fe:00 4071855                    /usr/lib/libc-2.28.so
7f89ef580000-7f89ef5cc000 r--p 0016d000 fe:00 4071855                    /usr/lib/libc-2.28.so
7f89ef5cc000-7f89ef5cd000 ---p 001b9000 fe:00 4071855                    /usr/lib/libc-2.28.so
7f89ef5cd000-7f89ef5d1000 r--p 001b9000 fe:00 4071855                    /usr/lib/libc-2.28.so
7f89ef5d1000-7f89ef5d3000 rw-p 001bd000 fe:00 4071855                    /usr/lib/libc-2.28.so
7f89ef5d3000-7f89ef5d7000 rw-p 00000000 00:00 0 
7f89ef5d7000-7f89ef5d8000 rw-s 00000000 00:06 567                        /dev/nvidiactl
7f89ef5d8000-7f89ef5dd000 rw-p 00000000 00:00 0 
7f89ef5dd000-7f89ef5e5000 rw-s 00000000 00:2c 37                         /tmp/hsperfdata_joseph/20607
7f89ef5e5000-7f89ef5e6000 rw-p 00000000 00:00 0 
7f89ef5e6000-7f89ef5e7000 r--p 00000000 00:00 0 
7f89ef5e7000-7f89ef5f4000 r--p 00000000 fe:00 4983038                    /usr/lib/jvm/java-8-openjdk/jre/lib/amd64/libjava.so
7f89ef5f4000-7f89ef60c000 r-xp 0000d000 fe:00 4983038                    /usr/lib/jvm/java-8-openjdk/jre/lib/amd64/libjava.so
7f89ef60c000-7f89ef613000 r--p 00025000 fe:00 4983038                    /usr/lib/jvm/java-8-openjdk/jre/lib/amd64/libjava.so
7f89ef613000-7f89ef614000 ---p 0002c000 fe:00 4983038                    /usr/lib/jvm/java-8-openjdk/jre/lib/amd64/libjava.so
7f89ef614000-7f89ef615000 r--p 0002c000 fe:00 4983038                    /usr/lib/jvm/java-8-openjdk/jre/lib/amd64/libjava.so
7f89ef615000-7f89ef616000 rw-p 0002d000 fe:00 4983038                    /usr/lib/jvm/java-8-openjdk/jre/lib/amd64/libjava.so
7f89ef616000-7f89ef617000 rw-p 00000000 00:00 0 
7f89ef617000-7f89ef61c000 r--p 00000000 fe:00 4983098                    /usr/lib/jvm/java-8-openjdk/jre/lib/amd64/libverify.so
7f89ef61c000-7f89ef623000 r-xp 00005000 fe:00 4983098                    /usr/lib/jvm/java-8-openjdk/jre/lib/amd64/libverify.so
7f89ef623000-7f89ef625000 r--p 0000c000 fe:00 4983098                    /usr/lib/jvm/java-8-openjdk/jre/lib/amd64/libverify.so
7f89ef625000-7f89ef627000 r--p 0000d000 fe:00 4983098                    /usr/lib/jvm/java-8-openjdk/jre/lib/amd64/libverify.so
7f89ef627000-7f89ef628000 rw-p 0000f000 fe:00 4983098                    /usr/lib/jvm/java-8-openjdk/jre/lib/amd64/libverify.so
7f89ef628000-7f89ef62a000 r--p 00000000 fe:00 4982149                    /usr/lib/jvm/java-8-openjdk/jre/lib/amd64/jli/libjli.so
7f89ef62a000-7f89ef633000 r-xp 00002000 fe:00 4982149                    /usr/lib/jvm/java-8-openjdk/jre/lib/amd64/jli/libjli.so
7f89ef633000-7f89ef636000 r--p 0000b000 fe:00 4982149                    /usr/lib/jvm/java-8-openjdk/jre/lib/amd64/jli/libjli.so
7f89ef636000-7f89ef637000 r--p 0000d000 fe:00 4982149                    /usr/lib/jvm/java-8-openjdk/jre/lib/amd64/jli/libjli.so
7f89ef637000-7f89ef638000 rw-p 0000e000 fe:00 4982149                    /usr/lib/jvm/java-8-openjdk/jre/lib/amd64/jli/libjli.so
7f89ef638000-7f89ef63a000 rw-p 00000000 00:00 0 
7f89ef63a000-7f89ef63c000 r--p 00000000 fe:00 4071843                    /usr/lib/ld-2.28.so
7f89ef63c000-7f89ef65b000 r-xp 00002000 fe:00 4071843                    /usr/lib/ld-2.28.so
7f89ef65b000-7f89ef663000 r--p 00021000 fe:00 4071843                    /usr/lib/ld-2.28.so
7f89ef663000-7f89ef664000 r--p 00028000 fe:00 4071843                    /usr/lib/ld-2.28.so
7f89ef664000-7f89ef665000 rw-p 00029000 fe:00 4071843                    /usr/lib/ld-2.28.so
7f89ef665000-7f89ef666000 rw-p 00000000 00:00 0 
7ffe4944e000-7ffe4946f000 rw-p 00000000 00:00 0                          [stack]
7ffe495a2000-7ffe495a5000 r--p 00000000 00:00 0                          [vvar]
7ffe495a5000-7ffe495a7000 r-xp 00000000 00:00 0                          [vdso]
ffffffffff600000-ffffffffff601000 r-xp 00000000 00:00 0                  [vsyscall]

VM Arguments:
jvm_args: -Xmx256M -Xms32M -Xbootclasspath/a:/usr/share/scala/lib/jline.jar:/usr/share/scala/lib/scala-compiler-doc.jar:/usr/share/scala/lib/scala-compiler.jar:/usr/share/scala/lib/scala-library.jar:/usr/share/scala/lib/scalap.jar:/usr/share/scala/lib/scala-reflect.jar:/usr/share/scala/lib/scala-repl-jline-embedded.jar:/usr/share/scala/lib/scala-repl-jline.jar:/usr/share/scala/lib/scala-swing_2.12-2.0.3.jar:/usr/share/scala/lib/scala-xml_2.12-1.0.6.jar -Dscala.boot.class.path=/usr/share/scala/lib/jline.jar:/usr/share/scala/lib/scala-compiler-doc.jar:/usr/share/scala/lib/scala-compiler.jar:/usr/share/scala/lib/scala-library.jar:/usr/share/scala/lib/scalap.jar:/usr/share/scala/lib/scala-reflect.jar:/usr/share/scala/lib/scala-repl-jline-embedded.jar:/usr/share/scala/lib/scala-repl-jline.jar:/usr/share/scala/lib/scala-swing_2.12-2.0.3.jar:/usr/share/scala/lib/scala-xml_2.12-1.0.6.jar -Dscala.home=/usr/share/scala -Dscala.usejavacp=true 
java_command: scala.tools.nsc.MainGenericRunner Main
java_class_path (initial): ""
Launcher Type: SUN_STANDARD

Environment Variables:
PATH=/opt/java/jdk-11.0.2/bin:/usr/local/sbin:/usr/local/bin:/usr/bin:/opt/android-sdk/platform-tools:/opt/android-sdk/tools:/opt/android-sdk/tools/bin:/var/lib/flatpak/exports/bin:/usr/lib/jvm/default/bin:/usr/bin/site_perl:/usr/bin/vendor_perl:/usr/bin/core_perl
SHELL=/usr/bin/fish
DISPLAY=:0

Signal Handlers:
SIGSEGV: [libjvm.so+0xa32bd0], sa_mask[0]=11111111011111111101111111111110, sa_flags=SA_RESTART|SA_SIGINFO
SIGBUS: [libjvm.so+0xa32bd0], sa_mask[0]=11111111011111111101111111111110, sa_flags=SA_RESTART|SA_SIGINFO
SIGFPE: [libjvm.so+0x88ebd0], sa_mask[0]=11111111011111111101111111111110, sa_flags=SA_RESTART|SA_SIGINFO
SIGPIPE: [libjvm.so+0x88ebd0], sa_mask[0]=11111111011111111101111111111110, sa_flags=SA_RESTART|SA_SIGINFO
SIGXFSZ: [libjvm.so+0x88ebd0], sa_mask[0]=11111111011111111101111111111110, sa_flags=SA_RESTART|SA_SIGINFO
SIGILL: [libjvm.so+0x88ebd0], sa_mask[0]=11111111011111111101111111111110, sa_flags=SA_RESTART|SA_SIGINFO
SIGUSR1: SIG_DFL, sa_mask[0]=00000000000000000000000000000000, sa_flags=none
SIGUSR2: [libjvm.so+0x88ea60], sa_mask[0]=00100000000000000000000000000000, sa_flags=SA_RESTART|SA_SIGINFO
SIGHUP: [libjvm.so+0x88ee70], sa_mask[0]=11111111011111111101111111111110, sa_flags=SA_RESTART|SA_SIGINFO
SIGINT: [libjvm.so+0x88ee70], sa_mask[0]=11111111011111111101111111111110, sa_flags=SA_RESTART|SA_SIGINFO
SIGTERM: [libjvm.so+0x88ee70], sa_mask[0]=11111111011111111101111111111110, sa_flags=SA_RESTART|SA_SIGINFO
SIGQUIT: [libjvm.so+0x88ee70], sa_mask[0]=11111111011111111101111111111110, sa_flags=SA_RESTART|SA_SIGINFO


---------------  S Y S T E M  ---------------

OS:DISTRIB_ID=ManjaroLinux
DISTRIB_RELEASE=18.0.4
DISTRIB_CODENAME=Illyria
DISTRIB_DESCRIPTION="Manjaro Linux"

uname:Linux 4.14.109-1-MANJARO #1 SMP PREEMPT Wed Mar 27 18:51:38 UTC 2019 x86_64
libc:glibc 2.28 NPTL 2.28 
rlimit: STACK 8192k, CORE infinity, NPROC 30719, NOFILE 1048576, AS infinity
load average:2.58 1.60 1.31

/proc/meminfo:
MemTotal:        8109564 kB
MemFree:          357780 kB
MemAvailable:    1626392 kB
Buffers:           88244 kB
Cached:          1652828 kB
SwapCached:        25316 kB
Active:          5619352 kB
Inactive:        1534028 kB
Active(anon):    4920416 kB
Inactive(anon):   789432 kB
Active(file):     698936 kB
Inactive(file):   744596 kB
Unevictable:          48 kB
Mlocked:              48 kB
SwapTotal:       8290300 kB
SwapFree:        7646460 kB
Dirty:             52280 kB
Writeback:             0 kB
AnonPages:       5399912 kB
Mapped:          1025720 kB
Shmem:            297564 kB
Slab:             201852 kB
SReclaimable:      88472 kB
SUnreclaim:       113380 kB
KernelStack:       15744 kB
PageTables:        49444 kB
NFS_Unstable:          0 kB
Bounce:                0 kB
WritebackTmp:          0 kB
CommitLimit:    12345080 kB
Committed_AS:   12398584 kB
VmallocTotal:   34359738367 kB
VmallocUsed:           0 kB
VmallocChunk:          0 kB
HardwareCorrupted:     0 kB
AnonHugePages:   1349632 kB
ShmemHugePages:        0 kB
ShmemPmdMapped:        0 kB
HugePages_Total:       0
HugePages_Free:        0
HugePages_Rsvd:        0
HugePages_Surp:        0
Hugepagesize:       2048 kB
DirectMap4k:      705444 kB
DirectMap2M:     7620608 kB
DirectMap1G:     1048576 kB

container (cgroup) information:
container_type: cgroupv1
cpu_cpuset_cpus: 0-3
cpu_memory_nodes: 0
active_processor_count: 4
cpu_quota: -1
cpu_period: 100000
cpu_shares: -1
memory_limit_in_bytes: -1
memory_and_swap_limit_in_bytes: -1
memory_soft_limit_in_bytes: -1
memory_usage_in_bytes: 6926163968
memory_max_usage_in_bytes: 7247728640


CPU:total 4 (initial active 4) (2 cores per cpu, 2 threads per core) family 6 model 60 stepping 3, cmov, cx8, fxsr, mmx, sse, sse2, sse3, ssse3, sse4.1, sse4.2, popcnt, avx, avx2, aes, clmul, erms, lzcnt, ht, tsc, tscinvbit, bmi1, bmi2

/proc/cpuinfo:
processor	: 0
vendor_id	: GenuineIntel
cpu family	: 6
model		: 60
model name	: Intel(R) Core(TM) i3-4130 CPU @ 3.40GHz
stepping	: 3
microcode	: 0x25
cpu MHz		: 3392.297
cache size	: 3072 KB
physical id	: 0
siblings	: 4
core id		: 0
cpu cores	: 2
apicid		: 0
initial apicid	: 0
fpu		: yes
fpu_exception	: yes
cpuid level	: 13
wp		: yes
flags		: fpu vme de pse tsc msr pae mce cx8 apic sep mtrr pge mca cmov pat pse36 clflush dts acpi mmx fxsr sse sse2 ss ht tm pbe syscall nx pdpe1gb rdtscp lm constant_tsc arch_perfmon pebs bts rep_good nopl xtopology nonstop_tsc cpuid aperfmperf pni pclmulqdq dtes64 monitor ds_cpl vmx est tm2 ssse3 sdbg fma cx16 xtpr pdcm pcid sse4_1 sse4_2 movbe popcnt tsc_deadline_timer aes xsave avx f16c rdrand lahf_lm abm cpuid_fault epb invpcid_single pti ssbd ibrs ibpb stibp tpr_shadow vnmi flexpriority ept vpid fsgsbase tsc_adjust bmi1 avx2 smep bmi2 erms invpcid xsaveopt dtherm arat pln pts flush_l1d
bugs		: cpu_meltdown spectre_v1 spectre_v2 spec_store_bypass l1tf
bogomips	: 6787.28
clflush size	: 64
cache_alignment	: 64
address sizes	: 39 bits physical, 48 bits virtual
power management:

processor	: 1
vendor_id	: GenuineIntel
cpu family	: 6
model		: 60
model name	: Intel(R) Core(TM) i3-4130 CPU @ 3.40GHz
stepping	: 3
microcode	: 0x25
cpu MHz		: 3392.303
cache size	: 3072 KB
physical id	: 0
siblings	: 4
core id		: 1
cpu cores	: 2
apicid		: 2
initial apicid	: 2
fpu		: yes
fpu_exception	: yes
cpuid level	: 13
wp		: yes
flags		: fpu vme de pse tsc msr pae mce cx8 apic sep mtrr pge mca cmov pat pse36 clflush dts acpi mmx fxsr sse sse2 ss ht tm pbe syscall nx pdpe1gb rdtscp lm constant_tsc arch_perfmon pebs bts rep_good nopl xtopology nonstop_tsc cpuid aperfmperf pni pclmulqdq dtes64 monitor ds_cpl vmx est tm2 ssse3 sdbg fma cx16 xtpr pdcm pcid sse4_1 sse4_2 movbe popcnt tsc_deadline_timer aes xsave avx f16c rdrand lahf_lm abm cpuid_fault epb invpcid_single pti ssbd ibrs ibpb stibp tpr_shadow vnmi flexpriority ept vpid fsgsbase tsc_adjust bmi1 avx2 smep bmi2 erms invpcid xsaveopt dtherm arat pln pts flush_l1d
bugs		: cpu_meltdown spectre_v1 spectre_v2 spec_store_bypass l1tf
bogomips	: 6787.28
clflush size	: 64
cache_alignment	: 64
address sizes	: 39 bits physical, 48 bits virtual
power management:

processor	: 2
vendor_id	: GenuineIntel
cpu family	: 6
model		: 60
model name	: Intel(R) Core(TM) i3-4130 CPU @ 3.40GHz
stepping	: 3
microcode	: 0x25
cpu MHz		: 3392.297
cache size	: 3072 KB
physical id	: 0
siblings	: 4
core id		: 0
cpu cores	: 2
apicid		: 1
initial apicid	: 1
fpu		: yes
fpu_exception	: yes
cpuid level	: 13
wp		: yes
flags		: fpu vme de pse tsc msr pae mce cx8 apic sep mtrr pge mca cmov pat pse36 clflush dts acpi mmx fxsr sse sse2 ss ht tm pbe syscall nx pdpe1gb rdtscp lm constant_tsc arch_perfmon pebs bts rep_good nopl xtopology nonstop_tsc cpuid aperfmperf pni pclmulqdq dtes64 monitor ds_cpl vmx est tm2 ssse3 sdbg fma cx16 xtpr pdcm pcid sse4_1 sse4_2 movbe popcnt tsc_deadline_timer aes xsave avx f16c rdrand lahf_lm abm cpuid_fault epb invpcid_single pti ssbd ibrs ibpb stibp tpr_shadow vnmi flexpriority ept vpid fsgsbase tsc_adjust bmi1 avx2 smep bmi2 erms invpcid xsaveopt dtherm arat pln pts flush_l1d
bugs		: cpu_meltdown spectre_v1 spectre_v2 spec_store_bypass l1tf
bogomips	: 6787.28
clflush size	: 64
cache_alignment	: 64
address sizes	: 39 bits physical, 48 bits virtual
power management:

processor	: 3
vendor_id	: GenuineIntel
cpu family	: 6
model		: 60
model name	: Intel(R) Core(TM) i3-4130 CPU @ 3.40GHz
stepping	: 3
microcode	: 0x25
cpu MHz		: 3392.336
cache size	: 3072 KB
physical id	: 0
siblings	: 4
core id		: 1
cpu cores	: 2
apicid		: 3
initial apicid	: 3
fpu		: yes
fpu_exception	: yes
cpuid level	: 13
wp		: yes
flags		: fpu vme de pse tsc msr pae mce cx8 apic sep mtrr pge mca cmov pat pse36 clflush dts acpi mmx fxsr sse sse2 ss ht tm pbe syscall nx pdpe1gb rdtscp lm constant_tsc arch_perfmon pebs bts rep_good nopl xtopology nonstop_tsc cpuid aperfmperf pni pclmulqdq dtes64 monitor ds_cpl vmx est tm2 ssse3 sdbg fma cx16 xtpr pdcm pcid sse4_1 sse4_2 movbe popcnt tsc_deadline_timer aes xsave avx f16c rdrand lahf_lm abm cpuid_fault epb invpcid_single pti ssbd ibrs ibpb stibp tpr_shadow vnmi flexpriority ept vpid fsgsbase tsc_adjust bmi1 avx2 smep bmi2 erms invpcid xsaveopt dtherm arat pln pts flush_l1d
bugs		: cpu_meltdown spectre_v1 spectre_v2 spec_store_bypass l1tf
bogomips	: 6787.28
clflush size	: 64
cache_alignment	: 64
address sizes	: 39 bits physical, 48 bits virtual
power management:



Memory: 4k page, physical 8109564k(357812k free), swap 8290300k(7646460k free)

vm_info: OpenJDK 64-Bit Server VM (25.212-b01) for linux-amd64 JRE (1.8.0_212-b01), built on Mar 21 2019 23:20:35 by "builduser" with gcc 8.2.1 20181127

time: Sun Apr  7 15:30:54 2019
timezone: BST
elapsed time: 0 seconds (0d 0h 0m 0s)

