#
# A fatal error has been detected by the Java Runtime Environment:
#
#  SIGSEGV (0xb) at pc=0x0000000000000000, pid=30026, tid=0x00007fceff776700
#
# JRE version: OpenJDK Runtime Environment (8.0_212-b01) (build 1.8.0_212-b01)
# Java VM: OpenJDK 64-Bit Server VM (25.212-b01 mixed mode linux-amd64 compressed oops)
# Problematic frame:
# C  0x0000000000000000
#
# Core dump written. Default location: /home/joseph/Documents/Programming/Graphics/OpenGLProject/out/production/OpenGLProject/core or core.30026
#
# If you would like to submit a bug report, please visit:
#   http://bugreport.java.com/bugreport/crash.jsp
# The crash happened outside the Java Virtual Machine in native code.
# See problematic frame for where to report the bug.
#

---------------  T H R E A D  ---------------

Current thread (0x00007fcef800b800):  JavaThread "main" [_thread_in_native, id=30027, stack(0x00007fceff677000,0x00007fceff777000)]

siginfo: si_signo: 11 (SIGSEGV), si_code: 1 (SEGV_MAPERR), si_addr: 0x0000000000000000

Registers:
RAX=0x0000000000000000, RBX=0x0000000000000001, RCX=0x00007fceff774470, RDX=0x00007fcef94fc940
RSP=0x00007fceff774398, RBP=0x00007fceff774420, RSI=0x00007fcef94fc940, RDI=0x0000000000000001
R8 =0x0000000000000000, R9 =0x00007fcef94fc900, R10=0x0000000000000000, R11=0x00007fcee8904dbc
R12=0x0000000000000000, R13=0x00007fcee8a9c438, R14=0x00007fceff774540, R15=0x00007fcef800b800
RIP=0x0000000000000000, EFLAGS=0x0000000000010246, CSGSFS=0x002b000000000033, ERR=0x0000000000000014
  TRAPNO=0x000000000000000e

Top of Stack: (sp=0x00007fceff774398)
0x00007fceff774398:   00007fcee8904df9 0000000000000000
0x00007fceff7743a8:   0000000100000000 00007fceff774470
0x00007fceff7743b8:   00007fcef94fc940 0000000000000000
0x00007fceff7743c8:   0000000000000000 0000000000000000
0x00007fceff7743d8:   0000000000000000 0000000000000000
0x00007fceff7743e8:   0000000000000000 0000000000000000
0x00007fceff7743f8:   0000000000000000 00007fcef94fc8f0
0x00007fceff774408:   28aa50d135941900 0000000000000001
0x00007fceff774418:   0000000000000001 00007fceff7744b0
0x00007fceff774428:   00007fcee89065c5 00007f01e8a9c438
0x00007fceff774438:   00007fceff774540 00007fceff774528
0x00007fceff774448:   00007fcef800b9e0 00007fcee8a9c438
0x00007fceff774458:   00007fcef800b800 00007fcef94fc8f0
0x00007fceff774468:   00007fcef94fc940 00007fceff774480
0x00007fceff774478:   000000000000000f 66656d6f73657761
0x00007fceff774488:   00676e702e656361 00007fcee8a9c438
0x00007fceff774498:   28aa50d135941900 00007fceff774518
0x00007fceff7744a8:   00007fcee8a9c438 00007fceff774518
0x00007fceff7744b8:   00007fcee9018407 00007fceff774518
0x00007fceff7744c8:   00007fcee9018167 00007fcee9018122
0x00007fceff7744d8:   00007fceff7744d8 00007fcee8a9c438
0x00007fceff7744e8:   00007fceff774540 00007fcee8a9c688
0x00007fceff7744f8:   0000000000000000 00007fcee8a9c438
0x00007fceff774508:   0000000000000000 00007fceff774538
0x00007fceff774518:   00007fceff774590 00007fcee9007a40
0x00007fceff774528:   00000000fab1c4b0 00007fcee9011a56
0x00007fceff774538:   0000000000000001 00000000fab194c0
0x00007fceff774548:   00000000fab0ede0 00007fceff774550
0x00007fceff774558:   00007fcee8a98e42 00007fceff7745a8
0x00007fceff774568:   00007fcee8a99428 0000000000000000
0x00007fceff774578:   00007fcee8a98ed0 00007fceff774538
0x00007fceff774588:   00007fceff7745a8 00007fceff7745f0 

Instructions: (pc=0x0000000000000000)
0xffffffffffffffe0:   

Register to memory mapping:

RAX=0x0000000000000000 is an unknown value
RBX=0x0000000000000001 is an unknown value
RCX=0x00007fceff774470 is pointing into the stack for thread: 0x00007fcef800b800
RDX=0x00007fcef94fc940 is an unknown value
RSP=0x00007fceff774398 is pointing into the stack for thread: 0x00007fcef800b800
RBP=0x00007fceff774420 is pointing into the stack for thread: 0x00007fcef800b800
RSI=0x00007fcef94fc940 is an unknown value
RDI=0x0000000000000001 is an unknown value
R8 =0x0000000000000000 is an unknown value
R9 =0x00007fcef94fc900 is an unknown value
R10=0x0000000000000000 is an unknown value
R11=0x00007fcee8904dbc: _ZN4core15generateTextureEPjNSt7__cxx1112basic_stringIcSt11char_traitsIcESaIcEEEb+0 in /home/joseph/Documents/Programming/Graphics/OpenGLProject/cmake-build-debug/libOpenGLProject.so at 0x00007fcee88c9000
R12=0x0000000000000000 is an unknown value
R13={method} {0x00007fcee8a9c438} 'generateTexture' '(Ljava/lang/String;Z)I' in 'jni/GLWrapper'
R14=0x00007fceff774540 is pointing into the stack for thread: 0x00007fcef800b800
R15=0x00007fcef800b800 is a thread


Stack: [0x00007fceff677000,0x00007fceff777000],  sp=0x00007fceff774398,  free space=1012k
Java frames: (J=compiled Java code, j=interpreted, Vv=VM code)
j  jni.GLWrapper.generateTexture(Ljava/lang/String;Z)I+0
j  Main$.delayedEndpoint$Main$1()V+50
j  Main$delayedInit$body.apply()Ljava/lang/Object;+4
j  scala.Function0.apply$mcV$sp()V+1
j  scala.Function0.apply$mcV$sp$(Lscala/Function0;)V+1
j  scala.runtime.AbstractFunction0.apply$mcV$sp()V+1
j  scala.App.$anonfun$main$1(Lscala/Function0;)V+1
j  scala.App.$anonfun$main$1$adapted(Lscala/Function0;)Ljava/lang/Object;+1
j  scala.App$$Lambda$128.apply(Ljava/lang/Object;)Ljava/lang/Object;+4
j  scala.collection.immutable.List.foreach(Lscala/Function1;)V+14
j  scala.collection.generic.TraversableForwarder.foreach(Lscala/Function1;)V+7
j  scala.collection.generic.TraversableForwarder.foreach$(Lscala/collection/generic/TraversableForwarder;Lscala/Function1;)V+2
j  scala.collection.mutable.ListBuffer.foreach(Lscala/Function1;)V+2
j  scala.App.main([Ljava/lang/String;)V+18
j  scala.App.main$(Lscala/App;[Ljava/lang/String;)V+2
j  Main$.main([Ljava/lang/String;)V+2
j  Main.main([Ljava/lang/String;)V+4
v  ~StubRoutines::call_stub
j  sun.reflect.NativeMethodAccessorImpl.invoke0(Ljava/lang/reflect/Method;Ljava/lang/Object;[Ljava/lang/Object;)Ljava/lang/Object;+0
j  sun.reflect.NativeMethodAccessorImpl.invoke(Ljava/lang/Object;[Ljava/lang/Object;)Ljava/lang/Object;+100
j  sun.reflect.DelegatingMethodAccessorImpl.invoke(Ljava/lang/Object;[Ljava/lang/Object;)Ljava/lang/Object;+6
j  java.lang.reflect.Method.invoke(Ljava/lang/Object;[Ljava/lang/Object;)Ljava/lang/Object;+56
j  scala.reflect.internal.util.ScalaClassLoader.$anonfun$run$2(Lscala/collection/Seq;Ljava/lang/reflect/Method;)Ljava/lang/Object;+27
j  scala.reflect.internal.util.ScalaClassLoader$$Lambda$127.apply()Ljava/lang/Object;+8
j  scala.reflect.internal.util.ScalaClassLoader.asContext(Lscala/Function0;)Ljava/lang/Object;+18
j  scala.reflect.internal.util.ScalaClassLoader.asContext$(Lscala/reflect/internal/util/ScalaClassLoader;Lscala/Function0;)Ljava/lang/Object;+2
j  scala.reflect.internal.util.ScalaClassLoader$URLClassLoader.asContext(Lscala/Function0;)Ljava/lang/Object;+2
j  scala.reflect.internal.util.ScalaClassLoader.run(Ljava/lang/String;Lscala/collection/Seq;)V+90
j  scala.reflect.internal.util.ScalaClassLoader.run$(Lscala/reflect/internal/util/ScalaClassLoader;Ljava/lang/String;Lscala/collection/Seq;)V+3
j  scala.reflect.internal.util.ScalaClassLoader$URLClassLoader.run(Ljava/lang/String;Lscala/collection/Seq;)V+3
j  scala.tools.nsc.CommonRunner.run(Lscala/collection/Seq;Ljava/lang/String;Lscala/collection/Seq;)V+15
j  scala.tools.nsc.CommonRunner.run$(Lscala/tools/nsc/CommonRunner;Lscala/collection/Seq;Ljava/lang/String;Lscala/collection/Seq;)V+4
j  scala.tools.nsc.ObjectRunner$.run(Lscala/collection/Seq;Ljava/lang/String;Lscala/collection/Seq;)V+4
j  scala.tools.nsc.CommonRunner.runAndCatch(Lscala/collection/Seq;Ljava/lang/String;Lscala/collection/Seq;)Lscala/util/Either;+4
j  scala.tools.nsc.CommonRunner.runAndCatch$(Lscala/tools/nsc/CommonRunner;Lscala/collection/Seq;Ljava/lang/String;Lscala/collection/Seq;)Lscala/util/Either;+4
j  scala.tools.nsc.ObjectRunner$.runAndCatch(Lscala/collection/Seq;Ljava/lang/String;Lscala/collection/Seq;)Lscala/util/Either;+4
j  scala.tools.nsc.MainGenericRunner.runTarget$1(Lscala/tools/nsc/GenericRunnerCommand;)Lscala/util/Either;+39
j  scala.tools.nsc.MainGenericRunner.run$1(Lscala/tools/nsc/GenericRunnerCommand;)Z+1
j  scala.tools.nsc.MainGenericRunner.process([Ljava/lang/String;)Z+128
j  scala.tools.nsc.MainGenericRunner$.main([Ljava/lang/String;)V+2
j  scala.tools.nsc.MainGenericRunner.main([Ljava/lang/String;)V+4
v  ~StubRoutines::call_stub

---------------  P R O C E S S  ---------------

Java Threads: ( => current thread )
  0x00007fcef80d4000 JavaThread "Service Thread" daemon [_thread_blocked, id=30039, stack(0x00007fcee8eff000,0x00007fcee9000000)]
  0x00007fcef80be800 JavaThread "C1 CompilerThread2" daemon [_thread_blocked, id=30038, stack(0x00007fcefc05c000,0x00007fcefc15c000)]
  0x00007fcef80bd000 JavaThread "C2 CompilerThread1" daemon [_thread_blocked, id=30037, stack(0x00007fcefc15d000,0x00007fcefc25d000)]
  0x00007fcef80ba000 JavaThread "C2 CompilerThread0" daemon [_thread_blocked, id=30036, stack(0x00007fcefc25e000,0x00007fcefc35e000)]
  0x00007fcef80b8800 JavaThread "Signal Dispatcher" daemon [_thread_blocked, id=30035, stack(0x00007fcefc35e000,0x00007fcefc45f000)]
  0x00007fcef8085800 JavaThread "Finalizer" daemon [_thread_blocked, id=30034, stack(0x00007fcefc745000,0x00007fcefc846000)]
  0x00007fcef8083000 JavaThread "Reference Handler" daemon [_thread_blocked, id=30033, stack(0x00007fcefc846000,0x00007fcefc947000)]
=>0x00007fcef800b800 JavaThread "main" [_thread_in_native, id=30027, stack(0x00007fceff677000,0x00007fceff777000)]

Other Threads:
  0x00007fcef8079000 VMThread [stack: 0x00007fcefc948000,0x00007fcefca48000] [id=30032]
  0x00007fcef8106800 WatcherThread [stack: 0x00007fcee8d9e000,0x00007fcee8e9e000] [id=30040]

VM state:not at safepoint (normal execution)

VM Mutex/Monitor currently owned by a thread: None

heap address: 0x00000000f0000000, size: 256 MB, Compressed Oops mode: 32-bit
Narrow klass base: 0x0000000000000000, Narrow klass shift: 3
Compressed class space size: 1073741824 Address: 0x0000000100000000

Heap:
 PSYoungGen      total 9728K, used 1225K [0x00000000fab00000, 0x00000000fbe00000, 0x0000000100000000)
  eden space 8704K, 2% used [0x00000000fab00000,0x00000000fab39638,0x00000000fb380000)
  from space 1024K, 97% used [0x00000000fb480000,0x00000000fb578ef0,0x00000000fb580000)
  to   space 1024K, 0% used [0x00000000fb380000,0x00000000fb380000,0x00000000fb480000)
 ParOldGen       total 22016K, used 628K [0x00000000f0000000, 0x00000000f1580000, 0x00000000fab00000)
  object space 22016K, 2% used [0x00000000f0000000,0x00000000f009d308,0x00000000f1580000)
 Metaspace       used 12719K, capacity 13350K, committed 13440K, reserved 1060864K
  class space    used 1578K, capacity 1660K, committed 1664K, reserved 1048576K

Card table byte_map: [0x00007fceff1c5000,0x00007fceff246000] byte_map_base: 0x00007fcefea45000

Marking Bits: (ParMarkBitMap*) 0x00007fcf005d1c80
 Begin Bits: [0x00007fcefe56b000, 0x00007fcefe96b000)
 End Bits:   [0x00007fcefe96b000, 0x00007fcefed6b000)

Polling page: 0x00007fcf00a00000

CodeCache: size=245760Kb used=2508Kb max_used=2520Kb free=243251Kb
 bounds [0x00007fcee9000000, 0x00007fcee9280000, 0x00007fcef8000000]
 total_blobs=1001 nmethods=689 adapters=227
 compilation: enabled

Compilation events (10 events):
Event: 1.197 Thread 0x00007fcef80be800 nmethod 682 0x00007fcee92666d0 code [0x00007fcee9266820, 0x00007fcee9266930]
Event: 1.197 Thread 0x00007fcef80be800  686       3       java.lang.invoke.ConstantCallSite::getTarget (20 bytes)
Event: 1.198 Thread 0x00007fcef80be800 nmethod 686 0x00007fcee9270790 code [0x00007fcee9270900, 0x00007fcee9270b08]
Event: 1.198 Thread 0x00007fcef80be800  687       3       java.util.ArrayList::get (11 bytes)
Event: 1.198 Thread 0x00007fcef80be800 nmethod 687 0x00007fcee9271c90 code [0x00007fcee9271e20, 0x00007fcee9272178]
Event: 1.198 Thread 0x00007fcef80be800  688  s    3       sun.misc.URLClassPath::getNextLoader (88 bytes)
Event: 1.198 Thread 0x00007fcef80be800 nmethod 688 0x00007fcee9272390 code [0x00007fcee9272580, 0x00007fcee9272de8]
Event: 1.199 Thread 0x00007fcef80be800  689       1       java.nio.Buffer::position (5 bytes)
Event: 1.199 Thread 0x00007fcef80be800 nmethod 689 0x00007fcee9273250 code [0x00007fcee92733a0, 0x00007fcee92734b0]
Event: 1.200 Thread 0x00007fcef80ba000 nmethod 683 0x00007fcee92763d0 code [0x00007fcee9276520, 0x00007fcee92767f8]

GC Heap History (4 events):
Event: 1.088 GC heap before
{Heap before GC invocations=1 (full 0):
 PSYoungGen      total 9728K, used 8704K [0x00000000fab00000, 0x00000000fb580000, 0x0000000100000000)
  eden space 8704K, 100% used [0x00000000fab00000,0x00000000fb380000,0x00000000fb380000)
  from space 1024K, 0% used [0x00000000fb480000,0x00000000fb480000,0x00000000fb580000)
  to   space 1024K, 0% used [0x00000000fb380000,0x00000000fb380000,0x00000000fb480000)
 ParOldGen       total 22016K, used 0K [0x00000000f0000000, 0x00000000f1580000, 0x00000000fab00000)
  object space 22016K, 0% used [0x00000000f0000000,0x00000000f0000000,0x00000000f1580000)
 Metaspace       used 12053K, capacity 12434K, committed 12672K, reserved 1060864K
  class space    used 1489K, capacity 1548K, committed 1664K, reserved 1048576K
Event: 1.092 GC heap after
Heap after GC invocations=1 (full 0):
 PSYoungGen      total 9728K, used 1008K [0x00000000fab00000, 0x00000000fb580000, 0x0000000100000000)
  eden space 8704K, 0% used [0x00000000fab00000,0x00000000fab00000,0x00000000fb380000)
  from space 1024K, 98% used [0x00000000fb380000,0x00000000fb47c010,0x00000000fb480000)
  to   space 1024K, 0% used [0x00000000fb480000,0x00000000fb480000,0x00000000fb580000)
 ParOldGen       total 22016K, used 184K [0x00000000f0000000, 0x00000000f1580000, 0x00000000fab00000)
  object space 22016K, 0% used [0x00000000f0000000,0x00000000f002e0a0,0x00000000f1580000)
 Metaspace       used 12053K, capacity 12434K, committed 12672K, reserved 1060864K
  class space    used 1489K, capacity 1548K, committed 1664K, reserved 1048576K
}
Event: 1.189 GC heap before
{Heap before GC invocations=2 (full 0):
 PSYoungGen      total 9728K, used 9712K [0x00000000fab00000, 0x00000000fb580000, 0x0000000100000000)
  eden space 8704K, 100% used [0x00000000fab00000,0x00000000fb380000,0x00000000fb380000)
  from space 1024K, 98% used [0x00000000fb380000,0x00000000fb47c010,0x00000000fb480000)
  to   space 1024K, 0% used [0x00000000fb480000,0x00000000fb480000,0x00000000fb580000)
 ParOldGen       total 22016K, used 184K [0x00000000f0000000, 0x00000000f1580000, 0x00000000fab00000)
  object space 22016K, 0% used [0x00000000f0000000,0x00000000f002e0a0,0x00000000f1580000)
 Metaspace       used 12644K, capacity 13194K, committed 13440K, reserved 1060864K
  class space    used 1568K, capacity 1654K, committed 1664K, reserved 1048576K
Event: 1.191 GC heap after
Heap after GC invocations=2 (full 0):
 PSYoungGen      total 9728K, used 995K [0x00000000fab00000, 0x00000000fbe00000, 0x0000000100000000)
  eden space 8704K, 0% used [0x00000000fab00000,0x00000000fab00000,0x00000000fb380000)
  from space 1024K, 97% used [0x00000000fb480000,0x00000000fb578ef0,0x00000000fb580000)
  to   space 1024K, 0% used [0x00000000fb380000,0x00000000fb380000,0x00000000fb480000)
 ParOldGen       total 22016K, used 628K [0x00000000f0000000, 0x00000000f1580000, 0x00000000fab00000)
  object space 22016K, 2% used [0x00000000f0000000,0x00000000f009d308,0x00000000f1580000)
 Metaspace       used 12644K, capacity 13194K, committed 13440K, reserved 1060864K
  class space    used 1568K, capacity 1654K, committed 1664K, reserved 1048576K
}

Deoptimization events (2 events):
Event: 0.523 Thread 0x00007fcef800b800 Uncommon trap: reason=unstable_if action=reinterpret pc=0x00007fcee914aa7c method=java.lang.String.indexOf(II)I @ 17
Event: 0.542 Thread 0x00007fcef800b800 Uncommon trap: reason=null_check action=make_not_entrant pc=0x00007fcee916afe0 method=java.lang.String.equals(Ljava/lang/Object;)Z @ 8

Classes redefined (0 events):
No events

Internal exceptions (10 events):
Event: 1.151 Thread 0x00007fcef800b800 Exception <a 'java/lang/NoSuchMethodError': java.lang.Object.$anonfun$envOrElse$1(Ljava/lang/String;)Ljava/lang/String;> (0x00000000fab87ef0) thrown at [/build/java8-openjdk/src/jdk8u-jdk8u212-b01/hotspot/src/share/vm/interpreter/linkResolver.cpp, line 62
Event: 1.152 Thread 0x00007fcef800b800 Exception <a 'java/lang/NoSuchMethodError': java.lang.Object.$anonfun$envOrElse$2(Ljava/lang/String;)Ljava/lang/String;> (0x00000000fab8c228) thrown at [/build/java8-openjdk/src/jdk8u-jdk8u212-b01/hotspot/src/share/vm/interpreter/linkResolver.cpp, line 62
Event: 1.153 Thread 0x00007fcef800b800 Exception <a 'java/lang/NoSuchMethodError': java.lang.Object.$anonfun$flatten$1(Lscala/Function1;Lscala/collection/mutable/Builder;Ljava/lang/Object;)Lscala/collection/mutable/Builder;> (0x00000000fab950a0) thrown at [/build/java8-openjdk/src/jdk8u-jdk8u2
Event: 1.156 Thread 0x00007fcef800b800 Exception <a 'java/lang/NoSuchMethodError': java.lang.Object.$anonfun$flatMap$1(Lscala/Function1;Lscala/collection/mutable/Builder;Ljava/lang/Object;)Lscala/collection/mutable/Builder;> (0x00000000faba0090) thrown at [/build/java8-openjdk/src/jdk8u-jdk8u2
Event: 1.171 Thread 0x00007fcef800b800 Exception <a 'java/lang/NoSuchMethodError': java.lang.Object.$anonfun$tryClass$1(Lscala/reflect/internal/util/ScalaClassLoader;Ljava/lang/String;Z)Ljava/lang/Class;> (0x00000000fabc3e88) thrown at [/build/java8-openjdk/src/jdk8u-jdk8u212-b01/hotspot/src/s
Event: 1.181 Thread 0x00007fcef800b800 Exception <a 'java/lang/NoSuchMethodError': java.lang.Object.$anonfun$isInfo$1$adapted(Lscala/tools/nsc/settings/MutableSettings$Setting;)Ljava/lang/Object;> (0x00000000fafaa818) thrown at [/build/java8-openjdk/src/jdk8u-jdk8u212-b01/hotspot/src/share/vm/
Event: 1.181 Thread 0x00007fcef800b800 Exception <a 'java/lang/NoSuchMethodError': java.lang.Object.$anonfun$isInfo$2$adapted(Lscala/tools/nsc/settings/MutableSettings$Setting;)Ljava/lang/Object;> (0x00000000fafae8c0) thrown at [/build/java8-openjdk/src/jdk8u-jdk8u212-b01/hotspot/src/share/vm/
Event: 1.189 Thread 0x00007fcef800b800 Exception <a 'java/lang/NoSuchMethodError': java.lang.Object.$anonfun$run$1(Ljava/lang/String;)Lscala/runtime/Nothing$;> (0x00000000fb37b9c0) thrown at [/build/java8-openjdk/src/jdk8u-jdk8u212-b01/hotspot/src/share/vm/interpreter/linkResolver.cpp, line 62
Event: 1.193 Thread 0x00007fcef800b800 Exception <a 'java/lang/NoSuchMethodError': java.lang.Object.$anonfun$run$2(Lscala/collection/Seq;Ljava/lang/reflect/Method;)Ljava/lang/Object;> (0x00000000fab05e08) thrown at [/build/java8-openjdk/src/jdk8u-jdk8u212-b01/hotspot/src/share/vm/interpreter/l
Event: 1.197 Thread 0x00007fcef800b800 Exception <a 'java/lang/NoSuchMethodError': java.lang.Object.$anonfun$main$1$adapted(Lscala/Function0;)Ljava/lang/Object;> (0x00000000fab12578) thrown at [/build/java8-openjdk/src/jdk8u-jdk8u212-b01/hotspot/src/share/vm/interpreter/linkResolver.cpp, line 

Events (10 events):
Event: 1.196 loading class scala/compat/Platform$
Event: 1.196 loading class scala/compat/Platform$ done
Event: 1.196 loading class Main$delayedInit$body
Event: 1.196 loading class Main$delayedInit$body done
Event: 1.197 loading class scala/runtime/AbstractFunction0
Event: 1.197 loading class scala/runtime/AbstractFunction0 done
Event: 1.198 loading class jni/Vector3
Event: 1.198 loading class jni/Vector3 done
Event: 1.198 loading class jni/GLWrapper
Event: 1.198 loading class jni/GLWrapper done


Dynamic libraries:
f0000000-f1580000 rw-p 00000000 00:00 0 
f1580000-fab00000 ---p 00000000 00:00 0 
fab00000-fbe00000 rw-p 00000000 00:00 0 
fbe00000-100000000 ---p 00000000 00:00 0 
100000000-1001a0000 rw-p 00000000 00:00 0 
1001a0000-140000000 ---p 00000000 00:00 0 
5596f7f8d000-5596f7f8e000 r--p 00000000 fe:00 4982129                    /usr/lib/jvm/java-8-openjdk/jre/bin/java
5596f7f8e000-5596f7f8f000 r-xp 00001000 fe:00 4982129                    /usr/lib/jvm/java-8-openjdk/jre/bin/java
5596f7f8f000-5596f7f90000 r--p 00002000 fe:00 4982129                    /usr/lib/jvm/java-8-openjdk/jre/bin/java
5596f7f90000-5596f7f91000 r--p 00002000 fe:00 4982129                    /usr/lib/jvm/java-8-openjdk/jre/bin/java
5596f7f91000-5596f7f92000 rw-p 00003000 fe:00 4982129                    /usr/lib/jvm/java-8-openjdk/jre/bin/java
5596f8553000-5596f8574000 rw-p 00000000 00:00 0                          [heap]
7fceac000000-7fceac021000 rw-p 00000000 00:00 0 
7fceac021000-7fceb0000000 ---p 00000000 00:00 0 
7fceb0000000-7fceb0021000 rw-p 00000000 00:00 0 
7fceb0021000-7fceb4000000 ---p 00000000 00:00 0 
7fceb4000000-7fceb4034000 rw-p 00000000 00:00 0 
7fceb4034000-7fceb8000000 ---p 00000000 00:00 0 
7fceb8000000-7fceb8072000 rw-p 00000000 00:00 0 
7fceb8072000-7fcebc000000 ---p 00000000 00:00 0 
7fcebc000000-7fcebc021000 rw-p 00000000 00:00 0 
7fcebc021000-7fcec0000000 ---p 00000000 00:00 0 
7fcec0000000-7fcec00ae000 rw-p 00000000 00:00 0 
7fcec00ae000-7fcec4000000 ---p 00000000 00:00 0 
7fcec4000000-7fcec4021000 rw-p 00000000 00:00 0 
7fcec4021000-7fcec8000000 ---p 00000000 00:00 0 
7fcec8000000-7fcec8021000 rw-p 00000000 00:00 0 
7fcec8021000-7fcecc000000 ---p 00000000 00:00 0 
7fcecc000000-7fcecc021000 rw-p 00000000 00:00 0 
7fcecc021000-7fced0000000 ---p 00000000 00:00 0 
7fced0000000-7fced0021000 rw-p 00000000 00:00 0 
7fced0021000-7fced4000000 ---p 00000000 00:00 0 
7fced4000000-7fced4021000 rw-p 00000000 00:00 0 
7fced4021000-7fced8000000 ---p 00000000 00:00 0 
7fcedc000000-7fcedc021000 rw-p 00000000 00:00 0 
7fcedc021000-7fcee0000000 ---p 00000000 00:00 0 
7fcee0df9000-7fcee0dfe000 r-xp 00000000 fe:00 4069026                    /usr/lib/libXfixes.so.3.1.0
7fcee0dfe000-7fcee0ffd000 ---p 00005000 fe:00 4069026                    /usr/lib/libXfixes.so.3.1.0
7fcee0ffd000-7fcee0ffe000 r--p 00004000 fe:00 4069026                    /usr/lib/libXfixes.so.3.1.0
7fcee0ffe000-7fcee0fff000 rw-p 00005000 fe:00 4069026                    /usr/lib/libXfixes.so.3.1.0
7fcee0fff000-7fcee4000000 rw-p 00000000 00:00 0 
7fcee4000000-7fcee4021000 rw-p 00000000 00:00 0 
7fcee4021000-7fcee8000000 ---p 00000000 00:00 0 
7fcee8140000-7fcee8142000 r--p 00000000 fe:00 4073249                    /usr/lib/libXdmcp.so.6.0.0
7fcee8142000-7fcee8144000 r-xp 00002000 fe:00 4073249                    /usr/lib/libXdmcp.so.6.0.0
7fcee8144000-7fcee8146000 r--p 00004000 fe:00 4073249                    /usr/lib/libXdmcp.so.6.0.0
7fcee8146000-7fcee8147000 r--p 00005000 fe:00 4073249                    /usr/lib/libXdmcp.so.6.0.0
7fcee8147000-7fcee8148000 rw-p 00006000 fe:00 4073249                    /usr/lib/libXdmcp.so.6.0.0
7fcee8148000-7fcee814c000 r--p 00000000 fe:00 4073250                    /usr/lib/libXext.so.6.4.0
7fcee814c000-7fcee8157000 r-xp 00004000 fe:00 4073250                    /usr/lib/libXext.so.6.4.0
7fcee8157000-7fcee815b000 r--p 0000f000 fe:00 4073250                    /usr/lib/libXext.so.6.4.0
7fcee815b000-7fcee815c000 r--p 00012000 fe:00 4073250                    /usr/lib/libXext.so.6.4.0
7fcee815c000-7fcee815d000 rw-p 00013000 fe:00 4073250                    /usr/lib/libXext.so.6.4.0
7fcee815d000-7fcee8169000 r--p 00000000 fe:00 4073236                    /usr/lib/libxcb.so.1.1.0
7fcee8169000-7fcee817c000 r-xp 0000c000 fe:00 4073236                    /usr/lib/libxcb.so.1.1.0
7fcee817c000-7fcee8185000 r--p 0001f000 fe:00 4073236                    /usr/lib/libxcb.so.1.1.0
7fcee8185000-7fcee8186000 r--p 00027000 fe:00 4073236                    /usr/lib/libxcb.so.1.1.0
7fcee8186000-7fcee8187000 rw-p 00028000 fe:00 4073236                    /usr/lib/libxcb.so.1.1.0
7fcee8187000-7fcee818a000 r--p 00000000 fe:00 4067439                    /usr/lib/libgcc_s.so.1
7fcee818a000-7fcee819b000 r-xp 00003000 fe:00 4067439                    /usr/lib/libgcc_s.so.1
7fcee819b000-7fcee819e000 r--p 00014000 fe:00 4067439                    /usr/lib/libgcc_s.so.1
7fcee819e000-7fcee819f000 ---p 00017000 fe:00 4067439                    /usr/lib/libgcc_s.so.1
7fcee819f000-7fcee81a0000 r--p 00017000 fe:00 4067439                    /usr/lib/libgcc_s.so.1
7fcee81a0000-7fcee81a1000 rw-p 00018000 fe:00 4067439                    /usr/lib/libgcc_s.so.1
7fcee81a1000-7fcee822a000 r--p 00000000 fe:00 4069301                    /usr/lib/libstdc++.so.6.0.25
7fcee822a000-7fcee82e2000 r-xp 00089000 fe:00 4069301                    /usr/lib/libstdc++.so.6.0.25
7fcee82e2000-7fcee831f000 r--p 00141000 fe:00 4069301                    /usr/lib/libstdc++.so.6.0.25
7fcee831f000-7fcee8320000 ---p 0017e000 fe:00 4069301                    /usr/lib/libstdc++.so.6.0.25
7fcee8320000-7fcee832c000 r--p 0017e000 fe:00 4069301                    /usr/lib/libstdc++.so.6.0.25
7fcee832c000-7fcee832d000 rw-p 0018a000 fe:00 4069301                    /usr/lib/libstdc++.so.6.0.25
7fcee832d000-7fcee8330000 rw-p 00000000 00:00 0 
7fcee8330000-7fcee8334000 r-xp 00000000 fe:00 4069027                    /usr/lib/libXxf86vm.so.1.0.0
7fcee8334000-7fcee8534000 ---p 00004000 fe:00 4069027                    /usr/lib/libXxf86vm.so.1.0.0
7fcee8534000-7fcee8535000 r--p 00004000 fe:00 4069027                    /usr/lib/libXxf86vm.so.1.0.0
7fcee8535000-7fcee8536000 rw-p 00005000 fe:00 4069027                    /usr/lib/libXxf86vm.so.1.0.0
7fcee8536000-7fcee8538000 r-xp 00000000 fe:00 4077494                    /usr/lib/libXinerama.so.1.0.0
7fcee8538000-7fcee8737000 ---p 00002000 fe:00 4077494                    /usr/lib/libXinerama.so.1.0.0
7fcee8737000-7fcee8738000 r--p 00001000 fe:00 4077494                    /usr/lib/libXinerama.so.1.0.0
7fcee8738000-7fcee8739000 rw-p 00002000 fe:00 4077494                    /usr/lib/libXinerama.so.1.0.0
7fcee8739000-7fcee8755000 r--p 00000000 fe:00 4079815                    /usr/lib/libX11.so.6.3.0
7fcee8755000-7fcee87dd000 r-xp 0001c000 fe:00 4079815                    /usr/lib/libX11.so.6.3.0
7fcee87dd000-7fcee8871000 r--p 000a4000 fe:00 4079815                    /usr/lib/libX11.so.6.3.0
7fcee8871000-7fcee8874000 r--p 00137000 fe:00 4079815                    /usr/lib/libX11.so.6.3.0
7fcee8874000-7fcee8878000 rw-p 0013a000 fe:00 4079815                    /usr/lib/libX11.so.6.3.0
7fcee88c9000-7fcee88e8000 r--p 00000000 fe:00 414966                     /home/joseph/Documents/Programming/Graphics/OpenGLProject/cmake-build-debug/libOpenGLProject.so
7fcee88e8000-7fcee8928000 r-xp 0001f000 fe:00 414966                     /home/joseph/Documents/Programming/Graphics/OpenGLProject/cmake-build-debug/libOpenGLProject.so
7fcee8928000-7fcee893a000 r--p 0005f000 fe:00 414966                     /home/joseph/Documents/Programming/Graphics/OpenGLProject/cmake-build-debug/libOpenGLProject.so
7fcee893a000-7fcee893b000 ---p 00071000 fe:00 414966                     /home/joseph/Documents/Programming/Graphics/OpenGLProject/cmake-build-debug/libOpenGLProject.so
7fcee893b000-7fcee893d000 r--p 00071000 fe:00 414966                     /home/joseph/Documents/Programming/Graphics/OpenGLProject/cmake-build-debug/libOpenGLProject.so
7fcee893d000-7fcee893f000 rw-p 00073000 fe:00 414966                     /home/joseph/Documents/Programming/Graphics/OpenGLProject/cmake-build-debug/libOpenGLProject.so
7fcee893f000-7fcee8ac1000 rw-p 00000000 00:00 0 
7fcee8ac1000-7fcee8b41000 ---p 00000000 00:00 0 
7fcee8b41000-7fcee8d41000 rw-p 00000000 00:00 0 
7fcee8d43000-7fcee8d44000 r--p 00000000 fe:00 4073222                    /usr/lib/libXau.so.6.0.0
7fcee8d44000-7fcee8d45000 r-xp 00001000 fe:00 4073222                    /usr/lib/libXau.so.6.0.0
7fcee8d45000-7fcee8d46000 r--p 00002000 fe:00 4073222                    /usr/lib/libXau.so.6.0.0
7fcee8d46000-7fcee8d47000 r--p 00002000 fe:00 4073222                    /usr/lib/libXau.so.6.0.0
7fcee8d47000-7fcee8d48000 rw-p 00003000 fe:00 4073222                    /usr/lib/libXau.so.6.0.0
7fcee8d48000-7fcee8d4a000 r--p 00000000 fe:00 4078939                    /usr/lib/libXrender.so.1.3.0
7fcee8d4a000-7fcee8d51000 r-xp 00002000 fe:00 4078939                    /usr/lib/libXrender.so.1.3.0
7fcee8d51000-7fcee8d53000 r--p 00009000 fe:00 4078939                    /usr/lib/libXrender.so.1.3.0
7fcee8d53000-7fcee8d54000 r--p 0000a000 fe:00 4078939                    /usr/lib/libXrender.so.1.3.0
7fcee8d54000-7fcee8d55000 rw-p 0000b000 fe:00 4078939                    /usr/lib/libXrender.so.1.3.0
7fcee8d55000-7fcee8d58000 r--p 00000000 fe:00 4078917                    /usr/lib/libXcursor.so.1.0.2
7fcee8d58000-7fcee8d5d000 r-xp 00003000 fe:00 4078917                    /usr/lib/libXcursor.so.1.0.2
7fcee8d5d000-7fcee8d5f000 r--p 00008000 fe:00 4078917                    /usr/lib/libXcursor.so.1.0.2
7fcee8d5f000-7fcee8d60000 r--p 00009000 fe:00 4078917                    /usr/lib/libXcursor.so.1.0.2
7fcee8d60000-7fcee8d61000 rw-p 0000a000 fe:00 4078917                    /usr/lib/libXcursor.so.1.0.2
7fcee8d61000-7fcee8d63000 r--p 00000000 fe:00 4078938                    /usr/lib/libXrandr.so.2.2.0
7fcee8d63000-7fcee8d6a000 r-xp 00002000 fe:00 4078938                    /usr/lib/libXrandr.so.2.2.0
7fcee8d6a000-7fcee8d6c000 r--p 00009000 fe:00 4078938                    /usr/lib/libXrandr.so.2.2.0
7fcee8d6c000-7fcee8d6d000 r--p 0000a000 fe:00 4078938                    /usr/lib/libXrandr.so.2.2.0
7fcee8d6d000-7fcee8d6e000 rw-p 0000b000 fe:00 4078938                    /usr/lib/libXrandr.so.2.2.0
7fcee8d6e000-7fcee8d73000 r--p 00000000 fe:00 4983049                    /usr/lib/jvm/java-8-openjdk/jre/lib/amd64/libnet.so
7fcee8d73000-7fcee8d82000 r-xp 00005000 fe:00 4983049                    /usr/lib/jvm/java-8-openjdk/jre/lib/amd64/libnet.so
7fcee8d82000-7fcee8d86000 r--p 00014000 fe:00 4983049                    /usr/lib/jvm/java-8-openjdk/jre/lib/amd64/libnet.so
7fcee8d86000-7fcee8d87000 r--p 00017000 fe:00 4983049                    /usr/lib/jvm/java-8-openjdk/jre/lib/amd64/libnet.so
7fcee8d87000-7fcee8d88000 rw-p 00018000 fe:00 4983049                    /usr/lib/jvm/java-8-openjdk/jre/lib/amd64/libnet.so
7fcee8d88000-7fcee8d8f000 r--p 00000000 fe:00 4983050                    /usr/lib/jvm/java-8-openjdk/jre/lib/amd64/libnio.so
7fcee8d8f000-7fcee8d97000 r-xp 00007000 fe:00 4983050                    /usr/lib/jvm/java-8-openjdk/jre/lib/amd64/libnio.so
7fcee8d97000-7fcee8d9a000 r--p 0000f000 fe:00 4983050                    /usr/lib/jvm/java-8-openjdk/jre/lib/amd64/libnio.so
7fcee8d9a000-7fcee8d9b000 ---p 00012000 fe:00 4983050                    /usr/lib/jvm/java-8-openjdk/jre/lib/amd64/libnio.so
7fcee8d9b000-7fcee8d9c000 r--p 00012000 fe:00 4983050                    /usr/lib/jvm/java-8-openjdk/jre/lib/amd64/libnio.so
7fcee8d9c000-7fcee8d9d000 rw-p 00013000 fe:00 4983050                    /usr/lib/jvm/java-8-openjdk/jre/lib/amd64/libnio.so
7fcee8d9d000-7fcee8d9e000 ---p 00000000 00:00 0 
7fcee8d9e000-7fcee8e9e000 rw-p 00000000 00:00 0 
7fcee8e9e000-7fcee8ea4000 r--s 00080000 fe:00 4072599                    /usr/share/scala/lib/scala-xml_2.12-1.0.6.jar
7fcee8ea4000-7fcee8ec7000 r--s 00347000 fe:00 4071644                    /usr/share/scala/lib/scala-reflect.jar
7fcee8ec7000-7fcee8eff000 r--s 004bf000 fe:00 4069441                    /usr/share/scala/lib/scala-library.jar
7fcee8eff000-7fcee8f02000 ---p 00000000 00:00 0 
7fcee8f02000-7fcee9000000 rw-p 00000000 00:00 0 
7fcee9000000-7fcee9280000 rwxp 00000000 00:00 0 
7fcee9280000-7fcef8000000 ---p 00000000 00:00 0 
7fcef8000000-7fcef9525000 rw-p 00000000 00:00 0 
7fcef9525000-7fcefc000000 ---p 00000000 00:00 0 
7fcefc003000-7fcefc00c000 r--s 000ab000 fe:00 4072582                    /usr/share/scala/lib/scala-swing_2.12-2.0.3.jar
7fcefc00c000-7fcefc05b000 r--s 00967000 fe:00 4069435                    /usr/share/scala/lib/scala-compiler.jar
7fcefc05b000-7fcefc05c000 ---p 00000000 00:00 0 
7fcefc05c000-7fcefc05f000 ---p 00000000 00:00 0 
7fcefc05f000-7fcefc15c000 rw-p 00000000 00:00 0 
7fcefc15c000-7fcefc15d000 ---p 00000000 00:00 0 
7fcefc15d000-7fcefc160000 ---p 00000000 00:00 0 
7fcefc160000-7fcefc25d000 rw-p 00000000 00:00 0 
7fcefc25d000-7fcefc25e000 ---p 00000000 00:00 0 
7fcefc25e000-7fcefc261000 ---p 00000000 00:00 0 
7fcefc261000-7fcefc35e000 rw-p 00000000 00:00 0 
7fcefc35e000-7fcefc361000 ---p 00000000 00:00 0 
7fcefc361000-7fcefc45f000 rw-p 00000000 00:00 0 
7fcefc45f000-7fcefc745000 r--p 00000000 fe:00 4078801                    /usr/lib/locale/locale-archive
7fcefc745000-7fcefc748000 ---p 00000000 00:00 0 
7fcefc748000-7fcefc846000 rw-p 00000000 00:00 0 
7fcefc846000-7fcefc849000 ---p 00000000 00:00 0 
7fcefc849000-7fcefc947000 rw-p 00000000 00:00 0 
7fcefc947000-7fcefc948000 ---p 00000000 00:00 0 
7fcefc948000-7fcefda4a000 rw-p 00000000 00:00 0 
7fcefda4a000-7fcefdc1a000 r--s 03c3a000 fe:00 4983165                    /usr/lib/jvm/java-8-openjdk/jre/lib/rt.jar
7fcefdc1a000-7fcefed6b000 rw-p 00000000 00:00 0 
7fcefed6b000-7fcefed6c000 ---p 00000000 00:00 0 
7fcefed6c000-7fcefee6c000 rw-p 00000000 00:00 0 
7fcefee6c000-7fcefee6d000 ---p 00000000 00:00 0 
7fcefee6d000-7fcefef6d000 rw-p 00000000 00:00 0 
7fcefef6d000-7fcefef6e000 ---p 00000000 00:00 0 
7fcefef6e000-7fceff06e000 rw-p 00000000 00:00 0 
7fceff06e000-7fceff06f000 ---p 00000000 00:00 0 
7fceff06f000-7fceff17a000 rw-p 00000000 00:00 0 
7fceff17a000-7fceff1c5000 ---p 00000000 00:00 0 
7fceff1c5000-7fceff1d0000 rw-p 00000000 00:00 0 
7fceff1d0000-7fceff21a000 ---p 00000000 00:00 0 
7fceff21a000-7fceff224000 rw-p 00000000 00:00 0 
7fceff224000-7fceff245000 ---p 00000000 00:00 0 
7fceff245000-7fceff250000 rw-p 00000000 00:00 0 
7fceff250000-7fceff606000 ---p 00000000 00:00 0 
7fceff606000-7fceff609000 r--p 00000000 fe:00 4071892                    /usr/lib/libnss_files-2.28.so
7fceff609000-7fceff610000 r-xp 00003000 fe:00 4071892                    /usr/lib/libnss_files-2.28.so
7fceff610000-7fceff613000 r--p 0000a000 fe:00 4071892                    /usr/lib/libnss_files-2.28.so
7fceff613000-7fceff614000 r--p 0000c000 fe:00 4071892                    /usr/lib/libnss_files-2.28.so
7fceff614000-7fceff615000 rw-p 0000d000 fe:00 4071892                    /usr/lib/libnss_files-2.28.so
7fceff615000-7fceff61b000 rw-p 00000000 00:00 0 
7fceff61d000-7fceff61f000 r--s 00006000 fe:00 4072524                    /usr/share/scala/lib/scala-repl-jline.jar
7fceff61f000-7fceff624000 r--s 00041000 fe:00 4071912                    /usr/share/scala/lib/scala-repl-jline-embedded.jar
7fceff624000-7fceff62a000 r--s 00077000 fe:00 4072603                    /usr/share/scala/lib/scalap.jar
7fceff62a000-7fceff635000 r--s 001d6000 fe:00 4069275                    /usr/share/scala/lib/scala-compiler-doc.jar
7fceff635000-7fceff639000 r--s 0003e000 fe:00 4069189                    /usr/share/scala/lib/jline.jar
7fceff639000-7fceff661000 rw-p 00000000 00:00 0 
7fceff661000-7fceff664000 r--p 00000000 fe:00 4983099                    /usr/lib/jvm/java-8-openjdk/jre/lib/amd64/libzip.so
7fceff664000-7fceff668000 r-xp 00003000 fe:00 4983099                    /usr/lib/jvm/java-8-openjdk/jre/lib/amd64/libzip.so
7fceff668000-7fceff66a000 r--p 00007000 fe:00 4983099                    /usr/lib/jvm/java-8-openjdk/jre/lib/amd64/libzip.so
7fceff66a000-7fceff66b000 r--p 00008000 fe:00 4983099                    /usr/lib/jvm/java-8-openjdk/jre/lib/amd64/libzip.so
7fceff66b000-7fceff66c000 rw-p 00009000 fe:00 4983099                    /usr/lib/jvm/java-8-openjdk/jre/lib/amd64/libzip.so
7fceff66c000-7fceff66e000 r--p 00000000 fe:00 4078347                    /usr/lib/librt-2.28.so
7fceff66e000-7fceff672000 r-xp 00002000 fe:00 4078347                    /usr/lib/librt-2.28.so
7fceff672000-7fceff674000 r--p 00006000 fe:00 4078347                    /usr/lib/librt-2.28.so
7fceff674000-7fceff675000 r--p 00007000 fe:00 4078347                    /usr/lib/librt-2.28.so
7fceff675000-7fceff676000 rw-p 00008000 fe:00 4078347                    /usr/lib/librt-2.28.so
7fceff676000-7fceff677000 ---p 00000000 00:00 0 
7fceff677000-7fceff67a000 ---p 00000000 00:00 0 
7fceff67a000-7fceff777000 rw-p 00000000 00:00 0 
7fceff777000-7fceff784000 r--p 00000000 fe:00 4071870                    /usr/lib/libm-2.28.so
7fceff784000-7fceff825000 r-xp 0000d000 fe:00 4071870                    /usr/lib/libm-2.28.so
7fceff825000-7fceff8fa000 r--p 000ae000 fe:00 4071870                    /usr/lib/libm-2.28.so
7fceff8fa000-7fceff8fb000 r--p 00182000 fe:00 4071870                    /usr/lib/libm-2.28.so
7fceff8fb000-7fceff8fc000 rw-p 00183000 fe:00 4071870                    /usr/lib/libm-2.28.so
7fceff8fc000-7fceffaed000 r--p 00000000 fe:00 4983102                    /usr/lib/jvm/java-8-openjdk/jre/lib/amd64/server/libjvm.so
7fceffaed000-7fcf00360000 r-xp 001f1000 fe:00 4983102                    /usr/lib/jvm/java-8-openjdk/jre/lib/amd64/server/libjvm.so
7fcf00360000-7fcf00500000 r--p 00a64000 fe:00 4983102                    /usr/lib/jvm/java-8-openjdk/jre/lib/amd64/server/libjvm.so
7fcf00500000-7fcf00501000 ---p 00c04000 fe:00 4983102                    /usr/lib/jvm/java-8-openjdk/jre/lib/amd64/server/libjvm.so
7fcf00501000-7fcf00596000 r--p 00c04000 fe:00 4983102                    /usr/lib/jvm/java-8-openjdk/jre/lib/amd64/server/libjvm.so
7fcf00596000-7fcf005be000 rw-p 00c99000 fe:00 4983102                    /usr/lib/jvm/java-8-openjdk/jre/lib/amd64/server/libjvm.so
7fcf005be000-7fcf005f0000 rw-p 00000000 00:00 0 
7fcf005f0000-7fcf005f6000 r--p 00000000 fe:00 4071899                    /usr/lib/libpthread-2.28.so
7fcf005f6000-7fcf00605000 r-xp 00006000 fe:00 4071899                    /usr/lib/libpthread-2.28.so
7fcf00605000-7fcf0060b000 r--p 00015000 fe:00 4071899                    /usr/lib/libpthread-2.28.so
7fcf0060b000-7fcf0060c000 r--p 0001a000 fe:00 4071899                    /usr/lib/libpthread-2.28.so
7fcf0060c000-7fcf0060d000 rw-p 0001b000 fe:00 4071899                    /usr/lib/libpthread-2.28.so
7fcf0060d000-7fcf00611000 rw-p 00000000 00:00 0 
7fcf00611000-7fcf00612000 r--p 00000000 fe:00 4071864                    /usr/lib/libdl-2.28.so
7fcf00612000-7fcf00613000 r-xp 00001000 fe:00 4071864                    /usr/lib/libdl-2.28.so
7fcf00613000-7fcf00614000 r--p 00002000 fe:00 4071864                    /usr/lib/libdl-2.28.so
7fcf00614000-7fcf00615000 r--p 00002000 fe:00 4071864                    /usr/lib/libdl-2.28.so
7fcf00615000-7fcf00616000 rw-p 00003000 fe:00 4071864                    /usr/lib/libdl-2.28.so
7fcf00616000-7fcf0062c000 r-xp 00000000 fe:00 4069349                    /usr/lib/libz.so.1.2.11
7fcf0062c000-7fcf0082b000 ---p 00016000 fe:00 4069349                    /usr/lib/libz.so.1.2.11
7fcf0082b000-7fcf0082c000 r--p 00015000 fe:00 4069349                    /usr/lib/libz.so.1.2.11
7fcf0082c000-7fcf0082d000 rw-p 00016000 fe:00 4069349                    /usr/lib/libz.so.1.2.11
7fcf0082d000-7fcf0084f000 r--p 00000000 fe:00 4071855                    /usr/lib/libc-2.28.so
7fcf0084f000-7fcf0099a000 r-xp 00022000 fe:00 4071855                    /usr/lib/libc-2.28.so
7fcf0099a000-7fcf009e6000 r--p 0016d000 fe:00 4071855                    /usr/lib/libc-2.28.so
7fcf009e6000-7fcf009e7000 ---p 001b9000 fe:00 4071855                    /usr/lib/libc-2.28.so
7fcf009e7000-7fcf009eb000 r--p 001b9000 fe:00 4071855                    /usr/lib/libc-2.28.so
7fcf009eb000-7fcf009ed000 rw-p 001bd000 fe:00 4071855                    /usr/lib/libc-2.28.so
7fcf009ed000-7fcf009f1000 rw-p 00000000 00:00 0 
7fcf009f2000-7fcf009f7000 rw-p 00000000 00:00 0 
7fcf009f7000-7fcf009ff000 rw-s 00000000 00:2c 45                         /tmp/hsperfdata_joseph/30026
7fcf009ff000-7fcf00a00000 rw-p 00000000 00:00 0 
7fcf00a00000-7fcf00a01000 r--p 00000000 00:00 0 
7fcf00a01000-7fcf00a0e000 r--p 00000000 fe:00 4983038                    /usr/lib/jvm/java-8-openjdk/jre/lib/amd64/libjava.so
7fcf00a0e000-7fcf00a26000 r-xp 0000d000 fe:00 4983038                    /usr/lib/jvm/java-8-openjdk/jre/lib/amd64/libjava.so
7fcf00a26000-7fcf00a2d000 r--p 00025000 fe:00 4983038                    /usr/lib/jvm/java-8-openjdk/jre/lib/amd64/libjava.so
7fcf00a2d000-7fcf00a2e000 ---p 0002c000 fe:00 4983038                    /usr/lib/jvm/java-8-openjdk/jre/lib/amd64/libjava.so
7fcf00a2e000-7fcf00a2f000 r--p 0002c000 fe:00 4983038                    /usr/lib/jvm/java-8-openjdk/jre/lib/amd64/libjava.so
7fcf00a2f000-7fcf00a30000 rw-p 0002d000 fe:00 4983038                    /usr/lib/jvm/java-8-openjdk/jre/lib/amd64/libjava.so
7fcf00a30000-7fcf00a31000 rw-p 00000000 00:00 0 
7fcf00a31000-7fcf00a36000 r--p 00000000 fe:00 4983098                    /usr/lib/jvm/java-8-openjdk/jre/lib/amd64/libverify.so
7fcf00a36000-7fcf00a3d000 r-xp 00005000 fe:00 4983098                    /usr/lib/jvm/java-8-openjdk/jre/lib/amd64/libverify.so
7fcf00a3d000-7fcf00a3f000 r--p 0000c000 fe:00 4983098                    /usr/lib/jvm/java-8-openjdk/jre/lib/amd64/libverify.so
7fcf00a3f000-7fcf00a41000 r--p 0000d000 fe:00 4983098                    /usr/lib/jvm/java-8-openjdk/jre/lib/amd64/libverify.so
7fcf00a41000-7fcf00a42000 rw-p 0000f000 fe:00 4983098                    /usr/lib/jvm/java-8-openjdk/jre/lib/amd64/libverify.so
7fcf00a42000-7fcf00a44000 r--p 00000000 fe:00 4982149                    /usr/lib/jvm/java-8-openjdk/jre/lib/amd64/jli/libjli.so
7fcf00a44000-7fcf00a4d000 r-xp 00002000 fe:00 4982149                    /usr/lib/jvm/java-8-openjdk/jre/lib/amd64/jli/libjli.so
7fcf00a4d000-7fcf00a50000 r--p 0000b000 fe:00 4982149                    /usr/lib/jvm/java-8-openjdk/jre/lib/amd64/jli/libjli.so
7fcf00a50000-7fcf00a51000 r--p 0000d000 fe:00 4982149                    /usr/lib/jvm/java-8-openjdk/jre/lib/amd64/jli/libjli.so
7fcf00a51000-7fcf00a52000 rw-p 0000e000 fe:00 4982149                    /usr/lib/jvm/java-8-openjdk/jre/lib/amd64/jli/libjli.so
7fcf00a52000-7fcf00a54000 rw-p 00000000 00:00 0 
7fcf00a54000-7fcf00a56000 r--p 00000000 fe:00 4071843                    /usr/lib/ld-2.28.so
7fcf00a56000-7fcf00a75000 r-xp 00002000 fe:00 4071843                    /usr/lib/ld-2.28.so
7fcf00a75000-7fcf00a7d000 r--p 00021000 fe:00 4071843                    /usr/lib/ld-2.28.so
7fcf00a7d000-7fcf00a7e000 r--p 00028000 fe:00 4071843                    /usr/lib/ld-2.28.so
7fcf00a7e000-7fcf00a7f000 rw-p 00029000 fe:00 4071843                    /usr/lib/ld-2.28.so
7fcf00a7f000-7fcf00a80000 rw-p 00000000 00:00 0 
7ffcf494e000-7ffcf496f000 rw-p 00000000 00:00 0                          [stack]
7ffcf49ed000-7ffcf49f0000 r--p 00000000 00:00 0                          [vvar]
7ffcf49f0000-7ffcf49f2000 r-xp 00000000 00:00 0                          [vdso]
ffffffffff600000-ffffffffff601000 r-xp 00000000 00:00 0                  [vsyscall]

VM Arguments:
jvm_args: -Xmx256M -Xms32M -Xbootclasspath/a:/usr/share/scala/lib/jline.jar:/usr/share/scala/lib/scala-compiler-doc.jar:/usr/share/scala/lib/scala-compiler.jar:/usr/share/scala/lib/scala-library.jar:/usr/share/scala/lib/scalap.jar:/usr/share/scala/lib/scala-reflect.jar:/usr/share/scala/lib/scala-repl-jline-embedded.jar:/usr/share/scala/lib/scala-repl-jline.jar:/usr/share/scala/lib/scala-swing_2.12-2.0.3.jar:/usr/share/scala/lib/scala-xml_2.12-1.0.6.jar -Dscala.boot.class.path=/usr/share/scala/lib/jline.jar:/usr/share/scala/lib/scala-compiler-doc.jar:/usr/share/scala/lib/scala-compiler.jar:/usr/share/scala/lib/scala-library.jar:/usr/share/scala/lib/scalap.jar:/usr/share/scala/lib/scala-reflect.jar:/usr/share/scala/lib/scala-repl-jline-embedded.jar:/usr/share/scala/lib/scala-repl-jline.jar:/usr/share/scala/lib/scala-swing_2.12-2.0.3.jar:/usr/share/scala/lib/scala-xml_2.12-1.0.6.jar -Dscala.home=/usr/share/scala -Dscala.usejavacp=true 
java_command: scala.tools.nsc.MainGenericRunner Main
java_class_path (initial): ""
Launcher Type: SUN_STANDARD

Environment Variables:
PATH=/opt/java/jdk-11.0.2/bin:/usr/local/sbin:/usr/local/bin:/usr/bin:/opt/android-sdk/platform-tools:/opt/android-sdk/tools:/opt/android-sdk/tools/bin:/var/lib/flatpak/exports/bin:/usr/lib/jvm/default/bin:/usr/bin/site_perl:/usr/bin/vendor_perl:/usr/bin/core_perl
SHELL=/usr/bin/fish
DISPLAY=:0

Signal Handlers:
SIGSEGV: [libjvm.so+0xa32bd0], sa_mask[0]=11111111011111111101111111111110, sa_flags=SA_RESTART|SA_SIGINFO
SIGBUS: [libjvm.so+0xa32bd0], sa_mask[0]=11111111011111111101111111111110, sa_flags=SA_RESTART|SA_SIGINFO
SIGFPE: [libjvm.so+0x88ebd0], sa_mask[0]=11111111011111111101111111111110, sa_flags=SA_RESTART|SA_SIGINFO
SIGPIPE: [libjvm.so+0x88ebd0], sa_mask[0]=11111111011111111101111111111110, sa_flags=SA_RESTART|SA_SIGINFO
SIGXFSZ: [libjvm.so+0x88ebd0], sa_mask[0]=11111111011111111101111111111110, sa_flags=SA_RESTART|SA_SIGINFO
SIGILL: [libjvm.so+0x88ebd0], sa_mask[0]=11111111011111111101111111111110, sa_flags=SA_RESTART|SA_SIGINFO
SIGUSR1: SIG_DFL, sa_mask[0]=00000000000000000000000000000000, sa_flags=none
SIGUSR2: [libjvm.so+0x88ea60], sa_mask[0]=00100000000000000000000000000000, sa_flags=SA_RESTART|SA_SIGINFO
SIGHUP: [libjvm.so+0x88ee70], sa_mask[0]=11111111011111111101111111111110, sa_flags=SA_RESTART|SA_SIGINFO
SIGINT: [libjvm.so+0x88ee70], sa_mask[0]=11111111011111111101111111111110, sa_flags=SA_RESTART|SA_SIGINFO
SIGTERM: [libjvm.so+0x88ee70], sa_mask[0]=11111111011111111101111111111110, sa_flags=SA_RESTART|SA_SIGINFO
SIGQUIT: [libjvm.so+0x88ee70], sa_mask[0]=11111111011111111101111111111110, sa_flags=SA_RESTART|SA_SIGINFO


---------------  S Y S T E M  ---------------

OS:DISTRIB_ID=ManjaroLinux
DISTRIB_RELEASE=18.0.4
DISTRIB_CODENAME=Illyria
DISTRIB_DESCRIPTION="Manjaro Linux"

uname:Linux 4.14.109-1-MANJARO #1 SMP PREEMPT Wed Mar 27 18:51:38 UTC 2019 x86_64
libc:glibc 2.28 NPTL 2.28 
rlimit: STACK 8192k, CORE infinity, NPROC 30719, NOFILE 1048576, AS infinity
load average:1.47 2.58 1.98

/proc/meminfo:
MemTotal:        8109572 kB
MemFree:          175392 kB
MemAvailable:     325732 kB
Buffers:           15560 kB
Cached:           619364 kB
SwapCached:       197404 kB
Active:          6256060 kB
Inactive:        1118712 kB
Active(anon):    6104376 kB
Inactive(anon):   933540 kB
Active(file):     151684 kB
Inactive(file):   185172 kB
Unevictable:          48 kB
Mlocked:              48 kB
SwapTotal:       8290300 kB
SwapFree:        6039292 kB
Dirty:                52 kB
Writeback:             0 kB
AnonPages:       6733768 kB
Mapped:           689356 kB
Shmem:            298044 kB
Slab:             172432 kB
SReclaimable:      65364 kB
SUnreclaim:       107068 kB
KernelStack:       16528 kB
PageTables:        54812 kB
NFS_Unstable:          0 kB
Bounce:                0 kB
WritebackTmp:          0 kB
CommitLimit:    12345084 kB
Committed_AS:   14365412 kB
VmallocTotal:   34359738367 kB
VmallocUsed:           0 kB
VmallocChunk:          0 kB
HardwareCorrupted:     0 kB
AnonHugePages:   2357248 kB
ShmemHugePages:        0 kB
ShmemPmdMapped:        0 kB
HugePages_Total:       0
HugePages_Free:        0
HugePages_Rsvd:        0
HugePages_Surp:        0
Hugepagesize:       2048 kB
DirectMap4k:      668580 kB
DirectMap2M:     7657472 kB
DirectMap1G:     1048576 kB

container (cgroup) information:
container_type: cgroupv1
cpu_cpuset_cpus: 0-3
cpu_memory_nodes: 0
active_processor_count: 4
cpu_quota: -1
cpu_period: 100000
cpu_shares: -1
memory_limit_in_bytes: -1
memory_and_swap_limit_in_bytes: -1
memory_soft_limit_in_bytes: -1
memory_usage_in_bytes: 7521894400
memory_max_usage_in_bytes: 7636320256


CPU:total 4 (initial active 4) (2 cores per cpu, 2 threads per core) family 6 model 60 stepping 3, cmov, cx8, fxsr, mmx, sse, sse2, sse3, ssse3, sse4.1, sse4.2, popcnt, avx, avx2, aes, clmul, erms, lzcnt, ht, tsc, tscinvbit, bmi1, bmi2

/proc/cpuinfo:
processor	: 0
vendor_id	: GenuineIntel
cpu family	: 6
model		: 60
model name	: Intel(R) Core(TM) i3-4130 CPU @ 3.40GHz
stepping	: 3
microcode	: 0x25
cpu MHz		: 2778.077
cache size	: 3072 KB
physical id	: 0
siblings	: 4
core id		: 0
cpu cores	: 2
apicid		: 0
initial apicid	: 0
fpu		: yes
fpu_exception	: yes
cpuid level	: 13
wp		: yes
flags		: fpu vme de pse tsc msr pae mce cx8 apic sep mtrr pge mca cmov pat pse36 clflush dts acpi mmx fxsr sse sse2 ss ht tm pbe syscall nx pdpe1gb rdtscp lm constant_tsc arch_perfmon pebs bts rep_good nopl xtopology nonstop_tsc cpuid aperfmperf pni pclmulqdq dtes64 monitor ds_cpl vmx est tm2 ssse3 sdbg fma cx16 xtpr pdcm pcid sse4_1 sse4_2 movbe popcnt tsc_deadline_timer aes xsave avx f16c rdrand lahf_lm abm cpuid_fault epb invpcid_single pti ssbd ibrs ibpb stibp tpr_shadow vnmi flexpriority ept vpid fsgsbase tsc_adjust bmi1 avx2 smep bmi2 erms invpcid xsaveopt dtherm arat pln pts flush_l1d
bugs		: cpu_meltdown spectre_v1 spectre_v2 spec_store_bypass l1tf
bogomips	: 6787.40
clflush size	: 64
cache_alignment	: 64
address sizes	: 39 bits physical, 48 bits virtual
power management:

processor	: 1
vendor_id	: GenuineIntel
cpu family	: 6
model		: 60
model name	: Intel(R) Core(TM) i3-4130 CPU @ 3.40GHz
stepping	: 3
microcode	: 0x25
cpu MHz		: 2491.902
cache size	: 3072 KB
physical id	: 0
siblings	: 4
core id		: 1
cpu cores	: 2
apicid		: 2
initial apicid	: 2
fpu		: yes
fpu_exception	: yes
cpuid level	: 13
wp		: yes
flags		: fpu vme de pse tsc msr pae mce cx8 apic sep mtrr pge mca cmov pat pse36 clflush dts acpi mmx fxsr sse sse2 ss ht tm pbe syscall nx pdpe1gb rdtscp lm constant_tsc arch_perfmon pebs bts rep_good nopl xtopology nonstop_tsc cpuid aperfmperf pni pclmulqdq dtes64 monitor ds_cpl vmx est tm2 ssse3 sdbg fma cx16 xtpr pdcm pcid sse4_1 sse4_2 movbe popcnt tsc_deadline_timer aes xsave avx f16c rdrand lahf_lm abm cpuid_fault epb invpcid_single pti ssbd ibrs ibpb stibp tpr_shadow vnmi flexpriority ept vpid fsgsbase tsc_adjust bmi1 avx2 smep bmi2 erms invpcid xsaveopt dtherm arat pln pts flush_l1d
bugs		: cpu_meltdown spectre_v1 spectre_v2 spec_store_bypass l1tf
bogomips	: 6787.40
clflush size	: 64
cache_alignment	: 64
address sizes	: 39 bits physical, 48 bits virtual
power management:

processor	: 2
vendor_id	: GenuineIntel
cpu family	: 6
model		: 60
model name	: Intel(R) Core(TM) i3-4130 CPU @ 3.40GHz
stepping	: 3
microcode	: 0x25
cpu MHz		: 2579.801
cache size	: 3072 KB
physical id	: 0
siblings	: 4
core id		: 0
cpu cores	: 2
apicid		: 1
initial apicid	: 1
fpu		: yes
fpu_exception	: yes
cpuid level	: 13
wp		: yes
flags		: fpu vme de pse tsc msr pae mce cx8 apic sep mtrr pge mca cmov pat pse36 clflush dts acpi mmx fxsr sse sse2 ss ht tm pbe syscall nx pdpe1gb rdtscp lm constant_tsc arch_perfmon pebs bts rep_good nopl xtopology nonstop_tsc cpuid aperfmperf pni pclmulqdq dtes64 monitor ds_cpl vmx est tm2 ssse3 sdbg fma cx16 xtpr pdcm pcid sse4_1 sse4_2 movbe popcnt tsc_deadline_timer aes xsave avx f16c rdrand lahf_lm abm cpuid_fault epb invpcid_single pti ssbd ibrs ibpb stibp tpr_shadow vnmi flexpriority ept vpid fsgsbase tsc_adjust bmi1 avx2 smep bmi2 erms invpcid xsaveopt dtherm arat pln pts flush_l1d
bugs		: cpu_meltdown spectre_v1 spectre_v2 spec_store_bypass l1tf
bogomips	: 6787.40
clflush size	: 64
cache_alignment	: 64
address sizes	: 39 bits physical, 48 bits virtual
power management:

processor	: 3
vendor_id	: GenuineIntel
cpu family	: 6
model		: 60
model name	: Intel(R) Core(TM) i3-4130 CPU @ 3.40GHz
stepping	: 3
microcode	: 0x25
cpu MHz		: 2576.668
cache size	: 3072 KB
physical id	: 0
siblings	: 4
core id		: 1
cpu cores	: 2
apicid		: 3
initial apicid	: 3
fpu		: yes
fpu_exception	: yes
cpuid level	: 13
wp		: yes
flags		: fpu vme de pse tsc msr pae mce cx8 apic sep mtrr pge mca cmov pat pse36 clflush dts acpi mmx fxsr sse sse2 ss ht tm pbe syscall nx pdpe1gb rdtscp lm constant_tsc arch_perfmon pebs bts rep_good nopl xtopology nonstop_tsc cpuid aperfmperf pni pclmulqdq dtes64 monitor ds_cpl vmx est tm2 ssse3 sdbg fma cx16 xtpr pdcm pcid sse4_1 sse4_2 movbe popcnt tsc_deadline_timer aes xsave avx f16c rdrand lahf_lm abm cpuid_fault epb invpcid_single pti ssbd ibrs ibpb stibp tpr_shadow vnmi flexpriority ept vpid fsgsbase tsc_adjust bmi1 avx2 smep bmi2 erms invpcid xsaveopt dtherm arat pln pts flush_l1d
bugs		: cpu_meltdown spectre_v1 spectre_v2 spec_store_bypass l1tf
bogomips	: 6787.40
clflush size	: 64
cache_alignment	: 64
address sizes	: 39 bits physical, 48 bits virtual
power management:



Memory: 4k page, physical 8109572k(173532k free), swap 8290300k(6039292k free)

vm_info: OpenJDK 64-Bit Server VM (25.212-b01) for linux-amd64 JRE (1.8.0_212-b01), built on Mar 21 2019 23:20:35 by "builduser" with gcc 8.2.1 20181127

time: Mon Apr  8 21:59:51 2019
timezone: BST
elapsed time: 1 seconds (0d 0h 0m 1s)

