#
# A fatal error has been detected by the Java Runtime Environment:
#
#  SIGSEGV (0xb) at pc=0x00007f4202ed3bf3, pid=21411, tid=0x00007f421dd59700
#
# JRE version: OpenJDK Runtime Environment (8.0_212-b01) (build 1.8.0_212-b01)
# Java VM: OpenJDK 64-Bit Server VM (25.212-b01 mixed mode linux-amd64 compressed oops)
# Problematic frame:
# C  [libOpenGLProject.so+0x38bf3]  init()+0x160
#
# Core dump written. Default location: /home/joseph/Documents/Programming/Graphics/OpenGLProject/out/production/OpenGLProject/core or core.21411
#
# If you would like to submit a bug report, please visit:
#   http://bugreport.java.com/bugreport/crash.jsp
# The crash happened outside the Java Virtual Machine in native code.
# See problematic frame for where to report the bug.
#

---------------  T H R E A D  ---------------

Current thread (0x00007f421800b800):  JavaThread "main" [_thread_in_native, id=21412, stack(0x00007f421dc5a000,0x00007f421dd5a000)]

siginfo: si_signo: 11 (SIGSEGV), si_code: 1 (SEGV_MAPERR), si_addr: 0x0000000000000004

Registers:
RAX=0x0000000000000004, RBX=0x00007f42199146d0, RCX=0x0000000000000001, RDX=0x00007f421991e990
RSP=0x00007f421dd57980, RBP=0x00007f421dd579e0, RSI=0x0000000000000008, RDI=0x00007f421dd5798f
R8 =0x00007f421994ffe0, R9 =0x00007f4219920a30, R10=0x0000000000000001, R11=0x0000000000000001
R12=0x0000000000000000, R13=0x00007f4203061c48, R14=0x00007f421dd57a70, R15=0x00007f421800b800
RIP=0x00007f4202ed3bf3, EFLAGS=0x0000000000010202, CSGSFS=0x002b000000000033, ERR=0x0000000000000006
  TRAPNO=0x000000000000000e

Top of Stack: (sp=0x00007f421dd57980)
0x00007f421dd57980:   0000000000000000 0000000000000000
0x00007f421dd57990:   00007f42199146d0 0000000200000001
0x00007f421dd579a0:   00007f421dd579b0 000000000000000c
0x00007f421dd579b0:   786554726568746f 0000000065727574
0x00007f421dd579c0:   0000000000000000 91322b94640c6400
0x00007f421dd579d0:   00007f4203061c48 0000000000000000
0x00007f421dd579e0:   00007f421dd57a00 00007f4202ed51ef
0x00007f421dd579f0:   00007f421dd57a68 00007f421800b9e0
0x00007f421dd57a00:   00007f421dd57a58 00007f4209018407
0x00007f421dd57a10:   00007f4209018122 00007f421dd57a18
0x00007f421dd57a20:   00007f4203061c48 00007f421dd57a70
0x00007f421dd57a30:   00007f4203061f30 0000000000000000
0x00007f421dd57a40:   00007f4203061c48 0000000000000000
0x00007f421dd57a50:   00007f421dd57a78 00007f421dd57ab8
0x00007f421dd57a60:   00007f4209007ffd 00000000fab10da0
0x00007f421dd57a70:   00007f4209011a58 00007f421dd57a78
0x00007f421dd57a80:   00007f420304ebab 00007f421dd57ad0
0x00007f421dd57a90:   00007f4203061558 0000000000000000
0x00007f421dd57aa0:   00007f4203061428 00007f421dd57a78
0x00007f421dd57ab0:   00007f421dd57ac8 00007f421dd57b18
0x00007f421dd57ac0:   00007f4209007ffd 00000000fab04390
0x00007f421dd57ad0:   00000000fab07890 00007f421dd57ad8
0x00007f421dd57ae0:   00007f420304de3c 00007f421dd57b28
0x00007f421dd57af0:   00007f420304e000 0000000000000000
0x00007f421dd57b00:   00007f420304de48 00007f421dd57ac8
0x00007f421dd57b10:   00007f421dd57b28 00007f421dd57b90
0x00007f421dd57b20:   00007f42090004e7 00000000fab04390
0x00007f421dd57b30:   0000000000001fa0 00007f421dd57bf0
0x00007f421dd57b40:   00007f421dd57c30 00007f421800b800
0x00007f421dd57b50:   00007f420304de48 00007f421800b800
0x00007f421dd57b60:   00007f421dd57c30 00007f421dd57d58
0x00007f421dd57b70:   00007f420000000a 00007f420304de48 

Instructions: (pc=0x00007f4202ed3bf3)
0x00007f4202ed3bd3:   e8 a8 4c fe ff 48 8d 45 af 48 89 c7 e8 1c 45 fe
0x00007f4202ed3be3:   ff 48 8b 05 3d 2a 03 00 48 8b 40 10 48 83 c0 04
0x00007f4202ed3bf3:   c7 00 00 00 00 00 48 8b 05 28 2a 03 00 48 8b 40
0x00007f4202ed3c03:   08 48 83 c0 04 c7 00 00 00 00 00 48 8b 05 13 2a 

Register to memory mapping:

RAX=0x0000000000000004 is an unknown value
RBX=0x00007f42199146d0 is an unknown value
RCX=0x0000000000000001 is an unknown value
RDX=0x00007f421991e990 is an unknown value
RSP=0x00007f421dd57980 is pointing into the stack for thread: 0x00007f421800b800
RBP=0x00007f421dd579e0 is pointing into the stack for thread: 0x00007f421800b800
RSI=0x0000000000000008 is an unknown value
RDI=0x00007f421dd5798f is pointing into the stack for thread: 0x00007f421800b800
R8 =0x00007f421994ffe0 is an unknown value
R9 =0x00007f4219920a30 is an unknown value
R10=0x0000000000000001 is an unknown value
R11=0x0000000000000001 is an unknown value
R12=0x0000000000000000 is an unknown value
R13={method} {0x00007f4203061c48} 'init' '()V' in 'jni/GLWrapper'
R14=0x00007f421dd57a70 is pointing into the stack for thread: 0x00007f421800b800
R15=0x00007f421800b800 is a thread


Stack: [0x00007f421dc5a000,0x00007f421dd5a000],  sp=0x00007f421dd57980,  free space=1014k
Native frames: (J=compiled Java code, j=interpreted, Vv=VM code, C=native code)
C  [libOpenGLProject.so+0x38bf3]  init()+0x160
C  [libOpenGLProject.so+0x3a1ef]  Java_jni_GLWrapper_init+0x15
j  jni.GLWrapper.init()V+0
j  Main$.main([Ljava/lang/String;)V+19
j  Main.main([Ljava/lang/String;)V+4
v  ~StubRoutines::call_stub
V  [libjvm.so+0x64bd77]
V  [libjvm.so+0x911407]
V  [libjvm.so+0x9124ee]
V  [libjvm.so+0x69705d]  JVM_InvokeMethod+0x11d
j  sun.reflect.NativeMethodAccessorImpl.invoke0(Ljava/lang/reflect/Method;Ljava/lang/Object;[Ljava/lang/Object;)Ljava/lang/Object;+0
j  sun.reflect.NativeMethodAccessorImpl.invoke(Ljava/lang/Object;[Ljava/lang/Object;)Ljava/lang/Object;+100
j  sun.reflect.DelegatingMethodAccessorImpl.invoke(Ljava/lang/Object;[Ljava/lang/Object;)Ljava/lang/Object;+6
j  java.lang.reflect.Method.invoke(Ljava/lang/Object;[Ljava/lang/Object;)Ljava/lang/Object;+56
j  scala.reflect.internal.util.ScalaClassLoader.$anonfun$run$2(Lscala/collection/Seq;Ljava/lang/reflect/Method;)Ljava/lang/Object;+27
j  scala.reflect.internal.util.ScalaClassLoader$$Lambda$127.apply()Ljava/lang/Object;+8
j  scala.reflect.internal.util.ScalaClassLoader.asContext(Lscala/Function0;)Ljava/lang/Object;+18
j  scala.reflect.internal.util.ScalaClassLoader.asContext$(Lscala/reflect/internal/util/ScalaClassLoader;Lscala/Function0;)Ljava/lang/Object;+2
j  scala.reflect.internal.util.ScalaClassLoader$URLClassLoader.asContext(Lscala/Function0;)Ljava/lang/Object;+2
j  scala.reflect.internal.util.ScalaClassLoader.run(Ljava/lang/String;Lscala/collection/Seq;)V+90
j  scala.reflect.internal.util.ScalaClassLoader.run$(Lscala/reflect/internal/util/ScalaClassLoader;Ljava/lang/String;Lscala/collection/Seq;)V+3
j  scala.reflect.internal.util.ScalaClassLoader$URLClassLoader.run(Ljava/lang/String;Lscala/collection/Seq;)V+3
j  scala.tools.nsc.CommonRunner.run(Lscala/collection/Seq;Ljava/lang/String;Lscala/collection/Seq;)V+15
j  scala.tools.nsc.CommonRunner.run$(Lscala/tools/nsc/CommonRunner;Lscala/collection/Seq;Ljava/lang/String;Lscala/collection/Seq;)V+4
j  scala.tools.nsc.ObjectRunner$.run(Lscala/collection/Seq;Ljava/lang/String;Lscala/collection/Seq;)V+4
j  scala.tools.nsc.CommonRunner.runAndCatch(Lscala/collection/Seq;Ljava/lang/String;Lscala/collection/Seq;)Lscala/util/Either;+4
j  scala.tools.nsc.CommonRunner.runAndCatch$(Lscala/tools/nsc/CommonRunner;Lscala/collection/Seq;Ljava/lang/String;Lscala/collection/Seq;)Lscala/util/Either;+4
j  scala.tools.nsc.ObjectRunner$.runAndCatch(Lscala/collection/Seq;Ljava/lang/String;Lscala/collection/Seq;)Lscala/util/Either;+4
j  scala.tools.nsc.MainGenericRunner.runTarget$1(Lscala/tools/nsc/GenericRunnerCommand;)Lscala/util/Either;+39
j  scala.tools.nsc.MainGenericRunner.run$1(Lscala/tools/nsc/GenericRunnerCommand;)Z+1
j  scala.tools.nsc.MainGenericRunner.process([Ljava/lang/String;)Z+128
j  scala.tools.nsc.MainGenericRunner$.main([Ljava/lang/String;)V+2
j  scala.tools.nsc.MainGenericRunner.main([Ljava/lang/String;)V+4
v  ~StubRoutines::call_stub
V  [libjvm.so+0x64bd77]
V  [libjvm.so+0x66a557]
V  [libjvm.so+0x66c9c6]
C  [libjli.so+0x2da1]
C  [libpthread.so.0+0x7a9d]  start_thread+0xfd

Java frames: (J=compiled Java code, j=interpreted, Vv=VM code)
j  jni.GLWrapper.init()V+0
j  Main$.main([Ljava/lang/String;)V+19
j  Main.main([Ljava/lang/String;)V+4
v  ~StubRoutines::call_stub
j  sun.reflect.NativeMethodAccessorImpl.invoke0(Ljava/lang/reflect/Method;Ljava/lang/Object;[Ljava/lang/Object;)Ljava/lang/Object;+0
j  sun.reflect.NativeMethodAccessorImpl.invoke(Ljava/lang/Object;[Ljava/lang/Object;)Ljava/lang/Object;+100
j  sun.reflect.DelegatingMethodAccessorImpl.invoke(Ljava/lang/Object;[Ljava/lang/Object;)Ljava/lang/Object;+6
j  java.lang.reflect.Method.invoke(Ljava/lang/Object;[Ljava/lang/Object;)Ljava/lang/Object;+56
j  scala.reflect.internal.util.ScalaClassLoader.$anonfun$run$2(Lscala/collection/Seq;Ljava/lang/reflect/Method;)Ljava/lang/Object;+27
j  scala.reflect.internal.util.ScalaClassLoader$$Lambda$127.apply()Ljava/lang/Object;+8
j  scala.reflect.internal.util.ScalaClassLoader.asContext(Lscala/Function0;)Ljava/lang/Object;+18
j  scala.reflect.internal.util.ScalaClassLoader.asContext$(Lscala/reflect/internal/util/ScalaClassLoader;Lscala/Function0;)Ljava/lang/Object;+2
j  scala.reflect.internal.util.ScalaClassLoader$URLClassLoader.asContext(Lscala/Function0;)Ljava/lang/Object;+2
j  scala.reflect.internal.util.ScalaClassLoader.run(Ljava/lang/String;Lscala/collection/Seq;)V+90
j  scala.reflect.internal.util.ScalaClassLoader.run$(Lscala/reflect/internal/util/ScalaClassLoader;Ljava/lang/String;Lscala/collection/Seq;)V+3
j  scala.reflect.internal.util.ScalaClassLoader$URLClassLoader.run(Ljava/lang/String;Lscala/collection/Seq;)V+3
j  scala.tools.nsc.CommonRunner.run(Lscala/collection/Seq;Ljava/lang/String;Lscala/collection/Seq;)V+15
j  scala.tools.nsc.CommonRunner.run$(Lscala/tools/nsc/CommonRunner;Lscala/collection/Seq;Ljava/lang/String;Lscala/collection/Seq;)V+4
j  scala.tools.nsc.ObjectRunner$.run(Lscala/collection/Seq;Ljava/lang/String;Lscala/collection/Seq;)V+4
j  scala.tools.nsc.CommonRunner.runAndCatch(Lscala/collection/Seq;Ljava/lang/String;Lscala/collection/Seq;)Lscala/util/Either;+4
j  scala.tools.nsc.CommonRunner.runAndCatch$(Lscala/tools/nsc/CommonRunner;Lscala/collection/Seq;Ljava/lang/String;Lscala/collection/Seq;)Lscala/util/Either;+4
j  scala.tools.nsc.ObjectRunner$.runAndCatch(Lscala/collection/Seq;Ljava/lang/String;Lscala/collection/Seq;)Lscala/util/Either;+4
j  scala.tools.nsc.MainGenericRunner.runTarget$1(Lscala/tools/nsc/GenericRunnerCommand;)Lscala/util/Either;+39
j  scala.tools.nsc.MainGenericRunner.run$1(Lscala/tools/nsc/GenericRunnerCommand;)Z+1
j  scala.tools.nsc.MainGenericRunner.process([Ljava/lang/String;)Z+128
j  scala.tools.nsc.MainGenericRunner$.main([Ljava/lang/String;)V+2
j  scala.tools.nsc.MainGenericRunner.main([Ljava/lang/String;)V+4
v  ~StubRoutines::call_stub

---------------  P R O C E S S  ---------------

Java Threads: ( => current thread )
  0x00007f42180c9800 JavaThread "Service Thread" daemon [_thread_blocked, id=21426, stack(0x00007f4203512000,0x00007f4203613000)]
  0x00007f42180be800 JavaThread "C1 CompilerThread2" daemon [_thread_blocked, id=21425, stack(0x00007f4203614000,0x00007f4203714000)]
  0x00007f42180bd000 JavaThread "C2 CompilerThread1" daemon [_thread_blocked, id=21424, stack(0x00007f4203715000,0x00007f4203815000)]
  0x00007f42180ba000 JavaThread "C2 CompilerThread0" daemon [_thread_blocked, id=21423, stack(0x00007f4203816000,0x00007f4203916000)]
  0x00007f42180b8800 JavaThread "Signal Dispatcher" daemon [_thread_blocked, id=21422, stack(0x00007f4203916000,0x00007f4203a17000)]
  0x00007f4218085800 JavaThread "Finalizer" daemon [_thread_blocked, id=21420, stack(0x00007f4203cfd000,0x00007f4203dfe000)]
  0x00007f4218083000 JavaThread "Reference Handler" daemon [_thread_blocked, id=21419, stack(0x00007f4203dfe000,0x00007f4203eff000)]
=>0x00007f421800b800 JavaThread "main" [_thread_in_native, id=21412, stack(0x00007f421dc5a000,0x00007f421dd5a000)]

Other Threads:
  0x00007f4218079000 VMThread [stack: 0x00007f4203f00000,0x00007f4204000000] [id=21418]
  0x00007f42180fe800 WatcherThread [stack: 0x00007f4203368000,0x00007f4203468000] [id=21427]

VM state:not at safepoint (normal execution)

VM Mutex/Monitor currently owned by a thread: None

heap address: 0x00000000f0000000, size: 256 MB, Compressed Oops mode: 32-bit
Narrow klass base: 0x0000000000000000, Narrow klass shift: 3
Compressed class space size: 1073741824 Address: 0x0000000100000000

Heap:
 PSYoungGen      total 9728K, used 1169K [0x00000000fab00000, 0x00000000fbe00000, 0x0000000100000000)
  eden space 8704K, 1% used [0x00000000fab00000,0x00000000fab2b5b8,0x00000000fb380000)
  from space 1024K, 97% used [0x00000000fb480000,0x00000000fb578f10,0x00000000fb580000)
  to   space 1024K, 0% used [0x00000000fb380000,0x00000000fb380000,0x00000000fb480000)
 ParOldGen       total 22016K, used 608K [0x00000000f0000000, 0x00000000f1580000, 0x00000000fab00000)
  object space 22016K, 2% used [0x00000000f0000000,0x00000000f0098178,0x00000000f1580000)
 Metaspace       used 12733K, capacity 13268K, committed 13440K, reserved 1060864K
  class space    used 1576K, capacity 1655K, committed 1664K, reserved 1048576K

Card table byte_map: [0x00007f421d7a8000,0x00007f421d829000] byte_map_base: 0x00007f421d028000

Marking Bits: (ParMarkBitMap*) 0x00007f421ebb4c80
 Begin Bits: [0x00007f421cb4e000, 0x00007f421cf4e000)
 End Bits:   [0x00007f421cf4e000, 0x00007f421d34e000)

Polling page: 0x00007f421efe3000

CodeCache: size=245760Kb used=2480Kb max_used=2481Kb free=243279Kb
 bounds [0x00007f4209000000, 0x00007f4209270000, 0x00007f4218000000]
 total_blobs=996 nmethods=686 adapters=225
 compilation: enabled

Compilation events (10 events):
Event: 0.530 Thread 0x00007f42180ba000 nmethod 675 0x00007f4209260a10 code [0x00007f4209260b80, 0x00007f4209261028]
Event: 0.530 Thread 0x00007f42180be800 nmethod 682 0x00007f420925d050 code [0x00007f420925d1a0, 0x00007f420925d290]
Event: 0.530 Thread 0x00007f42180be800  685       3       java.util.HashMap::resize (359 bytes)
Event: 0.531 Thread 0x00007f42180be800 nmethod 685 0x00007f4209269710 code [0x00007f4209269960, 0x00007f420926ab88]
Event: 0.531 Thread 0x00007f42180be800  679       3       java.lang.StringCoding::access$100 (8 bytes)
Event: 0.531 Thread 0x00007f42180be800 nmethod 679 0x00007f4209261e10 code [0x00007f4209261fc0, 0x00007f42092624e8]
Event: 0.531 Thread 0x00007f42180be800  684       1       java.net.URL::getPort (5 bytes)
Event: 0.531 Thread 0x00007f42180be800 nmethod 684 0x00007f4209260750 code [0x00007f42092608a0, 0x00007f42092609b0]
Event: 0.532 Thread 0x00007f42180be800  686       1       java.nio.Buffer::position (5 bytes)
Event: 0.532 Thread 0x00007f42180be800 nmethod 686 0x00007f4209260490 code [0x00007f42092605e0, 0x00007f42092606f0]

GC Heap History (4 events):
Event: 0.476 GC heap before
{Heap before GC invocations=1 (full 0):
 PSYoungGen      total 9728K, used 8704K [0x00000000fab00000, 0x00000000fb580000, 0x0000000100000000)
  eden space 8704K, 100% used [0x00000000fab00000,0x00000000fb380000,0x00000000fb380000)
  from space 1024K, 0% used [0x00000000fb480000,0x00000000fb480000,0x00000000fb580000)
  to   space 1024K, 0% used [0x00000000fb380000,0x00000000fb380000,0x00000000fb480000)
 ParOldGen       total 22016K, used 0K [0x00000000f0000000, 0x00000000f1580000, 0x00000000fab00000)
  object space 22016K, 0% used [0x00000000f0000000,0x00000000f0000000,0x00000000f1580000)
 Metaspace       used 12068K, capacity 12498K, committed 12672K, reserved 1060864K
  class space    used 1489K, capacity 1548K, committed 1664K, reserved 1048576K
Event: 0.478 GC heap after
Heap after GC invocations=1 (full 0):
 PSYoungGen      total 9728K, used 1024K [0x00000000fab00000, 0x00000000fb580000, 0x0000000100000000)
  eden space 8704K, 0% used [0x00000000fab00000,0x00000000fab00000,0x00000000fb380000)
  from space 1024K, 100% used [0x00000000fb380000,0x00000000fb480000,0x00000000fb480000)
  to   space 1024K, 0% used [0x00000000fb480000,0x00000000fb480000,0x00000000fb580000)
 ParOldGen       total 22016K, used 180K [0x00000000f0000000, 0x00000000f1580000, 0x00000000fab00000)
  object space 22016K, 0% used [0x00000000f0000000,0x00000000f002d3b8,0x00000000f1580000)
 Metaspace       used 12068K, capacity 12498K, committed 12672K, reserved 1060864K
  class space    used 1489K, capacity 1548K, committed 1664K, reserved 1048576K
}
Event: 0.528 GC heap before
{Heap before GC invocations=2 (full 0):
 PSYoungGen      total 9728K, used 9728K [0x00000000fab00000, 0x00000000fb580000, 0x0000000100000000)
  eden space 8704K, 100% used [0x00000000fab00000,0x00000000fb380000,0x00000000fb380000)
  from space 1024K, 100% used [0x00000000fb380000,0x00000000fb480000,0x00000000fb480000)
  to   space 1024K, 0% used [0x00000000fb480000,0x00000000fb480000,0x00000000fb580000)
 ParOldGen       total 22016K, used 180K [0x00000000f0000000, 0x00000000f1580000, 0x00000000fab00000)
  object space 22016K, 0% used [0x00000000f0000000,0x00000000f002d3b8,0x00000000f1580000)
 Metaspace       used 12658K, capacity 13194K, committed 13440K, reserved 1060864K
  class space    used 1568K, capacity 1654K, committed 1664K, reserved 1048576K
Event: 0.530 GC heap after
Heap after GC invocations=2 (full 0):
 PSYoungGen      total 9728K, used 995K [0x00000000fab00000, 0x00000000fbe00000, 0x0000000100000000)
  eden space 8704K, 0% used [0x00000000fab00000,0x00000000fab00000,0x00000000fb380000)
  from space 1024K, 97% used [0x00000000fb480000,0x00000000fb578f10,0x00000000fb580000)
  to   space 1024K, 0% used [0x00000000fb380000,0x00000000fb380000,0x00000000fb480000)
 ParOldGen       total 22016K, used 608K [0x00000000f0000000, 0x00000000f1580000, 0x00000000fab00000)
  object space 22016K, 2% used [0x00000000f0000000,0x00000000f0098178,0x00000000f1580000)
 Metaspace       used 12658K, capacity 13194K, committed 13440K, reserved 1060864K
  class space    used 1568K, capacity 1654K, committed 1664K, reserved 1048576K
}

Deoptimization events (2 events):
Event: 0.245 Thread 0x00007f421800b800 Uncommon trap: reason=unstable_if action=reinterpret pc=0x00007f4209138bfc method=java.lang.String.indexOf(II)I @ 17
Event: 0.249 Thread 0x00007f421800b800 Uncommon trap: reason=null_check action=make_not_entrant pc=0x00007f420915e9a0 method=java.lang.String.equals(Ljava/lang/Object;)Z @ 8

Classes redefined (0 events):
No events

Internal exceptions (10 events):
Event: 0.497 Thread 0x00007f421800b800 Exception <a 'java/lang/NoSuchMethodError': java.lang.Object.$anonfun$envOrElse$1(Lscala/tools/reflect/WrappedProperties;Ljava/lang/String;Ljava/lang/String;)Ljava/lang/String;> (0x00000000fab826c0) thrown at [/build/java8-openjdk/src/jdk8u-jdk8u212-b01/h
Event: 0.498 Thread 0x00007f421800b800 Exception <a 'java/lang/NoSuchMethodError': java.lang.Object.$anonfun$envOrElse$1(Ljava/lang/String;)Ljava/lang/String;> (0x00000000fab87cc0) thrown at [/build/java8-openjdk/src/jdk8u-jdk8u212-b01/hotspot/src/share/vm/interpreter/linkResolver.cpp, line 62
Event: 0.498 Thread 0x00007f421800b800 Exception <a 'java/lang/NoSuchMethodError': java.lang.Object.$anonfun$envOrElse$2(Ljava/lang/String;)Ljava/lang/String;> (0x00000000fab8bff8) thrown at [/build/java8-openjdk/src/jdk8u-jdk8u212-b01/hotspot/src/share/vm/interpreter/linkResolver.cpp, line 62
Event: 0.499 Thread 0x00007f421800b800 Exception <a 'java/lang/NoSuchMethodError': java.lang.Object.$anonfun$flatten$1(Lscala/Function1;Lscala/collection/mutable/Builder;Ljava/lang/Object;)Lscala/collection/mutable/Builder;> (0x00000000fab94e70) thrown at [/build/java8-openjdk/src/jdk8u-jdk8u2
Event: 0.501 Thread 0x00007f421800b800 Exception <a 'java/lang/NoSuchMethodError': java.lang.Object.$anonfun$flatMap$1(Lscala/Function1;Lscala/collection/mutable/Builder;Ljava/lang/Object;)Lscala/collection/mutable/Builder;> (0x00000000fab9fe38) thrown at [/build/java8-openjdk/src/jdk8u-jdk8u2
Event: 0.509 Thread 0x00007f421800b800 Exception <a 'java/lang/NoSuchMethodError': java.lang.Object.$anonfun$tryClass$1(Lscala/reflect/internal/util/ScalaClassLoader;Ljava/lang/String;Z)Ljava/lang/Class;> (0x00000000fabc37d8) thrown at [/build/java8-openjdk/src/jdk8u-jdk8u212-b01/hotspot/src/s
Event: 0.519 Thread 0x00007f421800b800 Exception <a 'java/lang/NoSuchMethodError': java.lang.Object.$anonfun$isInfo$1$adapted(Lscala/tools/nsc/settings/MutableSettings$Setting;)Ljava/lang/Object;> (0x00000000fafa87a8) thrown at [/build/java8-openjdk/src/jdk8u-jdk8u212-b01/hotspot/src/share/vm/
Event: 0.520 Thread 0x00007f421800b800 Exception <a 'java/lang/NoSuchMethodError': java.lang.Object.$anonfun$isInfo$2$adapted(Lscala/tools/nsc/settings/MutableSettings$Setting;)Ljava/lang/Object;> (0x00000000fafac850) thrown at [/build/java8-openjdk/src/jdk8u-jdk8u212-b01/hotspot/src/share/vm/
Event: 0.527 Thread 0x00007f421800b800 Exception <a 'java/lang/NoSuchMethodError': java.lang.Object.$anonfun$run$1(Ljava/lang/String;)Lscala/runtime/Nothing$;> (0x00000000fb37b188) thrown at [/build/java8-openjdk/src/jdk8u-jdk8u212-b01/hotspot/src/share/vm/interpreter/linkResolver.cpp, line 62
Event: 0.528 Thread 0x00007f421800b800 Exception <a 'java/lang/NoSuchMethodError': java.lang.Object.$anonfun$run$2(Lscala/collection/Seq;Ljava/lang/reflect/Method;)Ljava/lang/Object;> (0x00000000fb37fbe8) thrown at [/build/java8-openjdk/src/jdk8u-jdk8u212-b01/hotspot/src/share/vm/interpreter/l

Events (10 events):
Event: 0.531 loading class scala/util/DynamicVariable$$anon$1
Event: 0.532 loading class java/lang/InheritableThreadLocal
Event: 0.532 loading class java/lang/InheritableThreadLocal done
Event: 0.532 Executing VM operation: Deoptimize
Event: 0.532 Executing VM operation: Deoptimize done
Event: 0.532 loading class scala/util/DynamicVariable$$anon$1 done
Event: 0.532 loading class jni/GLWrapper
Event: 0.532 loading class jni/GLWrapper done
Event: 0.532 loading class java/lang/Package
Event: 0.532 loading class java/lang/Package done


Dynamic libraries:
405bd000-405bf000 r-xs 00000000 00:2c 61                                 /tmp/.glH0ohtb (deleted)
41132000-411e4000 rw-p 00000000 00:00 0 
f0000000-f1580000 rw-p 00000000 00:00 0 
f1580000-fab00000 ---p 00000000 00:00 0 
fab00000-fbe00000 rw-p 00000000 00:00 0 
fbe00000-100000000 ---p 00000000 00:00 0 
100000000-1001a0000 rw-p 00000000 00:00 0 
1001a0000-140000000 ---p 00000000 00:00 0 
55c5f2f66000-55c5f2f67000 r--p 00000000 fe:00 4982129                    /usr/lib/jvm/java-8-openjdk/jre/bin/java
55c5f2f67000-55c5f2f68000 r-xp 00001000 fe:00 4982129                    /usr/lib/jvm/java-8-openjdk/jre/bin/java
55c5f2f68000-55c5f2f69000 r--p 00002000 fe:00 4982129                    /usr/lib/jvm/java-8-openjdk/jre/bin/java
55c5f2f69000-55c5f2f6a000 r--p 00002000 fe:00 4982129                    /usr/lib/jvm/java-8-openjdk/jre/bin/java
55c5f2f6a000-55c5f2f6b000 rw-p 00003000 fe:00 4982129                    /usr/lib/jvm/java-8-openjdk/jre/bin/java
55c5f45e1000-55c5f4602000 rw-p 00000000 00:00 0                          [heap]
7f41cc000000-7f41cc021000 rw-p 00000000 00:00 0 
7f41cc021000-7f41d0000000 ---p 00000000 00:00 0 
7f41d0b1f000-7f41d0d1f000 rw-s 00000000 00:06 567                        /dev/nvidiactl
7f41d0d1f000-7f41d0d9f000 rw-s 00000000 00:06 567                        /dev/nvidiactl
7f41d0d9f000-7f41d0e1f000 rw-s 00000000 00:06 567                        /dev/nvidiactl
7f41d0e1f000-7f41d0e9f000 rw-s 00000000 00:06 567                        /dev/nvidiactl
7f41d0e9f000-7f41d0f9f000 rw-s 00000000 00:06 567                        /dev/nvidiactl
7f41d0f9f000-7f41d0fbf000 rw-s 00000000 00:06 568                        /dev/nvidia0
7f41d0fbf000-7f41d0fff000 rw-s 00000000 00:06 567                        /dev/nvidiactl
7f41d0fff000-7f41d4000000 rw-p 00000000 00:00 0 
7f41d4000000-7f41d407f000 rw-p 00000000 00:00 0 
7f41d407f000-7f41d8000000 ---p 00000000 00:00 0 
7f41d8000000-7f41d8021000 rw-p 00000000 00:00 0 
7f41d8021000-7f41dc000000 ---p 00000000 00:00 0 
7f41dc000000-7f41dc060000 rw-p 00000000 00:00 0 
7f41dc060000-7f41e0000000 ---p 00000000 00:00 0 
7f41e0000000-7f41e0086000 rw-p 00000000 00:00 0 
7f41e0086000-7f41e4000000 ---p 00000000 00:00 0 
7f41e4000000-7f41e4021000 rw-p 00000000 00:00 0 
7f41e4021000-7f41e8000000 ---p 00000000 00:00 0 
7f41e8000000-7f41e8021000 rw-p 00000000 00:00 0 
7f41e8021000-7f41ec000000 ---p 00000000 00:00 0 
7f41ec000000-7f41ec021000 rw-p 00000000 00:00 0 
7f41ec021000-7f41f0000000 ---p 00000000 00:00 0 
7f41f0000000-7f41f0021000 rw-p 00000000 00:00 0 
7f41f0021000-7f41f4000000 ---p 00000000 00:00 0 
7f41f4000000-7f41f4021000 rw-p 00000000 00:00 0 
7f41f4021000-7f41f8000000 ---p 00000000 00:00 0 
7f41f8000000-7f41f8021000 rw-p 00000000 00:00 0 
7f41f8021000-7f41fc000000 ---p 00000000 00:00 0 
7f41fc000000-7f41fc021000 rw-p 00000000 00:00 0 
7f41fc021000-7f4200000000 ---p 00000000 00:00 0 
7f4200007000-7f420001a000 rw-s 00000000 00:06 567                        /dev/nvidiactl
7f420001a000-7f420011f000 rw-s 00000000 00:06 567                        /dev/nvidiactl
7f420011f000-7f4201336000 r-xp 00000000 fe:00 4096496                    /usr/lib/libnvidia-glcore.so.418.43
7f4201336000-7f4201357000 rwxp 01217000 fe:00 4096496                    /usr/lib/libnvidia-glcore.so.418.43
7f4201357000-7f420184c000 r-xp 01238000 fe:00 4096496                    /usr/lib/libnvidia-glcore.so.418.43
7f420184c000-7f4201a4c000 ---p 0172d000 fe:00 4096496                    /usr/lib/libnvidia-glcore.so.418.43
7f4201a4c000-7f4201d73000 rw-p 0172d000 fe:00 4096496                    /usr/lib/libnvidia-glcore.so.418.43
7f4201d73000-7f4201d89000 rw-p 00000000 00:00 0 
7f4201d89000-7f4201d8c000 r-xp 00000000 fe:00 4117701                    /usr/lib/libnvidia-tls.so.418.43
7f4201d8c000-7f4201f8c000 ---p 00003000 fe:00 4117701                    /usr/lib/libnvidia-tls.so.418.43
7f4201f8c000-7f4201f8d000 rw-p 00003000 fe:00 4117701                    /usr/lib/libnvidia-tls.so.418.43
7f4201f8d000-7f4202057000 r-xp 00000000 fe:00 4096469                    /usr/lib/libGLX_nvidia.so.418.43
7f4202057000-7f420208c000 rwxp 000ca000 fe:00 4096469                    /usr/lib/libGLX_nvidia.so.418.43
7f420208c000-7f42020a0000 r-xp 000ff000 fe:00 4096469                    /usr/lib/libGLX_nvidia.so.418.43
7f42020a0000-7f420229f000 ---p 00113000 fe:00 4096469                    /usr/lib/libGLX_nvidia.so.418.43
7f420229f000-7f42022c4000 rw-p 00112000 fe:00 4096469                    /usr/lib/libGLX_nvidia.so.418.43
7f42022c4000-7f42022cc000 rw-p 00000000 00:00 0 
7f42022cc000-7f420230c000 r--p 00000000 fe:00 4069014                    /usr/lib/libGLdispatch.so.0.0.0
7f420230c000-7f420230f000 r-xp 00040000 fe:00 4069014                    /usr/lib/libGLdispatch.so.0.0.0
7f420230f000-7f4202329000 r-xp 00043000 fe:00 4069014                    /usr/lib/libGLdispatch.so.0.0.0
7f4202329000-7f420232a000 r-xp 0005d000 fe:00 4069014                    /usr/lib/libGLdispatch.so.0.0.0
7f420232a000-7f420233d000 r--p 0005e000 fe:00 4069014                    /usr/lib/libGLdispatch.so.0.0.0
7f420233d000-7f420233e000 ---p 00071000 fe:00 4069014                    /usr/lib/libGLdispatch.so.0.0.0
7f420233e000-7f4202367000 r--p 00071000 fe:00 4069014                    /usr/lib/libGLdispatch.so.0.0.0
7f4202367000-7f4202368000 rw-p 0009a000 fe:00 4069014                    /usr/lib/libGLdispatch.so.0.0.0
7f4202368000-7f4202388000 rw-p 00000000 00:00 0 
7f4202388000-7f42023ca000 r--p 00000000 fe:00 4069009                    /usr/lib/libGL.so.1.7.0
7f42023ca000-7f42023ce000 r-xp 00042000 fe:00 4069009                    /usr/lib/libGL.so.1.7.0
7f42023ce000-7f42023e8000 r-xp 00046000 fe:00 4069009                    /usr/lib/libGL.so.1.7.0
7f42023e8000-7f42023e9000 r-xp 00060000 fe:00 4069009                    /usr/lib/libGL.so.1.7.0
7f42023e9000-7f42023fe000 r--p 00061000 fe:00 4069009                    /usr/lib/libGL.so.1.7.0
7f42023fe000-7f4202419000 r--p 00075000 fe:00 4069009                    /usr/lib/libGL.so.1.7.0
7f4202419000-7f420241a000 rw-p 00090000 fe:00 4069009                    /usr/lib/libGL.so.1.7.0
7f420241a000-7f420248f000 rw-p 00000000 00:00 0 
7f4202495000-7f42024d5000 rw-s 00000000 00:06 567                        /dev/nvidiactl
7f42024d5000-7f42024d9000 r--p 00000000 fe:00 4067360                    /usr/lib/libdrm.so.2.4.0
7f42024d9000-7f42024e3000 r-xp 00004000 fe:00 4067360                    /usr/lib/libdrm.so.2.4.0
7f42024e3000-7f42024e6000 r--p 0000e000 fe:00 4067360                    /usr/lib/libdrm.so.2.4.0
7f42024e6000-7f42024e7000 ---p 00011000 fe:00 4067360                    /usr/lib/libdrm.so.2.4.0
7f42024e7000-7f42024e8000 r--p 00011000 fe:00 4067360                    /usr/lib/libdrm.so.2.4.0
7f42024e8000-7f42024e9000 rw-p 00012000 fe:00 4067360                    /usr/lib/libdrm.so.2.4.0
7f42024e9000-7f42024ec000 r--p 00000000 fe:00 4069012                    /usr/lib/libGLX.so.0.0.0
7f42024ec000-7f42024f6000 r-xp 00003000 fe:00 4069012                    /usr/lib/libGLX.so.0.0.0
7f42024f6000-7f42024f9000 r--p 0000d000 fe:00 4069012                    /usr/lib/libGLX.so.0.0.0
7f42024f9000-7f42024fa000 ---p 00010000 fe:00 4069012                    /usr/lib/libGLX.so.0.0.0
7f42024fa000-7f42024fb000 r--p 00010000 fe:00 4069012                    /usr/lib/libGLX.so.0.0.0
7f42024fb000-7f42024fc000 rw-p 00011000 fe:00 4069012                    /usr/lib/libGLX.so.0.0.0
7f42024fc000-7f420251c000 rw-p 00000000 00:00 0 
7f420251c000-7f420251d000 r--p 00000000 fe:00 4067264                    /usr/lib/libX11-xcb.so.1.0.0
7f420251d000-7f420251e000 r-xp 00001000 fe:00 4067264                    /usr/lib/libX11-xcb.so.1.0.0
7f420251e000-7f420251f000 r--p 00002000 fe:00 4067264                    /usr/lib/libX11-xcb.so.1.0.0
7f420251f000-7f4202520000 r--p 00002000 fe:00 4067264                    /usr/lib/libX11-xcb.so.1.0.0
7f4202520000-7f4202521000 rw-p 00003000 fe:00 4067264                    /usr/lib/libX11-xcb.so.1.0.0
7f4202521000-7f4202523000 r--p 00000000 fe:00 4073249                    /usr/lib/libXdmcp.so.6.0.0
7f4202523000-7f4202525000 r-xp 00002000 fe:00 4073249                    /usr/lib/libXdmcp.so.6.0.0
7f4202525000-7f4202527000 r--p 00004000 fe:00 4073249                    /usr/lib/libXdmcp.so.6.0.0
7f4202527000-7f4202528000 r--p 00005000 fe:00 4073249                    /usr/lib/libXdmcp.so.6.0.0
7f4202528000-7f4202529000 rw-p 00006000 fe:00 4073249                    /usr/lib/libXdmcp.so.6.0.0
7f4202529000-7f420252a000 r--p 00000000 fe:00 4073222                    /usr/lib/libXau.so.6.0.0
7f420252a000-7f420252b000 r-xp 00001000 fe:00 4073222                    /usr/lib/libXau.so.6.0.0
7f420252b000-7f420252c000 r--p 00002000 fe:00 4073222                    /usr/lib/libXau.so.6.0.0
7f420252c000-7f420252d000 r--p 00002000 fe:00 4073222                    /usr/lib/libXau.so.6.0.0
7f420252d000-7f420252e000 rw-p 00003000 fe:00 4073222                    /usr/lib/libXau.so.6.0.0
7f420252e000-7f4202533000 r-xp 00000000 fe:00 4069026                    /usr/lib/libXfixes.so.3.1.0
7f4202533000-7f4202732000 ---p 00005000 fe:00 4069026                    /usr/lib/libXfixes.so.3.1.0
7f4202732000-7f4202733000 r--p 00004000 fe:00 4069026                    /usr/lib/libXfixes.so.3.1.0
7f4202733000-7f4202734000 rw-p 00005000 fe:00 4069026                    /usr/lib/libXfixes.so.3.1.0
7f4202734000-7f4202738000 r--p 00000000 fe:00 4073250                    /usr/lib/libXext.so.6.4.0
7f4202738000-7f4202743000 r-xp 00004000 fe:00 4073250                    /usr/lib/libXext.so.6.4.0
7f4202743000-7f4202747000 r--p 0000f000 fe:00 4073250                    /usr/lib/libXext.so.6.4.0
7f4202747000-7f4202748000 r--p 00012000 fe:00 4073250                    /usr/lib/libXext.so.6.4.0
7f4202748000-7f4202749000 rw-p 00013000 fe:00 4073250                    /usr/lib/libXext.so.6.4.0
7f4202749000-7f4202755000 r--p 00000000 fe:00 4073236                    /usr/lib/libxcb.so.1.1.0
7f4202755000-7f4202768000 r-xp 0000c000 fe:00 4073236                    /usr/lib/libxcb.so.1.1.0
7f4202768000-7f4202771000 r--p 0001f000 fe:00 4073236                    /usr/lib/libxcb.so.1.1.0
7f4202771000-7f4202772000 r--p 00027000 fe:00 4073236                    /usr/lib/libxcb.so.1.1.0
7f4202772000-7f4202773000 rw-p 00028000 fe:00 4073236                    /usr/lib/libxcb.so.1.1.0
7f4202773000-7f42027fc000 r--p 00000000 fe:00 4069301                    /usr/lib/libstdc++.so.6.0.25
7f42027fc000-7f42028b4000 r-xp 00089000 fe:00 4069301                    /usr/lib/libstdc++.so.6.0.25
7f42028b4000-7f42028f1000 r--p 00141000 fe:00 4069301                    /usr/lib/libstdc++.so.6.0.25
7f42028f1000-7f42028f2000 ---p 0017e000 fe:00 4069301                    /usr/lib/libstdc++.so.6.0.25
7f42028f2000-7f42028fe000 r--p 0017e000 fe:00 4069301                    /usr/lib/libstdc++.so.6.0.25
7f42028fe000-7f42028ff000 rw-p 0018a000 fe:00 4069301                    /usr/lib/libstdc++.so.6.0.25
7f42028ff000-7f4202902000 rw-p 00000000 00:00 0 
7f4202902000-7f4202906000 r-xp 00000000 fe:00 4069027                    /usr/lib/libXxf86vm.so.1.0.0
7f4202906000-7f4202b06000 ---p 00004000 fe:00 4069027                    /usr/lib/libXxf86vm.so.1.0.0
7f4202b06000-7f4202b07000 r--p 00004000 fe:00 4069027                    /usr/lib/libXxf86vm.so.1.0.0
7f4202b07000-7f4202b08000 rw-p 00005000 fe:00 4069027                    /usr/lib/libXxf86vm.so.1.0.0
7f4202b08000-7f4202b0a000 r-xp 00000000 fe:00 4077494                    /usr/lib/libXinerama.so.1.0.0
7f4202b0a000-7f4202d09000 ---p 00002000 fe:00 4077494                    /usr/lib/libXinerama.so.1.0.0
7f4202d09000-7f4202d0a000 r--p 00001000 fe:00 4077494                    /usr/lib/libXinerama.so.1.0.0
7f4202d0a000-7f4202d0b000 rw-p 00002000 fe:00 4077494                    /usr/lib/libXinerama.so.1.0.0
7f4202d0b000-7f4202d27000 r--p 00000000 fe:00 4079815                    /usr/lib/libX11.so.6.3.0
7f4202d27000-7f4202daf000 r-xp 0001c000 fe:00 4079815                    /usr/lib/libX11.so.6.3.0
7f4202daf000-7f4202e43000 r--p 000a4000 fe:00 4079815                    /usr/lib/libX11.so.6.3.0
7f4202e43000-7f4202e46000 r--p 00137000 fe:00 4079815                    /usr/lib/libX11.so.6.3.0
7f4202e46000-7f4202e4a000 rw-p 0013a000 fe:00 4079815                    /usr/lib/libX11.so.6.3.0
7f4202e5b000-7f4202e7b000 rw-s 00000000 00:06 567                        /dev/nvidiactl
7f4202e9b000-7f4202eb7000 r--p 00000000 fe:00 413556                     /home/joseph/Documents/Programming/Graphics/OpenGLProject/cmake-build-debug/libOpenGLProject.so
7f4202eb7000-7f4202ef4000 r-xp 0001c000 fe:00 413556                     /home/joseph/Documents/Programming/Graphics/OpenGLProject/cmake-build-debug/libOpenGLProject.so
7f4202ef4000-7f4202f04000 r--p 00059000 fe:00 413556                     /home/joseph/Documents/Programming/Graphics/OpenGLProject/cmake-build-debug/libOpenGLProject.so
7f4202f04000-7f4202f05000 ---p 00069000 fe:00 413556                     /home/joseph/Documents/Programming/Graphics/OpenGLProject/cmake-build-debug/libOpenGLProject.so
7f4202f05000-7f4202f07000 r--p 00069000 fe:00 413556                     /home/joseph/Documents/Programming/Graphics/OpenGLProject/cmake-build-debug/libOpenGLProject.so
7f4202f07000-7f4202f09000 rw-p 0006b000 fe:00 413556                     /home/joseph/Documents/Programming/Graphics/OpenGLProject/cmake-build-debug/libOpenGLProject.so
7f4202f09000-7f420308b000 rw-p 00000000 00:00 0 
7f420308b000-7f420310b000 ---p 00000000 00:00 0 
7f420310b000-7f420330b000 rw-p 00000000 00:00 0 
7f420330b000-7f420330d000 rw-s 00000000 00:2c 61                         /tmp/.glH0ohtb (deleted)
7f420330d000-7f420330f000 r--p 00000000 fe:00 4078939                    /usr/lib/libXrender.so.1.3.0
7f420330f000-7f4203316000 r-xp 00002000 fe:00 4078939                    /usr/lib/libXrender.so.1.3.0
7f4203316000-7f4203318000 r--p 00009000 fe:00 4078939                    /usr/lib/libXrender.so.1.3.0
7f4203318000-7f4203319000 r--p 0000a000 fe:00 4078939                    /usr/lib/libXrender.so.1.3.0
7f4203319000-7f420331a000 rw-p 0000b000 fe:00 4078939                    /usr/lib/libXrender.so.1.3.0
7f420331a000-7f420331d000 r--p 00000000 fe:00 4067439                    /usr/lib/libgcc_s.so.1
7f420331d000-7f420332e000 r-xp 00003000 fe:00 4067439                    /usr/lib/libgcc_s.so.1
7f420332e000-7f4203331000 r--p 00014000 fe:00 4067439                    /usr/lib/libgcc_s.so.1
7f4203331000-7f4203332000 ---p 00017000 fe:00 4067439                    /usr/lib/libgcc_s.so.1
7f4203332000-7f4203333000 r--p 00017000 fe:00 4067439                    /usr/lib/libgcc_s.so.1
7f4203333000-7f4203334000 rw-p 00018000 fe:00 4067439                    /usr/lib/libgcc_s.so.1
7f4203334000-7f4203337000 r--p 00000000 fe:00 4078917                    /usr/lib/libXcursor.so.1.0.2
7f4203337000-7f420333c000 r-xp 00003000 fe:00 4078917                    /usr/lib/libXcursor.so.1.0.2
7f420333c000-7f420333e000 r--p 00008000 fe:00 4078917                    /usr/lib/libXcursor.so.1.0.2
7f420333e000-7f420333f000 r--p 00009000 fe:00 4078917                    /usr/lib/libXcursor.so.1.0.2
7f420333f000-7f4203340000 rw-p 0000a000 fe:00 4078917                    /usr/lib/libXcursor.so.1.0.2
7f4203340000-7f4203342000 r--p 00000000 fe:00 4078938                    /usr/lib/libXrandr.so.2.2.0
7f4203342000-7f4203349000 r-xp 00002000 fe:00 4078938                    /usr/lib/libXrandr.so.2.2.0
7f4203349000-7f420334b000 r--p 00009000 fe:00 4078938                    /usr/lib/libXrandr.so.2.2.0
7f420334b000-7f420334c000 r--p 0000a000 fe:00 4078938                    /usr/lib/libXrandr.so.2.2.0
7f420334c000-7f420334d000 rw-p 0000b000 fe:00 4078938                    /usr/lib/libXrandr.so.2.2.0
7f420334d000-7f4203352000 r--p 00000000 fe:00 4983049                    /usr/lib/jvm/java-8-openjdk/jre/lib/amd64/libnet.so
7f4203352000-7f4203361000 r-xp 00005000 fe:00 4983049                    /usr/lib/jvm/java-8-openjdk/jre/lib/amd64/libnet.so
7f4203361000-7f4203365000 r--p 00014000 fe:00 4983049                    /usr/lib/jvm/java-8-openjdk/jre/lib/amd64/libnet.so
7f4203365000-7f4203366000 r--p 00017000 fe:00 4983049                    /usr/lib/jvm/java-8-openjdk/jre/lib/amd64/libnet.so
7f4203366000-7f4203367000 rw-p 00018000 fe:00 4983049                    /usr/lib/jvm/java-8-openjdk/jre/lib/amd64/libnet.so
7f4203367000-7f4203368000 ---p 00000000 00:00 0 
7f4203368000-7f4203468000 rw-p 00000000 00:00 0 
7f4203468000-7f420348b000 r--s 00347000 fe:00 4071644                    /usr/share/scala/lib/scala-reflect.jar
7f420348b000-7f42034c3000 r--s 004bf000 fe:00 4069441                    /usr/share/scala/lib/scala-library.jar
7f42034c3000-7f4203512000 r--s 00967000 fe:00 4069435                    /usr/share/scala/lib/scala-compiler.jar
7f4203512000-7f4203515000 ---p 00000000 00:00 0 
7f4203515000-7f4203613000 rw-p 00000000 00:00 0 
7f4203613000-7f4203614000 ---p 00000000 00:00 0 
7f4203614000-7f4203617000 ---p 00000000 00:00 0 
7f4203617000-7f4203714000 rw-p 00000000 00:00 0 
7f4203714000-7f4203715000 ---p 00000000 00:00 0 
7f4203715000-7f4203718000 ---p 00000000 00:00 0 
7f4203718000-7f4203815000 rw-p 00000000 00:00 0 
7f4203815000-7f4203816000 ---p 00000000 00:00 0 
7f4203816000-7f4203819000 ---p 00000000 00:00 0 
7f4203819000-7f4203916000 rw-p 00000000 00:00 0 
7f4203916000-7f4203919000 ---p 00000000 00:00 0 
7f4203919000-7f4203a17000 rw-p 00000000 00:00 0 
7f4203a17000-7f4203cfd000 r--p 00000000 fe:00 4078801                    /usr/lib/locale/locale-archive
7f4203cfd000-7f4203d00000 ---p 00000000 00:00 0 
7f4203d00000-7f4203dfe000 rw-p 00000000 00:00 0 
7f4203dfe000-7f4203e01000 ---p 00000000 00:00 0 
7f4203e01000-7f4203eff000 rw-p 00000000 00:00 0 
7f4203eff000-7f4203f00000 ---p 00000000 00:00 0 
7f4203f00000-7f4204000000 rw-p 00000000 00:00 0 
7f4204000000-7f4204021000 rw-p 00000000 00:00 0 
7f4204021000-7f4208000000 ---p 00000000 00:00 0 
7f4208000000-7f4208004000 rw-s 00000000 00:06 567                        /dev/nvidiactl
7f4208004000-7f420800b000 r--p 00000000 fe:00 4983050                    /usr/lib/jvm/java-8-openjdk/jre/lib/amd64/libnio.so
7f420800b000-7f4208013000 r-xp 00007000 fe:00 4983050                    /usr/lib/jvm/java-8-openjdk/jre/lib/amd64/libnio.so
7f4208013000-7f4208016000 r--p 0000f000 fe:00 4983050                    /usr/lib/jvm/java-8-openjdk/jre/lib/amd64/libnio.so
7f4208016000-7f4208017000 ---p 00012000 fe:00 4983050                    /usr/lib/jvm/java-8-openjdk/jre/lib/amd64/libnio.so
7f4208017000-7f4208018000 r--p 00012000 fe:00 4983050                    /usr/lib/jvm/java-8-openjdk/jre/lib/amd64/libnio.so
7f4208018000-7f4208019000 rw-p 00013000 fe:00 4983050                    /usr/lib/jvm/java-8-openjdk/jre/lib/amd64/libnio.so
7f4208019000-7f420801f000 r--s 00080000 fe:00 4072599                    /usr/share/scala/lib/scala-xml_2.12-1.0.6.jar
7f420801f000-7f4209000000 rw-p 00000000 00:00 0 
7f4209000000-7f4209270000 rwxp 00000000 00:00 0 
7f4209270000-7f4218000000 ---p 00000000 00:00 0 
7f4218000000-7f4219ce1000 rw-p 00000000 00:00 0 
7f4219ce1000-7f421c000000 ---p 00000000 00:00 0 
7f421c001000-7f421c002000 rw-s 00000000 00:06 567                        /dev/nvidiactl
7f421c002000-7f421c003000 rw-s 00000000 00:06 568                        /dev/nvidia0
7f421c003000-7f421c00c000 r--s 000ab000 fe:00 4072582                    /usr/share/scala/lib/scala-swing_2.12-2.0.3.jar
7f421c00c000-7f421c02d000 rw-p 00000000 00:00 0 
7f421c02d000-7f421c1fd000 r--s 03c3a000 fe:00 4983165                    /usr/lib/jvm/java-8-openjdk/jre/lib/rt.jar
7f421c1fd000-7f421d34e000 rw-p 00000000 00:00 0 
7f421d34e000-7f421d34f000 ---p 00000000 00:00 0 
7f421d34f000-7f421d44f000 rw-p 00000000 00:00 0 
7f421d44f000-7f421d450000 ---p 00000000 00:00 0 
7f421d450000-7f421d550000 rw-p 00000000 00:00 0 
7f421d550000-7f421d551000 ---p 00000000 00:00 0 
7f421d551000-7f421d651000 rw-p 00000000 00:00 0 
7f421d651000-7f421d652000 ---p 00000000 00:00 0 
7f421d652000-7f421d75d000 rw-p 00000000 00:00 0 
7f421d75d000-7f421d7a8000 ---p 00000000 00:00 0 
7f421d7a8000-7f421d7b3000 rw-p 00000000 00:00 0 
7f421d7b3000-7f421d7fd000 ---p 00000000 00:00 0 
7f421d7fd000-7f421d807000 rw-p 00000000 00:00 0 
7f421d807000-7f421d828000 ---p 00000000 00:00 0 
7f421d828000-7f421d833000 rw-p 00000000 00:00 0 
7f421d833000-7f421dbe9000 ---p 00000000 00:00 0 
7f421dbe9000-7f421dbec000 r--p 00000000 fe:00 4071892                    /usr/lib/libnss_files-2.28.so
7f421dbec000-7f421dbf3000 r-xp 00003000 fe:00 4071892                    /usr/lib/libnss_files-2.28.so
7f421dbf3000-7f421dbf6000 r--p 0000a000 fe:00 4071892                    /usr/lib/libnss_files-2.28.so
7f421dbf6000-7f421dbf7000 r--p 0000c000 fe:00 4071892                    /usr/lib/libnss_files-2.28.so
7f421dbf7000-7f421dbf8000 rw-p 0000d000 fe:00 4071892                    /usr/lib/libnss_files-2.28.so
7f421dbf8000-7f421dbfe000 rw-p 00000000 00:00 0 
7f421dbfe000-7f421dbff000 rw-s 00000000 00:06 568                        /dev/nvidia0
7f421dbff000-7f421dc00000 rw-s 00000000 00:06 567                        /dev/nvidiactl
7f421dc00000-7f421dc02000 r--s 00006000 fe:00 4072524                    /usr/share/scala/lib/scala-repl-jline.jar
7f421dc02000-7f421dc07000 r--s 00041000 fe:00 4071912                    /usr/share/scala/lib/scala-repl-jline-embedded.jar
7f421dc07000-7f421dc0d000 r--s 00077000 fe:00 4072603                    /usr/share/scala/lib/scalap.jar
7f421dc0d000-7f421dc18000 r--s 001d6000 fe:00 4069275                    /usr/share/scala/lib/scala-compiler-doc.jar
7f421dc18000-7f421dc1c000 r--s 0003e000 fe:00 4069189                    /usr/share/scala/lib/jline.jar
7f421dc1c000-7f421dc44000 rw-p 00000000 00:00 0 
7f421dc44000-7f421dc47000 r--p 00000000 fe:00 4983099                    /usr/lib/jvm/java-8-openjdk/jre/lib/amd64/libzip.so
7f421dc47000-7f421dc4b000 r-xp 00003000 fe:00 4983099                    /usr/lib/jvm/java-8-openjdk/jre/lib/amd64/libzip.so
7f421dc4b000-7f421dc4d000 r--p 00007000 fe:00 4983099                    /usr/lib/jvm/java-8-openjdk/jre/lib/amd64/libzip.so
7f421dc4d000-7f421dc4e000 r--p 00008000 fe:00 4983099                    /usr/lib/jvm/java-8-openjdk/jre/lib/amd64/libzip.so
7f421dc4e000-7f421dc4f000 rw-p 00009000 fe:00 4983099                    /usr/lib/jvm/java-8-openjdk/jre/lib/amd64/libzip.so
7f421dc4f000-7f421dc51000 r--p 00000000 fe:00 4078347                    /usr/lib/librt-2.28.so
7f421dc51000-7f421dc55000 r-xp 00002000 fe:00 4078347                    /usr/lib/librt-2.28.so
7f421dc55000-7f421dc57000 r--p 00006000 fe:00 4078347                    /usr/lib/librt-2.28.so
7f421dc57000-7f421dc58000 r--p 00007000 fe:00 4078347                    /usr/lib/librt-2.28.so
7f421dc58000-7f421dc59000 rw-p 00008000 fe:00 4078347                    /usr/lib/librt-2.28.so
7f421dc59000-7f421dc5a000 ---p 00000000 00:00 0 
7f421dc5a000-7f421dc5d000 ---p 00000000 00:00 0 
7f421dc5d000-7f421dd5a000 rw-p 00000000 00:00 0 
7f421dd5a000-7f421dd67000 r--p 00000000 fe:00 4071870                    /usr/lib/libm-2.28.so
7f421dd67000-7f421de08000 r-xp 0000d000 fe:00 4071870                    /usr/lib/libm-2.28.so
7f421de08000-7f421dedd000 r--p 000ae000 fe:00 4071870                    /usr/lib/libm-2.28.so
7f421dedd000-7f421dede000 r--p 00182000 fe:00 4071870                    /usr/lib/libm-2.28.so
7f421dede000-7f421dedf000 rw-p 00183000 fe:00 4071870                    /usr/lib/libm-2.28.so
7f421dedf000-7f421e0d0000 r--p 00000000 fe:00 4983102                    /usr/lib/jvm/java-8-openjdk/jre/lib/amd64/server/libjvm.so
7f421e0d0000-7f421e943000 r-xp 001f1000 fe:00 4983102                    /usr/lib/jvm/java-8-openjdk/jre/lib/amd64/server/libjvm.so
7f421e943000-7f421eae3000 r--p 00a64000 fe:00 4983102                    /usr/lib/jvm/java-8-openjdk/jre/lib/amd64/server/libjvm.so
7f421eae3000-7f421eae4000 ---p 00c04000 fe:00 4983102                    /usr/lib/jvm/java-8-openjdk/jre/lib/amd64/server/libjvm.so
7f421eae4000-7f421eb79000 r--p 00c04000 fe:00 4983102                    /usr/lib/jvm/java-8-openjdk/jre/lib/amd64/server/libjvm.so
7f421eb79000-7f421eba1000 rw-p 00c99000 fe:00 4983102                    /usr/lib/jvm/java-8-openjdk/jre/lib/amd64/server/libjvm.so
7f421eba1000-7f421ebd3000 rw-p 00000000 00:00 0 
7f421ebd3000-7f421ebd9000 r--p 00000000 fe:00 4071899                    /usr/lib/libpthread-2.28.so
7f421ebd9000-7f421ebe8000 r-xp 00006000 fe:00 4071899                    /usr/lib/libpthread-2.28.so
7f421ebe8000-7f421ebee000 r--p 00015000 fe:00 4071899                    /usr/lib/libpthread-2.28.so
7f421ebee000-7f421ebef000 r--p 0001a000 fe:00 4071899                    /usr/lib/libpthread-2.28.so
7f421ebef000-7f421ebf0000 rw-p 0001b000 fe:00 4071899                    /usr/lib/libpthread-2.28.so
7f421ebf0000-7f421ebf4000 rw-p 00000000 00:00 0 
7f421ebf4000-7f421ebf5000 r--p 00000000 fe:00 4071864                    /usr/lib/libdl-2.28.so
7f421ebf5000-7f421ebf6000 r-xp 00001000 fe:00 4071864                    /usr/lib/libdl-2.28.so
7f421ebf6000-7f421ebf7000 r--p 00002000 fe:00 4071864                    /usr/lib/libdl-2.28.so
7f421ebf7000-7f421ebf8000 r--p 00002000 fe:00 4071864                    /usr/lib/libdl-2.28.so
7f421ebf8000-7f421ebf9000 rw-p 00003000 fe:00 4071864                    /usr/lib/libdl-2.28.so
7f421ebf9000-7f421ec0f000 r-xp 00000000 fe:00 4069349                    /usr/lib/libz.so.1.2.11
7f421ec0f000-7f421ee0e000 ---p 00016000 fe:00 4069349                    /usr/lib/libz.so.1.2.11
7f421ee0e000-7f421ee0f000 r--p 00015000 fe:00 4069349                    /usr/lib/libz.so.1.2.11
7f421ee0f000-7f421ee10000 rw-p 00016000 fe:00 4069349                    /usr/lib/libz.so.1.2.11
7f421ee10000-7f421ee32000 r--p 00000000 fe:00 4071855                    /usr/lib/libc-2.28.so
7f421ee32000-7f421ef7d000 r-xp 00022000 fe:00 4071855                    /usr/lib/libc-2.28.so
7f421ef7d000-7f421efc9000 r--p 0016d000 fe:00 4071855                    /usr/lib/libc-2.28.so
7f421efc9000-7f421efca000 ---p 001b9000 fe:00 4071855                    /usr/lib/libc-2.28.so
7f421efca000-7f421efce000 r--p 001b9000 fe:00 4071855                    /usr/lib/libc-2.28.so
7f421efce000-7f421efd0000 rw-p 001bd000 fe:00 4071855                    /usr/lib/libc-2.28.so
7f421efd0000-7f421efd4000 rw-p 00000000 00:00 0 
7f421efd4000-7f421efd5000 rw-s 00000000 00:06 567                        /dev/nvidiactl
7f421efd5000-7f421efda000 rw-p 00000000 00:00 0 
7f421efda000-7f421efe2000 rw-s 00000000 00:2c 53                         /tmp/hsperfdata_joseph/21411
7f421efe2000-7f421efe3000 rw-p 00000000 00:00 0 
7f421efe3000-7f421efe4000 r--p 00000000 00:00 0 
7f421efe4000-7f421eff1000 r--p 00000000 fe:00 4983038                    /usr/lib/jvm/java-8-openjdk/jre/lib/amd64/libjava.so
7f421eff1000-7f421f009000 r-xp 0000d000 fe:00 4983038                    /usr/lib/jvm/java-8-openjdk/jre/lib/amd64/libjava.so
7f421f009000-7f421f010000 r--p 00025000 fe:00 4983038                    /usr/lib/jvm/java-8-openjdk/jre/lib/amd64/libjava.so
7f421f010000-7f421f011000 ---p 0002c000 fe:00 4983038                    /usr/lib/jvm/java-8-openjdk/jre/lib/amd64/libjava.so
7f421f011000-7f421f012000 r--p 0002c000 fe:00 4983038                    /usr/lib/jvm/java-8-openjdk/jre/lib/amd64/libjava.so
7f421f012000-7f421f013000 rw-p 0002d000 fe:00 4983038                    /usr/lib/jvm/java-8-openjdk/jre/lib/amd64/libjava.so
7f421f013000-7f421f014000 rw-p 00000000 00:00 0 
7f421f014000-7f421f019000 r--p 00000000 fe:00 4983098                    /usr/lib/jvm/java-8-openjdk/jre/lib/amd64/libverify.so
7f421f019000-7f421f020000 r-xp 00005000 fe:00 4983098                    /usr/lib/jvm/java-8-openjdk/jre/lib/amd64/libverify.so
7f421f020000-7f421f022000 r--p 0000c000 fe:00 4983098                    /usr/lib/jvm/java-8-openjdk/jre/lib/amd64/libverify.so
7f421f022000-7f421f024000 r--p 0000d000 fe:00 4983098                    /usr/lib/jvm/java-8-openjdk/jre/lib/amd64/libverify.so
7f421f024000-7f421f025000 rw-p 0000f000 fe:00 4983098                    /usr/lib/jvm/java-8-openjdk/jre/lib/amd64/libverify.so
7f421f025000-7f421f027000 r--p 00000000 fe:00 4982149                    /usr/lib/jvm/java-8-openjdk/jre/lib/amd64/jli/libjli.so
7f421f027000-7f421f030000 r-xp 00002000 fe:00 4982149                    /usr/lib/jvm/java-8-openjdk/jre/lib/amd64/jli/libjli.so
7f421f030000-7f421f033000 r--p 0000b000 fe:00 4982149                    /usr/lib/jvm/java-8-openjdk/jre/lib/amd64/jli/libjli.so
7f421f033000-7f421f034000 r--p 0000d000 fe:00 4982149                    /usr/lib/jvm/java-8-openjdk/jre/lib/amd64/jli/libjli.so
7f421f034000-7f421f035000 rw-p 0000e000 fe:00 4982149                    /usr/lib/jvm/java-8-openjdk/jre/lib/amd64/jli/libjli.so
7f421f035000-7f421f037000 rw-p 00000000 00:00 0 
7f421f037000-7f421f039000 r--p 00000000 fe:00 4071843                    /usr/lib/ld-2.28.so
7f421f039000-7f421f058000 r-xp 00002000 fe:00 4071843                    /usr/lib/ld-2.28.so
7f421f058000-7f421f060000 r--p 00021000 fe:00 4071843                    /usr/lib/ld-2.28.so
7f421f060000-7f421f061000 r--p 00028000 fe:00 4071843                    /usr/lib/ld-2.28.so
7f421f061000-7f421f062000 rw-p 00029000 fe:00 4071843                    /usr/lib/ld-2.28.so
7f421f062000-7f421f063000 rw-p 00000000 00:00 0 
7ffce0cec000-7ffce0d0d000 rw-p 00000000 00:00 0                          [stack]
7ffce0d3d000-7ffce0d40000 r--p 00000000 00:00 0                          [vvar]
7ffce0d40000-7ffce0d42000 r-xp 00000000 00:00 0                          [vdso]
ffffffffff600000-ffffffffff601000 r-xp 00000000 00:00 0                  [vsyscall]

VM Arguments:
jvm_args: -Xmx256M -Xms32M -Xbootclasspath/a:/usr/share/scala/lib/jline.jar:/usr/share/scala/lib/scala-compiler-doc.jar:/usr/share/scala/lib/scala-compiler.jar:/usr/share/scala/lib/scala-library.jar:/usr/share/scala/lib/scalap.jar:/usr/share/scala/lib/scala-reflect.jar:/usr/share/scala/lib/scala-repl-jline-embedded.jar:/usr/share/scala/lib/scala-repl-jline.jar:/usr/share/scala/lib/scala-swing_2.12-2.0.3.jar:/usr/share/scala/lib/scala-xml_2.12-1.0.6.jar -Dscala.boot.class.path=/usr/share/scala/lib/jline.jar:/usr/share/scala/lib/scala-compiler-doc.jar:/usr/share/scala/lib/scala-compiler.jar:/usr/share/scala/lib/scala-library.jar:/usr/share/scala/lib/scalap.jar:/usr/share/scala/lib/scala-reflect.jar:/usr/share/scala/lib/scala-repl-jline-embedded.jar:/usr/share/scala/lib/scala-repl-jline.jar:/usr/share/scala/lib/scala-swing_2.12-2.0.3.jar:/usr/share/scala/lib/scala-xml_2.12-1.0.6.jar -Dscala.home=/usr/share/scala -Dscala.usejavacp=true 
java_command: scala.tools.nsc.MainGenericRunner Main
java_class_path (initial): ""
Launcher Type: SUN_STANDARD

Environment Variables:
PATH=/opt/java/jdk-11.0.2/bin:/usr/local/sbin:/usr/local/bin:/usr/bin:/opt/android-sdk/platform-tools:/opt/android-sdk/tools:/opt/android-sdk/tools/bin:/var/lib/flatpak/exports/bin:/usr/lib/jvm/default/bin:/usr/bin/site_perl:/usr/bin/vendor_perl:/usr/bin/core_perl
SHELL=/usr/bin/fish
DISPLAY=:0

Signal Handlers:
SIGSEGV: [libjvm.so+0xa32bd0], sa_mask[0]=11111111011111111101111111111110, sa_flags=SA_RESTART|SA_SIGINFO
SIGBUS: [libjvm.so+0xa32bd0], sa_mask[0]=11111111011111111101111111111110, sa_flags=SA_RESTART|SA_SIGINFO
SIGFPE: [libjvm.so+0x88ebd0], sa_mask[0]=11111111011111111101111111111110, sa_flags=SA_RESTART|SA_SIGINFO
SIGPIPE: [libjvm.so+0x88ebd0], sa_mask[0]=11111111011111111101111111111110, sa_flags=SA_RESTART|SA_SIGINFO
SIGXFSZ: [libjvm.so+0x88ebd0], sa_mask[0]=11111111011111111101111111111110, sa_flags=SA_RESTART|SA_SIGINFO
SIGILL: [libjvm.so+0x88ebd0], sa_mask[0]=11111111011111111101111111111110, sa_flags=SA_RESTART|SA_SIGINFO
SIGUSR1: SIG_DFL, sa_mask[0]=00000000000000000000000000000000, sa_flags=none
SIGUSR2: [libjvm.so+0x88ea60], sa_mask[0]=00100000000000000000000000000000, sa_flags=SA_RESTART|SA_SIGINFO
SIGHUP: [libjvm.so+0x88ee70], sa_mask[0]=11111111011111111101111111111110, sa_flags=SA_RESTART|SA_SIGINFO
SIGINT: [libjvm.so+0x88ee70], sa_mask[0]=11111111011111111101111111111110, sa_flags=SA_RESTART|SA_SIGINFO
SIGTERM: [libjvm.so+0x88ee70], sa_mask[0]=11111111011111111101111111111110, sa_flags=SA_RESTART|SA_SIGINFO
SIGQUIT: [libjvm.so+0x88ee70], sa_mask[0]=11111111011111111101111111111110, sa_flags=SA_RESTART|SA_SIGINFO


---------------  S Y S T E M  ---------------

OS:DISTRIB_ID=ManjaroLinux
DISTRIB_RELEASE=18.0.4
DISTRIB_CODENAME=Illyria
DISTRIB_DESCRIPTION="Manjaro Linux"

uname:Linux 4.14.109-1-MANJARO #1 SMP PREEMPT Wed Mar 27 18:51:38 UTC 2019 x86_64
libc:glibc 2.28 NPTL 2.28 
rlimit: STACK 8192k, CORE infinity, NPROC 30719, NOFILE 1048576, AS infinity
load average:1.76 1.52 1.31

/proc/meminfo:
MemTotal:        8109564 kB
MemFree:          283792 kB
MemAvailable:    1422944 kB
Buffers:           89356 kB
Cached:          1557656 kB
SwapCached:        27212 kB
Active:          5896776 kB
Inactive:        1329568 kB
Active(anon):    5111024 kB
Inactive(anon):   801236 kB
Active(file):     785752 kB
Inactive(file):   528332 kB
Unevictable:          48 kB
Mlocked:              48 kB
SwapTotal:       8290300 kB
SwapFree:        7642364 kB
Dirty:             26348 kB
Writeback:             0 kB
AnonPages:       5567948 kB
Mapped:          1113160 kB
Shmem:            332960 kB
Slab:             202068 kB
SReclaimable:      88468 kB
SUnreclaim:       113600 kB
KernelStack:       16400 kB
PageTables:        50072 kB
NFS_Unstable:          0 kB
Bounce:                0 kB
WritebackTmp:          0 kB
CommitLimit:    12345080 kB
Committed_AS:   12804404 kB
VmallocTotal:   34359738367 kB
VmallocUsed:           0 kB
VmallocChunk:          0 kB
HardwareCorrupted:     0 kB
AnonHugePages:   1257472 kB
ShmemHugePages:        0 kB
ShmemPmdMapped:        0 kB
HugePages_Total:       0
HugePages_Free:        0
HugePages_Rsvd:        0
HugePages_Surp:        0
Hugepagesize:       2048 kB
DirectMap4k:      713636 kB
DirectMap2M:     7612416 kB
DirectMap1G:     1048576 kB

container (cgroup) information:
container_type: cgroupv1
cpu_cpuset_cpus: 0-3
cpu_memory_nodes: 0
active_processor_count: 4
cpu_quota: -1
cpu_period: 100000
cpu_shares: -1
memory_limit_in_bytes: -1
memory_and_swap_limit_in_bytes: -1
memory_soft_limit_in_bytes: -1
memory_usage_in_bytes: 7024238592
memory_max_usage_in_bytes: 7247728640


CPU:total 4 (initial active 4) (2 cores per cpu, 2 threads per core) family 6 model 60 stepping 3, cmov, cx8, fxsr, mmx, sse, sse2, sse3, ssse3, sse4.1, sse4.2, popcnt, avx, avx2, aes, clmul, erms, lzcnt, ht, tsc, tscinvbit, bmi1, bmi2

/proc/cpuinfo:
processor	: 0
vendor_id	: GenuineIntel
cpu family	: 6
model		: 60
model name	: Intel(R) Core(TM) i3-4130 CPU @ 3.40GHz
stepping	: 3
microcode	: 0x25
cpu MHz		: 3392.299
cache size	: 3072 KB
physical id	: 0
siblings	: 4
core id		: 0
cpu cores	: 2
apicid		: 0
initial apicid	: 0
fpu		: yes
fpu_exception	: yes
cpuid level	: 13
wp		: yes
flags		: fpu vme de pse tsc msr pae mce cx8 apic sep mtrr pge mca cmov pat pse36 clflush dts acpi mmx fxsr sse sse2 ss ht tm pbe syscall nx pdpe1gb rdtscp lm constant_tsc arch_perfmon pebs bts rep_good nopl xtopology nonstop_tsc cpuid aperfmperf pni pclmulqdq dtes64 monitor ds_cpl vmx est tm2 ssse3 sdbg fma cx16 xtpr pdcm pcid sse4_1 sse4_2 movbe popcnt tsc_deadline_timer aes xsave avx f16c rdrand lahf_lm abm cpuid_fault epb invpcid_single pti ssbd ibrs ibpb stibp tpr_shadow vnmi flexpriority ept vpid fsgsbase tsc_adjust bmi1 avx2 smep bmi2 erms invpcid xsaveopt dtherm arat pln pts flush_l1d
bugs		: cpu_meltdown spectre_v1 spectre_v2 spec_store_bypass l1tf
bogomips	: 6787.28
clflush size	: 64
cache_alignment	: 64
address sizes	: 39 bits physical, 48 bits virtual
power management:

processor	: 1
vendor_id	: GenuineIntel
cpu family	: 6
model		: 60
model name	: Intel(R) Core(TM) i3-4130 CPU @ 3.40GHz
stepping	: 3
microcode	: 0x25
cpu MHz		: 3392.300
cache size	: 3072 KB
physical id	: 0
siblings	: 4
core id		: 1
cpu cores	: 2
apicid		: 2
initial apicid	: 2
fpu		: yes
fpu_exception	: yes
cpuid level	: 13
wp		: yes
flags		: fpu vme de pse tsc msr pae mce cx8 apic sep mtrr pge mca cmov pat pse36 clflush dts acpi mmx fxsr sse sse2 ss ht tm pbe syscall nx pdpe1gb rdtscp lm constant_tsc arch_perfmon pebs bts rep_good nopl xtopology nonstop_tsc cpuid aperfmperf pni pclmulqdq dtes64 monitor ds_cpl vmx est tm2 ssse3 sdbg fma cx16 xtpr pdcm pcid sse4_1 sse4_2 movbe popcnt tsc_deadline_timer aes xsave avx f16c rdrand lahf_lm abm cpuid_fault epb invpcid_single pti ssbd ibrs ibpb stibp tpr_shadow vnmi flexpriority ept vpid fsgsbase tsc_adjust bmi1 avx2 smep bmi2 erms invpcid xsaveopt dtherm arat pln pts flush_l1d
bugs		: cpu_meltdown spectre_v1 spectre_v2 spec_store_bypass l1tf
bogomips	: 6787.28
clflush size	: 64
cache_alignment	: 64
address sizes	: 39 bits physical, 48 bits virtual
power management:

processor	: 2
vendor_id	: GenuineIntel
cpu family	: 6
model		: 60
model name	: Intel(R) Core(TM) i3-4130 CPU @ 3.40GHz
stepping	: 3
microcode	: 0x25
cpu MHz		: 3392.300
cache size	: 3072 KB
physical id	: 0
siblings	: 4
core id		: 0
cpu cores	: 2
apicid		: 1
initial apicid	: 1
fpu		: yes
fpu_exception	: yes
cpuid level	: 13
wp		: yes
flags		: fpu vme de pse tsc msr pae mce cx8 apic sep mtrr pge mca cmov pat pse36 clflush dts acpi mmx fxsr sse sse2 ss ht tm pbe syscall nx pdpe1gb rdtscp lm constant_tsc arch_perfmon pebs bts rep_good nopl xtopology nonstop_tsc cpuid aperfmperf pni pclmulqdq dtes64 monitor ds_cpl vmx est tm2 ssse3 sdbg fma cx16 xtpr pdcm pcid sse4_1 sse4_2 movbe popcnt tsc_deadline_timer aes xsave avx f16c rdrand lahf_lm abm cpuid_fault epb invpcid_single pti ssbd ibrs ibpb stibp tpr_shadow vnmi flexpriority ept vpid fsgsbase tsc_adjust bmi1 avx2 smep bmi2 erms invpcid xsaveopt dtherm arat pln pts flush_l1d
bugs		: cpu_meltdown spectre_v1 spectre_v2 spec_store_bypass l1tf
bogomips	: 6787.28
clflush size	: 64
cache_alignment	: 64
address sizes	: 39 bits physical, 48 bits virtual
power management:

processor	: 3
vendor_id	: GenuineIntel
cpu family	: 6
model		: 60
model name	: Intel(R) Core(TM) i3-4130 CPU @ 3.40GHz
stepping	: 3
microcode	: 0x25
cpu MHz		: 3392.347
cache size	: 3072 KB
physical id	: 0
siblings	: 4
core id		: 1
cpu cores	: 2
apicid		: 3
initial apicid	: 3
fpu		: yes
fpu_exception	: yes
cpuid level	: 13
wp		: yes
flags		: fpu vme de pse tsc msr pae mce cx8 apic sep mtrr pge mca cmov pat pse36 clflush dts acpi mmx fxsr sse sse2 ss ht tm pbe syscall nx pdpe1gb rdtscp lm constant_tsc arch_perfmon pebs bts rep_good nopl xtopology nonstop_tsc cpuid aperfmperf pni pclmulqdq dtes64 monitor ds_cpl vmx est tm2 ssse3 sdbg fma cx16 xtpr pdcm pcid sse4_1 sse4_2 movbe popcnt tsc_deadline_timer aes xsave avx f16c rdrand lahf_lm abm cpuid_fault epb invpcid_single pti ssbd ibrs ibpb stibp tpr_shadow vnmi flexpriority ept vpid fsgsbase tsc_adjust bmi1 avx2 smep bmi2 erms invpcid xsaveopt dtherm arat pln pts flush_l1d
bugs		: cpu_meltdown spectre_v1 spectre_v2 spec_store_bypass l1tf
bogomips	: 6787.28
clflush size	: 64
cache_alignment	: 64
address sizes	: 39 bits physical, 48 bits virtual
power management:



Memory: 4k page, physical 8109564k(283620k free), swap 8290300k(7642364k free)

vm_info: OpenJDK 64-Bit Server VM (25.212-b01) for linux-amd64 JRE (1.8.0_212-b01), built on Mar 21 2019 23:20:35 by "builduser" with gcc 8.2.1 20181127

time: Sun Apr  7 15:32:44 2019
timezone: BST
elapsed time: 0 seconds (0d 0h 0m 0s)

