#
# A fatal error has been detected by the Java Runtime Environment:
#
#  SIGSEGV (0xb) at pc=0x0000000000000000, pid=29227, tid=0x00007f0139681700
#
# JRE version: OpenJDK Runtime Environment (8.0_212-b01) (build 1.8.0_212-b01)
# Java VM: OpenJDK 64-Bit Server VM (25.212-b01 mixed mode linux-amd64 compressed oops)
# Problematic frame:
# C  0x0000000000000000
#
# Core dump written. Default location: /home/joseph/Documents/Programming/Graphics/OpenGLProject/out/production/OpenGLProject/core or core.29227
#
# If you would like to submit a bug report, please visit:
#   http://bugreport.java.com/bugreport/crash.jsp
# The crash happened outside the Java Virtual Machine in native code.
# See problematic frame for where to report the bug.
#

---------------  T H R E A D  ---------------

Current thread (0x00007f013400b800):  JavaThread "main" [_thread_in_native, id=29228, stack(0x00007f0139582000,0x00007f0139682000)]

siginfo: si_signo: 11 (SIGSEGV), si_code: 1 (SEGV_MAPERR), si_addr: 0x0000000000000000

Registers:
RAX=0x0000000000000000, RBX=0x0000000000000001, RCX=0x00007f013967f470, RDX=0x00007f013400b800
RSP=0x00007f013967f398, RBP=0x00007f013967f420, RSI=0x00007f013400b800, RDI=0x0000000000000001
R8 =0x00007f01354f38ef, R9 =0x00007f01354f38f0, R10=0x0000000000000000, R11=0x00007f011e80ddac
R12=0x0000000000000000, R13=0x00007f011e9a5438, R14=0x00007f013967f540, R15=0x00007f013400b800
RIP=0x0000000000000000, EFLAGS=0x0000000000010246, CSGSFS=0x002b000000000033, ERR=0x0000000000000014
  TRAPNO=0x000000000000000e

Top of Stack: (sp=0x00007f013967f398)
0x00007f013967f398:   00007f011e80dde9 0000000000000000
0x00007f013967f3a8:   0000000100000000 00007f013967f470
0x00007f013967f3b8:   00007f013400b800 0000000000000000
0x00007f013967f3c8:   0000000000000000 0000000000000000
0x00007f013967f3d8:   0000000000000000 0000000000000000
0x00007f013967f3e8:   0000000000000000 0000000000000000
0x00007f013967f3f8:   0000000000000000 00007f01354f38e0
0x00007f013967f408:   edf38d1e1790c100 0000000000000001
0x00007f013967f418:   0000000000000001 00007f013967f4b0
0x00007f013967f428:   00007f011e80f5a7 00007f011e9a5438
0x00007f013967f438:   00007f013967f540 00007f013967f528
0x00007f013967f448:   00007f013400b9e0 00007f011e9a5438
0x00007f013967f458:   00007f013400b800 00007f01354f38e0
0x00007f013967f468:   00007f013400b800 00007f013967f480
0x00007f013967f478:   000000000000000f 66656d6f73657761
0x00007f013967f488:   00676e702e656361 00007f011e9a5438
0x00007f013967f498:   edf38d1e1790c100 00007f013967f518
0x00007f013967f4a8:   00007f011e9a5438 00007f013967f518
0x00007f013967f4b8:   00007f0125018407 00007f013967f518
0x00007f013967f4c8:   00007f0125018167 00007f0125018122
0x00007f013967f4d8:   00007f013967f4d8 00007f011e9a5438
0x00007f013967f4e8:   00007f013967f540 00007f011e9a5688
0x00007f013967f4f8:   0000000000000000 00007f011e9a5438
0x00007f013967f508:   0000000000000000 00007f013967f538
0x00007f013967f518:   00007f013967f590 00007f0125007a40
0x00007f013967f528:   00000000fab19770 00007f0125011a56
0x00007f013967f538:   0000000000000001 00000000fab16780
0x00007f013967f548:   00000000fab0c378 00007f013967f550
0x00007f013967f558:   00007f011e9a1e42 00007f013967f5a8
0x00007f013967f568:   00007f011e9a2428 0000000000000000
0x00007f013967f578:   00007f011e9a1ed0 00007f013967f538
0x00007f013967f588:   00007f013967f5a8 00007f013967f5f0 

Instructions: (pc=0x0000000000000000)
0xffffffffffffffe0:   

Register to memory mapping:

RAX=0x0000000000000000 is an unknown value
RBX=0x0000000000000001 is an unknown value
RCX=0x00007f013967f470 is pointing into the stack for thread: 0x00007f013400b800
RDX=0x00007f013400b800 is a thread
RSP=0x00007f013967f398 is pointing into the stack for thread: 0x00007f013400b800
RBP=0x00007f013967f420 is pointing into the stack for thread: 0x00007f013400b800
RSI=0x00007f013400b800 is a thread
RDI=0x0000000000000001 is an unknown value
R8 =0x00007f01354f38ef is an unknown value
R9 =0x00007f01354f38f0 is an unknown value
R10=0x0000000000000000 is an unknown value
R11=0x00007f011e80ddac: _ZN4core15generateTextureEPjNSt7__cxx1112basic_stringIcSt11char_traitsIcESaIcEEEb+0 in /home/joseph/Documents/Programming/Graphics/OpenGLProject/cmake-build-debug/libOpenGLProject.so at 0x00007f011e7d2000
R12=0x0000000000000000 is an unknown value
R13={method} {0x00007f011e9a5438} 'generateTexture' '(Ljava/lang/String;Z)I' in 'jni/GLWrapper'
R14=0x00007f013967f540 is pointing into the stack for thread: 0x00007f013400b800
R15=0x00007f013400b800 is a thread


Stack: [0x00007f0139582000,0x00007f0139682000],  sp=0x00007f013967f398,  free space=1012k
Java frames: (J=compiled Java code, j=interpreted, Vv=VM code)
j  jni.GLWrapper.generateTexture(Ljava/lang/String;Z)I+0
j  Main$.delayedEndpoint$Main$1()V+50
j  Main$delayedInit$body.apply()Ljava/lang/Object;+4
j  scala.Function0.apply$mcV$sp()V+1
j  scala.Function0.apply$mcV$sp$(Lscala/Function0;)V+1
j  scala.runtime.AbstractFunction0.apply$mcV$sp()V+1
j  scala.App.$anonfun$main$1(Lscala/Function0;)V+1
j  scala.App.$anonfun$main$1$adapted(Lscala/Function0;)Ljava/lang/Object;+1
j  scala.App$$Lambda$128.apply(Ljava/lang/Object;)Ljava/lang/Object;+4
j  scala.collection.immutable.List.foreach(Lscala/Function1;)V+14
j  scala.collection.generic.TraversableForwarder.foreach(Lscala/Function1;)V+7
j  scala.collection.generic.TraversableForwarder.foreach$(Lscala/collection/generic/TraversableForwarder;Lscala/Function1;)V+2
j  scala.collection.mutable.ListBuffer.foreach(Lscala/Function1;)V+2
j  scala.App.main([Ljava/lang/String;)V+18
j  scala.App.main$(Lscala/App;[Ljava/lang/String;)V+2
j  Main$.main([Ljava/lang/String;)V+2
j  Main.main([Ljava/lang/String;)V+4
v  ~StubRoutines::call_stub
j  sun.reflect.NativeMethodAccessorImpl.invoke0(Ljava/lang/reflect/Method;Ljava/lang/Object;[Ljava/lang/Object;)Ljava/lang/Object;+0
j  sun.reflect.NativeMethodAccessorImpl.invoke(Ljava/lang/Object;[Ljava/lang/Object;)Ljava/lang/Object;+100
j  sun.reflect.DelegatingMethodAccessorImpl.invoke(Ljava/lang/Object;[Ljava/lang/Object;)Ljava/lang/Object;+6
j  java.lang.reflect.Method.invoke(Ljava/lang/Object;[Ljava/lang/Object;)Ljava/lang/Object;+56
j  scala.reflect.internal.util.ScalaClassLoader.$anonfun$run$2(Lscala/collection/Seq;Ljava/lang/reflect/Method;)Ljava/lang/Object;+27
j  scala.reflect.internal.util.ScalaClassLoader$$Lambda$127.apply()Ljava/lang/Object;+8
j  scala.reflect.internal.util.ScalaClassLoader.asContext(Lscala/Function0;)Ljava/lang/Object;+18
j  scala.reflect.internal.util.ScalaClassLoader.asContext$(Lscala/reflect/internal/util/ScalaClassLoader;Lscala/Function0;)Ljava/lang/Object;+2
j  scala.reflect.internal.util.ScalaClassLoader$URLClassLoader.asContext(Lscala/Function0;)Ljava/lang/Object;+2
j  scala.reflect.internal.util.ScalaClassLoader.run(Ljava/lang/String;Lscala/collection/Seq;)V+90
j  scala.reflect.internal.util.ScalaClassLoader.run$(Lscala/reflect/internal/util/ScalaClassLoader;Ljava/lang/String;Lscala/collection/Seq;)V+3
j  scala.reflect.internal.util.ScalaClassLoader$URLClassLoader.run(Ljava/lang/String;Lscala/collection/Seq;)V+3
j  scala.tools.nsc.CommonRunner.run(Lscala/collection/Seq;Ljava/lang/String;Lscala/collection/Seq;)V+15
j  scala.tools.nsc.CommonRunner.run$(Lscala/tools/nsc/CommonRunner;Lscala/collection/Seq;Ljava/lang/String;Lscala/collection/Seq;)V+4
j  scala.tools.nsc.ObjectRunner$.run(Lscala/collection/Seq;Ljava/lang/String;Lscala/collection/Seq;)V+4
j  scala.tools.nsc.CommonRunner.runAndCatch(Lscala/collection/Seq;Ljava/lang/String;Lscala/collection/Seq;)Lscala/util/Either;+4
j  scala.tools.nsc.CommonRunner.runAndCatch$(Lscala/tools/nsc/CommonRunner;Lscala/collection/Seq;Ljava/lang/String;Lscala/collection/Seq;)Lscala/util/Either;+4
j  scala.tools.nsc.ObjectRunner$.runAndCatch(Lscala/collection/Seq;Ljava/lang/String;Lscala/collection/Seq;)Lscala/util/Either;+4
j  scala.tools.nsc.MainGenericRunner.runTarget$1(Lscala/tools/nsc/GenericRunnerCommand;)Lscala/util/Either;+39
j  scala.tools.nsc.MainGenericRunner.run$1(Lscala/tools/nsc/GenericRunnerCommand;)Z+1
j  scala.tools.nsc.MainGenericRunner.process([Ljava/lang/String;)Z+128
j  scala.tools.nsc.MainGenericRunner$.main([Ljava/lang/String;)V+2
j  scala.tools.nsc.MainGenericRunner.main([Ljava/lang/String;)V+4
v  ~StubRoutines::call_stub

---------------  P R O C E S S  ---------------

Java Threads: ( => current thread )
  0x00007f01340d4000 JavaThread "Service Thread" daemon [_thread_blocked, id=29240, stack(0x00007f011ee0b000,0x00007f011ef0c000)]
  0x00007f01340be800 JavaThread "C1 CompilerThread2" daemon [_thread_blocked, id=29239, stack(0x00007f011ef0d000,0x00007f011f00d000)]
  0x00007f01340bd000 JavaThread "C2 CompilerThread1" daemon [_thread_blocked, id=29238, stack(0x00007f011f00e000,0x00007f011f10e000)]
  0x00007f01340ba000 JavaThread "C2 CompilerThread0" daemon [_thread_blocked, id=29237, stack(0x00007f011f10f000,0x00007f011f20f000)]
  0x00007f01340b8800 JavaThread "Signal Dispatcher" daemon [_thread_blocked, id=29236, stack(0x00007f011f20f000,0x00007f011f310000)]
  0x00007f0134085800 JavaThread "Finalizer" daemon [_thread_blocked, id=29235, stack(0x00007f011f5f6000,0x00007f011f6f7000)]
  0x00007f0134083000 JavaThread "Reference Handler" daemon [_thread_blocked, id=29234, stack(0x00007f011f6f7000,0x00007f011f7f8000)]
=>0x00007f013400b800 JavaThread "main" [_thread_in_native, id=29228, stack(0x00007f0139582000,0x00007f0139682000)]

Other Threads:
  0x00007f0134079000 VMThread [stack: 0x00007f011f7f9000,0x00007f011f8f9000] [id=29233]
  0x00007f01340ff000 WatcherThread [stack: 0x00007f011eca7000,0x00007f011eda7000] [id=29241]

VM state:not at safepoint (normal execution)

VM Mutex/Monitor currently owned by a thread: None

heap address: 0x00000000f0000000, size: 256 MB, Compressed Oops mode: 32-bit
Narrow klass base: 0x0000000000000000, Narrow klass shift: 3
Compressed class space size: 1073741824 Address: 0x0000000100000000

Heap:
 PSYoungGen      total 18432K, used 1480K [0x00000000fab00000, 0x00000000fbe00000, 0x0000000100000000)
  eden space 17408K, 2% used [0x00000000fab00000,0x00000000fab72d08,0x00000000fbc00000)
  from space 1024K, 99% used [0x00000000fbd00000,0x00000000fbdff450,0x00000000fbe00000)
  to   space 1024K, 0% used [0x00000000fbc00000,0x00000000fbc00000,0x00000000fbd00000)
 ParOldGen       total 22016K, used 593K [0x00000000f0000000, 0x00000000f1580000, 0x00000000fab00000)
  object space 22016K, 2% used [0x00000000f0000000,0x00000000f00946e8,0x00000000f1580000)
 Metaspace       used 12736K, capacity 13350K, committed 13440K, reserved 1060864K
  class space    used 1578K, capacity 1660K, committed 1664K, reserved 1048576K

Card table byte_map: [0x00007f01390d0000,0x00007f0139151000] byte_map_base: 0x00007f0138950000

Marking Bits: (ParMarkBitMap*) 0x00007f013a4dcc80
 Begin Bits: [0x00007f0138476000, 0x00007f0138876000)
 End Bits:   [0x00007f0138876000, 0x00007f0138c76000)

Polling page: 0x00007f013a90b000

CodeCache: size=245760Kb used=2495Kb max_used=2495Kb free=243264Kb
 bounds [0x00007f0125000000, 0x00007f0125280000, 0x00007f0134000000]
 total_blobs=1009 nmethods=697 adapters=227
 compilation: enabled

Compilation events (10 events):
Event: 1.153 Thread 0x00007f01340be800  693       3       java.lang.invoke.ConstantCallSite::getTarget (20 bytes)
Event: 1.153 Thread 0x00007f01340be800 nmethod 693 0x00007f012526d590 code [0x00007f012526d700, 0x00007f012526d908]
Event: 1.154 Thread 0x00007f01340be800  694       3       java.util.ArrayList::get (11 bytes)
Event: 1.154 Thread 0x00007f01340be800 nmethod 694 0x00007f012526d9d0 code [0x00007f012526db60, 0x00007f012526de98]
Event: 1.154 Thread 0x00007f01340be800  695  s    3       sun.misc.URLClassPath::getNextLoader (88 bytes)
Event: 1.154 Thread 0x00007f01340be800 nmethod 695 0x00007f012526e2d0 code [0x00007f012526e4c0, 0x00007f012526ed28]
Event: 1.154 Thread 0x00007f01340be800  696   !   3       sun.misc.URLClassPath$JarLoader::getResource (85 bytes)
Event: 1.155 Thread 0x00007f01340be800 nmethod 696 0x00007f012526f190 code [0x00007f012526f3c0, 0x00007f012526fe78]
Event: 1.155 Thread 0x00007f01340be800  697       1       java.nio.Buffer::position (5 bytes)
Event: 1.155 Thread 0x00007f01340be800 nmethod 697 0x00007f01252703d0 code [0x00007f0125270520, 0x00007f0125270630]

GC Heap History (4 events):
Event: 1.054 GC heap before
{Heap before GC invocations=1 (full 0):
 PSYoungGen      total 9728K, used 8704K [0x00000000fab00000, 0x00000000fb580000, 0x0000000100000000)
  eden space 8704K, 100% used [0x00000000fab00000,0x00000000fb380000,0x00000000fb380000)
  from space 1024K, 0% used [0x00000000fb480000,0x00000000fb480000,0x00000000fb580000)
  to   space 1024K, 0% used [0x00000000fb380000,0x00000000fb380000,0x00000000fb480000)
 ParOldGen       total 22016K, used 0K [0x00000000f0000000, 0x00000000f1580000, 0x00000000fab00000)
  object space 22016K, 0% used [0x00000000f0000000,0x00000000f0000000,0x00000000f1580000)
 Metaspace       used 12066K, capacity 12498K, committed 12672K, reserved 1060864K
  class space    used 1489K, capacity 1548K, committed 1664K, reserved 1048576K
Event: 1.065 GC heap after
Heap after GC invocations=1 (full 0):
 PSYoungGen      total 9728K, used 1001K [0x00000000fab00000, 0x00000000fbe00000, 0x0000000100000000)
  eden space 8704K, 0% used [0x00000000fab00000,0x00000000fab00000,0x00000000fb380000)
  from space 1024K, 97% used [0x00000000fb380000,0x00000000fb47a570,0x00000000fb480000)
  to   space 1024K, 0% used [0x00000000fbd00000,0x00000000fbd00000,0x00000000fbe00000)
 ParOldGen       total 22016K, used 238K [0x00000000f0000000, 0x00000000f1580000, 0x00000000fab00000)
  object space 22016K, 1% used [0x00000000f0000000,0x00000000f003b928,0x00000000f1580000)
 Metaspace       used 12066K, capacity 12498K, committed 12672K, reserved 1060864K
  class space    used 1489K, capacity 1548K, committed 1664K, reserved 1048576K
}
Event: 1.147 GC heap before
{Heap before GC invocations=2 (full 0):
 PSYoungGen      total 9728K, used 9705K [0x00000000fab00000, 0x00000000fbe00000, 0x0000000100000000)
  eden space 8704K, 100% used [0x00000000fab00000,0x00000000fb380000,0x00000000fb380000)
  from space 1024K, 97% used [0x00000000fb380000,0x00000000fb47a570,0x00000000fb480000)
  to   space 1024K, 0% used [0x00000000fbd00000,0x00000000fbd00000,0x00000000fbe00000)
 ParOldGen       total 22016K, used 238K [0x00000000f0000000, 0x00000000f1580000, 0x00000000fab00000)
  object space 22016K, 1% used [0x00000000f0000000,0x00000000f003b928,0x00000000f1580000)
 Metaspace       used 12672K, capacity 13258K, committed 13440K, reserved 1060864K
  class space    used 1569K, capacity 1654K, committed 1664K, reserved 1048576K
Event: 1.149 GC heap after
Heap after GC invocations=2 (full 0):
 PSYoungGen      total 18432K, used 1021K [0x00000000fab00000, 0x00000000fbe00000, 0x0000000100000000)
  eden space 17408K, 0% used [0x00000000fab00000,0x00000000fab00000,0x00000000fbc00000)
  from space 1024K, 99% used [0x00000000fbd00000,0x00000000fbdff450,0x00000000fbe00000)
  to   space 1024K, 0% used [0x00000000fbc00000,0x00000000fbc00000,0x00000000fbd00000)
 ParOldGen       total 22016K, used 593K [0x00000000f0000000, 0x00000000f1580000, 0x00000000fab00000)
  object space 22016K, 2% used [0x00000000f0000000,0x00000000f00946e8,0x00000000f1580000)
 Metaspace       used 12672K, capacity 13258K, committed 13440K, reserved 1060864K
  class space    used 1569K, capacity 1654K, committed 1664K, reserved 1048576K
}

Deoptimization events (2 events):
Event: 0.521 Thread 0x00007f013400b800 Uncommon trap: reason=unstable_if action=reinterpret pc=0x00007f01251264bc method=java.lang.String.indexOf(II)I @ 17
Event: 0.540 Thread 0x00007f013400b800 Uncommon trap: reason=null_check action=make_not_entrant pc=0x00007f01251588a0 method=java.lang.String.equals(Ljava/lang/Object;)Z @ 8

Classes redefined (0 events):
No events

Internal exceptions (10 events):
Event: 1.103 Thread 0x00007f013400b800 Exception <a 'java/lang/NoSuchMethodError': java.lang.Object.$anonfun$envOrElse$1(Ljava/lang/String;)Ljava/lang/String;> (0x00000000fab85830) thrown at [/build/java8-openjdk/src/jdk8u-jdk8u212-b01/hotspot/src/share/vm/interpreter/linkResolver.cpp, line 62
Event: 1.104 Thread 0x00007f013400b800 Exception <a 'java/lang/NoSuchMethodError': java.lang.Object.$anonfun$envOrElse$2(Ljava/lang/String;)Ljava/lang/String;> (0x00000000fab89b68) thrown at [/build/java8-openjdk/src/jdk8u-jdk8u212-b01/hotspot/src/share/vm/interpreter/linkResolver.cpp, line 62
Event: 1.105 Thread 0x00007f013400b800 Exception <a 'java/lang/NoSuchMethodError': java.lang.Object.$anonfun$flatten$1(Lscala/Function1;Lscala/collection/mutable/Builder;Ljava/lang/Object;)Lscala/collection/mutable/Builder;> (0x00000000fab929e0) thrown at [/build/java8-openjdk/src/jdk8u-jdk8u2
Event: 1.107 Thread 0x00007f013400b800 Exception <a 'java/lang/NoSuchMethodError': java.lang.Object.$anonfun$flatMap$1(Lscala/Function1;Lscala/collection/mutable/Builder;Ljava/lang/Object;)Lscala/collection/mutable/Builder;> (0x00000000fab9de18) thrown at [/build/java8-openjdk/src/jdk8u-jdk8u2
Event: 1.115 Thread 0x00007f013400b800 Exception <a 'java/lang/NoSuchMethodError': java.lang.Object.$anonfun$tryClass$1(Lscala/reflect/internal/util/ScalaClassLoader;Ljava/lang/String;Z)Ljava/lang/Class;> (0x00000000fabc17b8) thrown at [/build/java8-openjdk/src/jdk8u-jdk8u212-b01/hotspot/src/s
Event: 1.126 Thread 0x00007f013400b800 Exception <a 'java/lang/NoSuchMethodError': java.lang.Object.$anonfun$isInfo$1$adapted(Lscala/tools/nsc/settings/MutableSettings$Setting;)Ljava/lang/Object;> (0x00000000fafa6ff0) thrown at [/build/java8-openjdk/src/jdk8u-jdk8u212-b01/hotspot/src/share/vm/
Event: 1.127 Thread 0x00007f013400b800 Exception <a 'java/lang/NoSuchMethodError': java.lang.Object.$anonfun$isInfo$2$adapted(Lscala/tools/nsc/settings/MutableSettings$Setting;)Ljava/lang/Object;> (0x00000000fafab098) thrown at [/build/java8-openjdk/src/jdk8u-jdk8u212-b01/hotspot/src/share/vm/
Event: 1.144 Thread 0x00007f013400b800 Exception <a 'java/lang/NoSuchMethodError': java.lang.Object.$anonfun$run$1(Ljava/lang/String;)Lscala/runtime/Nothing$;> (0x00000000fb379000) thrown at [/build/java8-openjdk/src/jdk8u-jdk8u212-b01/hotspot/src/share/vm/interpreter/linkResolver.cpp, line 62
Event: 1.150 Thread 0x00007f013400b800 Exception <a 'java/lang/NoSuchMethodError': java.lang.Object.$anonfun$run$2(Lscala/collection/Seq;Ljava/lang/reflect/Method;)Ljava/lang/Object;> (0x00000000fab033a0) thrown at [/build/java8-openjdk/src/jdk8u-jdk8u212-b01/hotspot/src/share/vm/interpreter/l
Event: 1.153 Thread 0x00007f013400b800 Exception <a 'java/lang/NoSuchMethodError': java.lang.Object.$anonfun$main$1$adapted(Lscala/Function0;)Ljava/lang/Object;> (0x00000000fab0fb10) thrown at [/build/java8-openjdk/src/jdk8u-jdk8u212-b01/hotspot/src/share/vm/interpreter/linkResolver.cpp, line 

Events (10 events):
Event: 1.152 loading class scala/compat/Platform$
Event: 1.152 loading class scala/compat/Platform$ done
Event: 1.152 loading class Main$delayedInit$body
Event: 1.152 loading class Main$delayedInit$body done
Event: 1.153 loading class scala/runtime/AbstractFunction0
Event: 1.153 loading class scala/runtime/AbstractFunction0 done
Event: 1.153 loading class jni/Vector3
Event: 1.153 loading class jni/Vector3 done
Event: 1.154 loading class jni/GLWrapper
Event: 1.154 loading class jni/GLWrapper done


Dynamic libraries:
f0000000-f1580000 rw-p 00000000 00:00 0 
f1580000-fab00000 ---p 00000000 00:00 0 
fab00000-fbe00000 rw-p 00000000 00:00 0 
fbe00000-100000000 ---p 00000000 00:00 0 
100000000-1001a0000 rw-p 00000000 00:00 0 
1001a0000-140000000 ---p 00000000 00:00 0 
564e0d149000-564e0d14a000 r--p 00000000 fe:00 4982129                    /usr/lib/jvm/java-8-openjdk/jre/bin/java
564e0d14a000-564e0d14b000 r-xp 00001000 fe:00 4982129                    /usr/lib/jvm/java-8-openjdk/jre/bin/java
564e0d14b000-564e0d14c000 r--p 00002000 fe:00 4982129                    /usr/lib/jvm/java-8-openjdk/jre/bin/java
564e0d14c000-564e0d14d000 r--p 00002000 fe:00 4982129                    /usr/lib/jvm/java-8-openjdk/jre/bin/java
564e0d14d000-564e0d14e000 rw-p 00003000 fe:00 4982129                    /usr/lib/jvm/java-8-openjdk/jre/bin/java
564e0e5f2000-564e0e613000 rw-p 00000000 00:00 0                          [heap]
7f00e8000000-7f00e8021000 rw-p 00000000 00:00 0 
7f00e8021000-7f00ec000000 ---p 00000000 00:00 0 
7f00ec000000-7f00ec021000 rw-p 00000000 00:00 0 
7f00ec021000-7f00f0000000 ---p 00000000 00:00 0 
7f00f0000000-7f00f0059000 rw-p 00000000 00:00 0 
7f00f0059000-7f00f4000000 ---p 00000000 00:00 0 
7f00f4000000-7f00f4081000 rw-p 00000000 00:00 0 
7f00f4081000-7f00f8000000 ---p 00000000 00:00 0 
7f00f8000000-7f00f8021000 rw-p 00000000 00:00 0 
7f00f8021000-7f00fc000000 ---p 00000000 00:00 0 
7f00fc000000-7f00fc0a7000 rw-p 00000000 00:00 0 
7f00fc0a7000-7f0100000000 ---p 00000000 00:00 0 
7f0100000000-7f0100021000 rw-p 00000000 00:00 0 
7f0100021000-7f0104000000 ---p 00000000 00:00 0 
7f0104000000-7f0104021000 rw-p 00000000 00:00 0 
7f0104021000-7f0108000000 ---p 00000000 00:00 0 
7f0108000000-7f0108021000 rw-p 00000000 00:00 0 
7f0108021000-7f010c000000 ---p 00000000 00:00 0 
7f010c000000-7f010c021000 rw-p 00000000 00:00 0 
7f010c021000-7f0110000000 ---p 00000000 00:00 0 
7f0110000000-7f0110021000 rw-p 00000000 00:00 0 
7f0110021000-7f0114000000 ---p 00000000 00:00 0 
7f0114fff000-7f0118000000 rw-p 00000000 00:00 0 
7f0118000000-7f0118021000 rw-p 00000000 00:00 0 
7f0118021000-7f011c000000 ---p 00000000 00:00 0 
7f011de43000-7f011de45000 r--p 00000000 fe:00 4073249                    /usr/lib/libXdmcp.so.6.0.0
7f011de45000-7f011de47000 r-xp 00002000 fe:00 4073249                    /usr/lib/libXdmcp.so.6.0.0
7f011de47000-7f011de49000 r--p 00004000 fe:00 4073249                    /usr/lib/libXdmcp.so.6.0.0
7f011de49000-7f011de4a000 r--p 00005000 fe:00 4073249                    /usr/lib/libXdmcp.so.6.0.0
7f011de4a000-7f011de4b000 rw-p 00006000 fe:00 4073249                    /usr/lib/libXdmcp.so.6.0.0
7f011de4b000-7f011de50000 r-xp 00000000 fe:00 4069026                    /usr/lib/libXfixes.so.3.1.0
7f011de50000-7f011e04f000 ---p 00005000 fe:00 4069026                    /usr/lib/libXfixes.so.3.1.0
7f011e04f000-7f011e050000 r--p 00004000 fe:00 4069026                    /usr/lib/libXfixes.so.3.1.0
7f011e050000-7f011e051000 rw-p 00005000 fe:00 4069026                    /usr/lib/libXfixes.so.3.1.0
7f011e051000-7f011e055000 r--p 00000000 fe:00 4073250                    /usr/lib/libXext.so.6.4.0
7f011e055000-7f011e060000 r-xp 00004000 fe:00 4073250                    /usr/lib/libXext.so.6.4.0
7f011e060000-7f011e064000 r--p 0000f000 fe:00 4073250                    /usr/lib/libXext.so.6.4.0
7f011e064000-7f011e065000 r--p 00012000 fe:00 4073250                    /usr/lib/libXext.so.6.4.0
7f011e065000-7f011e066000 rw-p 00013000 fe:00 4073250                    /usr/lib/libXext.so.6.4.0
7f011e066000-7f011e072000 r--p 00000000 fe:00 4073236                    /usr/lib/libxcb.so.1.1.0
7f011e072000-7f011e085000 r-xp 0000c000 fe:00 4073236                    /usr/lib/libxcb.so.1.1.0
7f011e085000-7f011e08e000 r--p 0001f000 fe:00 4073236                    /usr/lib/libxcb.so.1.1.0
7f011e08e000-7f011e08f000 r--p 00027000 fe:00 4073236                    /usr/lib/libxcb.so.1.1.0
7f011e08f000-7f011e090000 rw-p 00028000 fe:00 4073236                    /usr/lib/libxcb.so.1.1.0
7f011e090000-7f011e093000 r--p 00000000 fe:00 4067439                    /usr/lib/libgcc_s.so.1
7f011e093000-7f011e0a4000 r-xp 00003000 fe:00 4067439                    /usr/lib/libgcc_s.so.1
7f011e0a4000-7f011e0a7000 r--p 00014000 fe:00 4067439                    /usr/lib/libgcc_s.so.1
7f011e0a7000-7f011e0a8000 ---p 00017000 fe:00 4067439                    /usr/lib/libgcc_s.so.1
7f011e0a8000-7f011e0a9000 r--p 00017000 fe:00 4067439                    /usr/lib/libgcc_s.so.1
7f011e0a9000-7f011e0aa000 rw-p 00018000 fe:00 4067439                    /usr/lib/libgcc_s.so.1
7f011e0aa000-7f011e133000 r--p 00000000 fe:00 4069301                    /usr/lib/libstdc++.so.6.0.25
7f011e133000-7f011e1eb000 r-xp 00089000 fe:00 4069301                    /usr/lib/libstdc++.so.6.0.25
7f011e1eb000-7f011e228000 r--p 00141000 fe:00 4069301                    /usr/lib/libstdc++.so.6.0.25
7f011e228000-7f011e229000 ---p 0017e000 fe:00 4069301                    /usr/lib/libstdc++.so.6.0.25
7f011e229000-7f011e235000 r--p 0017e000 fe:00 4069301                    /usr/lib/libstdc++.so.6.0.25
7f011e235000-7f011e236000 rw-p 0018a000 fe:00 4069301                    /usr/lib/libstdc++.so.6.0.25
7f011e236000-7f011e239000 rw-p 00000000 00:00 0 
7f011e239000-7f011e23d000 r-xp 00000000 fe:00 4069027                    /usr/lib/libXxf86vm.so.1.0.0
7f011e23d000-7f011e43d000 ---p 00004000 fe:00 4069027                    /usr/lib/libXxf86vm.so.1.0.0
7f011e43d000-7f011e43e000 r--p 00004000 fe:00 4069027                    /usr/lib/libXxf86vm.so.1.0.0
7f011e43e000-7f011e43f000 rw-p 00005000 fe:00 4069027                    /usr/lib/libXxf86vm.so.1.0.0
7f011e43f000-7f011e441000 r-xp 00000000 fe:00 4077494                    /usr/lib/libXinerama.so.1.0.0
7f011e441000-7f011e640000 ---p 00002000 fe:00 4077494                    /usr/lib/libXinerama.so.1.0.0
7f011e640000-7f011e641000 r--p 00001000 fe:00 4077494                    /usr/lib/libXinerama.so.1.0.0
7f011e641000-7f011e642000 rw-p 00002000 fe:00 4077494                    /usr/lib/libXinerama.so.1.0.0
7f011e642000-7f011e65e000 r--p 00000000 fe:00 4079815                    /usr/lib/libX11.so.6.3.0
7f011e65e000-7f011e6e6000 r-xp 0001c000 fe:00 4079815                    /usr/lib/libX11.so.6.3.0
7f011e6e6000-7f011e77a000 r--p 000a4000 fe:00 4079815                    /usr/lib/libX11.so.6.3.0
7f011e77a000-7f011e77d000 r--p 00137000 fe:00 4079815                    /usr/lib/libX11.so.6.3.0
7f011e77d000-7f011e781000 rw-p 0013a000 fe:00 4079815                    /usr/lib/libX11.so.6.3.0
7f011e7d2000-7f011e7f1000 r--p 00000000 fe:00 414966                     /home/joseph/Documents/Programming/Graphics/OpenGLProject/cmake-build-debug/libOpenGLProject.so
7f011e7f1000-7f011e831000 r-xp 0001f000 fe:00 414966                     /home/joseph/Documents/Programming/Graphics/OpenGLProject/cmake-build-debug/libOpenGLProject.so
7f011e831000-7f011e843000 r--p 0005f000 fe:00 414966                     /home/joseph/Documents/Programming/Graphics/OpenGLProject/cmake-build-debug/libOpenGLProject.so
7f011e843000-7f011e844000 ---p 00071000 fe:00 414966                     /home/joseph/Documents/Programming/Graphics/OpenGLProject/cmake-build-debug/libOpenGLProject.so
7f011e844000-7f011e846000 r--p 00071000 fe:00 414966                     /home/joseph/Documents/Programming/Graphics/OpenGLProject/cmake-build-debug/libOpenGLProject.so
7f011e846000-7f011e848000 rw-p 00073000 fe:00 414966                     /home/joseph/Documents/Programming/Graphics/OpenGLProject/cmake-build-debug/libOpenGLProject.so
7f011e848000-7f011e9ca000 rw-p 00000000 00:00 0 
7f011e9ca000-7f011ea4a000 ---p 00000000 00:00 0 
7f011ea4a000-7f011ec4a000 rw-p 00000000 00:00 0 
7f011ec51000-7f011ec53000 r--p 00000000 fe:00 4078939                    /usr/lib/libXrender.so.1.3.0
7f011ec53000-7f011ec5a000 r-xp 00002000 fe:00 4078939                    /usr/lib/libXrender.so.1.3.0
7f011ec5a000-7f011ec5c000 r--p 00009000 fe:00 4078939                    /usr/lib/libXrender.so.1.3.0
7f011ec5c000-7f011ec5d000 r--p 0000a000 fe:00 4078939                    /usr/lib/libXrender.so.1.3.0
7f011ec5d000-7f011ec5e000 rw-p 0000b000 fe:00 4078939                    /usr/lib/libXrender.so.1.3.0
7f011ec5e000-7f011ec61000 r--p 00000000 fe:00 4078917                    /usr/lib/libXcursor.so.1.0.2
7f011ec61000-7f011ec66000 r-xp 00003000 fe:00 4078917                    /usr/lib/libXcursor.so.1.0.2
7f011ec66000-7f011ec68000 r--p 00008000 fe:00 4078917                    /usr/lib/libXcursor.so.1.0.2
7f011ec68000-7f011ec69000 r--p 00009000 fe:00 4078917                    /usr/lib/libXcursor.so.1.0.2
7f011ec69000-7f011ec6a000 rw-p 0000a000 fe:00 4078917                    /usr/lib/libXcursor.so.1.0.2
7f011ec6a000-7f011ec6c000 r--p 00000000 fe:00 4078938                    /usr/lib/libXrandr.so.2.2.0
7f011ec6c000-7f011ec73000 r-xp 00002000 fe:00 4078938                    /usr/lib/libXrandr.so.2.2.0
7f011ec73000-7f011ec75000 r--p 00009000 fe:00 4078938                    /usr/lib/libXrandr.so.2.2.0
7f011ec75000-7f011ec76000 r--p 0000a000 fe:00 4078938                    /usr/lib/libXrandr.so.2.2.0
7f011ec76000-7f011ec77000 rw-p 0000b000 fe:00 4078938                    /usr/lib/libXrandr.so.2.2.0
7f011ec77000-7f011ec7c000 r--p 00000000 fe:00 4983049                    /usr/lib/jvm/java-8-openjdk/jre/lib/amd64/libnet.so
7f011ec7c000-7f011ec8b000 r-xp 00005000 fe:00 4983049                    /usr/lib/jvm/java-8-openjdk/jre/lib/amd64/libnet.so
7f011ec8b000-7f011ec8f000 r--p 00014000 fe:00 4983049                    /usr/lib/jvm/java-8-openjdk/jre/lib/amd64/libnet.so
7f011ec8f000-7f011ec90000 r--p 00017000 fe:00 4983049                    /usr/lib/jvm/java-8-openjdk/jre/lib/amd64/libnet.so
7f011ec90000-7f011ec91000 rw-p 00018000 fe:00 4983049                    /usr/lib/jvm/java-8-openjdk/jre/lib/amd64/libnet.so
7f011ec91000-7f011ec98000 r--p 00000000 fe:00 4983050                    /usr/lib/jvm/java-8-openjdk/jre/lib/amd64/libnio.so
7f011ec98000-7f011eca0000 r-xp 00007000 fe:00 4983050                    /usr/lib/jvm/java-8-openjdk/jre/lib/amd64/libnio.so
7f011eca0000-7f011eca3000 r--p 0000f000 fe:00 4983050                    /usr/lib/jvm/java-8-openjdk/jre/lib/amd64/libnio.so
7f011eca3000-7f011eca4000 ---p 00012000 fe:00 4983050                    /usr/lib/jvm/java-8-openjdk/jre/lib/amd64/libnio.so
7f011eca4000-7f011eca5000 r--p 00012000 fe:00 4983050                    /usr/lib/jvm/java-8-openjdk/jre/lib/amd64/libnio.so
7f011eca5000-7f011eca6000 rw-p 00013000 fe:00 4983050                    /usr/lib/jvm/java-8-openjdk/jre/lib/amd64/libnio.so
7f011eca6000-7f011eca7000 ---p 00000000 00:00 0 
7f011eca7000-7f011eda7000 rw-p 00000000 00:00 0 
7f011eda7000-7f011edb0000 r--s 000ab000 fe:00 4072582                    /usr/share/scala/lib/scala-swing_2.12-2.0.3.jar
7f011edb0000-7f011edd3000 r--s 00347000 fe:00 4071644                    /usr/share/scala/lib/scala-reflect.jar
7f011edd3000-7f011ee0b000 r--s 004bf000 fe:00 4069441                    /usr/share/scala/lib/scala-library.jar
7f011ee0b000-7f011ee0e000 ---p 00000000 00:00 0 
7f011ee0e000-7f011ef0c000 rw-p 00000000 00:00 0 
7f011ef0c000-7f011ef0d000 ---p 00000000 00:00 0 
7f011ef0d000-7f011ef10000 ---p 00000000 00:00 0 
7f011ef10000-7f011f00d000 rw-p 00000000 00:00 0 
7f011f00d000-7f011f00e000 ---p 00000000 00:00 0 
7f011f00e000-7f011f011000 ---p 00000000 00:00 0 
7f011f011000-7f011f10e000 rw-p 00000000 00:00 0 
7f011f10e000-7f011f10f000 ---p 00000000 00:00 0 
7f011f10f000-7f011f112000 ---p 00000000 00:00 0 
7f011f112000-7f011f20f000 rw-p 00000000 00:00 0 
7f011f20f000-7f011f212000 ---p 00000000 00:00 0 
7f011f212000-7f011f310000 rw-p 00000000 00:00 0 
7f011f310000-7f011f5f6000 r--p 00000000 fe:00 4078801                    /usr/lib/locale/locale-archive
7f011f5f6000-7f011f5f9000 ---p 00000000 00:00 0 
7f011f5f9000-7f011f6f7000 rw-p 00000000 00:00 0 
7f011f6f7000-7f011f6fa000 ---p 00000000 00:00 0 
7f011f6fa000-7f011f7f8000 rw-p 00000000 00:00 0 
7f011f7f8000-7f011f7f9000 ---p 00000000 00:00 0 
7f011f7f9000-7f0120000000 rw-p 00000000 00:00 0 
7f0120000000-7f0120021000 rw-p 00000000 00:00 0 
7f0120021000-7f0124000000 ---p 00000000 00:00 0 
7f0124000000-7f0124001000 r--p 00000000 fe:00 4073222                    /usr/lib/libXau.so.6.0.0
7f0124001000-7f0124002000 r-xp 00001000 fe:00 4073222                    /usr/lib/libXau.so.6.0.0
7f0124002000-7f0124003000 r--p 00002000 fe:00 4073222                    /usr/lib/libXau.so.6.0.0
7f0124003000-7f0124004000 r--p 00002000 fe:00 4073222                    /usr/lib/libXau.so.6.0.0
7f0124004000-7f0124005000 rw-p 00003000 fe:00 4073222                    /usr/lib/libXau.so.6.0.0
7f0124005000-7f0124054000 r--s 00967000 fe:00 4069435                    /usr/share/scala/lib/scala-compiler.jar
7f0124054000-7f0125000000 rw-p 00000000 00:00 0 
7f0125000000-7f0125280000 rwxp 00000000 00:00 0 
7f0125280000-7f0134000000 ---p 00000000 00:00 0 
7f0134000000-7f013551c000 rw-p 00000000 00:00 0 
7f013551c000-7f0138000000 ---p 00000000 00:00 0 
7f0138000000-7f0138006000 r--s 00080000 fe:00 4072599                    /usr/share/scala/lib/scala-xml_2.12-1.0.6.jar
7f0138006000-7f0138155000 rw-p 00000000 00:00 0 
7f0138155000-7f0138325000 r--s 03c3a000 fe:00 4983165                    /usr/lib/jvm/java-8-openjdk/jre/lib/rt.jar
7f0138325000-7f0138c76000 rw-p 00000000 00:00 0 
7f0138c76000-7f0138c77000 ---p 00000000 00:00 0 
7f0138c77000-7f0138d77000 rw-p 00000000 00:00 0 
7f0138d77000-7f0138d78000 ---p 00000000 00:00 0 
7f0138d78000-7f0138e78000 rw-p 00000000 00:00 0 
7f0138e78000-7f0138e79000 ---p 00000000 00:00 0 
7f0138e79000-7f0138f79000 rw-p 00000000 00:00 0 
7f0138f79000-7f0138f7a000 ---p 00000000 00:00 0 
7f0138f7a000-7f0139085000 rw-p 00000000 00:00 0 
7f0139085000-7f01390d0000 ---p 00000000 00:00 0 
7f01390d0000-7f01390db000 rw-p 00000000 00:00 0 
7f01390db000-7f0139125000 ---p 00000000 00:00 0 
7f0139125000-7f013912f000 rw-p 00000000 00:00 0 
7f013912f000-7f0139150000 ---p 00000000 00:00 0 
7f0139150000-7f013915b000 rw-p 00000000 00:00 0 
7f013915b000-7f0139511000 ---p 00000000 00:00 0 
7f0139511000-7f0139514000 r--p 00000000 fe:00 4071892                    /usr/lib/libnss_files-2.28.so
7f0139514000-7f013951b000 r-xp 00003000 fe:00 4071892                    /usr/lib/libnss_files-2.28.so
7f013951b000-7f013951e000 r--p 0000a000 fe:00 4071892                    /usr/lib/libnss_files-2.28.so
7f013951e000-7f013951f000 r--p 0000c000 fe:00 4071892                    /usr/lib/libnss_files-2.28.so
7f013951f000-7f0139520000 rw-p 0000d000 fe:00 4071892                    /usr/lib/libnss_files-2.28.so
7f0139520000-7f0139526000 rw-p 00000000 00:00 0 
7f0139528000-7f013952a000 r--s 00006000 fe:00 4072524                    /usr/share/scala/lib/scala-repl-jline.jar
7f013952a000-7f013952f000 r--s 00041000 fe:00 4071912                    /usr/share/scala/lib/scala-repl-jline-embedded.jar
7f013952f000-7f0139535000 r--s 00077000 fe:00 4072603                    /usr/share/scala/lib/scalap.jar
7f0139535000-7f0139540000 r--s 001d6000 fe:00 4069275                    /usr/share/scala/lib/scala-compiler-doc.jar
7f0139540000-7f0139544000 r--s 0003e000 fe:00 4069189                    /usr/share/scala/lib/jline.jar
7f0139544000-7f013956c000 rw-p 00000000 00:00 0 
7f013956c000-7f013956f000 r--p 00000000 fe:00 4983099                    /usr/lib/jvm/java-8-openjdk/jre/lib/amd64/libzip.so
7f013956f000-7f0139573000 r-xp 00003000 fe:00 4983099                    /usr/lib/jvm/java-8-openjdk/jre/lib/amd64/libzip.so
7f0139573000-7f0139575000 r--p 00007000 fe:00 4983099                    /usr/lib/jvm/java-8-openjdk/jre/lib/amd64/libzip.so
7f0139575000-7f0139576000 r--p 00008000 fe:00 4983099                    /usr/lib/jvm/java-8-openjdk/jre/lib/amd64/libzip.so
7f0139576000-7f0139577000 rw-p 00009000 fe:00 4983099                    /usr/lib/jvm/java-8-openjdk/jre/lib/amd64/libzip.so
7f0139577000-7f0139579000 r--p 00000000 fe:00 4078347                    /usr/lib/librt-2.28.so
7f0139579000-7f013957d000 r-xp 00002000 fe:00 4078347                    /usr/lib/librt-2.28.so
7f013957d000-7f013957f000 r--p 00006000 fe:00 4078347                    /usr/lib/librt-2.28.so
7f013957f000-7f0139580000 r--p 00007000 fe:00 4078347                    /usr/lib/librt-2.28.so
7f0139580000-7f0139581000 rw-p 00008000 fe:00 4078347                    /usr/lib/librt-2.28.so
7f0139581000-7f0139582000 ---p 00000000 00:00 0 
7f0139582000-7f0139585000 ---p 00000000 00:00 0 
7f0139585000-7f0139682000 rw-p 00000000 00:00 0 
7f0139682000-7f013968f000 r--p 00000000 fe:00 4071870                    /usr/lib/libm-2.28.so
7f013968f000-7f0139730000 r-xp 0000d000 fe:00 4071870                    /usr/lib/libm-2.28.so
7f0139730000-7f0139805000 r--p 000ae000 fe:00 4071870                    /usr/lib/libm-2.28.so
7f0139805000-7f0139806000 r--p 00182000 fe:00 4071870                    /usr/lib/libm-2.28.so
7f0139806000-7f0139807000 rw-p 00183000 fe:00 4071870                    /usr/lib/libm-2.28.so
7f0139807000-7f01399f8000 r--p 00000000 fe:00 4983102                    /usr/lib/jvm/java-8-openjdk/jre/lib/amd64/server/libjvm.so
7f01399f8000-7f013a26b000 r-xp 001f1000 fe:00 4983102                    /usr/lib/jvm/java-8-openjdk/jre/lib/amd64/server/libjvm.so
7f013a26b000-7f013a40b000 r--p 00a64000 fe:00 4983102                    /usr/lib/jvm/java-8-openjdk/jre/lib/amd64/server/libjvm.so
7f013a40b000-7f013a40c000 ---p 00c04000 fe:00 4983102                    /usr/lib/jvm/java-8-openjdk/jre/lib/amd64/server/libjvm.so
7f013a40c000-7f013a4a1000 r--p 00c04000 fe:00 4983102                    /usr/lib/jvm/java-8-openjdk/jre/lib/amd64/server/libjvm.so
7f013a4a1000-7f013a4c9000 rw-p 00c99000 fe:00 4983102                    /usr/lib/jvm/java-8-openjdk/jre/lib/amd64/server/libjvm.so
7f013a4c9000-7f013a4fb000 rw-p 00000000 00:00 0 
7f013a4fb000-7f013a501000 r--p 00000000 fe:00 4071899                    /usr/lib/libpthread-2.28.so
7f013a501000-7f013a510000 r-xp 00006000 fe:00 4071899                    /usr/lib/libpthread-2.28.so
7f013a510000-7f013a516000 r--p 00015000 fe:00 4071899                    /usr/lib/libpthread-2.28.so
7f013a516000-7f013a517000 r--p 0001a000 fe:00 4071899                    /usr/lib/libpthread-2.28.so
7f013a517000-7f013a518000 rw-p 0001b000 fe:00 4071899                    /usr/lib/libpthread-2.28.so
7f013a518000-7f013a51c000 rw-p 00000000 00:00 0 
7f013a51c000-7f013a51d000 r--p 00000000 fe:00 4071864                    /usr/lib/libdl-2.28.so
7f013a51d000-7f013a51e000 r-xp 00001000 fe:00 4071864                    /usr/lib/libdl-2.28.so
7f013a51e000-7f013a51f000 r--p 00002000 fe:00 4071864                    /usr/lib/libdl-2.28.so
7f013a51f000-7f013a520000 r--p 00002000 fe:00 4071864                    /usr/lib/libdl-2.28.so
7f013a520000-7f013a521000 rw-p 00003000 fe:00 4071864                    /usr/lib/libdl-2.28.so
7f013a521000-7f013a537000 r-xp 00000000 fe:00 4069349                    /usr/lib/libz.so.1.2.11
7f013a537000-7f013a736000 ---p 00016000 fe:00 4069349                    /usr/lib/libz.so.1.2.11
7f013a736000-7f013a737000 r--p 00015000 fe:00 4069349                    /usr/lib/libz.so.1.2.11
7f013a737000-7f013a738000 rw-p 00016000 fe:00 4069349                    /usr/lib/libz.so.1.2.11
7f013a738000-7f013a75a000 r--p 00000000 fe:00 4071855                    /usr/lib/libc-2.28.so
7f013a75a000-7f013a8a5000 r-xp 00022000 fe:00 4071855                    /usr/lib/libc-2.28.so
7f013a8a5000-7f013a8f1000 r--p 0016d000 fe:00 4071855                    /usr/lib/libc-2.28.so
7f013a8f1000-7f013a8f2000 ---p 001b9000 fe:00 4071855                    /usr/lib/libc-2.28.so
7f013a8f2000-7f013a8f6000 r--p 001b9000 fe:00 4071855                    /usr/lib/libc-2.28.so
7f013a8f6000-7f013a8f8000 rw-p 001bd000 fe:00 4071855                    /usr/lib/libc-2.28.so
7f013a8f8000-7f013a8fc000 rw-p 00000000 00:00 0 
7f013a8fd000-7f013a902000 rw-p 00000000 00:00 0 
7f013a902000-7f013a90a000 rw-s 00000000 00:2c 45                         /tmp/hsperfdata_joseph/29227
7f013a90a000-7f013a90b000 rw-p 00000000 00:00 0 
7f013a90b000-7f013a90c000 r--p 00000000 00:00 0 
7f013a90c000-7f013a919000 r--p 00000000 fe:00 4983038                    /usr/lib/jvm/java-8-openjdk/jre/lib/amd64/libjava.so
7f013a919000-7f013a931000 r-xp 0000d000 fe:00 4983038                    /usr/lib/jvm/java-8-openjdk/jre/lib/amd64/libjava.so
7f013a931000-7f013a938000 r--p 00025000 fe:00 4983038                    /usr/lib/jvm/java-8-openjdk/jre/lib/amd64/libjava.so
7f013a938000-7f013a939000 ---p 0002c000 fe:00 4983038                    /usr/lib/jvm/java-8-openjdk/jre/lib/amd64/libjava.so
7f013a939000-7f013a93a000 r--p 0002c000 fe:00 4983038                    /usr/lib/jvm/java-8-openjdk/jre/lib/amd64/libjava.so
7f013a93a000-7f013a93b000 rw-p 0002d000 fe:00 4983038                    /usr/lib/jvm/java-8-openjdk/jre/lib/amd64/libjava.so
7f013a93b000-7f013a93c000 rw-p 00000000 00:00 0 
7f013a93c000-7f013a941000 r--p 00000000 fe:00 4983098                    /usr/lib/jvm/java-8-openjdk/jre/lib/amd64/libverify.so
7f013a941000-7f013a948000 r-xp 00005000 fe:00 4983098                    /usr/lib/jvm/java-8-openjdk/jre/lib/amd64/libverify.so
7f013a948000-7f013a94a000 r--p 0000c000 fe:00 4983098                    /usr/lib/jvm/java-8-openjdk/jre/lib/amd64/libverify.so
7f013a94a000-7f013a94c000 r--p 0000d000 fe:00 4983098                    /usr/lib/jvm/java-8-openjdk/jre/lib/amd64/libverify.so
7f013a94c000-7f013a94d000 rw-p 0000f000 fe:00 4983098                    /usr/lib/jvm/java-8-openjdk/jre/lib/amd64/libverify.so
7f013a94d000-7f013a94f000 r--p 00000000 fe:00 4982149                    /usr/lib/jvm/java-8-openjdk/jre/lib/amd64/jli/libjli.so
7f013a94f000-7f013a958000 r-xp 00002000 fe:00 4982149                    /usr/lib/jvm/java-8-openjdk/jre/lib/amd64/jli/libjli.so
7f013a958000-7f013a95b000 r--p 0000b000 fe:00 4982149                    /usr/lib/jvm/java-8-openjdk/jre/lib/amd64/jli/libjli.so
7f013a95b000-7f013a95c000 r--p 0000d000 fe:00 4982149                    /usr/lib/jvm/java-8-openjdk/jre/lib/amd64/jli/libjli.so
7f013a95c000-7f013a95d000 rw-p 0000e000 fe:00 4982149                    /usr/lib/jvm/java-8-openjdk/jre/lib/amd64/jli/libjli.so
7f013a95d000-7f013a95f000 rw-p 00000000 00:00 0 
7f013a95f000-7f013a961000 r--p 00000000 fe:00 4071843                    /usr/lib/ld-2.28.so
7f013a961000-7f013a980000 r-xp 00002000 fe:00 4071843                    /usr/lib/ld-2.28.so
7f013a980000-7f013a988000 r--p 00021000 fe:00 4071843                    /usr/lib/ld-2.28.so
7f013a988000-7f013a989000 r--p 00028000 fe:00 4071843                    /usr/lib/ld-2.28.so
7f013a989000-7f013a98a000 rw-p 00029000 fe:00 4071843                    /usr/lib/ld-2.28.so
7f013a98a000-7f013a98b000 rw-p 00000000 00:00 0 
7fff12b9d000-7fff12bbe000 rw-p 00000000 00:00 0                          [stack]
7fff12be8000-7fff12beb000 r--p 00000000 00:00 0                          [vvar]
7fff12beb000-7fff12bed000 r-xp 00000000 00:00 0                          [vdso]
ffffffffff600000-ffffffffff601000 r-xp 00000000 00:00 0                  [vsyscall]

VM Arguments:
jvm_args: -Xmx256M -Xms32M -Xbootclasspath/a:/usr/share/scala/lib/jline.jar:/usr/share/scala/lib/scala-compiler-doc.jar:/usr/share/scala/lib/scala-compiler.jar:/usr/share/scala/lib/scala-library.jar:/usr/share/scala/lib/scalap.jar:/usr/share/scala/lib/scala-reflect.jar:/usr/share/scala/lib/scala-repl-jline-embedded.jar:/usr/share/scala/lib/scala-repl-jline.jar:/usr/share/scala/lib/scala-swing_2.12-2.0.3.jar:/usr/share/scala/lib/scala-xml_2.12-1.0.6.jar -Dscala.boot.class.path=/usr/share/scala/lib/jline.jar:/usr/share/scala/lib/scala-compiler-doc.jar:/usr/share/scala/lib/scala-compiler.jar:/usr/share/scala/lib/scala-library.jar:/usr/share/scala/lib/scalap.jar:/usr/share/scala/lib/scala-reflect.jar:/usr/share/scala/lib/scala-repl-jline-embedded.jar:/usr/share/scala/lib/scala-repl-jline.jar:/usr/share/scala/lib/scala-swing_2.12-2.0.3.jar:/usr/share/scala/lib/scala-xml_2.12-1.0.6.jar -Dscala.home=/usr/share/scala -Dscala.usejavacp=true 
java_command: scala.tools.nsc.MainGenericRunner Main
java_class_path (initial): ""
Launcher Type: SUN_STANDARD

Environment Variables:
PATH=/opt/java/jdk-11.0.2/bin:/usr/local/sbin:/usr/local/bin:/usr/bin:/opt/android-sdk/platform-tools:/opt/android-sdk/tools:/opt/android-sdk/tools/bin:/var/lib/flatpak/exports/bin:/usr/lib/jvm/default/bin:/usr/bin/site_perl:/usr/bin/vendor_perl:/usr/bin/core_perl
SHELL=/usr/bin/fish
DISPLAY=:0

Signal Handlers:
SIGSEGV: [libjvm.so+0xa32bd0], sa_mask[0]=11111111011111111101111111111110, sa_flags=SA_RESTART|SA_SIGINFO
SIGBUS: [libjvm.so+0xa32bd0], sa_mask[0]=11111111011111111101111111111110, sa_flags=SA_RESTART|SA_SIGINFO
SIGFPE: [libjvm.so+0x88ebd0], sa_mask[0]=11111111011111111101111111111110, sa_flags=SA_RESTART|SA_SIGINFO
SIGPIPE: [libjvm.so+0x88ebd0], sa_mask[0]=11111111011111111101111111111110, sa_flags=SA_RESTART|SA_SIGINFO
SIGXFSZ: [libjvm.so+0x88ebd0], sa_mask[0]=11111111011111111101111111111110, sa_flags=SA_RESTART|SA_SIGINFO
SIGILL: [libjvm.so+0x88ebd0], sa_mask[0]=11111111011111111101111111111110, sa_flags=SA_RESTART|SA_SIGINFO
SIGUSR1: SIG_DFL, sa_mask[0]=00000000000000000000000000000000, sa_flags=none
SIGUSR2: [libjvm.so+0x88ea60], sa_mask[0]=00100000000000000000000000000000, sa_flags=SA_RESTART|SA_SIGINFO
SIGHUP: [libjvm.so+0x88ee70], sa_mask[0]=11111111011111111101111111111110, sa_flags=SA_RESTART|SA_SIGINFO
SIGINT: [libjvm.so+0x88ee70], sa_mask[0]=11111111011111111101111111111110, sa_flags=SA_RESTART|SA_SIGINFO
SIGTERM: [libjvm.so+0x88ee70], sa_mask[0]=11111111011111111101111111111110, sa_flags=SA_RESTART|SA_SIGINFO
SIGQUIT: [libjvm.so+0x88ee70], sa_mask[0]=11111111011111111101111111111110, sa_flags=SA_RESTART|SA_SIGINFO


---------------  S Y S T E M  ---------------

OS:DISTRIB_ID=ManjaroLinux
DISTRIB_RELEASE=18.0.4
DISTRIB_CODENAME=Illyria
DISTRIB_DESCRIPTION="Manjaro Linux"

uname:Linux 4.14.109-1-MANJARO #1 SMP PREEMPT Wed Mar 27 18:51:38 UTC 2019 x86_64
libc:glibc 2.28 NPTL 2.28 
rlimit: STACK 8192k, CORE infinity, NPROC 30719, NOFILE 1048576, AS infinity
load average:1.84 1.66 1.33

/proc/meminfo:
MemTotal:        8109572 kB
MemFree:          119736 kB
MemAvailable:     200736 kB
Buffers:           11964 kB
Cached:           466380 kB
SwapCached:       174520 kB
Active:          6299240 kB
Inactive:        1131492 kB
Active(anon):    6223416 kB
Inactive(anon):   939852 kB
Active(file):      75824 kB
Inactive(file):   191640 kB
Unevictable:          48 kB
Mlocked:              48 kB
SwapTotal:       8290300 kB
SwapFree:        6271740 kB
Dirty:              4300 kB
Writeback:           104 kB
AnonPages:       6945376 kB
Mapped:           498228 kB
Shmem:            210756 kB
Slab:             172416 kB
SReclaimable:      65468 kB
SUnreclaim:       106948 kB
KernelStack:       16576 kB
PageTables:        54844 kB
NFS_Unstable:          0 kB
Bounce:                0 kB
WritebackTmp:          0 kB
CommitLimit:    12345084 kB
Committed_AS:   14316860 kB
VmallocTotal:   34359738367 kB
VmallocUsed:           0 kB
VmallocChunk:          0 kB
HardwareCorrupted:     0 kB
AnonHugePages:   2412544 kB
ShmemHugePages:        0 kB
ShmemPmdMapped:        0 kB
HugePages_Total:       0
HugePages_Free:        0
HugePages_Rsvd:        0
HugePages_Surp:        0
Hugepagesize:       2048 kB
DirectMap4k:      648100 kB
DirectMap2M:     7677952 kB
DirectMap1G:     1048576 kB

container (cgroup) information:
container_type: cgroupv1
cpu_cpuset_cpus: 0-3
cpu_memory_nodes: 0
active_processor_count: 4
cpu_quota: -1
cpu_period: 100000
cpu_shares: -1
memory_limit_in_bytes: -1
memory_and_swap_limit_in_bytes: -1
memory_soft_limit_in_bytes: -1
memory_usage_in_bytes: 7619772416
memory_max_usage_in_bytes: 7636320256


CPU:total 4 (initial active 4) (2 cores per cpu, 2 threads per core) family 6 model 60 stepping 3, cmov, cx8, fxsr, mmx, sse, sse2, sse3, ssse3, sse4.1, sse4.2, popcnt, avx, avx2, aes, clmul, erms, lzcnt, ht, tsc, tscinvbit, bmi1, bmi2

/proc/cpuinfo:
processor	: 0
vendor_id	: GenuineIntel
cpu family	: 6
model		: 60
model name	: Intel(R) Core(TM) i3-4130 CPU @ 3.40GHz
stepping	: 3
microcode	: 0x25
cpu MHz		: 2352.161
cache size	: 3072 KB
physical id	: 0
siblings	: 4
core id		: 0
cpu cores	: 2
apicid		: 0
initial apicid	: 0
fpu		: yes
fpu_exception	: yes
cpuid level	: 13
wp		: yes
flags		: fpu vme de pse tsc msr pae mce cx8 apic sep mtrr pge mca cmov pat pse36 clflush dts acpi mmx fxsr sse sse2 ss ht tm pbe syscall nx pdpe1gb rdtscp lm constant_tsc arch_perfmon pebs bts rep_good nopl xtopology nonstop_tsc cpuid aperfmperf pni pclmulqdq dtes64 monitor ds_cpl vmx est tm2 ssse3 sdbg fma cx16 xtpr pdcm pcid sse4_1 sse4_2 movbe popcnt tsc_deadline_timer aes xsave avx f16c rdrand lahf_lm abm cpuid_fault epb invpcid_single pti ssbd ibrs ibpb stibp tpr_shadow vnmi flexpriority ept vpid fsgsbase tsc_adjust bmi1 avx2 smep bmi2 erms invpcid xsaveopt dtherm arat pln pts flush_l1d
bugs		: cpu_meltdown spectre_v1 spectre_v2 spec_store_bypass l1tf
bogomips	: 6787.40
clflush size	: 64
cache_alignment	: 64
address sizes	: 39 bits physical, 48 bits virtual
power management:

processor	: 1
vendor_id	: GenuineIntel
cpu family	: 6
model		: 60
model name	: Intel(R) Core(TM) i3-4130 CPU @ 3.40GHz
stepping	: 3
microcode	: 0x25
cpu MHz		: 2365.267
cache size	: 3072 KB
physical id	: 0
siblings	: 4
core id		: 1
cpu cores	: 2
apicid		: 2
initial apicid	: 2
fpu		: yes
fpu_exception	: yes
cpuid level	: 13
wp		: yes
flags		: fpu vme de pse tsc msr pae mce cx8 apic sep mtrr pge mca cmov pat pse36 clflush dts acpi mmx fxsr sse sse2 ss ht tm pbe syscall nx pdpe1gb rdtscp lm constant_tsc arch_perfmon pebs bts rep_good nopl xtopology nonstop_tsc cpuid aperfmperf pni pclmulqdq dtes64 monitor ds_cpl vmx est tm2 ssse3 sdbg fma cx16 xtpr pdcm pcid sse4_1 sse4_2 movbe popcnt tsc_deadline_timer aes xsave avx f16c rdrand lahf_lm abm cpuid_fault epb invpcid_single pti ssbd ibrs ibpb stibp tpr_shadow vnmi flexpriority ept vpid fsgsbase tsc_adjust bmi1 avx2 smep bmi2 erms invpcid xsaveopt dtherm arat pln pts flush_l1d
bugs		: cpu_meltdown spectre_v1 spectre_v2 spec_store_bypass l1tf
bogomips	: 6787.40
clflush size	: 64
cache_alignment	: 64
address sizes	: 39 bits physical, 48 bits virtual
power management:

processor	: 2
vendor_id	: GenuineIntel
cpu family	: 6
model		: 60
model name	: Intel(R) Core(TM) i3-4130 CPU @ 3.40GHz
stepping	: 3
microcode	: 0x25
cpu MHz		: 2383.770
cache size	: 3072 KB
physical id	: 0
siblings	: 4
core id		: 0
cpu cores	: 2
apicid		: 1
initial apicid	: 1
fpu		: yes
fpu_exception	: yes
cpuid level	: 13
wp		: yes
flags		: fpu vme de pse tsc msr pae mce cx8 apic sep mtrr pge mca cmov pat pse36 clflush dts acpi mmx fxsr sse sse2 ss ht tm pbe syscall nx pdpe1gb rdtscp lm constant_tsc arch_perfmon pebs bts rep_good nopl xtopology nonstop_tsc cpuid aperfmperf pni pclmulqdq dtes64 monitor ds_cpl vmx est tm2 ssse3 sdbg fma cx16 xtpr pdcm pcid sse4_1 sse4_2 movbe popcnt tsc_deadline_timer aes xsave avx f16c rdrand lahf_lm abm cpuid_fault epb invpcid_single pti ssbd ibrs ibpb stibp tpr_shadow vnmi flexpriority ept vpid fsgsbase tsc_adjust bmi1 avx2 smep bmi2 erms invpcid xsaveopt dtherm arat pln pts flush_l1d
bugs		: cpu_meltdown spectre_v1 spectre_v2 spec_store_bypass l1tf
bogomips	: 6787.40
clflush size	: 64
cache_alignment	: 64
address sizes	: 39 bits physical, 48 bits virtual
power management:

processor	: 3
vendor_id	: GenuineIntel
cpu family	: 6
model		: 60
model name	: Intel(R) Core(TM) i3-4130 CPU @ 3.40GHz
stepping	: 3
microcode	: 0x25
cpu MHz		: 2341.744
cache size	: 3072 KB
physical id	: 0
siblings	: 4
core id		: 1
cpu cores	: 2
apicid		: 3
initial apicid	: 3
fpu		: yes
fpu_exception	: yes
cpuid level	: 13
wp		: yes
flags		: fpu vme de pse tsc msr pae mce cx8 apic sep mtrr pge mca cmov pat pse36 clflush dts acpi mmx fxsr sse sse2 ss ht tm pbe syscall nx pdpe1gb rdtscp lm constant_tsc arch_perfmon pebs bts rep_good nopl xtopology nonstop_tsc cpuid aperfmperf pni pclmulqdq dtes64 monitor ds_cpl vmx est tm2 ssse3 sdbg fma cx16 xtpr pdcm pcid sse4_1 sse4_2 movbe popcnt tsc_deadline_timer aes xsave avx f16c rdrand lahf_lm abm cpuid_fault epb invpcid_single pti ssbd ibrs ibpb stibp tpr_shadow vnmi flexpriority ept vpid fsgsbase tsc_adjust bmi1 avx2 smep bmi2 erms invpcid xsaveopt dtherm arat pln pts flush_l1d
bugs		: cpu_meltdown spectre_v1 spectre_v2 spec_store_bypass l1tf
bogomips	: 6787.40
clflush size	: 64
cache_alignment	: 64
address sizes	: 39 bits physical, 48 bits virtual
power management:



Memory: 4k page, physical 8109572k(127492k free), swap 8290300k(6271740k free)

vm_info: OpenJDK 64-Bit Server VM (25.212-b01) for linux-amd64 JRE (1.8.0_212-b01), built on Mar 21 2019 23:20:35 by "builduser" with gcc 8.2.1 20181127

time: Mon Apr  8 21:52:51 2019
timezone: BST
elapsed time: 1 seconds (0d 0h 0m 1s)

